10.7049 	WARNING 	User requested fullscreen with size [1366  768], but screen is actually [1920, 1080]. Using actual size
15.4886 	DATA 	Mouse: wheel shift=(0,-11), pos=(0,0)
15.8420 	EXP 	Created window1 = Window(allowGUI=False, allowStencil=False, args=UNKNOWN, autoLog=True, bitsMode=UNKNOWN, blendMode='avg', color=array([-1., -1., -1.]), colorSpace='rgb', fullscr=UNKNOWN, gamma=None, kwargs=UNKNOWN, lms=UNKNOWN, monitor=<psychopy.monitors.calibTools.Monitor object at 0x18EE2D90>, multiSample=False, name='window1', numSamples=2, pos=[0, 0], screen=0, size=array([1920, 1080]), stereo=False, units='norm', useFBO=True, useRetina=False, viewOri=0.0, viewPos=None, viewScale=None, waitBlanking=True, winType=u'pyglet')
15.8423 	EXP 	window1: recordFrameIntervals = False
16.0042 	EXP 	window1: recordFrameIntervals = True
16.1882 	EXP 	window1: recordFrameIntervals = False
17.9491 	EXP 	Created instr = TextStim(alignHoriz='center', alignVert='center', antialias=True, autoLog=True, bold=False, color=array([ 1.,  1.,  1.]), colorSpace='rgb', contrast=1.0, depth=0.0, flipHoriz=False, flipVert=False, font='Arial', fontFiles=[], height=28, italic=False, name='instr', opacity=1.0, ori=0, pos=array([ 0.,  0.]), rgb=array([ 1.,  1.,  1.]), text=newstr(...), units='pix', win=Window(...), wrapWidth=900)
18.1134 	EXP 	Created stimuli = TextStim(alignHoriz='center', alignVert='center', antialias=True, autoLog=True, bold=False, color=array([ 1.,  1.,  1.]), colorSpace='rgb', contrast=1.0, depth=0.0, flipHoriz=False, flipVert=False, font='Arial', fontFiles=[], height=0.2, italic=False, name='stimuli', opacity=1.0, ori=0, pos=array([ 0.,  0.]), rgb=array([ 1.,  1.,  1.]), text='default text', units='norm', win=Window(...), wrapWidth=1)
18.3165 	EXP 	Created hint = TextStim(alignHoriz='center', alignVert='center', antialias=True, autoLog=True, bold=False, color='white', colorSpace='named', contrast=1.0, depth=-2.0, flipHoriz=False, flipVert=False, font='Arial', fontFiles=[], height=0.07, italic=False, name='hint', opacity=1.0, ori=0, pos=array([ 0. ,  0.7]), rgb=array([ 255.,  255.,  255.]), text='left => red    down => green   right = blue', units='norm', win=Window(...), wrapWidth=1)
18.4311 	EXP 	Created msgFeedback = TextStim(alignHoriz='center', alignVert='center', antialias=True, autoLog=True, bold=False, color=array([ 1.,  1.,  1.]), colorSpace='rgb', contrast=1.0, depth=-1.0, flipHoriz=False, flipVert=False, font='Arial', fontFiles=[], height=0.1, italic=False, name='msgFeedback', opacity=1.0, ori=0, pos=array([ 0.,  0.]), rgb=array([ 1.,  1.,  1.]), text='default text', units='norm', win=Window(...), wrapWidth=1)
19.2994 	EXP 	Created text = TextStim(alignHoriz='center', alignVert='center', antialias=True, autoLog=True, bold=False, color='white', colorSpace='named', contrast=1.0, depth=0.0, flipHoriz=False, flipVert=False, font='Arial', fontFiles=[], height=28, italic=False, name='text', opacity=1.0, ori=0, pos=array([ 0.,  0.]), rgb=array([ 255.,  255.,  255.]), text=newstr(...), units='pix', win=Window(...), wrapWidth=900)
19.3626 	EXP 	Created stimuli = TextStim(alignHoriz='center', alignVert='center', antialias=True, autoLog=True, bold=False, color=array([ 1.,  1.,  1.]), colorSpace='rgb', contrast=1.0, depth=0.0, flipHoriz=False, flipVert=False, font='Arial', fontFiles=[], height=0.2, italic=False, name='stimuli', opacity=1.0, ori=0, pos=array([ 0.,  0.]), rgb=array([ 1.,  1.,  1.]), text='default text', units='norm', win=Window(...), wrapWidth=1)
19.5219 	EXP 	Created hint = TextStim(alignHoriz='center', alignVert='center', antialias=True, autoLog=True, bold=False, color='white', colorSpace='named', contrast=1.0, depth=-2.0, flipHoriz=False, flipVert=False, font='Arial', fontFiles=[], height=0.07, italic=False, name='hint', opacity=1.0, ori=0, pos=array([ 0. ,  0.7]), rgb=array([ 255.,  255.,  255.]), text='left => red    down => green   right = blue', units='norm', win=Window(...), wrapWidth=1)
19.8073 	EXP 	Created text_2 = TextStim(alignHoriz='center', alignVert='center', antialias=True, autoLog=True, bold=False, color='white', colorSpace='named', contrast=1.0, depth=0.0, flipHoriz=False, flipVert=False, font='Arial', fontFiles=[], height=28, italic=False, name='text_2', opacity=1.0, ori=0, pos=array([ 0.,  0.]), rgb=array([ 255.,  255.,  255.]), text=newstr(...), units='pix', win=Window(...), wrapWidth=900)
19.8179 	EXP 	instr: autoDraw = True
49.4986 	DATA 	Keypress: space
49.5997 	EXP 	Imported pract_conditions.xlsx as conditions, 12 conditions, 4 params
49.6008 	EXP 	Created sequence: random, trialTypes=12, nReps=2, seed=None
49.6020 	EXP 	New trial (rep=0, index=0): OrderedDict([('word', u'blue'), ('color', u'blue'), ('congruent', 1), ('corrAns', u'right')])
49.6488 	EXP 	instr: autoDraw = False
49.6488 	EXP 	stimuli: color = u'blue (named)'
49.6488 	EXP 	stimuli: text = u'blue'
49.6488 	EXP 	hint: autoDraw = True
50.1320 	EXP 	stimuli: autoDraw = True
51.8658 	DATA 	Keypress: right
51.9729 	EXP 	stimuli: autoDraw = False
51.9729 	EXP 	hint: autoDraw = False
51.9729 	EXP 	msgFeedback: text = 'Correct! RT=1.734'
51.9729 	EXP 	msgFeedback: autoDraw = True
53.3733 	EXP 	New trial (rep=0, index=1): OrderedDict([('word', u'red'), ('color', u'green'), ('congruent', 0), ('corrAns', u'down')])
53.4415 	EXP 	msgFeedback: autoDraw = False
53.4415 	EXP 	msgFeedback: autoDraw = False
53.4415 	EXP 	stimuli: color = u'green (named)'
53.4415 	EXP 	stimuli: text = u'red'
53.4415 	EXP 	hint: autoDraw = True
53.8991 	EXP 	stimuli: autoDraw = True
55.3666 	DATA 	Keypress: down
55.4562 	EXP 	stimuli: autoDraw = False
55.4562 	EXP 	hint: autoDraw = False
55.4562 	EXP 	msgFeedback: text = 'Correct! RT=1.468'
55.4562 	EXP 	msgFeedback: autoDraw = True
56.8701 	EXP 	New trial (rep=0, index=2): OrderedDict([('word', u'blue'), ('color', u'blue'), ('congruent', 1), ('corrAns', u'right')])
56.9297 	EXP 	msgFeedback: autoDraw = False
56.9297 	EXP 	msgFeedback: autoDraw = False
56.9297 	EXP 	stimuli: color = u'blue (named)'
56.9297 	EXP 	stimuli: text = u'blue'
56.9297 	EXP 	hint: autoDraw = True
57.4001 	EXP 	stimuli: autoDraw = True
58.0843 	DATA 	Keypress: right
58.1877 	EXP 	stimuli: autoDraw = False
58.1877 	EXP 	hint: autoDraw = False
58.1877 	EXP 	msgFeedback: text = 'Correct! RT=0.685'
58.1877 	EXP 	msgFeedback: autoDraw = True
59.5859 	EXP 	New trial (rep=0, index=3): OrderedDict([('word', u'green'), ('color', u'red'), ('congruent', 0), ('corrAns', u'left')])
59.6404 	EXP 	msgFeedback: autoDraw = False
59.6404 	EXP 	msgFeedback: autoDraw = False
59.6404 	EXP 	stimuli: color = u'red (named)'
59.6404 	EXP 	stimuli: text = u'green'
59.6404 	EXP 	hint: autoDraw = True
60.1189 	EXP 	stimuli: autoDraw = True
60.9688 	DATA 	Keypress: left
61.0656 	EXP 	stimuli: autoDraw = False
61.0656 	EXP 	hint: autoDraw = False
61.0656 	EXP 	msgFeedback: text = 'Correct! RT=0.850'
61.0656 	EXP 	msgFeedback: autoDraw = True
62.4699 	EXP 	New trial (rep=0, index=4): OrderedDict([('word', u'green'), ('color', u'blue'), ('congruent', 0), ('corrAns', u'right')])
62.4850 	EXP 	msgFeedback: autoDraw = False
62.4850 	EXP 	msgFeedback: autoDraw = False
62.4850 	EXP 	stimuli: color = u'blue (named)'
62.4850 	EXP 	stimuli: text = u'green'
62.4850 	EXP 	hint: autoDraw = True
63.0016 	EXP 	stimuli: autoDraw = True
63.9216 	DATA 	Keypress: right
64.0346 	EXP 	stimuli: autoDraw = False
64.0346 	EXP 	hint: autoDraw = False
64.0346 	EXP 	msgFeedback: text = 'Correct! RT=0.934'
64.0346 	EXP 	msgFeedback: autoDraw = True
65.4379 	EXP 	New trial (rep=0, index=5): OrderedDict([('word', u'blue'), ('color', u'red'), ('congruent', 0), ('corrAns', u'left')])
65.4809 	EXP 	msgFeedback: autoDraw = False
65.4809 	EXP 	msgFeedback: autoDraw = False
65.4809 	EXP 	stimuli: color = u'red (named)'
65.4809 	EXP 	stimuli: text = u'blue'
65.4809 	EXP 	hint: autoDraw = True
65.9692 	EXP 	stimuli: autoDraw = True
66.7222 	DATA 	Keypress: left
66.8226 	EXP 	stimuli: autoDraw = False
66.8226 	EXP 	hint: autoDraw = False
66.8226 	EXP 	msgFeedback: text = 'Correct! RT=0.767'
66.8226 	EXP 	msgFeedback: autoDraw = True
68.2395 	EXP 	New trial (rep=0, index=6): OrderedDict([('word', u'blue'), ('color', u'green'), ('congruent', 0), ('corrAns', u'down')])
68.2537 	EXP 	msgFeedback: autoDraw = False
68.2537 	EXP 	msgFeedback: autoDraw = False
68.2537 	EXP 	stimuli: color = u'green (named)'
68.2537 	EXP 	stimuli: text = u'blue'
68.2537 	EXP 	hint: autoDraw = True
68.7703 	EXP 	stimuli: autoDraw = True
69.5879 	DATA 	Keypress: down
69.6767 	EXP 	stimuli: autoDraw = False
69.6767 	EXP 	hint: autoDraw = False
69.6767 	EXP 	msgFeedback: text = 'Correct! RT=0.818'
69.6767 	EXP 	msgFeedback: autoDraw = True
71.0902 	EXP 	New trial (rep=0, index=7): OrderedDict([('word', u'red'), ('color', u'red'), ('congruent', 1), ('corrAns', u'left')])
71.1386 	EXP 	msgFeedback: autoDraw = False
71.1386 	EXP 	msgFeedback: autoDraw = False
71.1386 	EXP 	stimuli: color = u'red (named)'
71.1386 	EXP 	stimuli: text = u'red'
71.1386 	EXP 	hint: autoDraw = True
71.6267 	EXP 	stimuli: autoDraw = True
72.4427 	DATA 	Keypress: left
72.5532 	EXP 	stimuli: autoDraw = False
72.5532 	EXP 	hint: autoDraw = False
72.5532 	EXP 	msgFeedback: text = 'Correct! RT=0.829'
72.5532 	EXP 	msgFeedback: autoDraw = True
73.9644 	EXP 	New trial (rep=0, index=8): OrderedDict([('word', u'green'), ('color', u'green'), ('congruent', 1), ('corrAns', u'down')])
74.0528 	EXP 	msgFeedback: autoDraw = False
74.0528 	EXP 	msgFeedback: autoDraw = False
74.0528 	EXP 	stimuli: color = u'green (named)'
74.0528 	EXP 	stimuli: text = u'green'
74.0528 	EXP 	hint: autoDraw = True
74.4887 	EXP 	stimuli: autoDraw = True
75.2062 	DATA 	Keypress: down
75.2920 	EXP 	stimuli: autoDraw = False
75.2920 	EXP 	hint: autoDraw = False
75.2920 	EXP 	msgFeedback: text = 'Correct! RT=0.718'
75.2920 	EXP 	msgFeedback: autoDraw = True
76.7077 	EXP 	New trial (rep=0, index=9): OrderedDict([('word', u'red'), ('color', u'green'), ('congruent', 0), ('corrAns', u'down')])
76.7467 	EXP 	msgFeedback: autoDraw = False
76.7467 	EXP 	msgFeedback: autoDraw = False
76.7467 	EXP 	stimuli: color = u'green (named)'
76.7467 	EXP 	stimuli: text = u'red'
76.7467 	EXP 	hint: autoDraw = True
77.2397 	EXP 	stimuli: autoDraw = True
78.2906 	DATA 	Keypress: down
78.3873 	EXP 	stimuli: autoDraw = False
78.3873 	EXP 	hint: autoDraw = False
78.3873 	EXP 	msgFeedback: text = 'Correct! RT=1.051'
78.3873 	EXP 	msgFeedback: autoDraw = True
79.7921 	EXP 	New trial (rep=0, index=10): OrderedDict([('word', u'red'), ('color', u'red'), ('congruent', 1), ('corrAns', u'left')])
79.8071 	EXP 	msgFeedback: autoDraw = False
79.8071 	EXP 	msgFeedback: autoDraw = False
79.8071 	EXP 	stimuli: color = u'red (named)'
79.8071 	EXP 	stimuli: text = u'red'
79.8071 	EXP 	hint: autoDraw = True
80.3239 	EXP 	stimuli: autoDraw = True
81.5082 	DATA 	Keypress: left
81.5997 	EXP 	stimuli: autoDraw = False
81.5997 	EXP 	hint: autoDraw = False
81.5997 	EXP 	msgFeedback: text = 'Correct! RT=1.185'
81.5997 	EXP 	msgFeedback: autoDraw = True
83.0095 	EXP 	New trial (rep=0, index=11): OrderedDict([('word', u'green'), ('color', u'green'), ('congruent', 1), ('corrAns', u'down')])
83.0604 	EXP 	msgFeedback: autoDraw = False
83.0604 	EXP 	msgFeedback: autoDraw = False
83.0604 	EXP 	stimuli: color = u'green (named)'
83.0604 	EXP 	stimuli: text = u'green'
83.0604 	EXP 	hint: autoDraw = True
83.5414 	EXP 	stimuli: autoDraw = True
84.2426 	DATA 	Keypress: down
84.3398 	EXP 	stimuli: autoDraw = False
84.3398 	EXP 	hint: autoDraw = False
84.3398 	EXP 	msgFeedback: text = 'Correct! RT=0.702'
84.3398 	EXP 	msgFeedback: autoDraw = True
85.7498 	EXP 	New trial (rep=1, index=0): OrderedDict([('word', u'green'), ('color', u'green'), ('congruent', 1), ('corrAns', u'down')])
85.7655 	EXP 	msgFeedback: autoDraw = False
85.7655 	EXP 	msgFeedback: autoDraw = False
85.7655 	EXP 	stimuli: color = u'green (named)'
85.7655 	EXP 	stimuli: text = u'green'
85.7655 	EXP 	hint: autoDraw = True
86.2757 	EXP 	stimuli: autoDraw = True
86.9768 	DATA 	Keypress: down
87.0739 	EXP 	stimuli: autoDraw = False
87.0739 	EXP 	hint: autoDraw = False
87.0739 	EXP 	msgFeedback: text = 'Correct! RT=0.701'
87.0739 	EXP 	msgFeedback: autoDraw = True
88.4778 	EXP 	New trial (rep=1, index=1): OrderedDict([('word', u'blue'), ('color', u'blue'), ('congruent', 1), ('corrAns', u'right')])
88.5207 	EXP 	msgFeedback: autoDraw = False
88.5207 	EXP 	msgFeedback: autoDraw = False
88.5207 	EXP 	stimuli: color = u'blue (named)'
88.5207 	EXP 	stimuli: text = u'blue'
88.5207 	EXP 	hint: autoDraw = True
89.0098 	EXP 	stimuli: autoDraw = True
89.5939 	DATA 	Keypress: right
89.6908 	EXP 	stimuli: autoDraw = False
89.6908 	EXP 	hint: autoDraw = False
89.6908 	EXP 	msgFeedback: text = 'Correct! RT=0.584'
89.6908 	EXP 	msgFeedback: autoDraw = True
91.0955 	EXP 	New trial (rep=1, index=2): OrderedDict([('word', u'green'), ('color', u'green'), ('congruent', 1), ('corrAns', u'down')])
91.1468 	EXP 	msgFeedback: autoDraw = False
91.1468 	EXP 	msgFeedback: autoDraw = False
91.1468 	EXP 	stimuli: color = u'green (named)'
91.1468 	EXP 	stimuli: text = u'green'
91.1468 	EXP 	hint: autoDraw = True
91.6270 	EXP 	stimuli: autoDraw = True
92.2283 	DATA 	Keypress: down
92.3295 	EXP 	stimuli: autoDraw = False
92.3295 	EXP 	hint: autoDraw = False
92.3295 	EXP 	msgFeedback: text = 'Correct! RT=0.602'
92.3295 	EXP 	msgFeedback: autoDraw = True
93.7297 	EXP 	New trial (rep=1, index=3): OrderedDict([('word', u'green'), ('color', u'blue'), ('congruent', 0), ('corrAns', u'right')])
93.7447 	EXP 	msgFeedback: autoDraw = False
93.7447 	EXP 	msgFeedback: autoDraw = False
93.7447 	EXP 	stimuli: color = u'blue (named)'
93.7447 	EXP 	stimuli: text = u'green'
93.7447 	EXP 	hint: autoDraw = True
94.2616 	EXP 	stimuli: autoDraw = True
95.1624 	DATA 	Keypress: right
95.2593 	EXP 	stimuli: autoDraw = False
95.2593 	EXP 	hint: autoDraw = False
95.2593 	EXP 	msgFeedback: text = 'Correct! RT=0.901'
95.2593 	EXP 	msgFeedback: autoDraw = True
96.6639 	EXP 	New trial (rep=1, index=4): OrderedDict([('word', u'red'), ('color', u'red'), ('congruent', 1), ('corrAns', u'left')])
96.7037 	EXP 	msgFeedback: autoDraw = False
96.7037 	EXP 	msgFeedback: autoDraw = False
96.7037 	EXP 	stimuli: color = u'red (named)'
96.7037 	EXP 	stimuli: text = u'red'
96.7037 	EXP 	hint: autoDraw = True
97.1956 	EXP 	stimuli: autoDraw = True
97.7323 	DATA 	Keypress: left
97.8523 	EXP 	stimuli: autoDraw = False
97.8523 	EXP 	hint: autoDraw = False
97.8523 	EXP 	msgFeedback: text = 'Correct! RT=0.537'
97.8523 	EXP 	msgFeedback: autoDraw = True
99.2324 	EXP 	New trial (rep=1, index=5): OrderedDict([('word', u'red'), ('color', u'green'), ('congruent', 0), ('corrAns', u'down')])
99.2468 	EXP 	msgFeedback: autoDraw = False
99.2468 	EXP 	msgFeedback: autoDraw = False
99.2468 	EXP 	stimuli: color = u'green (named)'
99.2468 	EXP 	stimuli: text = u'red'
99.2468 	EXP 	hint: autoDraw = True
99.7632 	EXP 	stimuli: autoDraw = True
100.5641 	DATA 	Keypress: down
100.6533 	EXP 	stimuli: autoDraw = False
100.6533 	EXP 	hint: autoDraw = False
100.6533 	EXP 	msgFeedback: text = 'Correct! RT=0.801'
100.6533 	EXP 	msgFeedback: autoDraw = True
102.0653 	EXP 	New trial (rep=1, index=6): OrderedDict([('word', u'blue'), ('color', u'red'), ('congruent', 0), ('corrAns', u'left')])
102.1080 	EXP 	msgFeedback: autoDraw = False
102.1080 	EXP 	msgFeedback: autoDraw = False
102.1080 	EXP 	stimuli: color = u'red (named)'
102.1080 	EXP 	stimuli: text = u'blue'
102.1080 	EXP 	hint: autoDraw = True
102.5981 	EXP 	stimuli: autoDraw = True
103.2816 	DATA 	Keypress: left
103.3752 	EXP 	stimuli: autoDraw = False
103.3752 	EXP 	hint: autoDraw = False
103.3752 	EXP 	msgFeedback: text = 'Correct! RT=0.684'
103.3752 	EXP 	msgFeedback: autoDraw = True
104.7841 	EXP 	New trial (rep=1, index=7): OrderedDict([('word', u'red'), ('color', u'red'), ('congruent', 1), ('corrAns', u'left')])
104.8339 	EXP 	msgFeedback: autoDraw = False
104.8339 	EXP 	msgFeedback: autoDraw = False
104.8339 	EXP 	stimuli: color = u'red (named)'
104.8339 	EXP 	stimuli: text = u'red'
104.8339 	EXP 	hint: autoDraw = True
105.3164 	EXP 	stimuli: autoDraw = True
105.9492 	DATA 	Keypress: left
106.0385 	EXP 	stimuli: autoDraw = False
106.0385 	EXP 	hint: autoDraw = False
106.0385 	EXP 	msgFeedback: text = 'Correct! RT=0.633'
106.0385 	EXP 	msgFeedback: autoDraw = True
107.4568 	EXP 	New trial (rep=1, index=8): OrderedDict([('word', u'blue'), ('color', u'green'), ('congruent', 0), ('corrAns', u'down')])
107.5312 	EXP 	msgFeedback: autoDraw = False
107.5312 	EXP 	msgFeedback: autoDraw = False
107.5312 	EXP 	stimuli: color = u'green (named)'
107.5312 	EXP 	stimuli: text = u'blue'
107.5312 	EXP 	hint: autoDraw = True
107.9824 	EXP 	stimuli: autoDraw = True
108.4833 	DATA 	Keypress: down
108.5824 	EXP 	stimuli: autoDraw = False
108.5824 	EXP 	hint: autoDraw = False
108.5824 	EXP 	msgFeedback: text = 'Correct! RT=0.501'
108.5824 	EXP 	msgFeedback: autoDraw = True
109.9847 	EXP 	New trial (rep=1, index=9): OrderedDict([('word', u'red'), ('color', u'green'), ('congruent', 0), ('corrAns', u'down')])
110.0623 	EXP 	msgFeedback: autoDraw = False
110.0623 	EXP 	msgFeedback: autoDraw = False
110.0623 	EXP 	stimuli: color = u'green (named)'
110.0623 	EXP 	stimuli: text = u'red'
110.0623 	EXP 	hint: autoDraw = True
110.5170 	EXP 	stimuli: autoDraw = True
111.1845 	DATA 	Keypress: down
111.2991 	EXP 	stimuli: autoDraw = False
111.2991 	EXP 	hint: autoDraw = False
111.2991 	EXP 	msgFeedback: text = 'Correct! RT=0.684'
111.2991 	EXP 	msgFeedback: autoDraw = True
112.7022 	EXP 	New trial (rep=1, index=10): OrderedDict([('word', u'green'), ('color', u'red'), ('congruent', 0), ('corrAns', u'left')])
112.7545 	EXP 	msgFeedback: autoDraw = False
112.7545 	EXP 	msgFeedback: autoDraw = False
112.7545 	EXP 	stimuli: color = u'red (named)'
112.7545 	EXP 	stimuli: text = u'green'
112.7545 	EXP 	hint: autoDraw = True
113.2341 	EXP 	stimuli: autoDraw = True
113.8181 	DATA 	Keypress: left
113.9150 	EXP 	stimuli: autoDraw = False
113.9150 	EXP 	hint: autoDraw = False
113.9150 	EXP 	msgFeedback: text = 'Correct! RT=0.584'
113.9150 	EXP 	msgFeedback: autoDraw = True
115.3195 	EXP 	New trial (rep=1, index=11): OrderedDict([('word', u'blue'), ('color', u'blue'), ('congruent', 1), ('corrAns', u'right')])
115.3619 	EXP 	msgFeedback: autoDraw = False
115.3619 	EXP 	msgFeedback: autoDraw = False
115.3619 	EXP 	stimuli: color = u'blue (named)'
115.3619 	EXP 	stimuli: text = u'blue'
115.3619 	EXP 	hint: autoDraw = True
115.8527 	EXP 	stimuli: autoDraw = True
116.4691 	DATA 	Keypress: right
116.5540 	EXP 	stimuli: autoDraw = False
116.5540 	EXP 	hint: autoDraw = False
116.5540 	EXP 	msgFeedback: text = 'Correct! RT=0.617'
116.5540 	EXP 	msgFeedback: autoDraw = True
118.1124 	EXP 	msgFeedback: autoDraw = False
118.1124 	EXP 	msgFeedback: autoDraw = False
118.1124 	EXP 	text: autoDraw = True
133.5578 	DATA 	Keypress: space
133.6542 	EXP 	Imported conditions.xlsx as conditions, 45 conditions, 4 params
133.6563 	EXP 	Created sequence: random, trialTypes=45, nReps=4, seed=None
133.6576 	EXP 	New trial (rep=0, index=0): OrderedDict([('word', u'red'), ('color', u'red'), ('congruent', 1), ('corrAns', u'left')])
133.6965 	EXP 	text: autoDraw = False
133.6965 	EXP 	stimuli: color = u'red (named)'
133.6965 	EXP 	stimuli: text = u'red'
133.6965 	EXP 	hint: autoDraw = True
134.1911 	EXP 	stimuli: autoDraw = True
134.7244 	DATA 	Keypress: left
134.7282 	EXP 	New trial (rep=0, index=1): OrderedDict([('word', u'green'), ('color', u'blue'), ('congruent', 0), ('corrAns', u'right')])
134.7819 	EXP 	stimuli: autoDraw = False
134.7819 	EXP 	hint: autoDraw = False
134.7819 	EXP 	stimuli: color = u'blue (named)'
134.7819 	EXP 	stimuli: text = u'green'
134.7819 	EXP 	hint: autoDraw = True
135.2575 	EXP 	stimuli: autoDraw = True
135.9937 	DATA 	Keypress: right
136.0105 	EXP 	New trial (rep=0, index=2): OrderedDict([('word', u'red'), ('color', u'red'), ('congruent', 1), ('corrAns', u'left')])
136.0495 	EXP 	stimuli: autoDraw = False
136.0495 	EXP 	hint: autoDraw = False
136.0495 	EXP 	stimuli: color = u'red (named)'
136.0495 	EXP 	stimuli: text = u'red'
136.0495 	EXP 	hint: autoDraw = True
136.5412 	EXP 	stimuli: autoDraw = True
137.2249 	DATA 	Keypress: left
137.2279 	EXP 	New trial (rep=0, index=3): OrderedDict([('word', u'green'), ('color', u'red'), ('congruent', 0), ('corrAns', u'left')])
137.2786 	EXP 	stimuli: autoDraw = False
137.2786 	EXP 	hint: autoDraw = False
137.2786 	EXP 	stimuli: color = u'red (named)'
137.2786 	EXP 	stimuli: text = u'green'
137.2786 	EXP 	hint: autoDraw = True
137.7583 	EXP 	stimuli: autoDraw = True
138.4422 	DATA 	Keypress: left
138.4452 	EXP 	New trial (rep=0, index=4): OrderedDict([('word', u'red'), ('color', u'green'), ('congruent', 0), ('corrAns', u'down')])
138.4845 	EXP 	stimuli: autoDraw = False
138.4845 	EXP 	hint: autoDraw = False
138.4845 	EXP 	stimuli: color = u'green (named)'
138.4845 	EXP 	stimuli: text = u'red'
138.4845 	EXP 	hint: autoDraw = True
138.9770 	EXP 	stimuli: autoDraw = True
139.7928 	DATA 	Keypress: down
139.7965 	EXP 	New trial (rep=0, index=5): OrderedDict([('word', u'blue'), ('color', u'blue'), ('congruent', 1), ('corrAns', u'right')])
139.8450 	EXP 	stimuli: autoDraw = False
139.8450 	EXP 	hint: autoDraw = False
139.8450 	EXP 	stimuli: color = u'blue (named)'
139.8450 	EXP 	stimuli: text = u'blue'
139.8450 	EXP 	hint: autoDraw = True
140.3257 	EXP 	stimuli: autoDraw = True
140.9285 	DATA 	Keypress: right
140.9454 	EXP 	New trial (rep=0, index=6): OrderedDict([('word', u'red'), ('color', u'green'), ('congruent', 0), ('corrAns', u'down')])
140.9849 	EXP 	stimuli: autoDraw = False
140.9849 	EXP 	hint: autoDraw = False
140.9849 	EXP 	stimuli: color = u'green (named)'
140.9849 	EXP 	stimuli: text = u'red'
140.9849 	EXP 	hint: autoDraw = True
141.4760 	EXP 	stimuli: autoDraw = True
142.2933 	DATA 	Keypress: down
142.2963 	EXP 	New trial (rep=0, index=7): OrderedDict([('word', u'green'), ('color', u'green'), ('congruent', 1), ('corrAns', u'down')])
142.3474 	EXP 	stimuli: autoDraw = False
142.3474 	EXP 	hint: autoDraw = False
142.3474 	EXP 	stimuli: color = u'green (named)'
142.3474 	EXP 	stimuli: text = u'green'
142.3474 	EXP 	hint: autoDraw = True
142.8264 	EXP 	stimuli: autoDraw = True
143.4774 	DATA 	Keypress: down
143.4818 	EXP 	New trial (rep=0, index=8): OrderedDict([('word', u'green'), ('color', u'green'), ('congruent', 1), ('corrAns', u'down')])
143.4949 	EXP 	stimuli: autoDraw = False
143.4949 	EXP 	hint: autoDraw = False
143.4949 	EXP 	stimuli: color = u'green (named)'
143.4949 	EXP 	stimuli: text = u'green'
143.4949 	EXP 	hint: autoDraw = True
144.0161 	EXP 	stimuli: autoDraw = True
144.9450 	DATA 	Keypress: down
144.9669 	EXP 	New trial (rep=0, index=9): OrderedDict([('word', u'blue'), ('color', u'blue'), ('congruent', 1), ('corrAns', u'right')])
145.0264 	EXP 	stimuli: autoDraw = False
145.0264 	EXP 	hint: autoDraw = False
145.0264 	EXP 	stimuli: color = u'blue (named)'
145.0264 	EXP 	stimuli: text = u'blue'
145.0264 	EXP 	hint: autoDraw = True
145.4939 	EXP 	stimuli: autoDraw = True
146.1300 	DATA 	Keypress: right
146.1473 	EXP 	New trial (rep=0, index=10): OrderedDict([('word', u'blue'), ('color', u'blue'), ('congruent', 1), ('corrAns', u'right')])
146.1604 	EXP 	stimuli: autoDraw = False
146.1604 	EXP 	hint: autoDraw = False
146.1604 	EXP 	stimuli: color = u'blue (named)'
146.1604 	EXP 	stimuli: text = u'blue'
146.1604 	EXP 	hint: autoDraw = True
146.6776 	EXP 	stimuli: autoDraw = True
147.1950 	DATA 	Keypress: right
147.1979 	EXP 	New trial (rep=0, index=11): OrderedDict([('word', u'red'), ('color', u'red'), ('congruent', 1), ('corrAns', u'left')])
147.2373 	EXP 	stimuli: autoDraw = False
147.2373 	EXP 	hint: autoDraw = False
147.2373 	EXP 	stimuli: color = u'red (named)'
147.2373 	EXP 	stimuli: text = u'red'
147.2373 	EXP 	hint: autoDraw = True
147.7278 	EXP 	stimuli: autoDraw = True
148.3127 	DATA 	Keypress: left
148.3165 	EXP 	New trial (rep=0, index=12): OrderedDict([('word', u'red'), ('color', u'red'), ('congruent', 1), ('corrAns', u'left')])
148.3290 	EXP 	stimuli: autoDraw = False
148.3290 	EXP 	hint: autoDraw = False
148.3290 	EXP 	stimuli: color = u'red (named)'
148.3290 	EXP 	stimuli: text = u'red'
148.3290 	EXP 	hint: autoDraw = True
148.8452 	EXP 	stimuli: autoDraw = True
149.4793 	DATA 	Keypress: left
149.4831 	EXP 	New trial (rep=0, index=13): OrderedDict([('word', u'green'), ('color', u'green'), ('congruent', 1), ('corrAns', u'down')])
149.5369 	EXP 	stimuli: autoDraw = False
149.5369 	EXP 	hint: autoDraw = False
149.5369 	EXP 	stimuli: color = u'green (named)'
149.5369 	EXP 	stimuli: text = u'green'
149.5369 	EXP 	hint: autoDraw = True
150.0122 	EXP 	stimuli: autoDraw = True
150.6630 	DATA 	Keypress: down
150.6681 	EXP 	New trial (rep=0, index=14): OrderedDict([('word', u'green'), ('color', u'green'), ('congruent', 1), ('corrAns', u'down')])
150.6802 	EXP 	stimuli: autoDraw = False
150.6802 	EXP 	hint: autoDraw = False
150.6802 	EXP 	stimuli: color = u'green (named)'
150.6802 	EXP 	stimuli: text = u'green'
150.6802 	EXP 	hint: autoDraw = True
151.1956 	EXP 	stimuli: autoDraw = True
151.6295 	DATA 	Keypress: down
151.6333 	EXP 	New trial (rep=0, index=15): OrderedDict([('word', u'green'), ('color', u'green'), ('congruent', 1), ('corrAns', u'down')])
151.6460 	EXP 	stimuli: autoDraw = False
151.6460 	EXP 	hint: autoDraw = False
151.6460 	EXP 	stimuli: color = u'green (named)'
151.6460 	EXP 	stimuli: text = u'green'
151.6460 	EXP 	hint: autoDraw = True
152.1626 	EXP 	stimuli: autoDraw = True
152.6337 	DATA 	Keypress: down
152.6569 	EXP 	New trial (rep=0, index=16): OrderedDict([('word', u'red'), ('color', u'red'), ('congruent', 1), ('corrAns', u'left')])
152.7217 	EXP 	stimuli: autoDraw = False
152.7217 	EXP 	hint: autoDraw = False
152.7217 	EXP 	stimuli: color = u'red (named)'
152.7217 	EXP 	stimuli: text = u'red'
152.7217 	EXP 	hint: autoDraw = True
153.1796 	EXP 	stimuli: autoDraw = True
154.2165 	DATA 	Keypress: left
154.2331 	EXP 	New trial (rep=0, index=17): OrderedDict([('word', u'blue'), ('color', u'blue'), ('congruent', 1), ('corrAns', u'right')])
154.2755 	EXP 	stimuli: autoDraw = False
154.2755 	EXP 	hint: autoDraw = False
154.2755 	EXP 	stimuli: color = u'blue (named)'
154.2755 	EXP 	stimuli: text = u'blue'
154.2755 	EXP 	hint: autoDraw = True
154.7723 	EXP 	stimuli: autoDraw = True
155.4510 	DATA 	Keypress: right
155.4683 	EXP 	New trial (rep=0, index=18): OrderedDict([('word', u'green'), ('color', u'green'), ('congruent', 1), ('corrAns', u'down')])
155.5277 	EXP 	stimuli: autoDraw = False
155.5277 	EXP 	hint: autoDraw = False
155.5277 	EXP 	stimuli: color = u'green (named)'
155.5277 	EXP 	stimuli: text = u'green'
155.5277 	EXP 	hint: autoDraw = True
155.9991 	EXP 	stimuli: autoDraw = True
156.6649 	DATA 	Keypress: down
156.6693 	EXP 	New trial (rep=0, index=19): OrderedDict([('word', u'blue'), ('color', u'blue'), ('congruent', 1), ('corrAns', u'right')])
156.7225 	EXP 	stimuli: autoDraw = False
156.7225 	EXP 	hint: autoDraw = False
156.7225 	EXP 	stimuli: color = u'blue (named)'
156.7225 	EXP 	stimuli: text = u'blue'
156.7225 	EXP 	hint: autoDraw = True
157.1975 	EXP 	stimuli: autoDraw = True
157.8782 	DATA 	Keypress: right
157.8864 	EXP 	New trial (rep=0, index=20): OrderedDict([('word', u'blue'), ('color', u'blue'), ('congruent', 1), ('corrAns', u'right')])
157.9010 	EXP 	stimuli: autoDraw = False
157.9010 	EXP 	hint: autoDraw = False
157.9010 	EXP 	stimuli: color = u'blue (named)'
157.9010 	EXP 	stimuli: text = u'blue'
157.9010 	EXP 	hint: autoDraw = True
158.4146 	EXP 	stimuli: autoDraw = True
158.9690 	DATA 	Keypress: right
158.9865 	EXP 	New trial (rep=0, index=21): OrderedDict([('word', u'red'), ('color', u'red'), ('congruent', 1), ('corrAns', u'left')])
159.0285 	EXP 	stimuli: autoDraw = False
159.0285 	EXP 	hint: autoDraw = False
159.0285 	EXP 	stimuli: color = u'red (named)'
159.0285 	EXP 	stimuli: text = u'red'
159.0285 	EXP 	hint: autoDraw = True
159.5149 	EXP 	stimuli: autoDraw = True
160.0989 	DATA 	Keypress: left
160.1019 	EXP 	New trial (rep=0, index=22): OrderedDict([('word', u'blue'), ('color', u'blue'), ('congruent', 1), ('corrAns', u'right')])
160.1456 	EXP 	stimuli: autoDraw = False
160.1456 	EXP 	hint: autoDraw = False
160.1456 	EXP 	stimuli: color = u'blue (named)'
160.1456 	EXP 	stimuli: text = u'blue'
160.1456 	EXP 	hint: autoDraw = True
160.6416 	EXP 	stimuli: autoDraw = True
161.4330 	DATA 	Keypress: right
161.4402 	EXP 	New trial (rep=0, index=23): OrderedDict([('word', u'blue'), ('color', u'green'), ('congruent', 0), ('corrAns', u'down')])
161.4528 	EXP 	stimuli: autoDraw = False
161.4528 	EXP 	hint: autoDraw = False
161.4528 	EXP 	stimuli: color = u'green (named)'
161.4528 	EXP 	stimuli: text = u'blue'
161.4528 	EXP 	hint: autoDraw = True
161.9657 	EXP 	stimuli: autoDraw = True
162.7170 	DATA 	Keypress: right
162.7211 	EXP 	New trial (rep=0, index=24): OrderedDict([('word', u'green'), ('color', u'green'), ('congruent', 1), ('corrAns', u'down')])
162.7781 	EXP 	stimuli: autoDraw = False
162.7781 	EXP 	hint: autoDraw = False
162.7781 	EXP 	stimuli: color = u'green (named)'
162.7781 	EXP 	stimuli: text = u'green'
162.7781 	EXP 	hint: autoDraw = True
163.2495 	EXP 	stimuli: autoDraw = True
164.2669 	DATA 	Keypress: down
164.2699 	EXP 	New trial (rep=0, index=25): OrderedDict([('word', u'blue'), ('color', u'red'), ('congruent', 0), ('corrAns', u'left')])
164.3121 	EXP 	stimuli: autoDraw = False
164.3121 	EXP 	hint: autoDraw = False
164.3121 	EXP 	stimuli: color = u'red (named)'
164.3121 	EXP 	stimuli: text = u'blue'
164.3121 	EXP 	hint: autoDraw = True
164.8050 	EXP 	stimuli: autoDraw = True
165.8509 	DATA 	Keypress: left
165.8551 	EXP 	New trial (rep=0, index=26): OrderedDict([('word', u'green'), ('color', u'blue'), ('congruent', 0), ('corrAns', u'right')])
165.9109 	EXP 	stimuli: autoDraw = False
165.9109 	EXP 	hint: autoDraw = False
165.9109 	EXP 	stimuli: color = u'blue (named)'
165.9109 	EXP 	stimuli: text = u'green'
165.9109 	EXP 	hint: autoDraw = True
166.3836 	EXP 	stimuli: autoDraw = True
167.3015 	DATA 	Keypress: right
167.3059 	EXP 	New trial (rep=0, index=27): OrderedDict([('word', u'green'), ('color', u'green'), ('congruent', 1), ('corrAns', u'down')])
167.3190 	EXP 	stimuli: autoDraw = False
167.3190 	EXP 	hint: autoDraw = False
167.3190 	EXP 	stimuli: color = u'green (named)'
167.3190 	EXP 	stimuli: text = u'green'
167.3190 	EXP 	hint: autoDraw = True
167.8343 	EXP 	stimuli: autoDraw = True
168.4350 	DATA 	Keypress: down
168.4394 	EXP 	New trial (rep=0, index=28): OrderedDict([('word', u'green'), ('color', u'green'), ('congruent', 1), ('corrAns', u'down')])
168.4524 	EXP 	stimuli: autoDraw = False
168.4524 	EXP 	hint: autoDraw = False
168.4524 	EXP 	stimuli: color = u'green (named)'
168.4524 	EXP 	stimuli: text = u'green'
168.4524 	EXP 	hint: autoDraw = True
168.9681 	EXP 	stimuli: autoDraw = True
169.5684 	DATA 	Keypress: down
169.5714 	EXP 	New trial (rep=0, index=29): OrderedDict([('word', u'red'), ('color', u'red'), ('congruent', 1), ('corrAns', u'left')])
169.6105 	EXP 	stimuli: autoDraw = False
169.6105 	EXP 	hint: autoDraw = False
169.6105 	EXP 	stimuli: color = u'red (named)'
169.6105 	EXP 	stimuli: text = u'red'
169.6105 	EXP 	hint: autoDraw = True
170.1032 	EXP 	stimuli: autoDraw = True
170.6526 	DATA 	Keypress: left
170.6570 	EXP 	New trial (rep=0, index=30): OrderedDict([('word', u'red'), ('color', u'red'), ('congruent', 1), ('corrAns', u'left')])
170.6701 	EXP 	stimuli: autoDraw = False
170.6701 	EXP 	hint: autoDraw = False
170.6701 	EXP 	stimuli: color = u'red (named)'
170.6701 	EXP 	stimuli: text = u'red'
170.6701 	EXP 	hint: autoDraw = True
171.1854 	EXP 	stimuli: autoDraw = True
171.6892 	DATA 	Keypress: left
171.7066 	EXP 	New trial (rep=0, index=31): OrderedDict([('word', u'blue'), ('color', u'red'), ('congruent', 0), ('corrAns', u'left')])
171.7518 	EXP 	stimuli: autoDraw = False
171.7518 	EXP 	hint: autoDraw = False
171.7518 	EXP 	stimuli: color = u'red (named)'
171.7518 	EXP 	stimuli: text = u'blue'
171.7518 	EXP 	hint: autoDraw = True
172.2401 	EXP 	stimuli: autoDraw = True
172.7533 	DATA 	Keypress: left
172.7577 	EXP 	New trial (rep=0, index=32): OrderedDict([('word', u'green'), ('color', u'green'), ('congruent', 1), ('corrAns', u'down')])
172.8148 	EXP 	stimuli: autoDraw = False
172.8148 	EXP 	hint: autoDraw = False
172.8148 	EXP 	stimuli: color = u'green (named)'
172.8148 	EXP 	stimuli: text = u'green'
172.8148 	EXP 	hint: autoDraw = True
173.2944 	EXP 	stimuli: autoDraw = True
173.9200 	DATA 	Keypress: down
173.9242 	EXP 	New trial (rep=0, index=33): OrderedDict([('word', u'blue'), ('color', u'blue'), ('congruent', 1), ('corrAns', u'right')])
173.9690 	EXP 	stimuli: autoDraw = False
173.9690 	EXP 	hint: autoDraw = False
173.9690 	EXP 	stimuli: color = u'blue (named)'
173.9690 	EXP 	stimuli: text = u'blue'
173.9690 	EXP 	hint: autoDraw = True
174.4528 	EXP 	stimuli: autoDraw = True
175.3537 	DATA 	Keypress: right
175.3568 	EXP 	New trial (rep=0, index=34): OrderedDict([('word', u'blue'), ('color', u'blue'), ('congruent', 1), ('corrAns', u'right')])
175.3697 	EXP 	stimuli: autoDraw = False
175.3697 	EXP 	hint: autoDraw = False
175.3697 	EXP 	stimuli: color = u'blue (named)'
175.3697 	EXP 	stimuli: text = u'blue'
175.3697 	EXP 	hint: autoDraw = True
175.8865 	EXP 	stimuli: autoDraw = True
176.3873 	DATA 	Keypress: right
176.3904 	EXP 	New trial (rep=0, index=35): OrderedDict([('word', u'blue'), ('color', u'blue'), ('congruent', 1), ('corrAns', u'right')])
176.4033 	EXP 	stimuli: autoDraw = False
176.4033 	EXP 	hint: autoDraw = False
176.4033 	EXP 	stimuli: color = u'blue (named)'
176.4033 	EXP 	stimuli: text = u'blue'
176.4033 	EXP 	hint: autoDraw = True
176.9202 	EXP 	stimuli: autoDraw = True
177.4735 	DATA 	Keypress: right
177.4902 	EXP 	New trial (rep=0, index=36): OrderedDict([('word', u'red'), ('color', u'red'), ('congruent', 1), ('corrAns', u'left')])
177.5293 	EXP 	stimuli: autoDraw = False
177.5293 	EXP 	hint: autoDraw = False
177.5293 	EXP 	stimuli: color = u'red (named)'
177.5293 	EXP 	stimuli: text = u'red'
177.5293 	EXP 	hint: autoDraw = True
178.0205 	EXP 	stimuli: autoDraw = True
178.6714 	DATA 	Keypress: left
178.6745 	EXP 	New trial (rep=0, index=37): OrderedDict([('word', u'green'), ('color', u'green'), ('congruent', 1), ('corrAns', u'down')])
178.7260 	EXP 	stimuli: autoDraw = False
178.7260 	EXP 	hint: autoDraw = False
178.7260 	EXP 	stimuli: color = u'green (named)'
178.7260 	EXP 	stimuli: text = u'green'
178.7260 	EXP 	hint: autoDraw = True
179.2044 	EXP 	stimuli: autoDraw = True
179.6888 	DATA 	Keypress: down
179.6929 	EXP 	New trial (rep=0, index=38): OrderedDict([('word', u'red'), ('color', u'red'), ('congruent', 1), ('corrAns', u'left')])
179.7347 	EXP 	stimuli: autoDraw = False
179.7347 	EXP 	hint: autoDraw = False
179.7347 	EXP 	stimuli: color = u'red (named)'
179.7347 	EXP 	stimuli: text = u'red'
179.7347 	EXP 	hint: autoDraw = True
180.2210 	EXP 	stimuli: autoDraw = True
180.8219 	DATA 	Keypress: left
180.8249 	EXP 	New trial (rep=0, index=39): OrderedDict([('word', u'red'), ('color', u'red'), ('congruent', 1), ('corrAns', u'left')])
180.8381 	EXP 	stimuli: autoDraw = False
180.8381 	EXP 	hint: autoDraw = False
180.8381 	EXP 	stimuli: color = u'red (named)'
180.8381 	EXP 	stimuli: text = u'red'
180.8381 	EXP 	hint: autoDraw = True
181.3549 	EXP 	stimuli: autoDraw = True
181.9394 	DATA 	Keypress: left
181.9423 	EXP 	New trial (rep=0, index=40): OrderedDict([('word', u'red'), ('color', u'red'), ('congruent', 1), ('corrAns', u'left')])
181.9551 	EXP 	stimuli: autoDraw = False
181.9551 	EXP 	hint: autoDraw = False
181.9551 	EXP 	stimuli: color = u'red (named)'
181.9551 	EXP 	stimuli: text = u'red'
181.9551 	EXP 	hint: autoDraw = True
182.4717 	EXP 	stimuli: autoDraw = True
182.9632 	DATA 	Keypress: left
182.9715 	EXP 	New trial (rep=0, index=41): OrderedDict([('word', u'green'), ('color', u'green'), ('congruent', 1), ('corrAns', u'down')])
183.0377 	EXP 	stimuli: autoDraw = False
183.0377 	EXP 	hint: autoDraw = False
183.0377 	EXP 	stimuli: color = u'green (named)'
183.0377 	EXP 	stimuli: text = u'green'
183.0377 	EXP 	hint: autoDraw = True
183.4889 	EXP 	stimuli: autoDraw = True
184.1896 	DATA 	Keypress: down
184.1926 	EXP 	New trial (rep=0, index=42): OrderedDict([('word', u'red'), ('color', u'blue'), ('congruent', 0), ('corrAns', u'right')])
184.2319 	EXP 	stimuli: autoDraw = False
184.2319 	EXP 	hint: autoDraw = False
184.2319 	EXP 	stimuli: color = u'blue (named)'
184.2319 	EXP 	stimuli: text = u'red'
184.2319 	EXP 	hint: autoDraw = True
184.7223 	EXP 	stimuli: autoDraw = True
185.5901 	DATA 	Keypress: right
185.5932 	EXP 	New trial (rep=0, index=43): OrderedDict([('word', u'blue'), ('color', u'blue'), ('congruent', 1), ('corrAns', u'right')])
185.6357 	EXP 	stimuli: autoDraw = False
185.6357 	EXP 	hint: autoDraw = False
185.6357 	EXP 	stimuli: color = u'blue (named)'
185.6357 	EXP 	stimuli: text = u'blue'
185.6357 	EXP 	hint: autoDraw = True
186.1237 	EXP 	stimuli: autoDraw = True
186.7070 	DATA 	Keypress: right
186.7107 	EXP 	New trial (rep=0, index=44): OrderedDict([('word', u'blue'), ('color', u'blue'), ('congruent', 1), ('corrAns', u'right')])
186.7235 	EXP 	stimuli: autoDraw = False
186.7235 	EXP 	hint: autoDraw = False
186.7235 	EXP 	stimuli: color = u'blue (named)'
186.7235 	EXP 	stimuli: text = u'blue'
186.7235 	EXP 	hint: autoDraw = True
187.2400 	EXP 	stimuli: autoDraw = True
187.7575 	DATA 	Keypress: right
187.7611 	EXP 	New trial (rep=1, index=0): OrderedDict([('word', u'green'), ('color', u'blue'), ('congruent', 0), ('corrAns', u'right')])
187.8179 	EXP 	stimuli: autoDraw = False
187.8179 	EXP 	hint: autoDraw = False
187.8179 	EXP 	stimuli: color = u'blue (named)'
187.8179 	EXP 	stimuli: text = u'green'
187.8179 	EXP 	hint: autoDraw = True
188.2906 	EXP 	stimuli: autoDraw = True
188.9449 	DATA 	Keypress: right
188.9625 	EXP 	New trial (rep=1, index=1): OrderedDict([('word', u'green'), ('color', u'green'), ('congruent', 1), ('corrAns', u'down')])
188.9759 	EXP 	stimuli: autoDraw = False
188.9759 	EXP 	hint: autoDraw = False
188.9759 	EXP 	stimuli: color = u'green (named)'
188.9759 	EXP 	stimuli: text = u'green'
188.9759 	EXP 	hint: autoDraw = True
189.4908 	EXP 	stimuli: autoDraw = True
190.1416 	DATA 	Keypress: down
190.1446 	EXP 	New trial (rep=1, index=2): OrderedDict([('word', u'red'), ('color', u'green'), ('congruent', 0), ('corrAns', u'down')])
190.1850 	EXP 	stimuli: autoDraw = False
190.1850 	EXP 	hint: autoDraw = False
190.1850 	EXP 	stimuli: color = u'green (named)'
190.1850 	EXP 	stimuli: text = u'red'
190.1850 	EXP 	hint: autoDraw = True
190.6744 	EXP 	stimuli: autoDraw = True
191.8424 	DATA 	Keypress: down
191.8454 	EXP 	New trial (rep=1, index=3): OrderedDict([('word', u'blue'), ('color', u'blue'), ('congruent', 1), ('corrAns', u'right')])
191.8877 	EXP 	stimuli: autoDraw = False
191.8877 	EXP 	hint: autoDraw = False
191.8877 	EXP 	stimuli: color = u'blue (named)'
191.8877 	EXP 	stimuli: text = u'blue'
191.8877 	EXP 	hint: autoDraw = True
192.3752 	EXP 	stimuli: autoDraw = True
192.9594 	DATA 	Keypress: right
192.9638 	EXP 	New trial (rep=1, index=4): OrderedDict([('word', u'red'), ('color', u'green'), ('congruent', 0), ('corrAns', u'down')])
193.0092 	EXP 	stimuli: autoDraw = False
193.0092 	EXP 	hint: autoDraw = False
193.0092 	EXP 	stimuli: color = u'green (named)'
193.0092 	EXP 	stimuli: text = u'red'
193.0092 	EXP 	hint: autoDraw = True
193.4972 	EXP 	stimuli: autoDraw = True
194.5451 	DATA 	Keypress: down
194.5624 	EXP 	New trial (rep=1, index=5): OrderedDict([('word', u'green'), ('color', u'green'), ('congruent', 1), ('corrAns', u'down')])
194.6133 	EXP 	stimuli: autoDraw = False
194.6133 	EXP 	hint: autoDraw = False
194.6133 	EXP 	stimuli: color = u'green (named)'
194.6133 	EXP 	stimuli: text = u'green'
194.6133 	EXP 	hint: autoDraw = True
195.0925 	EXP 	stimuli: autoDraw = True
195.6932 	DATA 	Keypress: down
195.6962 	EXP 	New trial (rep=1, index=6): OrderedDict([('word', u'green'), ('color', u'red'), ('congruent', 0), ('corrAns', u'left')])
195.7093 	EXP 	stimuli: autoDraw = False
195.7093 	EXP 	hint: autoDraw = False
195.7093 	EXP 	stimuli: color = u'red (named)'
195.7093 	EXP 	stimuli: text = u'green'
195.7093 	EXP 	hint: autoDraw = True
196.2263 	EXP 	stimuli: autoDraw = True
196.9458 	DATA 	Keypress: left
196.9630 	EXP 	New trial (rep=1, index=7): OrderedDict([('word', u'red'), ('color', u'red'), ('congruent', 1), ('corrAns', u'left')])
197.0021 	EXP 	stimuli: autoDraw = False
197.0021 	EXP 	hint: autoDraw = False
197.0021 	EXP 	stimuli: color = u'red (named)'
197.0021 	EXP 	stimuli: text = u'red'
197.0021 	EXP 	hint: autoDraw = True
197.4931 	EXP 	stimuli: autoDraw = True
198.0273 	DATA 	Keypress: left
198.0303 	EXP 	New trial (rep=1, index=8): OrderedDict([('word', u'green'), ('color', u'green'), ('congruent', 1), ('corrAns', u'down')])
198.0821 	EXP 	stimuli: autoDraw = False
198.0821 	EXP 	hint: autoDraw = False
198.0821 	EXP 	stimuli: color = u'green (named)'
198.0821 	EXP 	stimuli: text = u'green'
198.0821 	EXP 	hint: autoDraw = True
198.5623 	EXP 	stimuli: autoDraw = True
199.1611 	DATA 	Keypress: down
199.1649 	EXP 	New trial (rep=1, index=9): OrderedDict([('word', u'blue'), ('color', u'green'), ('congruent', 0), ('corrAns', u'down')])
199.2117 	EXP 	stimuli: autoDraw = False
199.2117 	EXP 	hint: autoDraw = False
199.2117 	EXP 	stimuli: color = u'green (named)'
199.2117 	EXP 	stimuli: text = u'blue'
199.2117 	EXP 	hint: autoDraw = True
199.6939 	EXP 	stimuli: autoDraw = True
200.4613 	DATA 	Keypress: right
200.4643 	EXP 	New trial (rep=1, index=10): OrderedDict([('word', u'green'), ('color', u'green'), ('congruent', 1), ('corrAns', u'down')])
200.5155 	EXP 	stimuli: autoDraw = False
200.5155 	EXP 	hint: autoDraw = False
200.5155 	EXP 	stimuli: color = u'green (named)'
200.5155 	EXP 	stimuli: text = u'green'
200.5155 	EXP 	hint: autoDraw = True
200.9941 	EXP 	stimuli: autoDraw = True
202.7586 	DATA 	Keypress: down
202.7652 	EXP 	New trial (rep=1, index=11): OrderedDict([('word', u'blue'), ('color', u'blue'), ('congruent', 1), ('corrAns', u'right')])
202.8109 	EXP 	stimuli: autoDraw = False
202.8109 	EXP 	hint: autoDraw = False
202.8109 	EXP 	stimuli: color = u'blue (named)'
202.8109 	EXP 	stimuli: text = u'blue'
202.8109 	EXP 	hint: autoDraw = True
203.2949 	EXP 	stimuli: autoDraw = True
204.6962 	DATA 	Keypress: right
204.7003 	EXP 	New trial (rep=1, index=12): OrderedDict([('word', u'red'), ('color', u'red'), ('congruent', 1), ('corrAns', u'left')])
204.7485 	EXP 	stimuli: autoDraw = False
204.7485 	EXP 	hint: autoDraw = False
204.7485 	EXP 	stimuli: color = u'red (named)'
204.7485 	EXP 	stimuli: text = u'red'
204.7485 	EXP 	hint: autoDraw = True
205.2289 	EXP 	stimuli: autoDraw = True
205.8134 	DATA 	Keypress: left
205.8176 	EXP 	New trial (rep=1, index=13): OrderedDict([('word', u'blue'), ('color', u'red'), ('congruent', 0), ('corrAns', u'left')])
205.8671 	EXP 	stimuli: autoDraw = False
205.8671 	EXP 	hint: autoDraw = False
205.8671 	EXP 	stimuli: color = u'red (named)'
205.8671 	EXP 	stimuli: text = u'blue'
205.8671 	EXP 	hint: autoDraw = True
206.3464 	EXP 	stimuli: autoDraw = True
206.9967 	DATA 	Keypress: left
207.0003 	EXP 	New trial (rep=1, index=14): OrderedDict([('word', u'red'), ('color', u'blue'), ('congruent', 0), ('corrAns', u'right')])
207.0398 	EXP 	stimuli: autoDraw = False
207.0398 	EXP 	hint: autoDraw = False
207.0398 	EXP 	stimuli: color = u'blue (named)'
207.0398 	EXP 	stimuli: text = u'red'
207.0398 	EXP 	hint: autoDraw = True
207.5296 	EXP 	stimuli: autoDraw = True
208.3138 	DATA 	Keypress: right
208.3168 	EXP 	New trial (rep=1, index=15): OrderedDict([('word', u'red'), ('color', u'red'), ('congruent', 1), ('corrAns', u'left')])
208.3299 	EXP 	stimuli: autoDraw = False
208.3299 	EXP 	hint: autoDraw = False
208.3299 	EXP 	stimuli: color = u'red (named)'
208.3299 	EXP 	stimuli: text = u'red'
208.3299 	EXP 	hint: autoDraw = True
208.8468 	EXP 	stimuli: autoDraw = True
209.5974 	DATA 	Keypress: left
209.6005 	EXP 	New trial (rep=1, index=16): OrderedDict([('word', u'blue'), ('color', u'red'), ('congruent', 0), ('corrAns', u'left')])
209.6436 	EXP 	stimuli: autoDraw = False
209.6436 	EXP 	hint: autoDraw = False
209.6436 	EXP 	stimuli: color = u'red (named)'
209.6436 	EXP 	stimuli: text = u'blue'
209.6436 	EXP 	hint: autoDraw = True
210.1305 	EXP 	stimuli: autoDraw = True
210.7645 	DATA 	Keypress: left
210.7675 	EXP 	New trial (rep=1, index=17): OrderedDict([('word', u'blue'), ('color', u'blue'), ('congruent', 1), ('corrAns', u'right')])
210.7806 	EXP 	stimuli: autoDraw = False
210.7806 	EXP 	hint: autoDraw = False
210.7806 	EXP 	stimuli: color = u'blue (named)'
210.7806 	EXP 	stimuli: text = u'blue'
210.7806 	EXP 	hint: autoDraw = True
211.2974 	EXP 	stimuli: autoDraw = True
211.8648 	DATA 	Keypress: right
211.8678 	EXP 	New trial (rep=1, index=18): OrderedDict([('word', u'red'), ('color', u'red'), ('congruent', 1), ('corrAns', u'left')])
211.9075 	EXP 	stimuli: autoDraw = False
211.9075 	EXP 	hint: autoDraw = False
211.9075 	EXP 	stimuli: color = u'red (named)'
211.9075 	EXP 	stimuli: text = u'red'
211.9075 	EXP 	hint: autoDraw = True
212.3977 	EXP 	stimuli: autoDraw = True
212.9652 	DATA 	Keypress: left
212.9689 	EXP 	New trial (rep=1, index=19): OrderedDict([('word', u'blue'), ('color', u'blue'), ('congruent', 1), ('corrAns', u'right')])
213.0117 	EXP 	stimuli: autoDraw = False
213.0117 	EXP 	hint: autoDraw = False
213.0117 	EXP 	stimuli: color = u'blue (named)'
213.0117 	EXP 	stimuli: text = u'blue'
213.0117 	EXP 	hint: autoDraw = True
213.4981 	EXP 	stimuli: autoDraw = True
214.1655 	DATA 	Keypress: right
214.1685 	EXP 	New trial (rep=1, index=20): OrderedDict([('word', u'green'), ('color', u'green'), ('congruent', 1), ('corrAns', u'down')])
214.2192 	EXP 	stimuli: autoDraw = False
214.2192 	EXP 	hint: autoDraw = False
214.2192 	EXP 	stimuli: color = u'green (named)'
214.2192 	EXP 	stimuli: text = u'green'
214.2192 	EXP 	hint: autoDraw = True
214.6984 	EXP 	stimuli: autoDraw = True
215.5159 	DATA 	Keypress: down
215.5189 	EXP 	New trial (rep=1, index=21): OrderedDict([('word', u'red'), ('color', u'red'), ('congruent', 1), ('corrAns', u'left')])
215.5584 	EXP 	stimuli: autoDraw = False
215.5584 	EXP 	hint: autoDraw = False
215.5584 	EXP 	stimuli: color = u'red (named)'
215.5584 	EXP 	stimuli: text = u'red'
215.5584 	EXP 	hint: autoDraw = True
216.0496 	EXP 	stimuli: autoDraw = True
216.5495 	DATA 	Keypress: left
216.5528 	EXP 	New trial (rep=1, index=22): OrderedDict([('word', u'red'), ('color', u'red'), ('congruent', 1), ('corrAns', u'left')])
216.5660 	EXP 	stimuli: autoDraw = False
216.5660 	EXP 	hint: autoDraw = False
216.5660 	EXP 	stimuli: color = u'red (named)'
216.5660 	EXP 	stimuli: text = u'red'
216.5660 	EXP 	hint: autoDraw = True
217.0825 	EXP 	stimuli: autoDraw = True
217.6331 	DATA 	Keypress: left
217.6363 	EXP 	New trial (rep=1, index=23): OrderedDict([('word', u'blue'), ('color', u'blue'), ('congruent', 1), ('corrAns', u'right')])
217.6806 	EXP 	stimuli: autoDraw = False
217.6806 	EXP 	hint: autoDraw = False
217.6806 	EXP 	stimuli: color = u'blue (named)'
217.6806 	EXP 	stimuli: text = u'blue'
217.6806 	EXP 	hint: autoDraw = True
218.1661 	EXP 	stimuli: autoDraw = True
218.7169 	DATA 	Keypress: right
218.7199 	EXP 	New trial (rep=1, index=24): OrderedDict([('word', u'green'), ('color', u'green'), ('congruent', 1), ('corrAns', u'down')])
218.7709 	EXP 	stimuli: autoDraw = False
218.7709 	EXP 	hint: autoDraw = False
218.7709 	EXP 	stimuli: color = u'green (named)'
218.7709 	EXP 	stimuli: text = u'green'
218.7709 	EXP 	hint: autoDraw = True
219.2508 	EXP 	stimuli: autoDraw = True
219.8008 	DATA 	Keypress: down
219.8049 	EXP 	New trial (rep=1, index=25): OrderedDict([('word', u'green'), ('color', u'blue'), ('congruent', 0), ('corrAns', u'right')])
219.8176 	EXP 	stimuli: autoDraw = False
219.8176 	EXP 	hint: autoDraw = False
219.8176 	EXP 	stimuli: color = u'blue (named)'
219.8176 	EXP 	stimuli: text = u'green'
219.8176 	EXP 	hint: autoDraw = True
220.3336 	EXP 	stimuli: autoDraw = True
221.4179 	DATA 	Keypress: right
221.4209 	EXP 	New trial (rep=1, index=26): OrderedDict([('word', u'red'), ('color', u'red'), ('congruent', 1), ('corrAns', u'left')])
221.4611 	EXP 	stimuli: autoDraw = False
221.4611 	EXP 	hint: autoDraw = False
221.4611 	EXP 	stimuli: color = u'red (named)'
221.4611 	EXP 	stimuli: text = u'red'
221.4611 	EXP 	hint: autoDraw = True
221.9602 	EXP 	stimuli: autoDraw = True
222.6347 	DATA 	Keypress: left
222.6377 	EXP 	New trial (rep=1, index=27): OrderedDict([('word', u'red'), ('color', u'red'), ('congruent', 1), ('corrAns', u'left')])
222.6509 	EXP 	stimuli: autoDraw = False
222.6509 	EXP 	hint: autoDraw = False
222.6509 	EXP 	stimuli: color = u'red (named)'
222.6509 	EXP 	stimuli: text = u'red'
222.6509 	EXP 	hint: autoDraw = True
223.1677 	EXP 	stimuli: autoDraw = True
223.8686 	DATA 	Keypress: left
223.8716 	EXP 	New trial (rep=1, index=28): OrderedDict([('word', u'blue'), ('color', u'blue'), ('congruent', 1), ('corrAns', u'right')])
223.9142 	EXP 	stimuli: autoDraw = False
223.9142 	EXP 	hint: autoDraw = False
223.9142 	EXP 	stimuli: color = u'blue (named)'
223.9142 	EXP 	stimuli: text = u'blue'
223.9142 	EXP 	hint: autoDraw = True
224.4014 	EXP 	stimuli: autoDraw = True
224.9856 	DATA 	Keypress: right
224.9886 	EXP 	New trial (rep=1, index=29): OrderedDict([('word', u'blue'), ('color', u'blue'), ('congruent', 1), ('corrAns', u'right')])
225.0016 	EXP 	stimuli: autoDraw = False
225.0016 	EXP 	hint: autoDraw = False
225.0016 	EXP 	stimuli: color = u'blue (named)'
225.0016 	EXP 	stimuli: text = u'blue'
225.0016 	EXP 	hint: autoDraw = True
225.5185 	EXP 	stimuli: autoDraw = True
226.0194 	DATA 	Keypress: right
226.0250 	EXP 	New trial (rep=1, index=30): OrderedDict([('word', u'green'), ('color', u'green'), ('congruent', 1), ('corrAns', u'down')])
226.0770 	EXP 	stimuli: autoDraw = False
226.0770 	EXP 	hint: autoDraw = False
226.0770 	EXP 	stimuli: color = u'green (named)'
226.0770 	EXP 	stimuli: text = u'green'
226.0770 	EXP 	hint: autoDraw = True
226.5528 	EXP 	stimuli: autoDraw = True
227.0718 	DATA 	Keypress: down
227.0893 	EXP 	New trial (rep=1, index=31): OrderedDict([('word', u'green'), ('color', u'green'), ('congruent', 1), ('corrAns', u'down')])
227.1022 	EXP 	stimuli: autoDraw = False
227.1022 	EXP 	hint: autoDraw = False
227.1022 	EXP 	stimuli: color = u'green (named)'
227.1022 	EXP 	stimuli: text = u'green'
227.1022 	EXP 	hint: autoDraw = True
227.6191 	EXP 	stimuli: autoDraw = True
228.1056 	DATA 	Keypress: down
228.1228 	EXP 	New trial (rep=1, index=32): OrderedDict([('word', u'blue'), ('color', u'blue'), ('congruent', 1), ('corrAns', u'right')])
228.1691 	EXP 	stimuli: autoDraw = False
228.1691 	EXP 	hint: autoDraw = False
228.1691 	EXP 	stimuli: color = u'blue (named)'
228.1691 	EXP 	stimuli: text = u'blue'
228.1691 	EXP 	hint: autoDraw = True
228.6528 	EXP 	stimuli: autoDraw = True
229.4571 	DATA 	Keypress: right
229.4746 	EXP 	New trial (rep=1, index=33): OrderedDict([('word', u'blue'), ('color', u'blue'), ('congruent', 1), ('corrAns', u'right')])
229.4875 	EXP 	stimuli: autoDraw = False
229.4875 	EXP 	hint: autoDraw = False
229.4875 	EXP 	stimuli: color = u'blue (named)'
229.4875 	EXP 	stimuli: text = u'blue'
229.4875 	EXP 	hint: autoDraw = True
230.0036 	EXP 	stimuli: autoDraw = True
230.4372 	DATA 	Keypress: right
230.4403 	EXP 	New trial (rep=1, index=34): OrderedDict([('word', u'blue'), ('color', u'blue'), ('congruent', 1), ('corrAns', u'right')])
230.4531 	EXP 	stimuli: autoDraw = False
230.4531 	EXP 	hint: autoDraw = False
230.4531 	EXP 	stimuli: color = u'blue (named)'
230.4531 	EXP 	stimuli: text = u'blue'
230.4531 	EXP 	hint: autoDraw = True
230.9701 	EXP 	stimuli: autoDraw = True
231.4374 	DATA 	Keypress: right
231.4405 	EXP 	New trial (rep=1, index=35): OrderedDict([('word', u'green'), ('color', u'green'), ('congruent', 1), ('corrAns', u'down')])
231.4915 	EXP 	stimuli: autoDraw = False
231.4915 	EXP 	hint: autoDraw = False
231.4915 	EXP 	stimuli: color = u'green (named)'
231.4915 	EXP 	stimuli: text = u'green'
231.4915 	EXP 	hint: autoDraw = True
231.9712 	EXP 	stimuli: autoDraw = True
232.4879 	DATA 	Keypress: down
232.4918 	EXP 	New trial (rep=1, index=36): OrderedDict([('word', u'red'), ('color', u'red'), ('congruent', 1), ('corrAns', u'left')])
232.5325 	EXP 	stimuli: autoDraw = False
232.5325 	EXP 	hint: autoDraw = False
232.5325 	EXP 	stimuli: color = u'red (named)'
232.5325 	EXP 	stimuli: text = u'red'
232.5325 	EXP 	hint: autoDraw = True
233.0207 	EXP 	stimuli: autoDraw = True
233.6050 	DATA 	Keypress: left
233.6086 	EXP 	New trial (rep=1, index=37): OrderedDict([('word', u'green'), ('color', u'green'), ('congruent', 1), ('corrAns', u'down')])
233.6653 	EXP 	stimuli: autoDraw = False
233.6653 	EXP 	hint: autoDraw = False
233.6653 	EXP 	stimuli: color = u'green (named)'
233.6653 	EXP 	stimuli: text = u'green'
233.6653 	EXP 	hint: autoDraw = True
234.1378 	EXP 	stimuli: autoDraw = True
234.7554 	DATA 	Keypress: down
234.7584 	EXP 	New trial (rep=1, index=38): OrderedDict([('word', u'blue'), ('color', u'blue'), ('congruent', 1), ('corrAns', u'right')])
234.8020 	EXP 	stimuli: autoDraw = False
234.8020 	EXP 	hint: autoDraw = False
234.8020 	EXP 	stimuli: color = u'blue (named)'
234.8020 	EXP 	stimuli: text = u'blue'
234.8020 	EXP 	hint: autoDraw = True
235.2879 	EXP 	stimuli: autoDraw = True
235.7389 	DATA 	Keypress: right
235.7419 	EXP 	New trial (rep=1, index=39): OrderedDict([('word', u'red'), ('color', u'red'), ('congruent', 1), ('corrAns', u'left')])
235.7820 	EXP 	stimuli: autoDraw = False
235.7820 	EXP 	hint: autoDraw = False
235.7820 	EXP 	stimuli: color = u'red (named)'
235.7820 	EXP 	stimuli: text = u'red'
235.7820 	EXP 	hint: autoDraw = True
236.2809 	EXP 	stimuli: autoDraw = True
236.8261 	DATA 	Keypress: left
236.8434 	EXP 	New trial (rep=1, index=40): OrderedDict([('word', u'green'), ('color', u'green'), ('congruent', 1), ('corrAns', u'down')])
236.8992 	EXP 	stimuli: autoDraw = False
236.8992 	EXP 	hint: autoDraw = False
236.8992 	EXP 	stimuli: color = u'green (named)'
236.8992 	EXP 	stimuli: text = u'green'
236.8992 	EXP 	hint: autoDraw = True
237.3739 	EXP 	stimuli: autoDraw = True
237.9766 	DATA 	Keypress: down
237.9935 	EXP 	New trial (rep=1, index=41): OrderedDict([('word', u'red'), ('color', u'red'), ('congruent', 1), ('corrAns', u'left')])
238.0340 	EXP 	stimuli: autoDraw = False
238.0340 	EXP 	hint: autoDraw = False
238.0340 	EXP 	stimuli: color = u'red (named)'
238.0340 	EXP 	stimuli: text = u'red'
238.0340 	EXP 	hint: autoDraw = True
238.5224 	EXP 	stimuli: autoDraw = True
239.1565 	DATA 	Keypress: left
239.1602 	EXP 	New trial (rep=1, index=42): OrderedDict([('word', u'blue'), ('color', u'blue'), ('congruent', 1), ('corrAns', u'right')])
239.2045 	EXP 	stimuli: autoDraw = False
239.2045 	EXP 	hint: autoDraw = False
239.2045 	EXP 	stimuli: color = u'blue (named)'
239.2045 	EXP 	stimuli: text = u'blue'
239.2045 	EXP 	hint: autoDraw = True
239.6899 	EXP 	stimuli: autoDraw = True
240.2239 	DATA 	Keypress: right
240.2283 	EXP 	New trial (rep=1, index=43): OrderedDict([('word', u'red'), ('color', u'red'), ('congruent', 1), ('corrAns', u'left')])
240.2739 	EXP 	stimuli: autoDraw = False
240.2739 	EXP 	hint: autoDraw = False
240.2739 	EXP 	stimuli: color = u'red (named)'
240.2739 	EXP 	stimuli: text = u'red'
240.2739 	EXP 	hint: autoDraw = True
240.7655 	EXP 	stimuli: autoDraw = True
241.4238 	DATA 	Keypress: left
241.4271 	EXP 	New trial (rep=1, index=44): OrderedDict([('word', u'green'), ('color', u'green'), ('congruent', 1), ('corrAns', u'down')])
241.4787 	EXP 	stimuli: autoDraw = False
241.4787 	EXP 	hint: autoDraw = False
241.4787 	EXP 	stimuli: color = u'green (named)'
241.4787 	EXP 	stimuli: text = u'green'
241.4787 	EXP 	hint: autoDraw = True
241.9569 	EXP 	stimuli: autoDraw = True
242.6079 	DATA 	Keypress: down
242.6151 	EXP 	New trial (rep=2, index=0): OrderedDict([('word', u'red'), ('color', u'green'), ('congruent', 0), ('corrAns', u'down')])
242.6684 	EXP 	stimuli: autoDraw = False
242.6684 	EXP 	hint: autoDraw = False
242.6684 	EXP 	stimuli: color = u'green (named)'
242.6684 	EXP 	stimuli: text = u'red'
242.6684 	EXP 	hint: autoDraw = True
243.1407 	EXP 	stimuli: autoDraw = True
243.7768 	DATA 	Keypress: left
243.7939 	EXP 	New trial (rep=2, index=1): OrderedDict([('word', u'red'), ('color', u'green'), ('congruent', 0), ('corrAns', u'down')])
243.8075 	EXP 	stimuli: autoDraw = False
243.8075 	EXP 	hint: autoDraw = False
243.8075 	EXP 	stimuli: color = u'green (named)'
243.8075 	EXP 	stimuli: text = u'red'
243.8075 	EXP 	hint: autoDraw = True
244.3242 	EXP 	stimuli: autoDraw = True
245.3587 	DATA 	Keypress: down
245.3628 	EXP 	New trial (rep=2, index=2): OrderedDict([('word', u'red'), ('color', u'red'), ('congruent', 1), ('corrAns', u'left')])
245.3760 	EXP 	stimuli: autoDraw = False
245.3760 	EXP 	hint: autoDraw = False
245.3760 	EXP 	stimuli: color = u'red (named)'
245.3760 	EXP 	stimuli: text = u'red'
245.3760 	EXP 	hint: autoDraw = True
245.8972 	EXP 	stimuli: autoDraw = True
246.5926 	DATA 	Keypress: left
246.5970 	EXP 	New trial (rep=2, index=3): OrderedDict([('word', u'green'), ('color', u'green'), ('congruent', 1), ('corrAns', u'down')])
246.6512 	EXP 	stimuli: autoDraw = False
246.6512 	EXP 	hint: autoDraw = False
246.6512 	EXP 	stimuli: color = u'green (named)'
246.6512 	EXP 	stimuli: text = u'green'
246.6512 	EXP 	hint: autoDraw = True
247.1354 	EXP 	stimuli: autoDraw = True
247.7094 	DATA 	Keypress: down
247.7146 	EXP 	New trial (rep=2, index=4): OrderedDict([('word', u'blue'), ('color', u'blue'), ('congruent', 1), ('corrAns', u'right')])
247.8108 	EXP 	stimuli: autoDraw = False
247.8108 	EXP 	hint: autoDraw = False
247.8108 	EXP 	stimuli: color = u'blue (named)'
247.8108 	EXP 	stimuli: text = u'blue'
247.8108 	EXP 	hint: autoDraw = True
248.2424 	EXP 	stimuli: autoDraw = True
249.3096 	DATA 	Keypress: right
249.3131 	EXP 	New trial (rep=2, index=5): OrderedDict([('word', u'blue'), ('color', u'red'), ('congruent', 0), ('corrAns', u'left')])
249.3256 	EXP 	stimuli: autoDraw = False
249.3256 	EXP 	hint: autoDraw = False
249.3256 	EXP 	stimuli: color = u'red (named)'
249.3256 	EXP 	stimuli: text = u'blue'
249.3256 	EXP 	hint: autoDraw = True
249.8426 	EXP 	stimuli: autoDraw = True
250.5936 	DATA 	Keypress: left
250.5966 	EXP 	New trial (rep=2, index=6): OrderedDict([('word', u'red'), ('color', u'red'), ('congruent', 1), ('corrAns', u'left')])
250.6355 	EXP 	stimuli: autoDraw = False
250.6355 	EXP 	hint: autoDraw = False
250.6355 	EXP 	stimuli: color = u'red (named)'
250.6355 	EXP 	stimuli: text = u'red'
250.6355 	EXP 	hint: autoDraw = True
251.1264 	EXP 	stimuli: autoDraw = True
251.6103 	DATA 	Keypress: left
251.6133 	EXP 	New trial (rep=2, index=7): OrderedDict([('word', u'green'), ('color', u'blue'), ('congruent', 0), ('corrAns', u'right')])
251.6659 	EXP 	stimuli: autoDraw = False
251.6659 	EXP 	hint: autoDraw = False
251.6659 	EXP 	stimuli: color = u'blue (named)'
251.6659 	EXP 	stimuli: text = u'green'
251.6659 	EXP 	hint: autoDraw = True
252.1434 	EXP 	stimuli: autoDraw = True
253.1606 	DATA 	Keypress: right
253.1636 	EXP 	New trial (rep=2, index=8): OrderedDict([('word', u'red'), ('color', u'blue'), ('congruent', 0), ('corrAns', u'right')])
253.2032 	EXP 	stimuli: autoDraw = False
253.2032 	EXP 	hint: autoDraw = False
253.2032 	EXP 	stimuli: color = u'blue (named)'
253.2032 	EXP 	stimuli: text = u'red'
253.2032 	EXP 	hint: autoDraw = True
253.6938 	EXP 	stimuli: autoDraw = True
254.8448 	DATA 	Keypress: right
254.8489 	EXP 	New trial (rep=2, index=9): OrderedDict([('word', u'green'), ('color', u'green'), ('congruent', 1), ('corrAns', u'down')])
254.9023 	EXP 	stimuli: autoDraw = False
254.9023 	EXP 	hint: autoDraw = False
254.9023 	EXP 	stimuli: color = u'green (named)'
254.9023 	EXP 	stimuli: text = u'green'
254.9023 	EXP 	hint: autoDraw = True
255.3778 	EXP 	stimuli: autoDraw = True
256.0117 	DATA 	Keypress: down
256.0148 	EXP 	New trial (rep=2, index=10): OrderedDict([('word', u'blue'), ('color', u'blue'), ('congruent', 1), ('corrAns', u'right')])
256.0577 	EXP 	stimuli: autoDraw = False
256.0577 	EXP 	hint: autoDraw = False
256.0577 	EXP 	stimuli: color = u'blue (named)'
256.0577 	EXP 	stimuli: text = u'blue'
256.0577 	EXP 	hint: autoDraw = True
256.5447 	EXP 	stimuli: autoDraw = True
257.0456 	DATA 	Keypress: right
257.0497 	EXP 	New trial (rep=2, index=11): OrderedDict([('word', u'blue'), ('color', u'red'), ('congruent', 0), ('corrAns', u'left')])
257.0626 	EXP 	stimuli: autoDraw = False
257.0626 	EXP 	hint: autoDraw = False
257.0626 	EXP 	stimuli: color = u'red (named)'
257.0626 	EXP 	stimuli: text = u'blue'
257.0626 	EXP 	hint: autoDraw = True
257.5786 	EXP 	stimuli: autoDraw = True
258.2491 	DATA 	Keypress: left
258.2662 	EXP 	New trial (rep=2, index=12): OrderedDict([('word', u'blue'), ('color', u'blue'), ('congruent', 1), ('corrAns', u'right')])
258.2789 	EXP 	stimuli: autoDraw = False
258.2789 	EXP 	hint: autoDraw = False
258.2789 	EXP 	stimuli: color = u'blue (named)'
258.2789 	EXP 	stimuli: text = u'blue'
258.2789 	EXP 	hint: autoDraw = True
258.7955 	EXP 	stimuli: autoDraw = True
259.4964 	DATA 	Keypress: right
259.5005 	EXP 	New trial (rep=2, index=13): OrderedDict([('word', u'red'), ('color', u'red'), ('congruent', 1), ('corrAns', u'left')])
259.5474 	EXP 	stimuli: autoDraw = False
259.5474 	EXP 	hint: autoDraw = False
259.5474 	EXP 	stimuli: color = u'red (named)'
259.5474 	EXP 	stimuli: text = u'red'
259.5474 	EXP 	hint: autoDraw = True
260.0289 	EXP 	stimuli: autoDraw = True
260.5463 	DATA 	Keypress: left
260.5494 	EXP 	New trial (rep=2, index=14): OrderedDict([('word', u'green'), ('color', u'green'), ('congruent', 1), ('corrAns', u'down')])
260.6004 	EXP 	stimuli: autoDraw = False
260.6004 	EXP 	hint: autoDraw = False
260.6004 	EXP 	stimuli: color = u'green (named)'
260.6004 	EXP 	stimuli: text = u'green'
260.6004 	EXP 	hint: autoDraw = True
261.0809 	EXP 	stimuli: autoDraw = True
261.6634 	DATA 	Keypress: down
261.6670 	EXP 	New trial (rep=2, index=15): OrderedDict([('word', u'red'), ('color', u'red'), ('congruent', 1), ('corrAns', u'left')])
261.7100 	EXP 	stimuli: autoDraw = False
261.7100 	EXP 	hint: autoDraw = False
261.7100 	EXP 	stimuli: color = u'red (named)'
261.7100 	EXP 	stimuli: text = u'red'
261.7100 	EXP 	hint: autoDraw = True
262.1960 	EXP 	stimuli: autoDraw = True
262.7841 	DATA 	Keypress: left
262.8012 	EXP 	New trial (rep=2, index=16): OrderedDict([('word', u'green'), ('color', u'red'), ('congruent', 0), ('corrAns', u'left')])
262.8613 	EXP 	stimuli: autoDraw = False
262.8613 	EXP 	hint: autoDraw = False
262.8613 	EXP 	stimuli: color = u'red (named)'
262.8613 	EXP 	stimuli: text = u'green'
262.8613 	EXP 	hint: autoDraw = True
263.3302 	EXP 	stimuli: autoDraw = True
264.1643 	DATA 	Keypress: down
264.1691 	EXP 	New trial (rep=2, index=17): OrderedDict([('word', u'blue'), ('color', u'blue'), ('congruent', 1), ('corrAns', u'right')])
264.2186 	EXP 	stimuli: autoDraw = False
264.2186 	EXP 	hint: autoDraw = False
264.2186 	EXP 	stimuli: color = u'blue (named)'
264.2186 	EXP 	stimuli: text = u'blue'
264.2186 	EXP 	hint: autoDraw = True
264.6971 	EXP 	stimuli: autoDraw = True
265.3647 	DATA 	Keypress: right
265.3678 	EXP 	New trial (rep=2, index=18): OrderedDict([('word', u'blue'), ('color', u'blue'), ('congruent', 1), ('corrAns', u'right')])
265.3806 	EXP 	stimuli: autoDraw = False
265.3806 	EXP 	hint: autoDraw = False
265.3806 	EXP 	stimuli: color = u'blue (named)'
265.3806 	EXP 	stimuli: text = u'blue'
265.3806 	EXP 	hint: autoDraw = True
265.9021 	EXP 	stimuli: autoDraw = True
266.4820 	DATA 	Keypress: right
266.4865 	EXP 	New trial (rep=2, index=19): OrderedDict([('word', u'red'), ('color', u'red'), ('congruent', 1), ('corrAns', u'left')])
266.5298 	EXP 	stimuli: autoDraw = False
266.5298 	EXP 	hint: autoDraw = False
266.5298 	EXP 	stimuli: color = u'red (named)'
266.5298 	EXP 	stimuli: text = u'red'
266.5298 	EXP 	hint: autoDraw = True
267.0220 	EXP 	stimuli: autoDraw = True
268.0161 	DATA 	Keypress: left
268.0205 	EXP 	New trial (rep=2, index=20): OrderedDict([('word', u'blue'), ('color', u'blue'), ('congruent', 1), ('corrAns', u'right')])
268.0722 	EXP 	stimuli: autoDraw = False
268.0722 	EXP 	hint: autoDraw = False
268.0722 	EXP 	stimuli: color = u'blue (named)'
268.0722 	EXP 	stimuli: text = u'blue'
268.0722 	EXP 	hint: autoDraw = True
268.5494 	EXP 	stimuli: autoDraw = True
269.3992 	DATA 	Keypress: right
269.4037 	EXP 	New trial (rep=2, index=21): OrderedDict([('word', u'blue'), ('color', u'blue'), ('congruent', 1), ('corrAns', u'right')])
269.4169 	EXP 	stimuli: autoDraw = False
269.4169 	EXP 	hint: autoDraw = False
269.4169 	EXP 	stimuli: color = u'blue (named)'
269.4169 	EXP 	stimuli: text = u'blue'
269.4169 	EXP 	hint: autoDraw = True
269.9321 	EXP 	stimuli: autoDraw = True
270.4830 	DATA 	Keypress: right
270.4875 	EXP 	New trial (rep=2, index=22): OrderedDict([('word', u'blue'), ('color', u'blue'), ('congruent', 1), ('corrAns', u'right')])
270.5007 	EXP 	stimuli: autoDraw = False
270.5007 	EXP 	hint: autoDraw = False
270.5007 	EXP 	stimuli: color = u'blue (named)'
270.5007 	EXP 	stimuli: text = u'blue'
270.5007 	EXP 	hint: autoDraw = True
271.0158 	EXP 	stimuli: autoDraw = True
271.4836 	DATA 	Keypress: right
271.4884 	EXP 	New trial (rep=2, index=23): OrderedDict([('word', u'blue'), ('color', u'blue'), ('congruent', 1), ('corrAns', u'right')])
271.5017 	EXP 	stimuli: autoDraw = False
271.5017 	EXP 	hint: autoDraw = False
271.5017 	EXP 	stimuli: color = u'blue (named)'
271.5017 	EXP 	stimuli: text = u'blue'
271.5017 	EXP 	hint: autoDraw = True
272.0160 	EXP 	stimuli: autoDraw = True
272.4839 	DATA 	Keypress: right
272.4887 	EXP 	New trial (rep=2, index=24): OrderedDict([('word', u'blue'), ('color', u'blue'), ('congruent', 1), ('corrAns', u'right')])
272.5022 	EXP 	stimuli: autoDraw = False
272.5022 	EXP 	hint: autoDraw = False
272.5022 	EXP 	stimuli: color = u'blue (named)'
272.5022 	EXP 	stimuli: text = u'blue'
272.5022 	EXP 	hint: autoDraw = True
273.0166 	EXP 	stimuli: autoDraw = True
273.4838 	DATA 	Keypress: right
273.4868 	EXP 	New trial (rep=2, index=25): OrderedDict([('word', u'blue'), ('color', u'blue'), ('congruent', 1), ('corrAns', u'right')])
273.5000 	EXP 	stimuli: autoDraw = False
273.5000 	EXP 	hint: autoDraw = False
273.5000 	EXP 	stimuli: color = u'blue (named)'
273.5000 	EXP 	stimuli: text = u'blue'
273.5000 	EXP 	hint: autoDraw = True
274.0169 	EXP 	stimuli: autoDraw = True
274.4841 	DATA 	Keypress: right
274.4872 	EXP 	New trial (rep=2, index=26): OrderedDict([('word', u'green'), ('color', u'green'), ('congruent', 1), ('corrAns', u'down')])
274.5385 	EXP 	stimuli: autoDraw = False
274.5385 	EXP 	hint: autoDraw = False
274.5385 	EXP 	stimuli: color = u'green (named)'
274.5385 	EXP 	stimuli: text = u'green'
274.5385 	EXP 	hint: autoDraw = True
275.0170 	EXP 	stimuli: autoDraw = True
275.5963 	DATA 	Keypress: down
275.6156 	EXP 	New trial (rep=2, index=27): OrderedDict([('word', u'red'), ('color', u'red'), ('congruent', 1), ('corrAns', u'left')])
275.6736 	EXP 	stimuli: autoDraw = False
275.6736 	EXP 	hint: autoDraw = False
275.6736 	EXP 	stimuli: color = u'red (named)'
275.6736 	EXP 	stimuli: text = u'red'
275.6736 	EXP 	hint: autoDraw = True
276.1340 	EXP 	stimuli: autoDraw = True
276.7383 	DATA 	Keypress: left
276.7556 	EXP 	New trial (rep=2, index=28): OrderedDict([('word', u'green'), ('color', u'green'), ('congruent', 1), ('corrAns', u'down')])
276.8148 	EXP 	stimuli: autoDraw = False
276.8148 	EXP 	hint: autoDraw = False
276.8148 	EXP 	stimuli: color = u'green (named)'
276.8148 	EXP 	stimuli: text = u'green'
276.8148 	EXP 	hint: autoDraw = True
277.2845 	EXP 	stimuli: autoDraw = True
277.8854 	DATA 	Keypress: down
277.8906 	EXP 	New trial (rep=2, index=29): OrderedDict([('word', u'green'), ('color', u'green'), ('congruent', 1), ('corrAns', u'down')])
277.9039 	EXP 	stimuli: autoDraw = False
277.9039 	EXP 	hint: autoDraw = False
277.9039 	EXP 	stimuli: color = u'green (named)'
277.9039 	EXP 	stimuli: text = u'green'
277.9039 	EXP 	hint: autoDraw = True
278.4180 	EXP 	stimuli: autoDraw = True
278.9187 	DATA 	Keypress: down
278.9219 	EXP 	New trial (rep=2, index=30): OrderedDict([('word', u'red'), ('color', u'red'), ('congruent', 1), ('corrAns', u'left')])
278.9613 	EXP 	stimuli: autoDraw = False
278.9613 	EXP 	hint: autoDraw = False
278.9613 	EXP 	stimuli: color = u'red (named)'
278.9613 	EXP 	stimuli: text = u'red'
278.9613 	EXP 	hint: autoDraw = True
279.4517 	EXP 	stimuli: autoDraw = True
279.9046 	DATA 	Keypress: left
279.9217 	EXP 	New trial (rep=2, index=31): OrderedDict([('word', u'blue'), ('color', u'green'), ('congruent', 0), ('corrAns', u'down')])
279.9642 	EXP 	stimuli: autoDraw = False
279.9642 	EXP 	hint: autoDraw = False
279.9642 	EXP 	stimuli: color = u'green (named)'
279.9642 	EXP 	stimuli: text = u'blue'
279.9642 	EXP 	hint: autoDraw = True
280.4536 	EXP 	stimuli: autoDraw = True
281.1697 	DATA 	Keypress: down
281.1744 	EXP 	New trial (rep=2, index=32): OrderedDict([('word', u'red'), ('color', u'red'), ('congruent', 1), ('corrAns', u'left')])
281.2184 	EXP 	stimuli: autoDraw = False
281.2184 	EXP 	hint: autoDraw = False
281.2184 	EXP 	stimuli: color = u'red (named)'
281.2184 	EXP 	stimuli: text = u'red'
281.2184 	EXP 	hint: autoDraw = True
281.7024 	EXP 	stimuli: autoDraw = True
282.4498 	DATA 	Keypress: left
282.4569 	EXP 	New trial (rep=2, index=33): OrderedDict([('word', u'red'), ('color', u'red'), ('congruent', 1), ('corrAns', u'left')])
282.4710 	EXP 	stimuli: autoDraw = False
282.4710 	EXP 	hint: autoDraw = False
282.4710 	EXP 	stimuli: color = u'red (named)'
282.4710 	EXP 	stimuli: text = u'red'
282.4710 	EXP 	hint: autoDraw = True
282.9862 	EXP 	stimuli: autoDraw = True
283.6205 	DATA 	Keypress: left
283.6246 	EXP 	New trial (rep=2, index=34): OrderedDict([('word', u'green'), ('color', u'green'), ('congruent', 1), ('corrAns', u'down')])
283.6825 	EXP 	stimuli: autoDraw = False
283.6825 	EXP 	hint: autoDraw = False
283.6825 	EXP 	stimuli: color = u'green (named)'
283.6825 	EXP 	stimuli: text = u'green'
283.6825 	EXP 	hint: autoDraw = True
284.1531 	EXP 	stimuli: autoDraw = True
284.6735 	DATA 	Keypress: down
284.6907 	EXP 	New trial (rep=2, index=35): OrderedDict([('word', u'green'), ('color', u'green'), ('congruent', 1), ('corrAns', u'down')])
284.7035 	EXP 	stimuli: autoDraw = False
284.7035 	EXP 	hint: autoDraw = False
284.7035 	EXP 	stimuli: color = u'green (named)'
284.7035 	EXP 	stimuli: text = u'green'
284.7035 	EXP 	hint: autoDraw = True
285.2262 	EXP 	stimuli: autoDraw = True
285.7044 	DATA 	Keypress: down
285.7082 	EXP 	New trial (rep=2, index=36): OrderedDict([('word', u'green'), ('color', u'green'), ('congruent', 1), ('corrAns', u'down')])
285.7210 	EXP 	stimuli: autoDraw = False
285.7210 	EXP 	hint: autoDraw = False
285.7210 	EXP 	stimuli: color = u'green (named)'
285.7210 	EXP 	stimuli: text = u'green'
285.7210 	EXP 	hint: autoDraw = True
286.2372 	EXP 	stimuli: autoDraw = True
286.7215 	DATA 	Keypress: down
286.7254 	EXP 	New trial (rep=2, index=37): OrderedDict([('word', u'red'), ('color', u'red'), ('congruent', 1), ('corrAns', u'left')])
286.7695 	EXP 	stimuli: autoDraw = False
286.7695 	EXP 	hint: autoDraw = False
286.7695 	EXP 	stimuli: color = u'red (named)'
286.7695 	EXP 	stimuli: text = u'red'
286.7695 	EXP 	hint: autoDraw = True
287.2539 	EXP 	stimuli: autoDraw = True
287.7715 	DATA 	Keypress: left
287.7745 	EXP 	New trial (rep=2, index=38): OrderedDict([('word', u'green'), ('color', u'green'), ('congruent', 1), ('corrAns', u'down')])
287.8252 	EXP 	stimuli: autoDraw = False
287.8252 	EXP 	hint: autoDraw = False
287.8252 	EXP 	stimuli: color = u'green (named)'
287.8252 	EXP 	stimuli: text = u'green'
287.8252 	EXP 	hint: autoDraw = True
288.3085 	EXP 	stimuli: autoDraw = True
288.8251 	DATA 	Keypress: left
288.8421 	EXP 	New trial (rep=2, index=39): OrderedDict([('word', u'green'), ('color', u'blue'), ('congruent', 0), ('corrAns', u'right')])
288.8548 	EXP 	stimuli: autoDraw = False
288.8548 	EXP 	hint: autoDraw = False
288.8548 	EXP 	stimuli: color = u'blue (named)'
288.8548 	EXP 	stimuli: text = u'green'
288.8548 	EXP 	hint: autoDraw = True
289.3714 	EXP 	stimuli: autoDraw = True
290.5889 	DATA 	Keypress: right
290.5928 	EXP 	New trial (rep=2, index=40): OrderedDict([('word', u'blue'), ('color', u'blue'), ('congruent', 1), ('corrAns', u'right')])
290.6396 	EXP 	stimuli: autoDraw = False
290.6396 	EXP 	hint: autoDraw = False
290.6396 	EXP 	stimuli: color = u'blue (named)'
290.6396 	EXP 	stimuli: text = u'blue'
290.6396 	EXP 	hint: autoDraw = True
291.1217 	EXP 	stimuli: autoDraw = True
291.6413 	DATA 	Keypress: right
291.6561 	EXP 	New trial (rep=2, index=41): OrderedDict([('word', u'green'), ('color', u'green'), ('congruent', 1), ('corrAns', u'down')])
291.7477 	EXP 	stimuli: autoDraw = False
291.7477 	EXP 	hint: autoDraw = False
291.7477 	EXP 	stimuli: color = u'green (named)'
291.7477 	EXP 	stimuli: text = u'green'
291.7477 	EXP 	hint: autoDraw = True
292.1888 	EXP 	stimuli: autoDraw = True
292.7932 	DATA 	Keypress: down
292.8106 	EXP 	New trial (rep=2, index=42): OrderedDict([('word', u'red'), ('color', u'red'), ('congruent', 1), ('corrAns', u'left')])
292.8573 	EXP 	stimuli: autoDraw = False
292.8573 	EXP 	hint: autoDraw = False
292.8573 	EXP 	stimuli: color = u'red (named)'
292.8573 	EXP 	stimuli: text = u'red'
292.8573 	EXP 	hint: autoDraw = True
293.3409 	EXP 	stimuli: autoDraw = True
293.9234 	DATA 	Keypress: left
293.9273 	EXP 	New trial (rep=2, index=43): OrderedDict([('word', u'green'), ('color', u'green'), ('congruent', 1), ('corrAns', u'down')])
293.9807 	EXP 	stimuli: autoDraw = False
293.9807 	EXP 	hint: autoDraw = False
293.9807 	EXP 	stimuli: color = u'green (named)'
293.9807 	EXP 	stimuli: text = u'green'
293.9807 	EXP 	hint: autoDraw = True
294.4563 	EXP 	stimuli: autoDraw = True
295.0736 	DATA 	Keypress: down
295.0770 	EXP 	New trial (rep=2, index=44): OrderedDict([('word', u'red'), ('color', u'red'), ('congruent', 1), ('corrAns', u'left')])
295.1211 	EXP 	stimuli: autoDraw = False
295.1211 	EXP 	hint: autoDraw = False
295.1211 	EXP 	stimuli: color = u'red (named)'
295.1211 	EXP 	stimuli: text = u'red'
295.1211 	EXP 	hint: autoDraw = True
295.6119 	EXP 	stimuli: autoDraw = True
296.0576 	DATA 	Keypress: left
296.0614 	EXP 	New trial (rep=3, index=0): OrderedDict([('word', u'red'), ('color', u'red'), ('congruent', 1), ('corrAns', u'left')])
296.0745 	EXP 	stimuli: autoDraw = False
296.0745 	EXP 	hint: autoDraw = False
296.0745 	EXP 	stimuli: color = u'red (named)'
296.0745 	EXP 	stimuli: text = u'red'
296.0745 	EXP 	hint: autoDraw = True
296.5902 	EXP 	stimuli: autoDraw = True
297.1917 	DATA 	Keypress: left
297.1962 	EXP 	New trial (rep=3, index=1): OrderedDict([('word', u'blue'), ('color', u'blue'), ('congruent', 1), ('corrAns', u'right')])
297.2463 	EXP 	stimuli: autoDraw = False
297.2463 	EXP 	hint: autoDraw = False
297.2463 	EXP 	stimuli: color = u'blue (named)'
297.2463 	EXP 	stimuli: text = u'blue'
297.2463 	EXP 	hint: autoDraw = True
297.7290 	EXP 	stimuli: autoDraw = True
298.3779 	DATA 	Keypress: right
298.3953 	EXP 	New trial (rep=3, index=2): OrderedDict([('word', u'blue'), ('color', u'blue'), ('congruent', 1), ('corrAns', u'right')])
298.4078 	EXP 	stimuli: autoDraw = False
298.4078 	EXP 	hint: autoDraw = False
298.4078 	EXP 	stimuli: color = u'blue (named)'
298.4078 	EXP 	stimuli: text = u'blue'
298.4078 	EXP 	hint: autoDraw = True
298.9244 	EXP 	stimuli: autoDraw = True
299.3752 	DATA 	Keypress: right
299.3800 	EXP 	New trial (rep=3, index=3): OrderedDict([('word', u'green'), ('color', u'green'), ('congruent', 1), ('corrAns', u'down')])
299.4410 	EXP 	stimuli: autoDraw = False
299.4410 	EXP 	hint: autoDraw = False
299.4410 	EXP 	stimuli: color = u'green (named)'
299.4410 	EXP 	stimuli: text = u'green'
299.4410 	EXP 	hint: autoDraw = True
299.9080 	EXP 	stimuli: autoDraw = True
301.0758 	DATA 	Keypress: down
301.0799 	EXP 	New trial (rep=3, index=4): OrderedDict([('word', u'green'), ('color', u'green'), ('congruent', 1), ('corrAns', u'down')])
301.0924 	EXP 	stimuli: autoDraw = False
301.0924 	EXP 	hint: autoDraw = False
301.0924 	EXP 	stimuli: color = u'green (named)'
301.0924 	EXP 	stimuli: text = u'green'
301.0924 	EXP 	hint: autoDraw = True
301.6083 	EXP 	stimuli: autoDraw = True
302.0762 	DATA 	Keypress: down
302.0803 	EXP 	New trial (rep=3, index=5): OrderedDict([('word', u'red'), ('color', u'blue'), ('congruent', 0), ('corrAns', u'right')])
302.1246 	EXP 	stimuli: autoDraw = False
302.1246 	EXP 	hint: autoDraw = False
302.1246 	EXP 	stimuli: color = u'blue (named)'
302.1246 	EXP 	stimuli: text = u'red'
302.1246 	EXP 	hint: autoDraw = True
302.6102 	EXP 	stimuli: autoDraw = True
303.1760 	DATA 	Keypress: left
303.1799 	EXP 	New trial (rep=3, index=6): OrderedDict([('word', u'green'), ('color', u'blue'), ('congruent', 0), ('corrAns', u'right')])
303.2368 	EXP 	stimuli: autoDraw = False
303.2368 	EXP 	hint: autoDraw = False
303.2368 	EXP 	stimuli: color = u'blue (named)'
303.2368 	EXP 	stimuli: text = u'green'
303.2368 	EXP 	hint: autoDraw = True
303.7090 	EXP 	stimuli: autoDraw = True
305.1436 	DATA 	Keypress: right
305.1466 	EXP 	New trial (rep=3, index=7): OrderedDict([('word', u'red'), ('color', u'red'), ('congruent', 1), ('corrAns', u'left')])
305.1863 	EXP 	stimuli: autoDraw = False
305.1863 	EXP 	hint: autoDraw = False
305.1863 	EXP 	stimuli: color = u'red (named)'
305.1863 	EXP 	stimuli: text = u'red'
305.1863 	EXP 	hint: autoDraw = True
305.6766 	EXP 	stimuli: autoDraw = True
306.4793 	DATA 	Keypress: left
306.4966 	EXP 	New trial (rep=3, index=8): OrderedDict([('word', u'green'), ('color', u'green'), ('congruent', 1), ('corrAns', u'down')])
306.5483 	EXP 	stimuli: autoDraw = False
306.5483 	EXP 	hint: autoDraw = False
306.5483 	EXP 	stimuli: color = u'green (named)'
306.5483 	EXP 	stimuli: text = u'green'
306.5483 	EXP 	hint: autoDraw = True
307.0269 	EXP 	stimuli: autoDraw = True
307.8113 	DATA 	Keypress: down
307.8158 	EXP 	New trial (rep=3, index=9): OrderedDict([('word', u'green'), ('color', u'green'), ('congruent', 1), ('corrAns', u'down')])
307.8290 	EXP 	stimuli: autoDraw = False
307.8290 	EXP 	hint: autoDraw = False
307.8290 	EXP 	stimuli: color = u'green (named)'
307.8290 	EXP 	stimuli: text = u'green'
307.8290 	EXP 	hint: autoDraw = True
308.3440 	EXP 	stimuli: autoDraw = True
309.0117 	DATA 	Keypress: down
309.0169 	EXP 	New trial (rep=3, index=10): OrderedDict([('word', u'blue'), ('color', u'green'), ('congruent', 0), ('corrAns', u'down')])
309.0726 	EXP 	stimuli: autoDraw = False
309.0726 	EXP 	hint: autoDraw = False
309.0726 	EXP 	stimuli: color = u'green (named)'
309.0726 	EXP 	stimuli: text = u'blue'
309.0726 	EXP 	hint: autoDraw = True
309.5530 	EXP 	stimuli: autoDraw = True
309.9782 	DATA 	Keypress: down
309.9823 	EXP 	New trial (rep=3, index=11): OrderedDict([('word', u'green'), ('color', u'red'), ('congruent', 0), ('corrAns', u'left')])
310.0426 	EXP 	stimuli: autoDraw = False
310.0426 	EXP 	hint: autoDraw = False
310.0426 	EXP 	stimuli: color = u'red (named)'
310.0426 	EXP 	stimuli: text = u'green'
310.0426 	EXP 	hint: autoDraw = True
310.5192 	EXP 	stimuli: autoDraw = True
311.1456 	DATA 	Keypress: right
311.1500 	EXP 	New trial (rep=3, index=12): OrderedDict([('word', u'blue'), ('color', u'blue'), ('congruent', 1), ('corrAns', u'right')])
311.1956 	EXP 	stimuli: autoDraw = False
311.1956 	EXP 	hint: autoDraw = False
311.1956 	EXP 	stimuli: color = u'blue (named)'
311.1956 	EXP 	stimuli: text = u'blue'
311.1956 	EXP 	hint: autoDraw = True
311.6782 	EXP 	stimuli: autoDraw = True
312.4125 	DATA 	Keypress: right
312.4166 	EXP 	New trial (rep=3, index=13): OrderedDict([('word', u'red'), ('color', u'red'), ('congruent', 1), ('corrAns', u'left')])
312.4615 	EXP 	stimuli: autoDraw = False
312.4615 	EXP 	hint: autoDraw = False
312.4615 	EXP 	stimuli: color = u'red (named)'
312.4615 	EXP 	stimuli: text = u'red'
312.4615 	EXP 	hint: autoDraw = True
312.9450 	EXP 	stimuli: autoDraw = True
313.8635 	DATA 	Keypress: left
313.8837 	EXP 	New trial (rep=3, index=14): OrderedDict([('word', u'red'), ('color', u'red'), ('congruent', 1), ('corrAns', u'left')])
313.8970 	EXP 	stimuli: autoDraw = False
313.8970 	EXP 	hint: autoDraw = False
313.8970 	EXP 	stimuli: color = u'red (named)'
313.8970 	EXP 	stimuli: text = u'red'
313.8970 	EXP 	hint: autoDraw = True
314.4183 	EXP 	stimuli: autoDraw = True
316.1655 	DATA 	Keypress: left
316.1797 	EXP 	New trial (rep=3, index=15): OrderedDict([('word', u'blue'), ('color', u'red'), ('congruent', 0), ('corrAns', u'left')])
316.2447 	EXP 	stimuli: autoDraw = False
316.2447 	EXP 	hint: autoDraw = False
316.2447 	EXP 	stimuli: color = u'red (named)'
316.2447 	EXP 	stimuli: text = u'blue'
316.2447 	EXP 	hint: autoDraw = True
316.7131 	EXP 	stimuli: autoDraw = True
317.2204 	DATA 	Keypress: left
317.2395 	EXP 	New trial (rep=3, index=16): OrderedDict([('word', u'blue'), ('color', u'blue'), ('congruent', 1), ('corrAns', u'right')])
317.2509 	EXP 	stimuli: autoDraw = False
317.2509 	EXP 	hint: autoDraw = False
317.2509 	EXP 	stimuli: color = u'blue (named)'
317.2509 	EXP 	stimuli: text = u'blue'
317.2509 	EXP 	hint: autoDraw = True
317.7635 	EXP 	stimuli: autoDraw = True
318.3314 	DATA 	Keypress: right
318.3362 	EXP 	New trial (rep=3, index=17): OrderedDict([('word', u'green'), ('color', u'green'), ('congruent', 1), ('corrAns', u'down')])
318.3896 	EXP 	stimuli: autoDraw = False
318.3896 	EXP 	hint: autoDraw = False
318.3896 	EXP 	stimuli: color = u'green (named)'
318.3896 	EXP 	stimuli: text = u'green'
318.3896 	EXP 	hint: autoDraw = True
318.8638 	EXP 	stimuli: autoDraw = True
319.3841 	DATA 	Keypress: down
319.4017 	EXP 	New trial (rep=3, index=18): OrderedDict([('word', u'green'), ('color', u'green'), ('congruent', 1), ('corrAns', u'down')])
319.4145 	EXP 	stimuli: autoDraw = False
319.4145 	EXP 	hint: autoDraw = False
319.4145 	EXP 	stimuli: color = u'green (named)'
319.4145 	EXP 	stimuli: text = u'green'
319.4145 	EXP 	hint: autoDraw = True
319.9365 	EXP 	stimuli: autoDraw = True
320.3983 	DATA 	Keypress: down
320.4022 	EXP 	New trial (rep=3, index=19): OrderedDict([('word', u'green'), ('color', u'green'), ('congruent', 1), ('corrAns', u'down')])
320.4145 	EXP 	stimuli: autoDraw = False
320.4145 	EXP 	hint: autoDraw = False
320.4145 	EXP 	stimuli: color = u'green (named)'
320.4145 	EXP 	stimuli: text = u'green'
320.4145 	EXP 	hint: autoDraw = True
320.9357 	EXP 	stimuli: autoDraw = True
321.3823 	DATA 	Keypress: down
321.3871 	EXP 	New trial (rep=3, index=20): OrderedDict([('word', u'red'), ('color', u'green'), ('congruent', 0), ('corrAns', u'down')])
321.4339 	EXP 	stimuli: autoDraw = False
321.4339 	EXP 	hint: autoDraw = False
321.4339 	EXP 	stimuli: color = u'green (named)'
321.4339 	EXP 	stimuli: text = u'red'
321.4339 	EXP 	hint: autoDraw = True
321.9145 	EXP 	stimuli: autoDraw = True
322.4655 	DATA 	Keypress: down
322.4685 	EXP 	New trial (rep=3, index=21): OrderedDict([('word', u'red'), ('color', u'red'), ('congruent', 1), ('corrAns', u'left')])
322.4816 	EXP 	stimuli: autoDraw = False
322.4816 	EXP 	hint: autoDraw = False
322.4816 	EXP 	stimuli: color = u'red (named)'
322.4816 	EXP 	stimuli: text = u'red'
322.4816 	EXP 	hint: autoDraw = True
322.9982 	EXP 	stimuli: autoDraw = True
323.7462 	DATA 	Keypress: left
323.7544 	EXP 	New trial (rep=3, index=22): OrderedDict([('word', u'red'), ('color', u'green'), ('congruent', 0), ('corrAns', u'down')])
323.7690 	EXP 	stimuli: autoDraw = False
323.7690 	EXP 	hint: autoDraw = False
323.7690 	EXP 	stimuli: color = u'green (named)'
323.7690 	EXP 	stimuli: text = u'red'
323.7690 	EXP 	hint: autoDraw = True
324.2876 	EXP 	stimuli: autoDraw = True
325.6001 	DATA 	Keypress: down
325.6045 	EXP 	New trial (rep=3, index=23): OrderedDict([('word', u'blue'), ('color', u'blue'), ('congruent', 1), ('corrAns', u'right')])
325.6500 	EXP 	stimuli: autoDraw = False
325.6500 	EXP 	hint: autoDraw = False
325.6500 	EXP 	stimuli: color = u'blue (named)'
325.6500 	EXP 	stimuli: text = u'blue'
325.6500 	EXP 	hint: autoDraw = True
326.1326 	EXP 	stimuli: autoDraw = True
326.7097 	DATA 	Keypress: right
326.7223 	EXP 	New trial (rep=3, index=24): OrderedDict([('word', u'red'), ('color', u'red'), ('congruent', 1), ('corrAns', u'left')])
326.7784 	EXP 	stimuli: autoDraw = False
326.7784 	EXP 	hint: autoDraw = False
326.7784 	EXP 	stimuli: color = u'red (named)'
326.7784 	EXP 	stimuli: text = u'red'
326.7784 	EXP 	hint: autoDraw = True
327.2496 	EXP 	stimuli: autoDraw = True
327.9340 	DATA 	Keypress: left
327.9379 	EXP 	New trial (rep=3, index=25): OrderedDict([('word', u'blue'), ('color', u'blue'), ('congruent', 1), ('corrAns', u'right')])
327.9846 	EXP 	stimuli: autoDraw = False
327.9846 	EXP 	hint: autoDraw = False
327.9846 	EXP 	stimuli: color = u'blue (named)'
327.9846 	EXP 	stimuli: text = u'blue'
327.9846 	EXP 	hint: autoDraw = True
328.4721 	EXP 	stimuli: autoDraw = True
329.2679 	DATA 	Keypress: right
329.2720 	EXP 	New trial (rep=3, index=26): OrderedDict([('word', u'green'), ('color', u'green'), ('congruent', 1), ('corrAns', u'down')])
329.3304 	EXP 	stimuli: autoDraw = False
329.3304 	EXP 	hint: autoDraw = False
329.3304 	EXP 	stimuli: color = u'green (named)'
329.3304 	EXP 	stimuli: text = u'green'
329.3304 	EXP 	hint: autoDraw = True
329.8005 	EXP 	stimuli: autoDraw = True
330.3516 	DATA 	Keypress: down
330.3560 	EXP 	New trial (rep=3, index=27): OrderedDict([('word', u'red'), ('color', u'red'), ('congruent', 1), ('corrAns', u'left')])
330.4020 	EXP 	stimuli: autoDraw = False
330.4020 	EXP 	hint: autoDraw = False
330.4020 	EXP 	stimuli: color = u'red (named)'
330.4020 	EXP 	stimuli: text = u'red'
330.4020 	EXP 	hint: autoDraw = True
330.8929 	EXP 	stimuli: autoDraw = True
331.5688 	DATA 	Keypress: left
331.5732 	EXP 	New trial (rep=3, index=28): OrderedDict([('word', u'red'), ('color', u'red'), ('congruent', 1), ('corrAns', u'left')])
331.5862 	EXP 	stimuli: autoDraw = False
331.5862 	EXP 	hint: autoDraw = False
331.5862 	EXP 	stimuli: color = u'red (named)'
331.5862 	EXP 	stimuli: text = u'red'
331.5862 	EXP 	hint: autoDraw = True
332.1011 	EXP 	stimuli: autoDraw = True
332.6019 	DATA 	Keypress: left
332.6064 	EXP 	New trial (rep=3, index=29): OrderedDict([('word', u'blue'), ('color', u'red'), ('congruent', 0), ('corrAns', u'left')])
332.6553 	EXP 	stimuli: autoDraw = False
332.6553 	EXP 	hint: autoDraw = False
332.6553 	EXP 	stimuli: color = u'red (named)'
332.6553 	EXP 	stimuli: text = u'blue'
332.6553 	EXP 	hint: autoDraw = True
333.1344 	EXP 	stimuli: autoDraw = True
333.6188 	DATA 	Keypress: left
333.6218 	EXP 	New trial (rep=3, index=30): OrderedDict([('word', u'red'), ('color', u'red'), ('congruent', 1), ('corrAns', u'left')])
333.6613 	EXP 	stimuli: autoDraw = False
333.6613 	EXP 	hint: autoDraw = False
333.6613 	EXP 	stimuli: color = u'red (named)'
333.6613 	EXP 	stimuli: text = u'red'
333.6613 	EXP 	hint: autoDraw = True
334.1536 	EXP 	stimuli: autoDraw = True
334.6194 	DATA 	Keypress: left
334.6232 	EXP 	New trial (rep=3, index=31): OrderedDict([('word', u'blue'), ('color', u'blue'), ('congruent', 1), ('corrAns', u'right')])
334.6700 	EXP 	stimuli: autoDraw = False
334.6700 	EXP 	hint: autoDraw = False
334.6700 	EXP 	stimuli: color = u'blue (named)'
334.6700 	EXP 	stimuli: text = u'blue'
334.6700 	EXP 	hint: autoDraw = True
335.1521 	EXP 	stimuli: autoDraw = True
335.7366 	DATA 	Keypress: right
335.7418 	EXP 	New trial (rep=3, index=32): OrderedDict([('word', u'blue'), ('color', u'blue'), ('congruent', 1), ('corrAns', u'right')])
335.7553 	EXP 	stimuli: autoDraw = False
335.7553 	EXP 	hint: autoDraw = False
335.7553 	EXP 	stimuli: color = u'blue (named)'
335.7553 	EXP 	stimuli: text = u'blue'
335.7553 	EXP 	hint: autoDraw = True
336.2692 	EXP 	stimuli: autoDraw = True
336.7872 	DATA 	Keypress: right
336.7916 	EXP 	New trial (rep=3, index=33): OrderedDict([('word', u'red'), ('color', u'red'), ('congruent', 1), ('corrAns', u'left')])
336.8334 	EXP 	stimuli: autoDraw = False
336.8334 	EXP 	hint: autoDraw = False
336.8334 	EXP 	stimuli: color = u'red (named)'
336.8334 	EXP 	stimuli: text = u'red'
336.8334 	EXP 	hint: autoDraw = True
337.3193 	EXP 	stimuli: autoDraw = True
337.9378 	DATA 	Keypress: left
337.9430 	EXP 	New trial (rep=3, index=34): OrderedDict([('word', u'green'), ('color', u'green'), ('congruent', 1), ('corrAns', u'down')])
338.0036 	EXP 	stimuli: autoDraw = False
338.0036 	EXP 	hint: autoDraw = False
338.0036 	EXP 	stimuli: color = u'green (named)'
338.0036 	EXP 	stimuli: text = u'green'
338.0036 	EXP 	hint: autoDraw = True
338.4786 	EXP 	stimuli: autoDraw = True
339.2044 	DATA 	Keypress: down
339.2088 	EXP 	New trial (rep=3, index=35): OrderedDict([('word', u'red'), ('color', u'red'), ('congruent', 1), ('corrAns', u'left')])
339.2577 	EXP 	stimuli: autoDraw = False
339.2577 	EXP 	hint: autoDraw = False
339.2577 	EXP 	stimuli: color = u'red (named)'
339.2577 	EXP 	stimuli: text = u'red'
339.2577 	EXP 	hint: autoDraw = True
339.7380 	EXP 	stimuli: autoDraw = True
341.1881 	DATA 	Keypress: left
341.1930 	EXP 	New trial (rep=3, index=36): OrderedDict([('word', u'green'), ('color', u'green'), ('congruent', 1), ('corrAns', u'down')])
341.2484 	EXP 	stimuli: autoDraw = False
341.2484 	EXP 	hint: autoDraw = False
341.2484 	EXP 	stimuli: color = u'green (named)'
341.2484 	EXP 	stimuli: text = u'green'
341.2484 	EXP 	hint: autoDraw = True
341.7273 	EXP 	stimuli: autoDraw = True
342.2051 	DATA 	Keypress: down
342.2096 	EXP 	New trial (rep=3, index=37): OrderedDict([('word', u'blue'), ('color', u'blue'), ('congruent', 1), ('corrAns', u'right')])
342.2604 	EXP 	stimuli: autoDraw = False
342.2604 	EXP 	hint: autoDraw = False
342.2604 	EXP 	stimuli: color = u'blue (named)'
342.2604 	EXP 	stimuli: text = u'blue'
342.2604 	EXP 	hint: autoDraw = True
342.7378 	EXP 	stimuli: autoDraw = True
343.2389 	DATA 	Keypress: right
343.2460 	EXP 	New trial (rep=3, index=38): OrderedDict([('word', u'green'), ('color', u'green'), ('congruent', 1), ('corrAns', u'down')])
343.3173 	EXP 	stimuli: autoDraw = False
343.3173 	EXP 	hint: autoDraw = False
343.3173 	EXP 	stimuli: color = u'green (named)'
343.3173 	EXP 	stimuli: text = u'green'
343.3173 	EXP 	hint: autoDraw = True
343.7714 	EXP 	stimuli: autoDraw = True
344.2723 	DATA 	Keypress: down
344.2771 	EXP 	New trial (rep=3, index=39): OrderedDict([('word', u'blue'), ('color', u'blue'), ('congruent', 1), ('corrAns', u'right')])
344.3289 	EXP 	stimuli: autoDraw = False
344.3289 	EXP 	hint: autoDraw = False
344.3289 	EXP 	stimuli: color = u'blue (named)'
344.3289 	EXP 	stimuli: text = u'blue'
344.3289 	EXP 	hint: autoDraw = True
344.8055 	EXP 	stimuli: autoDraw = True
345.4893 	DATA 	Keypress: right
345.4925 	EXP 	New trial (rep=3, index=40): OrderedDict([('word', u'red'), ('color', u'red'), ('congruent', 1), ('corrAns', u'left')])
345.5323 	EXP 	stimuli: autoDraw = False
345.5323 	EXP 	hint: autoDraw = False
345.5323 	EXP 	stimuli: color = u'red (named)'
345.5323 	EXP 	stimuli: text = u'red'
345.5323 	EXP 	hint: autoDraw = True
346.0222 	EXP 	stimuli: autoDraw = True
346.6399 	DATA 	Keypress: left
346.6444 	EXP 	New trial (rep=3, index=41): OrderedDict([('word', u'blue'), ('color', u'blue'), ('congruent', 1), ('corrAns', u'right')])
346.6962 	EXP 	stimuli: autoDraw = False
346.6962 	EXP 	hint: autoDraw = False
346.6962 	EXP 	stimuli: color = u'blue (named)'
346.6962 	EXP 	stimuli: text = u'blue'
346.6962 	EXP 	hint: autoDraw = True
347.1765 	EXP 	stimuli: autoDraw = True
347.8233 	DATA 	Keypress: right
347.8274 	EXP 	New trial (rep=3, index=42): OrderedDict([('word', u'green'), ('color', u'green'), ('congruent', 1), ('corrAns', u'down')])
347.8830 	EXP 	stimuli: autoDraw = False
347.8830 	EXP 	hint: autoDraw = False
347.8830 	EXP 	stimuli: color = u'green (named)'
347.8830 	EXP 	stimuli: text = u'green'
347.8830 	EXP 	hint: autoDraw = True
348.3639 	EXP 	stimuli: autoDraw = True
348.9601 	DATA 	Keypress: down
348.9777 	EXP 	New trial (rep=3, index=43): OrderedDict([('word', u'green'), ('color', u'blue'), ('congruent', 0), ('corrAns', u'right')])
348.9904 	EXP 	stimuli: autoDraw = False
348.9904 	EXP 	hint: autoDraw = False
348.9904 	EXP 	stimuli: color = u'blue (named)'
348.9904 	EXP 	stimuli: text = u'green'
348.9904 	EXP 	hint: autoDraw = True
349.5064 	EXP 	stimuli: autoDraw = True
350.2408 	DATA 	Keypress: right
350.2449 	EXP 	New trial (rep=3, index=44): OrderedDict([('word', u'blue'), ('color', u'blue'), ('congruent', 1), ('corrAns', u'right')])
350.2938 	EXP 	stimuli: autoDraw = False
350.2938 	EXP 	hint: autoDraw = False
350.2938 	EXP 	stimuli: color = u'blue (named)'
350.2938 	EXP 	stimuli: text = u'blue'
350.2938 	EXP 	hint: autoDraw = True
350.7827 	EXP 	stimuli: autoDraw = True
351.6412 	DATA 	Keypress: right
352.0388 	EXP 	stimuli: autoDraw = False
352.0388 	EXP 	hint: autoDraw = False
352.0388 	EXP 	text_2: autoDraw = True
355.0755 	DATA 	Keypress: space
356.9805 	EXP 	window1: mouseVisible = True
