15.9165 	WARNING 	User requested fullscreen with size [1366  768], but screen is actually [1920, 1080]. Using actual size
21.0923 	EXP 	Created window1 = Window(allowGUI=False, allowStencil=False, args=UNKNOWN, autoLog=True, bitsMode=UNKNOWN, blendMode='avg', color=array([-1., -1., -1.]), colorSpace='rgb', fullscr=UNKNOWN, gamma=None, kwargs=UNKNOWN, lms=UNKNOWN, monitor=<psychopy.monitors.calibTools.Monitor object at 0x19556DD0>, multiSample=False, name='window1', numSamples=2, pos=[0, 0], screen=0, size=array([1920, 1080]), stereo=False, units='norm', useFBO=True, useRetina=False, viewOri=0.0, viewPos=None, viewScale=None, waitBlanking=True, winType=u'pyglet')
21.0924 	EXP 	window1: recordFrameIntervals = False
21.2567 	EXP 	window1: recordFrameIntervals = True
21.4408 	EXP 	window1: recordFrameIntervals = False
23.2337 	EXP 	Created instr = TextStim(alignHoriz='center', alignVert='center', antialias=True, autoLog=True, bold=False, color=array([ 1.,  1.,  1.]), colorSpace='rgb', contrast=1.0, depth=0.0, flipHoriz=False, flipVert=False, font='Arial', fontFiles=[], height=28, italic=False, name='instr', opacity=1.0, ori=0, pos=array([ 0.,  0.]), rgb=array([ 1.,  1.,  1.]), text=newstr(...), units='pix', win=Window(...), wrapWidth=900)
23.3996 	EXP 	Created stimuli = TextStim(alignHoriz='center', alignVert='center', antialias=True, autoLog=True, bold=False, color=array([ 1.,  1.,  1.]), colorSpace='rgb', contrast=1.0, depth=0.0, flipHoriz=False, flipVert=False, font='Arial', fontFiles=[], height=0.2, italic=False, name='stimuli', opacity=1.0, ori=0, pos=array([ 0.,  0.]), rgb=array([ 1.,  1.,  1.]), text='default text', units='norm', win=Window(...), wrapWidth=1)
23.6092 	EXP 	Created hint = TextStim(alignHoriz='center', alignVert='center', antialias=True, autoLog=True, bold=False, color='white', colorSpace='named', contrast=1.0, depth=-2.0, flipHoriz=False, flipVert=False, font='Arial', fontFiles=[], height=0.07, italic=False, name='hint', opacity=1.0, ori=0, pos=array([ 0. ,  0.7]), rgb=array([ 255.,  255.,  255.]), text='left => red    down => green   right = blue', units='norm', win=Window(...), wrapWidth=1)
23.7292 	EXP 	Created msgFeedback = TextStim(alignHoriz='center', alignVert='center', antialias=True, autoLog=True, bold=False, color=array([ 1.,  1.,  1.]), colorSpace='rgb', contrast=1.0, depth=-1.0, flipHoriz=False, flipVert=False, font='Arial', fontFiles=[], height=0.1, italic=False, name='msgFeedback', opacity=1.0, ori=0, pos=array([ 0.,  0.]), rgb=array([ 1.,  1.,  1.]), text='default text', units='norm', win=Window(...), wrapWidth=1)
24.6143 	EXP 	Created text = TextStim(alignHoriz='center', alignVert='center', antialias=True, autoLog=True, bold=False, color='white', colorSpace='named', contrast=1.0, depth=0.0, flipHoriz=False, flipVert=False, font='Arial', fontFiles=[], height=28, italic=False, name='text', opacity=1.0, ori=0, pos=array([ 0.,  0.]), rgb=array([ 255.,  255.,  255.]), text=newstr(...), units='pix', win=Window(...), wrapWidth=900)
24.6789 	EXP 	Created stimuli = TextStim(alignHoriz='center', alignVert='center', antialias=True, autoLog=True, bold=False, color=array([ 1.,  1.,  1.]), colorSpace='rgb', contrast=1.0, depth=0.0, flipHoriz=False, flipVert=False, font='Arial', fontFiles=[], height=0.2, italic=False, name='stimuli', opacity=1.0, ori=0, pos=array([ 0.,  0.]), rgb=array([ 1.,  1.,  1.]), text='default text', units='norm', win=Window(...), wrapWidth=1)
24.8401 	EXP 	Created hint = TextStim(alignHoriz='center', alignVert='center', antialias=True, autoLog=True, bold=False, color='white', colorSpace='named', contrast=1.0, depth=-2.0, flipHoriz=False, flipVert=False, font='Arial', fontFiles=[], height=0.07, italic=False, name='hint', opacity=1.0, ori=0, pos=array([ 0. ,  0.7]), rgb=array([ 255.,  255.,  255.]), text='left => red    down => green   right = blue', units='norm', win=Window(...), wrapWidth=1)
25.1286 	EXP 	Created text_2 = TextStim(alignHoriz='center', alignVert='center', antialias=True, autoLog=True, bold=False, color='white', colorSpace='named', contrast=1.0, depth=0.0, flipHoriz=False, flipVert=False, font='Arial', fontFiles=[], height=28, italic=False, name='text_2', opacity=1.0, ori=0, pos=array([ 0.,  0.]), rgb=array([ 255.,  255.,  255.]), text=newstr(...), units='pix', win=Window(...), wrapWidth=900)
25.1391 	EXP 	instr: autoDraw = True
206.5825 	DATA 	Keypress: space
206.7069 	EXP 	Imported pract_conditions.xlsx as conditions, 12 conditions, 4 params
206.7081 	EXP 	Created sequence: random, trialTypes=12, nReps=2, seed=None
206.7092 	EXP 	New trial (rep=0, index=0): OrderedDict([('word', u'blue'), ('color', u'red'), ('congruent', 0), ('corrAns', u'left')])
206.7566 	EXP 	instr: autoDraw = False
206.7566 	EXP 	stimuli: color = u'red (named)'
206.7566 	EXP 	stimuli: text = u'blue'
206.7566 	EXP 	hint: autoDraw = True
207.2394 	EXP 	stimuli: autoDraw = True
216.4880 	DATA 	Keypress: left
216.6140 	EXP 	stimuli: autoDraw = False
216.6140 	EXP 	hint: autoDraw = False
216.6140 	EXP 	msgFeedback: text = 'Correct! RT=9.256'
216.6140 	EXP 	msgFeedback: autoDraw = True
218.0045 	EXP 	New trial (rep=0, index=1): OrderedDict([('word', u'green'), ('color', u'blue'), ('congruent', 0), ('corrAns', u'right')])
218.0680 	EXP 	msgFeedback: autoDraw = False
218.0680 	EXP 	stimuli: color = u'blue (named)'
218.0680 	EXP 	stimuli: text = u'green'
218.0680 	EXP 	hint: autoDraw = True
218.5352 	EXP 	stimuli: autoDraw = True
222.7508 	DATA 	Keypress: right
222.8666 	EXP 	stimuli: autoDraw = False
222.8666 	EXP 	hint: autoDraw = False
222.8666 	EXP 	msgFeedback: text = 'Correct! RT=4.216'
222.8666 	EXP 	msgFeedback: autoDraw = True
224.2615 	EXP 	New trial (rep=0, index=2): OrderedDict([('word', u'green'), ('color', u'green'), ('congruent', 1), ('corrAns', u'down')])
224.2772 	EXP 	msgFeedback: autoDraw = False
224.2772 	EXP 	msgFeedback: autoDraw = False
224.2772 	EXP 	stimuli: color = u'green (named)'
224.2772 	EXP 	stimuli: text = u'green'
224.2772 	EXP 	hint: autoDraw = True
224.7868 	EXP 	stimuli: autoDraw = True
227.3049 	DATA 	Keypress: down
227.4087 	EXP 	stimuli: autoDraw = False
227.4087 	EXP 	hint: autoDraw = False
227.4087 	EXP 	msgFeedback: text = 'Correct! RT=2.518'
227.4087 	EXP 	msgFeedback: autoDraw = True
228.8084 	EXP 	New trial (rep=0, index=3): OrderedDict([('word', u'blue'), ('color', u'blue'), ('congruent', 1), ('corrAns', u'right')])
228.8638 	EXP 	msgFeedback: autoDraw = False
228.8638 	EXP 	msgFeedback: autoDraw = False
228.8638 	EXP 	stimuli: color = u'blue (named)'
228.8638 	EXP 	stimuli: text = u'blue'
228.8638 	EXP 	hint: autoDraw = True
229.3466 	EXP 	stimuli: autoDraw = True
233.6037 	DATA 	Keypress: right
233.7020 	EXP 	stimuli: autoDraw = False
233.7020 	EXP 	hint: autoDraw = False
233.7020 	EXP 	msgFeedback: text = 'Correct! RT=4.258'
233.7020 	EXP 	msgFeedback: autoDraw = True
235.1104 	EXP 	New trial (rep=0, index=4): OrderedDict([('word', u'blue'), ('color', u'green'), ('congruent', 0), ('corrAns', u'down')])
235.1243 	EXP 	msgFeedback: autoDraw = False
235.1243 	EXP 	msgFeedback: autoDraw = False
235.1243 	EXP 	stimuli: color = u'green (named)'
235.1243 	EXP 	stimuli: text = u'blue'
235.1243 	EXP 	hint: autoDraw = True
235.6404 	EXP 	stimuli: autoDraw = True
240.0932 	DATA 	Keypress: down
240.1998 	EXP 	stimuli: autoDraw = False
240.1998 	EXP 	hint: autoDraw = False
240.1998 	EXP 	msgFeedback: text = 'Correct! RT=4.453'
240.1998 	EXP 	msgFeedback: autoDraw = True
241.6004 	EXP 	New trial (rep=0, index=5): OrderedDict([('word', u'red'), ('color', u'red'), ('congruent', 1), ('corrAns', u'left')])
241.6756 	EXP 	msgFeedback: autoDraw = False
241.6756 	EXP 	msgFeedback: autoDraw = False
241.6756 	EXP 	stimuli: color = u'red (named)'
241.6756 	EXP 	stimuli: text = u'red'
241.6756 	EXP 	hint: autoDraw = True
242.1256 	EXP 	stimuli: autoDraw = True
245.0105 	DATA 	Keypress: left
245.0962 	EXP 	stimuli: autoDraw = False
245.0962 	EXP 	hint: autoDraw = False
245.0962 	EXP 	msgFeedback: text = 'Correct! RT=2.885'
245.0962 	EXP 	msgFeedback: autoDraw = True
246.5138 	EXP 	New trial (rep=0, index=6): OrderedDict([('word', u'green'), ('color', u'green'), ('congruent', 1), ('corrAns', u'down')])
246.5813 	EXP 	msgFeedback: autoDraw = False
246.5813 	EXP 	msgFeedback: autoDraw = False
246.5813 	EXP 	stimuli: color = u'green (named)'
246.5813 	EXP 	stimuli: text = u'green'
246.5813 	EXP 	hint: autoDraw = True
247.0455 	EXP 	stimuli: autoDraw = True
253.4465 	DATA 	Keypress: down
253.5581 	EXP 	stimuli: autoDraw = False
253.5581 	EXP 	hint: autoDraw = False
253.5581 	EXP 	msgFeedback: text = 'Correct! RT=6.401'
253.5581 	EXP 	msgFeedback: autoDraw = True
254.9494 	EXP 	New trial (rep=0, index=7): OrderedDict([('word', u'green'), ('color', u'red'), ('congruent', 0), ('corrAns', u'left')])
254.9633 	EXP 	msgFeedback: autoDraw = False
254.9633 	EXP 	msgFeedback: autoDraw = False
254.9633 	EXP 	stimuli: color = u'red (named)'
254.9633 	EXP 	stimuli: text = u'green'
254.9633 	EXP 	hint: autoDraw = True
255.4801 	EXP 	stimuli: autoDraw = True
260.5495 	DATA 	Keypress: left
260.6564 	EXP 	stimuli: autoDraw = False
260.6564 	EXP 	hint: autoDraw = False
260.6564 	EXP 	msgFeedback: text = 'Correct! RT=5.070'
260.6564 	EXP 	msgFeedback: autoDraw = True
262.0522 	EXP 	New trial (rep=0, index=8): OrderedDict([('word', u'red'), ('color', u'green'), ('congruent', 0), ('corrAns', u'down')])
262.1049 	EXP 	msgFeedback: autoDraw = False
262.1049 	EXP 	msgFeedback: autoDraw = False
262.1049 	EXP 	stimuli: color = u'green (named)'
262.1049 	EXP 	stimuli: text = u'red'
262.1049 	EXP 	hint: autoDraw = True
262.5840 	EXP 	stimuli: autoDraw = True
264.5707 	DATA 	Keypress: down
264.6774 	EXP 	stimuli: autoDraw = False
264.6774 	EXP 	hint: autoDraw = False
264.6774 	EXP 	msgFeedback: text = 'Correct! RT=1.999'
264.6774 	EXP 	msgFeedback: autoDraw = True
266.0911 	EXP 	New trial (rep=0, index=9): OrderedDict([('word', u'blue'), ('color', u'blue'), ('congruent', 1), ('corrAns', u'right')])
266.1630 	EXP 	msgFeedback: autoDraw = False
266.1630 	EXP 	msgFeedback: autoDraw = False
266.1630 	EXP 	stimuli: color = u'blue (named)'
266.1630 	EXP 	stimuli: text = u'blue'
266.1630 	EXP 	hint: autoDraw = True
266.6169 	EXP 	stimuli: autoDraw = True
271.4856 	DATA 	Keypress: right
271.5771 	EXP 	stimuli: autoDraw = False
271.5771 	EXP 	hint: autoDraw = False
271.5771 	EXP 	msgFeedback: text = 'Correct! RT=4.869'
271.5771 	EXP 	msgFeedback: autoDraw = True
272.9932 	EXP 	New trial (rep=0, index=10): OrderedDict([('word', u'red'), ('color', u'green'), ('congruent', 0), ('corrAns', u'down')])
273.0619 	EXP 	msgFeedback: autoDraw = False
273.0619 	EXP 	msgFeedback: autoDraw = False
273.0619 	EXP 	stimuli: color = u'green (named)'
273.0619 	EXP 	stimuli: text = u'red'
273.0619 	EXP 	hint: autoDraw = True
273.5246 	EXP 	stimuli: autoDraw = True
275.5708 	DATA 	Keypress: down
275.6797 	EXP 	stimuli: autoDraw = False
275.6797 	EXP 	hint: autoDraw = False
275.6797 	EXP 	msgFeedback: text = 'Correct! RT=2.047'
275.6797 	EXP 	msgFeedback: autoDraw = True
277.0735 	EXP 	New trial (rep=0, index=11): OrderedDict([('word', u'red'), ('color', u'red'), ('congruent', 1), ('corrAns', u'left')])
277.0875 	EXP 	msgFeedback: autoDraw = False
277.0875 	EXP 	msgFeedback: autoDraw = False
277.0875 	EXP 	stimuli: color = u'red (named)'
277.0875 	EXP 	stimuli: text = u'red'
277.0875 	EXP 	hint: autoDraw = True
277.6036 	EXP 	stimuli: autoDraw = True
278.9252 	DATA 	Keypress: left
279.0401 	EXP 	stimuli: autoDraw = False
279.0401 	EXP 	hint: autoDraw = False
279.0401 	EXP 	msgFeedback: text = 'Correct! RT=1.334'
279.0401 	EXP 	msgFeedback: autoDraw = True
280.4407 	EXP 	New trial (rep=1, index=0): OrderedDict([('word', u'red'), ('color', u'green'), ('congruent', 0), ('corrAns', u'down')])
280.4543 	EXP 	msgFeedback: autoDraw = False
280.4543 	EXP 	msgFeedback: autoDraw = False
280.4543 	EXP 	stimuli: color = u'green (named)'
280.4543 	EXP 	stimuli: text = u'red'
280.4543 	EXP 	hint: autoDraw = True
280.9771 	EXP 	stimuli: autoDraw = True
282.8911 	DATA 	Keypress: down
283.0091 	EXP 	stimuli: autoDraw = False
283.0091 	EXP 	hint: autoDraw = False
283.0091 	EXP 	msgFeedback: text = 'Correct! RT=1.915'
283.0091 	EXP 	msgFeedback: autoDraw = True
284.3968 	EXP 	New trial (rep=1, index=1): OrderedDict([('word', u'blue'), ('color', u'red'), ('congruent', 0), ('corrAns', u'left')])
284.4667 	EXP 	msgFeedback: autoDraw = False
284.4667 	EXP 	msgFeedback: autoDraw = False
284.4667 	EXP 	stimuli: color = u'red (named)'
284.4667 	EXP 	stimuli: text = u'blue'
284.4667 	EXP 	hint: autoDraw = True
284.9241 	EXP 	stimuli: autoDraw = True
287.3583 	DATA 	Keypress: left
287.4803 	EXP 	stimuli: autoDraw = False
287.4803 	EXP 	hint: autoDraw = False
287.4803 	EXP 	msgFeedback: text = 'Correct! RT=2.435'
287.4803 	EXP 	msgFeedback: autoDraw = True
288.8690 	EXP 	New trial (rep=1, index=2): OrderedDict([('word', u'green'), ('color', u'red'), ('congruent', 0), ('corrAns', u'left')])
288.9461 	EXP 	msgFeedback: autoDraw = False
288.9461 	EXP 	msgFeedback: autoDraw = False
288.9461 	EXP 	stimuli: color = u'red (named)'
288.9461 	EXP 	stimuli: text = u'green'
288.9461 	EXP 	hint: autoDraw = True
289.3955 	EXP 	stimuli: autoDraw = True
291.3422 	DATA 	Keypress: left
291.4519 	EXP 	stimuli: autoDraw = False
291.4519 	EXP 	hint: autoDraw = False
291.4519 	EXP 	msgFeedback: text = 'Correct! RT=1.947'
291.4519 	EXP 	msgFeedback: autoDraw = True
292.8491 	EXP 	New trial (rep=1, index=3): OrderedDict([('word', u'red'), ('color', u'red'), ('congruent', 1), ('corrAns', u'left')])
292.9188 	EXP 	msgFeedback: autoDraw = False
292.9188 	EXP 	msgFeedback: autoDraw = False
292.9188 	EXP 	stimuli: color = u'red (named)'
292.9188 	EXP 	stimuli: text = u'red'
292.9188 	EXP 	hint: autoDraw = True
293.3833 	EXP 	stimuli: autoDraw = True
295.0104 	DATA 	Keypress: left
295.1076 	EXP 	stimuli: autoDraw = False
295.1076 	EXP 	hint: autoDraw = False
295.1076 	EXP 	msgFeedback: text = 'Correct! RT=1.627'
295.1076 	EXP 	msgFeedback: autoDraw = True
296.5116 	EXP 	New trial (rep=1, index=4): OrderedDict([('word', u'red'), ('color', u'red'), ('congruent', 1), ('corrAns', u'left')])
296.5265 	EXP 	msgFeedback: autoDraw = False
296.5265 	EXP 	msgFeedback: autoDraw = False
296.5265 	EXP 	stimuli: color = u'red (named)'
296.5265 	EXP 	stimuli: text = u'red'
296.5265 	EXP 	hint: autoDraw = True
297.0434 	EXP 	stimuli: autoDraw = True
299.1277 	DATA 	Keypress: left
299.2279 	EXP 	stimuli: autoDraw = False
299.2279 	EXP 	hint: autoDraw = False
299.2279 	EXP 	msgFeedback: text = 'Correct! RT=2.085'
299.2279 	EXP 	msgFeedback: autoDraw = True
300.6309 	EXP 	New trial (rep=1, index=5): OrderedDict([('word', u'red'), ('color', u'green'), ('congruent', 0), ('corrAns', u'down')])
300.6447 	EXP 	msgFeedback: autoDraw = False
300.6447 	EXP 	msgFeedback: autoDraw = False
300.6447 	EXP 	stimuli: color = u'green (named)'
300.6447 	EXP 	stimuli: text = u'red'
300.6447 	EXP 	hint: autoDraw = True
301.1668 	EXP 	stimuli: autoDraw = True
303.7624 	DATA 	Keypress: down
303.8586 	EXP 	stimuli: autoDraw = False
303.8586 	EXP 	hint: autoDraw = False
303.8586 	EXP 	msgFeedback: text = 'Correct! RT=2.596'
303.8586 	EXP 	msgFeedback: autoDraw = True
305.2701 	EXP 	New trial (rep=1, index=6): OrderedDict([('word', u'blue'), ('color', u'blue'), ('congruent', 1), ('corrAns', u'right')])
305.3420 	EXP 	msgFeedback: autoDraw = False
305.3420 	EXP 	msgFeedback: autoDraw = False
305.3420 	EXP 	stimuli: color = u'blue (named)'
305.3420 	EXP 	stimuli: text = u'blue'
305.3420 	EXP 	hint: autoDraw = True
305.8035 	EXP 	stimuli: autoDraw = True
307.6307 	DATA 	Keypress: right
307.7277 	EXP 	stimuli: autoDraw = False
307.7277 	EXP 	hint: autoDraw = False
307.7277 	EXP 	msgFeedback: text = 'Correct! RT=1.828'
307.7277 	EXP 	msgFeedback: autoDraw = True
309.1337 	EXP 	New trial (rep=1, index=7): OrderedDict([('word', u'green'), ('color', u'green'), ('congruent', 1), ('corrAns', u'down')])
309.1989 	EXP 	msgFeedback: autoDraw = False
309.1989 	EXP 	msgFeedback: autoDraw = False
309.1989 	EXP 	stimuli: color = u'green (named)'
309.1989 	EXP 	stimuli: text = u'green'
309.1989 	EXP 	hint: autoDraw = True
309.6705 	EXP 	stimuli: autoDraw = True
311.0098 	DATA 	Keypress: down
311.1549 	EXP 	stimuli: autoDraw = False
311.1549 	EXP 	hint: autoDraw = False
311.1549 	EXP 	msgFeedback: text = 'Correct! RT=1.351'
311.1549 	EXP 	msgFeedback: autoDraw = True
312.5339 	EXP 	New trial (rep=1, index=8): OrderedDict([('word', u'green'), ('color', u'blue'), ('congruent', 0), ('corrAns', u'right')])
312.5485 	EXP 	msgFeedback: autoDraw = False
312.5485 	EXP 	stimuli: color = u'blue (named)'
312.5485 	EXP 	stimuli: text = u'green'
312.5485 	EXP 	hint: autoDraw = True
313.0650 	EXP 	stimuli: autoDraw = True
314.6661 	DATA 	Keypress: right
314.8051 	EXP 	stimuli: autoDraw = False
314.8051 	EXP 	hint: autoDraw = False
314.8051 	EXP 	msgFeedback: text = 'Correct! RT=1.619'
314.8051 	EXP 	msgFeedback: autoDraw = True
316.1857 	EXP 	New trial (rep=1, index=9): OrderedDict([('word', u'green'), ('color', u'green'), ('congruent', 1), ('corrAns', u'down')])
316.1996 	EXP 	msgFeedback: autoDraw = False
316.1996 	EXP 	msgFeedback: autoDraw = False
316.1996 	EXP 	stimuli: color = u'green (named)'
316.1996 	EXP 	stimuli: text = u'green'
316.1996 	EXP 	hint: autoDraw = True
316.7215 	EXP 	stimuli: autoDraw = True
318.1172 	DATA 	Keypress: down
318.2155 	EXP 	stimuli: autoDraw = False
318.2155 	EXP 	hint: autoDraw = False
318.2155 	EXP 	msgFeedback: text = 'Correct! RT=1.396'
318.2155 	EXP 	msgFeedback: autoDraw = True
319.6204 	EXP 	New trial (rep=1, index=10): OrderedDict([('word', u'blue'), ('color', u'green'), ('congruent', 0), ('corrAns', u'down')])
319.6808 	EXP 	msgFeedback: autoDraw = False
319.6808 	EXP 	msgFeedback: autoDraw = False
319.6808 	EXP 	stimuli: color = u'green (named)'
319.6808 	EXP 	stimuli: text = u'blue'
319.6808 	EXP 	hint: autoDraw = True
320.1502 	EXP 	stimuli: autoDraw = True
321.5344 	DATA 	Keypress: down
321.6325 	EXP 	stimuli: autoDraw = False
321.6325 	EXP 	hint: autoDraw = False
321.6325 	EXP 	msgFeedback: text = 'Correct! RT=1.385'
321.6325 	EXP 	msgFeedback: autoDraw = True
323.0364 	EXP 	New trial (rep=1, index=11): OrderedDict([('word', u'blue'), ('color', u'blue'), ('congruent', 1), ('corrAns', u'right')])
323.0513 	EXP 	msgFeedback: autoDraw = False
323.0513 	EXP 	msgFeedback: autoDraw = False
323.0513 	EXP 	stimuli: color = u'blue (named)'
323.0513 	EXP 	stimuli: text = u'blue'
323.0513 	EXP 	hint: autoDraw = True
323.5682 	EXP 	stimuli: autoDraw = True
324.9858 	DATA 	Keypress: right
325.0736 	EXP 	stimuli: autoDraw = False
325.0736 	EXP 	hint: autoDraw = False
325.0736 	EXP 	msgFeedback: text = 'Correct! RT=1.418'
325.0736 	EXP 	msgFeedback: autoDraw = True
326.6166 	EXP 	msgFeedback: autoDraw = False
326.6166 	EXP 	msgFeedback: autoDraw = False
326.6166 	EXP 	text: autoDraw = True
348.8106 	DATA 	Keypress: space
349.0320 	EXP 	Imported conditions.xlsx as conditions, 45 conditions, 4 params
349.0336 	EXP 	Created sequence: random, trialTypes=45, nReps=4, seed=None
349.0348 	EXP 	New trial (rep=0, index=0): OrderedDict([('word', u'green'), ('color', u'green'), ('congruent', 1), ('corrAns', u'down')])
349.0863 	EXP 	text: autoDraw = False
349.0863 	EXP 	stimuli: color = u'green (named)'
349.0863 	EXP 	stimuli: text = u'green'
349.0863 	EXP 	hint: autoDraw = True
349.5609 	EXP 	stimuli: autoDraw = True
351.2774 	DATA 	Keypress: down
351.2821 	EXP 	New trial (rep=0, index=1): OrderedDict([('word', u'blue'), ('color', u'green'), ('congruent', 0), ('corrAns', u'down')])
351.3309 	EXP 	stimuli: autoDraw = False
351.3309 	EXP 	hint: autoDraw = False
351.3309 	EXP 	stimuli: color = u'green (named)'
351.3309 	EXP 	stimuli: text = u'blue'
351.3309 	EXP 	hint: autoDraw = True
351.8106 	EXP 	stimuli: autoDraw = True
353.2114 	DATA 	Keypress: down
353.2144 	EXP 	New trial (rep=0, index=2): OrderedDict([('word', u'green'), ('color', u'green'), ('congruent', 1), ('corrAns', u'down')])
353.2657 	EXP 	stimuli: autoDraw = False
353.2657 	EXP 	hint: autoDraw = False
353.2657 	EXP 	stimuli: color = u'green (named)'
353.2657 	EXP 	stimuli: text = u'green'
353.2657 	EXP 	hint: autoDraw = True
353.7453 	EXP 	stimuli: autoDraw = True
354.7315 	DATA 	Keypress: down
354.7491 	EXP 	New trial (rep=0, index=3): OrderedDict([('word', u'red'), ('color', u'red'), ('congruent', 1), ('corrAns', u'left')])
354.7905 	EXP 	stimuli: autoDraw = False
354.7905 	EXP 	hint: autoDraw = False
354.7905 	EXP 	stimuli: color = u'red (named)'
354.7905 	EXP 	stimuli: text = u'red'
354.7905 	EXP 	hint: autoDraw = True
355.2781 	EXP 	stimuli: autoDraw = True
356.4994 	DATA 	Keypress: left
356.5165 	EXP 	New trial (rep=0, index=4): OrderedDict([('word', u'blue'), ('color', u'red'), ('congruent', 0), ('corrAns', u'left')])
356.5629 	EXP 	stimuli: autoDraw = False
356.5629 	EXP 	hint: autoDraw = False
356.5629 	EXP 	stimuli: color = u'red (named)'
356.5629 	EXP 	stimuli: text = u'blue'
356.5629 	EXP 	hint: autoDraw = True
357.0450 	EXP 	stimuli: autoDraw = True
357.9663 	DATA 	Keypress: left
357.9811 	EXP 	New trial (rep=0, index=5): OrderedDict([('word', u'green'), ('color', u'green'), ('congruent', 1), ('corrAns', u'down')])
358.0486 	EXP 	stimuli: autoDraw = False
358.0486 	EXP 	hint: autoDraw = False
358.0486 	EXP 	stimuli: color = u'green (named)'
358.0486 	EXP 	stimuli: text = u'green'
358.0486 	EXP 	hint: autoDraw = True
358.5176 	EXP 	stimuli: autoDraw = True
359.6167 	DATA 	Keypress: down
359.6315 	EXP 	New trial (rep=0, index=6): OrderedDict([('word', u'green'), ('color', u'green'), ('congruent', 1), ('corrAns', u'down')])
359.6459 	EXP 	stimuli: autoDraw = False
359.6459 	EXP 	hint: autoDraw = False
359.6459 	EXP 	stimuli: color = u'green (named)'
359.6459 	EXP 	stimuli: text = u'green'
359.6459 	EXP 	hint: autoDraw = True
360.1628 	EXP 	stimuli: autoDraw = True
360.9312 	DATA 	Keypress: down
360.9356 	EXP 	New trial (rep=0, index=7): OrderedDict([('word', u'blue'), ('color', u'blue'), ('congruent', 1), ('corrAns', u'right')])
360.9893 	EXP 	stimuli: autoDraw = False
360.9893 	EXP 	hint: autoDraw = False
360.9893 	EXP 	stimuli: color = u'blue (named)'
360.9893 	EXP 	stimuli: text = u'blue'
360.9893 	EXP 	hint: autoDraw = True
361.4724 	EXP 	stimuli: autoDraw = True
362.8050 	DATA 	Keypress: right
362.8194 	EXP 	New trial (rep=0, index=8): OrderedDict([('word', u'blue'), ('color', u'blue'), ('congruent', 1), ('corrAns', u'right')])
362.8343 	EXP 	stimuli: autoDraw = False
362.8343 	EXP 	hint: autoDraw = False
362.8343 	EXP 	stimuli: color = u'blue (named)'
362.8343 	EXP 	stimuli: text = u'blue'
362.8343 	EXP 	hint: autoDraw = True
363.3479 	EXP 	stimuli: autoDraw = True
364.1323 	DATA 	Keypress: right
364.1515 	EXP 	New trial (rep=0, index=9): OrderedDict([('word', u'red'), ('color', u'red'), ('congruent', 1), ('corrAns', u'left')])
364.2055 	EXP 	stimuli: autoDraw = False
364.2055 	EXP 	hint: autoDraw = False
364.2055 	EXP 	stimuli: color = u'red (named)'
364.2055 	EXP 	stimuli: text = u'red'
364.2055 	EXP 	hint: autoDraw = True
364.6828 	EXP 	stimuli: autoDraw = True
365.8659 	DATA 	Keypress: left
365.8708 	EXP 	New trial (rep=0, index=10): OrderedDict([('word', u'red'), ('color', u'red'), ('congruent', 1), ('corrAns', u'left')])
365.8844 	EXP 	stimuli: autoDraw = False
365.8844 	EXP 	hint: autoDraw = False
365.8844 	EXP 	stimuli: color = u'red (named)'
365.8844 	EXP 	stimuli: text = u'red'
365.8844 	EXP 	hint: autoDraw = True
366.3987 	EXP 	stimuli: autoDraw = True
367.3992 	DATA 	Keypress: left
367.4036 	EXP 	New trial (rep=0, index=11): OrderedDict([('word', u'blue'), ('color', u'blue'), ('congruent', 1), ('corrAns', u'right')])
367.4506 	EXP 	stimuli: autoDraw = False
367.4506 	EXP 	hint: autoDraw = False
367.4506 	EXP 	stimuli: color = u'blue (named)'
367.4506 	EXP 	stimuli: text = u'blue'
367.4506 	EXP 	hint: autoDraw = True
367.9318 	EXP 	stimuli: autoDraw = True
369.0830 	DATA 	Keypress: right
369.0860 	EXP 	New trial (rep=0, index=12): OrderedDict([('word', u'blue'), ('color', u'blue'), ('congruent', 1), ('corrAns', u'right')])
369.0995 	EXP 	stimuli: autoDraw = False
369.0995 	EXP 	hint: autoDraw = False
369.0995 	EXP 	stimuli: color = u'blue (named)'
369.0995 	EXP 	stimuli: text = u'blue'
369.0995 	EXP 	hint: autoDraw = True
369.6217 	EXP 	stimuli: autoDraw = True
370.6005 	DATA 	Keypress: right
370.6053 	EXP 	New trial (rep=0, index=13): OrderedDict([('word', u'blue'), ('color', u'blue'), ('congruent', 1), ('corrAns', u'right')])
370.6192 	EXP 	stimuli: autoDraw = False
370.6192 	EXP 	hint: autoDraw = False
370.6192 	EXP 	stimuli: color = u'blue (named)'
370.6192 	EXP 	stimuli: text = u'blue'
370.6192 	EXP 	hint: autoDraw = True
371.1333 	EXP 	stimuli: autoDraw = True
372.2342 	DATA 	Keypress: right
372.2387 	EXP 	New trial (rep=0, index=14): OrderedDict([('word', u'blue'), ('color', u'blue'), ('congruent', 1), ('corrAns', u'right')])
372.2518 	EXP 	stimuli: autoDraw = False
372.2518 	EXP 	hint: autoDraw = False
372.2518 	EXP 	stimuli: color = u'blue (named)'
372.2518 	EXP 	stimuli: text = u'blue'
372.2518 	EXP 	hint: autoDraw = True
372.7725 	EXP 	stimuli: autoDraw = True
373.5711 	DATA 	Keypress: right
373.5881 	EXP 	New trial (rep=0, index=15): OrderedDict([('word', u'green'), ('color', u'green'), ('congruent', 1), ('corrAns', u'down')])
373.6426 	EXP 	stimuli: autoDraw = False
373.6426 	EXP 	hint: autoDraw = False
373.6426 	EXP 	stimuli: color = u'green (named)'
373.6426 	EXP 	stimuli: text = u'green'
373.6426 	EXP 	hint: autoDraw = True
374.1181 	EXP 	stimuli: autoDraw = True
375.3681 	DATA 	Keypress: down
375.3726 	EXP 	New trial (rep=0, index=16): OrderedDict([('word', u'green'), ('color', u'green'), ('congruent', 1), ('corrAns', u'down')])
375.3851 	EXP 	stimuli: autoDraw = False
375.3851 	EXP 	hint: autoDraw = False
375.3851 	EXP 	stimuli: color = u'green (named)'
375.3851 	EXP 	stimuli: text = u'green'
375.3851 	EXP 	hint: autoDraw = True
375.9071 	EXP 	stimuli: autoDraw = True
376.7230 	DATA 	Keypress: down
376.7406 	EXP 	New trial (rep=0, index=17): OrderedDict([('word', u'blue'), ('color', u'blue'), ('congruent', 1), ('corrAns', u'right')])
376.7863 	EXP 	stimuli: autoDraw = False
376.7863 	EXP 	hint: autoDraw = False
376.7863 	EXP 	stimuli: color = u'blue (named)'
376.7863 	EXP 	stimuli: text = u'blue'
376.7863 	EXP 	hint: autoDraw = True
377.2685 	EXP 	stimuli: autoDraw = True
378.5493 	DATA 	Keypress: right
378.5565 	EXP 	New trial (rep=0, index=18): OrderedDict([('word', u'blue'), ('color', u'blue'), ('congruent', 1), ('corrAns', u'right')])
378.5706 	EXP 	stimuli: autoDraw = False
378.5706 	EXP 	hint: autoDraw = False
378.5706 	EXP 	stimuli: color = u'blue (named)'
378.5706 	EXP 	stimuli: text = u'blue'
378.5706 	EXP 	hint: autoDraw = True
379.0855 	EXP 	stimuli: autoDraw = True
379.8536 	DATA 	Keypress: right
379.8589 	EXP 	New trial (rep=0, index=19): OrderedDict([('word', u'red'), ('color', u'red'), ('congruent', 1), ('corrAns', u'left')])
379.9022 	EXP 	stimuli: autoDraw = False
379.9022 	EXP 	hint: autoDraw = False
379.9022 	EXP 	stimuli: color = u'red (named)'
379.9022 	EXP 	stimuli: text = u'red'
379.9022 	EXP 	hint: autoDraw = True
380.3860 	EXP 	stimuli: autoDraw = True
381.4373 	DATA 	Keypress: left
381.4417 	EXP 	New trial (rep=0, index=20): OrderedDict([('word', u'red'), ('color', u'red'), ('congruent', 1), ('corrAns', u'left')])
381.4547 	EXP 	stimuli: autoDraw = False
381.4547 	EXP 	hint: autoDraw = False
381.4547 	EXP 	stimuli: color = u'red (named)'
381.4547 	EXP 	stimuli: text = u'red'
381.4547 	EXP 	hint: autoDraw = True
381.9708 	EXP 	stimuli: autoDraw = True
382.8540 	DATA 	Keypress: left
382.8585 	EXP 	New trial (rep=0, index=21): OrderedDict([('word', u'blue'), ('color', u'blue'), ('congruent', 1), ('corrAns', u'right')])
382.9053 	EXP 	stimuli: autoDraw = False
382.9053 	EXP 	hint: autoDraw = False
382.9053 	EXP 	stimuli: color = u'blue (named)'
382.9053 	EXP 	stimuli: text = u'blue'
382.9053 	EXP 	hint: autoDraw = True
383.3878 	EXP 	stimuli: autoDraw = True
385.0056 	DATA 	Keypress: right
385.0280 	EXP 	New trial (rep=0, index=22): OrderedDict([('word', u'blue'), ('color', u'blue'), ('congruent', 1), ('corrAns', u'right')])
385.0413 	EXP 	stimuli: autoDraw = False
385.0413 	EXP 	hint: autoDraw = False
385.0413 	EXP 	stimuli: color = u'blue (named)'
385.0413 	EXP 	stimuli: text = u'blue'
385.0413 	EXP 	hint: autoDraw = True
385.5541 	EXP 	stimuli: autoDraw = True
386.2058 	DATA 	Keypress: right
386.2103 	EXP 	New trial (rep=0, index=23): OrderedDict([('word', u'red'), ('color', u'red'), ('congruent', 1), ('corrAns', u'left')])
386.2564 	EXP 	stimuli: autoDraw = False
386.2564 	EXP 	hint: autoDraw = False
386.2564 	EXP 	stimuli: color = u'red (named)'
386.2564 	EXP 	stimuli: text = u'red'
386.2564 	EXP 	hint: autoDraw = True
386.7380 	EXP 	stimuli: autoDraw = True
387.9888 	DATA 	Keypress: left
387.9919 	EXP 	New trial (rep=0, index=24): OrderedDict([('word', u'red'), ('color', u'red'), ('congruent', 1), ('corrAns', u'left')])
388.0050 	EXP 	stimuli: autoDraw = False
388.0050 	EXP 	hint: autoDraw = False
388.0050 	EXP 	stimuli: color = u'red (named)'
388.0050 	EXP 	stimuli: text = u'red'
388.0050 	EXP 	hint: autoDraw = True
388.5216 	EXP 	stimuli: autoDraw = True
389.4061 	DATA 	Keypress: left
389.4181 	EXP 	New trial (rep=0, index=25): OrderedDict([('word', u'blue'), ('color', u'red'), ('congruent', 0), ('corrAns', u'left')])
389.4907 	EXP 	stimuli: autoDraw = False
389.4907 	EXP 	hint: autoDraw = False
389.4907 	EXP 	stimuli: color = u'red (named)'
389.4907 	EXP 	stimuli: text = u'blue'
389.4907 	EXP 	hint: autoDraw = True
389.9407 	EXP 	stimuli: autoDraw = True
390.7898 	DATA 	Keypress: left
390.7942 	EXP 	New trial (rep=0, index=26): OrderedDict([('word', u'green'), ('color', u'green'), ('congruent', 1), ('corrAns', u'down')])
390.8534 	EXP 	stimuli: autoDraw = False
390.8534 	EXP 	hint: autoDraw = False
390.8534 	EXP 	stimuli: color = u'green (named)'
390.8534 	EXP 	stimuli: text = u'green'
390.8534 	EXP 	hint: autoDraw = True
391.3319 	EXP 	stimuli: autoDraw = True
392.3742 	DATA 	Keypress: down
392.3787 	EXP 	New trial (rep=0, index=27): OrderedDict([('word', u'red'), ('color', u'red'), ('congruent', 1), ('corrAns', u'left')])
392.4273 	EXP 	stimuli: autoDraw = False
392.4273 	EXP 	hint: autoDraw = False
392.4273 	EXP 	stimuli: color = u'red (named)'
392.4273 	EXP 	stimuli: text = u'red'
392.4273 	EXP 	hint: autoDraw = True
392.9077 	EXP 	stimuli: autoDraw = True
394.2940 	DATA 	Keypress: left
394.3123 	EXP 	New trial (rep=0, index=28): OrderedDict([('word', u'green'), ('color', u'green'), ('congruent', 1), ('corrAns', u'down')])
394.3713 	EXP 	stimuli: autoDraw = False
394.3713 	EXP 	hint: autoDraw = False
394.3713 	EXP 	stimuli: color = u'green (named)'
394.3713 	EXP 	stimuli: text = u'green'
394.3713 	EXP 	hint: autoDraw = True
394.8464 	EXP 	stimuli: autoDraw = True
396.1183 	DATA 	Keypress: down
396.1299 	EXP 	New trial (rep=0, index=29): OrderedDict([('word', u'green'), ('color', u'green'), ('congruent', 1), ('corrAns', u'down')])
396.1406 	EXP 	stimuli: autoDraw = False
396.1406 	EXP 	hint: autoDraw = False
396.1406 	EXP 	stimuli: color = u'green (named)'
396.1406 	EXP 	stimuli: text = u'green'
396.1406 	EXP 	hint: autoDraw = True
396.6635 	EXP 	stimuli: autoDraw = True
397.6264 	DATA 	Keypress: down
397.6311 	EXP 	New trial (rep=0, index=30): OrderedDict([('word', u'green'), ('color', u'red'), ('congruent', 0), ('corrAns', u'left')])
397.6444 	EXP 	stimuli: autoDraw = False
397.6444 	EXP 	hint: autoDraw = False
397.6444 	EXP 	stimuli: color = u'red (named)'
397.6444 	EXP 	stimuli: text = u'green'
397.6444 	EXP 	hint: autoDraw = True
398.1640 	EXP 	stimuli: autoDraw = True
400.2436 	DATA 	Keypress: left
400.2484 	EXP 	New trial (rep=0, index=31): OrderedDict([('word', u'green'), ('color', u'green'), ('congruent', 1), ('corrAns', u'down')])
400.2615 	EXP 	stimuli: autoDraw = False
400.2615 	EXP 	hint: autoDraw = False
400.2615 	EXP 	stimuli: color = u'green (named)'
400.2615 	EXP 	stimuli: text = u'green'
400.2615 	EXP 	hint: autoDraw = True
400.7754 	EXP 	stimuli: autoDraw = True
402.4107 	DATA 	Keypress: down
402.4152 	EXP 	New trial (rep=0, index=32): OrderedDict([('word', u'red'), ('color', u'red'), ('congruent', 1), ('corrAns', u'left')])
402.4596 	EXP 	stimuli: autoDraw = False
402.4596 	EXP 	hint: autoDraw = False
402.4596 	EXP 	stimuli: color = u'red (named)'
402.4596 	EXP 	stimuli: text = u'red'
402.4596 	EXP 	hint: autoDraw = True
402.9434 	EXP 	stimuli: autoDraw = True
403.9273 	DATA 	Keypress: left
403.9303 	EXP 	New trial (rep=0, index=33): OrderedDict([('word', u'red'), ('color', u'blue'), ('congruent', 0), ('corrAns', u'right')])
403.9436 	EXP 	stimuli: autoDraw = False
403.9436 	EXP 	hint: autoDraw = False
403.9436 	EXP 	stimuli: color = u'blue (named)'
403.9436 	EXP 	stimuli: text = u'red'
403.9436 	EXP 	hint: autoDraw = True
404.4659 	EXP 	stimuli: autoDraw = True
405.4614 	DATA 	Keypress: right
405.4688 	EXP 	New trial (rep=0, index=34): OrderedDict([('word', u'blue'), ('color', u'blue'), ('congruent', 1), ('corrAns', u'right')])
405.5223 	EXP 	stimuli: autoDraw = False
405.5223 	EXP 	hint: autoDraw = False
405.5223 	EXP 	stimuli: color = u'blue (named)'
405.5223 	EXP 	stimuli: text = u'blue'
405.5223 	EXP 	hint: autoDraw = True
405.9943 	EXP 	stimuli: autoDraw = True
407.3634 	DATA 	Keypress: right
407.3813 	EXP 	New trial (rep=0, index=35): OrderedDict([('word', u'blue'), ('color', u'blue'), ('congruent', 1), ('corrAns', u'right')])
407.3940 	EXP 	stimuli: autoDraw = False
407.3940 	EXP 	hint: autoDraw = False
407.3940 	EXP 	stimuli: color = u'blue (named)'
407.3940 	EXP 	stimuli: text = u'blue'
407.3940 	EXP 	hint: autoDraw = True
407.9111 	EXP 	stimuli: autoDraw = True
408.5624 	DATA 	Keypress: right
408.5666 	EXP 	New trial (rep=0, index=36): OrderedDict([('word', u'red'), ('color', u'green'), ('congruent', 0), ('corrAns', u'down')])
408.6095 	EXP 	stimuli: autoDraw = False
408.6095 	EXP 	hint: autoDraw = False
408.6095 	EXP 	stimuli: color = u'green (named)'
408.6095 	EXP 	stimuli: text = u'red'
408.6095 	EXP 	hint: autoDraw = True
409.0968 	EXP 	stimuli: autoDraw = True
410.5332 	DATA 	Keypress: down
410.5503 	EXP 	New trial (rep=0, index=37): OrderedDict([('word', u'green'), ('color', u'blue'), ('congruent', 0), ('corrAns', u'right')])
410.6050 	EXP 	stimuli: autoDraw = False
410.6050 	EXP 	hint: autoDraw = False
410.6050 	EXP 	stimuli: color = u'blue (named)'
410.6050 	EXP 	stimuli: text = u'green'
410.6050 	EXP 	hint: autoDraw = True
411.0792 	EXP 	stimuli: autoDraw = True
412.2631 	DATA 	Keypress: right
412.2662 	EXP 	New trial (rep=0, index=38): OrderedDict([('word', u'red'), ('color', u'red'), ('congruent', 1), ('corrAns', u'left')])
412.3437 	EXP 	stimuli: autoDraw = False
412.3437 	EXP 	hint: autoDraw = False
412.3437 	EXP 	stimuli: color = u'red (named)'
412.3437 	EXP 	stimuli: text = u'red'
412.3437 	EXP 	hint: autoDraw = True
412.7996 	EXP 	stimuli: autoDraw = True
413.7149 	DATA 	Keypress: left
413.7395 	EXP 	New trial (rep=0, index=39): OrderedDict([('word', u'red'), ('color', u'green'), ('congruent', 0), ('corrAns', u'down')])
413.7511 	EXP 	stimuli: autoDraw = False
413.7511 	EXP 	hint: autoDraw = False
413.7511 	EXP 	stimuli: color = u'green (named)'
413.7511 	EXP 	stimuli: text = u'red'
413.7511 	EXP 	hint: autoDraw = True
414.2633 	EXP 	stimuli: autoDraw = True
415.3817 	DATA 	Keypress: down
415.3862 	EXP 	New trial (rep=0, index=40): OrderedDict([('word', u'green'), ('color', u'blue'), ('congruent', 0), ('corrAns', u'right')])
415.4483 	EXP 	stimuli: autoDraw = False
415.4483 	EXP 	hint: autoDraw = False
415.4483 	EXP 	stimuli: color = u'blue (named)'
415.4483 	EXP 	stimuli: text = u'green'
415.4483 	EXP 	hint: autoDraw = True
415.9155 	EXP 	stimuli: autoDraw = True
416.8158 	DATA 	Keypress: right
416.8206 	EXP 	New trial (rep=0, index=41): OrderedDict([('word', u'green'), ('color', u'green'), ('congruent', 1), ('corrAns', u'down')])
416.8338 	EXP 	stimuli: autoDraw = False
416.8338 	EXP 	hint: autoDraw = False
416.8338 	EXP 	stimuli: color = u'green (named)'
416.8338 	EXP 	stimuli: text = u'green'
416.8338 	EXP 	hint: autoDraw = True
417.3535 	EXP 	stimuli: autoDraw = True
418.3657 	DATA 	Keypress: down
418.3710 	EXP 	New trial (rep=0, index=42): OrderedDict([('word', u'green'), ('color', u'green'), ('congruent', 1), ('corrAns', u'down')])
418.3846 	EXP 	stimuli: autoDraw = False
418.3846 	EXP 	hint: autoDraw = False
418.3846 	EXP 	stimuli: color = u'green (named)'
418.3846 	EXP 	stimuli: text = u'green'
418.3846 	EXP 	hint: autoDraw = True
418.8981 	EXP 	stimuli: autoDraw = True
419.4985 	DATA 	Keypress: down
419.5021 	EXP 	New trial (rep=0, index=43): OrderedDict([('word', u'red'), ('color', u'red'), ('congruent', 1), ('corrAns', u'left')])
419.5428 	EXP 	stimuli: autoDraw = False
419.5428 	EXP 	hint: autoDraw = False
419.5428 	EXP 	stimuli: color = u'red (named)'
419.5428 	EXP 	stimuli: text = u'red'
419.5428 	EXP 	hint: autoDraw = True
420.0318 	EXP 	stimuli: autoDraw = True
421.0998 	DATA 	Keypress: left
421.1029 	EXP 	New trial (rep=0, index=44): OrderedDict([('word', u'red'), ('color', u'red'), ('congruent', 1), ('corrAns', u'left')])
421.1157 	EXP 	stimuli: autoDraw = False
421.1157 	EXP 	hint: autoDraw = False
421.1157 	EXP 	stimuli: color = u'red (named)'
421.1157 	EXP 	stimuli: text = u'red'
421.1157 	EXP 	hint: autoDraw = True
421.6321 	EXP 	stimuli: autoDraw = True
422.4668 	DATA 	Keypress: left
422.4701 	EXP 	New trial (rep=1, index=0): OrderedDict([('word', u'blue'), ('color', u'blue'), ('congruent', 1), ('corrAns', u'right')])
422.5157 	EXP 	stimuli: autoDraw = False
422.5157 	EXP 	hint: autoDraw = False
422.5157 	EXP 	stimuli: color = u'blue (named)'
422.5157 	EXP 	stimuli: text = u'blue'
422.5157 	EXP 	hint: autoDraw = True
423.0018 	EXP 	stimuli: autoDraw = True
423.9343 	DATA 	Keypress: right
423.9425 	EXP 	New trial (rep=1, index=1): OrderedDict([('word', u'red'), ('color', u'green'), ('congruent', 0), ('corrAns', u'down')])
423.9998 	EXP 	stimuli: autoDraw = False
423.9998 	EXP 	hint: autoDraw = False
423.9998 	EXP 	stimuli: color = u'green (named)'
423.9998 	EXP 	stimuli: text = u'red'
423.9998 	EXP 	hint: autoDraw = True
424.4755 	EXP 	stimuli: autoDraw = True
425.5107 	DATA 	Keypress: down
425.5251 	EXP 	New trial (rep=1, index=2): OrderedDict([('word', u'red'), ('color', u'red'), ('congruent', 1), ('corrAns', u'left')])
425.5367 	EXP 	stimuli: autoDraw = False
425.5367 	EXP 	hint: autoDraw = False
425.5367 	EXP 	stimuli: color = u'red (named)'
425.5367 	EXP 	stimuli: text = u'red'
425.5367 	EXP 	hint: autoDraw = True
426.0557 	EXP 	stimuli: autoDraw = True
427.0048 	DATA 	Keypress: left
427.0217 	EXP 	New trial (rep=1, index=3): OrderedDict([('word', u'blue'), ('color', u'blue'), ('congruent', 1), ('corrAns', u'right')])
427.0662 	EXP 	stimuli: autoDraw = False
427.0662 	EXP 	hint: autoDraw = False
427.0662 	EXP 	stimuli: color = u'blue (named)'
427.0662 	EXP 	stimuli: text = u'blue'
427.0662 	EXP 	hint: autoDraw = True
427.5509 	EXP 	stimuli: autoDraw = True
428.7694 	DATA 	Keypress: right
428.7776 	EXP 	New trial (rep=1, index=4): OrderedDict([('word', u'green'), ('color', u'red'), ('congruent', 0), ('corrAns', u'left')])
428.8431 	EXP 	stimuli: autoDraw = False
428.8431 	EXP 	hint: autoDraw = False
428.8431 	EXP 	stimuli: color = u'red (named)'
428.8431 	EXP 	stimuli: text = u'green'
428.8431 	EXP 	hint: autoDraw = True
429.3093 	EXP 	stimuli: autoDraw = True
430.4859 	DATA 	Keypress: left
430.4931 	EXP 	New trial (rep=1, index=5): OrderedDict([('word', u'red'), ('color', u'blue'), ('congruent', 0), ('corrAns', u'right')])
430.5416 	EXP 	stimuli: autoDraw = False
430.5416 	EXP 	hint: autoDraw = False
430.5416 	EXP 	stimuli: color = u'blue (named)'
430.5416 	EXP 	stimuli: text = u'red'
430.5416 	EXP 	hint: autoDraw = True
431.0242 	EXP 	stimuli: autoDraw = True
432.1027 	DATA 	Keypress: right
432.1072 	EXP 	New trial (rep=1, index=6): OrderedDict([('word', u'green'), ('color', u'green'), ('congruent', 1), ('corrAns', u'down')])
432.1662 	EXP 	stimuli: autoDraw = False
432.1662 	EXP 	hint: autoDraw = False
432.1662 	EXP 	stimuli: color = u'green (named)'
432.1662 	EXP 	stimuli: text = u'green'
432.1662 	EXP 	hint: autoDraw = True
432.6426 	EXP 	stimuli: autoDraw = True
433.4963 	DATA 	Keypress: down
433.5089 	EXP 	New trial (rep=1, index=7): OrderedDict([('word', u'blue'), ('color', u'blue'), ('congruent', 1), ('corrAns', u'right')])
433.5680 	EXP 	stimuli: autoDraw = False
433.5680 	EXP 	hint: autoDraw = False
433.5680 	EXP 	stimuli: color = u'blue (named)'
433.5680 	EXP 	stimuli: text = u'blue'
433.5680 	EXP 	hint: autoDraw = True
434.0375 	EXP 	stimuli: autoDraw = True
435.1038 	DATA 	Keypress: right
435.1083 	EXP 	New trial (rep=1, index=8): OrderedDict([('word', u'green'), ('color', u'green'), ('congruent', 1), ('corrAns', u'down')])
435.1664 	EXP 	stimuli: autoDraw = False
435.1664 	EXP 	hint: autoDraw = False
435.1664 	EXP 	stimuli: color = u'green (named)'
435.1664 	EXP 	stimuli: text = u'green'
435.1664 	EXP 	hint: autoDraw = True
435.6366 	EXP 	stimuli: autoDraw = True
436.7715 	DATA 	Keypress: down
436.7764 	EXP 	New trial (rep=1, index=9): OrderedDict([('word', u'red'), ('color', u'red'), ('congruent', 1), ('corrAns', u'left')])
436.8192 	EXP 	stimuli: autoDraw = False
436.8192 	EXP 	hint: autoDraw = False
436.8192 	EXP 	stimuli: color = u'red (named)'
436.8192 	EXP 	stimuli: text = u'red'
436.8192 	EXP 	hint: autoDraw = True
437.3036 	EXP 	stimuli: autoDraw = True
438.4147 	DATA 	Keypress: left
438.4283 	EXP 	New trial (rep=1, index=10): OrderedDict([('word', u'red'), ('color', u'red'), ('congruent', 1), ('corrAns', u'left')])
438.4387 	EXP 	stimuli: autoDraw = False
438.4387 	EXP 	hint: autoDraw = False
438.4387 	EXP 	stimuli: color = u'red (named)'
438.4387 	EXP 	stimuli: text = u'red'
438.4387 	EXP 	hint: autoDraw = True
438.9602 	EXP 	stimuli: autoDraw = True
439.7226 	DATA 	Keypress: left
439.7439 	EXP 	New trial (rep=1, index=11): OrderedDict([('word', u'red'), ('color', u'red'), ('congruent', 1), ('corrAns', u'left')])
439.7579 	EXP 	stimuli: autoDraw = False
439.7579 	EXP 	hint: autoDraw = False
439.7579 	EXP 	stimuli: color = u'red (named)'
439.7579 	EXP 	stimuli: text = u'red'
439.7579 	EXP 	hint: autoDraw = True
440.2715 	EXP 	stimuli: autoDraw = True
441.1093 	DATA 	Keypress: left
441.1268 	EXP 	New trial (rep=1, index=12): OrderedDict([('word', u'green'), ('color', u'green'), ('congruent', 1), ('corrAns', u'down')])
441.1886 	EXP 	stimuli: autoDraw = False
441.1886 	EXP 	hint: autoDraw = False
441.1886 	EXP 	stimuli: color = u'green (named)'
441.1886 	EXP 	stimuli: text = u'green'
441.1886 	EXP 	hint: autoDraw = True
441.6569 	EXP 	stimuli: autoDraw = True
442.6063 	DATA 	Keypress: down
442.6105 	EXP 	New trial (rep=1, index=13): OrderedDict([('word', u'green'), ('color', u'green'), ('congruent', 1), ('corrAns', u'down')])
442.6237 	EXP 	stimuli: autoDraw = False
442.6237 	EXP 	hint: autoDraw = False
442.6237 	EXP 	stimuli: color = u'green (named)'
442.6237 	EXP 	stimuli: text = u'green'
442.6237 	EXP 	hint: autoDraw = True
443.1450 	EXP 	stimuli: autoDraw = True
443.7407 	DATA 	Keypress: down
443.7448 	EXP 	New trial (rep=1, index=14): OrderedDict([('word', u'green'), ('color', u'green'), ('congruent', 1), ('corrAns', u'down')])
443.7576 	EXP 	stimuli: autoDraw = False
443.7576 	EXP 	hint: autoDraw = False
443.7576 	EXP 	stimuli: color = u'green (named)'
443.7576 	EXP 	stimuli: text = u'green'
443.7576 	EXP 	hint: autoDraw = True
444.2781 	EXP 	stimuli: autoDraw = True
444.8455 	DATA 	Keypress: down
444.8619 	EXP 	New trial (rep=1, index=15): OrderedDict([('word', u'green'), ('color', u'green'), ('congruent', 1), ('corrAns', u'down')])
444.8749 	EXP 	stimuli: autoDraw = False
444.8749 	EXP 	hint: autoDraw = False
444.8749 	EXP 	stimuli: color = u'green (named)'
444.8749 	EXP 	stimuli: text = u'green'
444.8749 	EXP 	hint: autoDraw = True
445.3946 	EXP 	stimuli: autoDraw = True
445.9414 	DATA 	Keypress: down
445.9458 	EXP 	New trial (rep=1, index=16): OrderedDict([('word', u'blue'), ('color', u'blue'), ('congruent', 1), ('corrAns', u'right')])
445.9927 	EXP 	stimuli: autoDraw = False
445.9927 	EXP 	hint: autoDraw = False
445.9927 	EXP 	stimuli: color = u'blue (named)'
445.9927 	EXP 	stimuli: text = u'blue'
445.9927 	EXP 	hint: autoDraw = True
446.4741 	EXP 	stimuli: autoDraw = True
447.4114 	DATA 	Keypress: right
447.4197 	EXP 	New trial (rep=1, index=17): OrderedDict([('word', u'green'), ('color', u'green'), ('congruent', 1), ('corrAns', u'down')])
447.4812 	EXP 	stimuli: autoDraw = False
447.4812 	EXP 	hint: autoDraw = False
447.4812 	EXP 	stimuli: color = u'green (named)'
447.4812 	EXP 	stimuli: text = u'green'
447.4812 	EXP 	hint: autoDraw = True
447.9466 	EXP 	stimuli: autoDraw = True
449.1252 	DATA 	Keypress: down
449.1294 	EXP 	New trial (rep=1, index=18): OrderedDict([('word', u'red'), ('color', u'red'), ('congruent', 1), ('corrAns', u'left')])
449.1721 	EXP 	stimuli: autoDraw = False
449.1721 	EXP 	hint: autoDraw = False
449.1721 	EXP 	stimuli: color = u'red (named)'
449.1721 	EXP 	stimuli: text = u'red'
449.1721 	EXP 	hint: autoDraw = True
449.6578 	EXP 	stimuli: autoDraw = True
450.5592 	DATA 	Keypress: left
450.5640 	EXP 	New trial (rep=1, index=19): OrderedDict([('word', u'red'), ('color', u'red'), ('congruent', 1), ('corrAns', u'left')])
450.5775 	EXP 	stimuli: autoDraw = False
450.5775 	EXP 	hint: autoDraw = False
450.5775 	EXP 	stimuli: color = u'red (named)'
450.5775 	EXP 	stimuli: text = u'red'
450.5775 	EXP 	hint: autoDraw = True
451.0919 	EXP 	stimuli: autoDraw = True
452.4598 	DATA 	Keypress: left
452.4646 	EXP 	New trial (rep=1, index=20): OrderedDict([('word', u'green'), ('color', u'green'), ('congruent', 1), ('corrAns', u'down')])
452.5548 	EXP 	stimuli: autoDraw = False
452.5548 	EXP 	hint: autoDraw = False
452.5548 	EXP 	stimuli: color = u'green (named)'
452.5548 	EXP 	stimuli: text = u'green'
452.5548 	EXP 	hint: autoDraw = True
452.9918 	EXP 	stimuli: autoDraw = True
456.0105 	DATA 	Keypress: down
456.0149 	EXP 	New trial (rep=1, index=21): OrderedDict([('word', u'red'), ('color', u'red'), ('congruent', 1), ('corrAns', u'left')])
456.0624 	EXP 	stimuli: autoDraw = False
456.0624 	EXP 	hint: autoDraw = False
456.0624 	EXP 	stimuli: color = u'red (named)'
456.0624 	EXP 	stimuli: text = u'red'
456.0624 	EXP 	hint: autoDraw = True
456.5510 	EXP 	stimuli: autoDraw = True
457.5329 	DATA 	Keypress: left
457.5490 	EXP 	New trial (rep=1, index=22): OrderedDict([('word', u'red'), ('color', u'green'), ('congruent', 0), ('corrAns', u'down')])
457.5627 	EXP 	stimuli: autoDraw = False
457.5627 	EXP 	hint: autoDraw = False
457.5627 	EXP 	stimuli: color = u'green (named)'
457.5627 	EXP 	stimuli: text = u'red'
457.5627 	EXP 	hint: autoDraw = True
458.0791 	EXP 	stimuli: autoDraw = True
459.1162 	DATA 	Keypress: down
459.1329 	EXP 	New trial (rep=1, index=23): OrderedDict([('word', u'blue'), ('color', u'blue'), ('congruent', 1), ('corrAns', u'right')])
459.1864 	EXP 	stimuli: autoDraw = False
459.1864 	EXP 	hint: autoDraw = False
459.1864 	EXP 	stimuli: color = u'blue (named)'
459.1864 	EXP 	stimuli: text = u'blue'
459.1864 	EXP 	hint: autoDraw = True
459.6617 	EXP 	stimuli: autoDraw = True
460.8085 	DATA 	Keypress: right
460.8157 	EXP 	New trial (rep=1, index=24): OrderedDict([('word', u'blue'), ('color', u'blue'), ('congruent', 1), ('corrAns', u'right')])
460.8296 	EXP 	stimuli: autoDraw = False
460.8296 	EXP 	hint: autoDraw = False
460.8296 	EXP 	stimuli: color = u'blue (named)'
460.8296 	EXP 	stimuli: text = u'blue'
460.8296 	EXP 	hint: autoDraw = True
461.3506 	EXP 	stimuli: autoDraw = True
463.6675 	DATA 	Keypress: right
463.6848 	EXP 	New trial (rep=1, index=25): OrderedDict([('word', u'red'), ('color', u'red'), ('congruent', 1), ('corrAns', u'left')])
463.7275 	EXP 	stimuli: autoDraw = False
463.7275 	EXP 	hint: autoDraw = False
463.7275 	EXP 	stimuli: color = u'red (named)'
463.7275 	EXP 	stimuli: text = u'red'
463.7275 	EXP 	hint: autoDraw = True
464.2201 	EXP 	stimuli: autoDraw = True
465.1464 	DATA 	Keypress: left
465.1517 	EXP 	New trial (rep=1, index=26): OrderedDict([('word', u'green'), ('color', u'green'), ('congruent', 1), ('corrAns', u'down')])
465.2183 	EXP 	stimuli: autoDraw = False
465.2183 	EXP 	hint: autoDraw = False
465.2183 	EXP 	stimuli: color = u'green (named)'
465.2183 	EXP 	stimuli: text = u'green'
465.2183 	EXP 	hint: autoDraw = True
465.6884 	EXP 	stimuli: autoDraw = True
466.5741 	DATA 	Keypress: down
466.5814 	EXP 	New trial (rep=1, index=27): OrderedDict([('word', u'red'), ('color', u'red'), ('congruent', 1), ('corrAns', u'left')])
466.6319 	EXP 	stimuli: autoDraw = False
466.6319 	EXP 	hint: autoDraw = False
466.6319 	EXP 	stimuli: color = u'red (named)'
466.6319 	EXP 	stimuli: text = u'red'
466.6319 	EXP 	hint: autoDraw = True
467.1180 	EXP 	stimuli: autoDraw = True
468.9979 	DATA 	Keypress: left
469.0009 	EXP 	New trial (rep=1, index=28): OrderedDict([('word', u'green'), ('color', u'blue'), ('congruent', 0), ('corrAns', u'right')])
469.0529 	EXP 	stimuli: autoDraw = False
469.0529 	EXP 	hint: autoDraw = False
469.0529 	EXP 	stimuli: color = u'blue (named)'
469.0529 	EXP 	stimuli: text = u'green'
469.0529 	EXP 	hint: autoDraw = True
469.5306 	EXP 	stimuli: autoDraw = True
471.9821 	DATA 	Keypress: right
471.9851 	EXP 	New trial (rep=1, index=29): OrderedDict([('word', u'blue'), ('color', u'blue'), ('congruent', 1), ('corrAns', u'right')])
472.0288 	EXP 	stimuli: autoDraw = False
472.0288 	EXP 	hint: autoDraw = False
472.0288 	EXP 	stimuli: color = u'blue (named)'
472.0288 	EXP 	stimuli: text = u'blue'
472.0288 	EXP 	hint: autoDraw = True
472.5175 	EXP 	stimuli: autoDraw = True
473.1511 	DATA 	Keypress: right
473.1655 	EXP 	New trial (rep=1, index=30): OrderedDict([('word', u'red'), ('color', u'red'), ('congruent', 1), ('corrAns', u'left')])
473.2254 	EXP 	stimuli: autoDraw = False
473.2254 	EXP 	hint: autoDraw = False
473.2254 	EXP 	stimuli: color = u'red (named)'
473.2254 	EXP 	stimuli: text = u'red'
473.2254 	EXP 	hint: autoDraw = True
473.7002 	EXP 	stimuli: autoDraw = True
474.8331 	DATA 	Keypress: left
474.8383 	EXP 	New trial (rep=1, index=31): OrderedDict([('word', u'blue'), ('color', u'blue'), ('congruent', 1), ('corrAns', u'right')])
474.8855 	EXP 	stimuli: autoDraw = False
474.8855 	EXP 	hint: autoDraw = False
474.8855 	EXP 	stimuli: color = u'blue (named)'
474.8855 	EXP 	stimuli: text = u'blue'
474.8855 	EXP 	hint: autoDraw = True
475.3658 	EXP 	stimuli: autoDraw = True
476.5314 	DATA 	Keypress: right
476.5471 	EXP 	New trial (rep=1, index=32): OrderedDict([('word', u'blue'), ('color', u'red'), ('congruent', 0), ('corrAns', u'left')])
476.5584 	EXP 	stimuli: autoDraw = False
476.5584 	EXP 	hint: autoDraw = False
476.5584 	EXP 	stimuli: color = u'red (named)'
476.5584 	EXP 	stimuli: text = u'blue'
476.5584 	EXP 	hint: autoDraw = True
477.0721 	EXP 	stimuli: autoDraw = True
478.2197 	DATA 	Keypress: left
478.2292 	EXP 	New trial (rep=1, index=33): OrderedDict([('word', u'green'), ('color', u'blue'), ('congruent', 0), ('corrAns', u'right')])
478.2987 	EXP 	stimuli: autoDraw = False
478.2987 	EXP 	hint: autoDraw = False
478.2987 	EXP 	stimuli: color = u'blue (named)'
478.2987 	EXP 	stimuli: text = u'green'
478.2987 	EXP 	hint: autoDraw = True
478.7502 	EXP 	stimuli: autoDraw = True
480.1514 	DATA 	Keypress: right
480.1559 	EXP 	New trial (rep=1, index=34): OrderedDict([('word', u'green'), ('color', u'green'), ('congruent', 1), ('corrAns', u'down')])
480.1688 	EXP 	stimuli: autoDraw = False
480.1688 	EXP 	hint: autoDraw = False
480.1688 	EXP 	stimuli: color = u'green (named)'
480.1688 	EXP 	stimuli: text = u'green'
480.1688 	EXP 	hint: autoDraw = True
480.6899 	EXP 	stimuli: autoDraw = True
482.2356 	DATA 	Keypress: down
482.2428 	EXP 	New trial (rep=1, index=35): OrderedDict([('word', u'blue'), ('color', u'blue'), ('congruent', 1), ('corrAns', u'right')])
482.2938 	EXP 	stimuli: autoDraw = False
482.2938 	EXP 	hint: autoDraw = False
482.2938 	EXP 	stimuli: color = u'blue (named)'
482.2938 	EXP 	stimuli: text = u'blue'
482.2938 	EXP 	hint: autoDraw = True
482.7696 	EXP 	stimuli: autoDraw = True
483.5188 	DATA 	Keypress: right
483.5230 	EXP 	New trial (rep=1, index=36): OrderedDict([('word', u'blue'), ('color', u'red'), ('congruent', 0), ('corrAns', u'left')])
483.5371 	EXP 	stimuli: autoDraw = False
483.5371 	EXP 	hint: autoDraw = False
483.5371 	EXP 	stimuli: color = u'red (named)'
483.5371 	EXP 	stimuli: text = u'blue'
483.5371 	EXP 	hint: autoDraw = True
484.0517 	EXP 	stimuli: autoDraw = True
485.0698 	DATA 	Keypress: left
485.0742 	EXP 	New trial (rep=1, index=37): OrderedDict([('word', u'blue'), ('color', u'blue'), ('congruent', 1), ('corrAns', u'right')])
485.0879 	EXP 	stimuli: autoDraw = False
485.0879 	EXP 	hint: autoDraw = False
485.0879 	EXP 	stimuli: color = u'blue (named)'
485.0879 	EXP 	stimuli: text = u'blue'
485.0879 	EXP 	hint: autoDraw = True
485.6026 	EXP 	stimuli: autoDraw = True
486.9069 	DATA 	Keypress: right
486.9302 	EXP 	New trial (rep=1, index=38): OrderedDict([('word', u'blue'), ('color', u'blue'), ('congruent', 1), ('corrAns', u'right')])
486.9445 	EXP 	stimuli: autoDraw = False
486.9445 	EXP 	hint: autoDraw = False
486.9445 	EXP 	stimuli: color = u'blue (named)'
486.9445 	EXP 	stimuli: text = u'blue'
486.9445 	EXP 	hint: autoDraw = True
487.4534 	EXP 	stimuli: autoDraw = True
488.3040 	DATA 	Keypress: right
488.3084 	EXP 	New trial (rep=1, index=39): OrderedDict([('word', u'blue'), ('color', u'green'), ('congruent', 0), ('corrAns', u'down')])
488.3224 	EXP 	stimuli: autoDraw = False
488.3224 	EXP 	hint: autoDraw = False
488.3224 	EXP 	stimuli: color = u'green (named)'
488.3224 	EXP 	stimuli: text = u'blue'
488.3224 	EXP 	hint: autoDraw = True
488.8366 	EXP 	stimuli: autoDraw = True
490.0880 	DATA 	Keypress: down
490.0922 	EXP 	New trial (rep=1, index=40): OrderedDict([('word', u'blue'), ('color', u'blue'), ('congruent', 1), ('corrAns', u'right')])
490.1050 	EXP 	stimuli: autoDraw = False
490.1050 	EXP 	hint: autoDraw = False
490.1050 	EXP 	stimuli: color = u'blue (named)'
490.1050 	EXP 	stimuli: text = u'blue'
490.1050 	EXP 	hint: autoDraw = True
490.6211 	EXP 	stimuli: autoDraw = True
492.0549 	DATA 	Keypress: right
492.0591 	EXP 	New trial (rep=1, index=41): OrderedDict([('word', u'red'), ('color', u'red'), ('congruent', 1), ('corrAns', u'left')])
492.1011 	EXP 	stimuli: autoDraw = False
492.1011 	EXP 	hint: autoDraw = False
492.1011 	EXP 	stimuli: color = u'red (named)'
492.1011 	EXP 	stimuli: text = u'red'
492.1011 	EXP 	hint: autoDraw = True
492.5879 	EXP 	stimuli: autoDraw = True
493.3889 	DATA 	Keypress: left
493.3919 	EXP 	New trial (rep=1, index=42): OrderedDict([('word', u'green'), ('color', u'green'), ('congruent', 1), ('corrAns', u'down')])
493.4442 	EXP 	stimuli: autoDraw = False
493.4442 	EXP 	hint: autoDraw = False
493.4442 	EXP 	stimuli: color = u'green (named)'
493.4442 	EXP 	stimuli: text = u'green'
493.4442 	EXP 	hint: autoDraw = True
493.9234 	EXP 	stimuli: autoDraw = True
495.1230 	DATA 	Keypress: down
495.1275 	EXP 	New trial (rep=1, index=43): OrderedDict([('word', u'green'), ('color', u'green'), ('congruent', 1), ('corrAns', u'down')])
495.1410 	EXP 	stimuli: autoDraw = False
495.1410 	EXP 	hint: autoDraw = False
495.1410 	EXP 	stimuli: color = u'green (named)'
495.1410 	EXP 	stimuli: text = u'green'
495.1410 	EXP 	hint: autoDraw = True
495.6558 	EXP 	stimuli: autoDraw = True
496.3566 	DATA 	Keypress: down
496.3610 	EXP 	New trial (rep=1, index=44): OrderedDict([('word', u'red'), ('color', u'red'), ('congruent', 1), ('corrAns', u'left')])
496.4091 	EXP 	stimuli: autoDraw = False
496.4091 	EXP 	hint: autoDraw = False
496.4091 	EXP 	stimuli: color = u'red (named)'
496.4091 	EXP 	stimuli: text = u'red'
496.4091 	EXP 	hint: autoDraw = True
496.8899 	EXP 	stimuli: autoDraw = True
497.8133 	DATA 	Keypress: left
497.8324 	EXP 	New trial (rep=2, index=0): OrderedDict([('word', u'blue'), ('color', u'blue'), ('congruent', 1), ('corrAns', u'right')])
497.8932 	EXP 	stimuli: autoDraw = False
497.8932 	EXP 	hint: autoDraw = False
497.8932 	EXP 	stimuli: color = u'blue (named)'
497.8932 	EXP 	stimuli: text = u'blue'
497.8932 	EXP 	hint: autoDraw = True
498.3651 	EXP 	stimuli: autoDraw = True
499.2278 	DATA 	Keypress: right
499.2457 	EXP 	New trial (rep=2, index=1): OrderedDict([('word', u'green'), ('color', u'blue'), ('congruent', 0), ('corrAns', u'right')])
499.3054 	EXP 	stimuli: autoDraw = False
499.3054 	EXP 	hint: autoDraw = False
499.3054 	EXP 	stimuli: color = u'blue (named)'
499.3054 	EXP 	stimuli: text = u'green'
499.3054 	EXP 	hint: autoDraw = True
499.7750 	EXP 	stimuli: autoDraw = True
500.9819 	DATA 	Keypress: down
500.9962 	EXP 	New trial (rep=2, index=2): OrderedDict([('word', u'red'), ('color', u'red'), ('congruent', 1), ('corrAns', u'left')])
501.0590 	EXP 	stimuli: autoDraw = False
501.0590 	EXP 	hint: autoDraw = False
501.0590 	EXP 	stimuli: color = u'red (named)'
501.0590 	EXP 	stimuli: text = u'red'
501.0590 	EXP 	hint: autoDraw = True
501.5261 	EXP 	stimuli: autoDraw = True
504.9924 	DATA 	Keypress: left
504.9980 	EXP 	New trial (rep=2, index=3): OrderedDict([('word', u'green'), ('color', u'green'), ('congruent', 1), ('corrAns', u'down')])
505.0879 	EXP 	stimuli: autoDraw = False
505.0879 	EXP 	hint: autoDraw = False
505.0879 	EXP 	stimuli: color = u'green (named)'
505.0879 	EXP 	stimuli: text = u'green'
505.0879 	EXP 	hint: autoDraw = True
505.5274 	EXP 	stimuli: autoDraw = True
506.7262 	DATA 	Keypress: down
506.7304 	EXP 	New trial (rep=2, index=4): OrderedDict([('word', u'green'), ('color', u'green'), ('congruent', 1), ('corrAns', u'down')])
506.7443 	EXP 	stimuli: autoDraw = False
506.7443 	EXP 	hint: autoDraw = False
506.7443 	EXP 	stimuli: color = u'green (named)'
506.7443 	EXP 	stimuli: text = u'green'
506.7443 	EXP 	hint: autoDraw = True
507.2651 	EXP 	stimuli: autoDraw = True
508.2112 	DATA 	Keypress: down
508.2164 	EXP 	New trial (rep=2, index=5): OrderedDict([('word', u'green'), ('color', u'green'), ('congruent', 1), ('corrAns', u'down')])
508.2298 	EXP 	stimuli: autoDraw = False
508.2298 	EXP 	hint: autoDraw = False
508.2298 	EXP 	stimuli: color = u'green (named)'
508.2298 	EXP 	stimuli: text = u'green'
508.2298 	EXP 	hint: autoDraw = True
508.7487 	EXP 	stimuli: autoDraw = True
509.4773 	DATA 	Keypress: down
509.4807 	EXP 	New trial (rep=2, index=6): OrderedDict([('word', u'green'), ('color', u'green'), ('congruent', 1), ('corrAns', u'down')])
509.4936 	EXP 	stimuli: autoDraw = False
509.4936 	EXP 	hint: autoDraw = False
509.4936 	EXP 	stimuli: color = u'green (named)'
509.4936 	EXP 	stimuli: text = u'green'
509.4936 	EXP 	hint: autoDraw = True
510.0149 	EXP 	stimuli: autoDraw = True
511.3446 	DATA 	Keypress: down
511.3488 	EXP 	New trial (rep=2, index=7): OrderedDict([('word', u'red'), ('color', u'red'), ('congruent', 1), ('corrAns', u'left')])
511.3906 	EXP 	stimuli: autoDraw = False
511.3906 	EXP 	hint: autoDraw = False
511.3906 	EXP 	stimuli: color = u'red (named)'
511.3906 	EXP 	stimuli: text = u'red'
511.3906 	EXP 	hint: autoDraw = True
511.8780 	EXP 	stimuli: autoDraw = True
512.8120 	DATA 	Keypress: left
512.8162 	EXP 	New trial (rep=2, index=8): OrderedDict([('word', u'blue'), ('color', u'blue'), ('congruent', 1), ('corrAns', u'right')])
512.8621 	EXP 	stimuli: autoDraw = False
512.8621 	EXP 	hint: autoDraw = False
512.8621 	EXP 	stimuli: color = u'blue (named)'
512.8621 	EXP 	stimuli: text = u'blue'
512.8621 	EXP 	hint: autoDraw = True
513.3519 	EXP 	stimuli: autoDraw = True
514.3806 	DATA 	Keypress: right
514.3889 	EXP 	New trial (rep=2, index=9): OrderedDict([('word', u'green'), ('color', u'green'), ('congruent', 1), ('corrAns', u'down')])
514.4583 	EXP 	stimuli: autoDraw = False
514.4583 	EXP 	hint: autoDraw = False
514.4583 	EXP 	stimuli: color = u'green (named)'
514.4583 	EXP 	stimuli: text = u'green'
514.4583 	EXP 	hint: autoDraw = True
514.9193 	EXP 	stimuli: autoDraw = True
517.6316 	DATA 	Keypress: down
517.6369 	EXP 	New trial (rep=2, index=10): OrderedDict([('word', u'blue'), ('color', u'blue'), ('congruent', 1), ('corrAns', u'right')])
517.6884 	EXP 	stimuli: autoDraw = False
517.6884 	EXP 	hint: autoDraw = False
517.6884 	EXP 	stimuli: color = u'blue (named)'
517.6884 	EXP 	stimuli: text = u'blue'
517.6884 	EXP 	hint: autoDraw = True
518.1627 	EXP 	stimuli: autoDraw = True
518.9638 	DATA 	Keypress: right
518.9682 	EXP 	New trial (rep=2, index=11): OrderedDict([('word', u'red'), ('color', u'red'), ('congruent', 1), ('corrAns', u'left')])
519.0122 	EXP 	stimuli: autoDraw = False
519.0122 	EXP 	hint: autoDraw = False
519.0122 	EXP 	stimuli: color = u'red (named)'
519.0122 	EXP 	stimuli: text = u'red'
519.0122 	EXP 	hint: autoDraw = True
519.4972 	EXP 	stimuli: autoDraw = True
520.5140 	DATA 	Keypress: left
520.5171 	EXP 	New trial (rep=2, index=12): OrderedDict([('word', u'green'), ('color', u'green'), ('congruent', 1), ('corrAns', u'down')])
520.5688 	EXP 	stimuli: autoDraw = False
520.5688 	EXP 	hint: autoDraw = False
520.5688 	EXP 	stimuli: color = u'green (named)'
520.5688 	EXP 	stimuli: text = u'green'
520.5688 	EXP 	hint: autoDraw = True
521.0486 	EXP 	stimuli: autoDraw = True
523.0359 	DATA 	Keypress: down
523.0573 	EXP 	New trial (rep=2, index=13): OrderedDict([('word', u'blue'), ('color', u'green'), ('congruent', 0), ('corrAns', u'down')])
523.1146 	EXP 	stimuli: autoDraw = False
523.1146 	EXP 	hint: autoDraw = False
523.1146 	EXP 	stimuli: color = u'green (named)'
523.1146 	EXP 	stimuli: text = u'blue'
523.1146 	EXP 	hint: autoDraw = True
523.5902 	EXP 	stimuli: autoDraw = True
524.2326 	DATA 	Keypress: down
524.2409 	EXP 	New trial (rep=2, index=14): OrderedDict([('word', u'green'), ('color', u'green'), ('congruent', 1), ('corrAns', u'down')])
524.3117 	EXP 	stimuli: autoDraw = False
524.3117 	EXP 	hint: autoDraw = False
524.3117 	EXP 	stimuli: color = u'green (named)'
524.3117 	EXP 	stimuli: text = u'green'
524.3117 	EXP 	hint: autoDraw = True
524.7738 	EXP 	stimuli: autoDraw = True
525.3324 	DATA 	Keypress: down
525.3396 	EXP 	New trial (rep=2, index=15): OrderedDict([('word', u'green'), ('color', u'green'), ('congruent', 1), ('corrAns', u'down')])
525.3522 	EXP 	stimuli: autoDraw = False
525.3522 	EXP 	hint: autoDraw = False
525.3522 	EXP 	stimuli: color = u'green (named)'
525.3522 	EXP 	stimuli: text = u'green'
525.3522 	EXP 	hint: autoDraw = True
525.8648 	EXP 	stimuli: autoDraw = True
526.4183 	DATA 	Keypress: down
526.4326 	EXP 	New trial (rep=2, index=16): OrderedDict([('word', u'green'), ('color', u'blue'), ('congruent', 0), ('corrAns', u'right')])
526.4432 	EXP 	stimuli: autoDraw = False
526.4432 	EXP 	hint: autoDraw = False
526.4432 	EXP 	stimuli: color = u'blue (named)'
526.4432 	EXP 	stimuli: text = u'green'
526.4432 	EXP 	hint: autoDraw = True
526.9710 	EXP 	stimuli: autoDraw = True
527.9499 	DATA 	Keypress: right
527.9541 	EXP 	New trial (rep=2, index=17): OrderedDict([('word', u'blue'), ('color', u'blue'), ('congruent', 1), ('corrAns', u'right')])
528.0032 	EXP 	stimuli: autoDraw = False
528.0032 	EXP 	hint: autoDraw = False
528.0032 	EXP 	stimuli: color = u'blue (named)'
528.0032 	EXP 	stimuli: text = u'blue'
528.0032 	EXP 	hint: autoDraw = True
528.4825 	EXP 	stimuli: autoDraw = True
528.9668 	DATA 	Keypress: right
528.9699 	EXP 	New trial (rep=2, index=18): OrderedDict([('word', u'green'), ('color', u'green'), ('congruent', 1), ('corrAns', u'down')])
529.0214 	EXP 	stimuli: autoDraw = False
529.0214 	EXP 	hint: autoDraw = False
529.0214 	EXP 	stimuli: color = u'green (named)'
529.0214 	EXP 	stimuli: text = u'green'
529.0214 	EXP 	hint: autoDraw = True
529.5000 	EXP 	stimuli: autoDraw = True
530.4037 	DATA 	Keypress: down
530.4215 	EXP 	New trial (rep=2, index=19): OrderedDict([('word', u'blue'), ('color', u'blue'), ('congruent', 1), ('corrAns', u'right')])
530.4696 	EXP 	stimuli: autoDraw = False
530.4696 	EXP 	hint: autoDraw = False
530.4696 	EXP 	stimuli: color = u'blue (named)'
530.4696 	EXP 	stimuli: text = u'blue'
530.4696 	EXP 	hint: autoDraw = True
530.9517 	EXP 	stimuli: autoDraw = True
531.8181 	DATA 	Keypress: right
531.8227 	EXP 	New trial (rep=2, index=20): OrderedDict([('word', u'red'), ('color', u'green'), ('congruent', 0), ('corrAns', u'down')])
531.8704 	EXP 	stimuli: autoDraw = False
531.8704 	EXP 	hint: autoDraw = False
531.8704 	EXP 	stimuli: color = u'green (named)'
531.8704 	EXP 	stimuli: text = u'red'
531.8704 	EXP 	hint: autoDraw = True
532.3505 	EXP 	stimuli: autoDraw = True
533.4847 	DATA 	Keypress: down
533.4877 	EXP 	New trial (rep=2, index=21): OrderedDict([('word', u'red'), ('color', u'red'), ('congruent', 1), ('corrAns', u'left')])
533.5013 	EXP 	stimuli: autoDraw = False
533.5013 	EXP 	hint: autoDraw = False
533.5013 	EXP 	stimuli: color = u'red (named)'
533.5013 	EXP 	stimuli: text = u'red'
533.5013 	EXP 	hint: autoDraw = True
534.0181 	EXP 	stimuli: autoDraw = True
534.7552 	DATA 	Keypress: left
534.7728 	EXP 	New trial (rep=2, index=22): OrderedDict([('word', u'blue'), ('color', u'blue'), ('congruent', 1), ('corrAns', u'right')])
534.8739 	EXP 	stimuli: autoDraw = False
534.8739 	EXP 	hint: autoDraw = False
534.8739 	EXP 	stimuli: color = u'blue (named)'
534.8739 	EXP 	stimuli: text = u'blue'
534.8739 	EXP 	hint: autoDraw = True
535.3027 	EXP 	stimuli: autoDraw = True
536.4028 	DATA 	Keypress: right
536.4069 	EXP 	New trial (rep=2, index=23): OrderedDict([('word', u'red'), ('color', u'red'), ('congruent', 1), ('corrAns', u'left')])
536.4550 	EXP 	stimuli: autoDraw = False
536.4550 	EXP 	hint: autoDraw = False
536.4550 	EXP 	stimuli: color = u'red (named)'
536.4550 	EXP 	stimuli: text = u'red'
536.4550 	EXP 	hint: autoDraw = True
536.9352 	EXP 	stimuli: autoDraw = True
538.0760 	DATA 	Keypress: left
538.0958 	EXP 	New trial (rep=2, index=24): OrderedDict([('word', u'blue'), ('color', u'blue'), ('congruent', 1), ('corrAns', u'right')])
538.1557 	EXP 	stimuli: autoDraw = False
538.1557 	EXP 	hint: autoDraw = False
538.1557 	EXP 	stimuli: color = u'blue (named)'
538.1557 	EXP 	stimuli: text = u'blue'
538.1557 	EXP 	hint: autoDraw = True
538.6201 	EXP 	stimuli: autoDraw = True
539.7209 	DATA 	Keypress: right
539.7410 	EXP 	New trial (rep=2, index=25): OrderedDict([('word', u'blue'), ('color', u'red'), ('congruent', 0), ('corrAns', u'left')])
539.7516 	EXP 	stimuli: autoDraw = False
539.7516 	EXP 	hint: autoDraw = False
539.7516 	EXP 	stimuli: color = u'red (named)'
539.7516 	EXP 	stimuli: text = u'blue'
539.7516 	EXP 	hint: autoDraw = True
540.2703 	EXP 	stimuli: autoDraw = True
541.2875 	DATA 	Keypress: left
541.2920 	EXP 	New trial (rep=2, index=26): OrderedDict([('word', u'blue'), ('color', u'blue'), ('congruent', 1), ('corrAns', u'right')])
541.3055 	EXP 	stimuli: autoDraw = False
541.3055 	EXP 	hint: autoDraw = False
541.3055 	EXP 	stimuli: color = u'blue (named)'
541.3055 	EXP 	stimuli: text = u'blue'
541.3055 	EXP 	hint: autoDraw = True
541.8202 	EXP 	stimuli: autoDraw = True
543.5754 	DATA 	Keypress: right
543.5917 	EXP 	New trial (rep=2, index=27): OrderedDict([('word', u'red'), ('color', u'red'), ('congruent', 1), ('corrAns', u'left')])
543.6496 	EXP 	stimuli: autoDraw = False
543.6496 	EXP 	hint: autoDraw = False
543.6496 	EXP 	stimuli: color = u'red (named)'
543.6496 	EXP 	stimuli: text = u'red'
543.6496 	EXP 	hint: autoDraw = True
544.1218 	EXP 	stimuli: autoDraw = True
544.9220 	DATA 	Keypress: left
544.9255 	EXP 	New trial (rep=2, index=28): OrderedDict([('word', u'green'), ('color', u'green'), ('congruent', 1), ('corrAns', u'down')])
545.0156 	EXP 	stimuli: autoDraw = False
545.0156 	EXP 	hint: autoDraw = False
545.0156 	EXP 	stimuli: color = u'green (named)'
545.0156 	EXP 	stimuli: text = u'green'
545.0156 	EXP 	hint: autoDraw = True
545.4555 	EXP 	stimuli: autoDraw = True
546.2775 	DATA 	Keypress: down
546.2927 	EXP 	New trial (rep=2, index=29): OrderedDict([('word', u'red'), ('color', u'green'), ('congruent', 0), ('corrAns', u'down')])
546.3369 	EXP 	stimuli: autoDraw = False
546.3369 	EXP 	hint: autoDraw = False
546.3369 	EXP 	stimuli: color = u'green (named)'
546.3369 	EXP 	stimuli: text = u'red'
546.3369 	EXP 	hint: autoDraw = True
546.8220 	EXP 	stimuli: autoDraw = True
548.0561 	DATA 	Keypress: down
548.0606 	EXP 	New trial (rep=2, index=30): OrderedDict([('word', u'green'), ('color', u'green'), ('congruent', 1), ('corrAns', u'down')])
548.1173 	EXP 	stimuli: autoDraw = False
548.1173 	EXP 	hint: autoDraw = False
548.1173 	EXP 	stimuli: color = u'green (named)'
548.1173 	EXP 	stimuli: text = u'green'
548.1173 	EXP 	hint: autoDraw = True
548.5948 	EXP 	stimuli: autoDraw = True
549.2774 	DATA 	Keypress: down
549.2936 	EXP 	New trial (rep=2, index=31): OrderedDict([('word', u'red'), ('color', u'red'), ('congruent', 1), ('corrAns', u'left')])
549.3378 	EXP 	stimuli: autoDraw = False
549.3378 	EXP 	hint: autoDraw = False
549.3378 	EXP 	stimuli: color = u'red (named)'
549.3378 	EXP 	stimuli: text = u'red'
549.3378 	EXP 	hint: autoDraw = True
549.8226 	EXP 	stimuli: autoDraw = True
550.8905 	DATA 	Keypress: left
550.8935 	EXP 	New trial (rep=2, index=32): OrderedDict([('word', u'green'), ('color', u'red'), ('congruent', 0), ('corrAns', u'left')])
550.9665 	EXP 	stimuli: autoDraw = False
550.9665 	EXP 	hint: autoDraw = False
550.9665 	EXP 	stimuli: color = u'red (named)'
550.9665 	EXP 	stimuli: text = u'green'
550.9665 	EXP 	hint: autoDraw = True
551.4231 	EXP 	stimuli: autoDraw = True
552.2447 	DATA 	Keypress: left
552.2620 	EXP 	New trial (rep=2, index=33): OrderedDict([('word', u'blue'), ('color', u'blue'), ('congruent', 1), ('corrAns', u'right')])
552.3104 	EXP 	stimuli: autoDraw = False
552.3104 	EXP 	hint: autoDraw = False
552.3104 	EXP 	stimuli: color = u'blue (named)'
552.3104 	EXP 	stimuli: text = u'blue'
552.3104 	EXP 	hint: autoDraw = True
552.7931 	EXP 	stimuli: autoDraw = True
553.6438 	DATA 	Keypress: right
553.6776 	EXP 	New trial (rep=2, index=34): OrderedDict([('word', u'red'), ('color', u'red'), ('congruent', 1), ('corrAns', u'left')])
553.7408 	EXP 	stimuli: autoDraw = False
553.7408 	EXP 	hint: autoDraw = False
553.7408 	EXP 	stimuli: color = u'red (named)'
553.7408 	EXP 	stimuli: text = u'red'
553.7408 	EXP 	hint: autoDraw = True
554.2091 	EXP 	stimuli: autoDraw = True
555.0919 	DATA 	Keypress: left
555.0960 	EXP 	New trial (rep=2, index=35): OrderedDict([('word', u'blue'), ('color', u'blue'), ('congruent', 1), ('corrAns', u'right')])
555.1479 	EXP 	stimuli: autoDraw = False
555.1479 	EXP 	hint: autoDraw = False
555.1479 	EXP 	stimuli: color = u'blue (named)'
555.1479 	EXP 	stimuli: text = u'blue'
555.1479 	EXP 	hint: autoDraw = True
555.6331 	EXP 	stimuli: autoDraw = True
556.6590 	DATA 	Keypress: right
556.6639 	EXP 	New trial (rep=2, index=36): OrderedDict([('word', u'blue'), ('color', u'red'), ('congruent', 0), ('corrAns', u'left')])
556.6777 	EXP 	stimuli: autoDraw = False
556.6777 	EXP 	hint: autoDraw = False
556.6777 	EXP 	stimuli: color = u'red (named)'
556.6777 	EXP 	stimuli: text = u'blue'
556.6777 	EXP 	hint: autoDraw = True
557.1972 	EXP 	stimuli: autoDraw = True
557.9924 	DATA 	Keypress: left
557.9965 	EXP 	New trial (rep=2, index=37): OrderedDict([('word', u'red'), ('color', u'red'), ('congruent', 1), ('corrAns', u'left')])
558.0392 	EXP 	stimuli: autoDraw = False
558.0392 	EXP 	hint: autoDraw = False
558.0392 	EXP 	stimuli: color = u'red (named)'
558.0392 	EXP 	stimuli: text = u'red'
558.0392 	EXP 	hint: autoDraw = True
558.5267 	EXP 	stimuli: autoDraw = True
559.3766 	DATA 	Keypress: left
559.3814 	EXP 	New trial (rep=2, index=38): OrderedDict([('word', u'red'), ('color', u'red'), ('congruent', 1), ('corrAns', u'left')])
559.3945 	EXP 	stimuli: autoDraw = False
559.3945 	EXP 	hint: autoDraw = False
559.3945 	EXP 	stimuli: color = u'red (named)'
559.3945 	EXP 	stimuli: text = u'red'
559.3945 	EXP 	hint: autoDraw = True
559.9097 	EXP 	stimuli: autoDraw = True
560.6608 	DATA 	Keypress: left
560.6809 	EXP 	New trial (rep=2, index=39): OrderedDict([('word', u'green'), ('color', u'green'), ('congruent', 1), ('corrAns', u'down')])
560.7475 	EXP 	stimuli: autoDraw = False
560.7475 	EXP 	hint: autoDraw = False
560.7475 	EXP 	stimuli: color = u'green (named)'
560.7475 	EXP 	stimuli: text = u'green'
560.7475 	EXP 	hint: autoDraw = True
561.2095 	EXP 	stimuli: autoDraw = True
562.1641 	DATA 	Keypress: down
562.1816 	EXP 	New trial (rep=2, index=40): OrderedDict([('word', u'blue'), ('color', u'blue'), ('congruent', 1), ('corrAns', u'right')])
562.2327 	EXP 	stimuli: autoDraw = False
562.2327 	EXP 	hint: autoDraw = False
562.2327 	EXP 	stimuli: color = u'blue (named)'
562.2327 	EXP 	stimuli: text = u'blue'
562.2327 	EXP 	hint: autoDraw = True
562.7129 	EXP 	stimuli: autoDraw = True
563.6611 	DATA 	Keypress: right
563.6656 	EXP 	New trial (rep=2, index=41): OrderedDict([('word', u'red'), ('color', u'red'), ('congruent', 1), ('corrAns', u'left')])
563.7093 	EXP 	stimuli: autoDraw = False
563.7093 	EXP 	hint: autoDraw = False
563.7093 	EXP 	stimuli: color = u'red (named)'
563.7093 	EXP 	stimuli: text = u'red'
563.7093 	EXP 	hint: autoDraw = True
564.1937 	EXP 	stimuli: autoDraw = True
565.0785 	DATA 	Keypress: left
565.0833 	EXP 	New trial (rep=2, index=42): OrderedDict([('word', u'red'), ('color', u'blue'), ('congruent', 0), ('corrAns', u'right')])
565.0969 	EXP 	stimuli: autoDraw = False
565.0969 	EXP 	hint: autoDraw = False
565.0969 	EXP 	stimuli: color = u'blue (named)'
565.0969 	EXP 	stimuli: text = u'red'
565.0969 	EXP 	hint: autoDraw = True
565.6166 	EXP 	stimuli: autoDraw = True
566.6956 	DATA 	Keypress: right
566.7009 	EXP 	New trial (rep=2, index=43): OrderedDict([('word', u'blue'), ('color', u'blue'), ('congruent', 1), ('corrAns', u'right')])
566.7462 	EXP 	stimuli: autoDraw = False
566.7462 	EXP 	hint: autoDraw = False
566.7462 	EXP 	stimuli: color = u'blue (named)'
566.7462 	EXP 	stimuli: text = u'blue'
566.7462 	EXP 	hint: autoDraw = True
567.2313 	EXP 	stimuli: autoDraw = True
568.0996 	DATA 	Keypress: right
568.1166 	EXP 	New trial (rep=2, index=44): OrderedDict([('word', u'red'), ('color', u'red'), ('congruent', 1), ('corrAns', u'left')])
568.1684 	EXP 	stimuli: autoDraw = False
568.1684 	EXP 	hint: autoDraw = False
568.1684 	EXP 	stimuli: color = u'red (named)'
568.1684 	EXP 	stimuli: text = u'red'
568.1684 	EXP 	hint: autoDraw = True
568.6456 	EXP 	stimuli: autoDraw = True
569.6418 	DATA 	Keypress: left
569.6658 	EXP 	New trial (rep=3, index=0): OrderedDict([('word', u'blue'), ('color', u'blue'), ('congruent', 1), ('corrAns', u'right')])
569.7318 	EXP 	stimuli: autoDraw = False
569.7318 	EXP 	hint: autoDraw = False
569.7318 	EXP 	stimuli: color = u'blue (named)'
569.7318 	EXP 	stimuli: text = u'blue'
569.7318 	EXP 	hint: autoDraw = True
570.2038 	EXP 	stimuli: autoDraw = True
571.2806 	DATA 	Keypress: right
571.2847 	EXP 	New trial (rep=3, index=1): OrderedDict([('word', u'green'), ('color', u'green'), ('congruent', 1), ('corrAns', u'down')])
571.3398 	EXP 	stimuli: autoDraw = False
571.3398 	EXP 	hint: autoDraw = False
571.3398 	EXP 	stimuli: color = u'green (named)'
571.3398 	EXP 	stimuli: text = u'green'
571.3398 	EXP 	hint: autoDraw = True
571.8133 	EXP 	stimuli: autoDraw = True
572.6968 	DATA 	Keypress: down
572.6999 	EXP 	New trial (rep=3, index=2): OrderedDict([('word', u'blue'), ('color', u'blue'), ('congruent', 1), ('corrAns', u'right')])
572.7433 	EXP 	stimuli: autoDraw = False
572.7433 	EXP 	hint: autoDraw = False
572.7433 	EXP 	stimuli: color = u'blue (named)'
572.7433 	EXP 	stimuli: text = u'blue'
572.7433 	EXP 	hint: autoDraw = True
573.2311 	EXP 	stimuli: autoDraw = True
575.2999 	DATA 	Keypress: right
575.3143 	EXP 	New trial (rep=3, index=3): OrderedDict([('word', u'red'), ('color', u'red'), ('congruent', 1), ('corrAns', u'left')])
575.3754 	EXP 	stimuli: autoDraw = False
575.3754 	EXP 	hint: autoDraw = False
575.3754 	EXP 	stimuli: color = u'red (named)'
575.3754 	EXP 	stimuli: text = u'red'
575.3754 	EXP 	hint: autoDraw = True
575.8492 	EXP 	stimuli: autoDraw = True
576.8659 	DATA 	Keypress: left
576.8704 	EXP 	New trial (rep=3, index=4): OrderedDict([('word', u'blue'), ('color', u'green'), ('congruent', 0), ('corrAns', u'down')])
576.9156 	EXP 	stimuli: autoDraw = False
576.9156 	EXP 	hint: autoDraw = False
576.9156 	EXP 	stimuli: color = u'green (named)'
576.9156 	EXP 	stimuli: text = u'blue'
576.9156 	EXP 	hint: autoDraw = True
577.3979 	EXP 	stimuli: autoDraw = True
579.7159 	DATA 	Keypress: down
579.7203 	EXP 	New trial (rep=3, index=5): OrderedDict([('word', u'green'), ('color', u'green'), ('congruent', 1), ('corrAns', u'down')])
579.7738 	EXP 	stimuli: autoDraw = False
579.7738 	EXP 	hint: autoDraw = False
579.7738 	EXP 	stimuli: color = u'green (named)'
579.7738 	EXP 	stimuli: text = u'green'
579.7738 	EXP 	hint: autoDraw = True
580.2491 	EXP 	stimuli: autoDraw = True
581.5001 	DATA 	Keypress: down
581.5046 	EXP 	New trial (rep=3, index=6): OrderedDict([('word', u'blue'), ('color', u'red'), ('congruent', 0), ('corrAns', u'left')])
581.5558 	EXP 	stimuli: autoDraw = False
581.5558 	EXP 	hint: autoDraw = False
581.5558 	EXP 	stimuli: color = u'red (named)'
581.5558 	EXP 	stimuli: text = u'blue'
581.5558 	EXP 	hint: autoDraw = True
582.0376 	EXP 	stimuli: autoDraw = True
583.5994 	DATA 	Keypress: left
583.6138 	EXP 	New trial (rep=3, index=7): OrderedDict([('word', u'green'), ('color', u'green'), ('congruent', 1), ('corrAns', u'down')])
583.6781 	EXP 	stimuli: autoDraw = False
583.6781 	EXP 	hint: autoDraw = False
583.6781 	EXP 	stimuli: color = u'green (named)'
583.6781 	EXP 	stimuli: text = u'green'
583.6781 	EXP 	hint: autoDraw = True
584.1414 	EXP 	stimuli: autoDraw = True
585.0344 	DATA 	Keypress: down
585.0428 	EXP 	New trial (rep=3, index=8): OrderedDict([('word', u'red'), ('color', u'green'), ('congruent', 0), ('corrAns', u'down')])
585.1156 	EXP 	stimuli: autoDraw = False
585.1156 	EXP 	hint: autoDraw = False
585.1156 	EXP 	stimuli: color = u'green (named)'
585.1156 	EXP 	stimuli: text = u'red'
585.1156 	EXP 	hint: autoDraw = True
585.5755 	EXP 	stimuli: autoDraw = True
587.3707 	DATA 	Keypress: down
587.3885 	EXP 	New trial (rep=3, index=9): OrderedDict([('word', u'red'), ('color', u'red'), ('congruent', 1), ('corrAns', u'left')])
587.4012 	EXP 	stimuli: autoDraw = False
587.4012 	EXP 	hint: autoDraw = False
587.4012 	EXP 	stimuli: color = u'red (named)'
587.4012 	EXP 	stimuli: text = u'red'
587.4012 	EXP 	hint: autoDraw = True
587.9227 	EXP 	stimuli: autoDraw = True
588.8364 	DATA 	Keypress: left
588.8545 	EXP 	New trial (rep=3, index=10): OrderedDict([('word', u'green'), ('color', u'green'), ('congruent', 1), ('corrAns', u'down')])
588.9202 	EXP 	stimuli: autoDraw = False
588.9202 	EXP 	hint: autoDraw = False
588.9202 	EXP 	stimuli: color = u'green (named)'
588.9202 	EXP 	stimuli: text = u'green'
588.9202 	EXP 	hint: autoDraw = True
589.3851 	EXP 	stimuli: autoDraw = True
590.2691 	DATA 	Keypress: down
590.2730 	EXP 	New trial (rep=3, index=11): OrderedDict([('word', u'blue'), ('color', u'blue'), ('congruent', 1), ('corrAns', u'right')])
590.3198 	EXP 	stimuli: autoDraw = False
590.3198 	EXP 	hint: autoDraw = False
590.3198 	EXP 	stimuli: color = u'blue (named)'
590.3198 	EXP 	stimuli: text = u'blue'
590.3198 	EXP 	hint: autoDraw = True
590.8025 	EXP 	stimuli: autoDraw = True
591.7201 	DATA 	Keypress: right
591.7272 	EXP 	New trial (rep=3, index=12): OrderedDict([('word', u'blue'), ('color', u'blue'), ('congruent', 1), ('corrAns', u'right')])
591.7399 	EXP 	stimuli: autoDraw = False
591.7399 	EXP 	hint: autoDraw = False
591.7399 	EXP 	stimuli: color = u'blue (named)'
591.7399 	EXP 	stimuli: text = u'blue'
591.7399 	EXP 	hint: autoDraw = True
592.2532 	EXP 	stimuli: autoDraw = True
593.0375 	DATA 	Keypress: right
593.0417 	EXP 	New trial (rep=3, index=13): OrderedDict([('word', u'blue'), ('color', u'blue'), ('congruent', 1), ('corrAns', u'right')])
593.0543 	EXP 	stimuli: autoDraw = False
593.0543 	EXP 	hint: autoDraw = False
593.0543 	EXP 	stimuli: color = u'blue (named)'
593.0543 	EXP 	stimuli: text = u'blue'
593.0543 	EXP 	hint: autoDraw = True
593.5726 	EXP 	stimuli: autoDraw = True
594.3221 	DATA 	Keypress: right
594.3303 	EXP 	New trial (rep=3, index=14): OrderedDict([('word', u'red'), ('color', u'red'), ('congruent', 1), ('corrAns', u'left')])
594.3860 	EXP 	stimuli: autoDraw = False
594.3860 	EXP 	hint: autoDraw = False
594.3860 	EXP 	stimuli: color = u'red (named)'
594.3860 	EXP 	stimuli: text = u'red'
594.3860 	EXP 	hint: autoDraw = True
594.8563 	EXP 	stimuli: autoDraw = True
595.8214 	DATA 	Keypress: left
595.8256 	EXP 	New trial (rep=3, index=15): OrderedDict([('word', u'red'), ('color', u'blue'), ('congruent', 0), ('corrAns', u'right')])
595.8387 	EXP 	stimuli: autoDraw = False
595.8387 	EXP 	hint: autoDraw = False
595.8387 	EXP 	stimuli: color = u'blue (named)'
595.8387 	EXP 	stimuli: text = u'red'
595.8387 	EXP 	hint: autoDraw = True
596.3583 	EXP 	stimuli: autoDraw = True
597.5353 	DATA 	Keypress: right
597.5436 	EXP 	New trial (rep=3, index=16): OrderedDict([('word', u'green'), ('color', u'green'), ('congruent', 1), ('corrAns', u'down')])
597.6055 	EXP 	stimuli: autoDraw = False
597.6055 	EXP 	hint: autoDraw = False
597.6055 	EXP 	stimuli: color = u'green (named)'
597.6055 	EXP 	stimuli: text = u'green'
597.6055 	EXP 	hint: autoDraw = True
598.0712 	EXP 	stimuli: autoDraw = True
598.9550 	DATA 	Keypress: down
598.9759 	EXP 	New trial (rep=3, index=17): OrderedDict([('word', u'green'), ('color', u'green'), ('congruent', 1), ('corrAns', u'down')])
598.9887 	EXP 	stimuli: autoDraw = False
598.9887 	EXP 	hint: autoDraw = False
598.9887 	EXP 	stimuli: color = u'green (named)'
598.9887 	EXP 	stimuli: text = u'green'
598.9887 	EXP 	hint: autoDraw = True
599.5107 	EXP 	stimuli: autoDraw = True
600.3893 	DATA 	Keypress: down
600.3934 	EXP 	New trial (rep=3, index=18): OrderedDict([('word', u'green'), ('color', u'green'), ('congruent', 1), ('corrAns', u'down')])
600.4067 	EXP 	stimuli: autoDraw = False
600.4067 	EXP 	hint: autoDraw = False
600.4067 	EXP 	stimuli: color = u'green (named)'
600.4067 	EXP 	stimuli: text = u'green'
600.4067 	EXP 	hint: autoDraw = True
600.9226 	EXP 	stimuli: autoDraw = True
601.6586 	DATA 	Keypress: down
601.6755 	EXP 	New trial (rep=3, index=19): OrderedDict([('word', u'red'), ('color', u'red'), ('congruent', 1), ('corrAns', u'left')])
601.7156 	EXP 	stimuli: autoDraw = False
601.7156 	EXP 	hint: autoDraw = False
601.7156 	EXP 	stimuli: color = u'red (named)'
601.7156 	EXP 	stimuli: text = u'red'
601.7156 	EXP 	hint: autoDraw = True
602.2078 	EXP 	stimuli: autoDraw = True
602.9734 	DATA 	Keypress: left
602.9779 	EXP 	New trial (rep=3, index=20): OrderedDict([('word', u'red'), ('color', u'red'), ('congruent', 1), ('corrAns', u'left')])
602.9912 	EXP 	stimuli: autoDraw = False
602.9912 	EXP 	hint: autoDraw = False
602.9912 	EXP 	stimuli: color = u'red (named)'
602.9912 	EXP 	stimuli: text = u'red'
602.9912 	EXP 	hint: autoDraw = True
603.5068 	EXP 	stimuli: autoDraw = True
604.2767 	DATA 	Keypress: left
604.2937 	EXP 	New trial (rep=3, index=21): OrderedDict([('word', u'green'), ('color', u'green'), ('congruent', 1), ('corrAns', u'down')])
604.3781 	EXP 	stimuli: autoDraw = False
604.3781 	EXP 	hint: autoDraw = False
604.3781 	EXP 	stimuli: color = u'green (named)'
604.3781 	EXP 	stimuli: text = u'green'
604.3781 	EXP 	hint: autoDraw = True
604.8232 	EXP 	stimuli: autoDraw = True
605.7245 	DATA 	Keypress: down
605.7316 	EXP 	New trial (rep=3, index=22): OrderedDict([('word', u'green'), ('color', u'blue'), ('congruent', 0), ('corrAns', u'right')])
605.7444 	EXP 	stimuli: autoDraw = False
605.7444 	EXP 	hint: autoDraw = False
605.7444 	EXP 	stimuli: color = u'blue (named)'
605.7444 	EXP 	stimuli: text = u'green'
605.7444 	EXP 	hint: autoDraw = True
606.2572 	EXP 	stimuli: autoDraw = True
607.3257 	DATA 	Keypress: right
607.3311 	EXP 	New trial (rep=3, index=23): OrderedDict([('word', u'red'), ('color', u'red'), ('congruent', 1), ('corrAns', u'left')])
607.3820 	EXP 	stimuli: autoDraw = False
607.3820 	EXP 	hint: autoDraw = False
607.3820 	EXP 	stimuli: color = u'red (named)'
607.3820 	EXP 	stimuli: text = u'red'
607.3820 	EXP 	hint: autoDraw = True
607.8634 	EXP 	stimuli: autoDraw = True
608.9439 	DATA 	Keypress: left
608.9584 	EXP 	New trial (rep=3, index=24): OrderedDict([('word', u'blue'), ('color', u'blue'), ('congruent', 1), ('corrAns', u'right')])
609.0230 	EXP 	stimuli: autoDraw = False
609.0230 	EXP 	hint: autoDraw = False
609.0230 	EXP 	stimuli: color = u'blue (named)'
609.0230 	EXP 	stimuli: text = u'blue'
609.0230 	EXP 	hint: autoDraw = True
609.5001 	EXP 	stimuli: autoDraw = True
610.3631 	DATA 	Keypress: right
610.3900 	EXP 	New trial (rep=3, index=25): OrderedDict([('word', u'green'), ('color', u'green'), ('congruent', 1), ('corrAns', u'down')])
610.4669 	EXP 	stimuli: autoDraw = False
610.4669 	EXP 	hint: autoDraw = False
610.4669 	EXP 	stimuli: color = u'green (named)'
610.4669 	EXP 	stimuli: text = u'green'
610.4669 	EXP 	hint: autoDraw = True
610.9102 	EXP 	stimuli: autoDraw = True
611.9099 	DATA 	Keypress: down
611.9134 	EXP 	New trial (rep=3, index=26): OrderedDict([('word', u'red'), ('color', u'red'), ('congruent', 1), ('corrAns', u'left')])
611.9558 	EXP 	stimuli: autoDraw = False
611.9558 	EXP 	hint: autoDraw = False
611.9558 	EXP 	stimuli: color = u'red (named)'
611.9558 	EXP 	stimuli: text = u'red'
611.9558 	EXP 	hint: autoDraw = True
612.4426 	EXP 	stimuli: autoDraw = True
613.5432 	DATA 	Keypress: left
613.5462 	EXP 	New trial (rep=3, index=27): OrderedDict([('word', u'red'), ('color', u'red'), ('congruent', 1), ('corrAns', u'left')])
613.5592 	EXP 	stimuli: autoDraw = False
613.5592 	EXP 	hint: autoDraw = False
613.5592 	EXP 	stimuli: color = u'red (named)'
613.5592 	EXP 	stimuli: text = u'red'
613.5592 	EXP 	hint: autoDraw = True
614.0819 	EXP 	stimuli: autoDraw = True
614.8444 	DATA 	Keypress: left
614.8488 	EXP 	New trial (rep=3, index=28): OrderedDict([('word', u'red'), ('color', u'red'), ('congruent', 1), ('corrAns', u'left')])
614.8625 	EXP 	stimuli: autoDraw = False
614.8625 	EXP 	hint: autoDraw = False
614.8625 	EXP 	stimuli: color = u'red (named)'
614.8625 	EXP 	stimuli: text = u'red'
614.8625 	EXP 	hint: autoDraw = True
615.3768 	EXP 	stimuli: autoDraw = True
616.0912 	DATA 	Keypress: left
616.0994 	EXP 	New trial (rep=3, index=29): OrderedDict([('word', u'blue'), ('color', u'blue'), ('congruent', 1), ('corrAns', u'right')])
616.1576 	EXP 	stimuli: autoDraw = False
616.1576 	EXP 	hint: autoDraw = False
616.1576 	EXP 	stimuli: color = u'blue (named)'
616.1576 	EXP 	stimuli: text = u'blue'
616.1576 	EXP 	hint: autoDraw = True
616.6297 	EXP 	stimuli: autoDraw = True
619.4796 	DATA 	Keypress: right
619.4848 	EXP 	New trial (rep=3, index=30): OrderedDict([('word', u'red'), ('color', u'green'), ('congruent', 0), ('corrAns', u'down')])
619.5284 	EXP 	stimuli: autoDraw = False
619.5284 	EXP 	hint: autoDraw = False
619.5284 	EXP 	stimuli: color = u'green (named)'
619.5284 	EXP 	stimuli: text = u'red'
619.5284 	EXP 	hint: autoDraw = True
620.0123 	EXP 	stimuli: autoDraw = True
621.3487 	DATA 	Keypress: down
621.3663 	EXP 	New trial (rep=3, index=31): OrderedDict([('word', u'blue'), ('color', u'blue'), ('congruent', 1), ('corrAns', u'right')])
621.4122 	EXP 	stimuli: autoDraw = False
621.4122 	EXP 	hint: autoDraw = False
621.4122 	EXP 	stimuli: color = u'blue (named)'
621.4122 	EXP 	stimuli: text = u'blue'
621.4122 	EXP 	hint: autoDraw = True
621.8970 	EXP 	stimuli: autoDraw = True
623.0470 	DATA 	Keypress: right
623.0512 	EXP 	New trial (rep=3, index=32): OrderedDict([('word', u'red'), ('color', u'red'), ('congruent', 1), ('corrAns', u'left')])
623.0945 	EXP 	stimuli: autoDraw = False
623.0945 	EXP 	hint: autoDraw = False
623.0945 	EXP 	stimuli: color = u'red (named)'
623.0945 	EXP 	stimuli: text = u'red'
623.0945 	EXP 	hint: autoDraw = True
623.5814 	EXP 	stimuli: autoDraw = True
624.5601 	DATA 	Keypress: left
624.5673 	EXP 	New trial (rep=3, index=33): OrderedDict([('word', u'green'), ('color', u'green'), ('congruent', 1), ('corrAns', u'down')])
624.6346 	EXP 	stimuli: autoDraw = False
624.6346 	EXP 	hint: autoDraw = False
624.6346 	EXP 	stimuli: color = u'green (named)'
624.6346 	EXP 	stimuli: text = u'green'
624.6346 	EXP 	hint: autoDraw = True
625.0991 	EXP 	stimuli: autoDraw = True
625.9972 	DATA 	Keypress: down
626.0007 	EXP 	New trial (rep=3, index=34): OrderedDict([('word', u'blue'), ('color', u'blue'), ('congruent', 1), ('corrAns', u'right')])
626.0476 	EXP 	stimuli: autoDraw = False
626.0476 	EXP 	hint: autoDraw = False
626.0476 	EXP 	stimuli: color = u'blue (named)'
626.0476 	EXP 	stimuli: text = u'blue'
626.0476 	EXP 	hint: autoDraw = True
626.5392 	EXP 	stimuli: autoDraw = True
627.7313 	DATA 	Keypress: right
627.7358 	EXP 	New trial (rep=3, index=35): OrderedDict([('word', u'green'), ('color', u'blue'), ('congruent', 0), ('corrAns', u'right')])
627.7899 	EXP 	stimuli: autoDraw = False
627.7899 	EXP 	hint: autoDraw = False
627.7899 	EXP 	stimuli: color = u'blue (named)'
627.7899 	EXP 	stimuli: text = u'green'
627.7899 	EXP 	hint: autoDraw = True
628.2642 	EXP 	stimuli: autoDraw = True
629.0871 	DATA 	Keypress: right
629.1050 	EXP 	New trial (rep=3, index=36): OrderedDict([('word', u'green'), ('color', u'green'), ('congruent', 1), ('corrAns', u'down')])
629.1186 	EXP 	stimuli: autoDraw = False
629.1186 	EXP 	hint: autoDraw = False
629.1186 	EXP 	stimuli: color = u'green (named)'
629.1186 	EXP 	stimuli: text = u'green'
629.1186 	EXP 	hint: autoDraw = True
629.6368 	EXP 	stimuli: autoDraw = True
633.1999 	DATA 	Keypress: down
633.2061 	EXP 	New trial (rep=3, index=37): OrderedDict([('word', u'blue'), ('color', u'red'), ('congruent', 0), ('corrAns', u'left')])
633.2856 	EXP 	stimuli: autoDraw = False
633.2856 	EXP 	hint: autoDraw = False
633.2856 	EXP 	stimuli: color = u'red (named)'
633.2856 	EXP 	stimuli: text = u'blue'
633.2856 	EXP 	hint: autoDraw = True
633.7413 	EXP 	stimuli: autoDraw = True
635.1334 	DATA 	Keypress: left
635.1364 	EXP 	New trial (rep=3, index=38): OrderedDict([('word', u'blue'), ('color', u'blue'), ('congruent', 1), ('corrAns', u'right')])
635.1495 	EXP 	stimuli: autoDraw = False
635.1495 	EXP 	hint: autoDraw = False
635.1495 	EXP 	stimuli: color = u'blue (named)'
635.1495 	EXP 	stimuli: text = u'blue'
635.1495 	EXP 	hint: autoDraw = True
635.6662 	EXP 	stimuli: autoDraw = True
636.6836 	DATA 	Keypress: right
636.6866 	EXP 	New trial (rep=3, index=39): OrderedDict([('word', u'green'), ('color', u'green'), ('congruent', 1), ('corrAns', u'down')])
636.7383 	EXP 	stimuli: autoDraw = False
636.7383 	EXP 	hint: autoDraw = False
636.7383 	EXP 	stimuli: color = u'green (named)'
636.7383 	EXP 	stimuli: text = u'green'
636.7383 	EXP 	hint: autoDraw = True
637.2174 	EXP 	stimuli: autoDraw = True
638.1016 	DATA 	Keypress: down
638.1061 	EXP 	New trial (rep=3, index=40): OrderedDict([('word', u'green'), ('color', u'red'), ('congruent', 0), ('corrAns', u'left')])
638.1193 	EXP 	stimuli: autoDraw = False
638.1193 	EXP 	hint: autoDraw = False
638.1193 	EXP 	stimuli: color = u'red (named)'
638.1193 	EXP 	stimuli: text = u'green'
638.1193 	EXP 	hint: autoDraw = True
638.6399 	EXP 	stimuli: autoDraw = True
639.5021 	DATA 	Keypress: left
639.5103 	EXP 	New trial (rep=3, index=41): OrderedDict([('word', u'blue'), ('color', u'blue'), ('congruent', 1), ('corrAns', u'right')])
639.5699 	EXP 	stimuli: autoDraw = False
639.5699 	EXP 	hint: autoDraw = False
639.5699 	EXP 	stimuli: color = u'blue (named)'
639.5699 	EXP 	stimuli: text = u'blue'
639.5699 	EXP 	hint: autoDraw = True
640.0359 	EXP 	stimuli: autoDraw = True
640.8856 	DATA 	Keypress: right
640.8928 	EXP 	New trial (rep=3, index=42): OrderedDict([('word', u'red'), ('color', u'red'), ('congruent', 1), ('corrAns', u'left')])
640.9445 	EXP 	stimuli: autoDraw = False
640.9445 	EXP 	hint: autoDraw = False
640.9445 	EXP 	stimuli: color = u'red (named)'
640.9445 	EXP 	stimuli: text = u'red'
640.9445 	EXP 	hint: autoDraw = True
641.4205 	EXP 	stimuli: autoDraw = True
642.2523 	DATA 	Keypress: left
642.2560 	EXP 	New trial (rep=3, index=43): OrderedDict([('word', u'red'), ('color', u'red'), ('congruent', 1), ('corrAns', u'left')])
642.2687 	EXP 	stimuli: autoDraw = False
642.2687 	EXP 	hint: autoDraw = False
642.2687 	EXP 	stimuli: color = u'red (named)'
642.2687 	EXP 	stimuli: text = u'red'
642.2687 	EXP 	hint: autoDraw = True
642.7907 	EXP 	stimuli: autoDraw = True
643.5703 	DATA 	Keypress: left
643.5785 	EXP 	New trial (rep=3, index=44): OrderedDict([('word', u'blue'), ('color', u'blue'), ('congruent', 1), ('corrAns', u'right')])
643.6360 	EXP 	stimuli: autoDraw = False
643.6360 	EXP 	hint: autoDraw = False
643.6360 	EXP 	stimuli: color = u'blue (named)'
643.6360 	EXP 	stimuli: text = u'blue'
643.6360 	EXP 	hint: autoDraw = True
644.1107 	EXP 	stimuli: autoDraw = True
644.9303 	DATA 	Keypress: right
645.3577 	EXP 	stimuli: autoDraw = False
645.3577 	EXP 	hint: autoDraw = False
645.3577 	EXP 	text_2: autoDraw = True
648.6889 	DATA 	Keypress: space
650.6111 	EXP 	window1: mouseVisible = True
