23.1114 	EXP 	Created window1 = Window(allowGUI=False, allowStencil=False, args=UNKNOWN, autoLog=True, bitsMode=UNKNOWN, blendMode='avg', color=array([-1., -1., -1.]), colorSpace='rgb', fullscr=UNKNOWN, gamma=None, kwargs=UNKNOWN, lms=UNKNOWN, monitor=<psychopy.monitors.calibTools.Monitor object at 0x19C52950>, multiSample=False, name='window1', numSamples=2, pos=[0, 0], screen=0, size=array([1366,  768]), stereo=False, units='norm', useFBO=True, useRetina=False, viewOri=0.0, viewPos=None, viewScale=None, waitBlanking=True, winType=u'pyglet')
23.1116 	EXP 	window1: recordFrameIntervals = False
23.2756 	EXP 	window1: recordFrameIntervals = True
23.4590 	EXP 	window1: recordFrameIntervals = False
26.4626 	EXP 	Created instr = TextStim(alignHoriz='center', alignVert='center', antialias=True, autoLog=True, bold=False, color=array([ 1.,  1.,  1.]), colorSpace='rgb', contrast=1.0, depth=0.0, flipHoriz=False, flipVert=False, font='Arial', fontFiles=[], height=28, italic=False, name='instr', opacity=1.0, ori=0, pos=array([ 0.,  0.]), rgb=array([ 1.,  1.,  1.]), text=newstr(...), units='pix', win=Window(...), wrapWidth=900)
26.6408 	EXP 	Created stimuli = TextStim(alignHoriz='center', alignVert='center', antialias=True, autoLog=True, bold=False, color=array([ 1.,  1.,  1.]), colorSpace='rgb', contrast=1.0, depth=0.0, flipHoriz=False, flipVert=False, font='Arial', fontFiles=[], height=0.2, italic=False, name='stimuli', opacity=1.0, ori=0, pos=array([ 0.,  0.]), rgb=array([ 1.,  1.,  1.]), text='default text', units='norm', win=Window(...), wrapWidth=1)
26.8991 	EXP 	Created hint = TextStim(alignHoriz='center', alignVert='center', antialias=True, autoLog=True, bold=False, color='white', colorSpace='named', contrast=1.0, depth=-2.0, flipHoriz=False, flipVert=False, font='Arial', fontFiles=[], height=0.07, italic=False, name='hint', opacity=1.0, ori=0, pos=array([ 0. ,  0.7]), rgb=array([ 255.,  255.,  255.]), text='left => red    down => green   right = blue', units='norm', win=Window(...), wrapWidth=1)
27.0815 	EXP 	Created msgFeedback = TextStim(alignHoriz='center', alignVert='center', antialias=True, autoLog=True, bold=False, color=array([ 1.,  1.,  1.]), colorSpace='rgb', contrast=1.0, depth=-1.0, flipHoriz=False, flipVert=False, font='Arial', fontFiles=[], height=0.1, italic=False, name='msgFeedback', opacity=1.0, ori=0, pos=array([ 0.,  0.]), rgb=array([ 1.,  1.,  1.]), text='default text', units='norm', win=Window(...), wrapWidth=1)
28.7452 	EXP 	Created text = TextStim(alignHoriz='center', alignVert='center', antialias=True, autoLog=True, bold=False, color='white', colorSpace='named', contrast=1.0, depth=0.0, flipHoriz=False, flipVert=False, font='Arial', fontFiles=[], height=28, italic=False, name='text', opacity=1.0, ori=0, pos=array([ 0.,  0.]), rgb=array([ 255.,  255.,  255.]), text=newstr(...), units='pix', win=Window(...), wrapWidth=900)
28.9356 	EXP 	Created stimuli = TextStim(alignHoriz='center', alignVert='center', antialias=True, autoLog=True, bold=False, color=array([ 1.,  1.,  1.]), colorSpace='rgb', contrast=1.0, depth=0.0, flipHoriz=False, flipVert=False, font='Arial', fontFiles=[], height=0.2, italic=False, name='stimuli', opacity=1.0, ori=0, pos=array([ 0.,  0.]), rgb=array([ 1.,  1.,  1.]), text='default text', units='norm', win=Window(...), wrapWidth=1)
29.1457 	EXP 	Created hint = TextStim(alignHoriz='center', alignVert='center', antialias=True, autoLog=True, bold=False, color='white', colorSpace='named', contrast=1.0, depth=-2.0, flipHoriz=False, flipVert=False, font='Arial', fontFiles=[], height=0.07, italic=False, name='hint', opacity=1.0, ori=0, pos=array([ 0. ,  0.7]), rgb=array([ 255.,  255.,  255.]), text='left => red    down => green   right = blue', units='norm', win=Window(...), wrapWidth=1)
29.5896 	EXP 	Created text_2 = TextStim(alignHoriz='center', alignVert='center', antialias=True, autoLog=True, bold=False, color='white', colorSpace='named', contrast=1.0, depth=0.0, flipHoriz=False, flipVert=False, font='Arial', fontFiles=[], height=28, italic=False, name='text_2', opacity=1.0, ori=0, pos=array([ 0.,  0.]), rgb=array([ 255.,  255.,  255.]), text=newstr(...), units='pix', win=Window(...), wrapWidth=900)
29.6012 	EXP 	instr: autoDraw = True
217.8406 	DATA 	Keypress: space
218.0351 	EXP 	Imported pract_conditions.xlsx as conditions, 12 conditions, 4 params
218.0384 	EXP 	Created sequence: random, trialTypes=12, nReps=2, seed=None
218.0418 	EXP 	New trial (rep=0, index=0): OrderedDict([('word', u'red'), ('color', u'red'), ('congruent', 1), ('corrAns', u'left')])
218.1502 	EXP 	instr: autoDraw = False
218.1502 	EXP 	stimuli: color = u'red (named)'
218.1502 	EXP 	stimuli: text = u'red'
218.1502 	EXP 	hint: autoDraw = True
218.5714 	EXP 	stimuli: autoDraw = True
220.4922 	DATA 	Keypress: left
220.8271 	EXP 	stimuli: autoDraw = False
220.8271 	EXP 	hint: autoDraw = False
220.8271 	EXP 	msgFeedback: text = 'Correct! RT=1.931'
220.8271 	EXP 	msgFeedback: autoDraw = True
222.0043 	EXP 	New trial (rep=0, index=1): OrderedDict([('word', u'green'), ('color', u'green'), ('congruent', 1), ('corrAns', u'down')])
222.1189 	EXP 	msgFeedback: autoDraw = False
222.1189 	EXP 	msgFeedback: autoDraw = False
222.1189 	EXP 	stimuli: color = u'green (named)'
222.1189 	EXP 	stimuli: text = u'green'
222.1189 	EXP 	hint: autoDraw = True
222.5330 	EXP 	stimuli: autoDraw = True
223.5990 	DATA 	Keypress: down
223.8511 	EXP 	stimuli: autoDraw = False
223.8511 	EXP 	hint: autoDraw = False
223.8511 	EXP 	msgFeedback: text = 'Correct! RT=1.067'
223.8511 	EXP 	msgFeedback: autoDraw = True
225.1001 	EXP 	New trial (rep=0, index=2): OrderedDict([('word', u'green'), ('color', u'red'), ('congruent', 0), ('corrAns', u'left')])
225.1130 	EXP 	msgFeedback: autoDraw = False
225.1130 	EXP 	msgFeedback: autoDraw = False
225.1130 	EXP 	stimuli: color = u'red (named)'
225.1130 	EXP 	stimuli: text = u'green'
225.1130 	EXP 	hint: autoDraw = True
225.6286 	EXP 	stimuli: autoDraw = True
227.6604 	DATA 	Keypress: left
227.9054 	EXP 	stimuli: autoDraw = False
227.9054 	EXP 	hint: autoDraw = False
227.9054 	EXP 	msgFeedback: text = 'Correct! RT=2.032'
227.9054 	EXP 	msgFeedback: autoDraw = True
229.1617 	EXP 	New trial (rep=0, index=3): OrderedDict([('word', u'green'), ('color', u'green'), ('congruent', 1), ('corrAns', u'down')])
229.1748 	EXP 	msgFeedback: autoDraw = False
229.1748 	EXP 	msgFeedback: autoDraw = False
229.1748 	EXP 	stimuli: color = u'green (named)'
229.1748 	EXP 	stimuli: text = u'green'
229.1748 	EXP 	hint: autoDraw = True
229.6897 	EXP 	stimuli: autoDraw = True
230.4901 	DATA 	Keypress: down
230.7548 	EXP 	stimuli: autoDraw = False
230.7548 	EXP 	hint: autoDraw = False
230.7548 	EXP 	msgFeedback: text = 'Correct! RT=0.801'
230.7548 	EXP 	msgFeedback: autoDraw = True
231.9948 	EXP 	New trial (rep=0, index=4): OrderedDict([('word', u'red'), ('color', u'green'), ('congruent', 0), ('corrAns', u'down')])
232.1337 	EXP 	msgFeedback: autoDraw = False
232.1337 	EXP 	msgFeedback: autoDraw = False
232.1337 	EXP 	stimuli: color = u'green (named)'
232.1337 	EXP 	stimuli: text = u'red'
232.1337 	EXP 	hint: autoDraw = True
232.5260 	EXP 	stimuli: autoDraw = True
233.7743 	DATA 	Keypress: down
234.1838 	EXP 	stimuli: autoDraw = False
234.1838 	EXP 	hint: autoDraw = False
234.1838 	EXP 	msgFeedback: text = 'Correct! RT=1.259'
234.1838 	EXP 	msgFeedback: autoDraw = True
235.2900 	EXP 	New trial (rep=0, index=5): OrderedDict([('word', u'red'), ('color', u'red'), ('congruent', 1), ('corrAns', u'left')])
235.3055 	EXP 	msgFeedback: autoDraw = False
235.3055 	EXP 	msgFeedback: autoDraw = False
235.3055 	EXP 	stimuli: color = u'red (named)'
235.3055 	EXP 	stimuli: text = u'red'
235.3055 	EXP 	hint: autoDraw = True
235.8201 	EXP 	stimuli: autoDraw = True
236.6548 	DATA 	Keypress: left
237.0413 	EXP 	stimuli: autoDraw = False
237.0413 	EXP 	hint: autoDraw = False
237.0413 	EXP 	msgFeedback: text = 'Correct! RT=0.836'
237.0413 	EXP 	msgFeedback: autoDraw = True
238.1695 	EXP 	New trial (rep=0, index=6): OrderedDict([('word', u'red'), ('color', u'green'), ('congruent', 0), ('corrAns', u'down')])
238.1853 	EXP 	msgFeedback: autoDraw = False
238.1853 	EXP 	msgFeedback: autoDraw = False
238.1853 	EXP 	stimuli: color = u'green (named)'
238.1853 	EXP 	stimuli: text = u'red'
238.1853 	EXP 	hint: autoDraw = True
238.6999 	EXP 	stimuli: autoDraw = True
239.2342 	DATA 	Keypress: down
239.6390 	EXP 	stimuli: autoDraw = False
239.6390 	EXP 	hint: autoDraw = False
239.6390 	EXP 	msgFeedback: text = 'Correct! RT=0.544'
239.6390 	EXP 	msgFeedback: autoDraw = True
240.7498 	EXP 	New trial (rep=0, index=7): OrderedDict([('word', u'blue'), ('color', u'blue'), ('congruent', 1), ('corrAns', u'right')])
240.9080 	EXP 	msgFeedback: autoDraw = False
240.9080 	EXP 	msgFeedback: autoDraw = False
240.9080 	EXP 	stimuli: color = u'blue (named)'
240.9080 	EXP 	stimuli: text = u'blue'
240.9080 	EXP 	hint: autoDraw = True
241.2807 	EXP 	stimuli: autoDraw = True
241.8774 	DATA 	Keypress: right
242.2820 	EXP 	stimuli: autoDraw = False
242.2820 	EXP 	hint: autoDraw = False
242.2820 	EXP 	msgFeedback: text = 'Correct! RT=0.606'
242.2820 	EXP 	msgFeedback: autoDraw = True
243.3966 	EXP 	New trial (rep=0, index=8): OrderedDict([('word', u'blue'), ('color', u'green'), ('congruent', 0), ('corrAns', u'down')])
243.4123 	EXP 	msgFeedback: autoDraw = False
243.4123 	EXP 	msgFeedback: autoDraw = False
243.4123 	EXP 	stimuli: color = u'green (named)'
243.4123 	EXP 	stimuli: text = u'blue'
243.4123 	EXP 	hint: autoDraw = True
243.9250 	EXP 	stimuli: autoDraw = True
244.8918 	DATA 	Keypress: down
245.2927 	EXP 	stimuli: autoDraw = False
245.2927 	EXP 	hint: autoDraw = False
245.2927 	EXP 	msgFeedback: text = 'Correct! RT=0.977'
245.2927 	EXP 	msgFeedback: autoDraw = True
246.4123 	EXP 	New trial (rep=0, index=9): OrderedDict([('word', u'blue'), ('color', u'red'), ('congruent', 0), ('corrAns', u'left')])
246.4320 	EXP 	msgFeedback: autoDraw = False
246.4320 	EXP 	msgFeedback: autoDraw = False
246.4320 	EXP 	stimuli: color = u'red (named)'
246.4320 	EXP 	stimuli: text = u'blue'
246.4320 	EXP 	hint: autoDraw = True
246.9381 	EXP 	stimuli: autoDraw = True
247.6076 	DATA 	Keypress: left
247.9953 	EXP 	stimuli: autoDraw = False
247.9953 	EXP 	hint: autoDraw = False
247.9953 	EXP 	msgFeedback: text = 'Correct! RT=0.670'
247.9953 	EXP 	msgFeedback: autoDraw = True
249.1218 	EXP 	New trial (rep=0, index=10): OrderedDict([('word', u'green'), ('color', u'blue'), ('congruent', 0), ('corrAns', u'right')])
249.2912 	EXP 	msgFeedback: autoDraw = False
249.2912 	EXP 	msgFeedback: autoDraw = False
249.2912 	EXP 	stimuli: color = u'blue (named)'
249.2912 	EXP 	stimuli: text = u'green'
249.2912 	EXP 	hint: autoDraw = True
249.6532 	EXP 	stimuli: autoDraw = True
250.6711 	DATA 	Keypress: right
251.0414 	EXP 	stimuli: autoDraw = False
251.0414 	EXP 	hint: autoDraw = False
251.0414 	EXP 	msgFeedback: text = 'Correct! RT=1.019'
251.0414 	EXP 	msgFeedback: autoDraw = True
252.1838 	EXP 	New trial (rep=0, index=11): OrderedDict([('word', u'blue'), ('color', u'blue'), ('congruent', 1), ('corrAns', u'right')])
252.3195 	EXP 	msgFeedback: autoDraw = False
252.3195 	EXP 	msgFeedback: autoDraw = False
252.3195 	EXP 	stimuli: color = u'blue (named)'
252.3195 	EXP 	stimuli: text = u'blue'
252.3195 	EXP 	hint: autoDraw = True
252.7152 	EXP 	stimuli: autoDraw = True
253.4056 	DATA 	Keypress: right
253.7515 	EXP 	stimuli: autoDraw = False
253.7515 	EXP 	hint: autoDraw = False
253.7515 	EXP 	msgFeedback: text = 'Correct! RT=0.692'
253.7515 	EXP 	msgFeedback: autoDraw = True
254.9128 	EXP 	New trial (rep=1, index=0): OrderedDict([('word', u'red'), ('color', u'red'), ('congruent', 1), ('corrAns', u'left')])
255.0239 	EXP 	msgFeedback: autoDraw = False
255.0239 	EXP 	msgFeedback: autoDraw = False
255.0239 	EXP 	stimuli: color = u'red (named)'
255.0239 	EXP 	stimuli: text = u'red'
255.0239 	EXP 	hint: autoDraw = True
255.4430 	EXP 	stimuli: autoDraw = True
256.0486 	DATA 	Keypress: left
256.3996 	EXP 	stimuli: autoDraw = False
256.3996 	EXP 	hint: autoDraw = False
256.3996 	EXP 	msgFeedback: text = 'Correct! RT=0.616'
256.3996 	EXP 	msgFeedback: autoDraw = True
257.5769 	EXP 	New trial (rep=1, index=1): OrderedDict([('word', u'blue'), ('color', u'green'), ('congruent', 0), ('corrAns', u'down')])
257.7293 	EXP 	msgFeedback: autoDraw = False
257.7293 	EXP 	stimuli: color = u'green (named)'
257.7293 	EXP 	stimuli: text = u'blue'
257.7293 	EXP 	hint: autoDraw = True
258.1087 	EXP 	stimuli: autoDraw = True
258.8930 	DATA 	Keypress: down
259.2943 	EXP 	stimuli: autoDraw = False
259.2943 	EXP 	hint: autoDraw = False
259.2943 	EXP 	msgFeedback: text = 'Correct! RT=0.794'
259.2943 	EXP 	msgFeedback: autoDraw = True
260.4073 	EXP 	New trial (rep=1, index=2): OrderedDict([('word', u'green'), ('color', u'green'), ('congruent', 1), ('corrAns', u'down')])
260.5769 	EXP 	msgFeedback: autoDraw = False
260.5769 	EXP 	msgFeedback: autoDraw = False
260.5769 	EXP 	stimuli: color = u'green (named)'
260.5769 	EXP 	stimuli: text = u'green'
260.5769 	EXP 	hint: autoDraw = True
260.9389 	EXP 	stimuli: autoDraw = True
261.5530 	DATA 	Keypress: down
261.9414 	EXP 	stimuli: autoDraw = False
261.9414 	EXP 	hint: autoDraw = False
261.9414 	EXP 	msgFeedback: text = 'Correct! RT=0.615'
261.9414 	EXP 	msgFeedback: autoDraw = True
263.0699 	EXP 	New trial (rep=1, index=3): OrderedDict([('word', u'green'), ('color', u'green'), ('congruent', 1), ('corrAns', u'down')])
263.0861 	EXP 	msgFeedback: autoDraw = False
263.0861 	EXP 	stimuli: color = u'green (named)'
263.0861 	EXP 	stimuli: text = u'green'
263.0861 	EXP 	hint: autoDraw = True
263.6001 	EXP 	stimuli: autoDraw = True
264.1303 	DATA 	Keypress: down
264.5209 	EXP 	stimuli: autoDraw = False
264.5209 	EXP 	hint: autoDraw = False
264.5209 	EXP 	msgFeedback: text = 'Correct! RT=0.531'
264.5209 	EXP 	msgFeedback: autoDraw = True
265.6344 	EXP 	New trial (rep=1, index=4): OrderedDict([('word', u'green'), ('color', u'red'), ('congruent', 0), ('corrAns', u'left')])
265.6517 	EXP 	msgFeedback: autoDraw = False
265.6517 	EXP 	msgFeedback: autoDraw = False
265.6517 	EXP 	stimuli: color = u'red (named)'
265.6517 	EXP 	stimuli: text = u'green'
265.6517 	EXP 	hint: autoDraw = True
266.1623 	EXP 	stimuli: autoDraw = True
266.8790 	DATA 	Keypress: left
267.2673 	EXP 	stimuli: autoDraw = False
267.2673 	EXP 	hint: autoDraw = False
267.2673 	EXP 	msgFeedback: text = 'Correct! RT=0.718'
267.2673 	EXP 	msgFeedback: autoDraw = True
268.3956 	EXP 	New trial (rep=1, index=5): OrderedDict([('word', u'blue'), ('color', u'blue'), ('congruent', 1), ('corrAns', u'right')])
268.5478 	EXP 	msgFeedback: autoDraw = False
268.5478 	EXP 	stimuli: color = u'blue (named)'
268.5478 	EXP 	stimuli: text = u'blue'
268.5478 	EXP 	hint: autoDraw = True
268.9349 	EXP 	stimuli: autoDraw = True
269.6727 	DATA 	Keypress: right
270.0632 	EXP 	stimuli: autoDraw = False
270.0632 	EXP 	hint: autoDraw = False
270.0632 	EXP 	msgFeedback: text = 'Correct! RT=0.739'
270.0632 	EXP 	msgFeedback: autoDraw = True
271.1765 	EXP 	New trial (rep=1, index=6): OrderedDict([('word', u'blue'), ('color', u'red'), ('congruent', 0), ('corrAns', u'left')])
271.1927 	EXP 	msgFeedback: autoDraw = False
271.1927 	EXP 	msgFeedback: autoDraw = False
271.1927 	EXP 	stimuli: color = u'red (named)'
271.1927 	EXP 	stimuli: text = u'blue'
271.1927 	EXP 	hint: autoDraw = True
271.7074 	EXP 	stimuli: autoDraw = True
272.9542 	DATA 	Keypress: left
273.3452 	EXP 	stimuli: autoDraw = False
273.3452 	EXP 	hint: autoDraw = False
273.3452 	EXP 	msgFeedback: text = 'Correct! RT=1.248'
273.3452 	EXP 	msgFeedback: autoDraw = True
274.4703 	EXP 	New trial (rep=1, index=7): OrderedDict([('word', u'green'), ('color', u'blue'), ('congruent', 0), ('corrAns', u'right')])
274.6217 	EXP 	msgFeedback: autoDraw = False
274.6217 	EXP 	stimuli: color = u'blue (named)'
274.6217 	EXP 	stimuli: text = u'green'
274.6217 	EXP 	hint: autoDraw = True
275.0028 	EXP 	stimuli: autoDraw = True
277.1688 	DATA 	Keypress: right
277.5000 	EXP 	stimuli: autoDraw = False
277.5000 	EXP 	hint: autoDraw = False
277.5000 	EXP 	msgFeedback: text = 'Correct! RT=2.167'
277.5000 	EXP 	msgFeedback: autoDraw = True
278.6810 	EXP 	New trial (rep=1, index=8): OrderedDict([('word', u'red'), ('color', u'red'), ('congruent', 1), ('corrAns', u'left')])
278.7933 	EXP 	msgFeedback: autoDraw = False
278.7933 	EXP 	stimuli: color = u'red (named)'
278.7933 	EXP 	stimuli: text = u'red'
278.7933 	EXP 	hint: autoDraw = True
279.2118 	EXP 	stimuli: autoDraw = True
279.7946 	DATA 	Keypress: left
280.1126 	EXP 	stimuli: autoDraw = False
280.1126 	EXP 	hint: autoDraw = False
280.1126 	EXP 	msgFeedback: text = 'Correct! RT=0.584'
280.1126 	EXP 	msgFeedback: autoDraw = True
281.2953 	EXP 	New trial (rep=1, index=9): OrderedDict([('word', u'red'), ('color', u'green'), ('congruent', 0), ('corrAns', u'down')])
281.3109 	EXP 	msgFeedback: autoDraw = False
281.3109 	EXP 	msgFeedback: autoDraw = False
281.3109 	EXP 	stimuli: color = u'green (named)'
281.3109 	EXP 	stimuli: text = u'red'
281.3109 	EXP 	hint: autoDraw = True
281.8232 	EXP 	stimuli: autoDraw = True
282.5241 	DATA 	Keypress: down
282.8340 	EXP 	stimuli: autoDraw = False
282.8340 	EXP 	hint: autoDraw = False
282.8340 	EXP 	msgFeedback: text = 'Correct! RT=0.702'
282.8340 	EXP 	msgFeedback: autoDraw = True
284.0243 	EXP 	New trial (rep=1, index=10): OrderedDict([('word', u'blue'), ('color', u'blue'), ('congruent', 1), ('corrAns', u'right')])
284.1377 	EXP 	msgFeedback: autoDraw = False
284.1377 	EXP 	msgFeedback: autoDraw = False
284.1377 	EXP 	stimuli: color = u'blue (named)'
284.1377 	EXP 	stimuli: text = u'blue'
284.1377 	EXP 	hint: autoDraw = True
284.5543 	EXP 	stimuli: autoDraw = True
285.1366 	DATA 	Keypress: right
285.4188 	EXP 	stimuli: autoDraw = False
285.4188 	EXP 	hint: autoDraw = False
285.4188 	EXP 	msgFeedback: text = 'Correct! RT=0.583'
285.4188 	EXP 	msgFeedback: autoDraw = True
286.6377 	EXP 	New trial (rep=1, index=11): OrderedDict([('word', u'red'), ('color', u'green'), ('congruent', 0), ('corrAns', u'down')])
286.7380 	EXP 	msgFeedback: autoDraw = False
286.7380 	EXP 	msgFeedback: autoDraw = False
286.7380 	EXP 	stimuli: color = u'green (named)'
286.7380 	EXP 	stimuli: text = u'red'
286.7380 	EXP 	hint: autoDraw = True
287.1669 	EXP 	stimuli: autoDraw = True
288.0665 	DATA 	Keypress: down
288.3493 	EXP 	stimuli: autoDraw = False
288.3493 	EXP 	hint: autoDraw = False
288.3493 	EXP 	msgFeedback: text = 'Correct! RT=0.900'
288.3493 	EXP 	msgFeedback: autoDraw = True
290.1279 	EXP 	msgFeedback: autoDraw = False
290.1279 	EXP 	msgFeedback: autoDraw = False
290.1279 	EXP 	text: autoDraw = True
294.3737 	DATA 	Keypress: space
294.5667 	EXP 	Imported conditions.xlsx as conditions, 45 conditions, 4 params
294.5716 	EXP 	Created sequence: random, trialTypes=45, nReps=4, seed=None
294.5754 	EXP 	New trial (rep=0, index=0): OrderedDict([('word', u'green'), ('color', u'blue'), ('congruent', 0), ('corrAns', u'right')])
294.6898 	EXP 	text: autoDraw = False
294.6898 	EXP 	stimuli: color = u'blue (named)'
294.6898 	EXP 	stimuli: text = u'green'
294.6898 	EXP 	hint: autoDraw = True
295.1055 	EXP 	stimuli: autoDraw = True
297.3869 	DATA 	Keypress: right
297.3993 	EXP 	New trial (rep=0, index=1): OrderedDict([('word', u'red'), ('color', u'blue'), ('congruent', 0), ('corrAns', u'right')])
297.4913 	EXP 	stimuli: autoDraw = False
297.4913 	EXP 	hint: autoDraw = False
297.4913 	EXP 	stimuli: color = u'blue (named)'
297.4913 	EXP 	stimuli: text = u'red'
297.4913 	EXP 	hint: autoDraw = True
297.9184 	EXP 	stimuli: autoDraw = True
298.6412 	DATA 	Keypress: right
298.6596 	EXP 	New trial (rep=0, index=2): OrderedDict([('word', u'blue'), ('color', u'blue'), ('congruent', 1), ('corrAns', u'right')])
298.7621 	EXP 	stimuli: autoDraw = False
298.7621 	EXP 	hint: autoDraw = False
298.7621 	EXP 	stimuli: color = u'blue (named)'
298.7621 	EXP 	stimuli: text = u'blue'
298.7621 	EXP 	hint: autoDraw = True
299.1836 	EXP 	stimuli: autoDraw = True
299.6338 	DATA 	Keypress: right
299.6433 	EXP 	New trial (rep=0, index=3): OrderedDict([('word', u'blue'), ('color', u'blue'), ('congruent', 1), ('corrAns', u'right')])
299.6564 	EXP 	stimuli: autoDraw = False
299.6564 	EXP 	hint: autoDraw = False
299.6564 	EXP 	stimuli: color = u'blue (named)'
299.6564 	EXP 	stimuli: text = u'blue'
299.6564 	EXP 	hint: autoDraw = True
300.1647 	EXP 	stimuli: autoDraw = True
300.5557 	DATA 	Keypress: right
300.5740 	EXP 	New trial (rep=0, index=4): OrderedDict([('word', u'red'), ('color', u'red'), ('congruent', 1), ('corrAns', u'left')])
300.6668 	EXP 	stimuli: autoDraw = False
300.6668 	EXP 	hint: autoDraw = False
300.6668 	EXP 	stimuli: color = u'red (named)'
300.6668 	EXP 	stimuli: text = u'red'
300.6668 	EXP 	hint: autoDraw = True
301.1009 	EXP 	stimuli: autoDraw = True
301.6979 	DATA 	Keypress: left
301.7072 	EXP 	New trial (rep=0, index=5): OrderedDict([('word', u'green'), ('color', u'green'), ('congruent', 1), ('corrAns', u'down')])
301.8228 	EXP 	stimuli: autoDraw = False
301.8228 	EXP 	hint: autoDraw = False
301.8228 	EXP 	stimuli: color = u'green (named)'
301.8228 	EXP 	stimuli: text = u'green'
301.8228 	EXP 	hint: autoDraw = True
302.2295 	EXP 	stimuli: autoDraw = True
302.7632 	DATA 	Keypress: down
302.7723 	EXP 	New trial (rep=0, index=6): OrderedDict([('word', u'red'), ('color', u'red'), ('congruent', 1), ('corrAns', u'left')])
302.8677 	EXP 	stimuli: autoDraw = False
302.8677 	EXP 	hint: autoDraw = False
302.8677 	EXP 	stimuli: color = u'red (named)'
302.8677 	EXP 	stimuli: text = u'red'
302.8677 	EXP 	hint: autoDraw = True
303.2953 	EXP 	stimuli: autoDraw = True
303.8347 	DATA 	Keypress: left
303.8531 	EXP 	New trial (rep=0, index=7): OrderedDict([('word', u'red'), ('color', u'red'), ('congruent', 1), ('corrAns', u'left')])
303.8664 	EXP 	stimuli: autoDraw = False
303.8664 	EXP 	hint: autoDraw = False
303.8664 	EXP 	stimuli: color = u'red (named)'
303.8664 	EXP 	stimuli: text = u'red'
303.8664 	EXP 	hint: autoDraw = True
304.3762 	EXP 	stimuli: autoDraw = True
304.8829 	DATA 	Keypress: left
304.9013 	EXP 	New trial (rep=0, index=8): OrderedDict([('word', u'green'), ('color', u'green'), ('congruent', 1), ('corrAns', u'down')])
305.0166 	EXP 	stimuli: autoDraw = False
305.0166 	EXP 	hint: autoDraw = False
305.0166 	EXP 	stimuli: color = u'green (named)'
305.0166 	EXP 	stimuli: text = u'green'
305.0166 	EXP 	hint: autoDraw = True
305.4256 	EXP 	stimuli: autoDraw = True
305.9652 	DATA 	Keypress: down
305.9839 	EXP 	New trial (rep=0, index=9): OrderedDict([('word', u'blue'), ('color', u'blue'), ('congruent', 1), ('corrAns', u'right')])
306.0914 	EXP 	stimuli: autoDraw = False
306.0914 	EXP 	hint: autoDraw = False
306.0914 	EXP 	stimuli: color = u'blue (named)'
306.0914 	EXP 	stimuli: text = u'blue'
306.0914 	EXP 	hint: autoDraw = True
306.5074 	EXP 	stimuli: autoDraw = True
307.0409 	DATA 	Keypress: right
307.0504 	EXP 	New trial (rep=0, index=10): OrderedDict([('word', u'blue'), ('color', u'green'), ('congruent', 0), ('corrAns', u'down')])
307.0636 	EXP 	stimuli: autoDraw = False
307.0636 	EXP 	hint: autoDraw = False
307.0636 	EXP 	stimuli: color = u'green (named)'
307.0636 	EXP 	stimuli: text = u'blue'
307.0636 	EXP 	hint: autoDraw = True
307.5719 	EXP 	stimuli: autoDraw = True
308.1396 	DATA 	Keypress: down
308.1487 	EXP 	New trial (rep=0, index=11): OrderedDict([('word', u'green'), ('color', u'green'), ('congruent', 1), ('corrAns', u'down')])
308.2618 	EXP 	stimuli: autoDraw = False
308.2618 	EXP 	hint: autoDraw = False
308.2618 	EXP 	stimuli: color = u'green (named)'
308.2618 	EXP 	stimuli: text = u'green'
308.2618 	EXP 	hint: autoDraw = True
308.6712 	EXP 	stimuli: autoDraw = True
309.1110 	DATA 	Keypress: down
309.1294 	EXP 	New trial (rep=0, index=12): OrderedDict([('word', u'green'), ('color', u'green'), ('congruent', 1), ('corrAns', u'down')])
309.1423 	EXP 	stimuli: autoDraw = False
309.1423 	EXP 	hint: autoDraw = False
309.1423 	EXP 	stimuli: color = u'green (named)'
309.1423 	EXP 	stimuli: text = u'green'
309.1423 	EXP 	hint: autoDraw = True
309.6524 	EXP 	stimuli: autoDraw = True
309.9699 	DATA 	Keypress: down
309.9789 	EXP 	New trial (rep=0, index=13): OrderedDict([('word', u'blue'), ('color', u'blue'), ('congruent', 1), ('corrAns', u'right')])
310.0822 	EXP 	stimuli: autoDraw = False
310.0822 	EXP 	hint: autoDraw = False
310.0822 	EXP 	stimuli: color = u'blue (named)'
310.0822 	EXP 	stimuli: text = u'blue'
310.0822 	EXP 	hint: autoDraw = True
310.5027 	EXP 	stimuli: autoDraw = True
311.0850 	DATA 	Keypress: right
311.0941 	EXP 	New trial (rep=0, index=14): OrderedDict([('word', u'blue'), ('color', u'blue'), ('congruent', 1), ('corrAns', u'right')])
311.1069 	EXP 	stimuli: autoDraw = False
311.1069 	EXP 	hint: autoDraw = False
311.1069 	EXP 	stimuli: color = u'blue (named)'
311.1069 	EXP 	stimuli: text = u'blue'
311.1069 	EXP 	hint: autoDraw = True
311.6163 	EXP 	stimuli: autoDraw = True
311.9843 	DATA 	Keypress: right
311.9934 	EXP 	New trial (rep=0, index=15): OrderedDict([('word', u'green'), ('color', u'green'), ('congruent', 1), ('corrAns', u'down')])
312.1141 	EXP 	stimuli: autoDraw = False
312.1141 	EXP 	hint: autoDraw = False
312.1141 	EXP 	stimuli: color = u'green (named)'
312.1141 	EXP 	stimuli: text = u'green'
312.1141 	EXP 	hint: autoDraw = True
312.5163 	EXP 	stimuli: autoDraw = True
313.1161 	DATA 	Keypress: down
313.1253 	EXP 	New trial (rep=0, index=16): OrderedDict([('word', u'blue'), ('color', u'blue'), ('congruent', 1), ('corrAns', u'right')])
313.2291 	EXP 	stimuli: autoDraw = False
313.2291 	EXP 	hint: autoDraw = False
313.2291 	EXP 	stimuli: color = u'blue (named)'
313.2291 	EXP 	stimuli: text = u'blue'
313.2291 	EXP 	hint: autoDraw = True
313.6483 	EXP 	stimuli: autoDraw = True
314.1877 	DATA 	Keypress: right
314.2062 	EXP 	New trial (rep=0, index=17): OrderedDict([('word', u'red'), ('color', u'red'), ('congruent', 1), ('corrAns', u'left')])
314.2996 	EXP 	stimuli: autoDraw = False
314.2996 	EXP 	hint: autoDraw = False
314.2996 	EXP 	stimuli: color = u'red (named)'
314.2996 	EXP 	stimuli: text = u'red'
314.2996 	EXP 	hint: autoDraw = True
314.7300 	EXP 	stimuli: autoDraw = True
315.3965 	DATA 	Keypress: left
315.4056 	EXP 	New trial (rep=0, index=18): OrderedDict([('word', u'green'), ('color', u'blue'), ('congruent', 0), ('corrAns', u'right')])
315.5196 	EXP 	stimuli: autoDraw = False
315.5196 	EXP 	hint: autoDraw = False
315.5196 	EXP 	stimuli: color = u'blue (named)'
315.5196 	EXP 	stimuli: text = u'green'
315.5196 	EXP 	hint: autoDraw = True
315.9285 	EXP 	stimuli: autoDraw = True
316.7277 	DATA 	Keypress: right
316.7374 	EXP 	New trial (rep=0, index=19): OrderedDict([('word', u'blue'), ('color', u'blue'), ('congruent', 1), ('corrAns', u'right')])
316.8397 	EXP 	stimuli: autoDraw = False
316.8397 	EXP 	hint: autoDraw = False
316.8397 	EXP 	stimuli: color = u'blue (named)'
316.8397 	EXP 	stimuli: text = u'blue'
316.8397 	EXP 	hint: autoDraw = True
317.2600 	EXP 	stimuli: autoDraw = True
317.7102 	DATA 	Keypress: right
317.7194 	EXP 	New trial (rep=0, index=20): OrderedDict([('word', u'blue'), ('color', u'blue'), ('congruent', 1), ('corrAns', u'right')])
317.7323 	EXP 	stimuli: autoDraw = False
317.7323 	EXP 	hint: autoDraw = False
317.7323 	EXP 	stimuli: color = u'blue (named)'
317.7323 	EXP 	stimuli: text = u'blue'
317.7323 	EXP 	hint: autoDraw = True
318.2411 	EXP 	stimuli: autoDraw = True
318.6088 	DATA 	Keypress: right
318.6179 	EXP 	New trial (rep=0, index=21): OrderedDict([('word', u'green'), ('color', u'green'), ('congruent', 1), ('corrAns', u'down')])
318.7332 	EXP 	stimuli: autoDraw = False
318.7332 	EXP 	hint: autoDraw = False
318.7332 	EXP 	stimuli: color = u'green (named)'
318.7332 	EXP 	stimuli: text = u'green'
318.7332 	EXP 	hint: autoDraw = True
319.1409 	EXP 	stimuli: autoDraw = True
319.7238 	DATA 	Keypress: down
319.7333 	EXP 	New trial (rep=0, index=22): OrderedDict([('word', u'green'), ('color', u'green'), ('congruent', 1), ('corrAns', u'down')])
319.7464 	EXP 	stimuli: autoDraw = False
319.7464 	EXP 	hint: autoDraw = False
319.7464 	EXP 	stimuli: color = u'green (named)'
319.7464 	EXP 	stimuli: text = u'green'
319.7464 	EXP 	hint: autoDraw = True
320.2551 	EXP 	stimuli: autoDraw = True
320.6233 	DATA 	Keypress: down
320.6323 	EXP 	New trial (rep=0, index=23): OrderedDict([('word', u'blue'), ('color', u'blue'), ('congruent', 1), ('corrAns', u'right')])
320.7362 	EXP 	stimuli: autoDraw = False
320.7362 	EXP 	hint: autoDraw = False
320.7362 	EXP 	stimuli: color = u'blue (named)'
320.7362 	EXP 	stimuli: text = u'blue'
320.7362 	EXP 	hint: autoDraw = True
321.1559 	EXP 	stimuli: autoDraw = True
321.6723 	DATA 	Keypress: right
321.6813 	EXP 	New trial (rep=0, index=24): OrderedDict([('word', u'red'), ('color', u'red'), ('congruent', 1), ('corrAns', u'left')])
321.7752 	EXP 	stimuli: autoDraw = False
321.7752 	EXP 	hint: autoDraw = False
321.7752 	EXP 	stimuli: color = u'red (named)'
321.7752 	EXP 	stimuli: text = u'red'
321.7752 	EXP 	hint: autoDraw = True
322.2036 	EXP 	stimuli: autoDraw = True
322.8092 	DATA 	Keypress: left
322.8281 	EXP 	New trial (rep=0, index=25): OrderedDict([('word', u'red'), ('color', u'green'), ('congruent', 0), ('corrAns', u'down')])
322.8411 	EXP 	stimuli: autoDraw = False
322.8411 	EXP 	hint: autoDraw = False
322.8411 	EXP 	stimuli: color = u'green (named)'
322.8411 	EXP 	stimuli: text = u'red'
322.8411 	EXP 	hint: autoDraw = True
323.3511 	EXP 	stimuli: autoDraw = True
324.6841 	DATA 	Keypress: down
324.6932 	EXP 	New trial (rep=0, index=26): OrderedDict([('word', u'blue'), ('color', u'red'), ('congruent', 0), ('corrAns', u'left')])
324.7966 	EXP 	stimuli: autoDraw = False
324.7966 	EXP 	hint: autoDraw = False
324.7966 	EXP 	stimuli: color = u'red (named)'
324.7966 	EXP 	stimuli: text = u'blue'
324.7966 	EXP 	hint: autoDraw = True
325.2164 	EXP 	stimuli: autoDraw = True
326.1326 	DATA 	Keypress: left
326.1420 	EXP 	New trial (rep=0, index=27): OrderedDict([('word', u'blue'), ('color', u'blue'), ('congruent', 1), ('corrAns', u'right')])
326.1552 	EXP 	stimuli: autoDraw = False
326.1552 	EXP 	hint: autoDraw = False
326.1552 	EXP 	stimuli: color = u'blue (named)'
326.1552 	EXP 	stimuli: text = u'blue'
326.1552 	EXP 	hint: autoDraw = True
326.6634 	EXP 	stimuli: autoDraw = True
327.3643 	DATA 	Keypress: right
327.3735 	EXP 	New trial (rep=0, index=28): OrderedDict([('word', u'red'), ('color', u'red'), ('congruent', 1), ('corrAns', u'left')])
327.4666 	EXP 	stimuli: autoDraw = False
327.4666 	EXP 	hint: autoDraw = False
327.4666 	EXP 	stimuli: color = u'red (named)'
327.4666 	EXP 	stimuli: text = u'red'
327.4666 	EXP 	hint: autoDraw = True
327.8965 	EXP 	stimuli: autoDraw = True
328.5293 	DATA 	Keypress: left
328.5384 	EXP 	New trial (rep=0, index=29): OrderedDict([('word', u'green'), ('color', u'green'), ('congruent', 1), ('corrAns', u'down')])
328.6532 	EXP 	stimuli: autoDraw = False
328.6532 	EXP 	hint: autoDraw = False
328.6532 	EXP 	stimuli: color = u'green (named)'
328.6532 	EXP 	stimuli: text = u'green'
328.6532 	EXP 	hint: autoDraw = True
329.0616 	EXP 	stimuli: autoDraw = True
329.6674 	DATA 	Keypress: down
329.6857 	EXP 	New trial (rep=0, index=30): OrderedDict([('word', u'green'), ('color', u'green'), ('congruent', 1), ('corrAns', u'down')])
329.6986 	EXP 	stimuli: autoDraw = False
329.6986 	EXP 	hint: autoDraw = False
329.6986 	EXP 	stimuli: color = u'green (named)'
329.6986 	EXP 	stimuli: text = u'green'
329.6986 	EXP 	hint: autoDraw = True
330.2089 	EXP 	stimuli: autoDraw = True
330.7826 	DATA 	Keypress: down
330.8013 	EXP 	New trial (rep=0, index=31): OrderedDict([('word', u'red'), ('color', u'red'), ('congruent', 1), ('corrAns', u'left')])
330.8985 	EXP 	stimuli: autoDraw = False
330.8985 	EXP 	hint: autoDraw = False
330.8985 	EXP 	stimuli: color = u'red (named)'
330.8985 	EXP 	stimuli: text = u'red'
330.8985 	EXP 	hint: autoDraw = True
331.3254 	EXP 	stimuli: autoDraw = True
331.9082 	DATA 	Keypress: left
331.9175 	EXP 	New trial (rep=0, index=32): OrderedDict([('word', u'blue'), ('color', u'blue'), ('congruent', 1), ('corrAns', u'right')])
332.0196 	EXP 	stimuli: autoDraw = False
332.0196 	EXP 	hint: autoDraw = False
332.0196 	EXP 	stimuli: color = u'blue (named)'
332.0196 	EXP 	stimuli: text = u'blue'
332.0196 	EXP 	hint: autoDraw = True
332.4403 	EXP 	stimuli: autoDraw = True
333.0631 	DATA 	Keypress: right
333.0818 	EXP 	New trial (rep=0, index=33): OrderedDict([('word', u'red'), ('color', u'red'), ('congruent', 1), ('corrAns', u'left')])
333.1753 	EXP 	stimuli: autoDraw = False
333.1753 	EXP 	hint: autoDraw = False
333.1753 	EXP 	stimuli: color = u'red (named)'
333.1753 	EXP 	stimuli: text = u'red'
333.1753 	EXP 	hint: autoDraw = True
333.6056 	EXP 	stimuli: autoDraw = True
334.2385 	DATA 	Keypress: left
334.2476 	EXP 	New trial (rep=0, index=34): OrderedDict([('word', u'blue'), ('color', u'red'), ('congruent', 0), ('corrAns', u'left')])
334.3556 	EXP 	stimuli: autoDraw = False
334.3556 	EXP 	hint: autoDraw = False
334.3556 	EXP 	stimuli: color = u'red (named)'
334.3556 	EXP 	stimuli: text = u'blue'
334.3556 	EXP 	hint: autoDraw = True
334.7709 	EXP 	stimuli: autoDraw = True
335.9698 	DATA 	Keypress: left
335.9788 	EXP 	New trial (rep=0, index=35): OrderedDict([('word', u'red'), ('color', u'green'), ('congruent', 0), ('corrAns', u'down')])
336.0752 	EXP 	stimuli: autoDraw = False
336.0752 	EXP 	hint: autoDraw = False
336.0752 	EXP 	stimuli: color = u'green (named)'
336.0752 	EXP 	stimuli: text = u'red'
336.0752 	EXP 	hint: autoDraw = True
336.5017 	EXP 	stimuli: autoDraw = True
338.4661 	DATA 	Keypress: down
338.4750 	EXP 	New trial (rep=0, index=36): OrderedDict([('word', u'red'), ('color', u'red'), ('congruent', 1), ('corrAns', u'left')])
338.4881 	EXP 	stimuli: autoDraw = False
338.4881 	EXP 	hint: autoDraw = False
338.4881 	EXP 	stimuli: color = u'red (named)'
338.4881 	EXP 	stimuli: text = u'red'
338.4881 	EXP 	hint: autoDraw = True
338.9974 	EXP 	stimuli: autoDraw = True
339.5979 	DATA 	Keypress: left
339.6074 	EXP 	New trial (rep=0, index=37): OrderedDict([('word', u'green'), ('color', u'green'), ('congruent', 1), ('corrAns', u'down')])
339.7227 	EXP 	stimuli: autoDraw = False
339.7227 	EXP 	hint: autoDraw = False
339.7227 	EXP 	stimuli: color = u'green (named)'
339.7227 	EXP 	stimuli: text = u'green'
339.7227 	EXP 	hint: autoDraw = True
340.1302 	EXP 	stimuli: autoDraw = True
340.6698 	DATA 	Keypress: down
340.6883 	EXP 	New trial (rep=0, index=38): OrderedDict([('word', u'red'), ('color', u'red'), ('congruent', 1), ('corrAns', u'left')])
340.7826 	EXP 	stimuli: autoDraw = False
340.7826 	EXP 	hint: autoDraw = False
340.7826 	EXP 	stimuli: color = u'red (named)'
340.7826 	EXP 	stimuli: text = u'red'
340.7826 	EXP 	hint: autoDraw = True
341.2126 	EXP 	stimuli: autoDraw = True
341.8015 	DATA 	Keypress: left
341.8198 	EXP 	New trial (rep=0, index=39): OrderedDict([('word', u'red'), ('color', u'red'), ('congruent', 1), ('corrAns', u'left')])
341.8326 	EXP 	stimuli: autoDraw = False
341.8326 	EXP 	hint: autoDraw = False
341.8326 	EXP 	stimuli: color = u'red (named)'
341.8326 	EXP 	stimuli: text = u'red'
341.8326 	EXP 	hint: autoDraw = True
342.3430 	EXP 	stimuli: autoDraw = True
342.7283 	DATA 	Keypress: left
342.7378 	EXP 	New trial (rep=0, index=40): OrderedDict([('word', u'red'), ('color', u'red'), ('congruent', 1), ('corrAns', u'left')])
342.7507 	EXP 	stimuli: autoDraw = False
342.7507 	EXP 	hint: autoDraw = False
342.7507 	EXP 	stimuli: color = u'red (named)'
342.7507 	EXP 	stimuli: text = u'red'
342.7507 	EXP 	hint: autoDraw = True
343.2584 	EXP 	stimuli: autoDraw = True
343.5930 	DATA 	Keypress: left
343.6021 	EXP 	New trial (rep=0, index=41): OrderedDict([('word', u'green'), ('color', u'green'), ('congruent', 1), ('corrAns', u'down')])
343.7170 	EXP 	stimuli: autoDraw = False
343.7170 	EXP 	hint: autoDraw = False
343.7170 	EXP 	stimuli: color = u'green (named)'
343.7170 	EXP 	stimuli: text = u'green'
343.7170 	EXP 	hint: autoDraw = True
344.1251 	EXP 	stimuli: autoDraw = True
344.9411 	DATA 	Keypress: down
344.9505 	EXP 	New trial (rep=0, index=42): OrderedDict([('word', u'blue'), ('color', u'blue'), ('congruent', 1), ('corrAns', u'right')])
345.0528 	EXP 	stimuli: autoDraw = False
345.0528 	EXP 	hint: autoDraw = False
345.0528 	EXP 	stimuli: color = u'blue (named)'
345.0528 	EXP 	stimuli: text = u'blue'
345.0528 	EXP 	hint: autoDraw = True
345.4732 	EXP 	stimuli: autoDraw = True
346.2229 	DATA 	Keypress: right
346.2322 	EXP 	New trial (rep=0, index=43): OrderedDict([('word', u'green'), ('color', u'green'), ('congruent', 1), ('corrAns', u'down')])
346.3478 	EXP 	stimuli: autoDraw = False
346.3478 	EXP 	hint: autoDraw = False
346.3478 	EXP 	stimuli: color = u'green (named)'
346.3478 	EXP 	stimuli: text = u'green'
346.3478 	EXP 	hint: autoDraw = True
346.7549 	EXP 	stimuli: autoDraw = True
347.3717 	DATA 	Keypress: down
347.3807 	EXP 	New trial (rep=0, index=44): OrderedDict([('word', u'green'), ('color', u'red'), ('congruent', 0), ('corrAns', u'left')])
347.3935 	EXP 	stimuli: autoDraw = False
347.3935 	EXP 	hint: autoDraw = False
347.3935 	EXP 	stimuli: color = u'red (named)'
347.3935 	EXP 	stimuli: text = u'green'
347.3935 	EXP 	hint: autoDraw = True
347.9027 	EXP 	stimuli: autoDraw = True
348.9921 	DATA 	Keypress: left
349.0150 	EXP 	New trial (rep=1, index=0): OrderedDict([('word', u'blue'), ('color', u'blue'), ('congruent', 1), ('corrAns', u'right')])
349.1330 	EXP 	stimuli: autoDraw = False
349.1330 	EXP 	hint: autoDraw = False
349.1330 	EXP 	stimuli: color = u'blue (named)'
349.1330 	EXP 	stimuli: text = u'blue'
349.1330 	EXP 	hint: autoDraw = True
349.5352 	EXP 	stimuli: autoDraw = True
350.0853 	DATA 	Keypress: right
350.0945 	EXP 	New trial (rep=1, index=1): OrderedDict([('word', u'green'), ('color', u'green'), ('congruent', 1), ('corrAns', u'down')])
350.2098 	EXP 	stimuli: autoDraw = False
350.2098 	EXP 	hint: autoDraw = False
350.2098 	EXP 	stimuli: color = u'green (named)'
350.2098 	EXP 	stimuli: text = u'green'
350.2098 	EXP 	hint: autoDraw = True
350.6168 	EXP 	stimuli: autoDraw = True
351.1665 	DATA 	Keypress: down
351.1756 	EXP 	New trial (rep=1, index=2): OrderedDict([('word', u'green'), ('color', u'green'), ('congruent', 1), ('corrAns', u'down')])
351.1882 	EXP 	stimuli: autoDraw = False
351.1882 	EXP 	hint: autoDraw = False
351.1882 	EXP 	stimuli: color = u'green (named)'
351.1882 	EXP 	stimuli: text = u'green'
351.1882 	EXP 	hint: autoDraw = True
351.6977 	EXP 	stimuli: autoDraw = True
352.1815 	DATA 	Keypress: down
352.1906 	EXP 	New trial (rep=1, index=3): OrderedDict([('word', u'green'), ('color', u'green'), ('congruent', 1), ('corrAns', u'down')])
352.2032 	EXP 	stimuli: autoDraw = False
352.2032 	EXP 	hint: autoDraw = False
352.2032 	EXP 	stimuli: color = u'green (named)'
352.2032 	EXP 	stimuli: text = u'green'
352.2032 	EXP 	hint: autoDraw = True
352.7129 	EXP 	stimuli: autoDraw = True
353.0533 	DATA 	Keypress: down
353.0730 	EXP 	New trial (rep=1, index=4): OrderedDict([('word', u'blue'), ('color', u'blue'), ('congruent', 1), ('corrAns', u'right')])
353.1760 	EXP 	stimuli: autoDraw = False
353.1760 	EXP 	hint: autoDraw = False
353.1760 	EXP 	stimuli: color = u'blue (named)'
353.1760 	EXP 	stimuli: text = u'blue'
353.1760 	EXP 	hint: autoDraw = True
353.5959 	EXP 	stimuli: autoDraw = True
354.1125 	DATA 	Keypress: right
354.1216 	EXP 	New trial (rep=1, index=5): OrderedDict([('word', u'green'), ('color', u'red'), ('congruent', 0), ('corrAns', u'left')])
354.2373 	EXP 	stimuli: autoDraw = False
354.2373 	EXP 	hint: autoDraw = False
354.2373 	EXP 	stimuli: color = u'red (named)'
354.2373 	EXP 	stimuli: text = u'green'
354.2373 	EXP 	hint: autoDraw = True
354.6447 	EXP 	stimuli: autoDraw = True
355.1444 	DATA 	Keypress: left
355.1535 	EXP 	New trial (rep=1, index=6): OrderedDict([('word', u'red'), ('color', u'green'), ('congruent', 0), ('corrAns', u'down')])
355.2465 	EXP 	stimuli: autoDraw = False
355.2465 	EXP 	hint: autoDraw = False
355.2465 	EXP 	stimuli: color = u'green (named)'
355.2465 	EXP 	stimuli: text = u'red'
355.2465 	EXP 	hint: autoDraw = True
355.6769 	EXP 	stimuli: autoDraw = True
356.8596 	DATA 	Keypress: down
356.8687 	EXP 	New trial (rep=1, index=7): OrderedDict([('word', u'blue'), ('color', u'blue'), ('congruent', 1), ('corrAns', u'right')])
356.9717 	EXP 	stimuli: autoDraw = False
356.9717 	EXP 	hint: autoDraw = False
356.9717 	EXP 	stimuli: color = u'blue (named)'
356.9717 	EXP 	stimuli: text = u'blue'
356.9717 	EXP 	hint: autoDraw = True
357.3909 	EXP 	stimuli: autoDraw = True
357.9080 	DATA 	Keypress: right
357.9174 	EXP 	New trial (rep=1, index=8): OrderedDict([('word', u'green'), ('color', u'green'), ('congruent', 1), ('corrAns', u'down')])
358.0321 	EXP 	stimuli: autoDraw = False
358.0321 	EXP 	hint: autoDraw = False
358.0321 	EXP 	stimuli: color = u'green (named)'
358.0321 	EXP 	stimuli: text = u'green'
358.0321 	EXP 	hint: autoDraw = True
358.4397 	EXP 	stimuli: autoDraw = True
359.0563 	DATA 	Keypress: down
359.0654 	EXP 	New trial (rep=1, index=9): OrderedDict([('word', u'blue'), ('color', u'red'), ('congruent', 0), ('corrAns', u'left')])
359.1692 	EXP 	stimuli: autoDraw = False
359.1692 	EXP 	hint: autoDraw = False
359.1692 	EXP 	stimuli: color = u'red (named)'
359.1692 	EXP 	stimuli: text = u'blue'
359.1692 	EXP 	hint: autoDraw = True
359.5882 	EXP 	stimuli: autoDraw = True
360.2773 	DATA 	Keypress: left
360.2961 	EXP 	New trial (rep=1, index=10): OrderedDict([('word', u'blue'), ('color', u'blue'), ('congruent', 1), ('corrAns', u'right')])
360.3090 	EXP 	stimuli: autoDraw = False
360.3090 	EXP 	hint: autoDraw = False
360.3090 	EXP 	stimuli: color = u'blue (named)'
360.3090 	EXP 	stimuli: text = u'blue'
360.3090 	EXP 	hint: autoDraw = True
360.8190 	EXP 	stimuli: autoDraw = True
361.4697 	DATA 	Keypress: right
361.4791 	EXP 	New trial (rep=1, index=11): OrderedDict([('word', u'blue'), ('color', u'blue'), ('congruent', 1), ('corrAns', u'right')])
361.4923 	EXP 	stimuli: autoDraw = False
361.4923 	EXP 	hint: autoDraw = False
361.4923 	EXP 	stimuli: color = u'blue (named)'
361.4923 	EXP 	stimuli: text = u'blue'
361.4923 	EXP 	hint: autoDraw = True
362.0007 	EXP 	stimuli: autoDraw = True
362.4681 	DATA 	Keypress: right
362.4773 	EXP 	New trial (rep=1, index=12): OrderedDict([('word', u'green'), ('color', u'blue'), ('congruent', 0), ('corrAns', u'right')])
362.5919 	EXP 	stimuli: autoDraw = False
362.5919 	EXP 	hint: autoDraw = False
362.5919 	EXP 	stimuli: color = u'blue (named)'
362.5919 	EXP 	stimuli: text = u'green'
362.5919 	EXP 	hint: autoDraw = True
362.9993 	EXP 	stimuli: autoDraw = True
363.7001 	DATA 	Keypress: down
363.7092 	EXP 	New trial (rep=1, index=13): OrderedDict([('word', u'blue'), ('color', u'blue'), ('congruent', 1), ('corrAns', u'right')])
363.8118 	EXP 	stimuli: autoDraw = False
363.8118 	EXP 	hint: autoDraw = False
363.8118 	EXP 	stimuli: color = u'blue (named)'
363.8118 	EXP 	stimuli: text = u'blue'
363.8118 	EXP 	hint: autoDraw = True
364.2321 	EXP 	stimuli: autoDraw = True
364.7988 	DATA 	Keypress: right
364.8079 	EXP 	New trial (rep=1, index=14): OrderedDict([('word', u'blue'), ('color', u'blue'), ('congruent', 1), ('corrAns', u'right')])
364.8203 	EXP 	stimuli: autoDraw = False
364.8203 	EXP 	hint: autoDraw = False
364.8203 	EXP 	stimuli: color = u'blue (named)'
364.8203 	EXP 	stimuli: text = u'blue'
364.8203 	EXP 	hint: autoDraw = True
365.3298 	EXP 	stimuli: autoDraw = True
365.6372 	DATA 	Keypress: right
365.6556 	EXP 	New trial (rep=1, index=15): OrderedDict([('word', u'red'), ('color', u'red'), ('congruent', 1), ('corrAns', u'left')])
365.7482 	EXP 	stimuli: autoDraw = False
365.7482 	EXP 	hint: autoDraw = False
365.7482 	EXP 	stimuli: color = u'red (named)'
365.7482 	EXP 	stimuli: text = u'red'
365.7482 	EXP 	hint: autoDraw = True
366.1795 	EXP 	stimuli: autoDraw = True
366.7299 	DATA 	Keypress: left
366.7390 	EXP 	New trial (rep=1, index=16): OrderedDict([('word', u'green'), ('color', u'green'), ('congruent', 1), ('corrAns', u'down')])
366.8539 	EXP 	stimuli: autoDraw = False
366.8539 	EXP 	hint: autoDraw = False
366.8539 	EXP 	stimuli: color = u'green (named)'
366.8539 	EXP 	stimuli: text = u'green'
366.8539 	EXP 	hint: autoDraw = True
367.2616 	EXP 	stimuli: autoDraw = True
367.7950 	DATA 	Keypress: down
367.8041 	EXP 	New trial (rep=1, index=17): OrderedDict([('word', u'blue'), ('color', u'blue'), ('congruent', 1), ('corrAns', u'right')])
367.9070 	EXP 	stimuli: autoDraw = False
367.9070 	EXP 	hint: autoDraw = False
367.9070 	EXP 	stimuli: color = u'blue (named)'
367.9070 	EXP 	stimuli: text = u'blue'
367.9070 	EXP 	hint: autoDraw = True
368.3268 	EXP 	stimuli: autoDraw = True
369.3592 	DATA 	Keypress: right
369.3683 	EXP 	New trial (rep=1, index=18): OrderedDict([('word', u'red'), ('color', u'red'), ('congruent', 1), ('corrAns', u'left')])
369.4613 	EXP 	stimuli: autoDraw = False
369.4613 	EXP 	hint: autoDraw = False
369.4613 	EXP 	stimuli: color = u'red (named)'
369.4613 	EXP 	stimuli: text = u'red'
369.4613 	EXP 	hint: autoDraw = True
369.8916 	EXP 	stimuli: autoDraw = True
370.4259 	DATA 	Keypress: left
370.4501 	EXP 	New trial (rep=1, index=19): OrderedDict([('word', u'red'), ('color', u'red'), ('congruent', 1), ('corrAns', u'left')])
370.4630 	EXP 	stimuli: autoDraw = False
370.4630 	EXP 	hint: autoDraw = False
370.4630 	EXP 	stimuli: color = u'red (named)'
370.4630 	EXP 	stimuli: text = u'red'
370.4630 	EXP 	hint: autoDraw = True
370.9723 	EXP 	stimuli: autoDraw = True
373.2045 	DATA 	Keypress: left
373.2136 	EXP 	New trial (rep=1, index=20): OrderedDict([('word', u'blue'), ('color', u'blue'), ('congruent', 1), ('corrAns', u'right')])
373.3176 	EXP 	stimuli: autoDraw = False
373.3176 	EXP 	hint: autoDraw = False
373.3176 	EXP 	stimuli: color = u'blue (named)'
373.3176 	EXP 	stimuli: text = u'blue'
373.3176 	EXP 	hint: autoDraw = True
373.7365 	EXP 	stimuli: autoDraw = True
374.3027 	DATA 	Keypress: right
374.3119 	EXP 	New trial (rep=1, index=21): OrderedDict([('word', u'red'), ('color', u'red'), ('congruent', 1), ('corrAns', u'left')])
374.4052 	EXP 	stimuli: autoDraw = False
374.4052 	EXP 	hint: autoDraw = False
374.4052 	EXP 	stimuli: color = u'red (named)'
374.4052 	EXP 	stimuli: text = u'red'
374.4052 	EXP 	hint: autoDraw = True
374.8351 	EXP 	stimuli: autoDraw = True
375.3077 	DATA 	Keypress: left
375.3264 	EXP 	New trial (rep=1, index=22): OrderedDict([('word', u'green'), ('color', u'green'), ('congruent', 1), ('corrAns', u'down')])
375.4423 	EXP 	stimuli: autoDraw = False
375.4423 	EXP 	hint: autoDraw = False
375.4423 	EXP 	stimuli: color = u'green (named)'
375.4423 	EXP 	stimuli: text = u'green'
375.4423 	EXP 	hint: autoDraw = True
375.8502 	EXP 	stimuli: autoDraw = True
376.6067 	DATA 	Keypress: down
376.6250 	EXP 	New trial (rep=1, index=23): OrderedDict([('word', u'red'), ('color', u'red'), ('congruent', 1), ('corrAns', u'left')])
376.7170 	EXP 	stimuli: autoDraw = False
376.7170 	EXP 	hint: autoDraw = False
376.7170 	EXP 	stimuli: color = u'red (named)'
376.7170 	EXP 	stimuli: text = u'red'
376.7170 	EXP 	hint: autoDraw = True
377.1489 	EXP 	stimuli: autoDraw = True
377.6655 	DATA 	Keypress: left
377.6746 	EXP 	New trial (rep=1, index=24): OrderedDict([('word', u'red'), ('color', u'red'), ('congruent', 1), ('corrAns', u'left')])
377.6875 	EXP 	stimuli: autoDraw = False
377.6875 	EXP 	hint: autoDraw = False
377.6875 	EXP 	stimuli: color = u'red (named)'
377.6875 	EXP 	stimuli: text = u'red'
377.6875 	EXP 	hint: autoDraw = True
378.1978 	EXP 	stimuli: autoDraw = True
378.6290 	DATA 	Keypress: left
378.6384 	EXP 	New trial (rep=1, index=25): OrderedDict([('word', u'red'), ('color', u'red'), ('congruent', 1), ('corrAns', u'left')])
378.6514 	EXP 	stimuli: autoDraw = False
378.6514 	EXP 	hint: autoDraw = False
378.6514 	EXP 	stimuli: color = u'red (named)'
378.6514 	EXP 	stimuli: text = u'red'
378.6514 	EXP 	hint: autoDraw = True
379.1618 	EXP 	stimuli: autoDraw = True
379.4298 	DATA 	Keypress: left
379.4388 	EXP 	New trial (rep=1, index=26): OrderedDict([('word', u'green'), ('color', u'green'), ('congruent', 1), ('corrAns', u'down')])
379.5554 	EXP 	stimuli: autoDraw = False
379.5554 	EXP 	hint: autoDraw = False
379.5554 	EXP 	stimuli: color = u'green (named)'
379.5554 	EXP 	stimuli: text = u'green'
379.5554 	EXP 	hint: autoDraw = True
379.9617 	EXP 	stimuli: autoDraw = True
381.1608 	DATA 	Keypress: down
381.1703 	EXP 	New trial (rep=1, index=27): OrderedDict([('word', u'green'), ('color', u'green'), ('congruent', 1), ('corrAns', u'down')])
381.1835 	EXP 	stimuli: autoDraw = False
381.1835 	EXP 	hint: autoDraw = False
381.1835 	EXP 	stimuli: color = u'green (named)'
381.1835 	EXP 	stimuli: text = u'green'
381.1835 	EXP 	hint: autoDraw = True
381.6921 	EXP 	stimuli: autoDraw = True
381.9767 	DATA 	Keypress: down
381.9857 	EXP 	New trial (rep=1, index=28): OrderedDict([('word', u'red'), ('color', u'red'), ('congruent', 1), ('corrAns', u'left')])
382.0800 	EXP 	stimuli: autoDraw = False
382.0800 	EXP 	hint: autoDraw = False
382.0800 	EXP 	stimuli: color = u'red (named)'
382.0800 	EXP 	stimuli: text = u'red'
382.0800 	EXP 	hint: autoDraw = True
382.5083 	EXP 	stimuli: autoDraw = True
383.7579 	DATA 	Keypress: left
383.7669 	EXP 	New trial (rep=1, index=29): OrderedDict([('word', u'red'), ('color', u'green'), ('congruent', 0), ('corrAns', u'down')])
383.7796 	EXP 	stimuli: autoDraw = False
383.7796 	EXP 	hint: autoDraw = False
383.7796 	EXP 	stimuli: color = u'green (named)'
383.7796 	EXP 	stimuli: text = u'red'
383.7796 	EXP 	hint: autoDraw = True
384.2885 	EXP 	stimuli: autoDraw = True
385.6724 	DATA 	Keypress: down
385.6966 	EXP 	New trial (rep=1, index=30): OrderedDict([('word', u'red'), ('color', u'red'), ('congruent', 1), ('corrAns', u'left')])
385.7092 	EXP 	stimuli: autoDraw = False
385.7092 	EXP 	hint: autoDraw = False
385.7092 	EXP 	stimuli: color = u'red (named)'
385.7092 	EXP 	stimuli: text = u'red'
385.7092 	EXP 	hint: autoDraw = True
386.2192 	EXP 	stimuli: autoDraw = True
386.7867 	DATA 	Keypress: left
386.7961 	EXP 	New trial (rep=1, index=31): OrderedDict([('word', u'blue'), ('color', u'blue'), ('congruent', 1), ('corrAns', u'right')])
386.9001 	EXP 	stimuli: autoDraw = False
386.9001 	EXP 	hint: autoDraw = False
386.9001 	EXP 	stimuli: color = u'blue (named)'
386.9001 	EXP 	stimuli: text = u'blue'
386.9001 	EXP 	hint: autoDraw = True
387.3187 	EXP 	stimuli: autoDraw = True
388.0083 	DATA 	Keypress: right
388.0267 	EXP 	New trial (rep=1, index=32): OrderedDict([('word', u'blue'), ('color', u'blue'), ('congruent', 1), ('corrAns', u'right')])
388.0399 	EXP 	stimuli: autoDraw = False
388.0399 	EXP 	hint: autoDraw = False
388.0399 	EXP 	stimuli: color = u'blue (named)'
388.0399 	EXP 	stimuli: text = u'blue'
388.0399 	EXP 	hint: autoDraw = True
388.5496 	EXP 	stimuli: autoDraw = True
388.8907 	DATA 	Keypress: right
388.9127 	EXP 	New trial (rep=1, index=33): OrderedDict([('word', u'green'), ('color', u'green'), ('congruent', 1), ('corrAns', u'down')])
389.0284 	EXP 	stimuli: autoDraw = False
389.0284 	EXP 	hint: autoDraw = False
389.0284 	EXP 	stimuli: color = u'green (named)'
389.0284 	EXP 	stimuli: text = u'green'
389.0284 	EXP 	hint: autoDraw = True
389.4325 	EXP 	stimuli: autoDraw = True
389.9884 	DATA 	Keypress: down
390.0075 	EXP 	New trial (rep=1, index=34): OrderedDict([('word', u'green'), ('color', u'green'), ('congruent', 1), ('corrAns', u'down')])
390.0207 	EXP 	stimuli: autoDraw = False
390.0207 	EXP 	hint: autoDraw = False
390.0207 	EXP 	stimuli: color = u'green (named)'
390.0207 	EXP 	stimuli: text = u'green'
390.0207 	EXP 	hint: autoDraw = True
390.5303 	EXP 	stimuli: autoDraw = True
390.8883 	DATA 	Keypress: down
390.9065 	EXP 	New trial (rep=1, index=35): OrderedDict([('word', u'red'), ('color', u'red'), ('congruent', 1), ('corrAns', u'left')])
391.0007 	EXP 	stimuli: autoDraw = False
391.0007 	EXP 	hint: autoDraw = False
391.0007 	EXP 	stimuli: color = u'red (named)'
391.0007 	EXP 	stimuli: text = u'red'
391.0007 	EXP 	hint: autoDraw = True
391.4304 	EXP 	stimuli: autoDraw = True
392.3798 	DATA 	Keypress: left
392.3892 	EXP 	New trial (rep=1, index=36): OrderedDict([('word', u'blue'), ('color', u'red'), ('congruent', 0), ('corrAns', u'left')])
392.4935 	EXP 	stimuli: autoDraw = False
392.4935 	EXP 	hint: autoDraw = False
392.4935 	EXP 	stimuli: color = u'red (named)'
392.4935 	EXP 	stimuli: text = u'blue'
392.4935 	EXP 	hint: autoDraw = True
392.9113 	EXP 	stimuli: autoDraw = True
393.2121 	DATA 	Keypress: left
393.2212 	EXP 	New trial (rep=1, index=37): OrderedDict([('word', u'red'), ('color', u'blue'), ('congruent', 0), ('corrAns', u'right')])
393.3147 	EXP 	stimuli: autoDraw = False
393.3147 	EXP 	hint: autoDraw = False
393.3147 	EXP 	stimuli: color = u'blue (named)'
393.3147 	EXP 	stimuli: text = u'red'
393.3147 	EXP 	hint: autoDraw = True
393.7441 	EXP 	stimuli: autoDraw = True
394.3766 	DATA 	Keypress: right
394.3861 	EXP 	New trial (rep=1, index=38): OrderedDict([('word', u'red'), ('color', u'red'), ('congruent', 1), ('corrAns', u'left')])
394.3988 	EXP 	stimuli: autoDraw = False
394.3988 	EXP 	hint: autoDraw = False
394.3988 	EXP 	stimuli: color = u'red (named)'
394.3988 	EXP 	stimuli: text = u'red'
394.3988 	EXP 	hint: autoDraw = True
394.9082 	EXP 	stimuli: autoDraw = True
395.9416 	DATA 	Keypress: left
395.9510 	EXP 	New trial (rep=1, index=39): OrderedDict([('word', u'blue'), ('color', u'green'), ('congruent', 0), ('corrAns', u'down')])
396.0546 	EXP 	stimuli: autoDraw = False
396.0546 	EXP 	hint: autoDraw = False
396.0546 	EXP 	stimuli: color = u'green (named)'
396.0546 	EXP 	stimuli: text = u'blue'
396.0546 	EXP 	hint: autoDraw = True
396.4734 	EXP 	stimuli: autoDraw = True
397.5401 	DATA 	Keypress: down
397.5492 	EXP 	New trial (rep=1, index=40): OrderedDict([('word', u'green'), ('color', u'green'), ('congruent', 1), ('corrAns', u'down')])
397.6688 	EXP 	stimuli: autoDraw = False
397.6688 	EXP 	hint: autoDraw = False
397.6688 	EXP 	stimuli: color = u'green (named)'
397.6688 	EXP 	stimuli: text = u'green'
397.6688 	EXP 	hint: autoDraw = True
398.0758 	EXP 	stimuli: autoDraw = True
398.5383 	DATA 	Keypress: down
398.5474 	EXP 	New trial (rep=1, index=41): OrderedDict([('word', u'green'), ('color', u'green'), ('congruent', 1), ('corrAns', u'down')])
398.5607 	EXP 	stimuli: autoDraw = False
398.5607 	EXP 	hint: autoDraw = False
398.5607 	EXP 	stimuli: color = u'green (named)'
398.5607 	EXP 	stimuli: text = u'green'
398.5607 	EXP 	hint: autoDraw = True
399.0737 	EXP 	stimuli: autoDraw = True
399.5262 	DATA 	Keypress: down
399.5448 	EXP 	New trial (rep=1, index=42): OrderedDict([('word', u'red'), ('color', u'red'), ('congruent', 1), ('corrAns', u'left')])
399.6387 	EXP 	stimuli: autoDraw = False
399.6387 	EXP 	hint: autoDraw = False
399.6387 	EXP 	stimuli: color = u'red (named)'
399.6387 	EXP 	stimuli: text = u'red'
399.6387 	EXP 	hint: autoDraw = True
400.0692 	EXP 	stimuli: autoDraw = True
400.5756 	DATA 	Keypress: left
400.5938 	EXP 	New trial (rep=1, index=43): OrderedDict([('word', u'blue'), ('color', u'blue'), ('congruent', 1), ('corrAns', u'right')])
400.7002 	EXP 	stimuli: autoDraw = False
400.7002 	EXP 	hint: autoDraw = False
400.7002 	EXP 	stimuli: color = u'blue (named)'
400.7002 	EXP 	stimuli: text = u'blue'
400.7002 	EXP 	hint: autoDraw = True
401.1175 	EXP 	stimuli: autoDraw = True
401.7404 	DATA 	Keypress: right
401.7598 	EXP 	New trial (rep=1, index=44): OrderedDict([('word', u'green'), ('color', u'blue'), ('congruent', 0), ('corrAns', u'right')])
401.8744 	EXP 	stimuli: autoDraw = False
401.8744 	EXP 	hint: autoDraw = False
401.8744 	EXP 	stimuli: color = u'blue (named)'
401.8744 	EXP 	stimuli: text = u'green'
401.8744 	EXP 	hint: autoDraw = True
402.2824 	EXP 	stimuli: autoDraw = True
402.6335 	DATA 	Keypress: right
402.6426 	EXP 	New trial (rep=2, index=0): OrderedDict([('word', u'red'), ('color', u'red'), ('congruent', 1), ('corrAns', u'left')])
402.7352 	EXP 	stimuli: autoDraw = False
402.7352 	EXP 	hint: autoDraw = False
402.7352 	EXP 	stimuli: color = u'red (named)'
402.7352 	EXP 	stimuli: text = u'red'
402.7352 	EXP 	hint: autoDraw = True
403.1650 	EXP 	stimuli: autoDraw = True
403.9810 	DATA 	Keypress: left
403.9902 	EXP 	New trial (rep=2, index=1): OrderedDict([('word', u'red'), ('color', u'red'), ('congruent', 1), ('corrAns', u'left')])
404.0030 	EXP 	stimuli: autoDraw = False
404.0030 	EXP 	hint: autoDraw = False
404.0030 	EXP 	stimuli: color = u'red (named)'
404.0030 	EXP 	stimuli: text = u'red'
404.0030 	EXP 	hint: autoDraw = True
404.5125 	EXP 	stimuli: autoDraw = True
404.8026 	DATA 	Keypress: left
404.8214 	EXP 	New trial (rep=2, index=2): OrderedDict([('word', u'blue'), ('color', u'green'), ('congruent', 0), ('corrAns', u'down')])
404.9257 	EXP 	stimuli: autoDraw = False
404.9257 	EXP 	hint: autoDraw = False
404.9257 	EXP 	stimuli: color = u'green (named)'
404.9257 	EXP 	stimuli: text = u'blue'
404.9257 	EXP 	hint: autoDraw = True
405.3452 	EXP 	stimuli: autoDraw = True
406.4276 	DATA 	Keypress: down
406.4367 	EXP 	New trial (rep=2, index=3): OrderedDict([('word', u'green'), ('color', u'green'), ('congruent', 1), ('corrAns', u'down')])
406.5509 	EXP 	stimuli: autoDraw = False
406.5509 	EXP 	hint: autoDraw = False
406.5509 	EXP 	stimuli: color = u'green (named)'
406.5509 	EXP 	stimuli: text = u'green'
406.5509 	EXP 	hint: autoDraw = True
406.9601 	EXP 	stimuli: autoDraw = True
407.3603 	DATA 	Keypress: down
407.3695 	EXP 	New trial (rep=2, index=4): OrderedDict([('word', u'green'), ('color', u'green'), ('congruent', 1), ('corrAns', u'down')])
407.3824 	EXP 	stimuli: autoDraw = False
407.3824 	EXP 	hint: autoDraw = False
407.3824 	EXP 	stimuli: color = u'green (named)'
407.3824 	EXP 	stimuli: text = u'green'
407.3824 	EXP 	hint: autoDraw = True
407.8910 	EXP 	stimuli: autoDraw = True
408.3253 	DATA 	Keypress: down
408.3345 	EXP 	New trial (rep=2, index=5): OrderedDict([('word', u'blue'), ('color', u'blue'), ('congruent', 1), ('corrAns', u'right')])
408.4382 	EXP 	stimuli: autoDraw = False
408.4382 	EXP 	hint: autoDraw = False
408.4382 	EXP 	stimuli: color = u'blue (named)'
408.4382 	EXP 	stimuli: text = u'blue'
408.4382 	EXP 	hint: autoDraw = True
408.8573 	EXP 	stimuli: autoDraw = True
409.5075 	DATA 	Keypress: right
409.5167 	EXP 	New trial (rep=2, index=6): OrderedDict([('word', u'red'), ('color', u'green'), ('congruent', 0), ('corrAns', u'down')])
409.6095 	EXP 	stimuli: autoDraw = False
409.6095 	EXP 	hint: autoDraw = False
409.6095 	EXP 	stimuli: color = u'green (named)'
409.6095 	EXP 	stimuli: text = u'red'
409.6095 	EXP 	hint: autoDraw = True
410.0397 	EXP 	stimuli: autoDraw = True
410.8394 	DATA 	Keypress: down
410.8485 	EXP 	New trial (rep=2, index=7): OrderedDict([('word', u'green'), ('color', u'blue'), ('congruent', 0), ('corrAns', u'right')])
410.9640 	EXP 	stimuli: autoDraw = False
410.9640 	EXP 	hint: autoDraw = False
410.9640 	EXP 	stimuli: color = u'blue (named)'
410.9640 	EXP 	stimuli: text = u'green'
410.9640 	EXP 	hint: autoDraw = True
411.3709 	EXP 	stimuli: autoDraw = True
412.9760 	DATA 	Keypress: right
412.9943 	EXP 	New trial (rep=2, index=8): OrderedDict([('word', u'blue'), ('color', u'blue'), ('congruent', 1), ('corrAns', u'right')])
413.0976 	EXP 	stimuli: autoDraw = False
413.0976 	EXP 	hint: autoDraw = False
413.0976 	EXP 	stimuli: color = u'blue (named)'
413.0976 	EXP 	stimuli: text = u'blue'
413.0976 	EXP 	hint: autoDraw = True
413.5180 	EXP 	stimuli: autoDraw = True
413.8526 	DATA 	Keypress: right
413.8617 	EXP 	New trial (rep=2, index=9): OrderedDict([('word', u'blue'), ('color', u'blue'), ('congruent', 1), ('corrAns', u'right')])
413.8745 	EXP 	stimuli: autoDraw = False
413.8745 	EXP 	hint: autoDraw = False
413.8745 	EXP 	stimuli: color = u'blue (named)'
413.8745 	EXP 	stimuli: text = u'blue'
413.8745 	EXP 	hint: autoDraw = True
414.3829 	EXP 	stimuli: autoDraw = True
414.7505 	DATA 	Keypress: right
414.7599 	EXP 	New trial (rep=2, index=10): OrderedDict([('word', u'red'), ('color', u'red'), ('congruent', 1), ('corrAns', u'left')])
414.8534 	EXP 	stimuli: autoDraw = False
414.8534 	EXP 	hint: autoDraw = False
414.8534 	EXP 	stimuli: color = u'red (named)'
414.8534 	EXP 	stimuli: text = u'red'
414.8534 	EXP 	hint: autoDraw = True
415.2825 	EXP 	stimuli: autoDraw = True
415.8488 	DATA 	Keypress: left
415.8580 	EXP 	New trial (rep=2, index=11): OrderedDict([('word', u'green'), ('color', u'green'), ('congruent', 1), ('corrAns', u'down')])
415.9736 	EXP 	stimuli: autoDraw = False
415.9736 	EXP 	hint: autoDraw = False
415.9736 	EXP 	stimuli: color = u'green (named)'
415.9736 	EXP 	stimuli: text = u'green'
415.9736 	EXP 	hint: autoDraw = True
416.3810 	EXP 	stimuli: autoDraw = True
417.2809 	DATA 	Keypress: down
417.2903 	EXP 	New trial (rep=2, index=12): OrderedDict([('word', u'green'), ('color', u'green'), ('congruent', 1), ('corrAns', u'down')])
417.3030 	EXP 	stimuli: autoDraw = False
417.3030 	EXP 	hint: autoDraw = False
417.3030 	EXP 	stimuli: color = u'green (named)'
417.3030 	EXP 	stimuli: text = u'green'
417.3030 	EXP 	hint: autoDraw = True
417.8114 	EXP 	stimuli: autoDraw = True
418.1292 	DATA 	Keypress: down
418.1386 	EXP 	New trial (rep=2, index=13): OrderedDict([('word', u'blue'), ('color', u'blue'), ('congruent', 1), ('corrAns', u'right')])
418.2423 	EXP 	stimuli: autoDraw = False
418.2423 	EXP 	hint: autoDraw = False
418.2423 	EXP 	stimuli: color = u'blue (named)'
418.2423 	EXP 	stimuli: text = u'blue'
418.2423 	EXP 	hint: autoDraw = True
418.6613 	EXP 	stimuli: autoDraw = True
419.6272 	DATA 	Keypress: right
419.6366 	EXP 	New trial (rep=2, index=14): OrderedDict([('word', u'green'), ('color', u'green'), ('congruent', 1), ('corrAns', u'down')])
419.7510 	EXP 	stimuli: autoDraw = False
419.7510 	EXP 	hint: autoDraw = False
419.7510 	EXP 	stimuli: color = u'green (named)'
419.7510 	EXP 	stimuli: text = u'green'
419.7510 	EXP 	hint: autoDraw = True
420.1592 	EXP 	stimuli: autoDraw = True
420.7427 	DATA 	Keypress: down
420.7518 	EXP 	New trial (rep=2, index=15): OrderedDict([('word', u'blue'), ('color', u'blue'), ('congruent', 1), ('corrAns', u'right')])
420.8551 	EXP 	stimuli: autoDraw = False
420.8551 	EXP 	hint: autoDraw = False
420.8551 	EXP 	stimuli: color = u'blue (named)'
420.8551 	EXP 	stimuli: text = u'blue'
420.8551 	EXP 	hint: autoDraw = True
421.2745 	EXP 	stimuli: autoDraw = True
421.8808 	DATA 	Keypress: right
421.8992 	EXP 	New trial (rep=2, index=16): OrderedDict([('word', u'red'), ('color', u'red'), ('congruent', 1), ('corrAns', u'left')])
421.9928 	EXP 	stimuli: autoDraw = False
421.9928 	EXP 	hint: autoDraw = False
421.9928 	EXP 	stimuli: color = u'red (named)'
421.9928 	EXP 	stimuli: text = u'red'
421.9928 	EXP 	hint: autoDraw = True
422.4233 	EXP 	stimuli: autoDraw = True
423.1124 	DATA 	Keypress: left
423.1314 	EXP 	New trial (rep=2, index=17): OrderedDict([('word', u'green'), ('color', u'green'), ('congruent', 1), ('corrAns', u'down')])
423.2465 	EXP 	stimuli: autoDraw = False
423.2465 	EXP 	hint: autoDraw = False
423.2465 	EXP 	stimuli: color = u'green (named)'
423.2465 	EXP 	stimuli: text = u'green'
423.2465 	EXP 	hint: autoDraw = True
423.6547 	EXP 	stimuli: autoDraw = True
425.7357 	DATA 	Keypress: down
425.7449 	EXP 	New trial (rep=2, index=18): OrderedDict([('word', u'green'), ('color', u'blue'), ('congruent', 0), ('corrAns', u'right')])
425.7576 	EXP 	stimuli: autoDraw = False
425.7576 	EXP 	hint: autoDraw = False
425.7576 	EXP 	stimuli: color = u'blue (named)'
425.7576 	EXP 	stimuli: text = u'green'
425.7576 	EXP 	hint: autoDraw = True
426.2670 	EXP 	stimuli: autoDraw = True
427.1857 	DATA 	Keypress: right
427.2017 	EXP 	New trial (rep=2, index=19): OrderedDict([('word', u'green'), ('color', u'green'), ('congruent', 1), ('corrAns', u'down')])
427.2137 	EXP 	stimuli: autoDraw = False
427.2137 	EXP 	hint: autoDraw = False
427.2137 	EXP 	stimuli: color = u'green (named)'
427.2137 	EXP 	stimuli: text = u'green'
427.2137 	EXP 	hint: autoDraw = True
427.7318 	EXP 	stimuli: autoDraw = True
428.3052 	DATA 	Keypress: down
428.3239 	EXP 	New trial (rep=2, index=20): OrderedDict([('word', u'blue'), ('color', u'blue'), ('congruent', 1), ('corrAns', u'right')])
428.4275 	EXP 	stimuli: autoDraw = False
428.4275 	EXP 	hint: autoDraw = False
428.4275 	EXP 	stimuli: color = u'blue (named)'
428.4275 	EXP 	stimuli: text = u'blue'
428.4275 	EXP 	hint: autoDraw = True
428.8483 	EXP 	stimuli: autoDraw = True
430.1196 	DATA 	Keypress: right
430.1382 	EXP 	New trial (rep=2, index=21): OrderedDict([('word', u'red'), ('color', u'red'), ('congruent', 1), ('corrAns', u'left')])
430.2317 	EXP 	stimuli: autoDraw = False
430.2317 	EXP 	hint: autoDraw = False
430.2317 	EXP 	stimuli: color = u'red (named)'
430.2317 	EXP 	stimuli: text = u'red'
430.2317 	EXP 	hint: autoDraw = True
430.6624 	EXP 	stimuli: autoDraw = True
431.1685 	DATA 	Keypress: left
431.1869 	EXP 	New trial (rep=2, index=22): OrderedDict([('word', u'blue'), ('color', u'blue'), ('congruent', 1), ('corrAns', u'right')])
431.2921 	EXP 	stimuli: autoDraw = False
431.2921 	EXP 	hint: autoDraw = False
431.2921 	EXP 	stimuli: color = u'blue (named)'
431.2921 	EXP 	stimuli: text = u'blue'
431.2921 	EXP 	hint: autoDraw = True
431.7112 	EXP 	stimuli: autoDraw = True
432.5166 	DATA 	Keypress: right
432.5354 	EXP 	New trial (rep=2, index=23): OrderedDict([('word', u'green'), ('color', u'green'), ('congruent', 1), ('corrAns', u'down')])
432.6502 	EXP 	stimuli: autoDraw = False
432.6502 	EXP 	hint: autoDraw = False
432.6502 	EXP 	stimuli: color = u'green (named)'
432.6502 	EXP 	stimuli: text = u'green'
432.6502 	EXP 	hint: autoDraw = True
433.0596 	EXP 	stimuli: autoDraw = True
433.6656 	DATA 	Keypress: down
433.6838 	EXP 	New trial (rep=2, index=24): OrderedDict([('word', u'green'), ('color', u'green'), ('congruent', 1), ('corrAns', u'down')])
433.6965 	EXP 	stimuli: autoDraw = False
433.6965 	EXP 	hint: autoDraw = False
433.6965 	EXP 	stimuli: color = u'green (named)'
433.6965 	EXP 	stimuli: text = u'green'
433.6965 	EXP 	hint: autoDraw = True
434.2070 	EXP 	stimuli: autoDraw = True
434.5579 	DATA 	Keypress: down
434.5674 	EXP 	New trial (rep=2, index=25): OrderedDict([('word', u'blue'), ('color', u'blue'), ('congruent', 1), ('corrAns', u'right')])
434.6720 	EXP 	stimuli: autoDraw = False
434.6720 	EXP 	hint: autoDraw = False
434.6720 	EXP 	stimuli: color = u'blue (named)'
434.6720 	EXP 	stimuli: text = u'blue'
434.6720 	EXP 	hint: autoDraw = True
435.0898 	EXP 	stimuli: autoDraw = True
436.0572 	DATA 	Keypress: right
436.0723 	EXP 	New trial (rep=2, index=26): OrderedDict([('word', u'blue'), ('color', u'red'), ('congruent', 0), ('corrAns', u'left')])
436.0842 	EXP 	stimuli: autoDraw = False
436.0842 	EXP 	hint: autoDraw = False
436.0842 	EXP 	stimuli: color = u'red (named)'
436.0842 	EXP 	stimuli: text = u'blue'
436.0842 	EXP 	hint: autoDraw = True
436.6035 	EXP 	stimuli: autoDraw = True
437.1273 	DATA 	Keypress: left
437.1460 	EXP 	New trial (rep=2, index=27): OrderedDict([('word', u'green'), ('color', u'green'), ('congruent', 1), ('corrAns', u'down')])
437.2608 	EXP 	stimuli: autoDraw = False
437.2608 	EXP 	hint: autoDraw = False
437.2608 	EXP 	stimuli: color = u'green (named)'
437.2608 	EXP 	stimuli: text = u'green'
437.2608 	EXP 	hint: autoDraw = True
437.6700 	EXP 	stimuli: autoDraw = True
438.1695 	DATA 	Keypress: down
438.1786 	EXP 	New trial (rep=2, index=28): OrderedDict([('word', u'red'), ('color', u'red'), ('congruent', 1), ('corrAns', u'left')])
438.2710 	EXP 	stimuli: autoDraw = False
438.2710 	EXP 	hint: autoDraw = False
438.2710 	EXP 	stimuli: color = u'red (named)'
438.2710 	EXP 	stimuli: text = u'red'
438.2710 	EXP 	hint: autoDraw = True
438.7021 	EXP 	stimuli: autoDraw = True
439.2687 	DATA 	Keypress: down
439.2779 	EXP 	New trial (rep=2, index=29): OrderedDict([('word', u'red'), ('color', u'red'), ('congruent', 1), ('corrAns', u'left')])
439.2908 	EXP 	stimuli: autoDraw = False
439.2908 	EXP 	hint: autoDraw = False
439.2908 	EXP 	stimuli: color = u'red (named)'
439.2908 	EXP 	stimuli: text = u'red'
439.2908 	EXP 	hint: autoDraw = True
439.7994 	EXP 	stimuli: autoDraw = True
440.2014 	DATA 	Keypress: down
440.2256 	EXP 	New trial (rep=2, index=30): OrderedDict([('word', u'red'), ('color', u'red'), ('congruent', 1), ('corrAns', u'left')])
440.2385 	EXP 	stimuli: autoDraw = False
440.2385 	EXP 	hint: autoDraw = False
440.2385 	EXP 	stimuli: color = u'red (named)'
440.2385 	EXP 	stimuli: text = u'red'
440.2385 	EXP 	hint: autoDraw = True
440.7481 	EXP 	stimuli: autoDraw = True
441.2988 	DATA 	Keypress: left
441.3081 	EXP 	New trial (rep=2, index=31): OrderedDict([('word', u'blue'), ('color', u'blue'), ('congruent', 1), ('corrAns', u'right')])
441.4147 	EXP 	stimuli: autoDraw = False
441.4147 	EXP 	hint: autoDraw = False
441.4147 	EXP 	stimuli: color = u'blue (named)'
441.4147 	EXP 	stimuli: text = u'blue'
441.4147 	EXP 	hint: autoDraw = True
441.8310 	EXP 	stimuli: autoDraw = True
443.3473 	DATA 	Keypress: right
443.3564 	EXP 	New trial (rep=2, index=32): OrderedDict([('word', u'green'), ('color', u'green'), ('congruent', 1), ('corrAns', u'down')])
443.4734 	EXP 	stimuli: autoDraw = False
443.4734 	EXP 	hint: autoDraw = False
443.4734 	EXP 	stimuli: color = u'green (named)'
443.4734 	EXP 	stimuli: text = u'green'
443.4734 	EXP 	hint: autoDraw = True
443.8784 	EXP 	stimuli: autoDraw = True
444.3951 	DATA 	Keypress: down
444.4042 	EXP 	New trial (rep=2, index=33): OrderedDict([('word', u'red'), ('color', u'red'), ('congruent', 1), ('corrAns', u'left')])
444.4970 	EXP 	stimuli: autoDraw = False
444.4970 	EXP 	hint: autoDraw = False
444.4970 	EXP 	stimuli: color = u'red (named)'
444.4970 	EXP 	stimuli: text = u'red'
444.4970 	EXP 	hint: autoDraw = True
444.9273 	EXP 	stimuli: autoDraw = True
445.5934 	DATA 	Keypress: left
445.6028 	EXP 	New trial (rep=2, index=34): OrderedDict([('word', u'green'), ('color', u'green'), ('congruent', 1), ('corrAns', u'down')])
445.7175 	EXP 	stimuli: autoDraw = False
445.7175 	EXP 	hint: autoDraw = False
445.7175 	EXP 	stimuli: color = u'green (named)'
445.7175 	EXP 	stimuli: text = u'green'
445.7175 	EXP 	hint: autoDraw = True
446.1263 	EXP 	stimuli: autoDraw = True
446.6753 	DATA 	Keypress: down
446.6843 	EXP 	New trial (rep=2, index=35): OrderedDict([('word', u'blue'), ('color', u'blue'), ('congruent', 1), ('corrAns', u'right')])
446.7873 	EXP 	stimuli: autoDraw = False
446.7873 	EXP 	hint: autoDraw = False
446.7873 	EXP 	stimuli: color = u'blue (named)'
446.7873 	EXP 	stimuli: text = u'blue'
446.7873 	EXP 	hint: autoDraw = True
447.2076 	EXP 	stimuli: autoDraw = True
447.7578 	DATA 	Keypress: right
447.7669 	EXP 	New trial (rep=2, index=36): OrderedDict([('word', u'red'), ('color', u'blue'), ('congruent', 0), ('corrAns', u'right')])
447.8595 	EXP 	stimuli: autoDraw = False
447.8595 	EXP 	hint: autoDraw = False
447.8595 	EXP 	stimuli: color = u'blue (named)'
447.8595 	EXP 	stimuli: text = u'red'
447.8595 	EXP 	hint: autoDraw = True
448.2894 	EXP 	stimuli: autoDraw = True
448.7726 	DATA 	Keypress: right
448.7817 	EXP 	New trial (rep=2, index=37): OrderedDict([('word', u'red'), ('color', u'green'), ('congruent', 0), ('corrAns', u'down')])
448.7952 	EXP 	stimuli: autoDraw = False
448.7952 	EXP 	hint: autoDraw = False
448.7952 	EXP 	stimuli: color = u'green (named)'
448.7952 	EXP 	stimuli: text = u'red'
448.7952 	EXP 	hint: autoDraw = True
449.3037 	EXP 	stimuli: autoDraw = True
449.9541 	DATA 	Keypress: down
449.9632 	EXP 	New trial (rep=2, index=38): OrderedDict([('word', u'red'), ('color', u'red'), ('congruent', 1), ('corrAns', u'left')])
449.9758 	EXP 	stimuli: autoDraw = False
449.9758 	EXP 	hint: autoDraw = False
449.9758 	EXP 	stimuli: color = u'red (named)'
449.9758 	EXP 	stimuli: text = u'red'
449.9758 	EXP 	hint: autoDraw = True
450.4855 	EXP 	stimuli: autoDraw = True
450.9861 	DATA 	Keypress: left
450.9952 	EXP 	New trial (rep=2, index=39): OrderedDict([('word', u'blue'), ('color', u'blue'), ('congruent', 1), ('corrAns', u'right')])
451.0989 	EXP 	stimuli: autoDraw = False
451.0989 	EXP 	hint: autoDraw = False
451.0989 	EXP 	stimuli: color = u'blue (named)'
451.0989 	EXP 	stimuli: text = u'blue'
451.0989 	EXP 	hint: autoDraw = True
451.5185 	EXP 	stimuli: autoDraw = True
452.2579 	DATA 	Keypress: right
452.2762 	EXP 	New trial (rep=2, index=40): OrderedDict([('word', u'red'), ('color', u'red'), ('congruent', 1), ('corrAns', u'left')])
452.3693 	EXP 	stimuli: autoDraw = False
452.3693 	EXP 	hint: autoDraw = False
452.3693 	EXP 	stimuli: color = u'red (named)'
452.3693 	EXP 	stimuli: text = u'red'
452.3693 	EXP 	hint: autoDraw = True
452.8003 	EXP 	stimuli: autoDraw = True
453.8225 	DATA 	Keypress: left
453.8409 	EXP 	New trial (rep=2, index=41): OrderedDict([('word', u'green'), ('color', u'red'), ('congruent', 0), ('corrAns', u'left')])
453.9567 	EXP 	stimuli: autoDraw = False
453.9567 	EXP 	hint: autoDraw = False
453.9567 	EXP 	stimuli: color = u'red (named)'
453.9567 	EXP 	stimuli: text = u'green'
453.9567 	EXP 	hint: autoDraw = True
454.3648 	EXP 	stimuli: autoDraw = True
455.2475 	DATA 	Keypress: left
455.2570 	EXP 	New trial (rep=2, index=42): OrderedDict([('word', u'blue'), ('color', u'red'), ('congruent', 0), ('corrAns', u'left')])
455.3614 	EXP 	stimuli: autoDraw = False
455.3614 	EXP 	hint: autoDraw = False
455.3614 	EXP 	stimuli: color = u'red (named)'
455.3614 	EXP 	stimuli: text = u'blue'
455.3614 	EXP 	hint: autoDraw = True
455.7795 	EXP 	stimuli: autoDraw = True
456.4964 	DATA 	Keypress: left
456.5059 	EXP 	New trial (rep=2, index=43): OrderedDict([('word', u'red'), ('color', u'red'), ('congruent', 1), ('corrAns', u'left')])
456.5998 	EXP 	stimuli: autoDraw = False
456.5998 	EXP 	hint: autoDraw = False
456.5998 	EXP 	stimuli: color = u'red (named)'
456.5998 	EXP 	stimuli: text = u'red'
456.5998 	EXP 	hint: autoDraw = True
457.0281 	EXP 	stimuli: autoDraw = True
457.4450 	DATA 	Keypress: left
457.4541 	EXP 	New trial (rep=2, index=44): OrderedDict([('word', u'blue'), ('color', u'blue'), ('congruent', 1), ('corrAns', u'right')])
457.5581 	EXP 	stimuli: autoDraw = False
457.5581 	EXP 	hint: autoDraw = False
457.5581 	EXP 	stimuli: color = u'blue (named)'
457.5581 	EXP 	stimuli: text = u'blue'
457.5581 	EXP 	hint: autoDraw = True
457.9767 	EXP 	stimuli: autoDraw = True
458.6766 	DATA 	Keypress: right
458.6857 	EXP 	New trial (rep=3, index=0): OrderedDict([('word', u'blue'), ('color', u'blue'), ('congruent', 1), ('corrAns', u'right')])
458.6989 	EXP 	stimuli: autoDraw = False
458.6989 	EXP 	hint: autoDraw = False
458.6989 	EXP 	stimuli: color = u'blue (named)'
458.6989 	EXP 	stimuli: text = u'blue'
458.6989 	EXP 	hint: autoDraw = True
459.2076 	EXP 	stimuli: autoDraw = True
459.5918 	DATA 	Keypress: right
459.6012 	EXP 	New trial (rep=3, index=1): OrderedDict([('word', u'green'), ('color', u'blue'), ('congruent', 0), ('corrAns', u'right')])
459.7165 	EXP 	stimuli: autoDraw = False
459.7165 	EXP 	hint: autoDraw = False
459.7165 	EXP 	stimuli: color = u'blue (named)'
459.7165 	EXP 	stimuli: text = u'green'
459.7165 	EXP 	hint: autoDraw = True
460.1241 	EXP 	stimuli: autoDraw = True
460.5737 	DATA 	Keypress: right
460.5827 	EXP 	New trial (rep=3, index=2): OrderedDict([('word', u'blue'), ('color', u'blue'), ('congruent', 1), ('corrAns', u'right')])
460.6856 	EXP 	stimuli: autoDraw = False
460.6856 	EXP 	hint: autoDraw = False
460.6856 	EXP 	stimuli: color = u'blue (named)'
460.6856 	EXP 	stimuli: text = u'blue'
460.6856 	EXP 	hint: autoDraw = True
461.1060 	EXP 	stimuli: autoDraw = True
461.4734 	DATA 	Keypress: right
461.4824 	EXP 	New trial (rep=3, index=3): OrderedDict([('word', u'blue'), ('color', u'red'), ('congruent', 0), ('corrAns', u'left')])
461.4953 	EXP 	stimuli: autoDraw = False
461.4953 	EXP 	hint: autoDraw = False
461.4953 	EXP 	stimuli: color = u'red (named)'
461.4953 	EXP 	stimuli: text = u'blue'
461.4953 	EXP 	hint: autoDraw = True
462.0038 	EXP 	stimuli: autoDraw = True
462.6443 	DATA 	Keypress: left
462.6627 	EXP 	New trial (rep=3, index=4): OrderedDict([('word', u'green'), ('color', u'green'), ('congruent', 1), ('corrAns', u'down')])
462.7770 	EXP 	stimuli: autoDraw = False
462.7770 	EXP 	hint: autoDraw = False
462.7770 	EXP 	stimuli: color = u'green (named)'
462.7770 	EXP 	stimuli: text = u'green'
462.7770 	EXP 	hint: autoDraw = True
463.1870 	EXP 	stimuli: autoDraw = True
463.7542 	DATA 	Keypress: down
463.7633 	EXP 	New trial (rep=3, index=5): OrderedDict([('word', u'blue'), ('color', u'blue'), ('congruent', 1), ('corrAns', u'right')])
463.8682 	EXP 	stimuli: autoDraw = False
463.8682 	EXP 	hint: autoDraw = False
463.8682 	EXP 	stimuli: color = u'blue (named)'
463.8682 	EXP 	stimuli: text = u'blue'
463.8682 	EXP 	hint: autoDraw = True
464.2854 	EXP 	stimuli: autoDraw = True
464.8412 	DATA 	Keypress: right
464.8598 	EXP 	New trial (rep=3, index=6): OrderedDict([('word', u'green'), ('color', u'green'), ('congruent', 1), ('corrAns', u'down')])
464.9742 	EXP 	stimuli: autoDraw = False
464.9742 	EXP 	hint: autoDraw = False
464.9742 	EXP 	stimuli: color = u'green (named)'
464.9742 	EXP 	stimuli: text = u'green'
464.9742 	EXP 	hint: autoDraw = True
465.3838 	EXP 	stimuli: autoDraw = True
466.0398 	DATA 	Keypress: down
466.0584 	EXP 	New trial (rep=3, index=7): OrderedDict([('word', u'red'), ('color', u'red'), ('congruent', 1), ('corrAns', u'left')])
466.1569 	EXP 	stimuli: autoDraw = False
466.1569 	EXP 	hint: autoDraw = False
466.1569 	EXP 	stimuli: color = u'red (named)'
466.1569 	EXP 	stimuli: text = u'red'
466.1569 	EXP 	hint: autoDraw = True
466.5827 	EXP 	stimuli: autoDraw = True
467.1492 	DATA 	Keypress: left
467.1583 	EXP 	New trial (rep=3, index=8): OrderedDict([('word', u'red'), ('color', u'red'), ('congruent', 1), ('corrAns', u'left')])
467.1716 	EXP 	stimuli: autoDraw = False
467.1716 	EXP 	hint: autoDraw = False
467.1716 	EXP 	stimuli: color = u'red (named)'
467.1716 	EXP 	stimuli: text = u'red'
467.1716 	EXP 	hint: autoDraw = True
467.6798 	EXP 	stimuli: autoDraw = True
468.0812 	DATA 	Keypress: left
468.0903 	EXP 	New trial (rep=3, index=9): OrderedDict([('word', u'blue'), ('color', u'blue'), ('congruent', 1), ('corrAns', u'right')])
468.1957 	EXP 	stimuli: autoDraw = False
468.1957 	EXP 	hint: autoDraw = False
468.1957 	EXP 	stimuli: color = u'blue (named)'
468.1957 	EXP 	stimuli: text = u'blue'
468.1957 	EXP 	hint: autoDraw = True
468.6130 	EXP 	stimuli: autoDraw = True
469.4850 	DATA 	Keypress: right
469.5038 	EXP 	New trial (rep=3, index=10): OrderedDict([('word', u'red'), ('color', u'red'), ('congruent', 1), ('corrAns', u'left')])
469.5969 	EXP 	stimuli: autoDraw = False
469.5969 	EXP 	hint: autoDraw = False
469.5969 	EXP 	stimuli: color = u'red (named)'
469.5969 	EXP 	stimuli: text = u'red'
469.5969 	EXP 	hint: autoDraw = True
470.0280 	EXP 	stimuli: autoDraw = True
470.6108 	DATA 	Keypress: left
470.6203 	EXP 	New trial (rep=3, index=11): OrderedDict([('word', u'blue'), ('color', u'blue'), ('congruent', 1), ('corrAns', u'right')])
470.7241 	EXP 	stimuli: autoDraw = False
470.7241 	EXP 	hint: autoDraw = False
470.7241 	EXP 	stimuli: color = u'blue (named)'
470.7241 	EXP 	stimuli: text = u'blue'
470.7241 	EXP 	hint: autoDraw = True
471.1430 	EXP 	stimuli: autoDraw = True
472.0654 	DATA 	Keypress: right
472.0840 	EXP 	New trial (rep=3, index=12): OrderedDict([('word', u'green'), ('color', u'green'), ('congruent', 1), ('corrAns', u'down')])
472.1995 	EXP 	stimuli: autoDraw = False
472.1995 	EXP 	hint: autoDraw = False
472.1995 	EXP 	stimuli: color = u'green (named)'
472.1995 	EXP 	stimuli: text = u'green'
472.1995 	EXP 	hint: autoDraw = True
472.6077 	EXP 	stimuli: autoDraw = True
473.8634 	DATA 	Keypress: down
473.8817 	EXP 	New trial (rep=3, index=13): OrderedDict([('word', u'red'), ('color', u'red'), ('congruent', 1), ('corrAns', u'left')])
473.9783 	EXP 	stimuli: autoDraw = False
473.9783 	EXP 	hint: autoDraw = False
473.9783 	EXP 	stimuli: color = u'red (named)'
473.9783 	EXP 	stimuli: text = u'red'
473.9783 	EXP 	hint: autoDraw = True
474.4056 	EXP 	stimuli: autoDraw = True
474.9887 	DATA 	Keypress: left
474.9977 	EXP 	New trial (rep=3, index=14): OrderedDict([('word', u'blue'), ('color', u'red'), ('congruent', 0), ('corrAns', u'left')])
475.1019 	EXP 	stimuli: autoDraw = False
475.1019 	EXP 	hint: autoDraw = False
475.1019 	EXP 	stimuli: color = u'red (named)'
475.1019 	EXP 	stimuli: text = u'blue'
475.1019 	EXP 	hint: autoDraw = True
475.5205 	EXP 	stimuli: autoDraw = True
476.0270 	DATA 	Keypress: left
476.0454 	EXP 	New trial (rep=3, index=15): OrderedDict([('word', u'red'), ('color', u'red'), ('congruent', 1), ('corrAns', u'left')])
476.1457 	EXP 	stimuli: autoDraw = False
476.1457 	EXP 	hint: autoDraw = False
476.1457 	EXP 	stimuli: color = u'red (named)'
476.1457 	EXP 	stimuli: text = u'red'
476.1457 	EXP 	hint: autoDraw = True
476.5693 	EXP 	stimuli: autoDraw = True
476.9695 	DATA 	Keypress: left
476.9786 	EXP 	New trial (rep=3, index=16): OrderedDict([('word', u'red'), ('color', u'red'), ('congruent', 1), ('corrAns', u'left')])
476.9920 	EXP 	stimuli: autoDraw = False
476.9920 	EXP 	hint: autoDraw = False
476.9920 	EXP 	stimuli: color = u'red (named)'
476.9920 	EXP 	stimuli: text = u'red'
476.9920 	EXP 	hint: autoDraw = True
477.5003 	EXP 	stimuli: autoDraw = True
477.8362 	DATA 	Keypress: left
477.8457 	EXP 	New trial (rep=3, index=17): OrderedDict([('word', u'green'), ('color', u'green'), ('congruent', 1), ('corrAns', u'down')])
477.9610 	EXP 	stimuli: autoDraw = False
477.9610 	EXP 	hint: autoDraw = False
477.9610 	EXP 	stimuli: color = u'green (named)'
477.9610 	EXP 	stimuli: text = u'green'
477.9610 	EXP 	hint: autoDraw = True
478.3668 	EXP 	stimuli: autoDraw = True
479.0779 	DATA 	Keypress: down
479.0967 	EXP 	New trial (rep=3, index=18): OrderedDict([('word', u'red'), ('color', u'red'), ('congruent', 1), ('corrAns', u'left')])
479.1915 	EXP 	stimuli: autoDraw = False
479.1915 	EXP 	hint: autoDraw = False
479.1915 	EXP 	stimuli: color = u'red (named)'
479.1915 	EXP 	stimuli: text = u'red'
479.1915 	EXP 	hint: autoDraw = True
479.6153 	EXP 	stimuli: autoDraw = True
480.3481 	DATA 	Keypress: left
480.3572 	EXP 	New trial (rep=3, index=19): OrderedDict([('word', u'blue'), ('color', u'blue'), ('congruent', 1), ('corrAns', u'right')])
480.4608 	EXP 	stimuli: autoDraw = False
480.4608 	EXP 	hint: autoDraw = False
480.4608 	EXP 	stimuli: color = u'blue (named)'
480.4608 	EXP 	stimuli: text = u'blue'
480.4608 	EXP 	hint: autoDraw = True
480.8804 	EXP 	stimuli: autoDraw = True
481.6131 	DATA 	Keypress: right
481.6222 	EXP 	New trial (rep=3, index=20): OrderedDict([('word', u'blue'), ('color', u'blue'), ('congruent', 1), ('corrAns', u'right')])
481.6352 	EXP 	stimuli: autoDraw = False
481.6352 	EXP 	hint: autoDraw = False
481.6352 	EXP 	stimuli: color = u'blue (named)'
481.6352 	EXP 	stimuli: text = u'blue'
481.6352 	EXP 	hint: autoDraw = True
482.1444 	EXP 	stimuli: autoDraw = True
483.0627 	DATA 	Keypress: right
483.0719 	EXP 	New trial (rep=3, index=21): OrderedDict([('word', u'blue'), ('color', u'blue'), ('congruent', 1), ('corrAns', u'right')])
483.0845 	EXP 	stimuli: autoDraw = False
483.0845 	EXP 	hint: autoDraw = False
483.0845 	EXP 	stimuli: color = u'blue (named)'
483.0845 	EXP 	stimuli: text = u'blue'
483.0845 	EXP 	hint: autoDraw = True
483.5924 	EXP 	stimuli: autoDraw = True
484.1661 	DATA 	Keypress: right
484.1846 	EXP 	New trial (rep=3, index=22): OrderedDict([('word', u'red'), ('color', u'red'), ('congruent', 1), ('corrAns', u'left')])
484.2776 	EXP 	stimuli: autoDraw = False
484.2776 	EXP 	hint: autoDraw = False
484.2776 	EXP 	stimuli: color = u'red (named)'
484.2776 	EXP 	stimuli: text = u'red'
484.2776 	EXP 	hint: autoDraw = True
484.7088 	EXP 	stimuli: autoDraw = True
485.3315 	DATA 	Keypress: left
485.3501 	EXP 	New trial (rep=3, index=23): OrderedDict([('word', u'red'), ('color', u'red'), ('congruent', 1), ('corrAns', u'left')])
485.3628 	EXP 	stimuli: autoDraw = False
485.3628 	EXP 	hint: autoDraw = False
485.3628 	EXP 	stimuli: color = u'red (named)'
485.3628 	EXP 	stimuli: text = u'red'
485.3628 	EXP 	hint: autoDraw = True
485.8730 	EXP 	stimuli: autoDraw = True
486.3140 	DATA 	Keypress: left
486.3326 	EXP 	New trial (rep=3, index=24): OrderedDict([('word', u'blue'), ('color', u'blue'), ('congruent', 1), ('corrAns', u'right')])
486.4405 	EXP 	stimuli: autoDraw = False
486.4405 	EXP 	hint: autoDraw = False
486.4405 	EXP 	stimuli: color = u'blue (named)'
486.4405 	EXP 	stimuli: text = u'blue'
486.4405 	EXP 	hint: autoDraw = True
486.8558 	EXP 	stimuli: autoDraw = True
487.7888 	DATA 	Keypress: right
487.7979 	EXP 	New trial (rep=3, index=25): OrderedDict([('word', u'green'), ('color', u'green'), ('congruent', 1), ('corrAns', u'down')])
487.9128 	EXP 	stimuli: autoDraw = False
487.9128 	EXP 	hint: autoDraw = False
487.9128 	EXP 	stimuli: color = u'green (named)'
487.9128 	EXP 	stimuli: text = u'green'
487.9128 	EXP 	hint: autoDraw = True
488.3206 	EXP 	stimuli: autoDraw = True
488.9267 	DATA 	Keypress: down
488.9454 	EXP 	New trial (rep=3, index=26): OrderedDict([('word', u'green'), ('color', u'green'), ('congruent', 1), ('corrAns', u'down')])
488.9582 	EXP 	stimuli: autoDraw = False
488.9582 	EXP 	hint: autoDraw = False
488.9582 	EXP 	stimuli: color = u'green (named)'
488.9582 	EXP 	stimuli: text = u'green'
488.9582 	EXP 	hint: autoDraw = True
489.4680 	EXP 	stimuli: autoDraw = True
489.9355 	DATA 	Keypress: down
489.9447 	EXP 	New trial (rep=3, index=27): OrderedDict([('word', u'red'), ('color', u'red'), ('congruent', 1), ('corrAns', u'left')])
490.0369 	EXP 	stimuli: autoDraw = False
490.0369 	EXP 	hint: autoDraw = False
490.0369 	EXP 	stimuli: color = u'red (named)'
490.0369 	EXP 	stimuli: text = u'red'
490.0369 	EXP 	hint: autoDraw = True
490.4682 	EXP 	stimuli: autoDraw = True
491.1341 	DATA 	Keypress: left
491.1435 	EXP 	New trial (rep=3, index=28): OrderedDict([('word', u'green'), ('color', u'green'), ('congruent', 1), ('corrAns', u'down')])
491.2585 	EXP 	stimuli: autoDraw = False
491.2585 	EXP 	hint: autoDraw = False
491.2585 	EXP 	stimuli: color = u'green (named)'
491.2585 	EXP 	stimuli: text = u'green'
491.2585 	EXP 	hint: autoDraw = True
491.6661 	EXP 	stimuli: autoDraw = True
492.4723 	DATA 	Keypress: right
492.4911 	EXP 	New trial (rep=3, index=29): OrderedDict([('word', u'green'), ('color', u'green'), ('congruent', 1), ('corrAns', u'down')])
492.5044 	EXP 	stimuli: autoDraw = False
492.5044 	EXP 	hint: autoDraw = False
492.5044 	EXP 	stimuli: color = u'green (named)'
492.5044 	EXP 	stimuli: text = u'green'
492.5044 	EXP 	hint: autoDraw = True
493.0137 	EXP 	stimuli: autoDraw = True
494.0309 	DATA 	Keypress: down
494.0401 	EXP 	New trial (rep=3, index=30): OrderedDict([('word', u'blue'), ('color', u'blue'), ('congruent', 1), ('corrAns', u'right')])
494.1446 	EXP 	stimuli: autoDraw = False
494.1446 	EXP 	hint: autoDraw = False
494.1446 	EXP 	stimuli: color = u'blue (named)'
494.1446 	EXP 	stimuli: text = u'blue'
494.1446 	EXP 	hint: autoDraw = True
494.5629 	EXP 	stimuli: autoDraw = True
495.0352 	DATA 	Keypress: right
495.0541 	EXP 	New trial (rep=3, index=31): OrderedDict([('word', u'blue'), ('color', u'blue'), ('congruent', 1), ('corrAns', u'right')])
495.0667 	EXP 	stimuli: autoDraw = False
495.0667 	EXP 	hint: autoDraw = False
495.0667 	EXP 	stimuli: color = u'blue (named)'
495.0667 	EXP 	stimuli: text = u'blue'
495.0667 	EXP 	hint: autoDraw = True
495.5768 	EXP 	stimuli: autoDraw = True
495.9616 	DATA 	Keypress: right
495.9707 	EXP 	New trial (rep=3, index=32): OrderedDict([('word', u'red'), ('color', u'green'), ('congruent', 0), ('corrAns', u'down')])
496.0658 	EXP 	stimuli: autoDraw = False
496.0658 	EXP 	hint: autoDraw = False
496.0658 	EXP 	stimuli: color = u'green (named)'
496.0658 	EXP 	stimuli: text = u'red'
496.0658 	EXP 	hint: autoDraw = True
496.4934 	EXP 	stimuli: autoDraw = True
497.1096 	DATA 	Keypress: down
497.1190 	EXP 	New trial (rep=3, index=33): OrderedDict([('word', u'red'), ('color', u'red'), ('congruent', 1), ('corrAns', u'left')])
497.1323 	EXP 	stimuli: autoDraw = False
497.1323 	EXP 	hint: autoDraw = False
497.1323 	EXP 	stimuli: color = u'red (named)'
497.1323 	EXP 	stimuli: text = u'red'
497.1323 	EXP 	hint: autoDraw = True
497.6407 	EXP 	stimuli: autoDraw = True
500.8775 	DATA 	Keypress: left
500.8964 	EXP 	New trial (rep=3, index=34): OrderedDict([('word', u'green'), ('color', u'green'), ('congruent', 1), ('corrAns', u'down')])
501.0118 	EXP 	stimuli: autoDraw = False
501.0118 	EXP 	hint: autoDraw = False
501.0118 	EXP 	stimuli: color = u'green (named)'
501.0118 	EXP 	stimuli: text = u'green'
501.0118 	EXP 	hint: autoDraw = True
501.4233 	EXP 	stimuli: autoDraw = True
501.9532 	DATA 	Keypress: down
501.9625 	EXP 	New trial (rep=3, index=35): OrderedDict([('word', u'green'), ('color', u'blue'), ('congruent', 0), ('corrAns', u'right')])
501.9751 	EXP 	stimuli: autoDraw = False
501.9751 	EXP 	hint: autoDraw = False
501.9751 	EXP 	stimuli: color = u'blue (named)'
501.9751 	EXP 	stimuli: text = u'green'
501.9751 	EXP 	hint: autoDraw = True
502.4844 	EXP 	stimuli: autoDraw = True
503.5413 	DATA 	Keypress: right
503.5599 	EXP 	New trial (rep=3, index=36): OrderedDict([('word', u'green'), ('color', u'green'), ('congruent', 1), ('corrAns', u'down')])
503.5726 	EXP 	stimuli: autoDraw = False
503.5726 	EXP 	hint: autoDraw = False
503.5726 	EXP 	stimuli: color = u'green (named)'
503.5726 	EXP 	stimuli: text = u'green'
503.5726 	EXP 	hint: autoDraw = True
504.0827 	EXP 	stimuli: autoDraw = True
504.6498 	DATA 	Keypress: down
504.6592 	EXP 	New trial (rep=3, index=37): OrderedDict([('word', u'blue'), ('color', u'green'), ('congruent', 0), ('corrAns', u'down')])
504.7632 	EXP 	stimuli: autoDraw = False
504.7632 	EXP 	hint: autoDraw = False
504.7632 	EXP 	stimuli: color = u'green (named)'
504.7632 	EXP 	stimuli: text = u'blue'
504.7632 	EXP 	hint: autoDraw = True
505.1819 	EXP 	stimuli: autoDraw = True
505.8660 	DATA 	Keypress: down
505.8751 	EXP 	New trial (rep=3, index=38): OrderedDict([('word', u'green'), ('color', u'red'), ('congruent', 0), ('corrAns', u'left')])
505.9916 	EXP 	stimuli: autoDraw = False
505.9916 	EXP 	hint: autoDraw = False
505.9916 	EXP 	stimuli: color = u'red (named)'
505.9916 	EXP 	stimuli: text = u'green'
505.9916 	EXP 	hint: autoDraw = True
506.3971 	EXP 	stimuli: autoDraw = True
506.9864 	DATA 	Keypress: left
507.0048 	EXP 	New trial (rep=3, index=39): OrderedDict([('word', u'green'), ('color', u'green'), ('congruent', 1), ('corrAns', u'down')])
507.0177 	EXP 	stimuli: autoDraw = False
507.0177 	EXP 	hint: autoDraw = False
507.0177 	EXP 	stimuli: color = u'green (named)'
507.0177 	EXP 	stimuli: text = u'green'
507.0177 	EXP 	hint: autoDraw = True
507.5279 	EXP 	stimuli: autoDraw = True
508.0951 	DATA 	Keypress: down
508.1042 	EXP 	New trial (rep=3, index=40): OrderedDict([('word', u'red'), ('color', u'green'), ('congruent', 0), ('corrAns', u'down')])
508.1995 	EXP 	stimuli: autoDraw = False
508.1995 	EXP 	hint: autoDraw = False
508.1995 	EXP 	stimuli: color = u'green (named)'
508.1995 	EXP 	stimuli: text = u'red'
508.1995 	EXP 	hint: autoDraw = True
508.6279 	EXP 	stimuli: autoDraw = True
509.1110 	DATA 	Keypress: down
509.1203 	EXP 	New trial (rep=3, index=41): OrderedDict([('word', u'blue'), ('color', u'blue'), ('congruent', 1), ('corrAns', u'right')])
509.2238 	EXP 	stimuli: autoDraw = False
509.2238 	EXP 	hint: autoDraw = False
509.2238 	EXP 	stimuli: color = u'blue (named)'
509.2238 	EXP 	stimuli: text = u'blue'
509.2238 	EXP 	hint: autoDraw = True
509.6429 	EXP 	stimuli: autoDraw = True
510.2819 	DATA 	Keypress: right
510.3006 	EXP 	New trial (rep=3, index=42): OrderedDict([('word', u'green'), ('color', u'green'), ('congruent', 1), ('corrAns', u'down')])
510.4156 	EXP 	stimuli: autoDraw = False
510.4156 	EXP 	hint: autoDraw = False
510.4156 	EXP 	stimuli: color = u'green (named)'
510.4156 	EXP 	stimuli: text = u'green'
510.4156 	EXP 	hint: autoDraw = True
510.8245 	EXP 	stimuli: autoDraw = True
511.4075 	DATA 	Keypress: down
511.4167 	EXP 	New trial (rep=3, index=43): OrderedDict([('word', u'red'), ('color', u'blue'), ('congruent', 0), ('corrAns', u'right')])
511.5107 	EXP 	stimuli: autoDraw = False
511.5107 	EXP 	hint: autoDraw = False
511.5107 	EXP 	stimuli: color = u'blue (named)'
511.5107 	EXP 	stimuli: text = u'red'
511.5107 	EXP 	hint: autoDraw = True
511.9402 	EXP 	stimuli: autoDraw = True
512.9389 	DATA 	Keypress: right
512.9481 	EXP 	New trial (rep=3, index=44): OrderedDict([('word', u'red'), ('color', u'red'), ('congruent', 1), ('corrAns', u'left')])
512.9610 	EXP 	stimuli: autoDraw = False
512.9610 	EXP 	hint: autoDraw = False
512.9610 	EXP 	stimuli: color = u'red (named)'
512.9610 	EXP 	stimuli: text = u'red'
512.9610 	EXP 	hint: autoDraw = True
513.4701 	EXP 	stimuli: autoDraw = True
514.2038 	DATA 	Keypress: left
515.7428 	DATA 	Keypress: left
515.7518 	EXP 	stimuli: autoDraw = False
515.7518 	EXP 	hint: autoDraw = False
515.7518 	EXP 	text_2: autoDraw = True
518.4144 	DATA 	Keypress: space
521.5986 	EXP 	window1: mouseVisible = True
