63.9324 	EXP 	Created window1 = Window(allowGUI=False, allowStencil=False, args=UNKNOWN, autoLog=True, bitsMode=UNKNOWN, blendMode='avg', color=array([-1., -1., -1.]), colorSpace='rgb', fullscr=UNKNOWN, gamma=None, kwargs=UNKNOWN, lms=UNKNOWN, monitor=<psychopy.monitors.calibTools.Monitor object at 0x1A8D7910>, multiSample=False, name='window1', numSamples=2, pos=[0, 0], screen=0, size=array([1366,  768]), stereo=False, units='norm', useFBO=True, useRetina=False, viewOri=0.0, viewPos=None, viewScale=None, waitBlanking=True, winType=u'pyglet')
63.9331 	EXP 	window1: recordFrameIntervals = False
64.0909 	EXP 	window1: recordFrameIntervals = True
64.2749 	EXP 	window1: recordFrameIntervals = False
72.6299 	EXP 	Created instr = TextStim(alignHoriz='center', alignVert='center', antialias=True, autoLog=True, bold=False, color=array([ 1.,  1.,  1.]), colorSpace='rgb', contrast=1.0, depth=0.0, flipHoriz=False, flipVert=False, font='Arial', fontFiles=[], height=28, italic=False, name='instr', opacity=1.0, ori=0, pos=array([ 0.,  0.]), rgb=array([ 1.,  1.,  1.]), text=newstr(...), units='pix', win=Window(...), wrapWidth=900)
73.2754 	EXP 	Created stimuli = TextStim(alignHoriz='center', alignVert='center', antialias=True, autoLog=True, bold=False, color=array([ 1.,  1.,  1.]), colorSpace='rgb', contrast=1.0, depth=0.0, flipHoriz=False, flipVert=False, font='Arial', fontFiles=[], height=0.2, italic=False, name='stimuli', opacity=1.0, ori=0, pos=array([ 0.,  0.]), rgb=array([ 1.,  1.,  1.]), text='default text', units='norm', win=Window(...), wrapWidth=1)
74.2277 	EXP 	Created hint = TextStim(alignHoriz='center', alignVert='center', antialias=True, autoLog=True, bold=False, color='white', colorSpace='named', contrast=1.0, depth=-2.0, flipHoriz=False, flipVert=False, font='Arial', fontFiles=[], height=0.07, italic=False, name='hint', opacity=1.0, ori=0, pos=array([ 0. ,  0.7]), rgb=array([ 255.,  255.,  255.]), text='left => red    down => green   right = blue', units='norm', win=Window(...), wrapWidth=1)
74.7222 	EXP 	Created msgFeedback = TextStim(alignHoriz='center', alignVert='center', antialias=True, autoLog=True, bold=False, color=array([ 1.,  1.,  1.]), colorSpace='rgb', contrast=1.0, depth=-1.0, flipHoriz=False, flipVert=False, font='Arial', fontFiles=[], height=0.1, italic=False, name='msgFeedback', opacity=1.0, ori=0, pos=array([ 0.,  0.]), rgb=array([ 1.,  1.,  1.]), text='default text', units='norm', win=Window(...), wrapWidth=1)
78.9187 	EXP 	Created text = TextStim(alignHoriz='center', alignVert='center', antialias=True, autoLog=True, bold=False, color='white', colorSpace='named', contrast=1.0, depth=0.0, flipHoriz=False, flipVert=False, font='Arial', fontFiles=[], height=28, italic=False, name='text', opacity=1.0, ori=0, pos=array([ 0.,  0.]), rgb=array([ 255.,  255.,  255.]), text=newstr(...), units='pix', win=Window(...), wrapWidth=900)
79.2224 	EXP 	Created stimuli = TextStim(alignHoriz='center', alignVert='center', antialias=True, autoLog=True, bold=False, color=array([ 1.,  1.,  1.]), colorSpace='rgb', contrast=1.0, depth=0.0, flipHoriz=False, flipVert=False, font='Arial', fontFiles=[], height=0.2, italic=False, name='stimuli', opacity=1.0, ori=0, pos=array([ 0.,  0.]), rgb=array([ 1.,  1.,  1.]), text='default text', units='norm', win=Window(...), wrapWidth=1)
79.9907 	EXP 	Created hint = TextStim(alignHoriz='center', alignVert='center', antialias=True, autoLog=True, bold=False, color='white', colorSpace='named', contrast=1.0, depth=-2.0, flipHoriz=False, flipVert=False, font='Arial', fontFiles=[], height=0.07, italic=False, name='hint', opacity=1.0, ori=0, pos=array([ 0. ,  0.7]), rgb=array([ 255.,  255.,  255.]), text='left => red    down => green   right = blue', units='norm', win=Window(...), wrapWidth=1)
81.3658 	EXP 	Created text_2 = TextStim(alignHoriz='center', alignVert='center', antialias=True, autoLog=True, bold=False, color='white', colorSpace='named', contrast=1.0, depth=0.0, flipHoriz=False, flipVert=False, font='Arial', fontFiles=[], height=28, italic=False, name='text_2', opacity=1.0, ori=0, pos=array([ 0.,  0.]), rgb=array([ 255.,  255.,  255.]), text=newstr(...), units='pix', win=Window(...), wrapWidth=900)
81.3919 	EXP 	instr: autoDraw = True
171.3748 	DATA 	Keypress: space
171.6708 	EXP 	Imported pract_conditions.xlsx as conditions, 12 conditions, 4 params
171.6761 	EXP 	Created sequence: random, trialTypes=12, nReps=2, seed=None
171.6813 	EXP 	New trial (rep=0, index=0): OrderedDict([('word', u'green'), ('color', u'green'), ('congruent', 1), ('corrAns', u'down')])
171.8907 	EXP 	instr: autoDraw = False
171.8907 	EXP 	stimuli: color = u'green (named)'
171.8907 	EXP 	stimuli: text = u'green'
171.8907 	EXP 	hint: autoDraw = True
172.2046 	EXP 	stimuli: autoDraw = True
174.8442 	DATA 	Keypress: down
175.3198 	EXP 	stimuli: autoDraw = False
175.3198 	EXP 	hint: autoDraw = False
175.3198 	EXP 	msgFeedback: text = 'Correct! RT=2.641'
175.3198 	EXP 	msgFeedback: autoDraw = True
176.3507 	EXP 	New trial (rep=0, index=1): OrderedDict([('word', u'green'), ('color', u'green'), ('congruent', 1), ('corrAns', u'down')])
176.3666 	EXP 	msgFeedback: autoDraw = False
176.3666 	EXP 	msgFeedback: autoDraw = False
176.3666 	EXP 	stimuli: color = u'green (named)'
176.3666 	EXP 	stimuli: text = u'green'
176.3666 	EXP 	hint: autoDraw = True
176.8812 	EXP 	stimuli: autoDraw = True
179.2288 	DATA 	Keypress: down
179.6357 	EXP 	stimuli: autoDraw = False
179.6357 	EXP 	hint: autoDraw = False
179.6357 	EXP 	msgFeedback: text = 'Correct! RT=2.349'
179.6357 	EXP 	msgFeedback: autoDraw = True
180.7448 	EXP 	New trial (rep=0, index=2): OrderedDict([('word', u'green'), ('color', u'blue'), ('congruent', 0), ('corrAns', u'right')])
180.7615 	EXP 	msgFeedback: autoDraw = False
180.7615 	EXP 	stimuli: color = u'blue (named)'
180.7615 	EXP 	stimuli: text = u'green'
180.7615 	EXP 	hint: autoDraw = True
181.2763 	EXP 	stimuli: autoDraw = True
182.7330 	DATA 	Keypress: right
183.1808 	EXP 	stimuli: autoDraw = False
183.1808 	EXP 	hint: autoDraw = False
183.1808 	EXP 	msgFeedback: text = 'Correct! RT=1.468'
183.1808 	EXP 	msgFeedback: autoDraw = True
184.2614 	EXP 	New trial (rep=0, index=3): OrderedDict([('word', u'blue'), ('color', u'green'), ('congruent', 0), ('corrAns', u'down')])
184.4466 	EXP 	msgFeedback: autoDraw = False
184.4466 	EXP 	msgFeedback: autoDraw = False
184.4466 	EXP 	stimuli: color = u'green (named)'
184.4466 	EXP 	stimuli: text = u'blue'
184.4466 	EXP 	hint: autoDraw = True
184.7931 	EXP 	stimuli: autoDraw = True
186.4352 	DATA 	Keypress: down
186.8216 	EXP 	stimuli: autoDraw = False
186.8216 	EXP 	hint: autoDraw = False
186.8216 	EXP 	msgFeedback: text = 'Correct! RT=1.643'
186.8216 	EXP 	msgFeedback: autoDraw = True
187.9513 	EXP 	New trial (rep=0, index=4): OrderedDict([('word', u'blue'), ('color', u'blue'), ('congruent', 1), ('corrAns', u'right')])
187.9687 	EXP 	msgFeedback: autoDraw = False
187.9687 	EXP 	stimuli: color = u'blue (named)'
187.9687 	EXP 	stimuli: text = u'blue'
187.9687 	EXP 	hint: autoDraw = True
188.4826 	EXP 	stimuli: autoDraw = True
189.6503 	DATA 	Keypress: right
190.0354 	EXP 	stimuli: autoDraw = False
190.0354 	EXP 	hint: autoDraw = False
190.0354 	EXP 	msgFeedback: text = 'Correct! RT=1.169'
190.0354 	EXP 	msgFeedback: autoDraw = True
191.1649 	EXP 	New trial (rep=0, index=5): OrderedDict([('word', u'red'), ('color', u'green'), ('congruent', 0), ('corrAns', u'down')])
191.3038 	EXP 	msgFeedback: autoDraw = False
191.3038 	EXP 	msgFeedback: autoDraw = False
191.3038 	EXP 	stimuli: color = u'green (named)'
191.3038 	EXP 	stimuli: text = u'red'
191.3038 	EXP 	hint: autoDraw = True
191.6965 	EXP 	stimuli: autoDraw = True
193.0257 	DATA 	Keypress: down
193.4202 	EXP 	stimuli: autoDraw = False
193.4202 	EXP 	hint: autoDraw = False
193.4202 	EXP 	msgFeedback: text = 'Correct! RT=1.339'
193.4202 	EXP 	msgFeedback: autoDraw = True
194.5435 	EXP 	New trial (rep=0, index=6): OrderedDict([('word', u'green'), ('color', u'red'), ('congruent', 0), ('corrAns', u'left')])
194.7117 	EXP 	msgFeedback: autoDraw = False
194.7117 	EXP 	msgFeedback: autoDraw = False
194.7117 	EXP 	stimuli: color = u'red (named)'
194.7117 	EXP 	stimuli: text = u'green'
194.7117 	EXP 	hint: autoDraw = True
195.0750 	EXP 	stimuli: autoDraw = True
196.0342 	DATA 	Keypress: left
196.4418 	EXP 	stimuli: autoDraw = False
196.4418 	EXP 	hint: autoDraw = False
196.4418 	EXP 	msgFeedback: text = 'Correct! RT=0.969'
196.4418 	EXP 	msgFeedback: autoDraw = True
197.5573 	EXP 	New trial (rep=0, index=7): OrderedDict([('word', u'red'), ('color', u'red'), ('congruent', 1), ('corrAns', u'left')])
197.6975 	EXP 	msgFeedback: autoDraw = False
197.6975 	EXP 	stimuli: color = u'red (named)'
197.6975 	EXP 	stimuli: text = u'red'
197.6975 	EXP 	hint: autoDraw = True
198.0878 	EXP 	stimuli: autoDraw = True
198.8175 	DATA 	Keypress: left
199.2214 	EXP 	stimuli: autoDraw = False
199.2214 	EXP 	hint: autoDraw = False
199.2214 	EXP 	msgFeedback: text = 'Correct! RT=0.740'
199.2214 	EXP 	msgFeedback: autoDraw = True
200.3368 	EXP 	New trial (rep=0, index=8): OrderedDict([('word', u'blue'), ('color', u'blue'), ('congruent', 1), ('corrAns', u'right')])
200.4889 	EXP 	msgFeedback: autoDraw = False
200.4889 	EXP 	msgFeedback: autoDraw = False
200.4889 	EXP 	stimuli: color = u'blue (named)'
200.4889 	EXP 	stimuli: text = u'blue'
200.4889 	EXP 	hint: autoDraw = True
200.8675 	EXP 	stimuli: autoDraw = True
202.5085 	DATA 	Keypress: right
202.9224 	EXP 	stimuli: autoDraw = False
202.9224 	EXP 	hint: autoDraw = False
202.9224 	EXP 	msgFeedback: text = 'Correct! RT=1.651'
202.9224 	EXP 	msgFeedback: autoDraw = True
204.0319 	EXP 	New trial (rep=0, index=9): OrderedDict([('word', u'red'), ('color', u'green'), ('congruent', 0), ('corrAns', u'down')])
204.1712 	EXP 	msgFeedback: autoDraw = False
204.1712 	EXP 	msgFeedback: autoDraw = False
204.1712 	EXP 	stimuli: color = u'green (named)'
204.1712 	EXP 	stimuli: text = u'red'
204.1712 	EXP 	hint: autoDraw = True
204.5626 	EXP 	stimuli: autoDraw = True
205.4114 	DATA 	Keypress: down
205.8082 	EXP 	stimuli: autoDraw = False
205.8082 	EXP 	hint: autoDraw = False
205.8082 	EXP 	msgFeedback: text = 'Correct! RT=0.858'
205.8082 	EXP 	msgFeedback: autoDraw = True
206.9275 	EXP 	New trial (rep=0, index=10): OrderedDict([('word', u'blue'), ('color', u'red'), ('congruent', 0), ('corrAns', u'left')])
207.0802 	EXP 	msgFeedback: autoDraw = False
207.0802 	EXP 	msgFeedback: autoDraw = False
207.0802 	EXP 	stimuli: color = u'red (named)'
207.0802 	EXP 	stimuli: text = u'blue'
207.0802 	EXP 	hint: autoDraw = True
207.4600 	EXP 	stimuli: autoDraw = True
208.1030 	DATA 	Keypress: left
208.4996 	EXP 	stimuli: autoDraw = False
208.4996 	EXP 	hint: autoDraw = False
208.4996 	EXP 	msgFeedback: text = 'Correct! RT=0.652'
208.4996 	EXP 	msgFeedback: autoDraw = True
209.6239 	EXP 	New trial (rep=0, index=11): OrderedDict([('word', u'red'), ('color', u'red'), ('congruent', 1), ('corrAns', u'left')])
209.7635 	EXP 	msgFeedback: autoDraw = False
209.7635 	EXP 	msgFeedback: autoDraw = False
209.7635 	EXP 	stimuli: color = u'red (named)'
209.7635 	EXP 	stimuli: text = u'red'
209.7635 	EXP 	hint: autoDraw = True
210.1560 	EXP 	stimuli: autoDraw = True
210.8919 	DATA 	Keypress: left
211.2809 	EXP 	stimuli: autoDraw = False
211.2809 	EXP 	hint: autoDraw = False
211.2809 	EXP 	msgFeedback: text = 'Correct! RT=0.737'
211.2809 	EXP 	msgFeedback: autoDraw = True
212.4039 	EXP 	New trial (rep=1, index=0): OrderedDict([('word', u'blue'), ('color', u'blue'), ('congruent', 1), ('corrAns', u'right')])
212.5573 	EXP 	msgFeedback: autoDraw = False
212.5573 	EXP 	msgFeedback: autoDraw = False
212.5573 	EXP 	stimuli: color = u'blue (named)'
212.5573 	EXP 	stimuli: text = u'blue'
212.5573 	EXP 	hint: autoDraw = True
212.9353 	EXP 	stimuli: autoDraw = True
213.7858 	DATA 	Keypress: right
214.1752 	EXP 	stimuli: autoDraw = False
214.1752 	EXP 	hint: autoDraw = False
214.1752 	EXP 	msgFeedback: text = 'Correct! RT=0.851'
214.1752 	EXP 	msgFeedback: autoDraw = True
215.2998 	EXP 	New trial (rep=1, index=1): OrderedDict([('word', u'red'), ('color', u'green'), ('congruent', 0), ('corrAns', u'down')])
215.4366 	EXP 	msgFeedback: autoDraw = False
215.4366 	EXP 	msgFeedback: autoDraw = False
215.4366 	EXP 	stimuli: color = u'green (named)'
215.4366 	EXP 	stimuli: text = u'red'
215.4366 	EXP 	hint: autoDraw = True
215.8315 	EXP 	stimuli: autoDraw = True
216.4890 	DATA 	Keypress: down
216.8768 	EXP 	stimuli: autoDraw = False
216.8768 	EXP 	hint: autoDraw = False
216.8768 	EXP 	msgFeedback: text = 'Correct! RT=0.659'
216.8768 	EXP 	msgFeedback: autoDraw = True
217.9965 	EXP 	New trial (rep=1, index=2): OrderedDict([('word', u'green'), ('color', u'red'), ('congruent', 0), ('corrAns', u'left')])
218.1668 	EXP 	msgFeedback: autoDraw = False
218.1668 	EXP 	msgFeedback: autoDraw = False
218.1668 	EXP 	stimuli: color = u'red (named)'
218.1668 	EXP 	stimuli: text = u'green'
218.1668 	EXP 	hint: autoDraw = True
218.5279 	EXP 	stimuli: autoDraw = True
219.4110 	DATA 	Keypress: left
219.8075 	EXP 	stimuli: autoDraw = False
219.8075 	EXP 	hint: autoDraw = False
219.8075 	EXP 	msgFeedback: text = 'Correct! RT=0.893'
219.8075 	EXP 	msgFeedback: autoDraw = True
220.9264 	EXP 	New trial (rep=1, index=3): OrderedDict([('word', u'red'), ('color', u'red'), ('congruent', 1), ('corrAns', u'left')])
221.0638 	EXP 	msgFeedback: autoDraw = False
221.0638 	EXP 	msgFeedback: autoDraw = False
221.0638 	EXP 	stimuli: color = u'red (named)'
221.0638 	EXP 	stimuli: text = u'red'
221.0638 	EXP 	hint: autoDraw = True
221.4579 	EXP 	stimuli: autoDraw = True
222.1162 	DATA 	Keypress: left
222.5025 	EXP 	stimuli: autoDraw = False
222.5025 	EXP 	hint: autoDraw = False
222.5025 	EXP 	msgFeedback: text = 'Correct! RT=0.659'
222.5025 	EXP 	msgFeedback: autoDraw = True
223.6405 	EXP 	New trial (rep=1, index=4): OrderedDict([('word', u'blue'), ('color', u'blue'), ('congruent', 1), ('corrAns', u'right')])
223.8180 	EXP 	msgFeedback: autoDraw = False
223.8180 	EXP 	stimuli: color = u'blue (named)'
223.8180 	EXP 	stimuli: text = u'blue'
223.8180 	EXP 	hint: autoDraw = True
224.1714 	EXP 	stimuli: autoDraw = True
226.9319 	DATA 	Keypress: right
227.3295 	EXP 	stimuli: autoDraw = False
227.3295 	EXP 	hint: autoDraw = False
227.3295 	EXP 	msgFeedback: text = 'Correct! RT=2.771'
227.3295 	EXP 	msgFeedback: autoDraw = True
228.4499 	EXP 	New trial (rep=1, index=5): OrderedDict([('word', u'red'), ('color', u'red'), ('congruent', 1), ('corrAns', u'left')])
228.5885 	EXP 	msgFeedback: autoDraw = False
228.5885 	EXP 	msgFeedback: autoDraw = False
228.5885 	EXP 	stimuli: color = u'red (named)'
228.5885 	EXP 	stimuli: text = u'red'
228.5885 	EXP 	hint: autoDraw = True
228.9817 	EXP 	stimuli: autoDraw = True
229.5949 	DATA 	Keypress: left
229.9965 	EXP 	stimuli: autoDraw = False
229.9965 	EXP 	hint: autoDraw = False
229.9965 	EXP 	msgFeedback: text = 'Correct! RT=0.623'
229.9965 	EXP 	msgFeedback: autoDraw = True
231.1135 	EXP 	New trial (rep=1, index=6): OrderedDict([('word', u'blue'), ('color', u'green'), ('congruent', 0), ('corrAns', u'down')])
231.2654 	EXP 	msgFeedback: autoDraw = False
231.2654 	EXP 	msgFeedback: autoDraw = False
231.2654 	EXP 	stimuli: color = u'green (named)'
231.2654 	EXP 	stimuli: text = u'blue'
231.2654 	EXP 	hint: autoDraw = True
231.6451 	EXP 	stimuli: autoDraw = True
232.5620 	DATA 	Keypress: down
232.9550 	EXP 	stimuli: autoDraw = False
232.9550 	EXP 	hint: autoDraw = False
232.9550 	EXP 	msgFeedback: text = 'Correct! RT=0.918'
232.9550 	EXP 	msgFeedback: autoDraw = True
234.0756 	EXP 	New trial (rep=1, index=7): OrderedDict([('word', u'blue'), ('color', u'red'), ('congruent', 0), ('corrAns', u'left')])
234.0921 	EXP 	msgFeedback: autoDraw = False
234.0921 	EXP 	msgFeedback: autoDraw = False
234.0921 	EXP 	stimuli: color = u'red (named)'
234.0921 	EXP 	stimuli: text = u'blue'
234.0921 	EXP 	hint: autoDraw = True
234.6065 	EXP 	stimuli: autoDraw = True
235.1146 	DATA 	Keypress: left
235.5093 	EXP 	stimuli: autoDraw = False
235.5093 	EXP 	hint: autoDraw = False
235.5093 	EXP 	msgFeedback: text = 'Correct! RT=0.509'
235.5093 	EXP 	msgFeedback: autoDraw = True
236.6219 	EXP 	New trial (rep=1, index=8): OrderedDict([('word', u'green'), ('color', u'green'), ('congruent', 1), ('corrAns', u'down')])
236.7917 	EXP 	msgFeedback: autoDraw = False
236.7917 	EXP 	msgFeedback: autoDraw = False
236.7917 	EXP 	stimuli: color = u'green (named)'
236.7917 	EXP 	stimuli: text = u'green'
236.7917 	EXP 	hint: autoDraw = True
237.1544 	EXP 	stimuli: autoDraw = True
238.0040 	DATA 	Keypress: down
238.4036 	EXP 	stimuli: autoDraw = False
238.4036 	EXP 	hint: autoDraw = False
238.4036 	EXP 	msgFeedback: text = 'Correct! RT=0.861'
238.4036 	EXP 	msgFeedback: autoDraw = True
239.5184 	EXP 	New trial (rep=1, index=9): OrderedDict([('word', u'green'), ('color', u'green'), ('congruent', 1), ('corrAns', u'down')])
239.5355 	EXP 	msgFeedback: autoDraw = False
239.5355 	EXP 	msgFeedback: autoDraw = False
239.5355 	EXP 	stimuli: color = u'green (named)'
239.5355 	EXP 	stimuli: text = u'green'
239.5355 	EXP 	hint: autoDraw = True
240.0490 	EXP 	stimuli: autoDraw = True
240.6207 	DATA 	Keypress: down
241.0208 	EXP 	stimuli: autoDraw = False
241.0208 	EXP 	hint: autoDraw = False
241.0208 	EXP 	msgFeedback: text = 'Correct! RT=0.584'
241.0208 	EXP 	msgFeedback: autoDraw = True
242.1476 	EXP 	New trial (rep=1, index=10): OrderedDict([('word', u'green'), ('color', u'blue'), ('congruent', 0), ('corrAns', u'right')])
242.1643 	EXP 	msgFeedback: autoDraw = False
242.1643 	EXP 	stimuli: color = u'blue (named)'
242.1643 	EXP 	stimuli: text = u'green'
242.1643 	EXP 	hint: autoDraw = True
242.6790 	EXP 	stimuli: autoDraw = True
243.5457 	DATA 	Keypress: right
243.9405 	EXP 	stimuli: autoDraw = False
243.9405 	EXP 	hint: autoDraw = False
243.9405 	EXP 	msgFeedback: text = 'Correct! RT=0.877'
243.9405 	EXP 	msgFeedback: autoDraw = True
245.0612 	EXP 	New trial (rep=1, index=11): OrderedDict([('word', u'red'), ('color', u'green'), ('congruent', 0), ('corrAns', u'down')])
245.2006 	EXP 	msgFeedback: autoDraw = False
245.2006 	EXP 	msgFeedback: autoDraw = False
245.2006 	EXP 	stimuli: color = u'green (named)'
245.2006 	EXP 	stimuli: text = u'red'
245.2006 	EXP 	hint: autoDraw = True
245.5935 	EXP 	stimuli: autoDraw = True
246.3295 	DATA 	Keypress: down
246.7165 	EXP 	stimuli: autoDraw = False
246.7165 	EXP 	hint: autoDraw = False
246.7165 	EXP 	msgFeedback: text = 'Correct! RT=0.737'
246.7165 	EXP 	msgFeedback: autoDraw = True
248.6173 	EXP 	msgFeedback: autoDraw = False
248.6173 	EXP 	msgFeedback: autoDraw = False
248.6173 	EXP 	text: autoDraw = True
256.9584 	DATA 	Keypress: space
257.2778 	EXP 	Imported conditions.xlsx as conditions, 45 conditions, 4 params
257.2853 	EXP 	Created sequence: random, trialTypes=45, nReps=4, seed=None
257.2909 	EXP 	New trial (rep=0, index=0): OrderedDict([('word', u'red'), ('color', u'red'), ('congruent', 1), ('corrAns', u'left')])
257.3073 	EXP 	text: autoDraw = False
257.3073 	EXP 	stimuli: color = u'red (named)'
257.3073 	EXP 	stimuli: text = u'red'
257.3073 	EXP 	hint: autoDraw = True
257.8137 	EXP 	stimuli: autoDraw = True
258.5047 	DATA 	Keypress: left
258.5321 	EXP 	New trial (rep=0, index=1): OrderedDict([('word', u'green'), ('color', u'green'), ('congruent', 1), ('corrAns', u'down')])
258.7027 	EXP 	stimuli: autoDraw = False
258.7027 	EXP 	hint: autoDraw = False
258.7027 	EXP 	stimuli: color = u'green (named)'
258.7027 	EXP 	stimuli: text = u'green'
258.7027 	EXP 	hint: autoDraw = True
259.0602 	EXP 	stimuli: autoDraw = True
260.2086 	DATA 	Keypress: down
260.2239 	EXP 	New trial (rep=0, index=2): OrderedDict([('word', u'green'), ('color', u'blue'), ('congruent', 0), ('corrAns', u'right')])
260.2396 	EXP 	stimuli: autoDraw = False
260.2396 	EXP 	hint: autoDraw = False
260.2396 	EXP 	stimuli: color = u'blue (named)'
260.2396 	EXP 	stimuli: text = u'green'
260.2396 	EXP 	hint: autoDraw = True
260.7557 	EXP 	stimuli: autoDraw = True
261.5846 	DATA 	Keypress: right
261.6082 	EXP 	New trial (rep=0, index=3): OrderedDict([('word', u'green'), ('color', u'green'), ('congruent', 1), ('corrAns', u'down')])
261.6238 	EXP 	stimuli: autoDraw = False
261.6238 	EXP 	hint: autoDraw = False
261.6238 	EXP 	stimuli: color = u'green (named)'
261.6238 	EXP 	stimuli: text = u'green'
261.6238 	EXP 	hint: autoDraw = True
262.1371 	EXP 	stimuli: autoDraw = True
262.7223 	DATA 	Keypress: down
262.7380 	EXP 	New trial (rep=0, index=4): OrderedDict([('word', u'blue'), ('color', u'blue'), ('congruent', 1), ('corrAns', u'right')])
262.8931 	EXP 	stimuli: autoDraw = False
262.8931 	EXP 	hint: autoDraw = False
262.8931 	EXP 	stimuli: color = u'blue (named)'
262.8931 	EXP 	stimuli: text = u'blue'
262.8931 	EXP 	hint: autoDraw = True
263.2697 	EXP 	stimuli: autoDraw = True
263.8542 	DATA 	Keypress: right
263.8692 	EXP 	New trial (rep=0, index=5): OrderedDict([('word', u'blue'), ('color', u'blue'), ('congruent', 1), ('corrAns', u'right')])
263.8852 	EXP 	stimuli: autoDraw = False
263.8852 	EXP 	hint: autoDraw = False
263.8852 	EXP 	stimuli: color = u'blue (named)'
263.8852 	EXP 	stimuli: text = u'blue'
263.8852 	EXP 	hint: autoDraw = True
264.4010 	EXP 	stimuli: autoDraw = True
264.9089 	DATA 	Keypress: right
264.9233 	EXP 	New trial (rep=0, index=6): OrderedDict([('word', u'blue'), ('color', u'blue'), ('congruent', 1), ('corrAns', u'right')])
264.9388 	EXP 	stimuli: autoDraw = False
264.9388 	EXP 	hint: autoDraw = False
264.9388 	EXP 	stimuli: color = u'blue (named)'
264.9388 	EXP 	stimuli: text = u'blue'
264.9388 	EXP 	hint: autoDraw = True
265.4497 	EXP 	stimuli: autoDraw = True
265.8503 	DATA 	Keypress: right
265.8743 	EXP 	New trial (rep=0, index=7): OrderedDict([('word', u'red'), ('color', u'red'), ('congruent', 1), ('corrAns', u'left')])
266.0119 	EXP 	stimuli: autoDraw = False
266.0119 	EXP 	hint: autoDraw = False
266.0119 	EXP 	stimuli: color = u'red (named)'
266.0119 	EXP 	stimuli: text = u'red'
266.0119 	EXP 	hint: autoDraw = True
266.3997 	EXP 	stimuli: autoDraw = True
266.9816 	DATA 	Keypress: left
266.9970 	EXP 	New trial (rep=0, index=8): OrderedDict([('word', u'green'), ('color', u'green'), ('congruent', 1), ('corrAns', u'down')])
267.1700 	EXP 	stimuli: autoDraw = False
267.1700 	EXP 	hint: autoDraw = False
267.1700 	EXP 	stimuli: color = u'green (named)'
267.1700 	EXP 	stimuli: text = u'green'
267.1700 	EXP 	hint: autoDraw = True
267.5313 	EXP 	stimuli: autoDraw = True
267.9967 	DATA 	Keypress: down
268.0117 	EXP 	New trial (rep=0, index=9): OrderedDict([('word', u'red'), ('color', u'green'), ('congruent', 0), ('corrAns', u'down')])
268.1477 	EXP 	stimuli: autoDraw = False
268.1477 	EXP 	hint: autoDraw = False
268.1477 	EXP 	stimuli: color = u'green (named)'
268.1477 	EXP 	stimuli: text = u'red'
268.1477 	EXP 	hint: autoDraw = True
268.5466 	EXP 	stimuli: autoDraw = True
269.0499 	DATA 	Keypress: down
269.0650 	EXP 	New trial (rep=0, index=10): OrderedDict([('word', u'red'), ('color', u'red'), ('congruent', 1), ('corrAns', u'left')])
269.0808 	EXP 	stimuli: autoDraw = False
269.0808 	EXP 	hint: autoDraw = False
269.0808 	EXP 	stimuli: color = u'red (named)'
269.0808 	EXP 	stimuli: text = u'red'
269.0808 	EXP 	hint: autoDraw = True
269.5925 	EXP 	stimuli: autoDraw = True
270.1373 	DATA 	Keypress: left
270.1519 	EXP 	New trial (rep=0, index=11): OrderedDict([('word', u'red'), ('color', u'red'), ('congruent', 1), ('corrAns', u'left')])
270.1679 	EXP 	stimuli: autoDraw = False
270.1679 	EXP 	hint: autoDraw = False
270.1679 	EXP 	stimuli: color = u'red (named)'
270.1679 	EXP 	stimuli: text = u'red'
270.1679 	EXP 	hint: autoDraw = True
270.6759 	EXP 	stimuli: autoDraw = True
271.0353 	DATA 	Keypress: left
271.0594 	EXP 	New trial (rep=0, index=12): OrderedDict([('word', u'green'), ('color', u'green'), ('congruent', 1), ('corrAns', u'down')])
271.2310 	EXP 	stimuli: autoDraw = False
271.2310 	EXP 	hint: autoDraw = False
271.2310 	EXP 	stimuli: color = u'green (named)'
271.2310 	EXP 	stimuli: text = u'green'
271.2310 	EXP 	hint: autoDraw = True
271.5925 	EXP 	stimuli: autoDraw = True
272.0675 	DATA 	Keypress: down
272.0915 	EXP 	New trial (rep=0, index=13): OrderedDict([('word', u'red'), ('color', u'red'), ('congruent', 1), ('corrAns', u'left')])
272.2339 	EXP 	stimuli: autoDraw = False
272.2339 	EXP 	hint: autoDraw = False
272.2339 	EXP 	stimuli: color = u'red (named)'
272.2339 	EXP 	stimuli: text = u'red'
272.2339 	EXP 	hint: autoDraw = True
272.6250 	EXP 	stimuli: autoDraw = True
273.1257 	DATA 	Keypress: left
273.1502 	EXP 	New trial (rep=0, index=14): OrderedDict([('word', u'green'), ('color', u'green'), ('congruent', 1), ('corrAns', u'down')])
273.3196 	EXP 	stimuli: autoDraw = False
273.3196 	EXP 	hint: autoDraw = False
273.3196 	EXP 	stimuli: color = u'green (named)'
273.3196 	EXP 	stimuli: text = u'green'
273.3196 	EXP 	hint: autoDraw = True
273.6898 	EXP 	stimuli: autoDraw = True
274.1343 	DATA 	Keypress: down
274.1495 	EXP 	New trial (rep=0, index=15): OrderedDict([('word', u'red'), ('color', u'red'), ('congruent', 1), ('corrAns', u'left')])
274.2864 	EXP 	stimuli: autoDraw = False
274.2864 	EXP 	hint: autoDraw = False
274.2864 	EXP 	stimuli: color = u'red (named)'
274.2864 	EXP 	stimuli: text = u'red'
274.2864 	EXP 	hint: autoDraw = True
274.6890 	EXP 	stimuli: autoDraw = True
275.1646 	DATA 	Keypress: left
275.1885 	EXP 	New trial (rep=0, index=16): OrderedDict([('word', u'blue'), ('color', u'red'), ('congruent', 0), ('corrAns', u'left')])
275.3420 	EXP 	stimuli: autoDraw = False
275.3420 	EXP 	hint: autoDraw = False
275.3420 	EXP 	stimuli: color = u'red (named)'
275.3420 	EXP 	stimuli: text = u'blue'
275.3420 	EXP 	hint: autoDraw = True
275.7205 	EXP 	stimuli: autoDraw = True
276.5785 	DATA 	Keypress: left
276.6020 	EXP 	New trial (rep=0, index=17): OrderedDict([('word', u'green'), ('color', u'green'), ('congruent', 1), ('corrAns', u'down')])
276.7719 	EXP 	stimuli: autoDraw = False
276.7719 	EXP 	hint: autoDraw = False
276.7719 	EXP 	stimuli: color = u'green (named)'
276.7719 	EXP 	stimuli: text = u'green'
276.7719 	EXP 	hint: autoDraw = True
277.1350 	EXP 	stimuli: autoDraw = True
277.6353 	DATA 	Keypress: down
277.6506 	EXP 	New trial (rep=0, index=18): OrderedDict([('word', u'blue'), ('color', u'blue'), ('congruent', 1), ('corrAns', u'right')])
277.8040 	EXP 	stimuli: autoDraw = False
277.8040 	EXP 	hint: autoDraw = False
277.8040 	EXP 	stimuli: color = u'blue (named)'
277.8040 	EXP 	stimuli: text = u'blue'
277.8040 	EXP 	hint: autoDraw = True
278.1839 	EXP 	stimuli: autoDraw = True
278.6685 	DATA 	Keypress: right
278.6834 	EXP 	New trial (rep=0, index=19): OrderedDict([('word', u'red'), ('color', u'blue'), ('congruent', 0), ('corrAns', u'right')])
278.8207 	EXP 	stimuli: autoDraw = False
278.8207 	EXP 	hint: autoDraw = False
278.8207 	EXP 	stimuli: color = u'blue (named)'
278.8207 	EXP 	stimuli: text = u'red'
278.8207 	EXP 	hint: autoDraw = True
279.2165 	EXP 	stimuli: autoDraw = True
279.6006 	DATA 	Keypress: right
279.6264 	EXP 	New trial (rep=0, index=20): OrderedDict([('word', u'green'), ('color', u'green'), ('congruent', 1), ('corrAns', u'down')])
279.7975 	EXP 	stimuli: autoDraw = False
279.7975 	EXP 	hint: autoDraw = False
279.7975 	EXP 	stimuli: color = u'green (named)'
279.7975 	EXP 	stimuli: text = u'green'
279.7975 	EXP 	hint: autoDraw = True
280.1646 	EXP 	stimuli: autoDraw = True
280.7995 	DATA 	Keypress: down
280.8150 	EXP 	New trial (rep=0, index=21): OrderedDict([('word', u'green'), ('color', u'red'), ('congruent', 0), ('corrAns', u'left')])
280.8305 	EXP 	stimuli: autoDraw = False
280.8305 	EXP 	hint: autoDraw = False
280.8305 	EXP 	stimuli: color = u'red (named)'
280.8305 	EXP 	stimuli: text = u'green'
280.8305 	EXP 	hint: autoDraw = True
281.3455 	EXP 	stimuli: autoDraw = True
282.0129 	DATA 	Keypress: left
282.0357 	EXP 	New trial (rep=0, index=22): OrderedDict([('word', u'blue'), ('color', u'blue'), ('congruent', 1), ('corrAns', u'right')])
282.1899 	EXP 	stimuli: autoDraw = False
282.1899 	EXP 	hint: autoDraw = False
282.1899 	EXP 	stimuli: color = u'blue (named)'
282.1899 	EXP 	stimuli: text = u'blue'
282.1899 	EXP 	hint: autoDraw = True
282.5621 	EXP 	stimuli: autoDraw = True
283.5554 	DATA 	Keypress: right
283.5796 	EXP 	New trial (rep=0, index=23): OrderedDict([('word', u'blue'), ('color', u'blue'), ('congruent', 1), ('corrAns', u'right')])
283.5951 	EXP 	stimuli: autoDraw = False
283.5951 	EXP 	hint: autoDraw = False
283.5951 	EXP 	stimuli: color = u'blue (named)'
283.5951 	EXP 	stimuli: text = u'blue'
283.5951 	EXP 	hint: autoDraw = True
284.1072 	EXP 	stimuli: autoDraw = True
284.5892 	DATA 	Keypress: right
284.6048 	EXP 	New trial (rep=0, index=24): OrderedDict([('word', u'red'), ('color', u'red'), ('congruent', 1), ('corrAns', u'left')])
284.7425 	EXP 	stimuli: autoDraw = False
284.7425 	EXP 	hint: autoDraw = False
284.7425 	EXP 	stimuli: color = u'red (named)'
284.7425 	EXP 	stimuli: text = u'red'
284.7425 	EXP 	hint: autoDraw = True
285.1421 	EXP 	stimuli: autoDraw = True
285.7310 	DATA 	Keypress: left
285.7456 	EXP 	New trial (rep=0, index=25): OrderedDict([('word', u'red'), ('color', u'red'), ('congruent', 1), ('corrAns', u'left')])
285.7606 	EXP 	stimuli: autoDraw = False
285.7606 	EXP 	hint: autoDraw = False
285.7606 	EXP 	stimuli: color = u'red (named)'
285.7606 	EXP 	stimuli: text = u'red'
285.7606 	EXP 	hint: autoDraw = True
286.2727 	EXP 	stimuli: autoDraw = True
286.7677 	DATA 	Keypress: left
286.7920 	EXP 	New trial (rep=0, index=26): OrderedDict([('word', u'green'), ('color', u'green'), ('congruent', 1), ('corrAns', u'down')])
286.9639 	EXP 	stimuli: autoDraw = False
286.9639 	EXP 	hint: autoDraw = False
286.9639 	EXP 	stimuli: color = u'green (named)'
286.9639 	EXP 	stimuli: text = u'green'
286.9639 	EXP 	hint: autoDraw = True
287.3230 	EXP 	stimuli: autoDraw = True
287.8992 	DATA 	Keypress: down
287.9231 	EXP 	New trial (rep=0, index=27): OrderedDict([('word', u'red'), ('color', u'red'), ('congruent', 1), ('corrAns', u'left')])
288.0629 	EXP 	stimuli: autoDraw = False
288.0629 	EXP 	hint: autoDraw = False
288.0629 	EXP 	stimuli: color = u'red (named)'
288.0629 	EXP 	stimuli: text = u'red'
288.0629 	EXP 	hint: autoDraw = True
288.4543 	EXP 	stimuli: autoDraw = True
289.1459 	DATA 	Keypress: left
289.1700 	EXP 	New trial (rep=0, index=28): OrderedDict([('word', u'red'), ('color', u'green'), ('congruent', 0), ('corrAns', u'down')])
289.1855 	EXP 	stimuli: autoDraw = False
289.1855 	EXP 	hint: autoDraw = False
289.1855 	EXP 	stimuli: color = u'green (named)'
289.1855 	EXP 	stimuli: text = u'red'
289.1855 	EXP 	hint: autoDraw = True
289.7013 	EXP 	stimuli: autoDraw = True
290.7390 	DATA 	Keypress: down
290.7655 	EXP 	New trial (rep=0, index=29): OrderedDict([('word', u'green'), ('color', u'green'), ('congruent', 1), ('corrAns', u'down')])
290.9362 	EXP 	stimuli: autoDraw = False
290.9362 	EXP 	hint: autoDraw = False
290.9362 	EXP 	stimuli: color = u'green (named)'
290.9362 	EXP 	stimuli: text = u'green'
290.9362 	EXP 	hint: autoDraw = True
291.3006 	EXP 	stimuli: autoDraw = True
292.1277 	DATA 	Keypress: down
292.1433 	EXP 	New trial (rep=0, index=30): OrderedDict([('word', u'blue'), ('color', u'blue'), ('congruent', 1), ('corrAns', u'right')])
292.3007 	EXP 	stimuli: autoDraw = False
292.3007 	EXP 	hint: autoDraw = False
292.3007 	EXP 	stimuli: color = u'blue (named)'
292.3007 	EXP 	stimuli: text = u'blue'
292.3007 	EXP 	hint: autoDraw = True
292.6821 	EXP 	stimuli: autoDraw = True
293.1493 	DATA 	Keypress: right
293.1647 	EXP 	New trial (rep=0, index=31): OrderedDict([('word', u'blue'), ('color', u'green'), ('congruent', 0), ('corrAns', u'down')])
293.1802 	EXP 	stimuli: autoDraw = False
293.1802 	EXP 	hint: autoDraw = False
293.1802 	EXP 	stimuli: color = u'green (named)'
293.1802 	EXP 	stimuli: text = u'blue'
293.1802 	EXP 	hint: autoDraw = True
293.6949 	EXP 	stimuli: autoDraw = True
294.4274 	DATA 	Keypress: down
294.4602 	EXP 	New trial (rep=0, index=32): OrderedDict([('word', u'red'), ('color', u'red'), ('congruent', 1), ('corrAns', u'left')])
294.5984 	EXP 	stimuli: autoDraw = False
294.5984 	EXP 	hint: autoDraw = False
294.5984 	EXP 	stimuli: color = u'red (named)'
294.5984 	EXP 	stimuli: text = u'red'
294.5984 	EXP 	hint: autoDraw = True
294.9956 	EXP 	stimuli: autoDraw = True
295.4659 	DATA 	Keypress: left
295.4803 	EXP 	New trial (rep=0, index=33): OrderedDict([('word', u'blue'), ('color', u'red'), ('congruent', 0), ('corrAns', u'left')])
295.6358 	EXP 	stimuli: autoDraw = False
295.6358 	EXP 	hint: autoDraw = False
295.6358 	EXP 	stimuli: color = u'red (named)'
295.6358 	EXP 	stimuli: text = u'blue'
295.6358 	EXP 	hint: autoDraw = True
296.0110 	EXP 	stimuli: autoDraw = True
296.4261 	DATA 	Keypress: left
296.4484 	EXP 	New trial (rep=0, index=34): OrderedDict([('word', u'green'), ('color', u'blue'), ('congruent', 0), ('corrAns', u'right')])
296.6187 	EXP 	stimuli: autoDraw = False
296.6187 	EXP 	hint: autoDraw = False
296.6187 	EXP 	stimuli: color = u'blue (named)'
296.6187 	EXP 	stimuli: text = u'green'
296.6187 	EXP 	hint: autoDraw = True
296.9760 	EXP 	stimuli: autoDraw = True
297.8090 	DATA 	Keypress: right
297.8320 	EXP 	New trial (rep=0, index=35): OrderedDict([('word', u'blue'), ('color', u'blue'), ('congruent', 1), ('corrAns', u'right')])
297.9945 	EXP 	stimuli: autoDraw = False
297.9945 	EXP 	hint: autoDraw = False
297.9945 	EXP 	stimuli: color = u'blue (named)'
297.9945 	EXP 	stimuli: text = u'blue'
297.9945 	EXP 	hint: autoDraw = True
298.3584 	EXP 	stimuli: autoDraw = True
299.1958 	DATA 	Keypress: right
299.2278 	EXP 	New trial (rep=0, index=36): OrderedDict([('word', u'blue'), ('color', u'blue'), ('congruent', 1), ('corrAns', u'right')])
299.2437 	EXP 	stimuli: autoDraw = False
299.2437 	EXP 	hint: autoDraw = False
299.2437 	EXP 	stimuli: color = u'blue (named)'
299.2437 	EXP 	stimuli: text = u'blue'
299.2437 	EXP 	hint: autoDraw = True
299.7544 	EXP 	stimuli: autoDraw = True
300.2177 	DATA 	Keypress: right
300.2332 	EXP 	New trial (rep=0, index=37): OrderedDict([('word', u'red'), ('color', u'red'), ('congruent', 1), ('corrAns', u'left')])
300.3706 	EXP 	stimuli: autoDraw = False
300.3706 	EXP 	hint: autoDraw = False
300.3706 	EXP 	stimuli: color = u'red (named)'
300.3706 	EXP 	stimuli: text = u'red'
300.3706 	EXP 	hint: autoDraw = True
300.7717 	EXP 	stimuli: autoDraw = True
301.3025 	DATA 	Keypress: left
301.3252 	EXP 	New trial (rep=0, index=38): OrderedDict([('word', u'blue'), ('color', u'blue'), ('congruent', 1), ('corrAns', u'right')])
301.4795 	EXP 	stimuli: autoDraw = False
301.4795 	EXP 	hint: autoDraw = False
301.4795 	EXP 	stimuli: color = u'blue (named)'
301.4795 	EXP 	stimuli: text = u'blue'
301.4795 	EXP 	hint: autoDraw = True
301.8531 	EXP 	stimuli: autoDraw = True
302.3211 	DATA 	Keypress: left
302.3367 	EXP 	New trial (rep=0, index=39): OrderedDict([('word', u'green'), ('color', u'green'), ('congruent', 1), ('corrAns', u'down')])
302.5078 	EXP 	stimuli: autoDraw = False
302.5078 	EXP 	hint: autoDraw = False
302.5078 	EXP 	stimuli: color = u'green (named)'
302.5078 	EXP 	stimuli: text = u'green'
302.5078 	EXP 	hint: autoDraw = True
302.8681 	EXP 	stimuli: autoDraw = True
303.4338 	DATA 	Keypress: down
303.4603 	EXP 	New trial (rep=0, index=40): OrderedDict([('word', u'blue'), ('color', u'blue'), ('congruent', 1), ('corrAns', u'right')])
303.6137 	EXP 	stimuli: autoDraw = False
303.6137 	EXP 	hint: autoDraw = False
303.6137 	EXP 	stimuli: color = u'blue (named)'
303.6137 	EXP 	stimuli: text = u'blue'
303.6137 	EXP 	hint: autoDraw = True
303.9837 	EXP 	stimuli: autoDraw = True
304.7158 	DATA 	Keypress: right
304.7387 	EXP 	New trial (rep=0, index=41): OrderedDict([('word', u'green'), ('color', u'green'), ('congruent', 1), ('corrAns', u'down')])
304.9106 	EXP 	stimuli: autoDraw = False
304.9106 	EXP 	hint: autoDraw = False
304.9106 	EXP 	stimuli: color = u'green (named)'
304.9106 	EXP 	stimuli: text = u'green'
304.9106 	EXP 	hint: autoDraw = True
305.2646 	EXP 	stimuli: autoDraw = True
305.8365 	DATA 	Keypress: down
305.8690 	EXP 	New trial (rep=0, index=42): OrderedDict([('word', u'red'), ('color', u'red'), ('congruent', 1), ('corrAns', u'left')])
306.0082 	EXP 	stimuli: autoDraw = False
306.0082 	EXP 	hint: autoDraw = False
306.0082 	EXP 	stimuli: color = u'red (named)'
306.0082 	EXP 	stimuli: text = u'red'
306.0082 	EXP 	hint: autoDraw = True
306.3971 	EXP 	stimuli: autoDraw = True
306.9307 	DATA 	Keypress: left
306.9548 	EXP 	New trial (rep=0, index=43): OrderedDict([('word', u'blue'), ('color', u'blue'), ('congruent', 1), ('corrAns', u'right')])
307.1078 	EXP 	stimuli: autoDraw = False
307.1078 	EXP 	hint: autoDraw = False
307.1078 	EXP 	stimuli: color = u'blue (named)'
307.1078 	EXP 	stimuli: text = u'blue'
307.1078 	EXP 	hint: autoDraw = True
307.4799 	EXP 	stimuli: autoDraw = True
308.2089 	DATA 	Keypress: right
308.2322 	EXP 	New trial (rep=0, index=44): OrderedDict([('word', u'green'), ('color', u'green'), ('congruent', 1), ('corrAns', u'down')])
308.4047 	EXP 	stimuli: autoDraw = False
308.4047 	EXP 	hint: autoDraw = False
308.4047 	EXP 	stimuli: color = u'green (named)'
308.4047 	EXP 	stimuli: text = u'green'
308.4047 	EXP 	hint: autoDraw = True
308.7612 	EXP 	stimuli: autoDraw = True
309.3228 	DATA 	Keypress: down
309.3386 	EXP 	New trial (rep=1, index=0): OrderedDict([('word', u'red'), ('color', u'red'), ('congruent', 1), ('corrAns', u'left')])
309.4759 	EXP 	stimuli: autoDraw = False
309.4759 	EXP 	hint: autoDraw = False
309.4759 	EXP 	stimuli: color = u'red (named)'
309.4759 	EXP 	stimuli: text = u'red'
309.4759 	EXP 	hint: autoDraw = True
309.8759 	EXP 	stimuli: autoDraw = True
310.4015 	DATA 	Keypress: left
310.4161 	EXP 	New trial (rep=1, index=1): OrderedDict([('word', u'blue'), ('color', u'blue'), ('congruent', 1), ('corrAns', u'right')])
310.5770 	EXP 	stimuli: autoDraw = False
310.5770 	EXP 	hint: autoDraw = False
310.5770 	EXP 	stimuli: color = u'blue (named)'
310.5770 	EXP 	stimuli: text = u'blue'
310.5770 	EXP 	hint: autoDraw = True
310.9418 	EXP 	stimuli: autoDraw = True
312.0189 	DATA 	Keypress: right
312.0341 	EXP 	New trial (rep=1, index=2): OrderedDict([('word', u'red'), ('color', u'red'), ('congruent', 1), ('corrAns', u'left')])
312.1719 	EXP 	stimuli: autoDraw = False
312.1719 	EXP 	hint: autoDraw = False
312.1719 	EXP 	stimuli: color = u'red (named)'
312.1719 	EXP 	stimuli: text = u'red'
312.1719 	EXP 	hint: autoDraw = True
312.5728 	EXP 	stimuli: autoDraw = True
313.0562 	DATA 	Keypress: left
313.0713 	EXP 	New trial (rep=1, index=3): OrderedDict([('word', u'green'), ('color', u'green'), ('congruent', 1), ('corrAns', u'down')])
313.2422 	EXP 	stimuli: autoDraw = False
313.2422 	EXP 	hint: autoDraw = False
313.2422 	EXP 	stimuli: color = u'green (named)'
313.2422 	EXP 	stimuli: text = u'green'
313.2422 	EXP 	hint: autoDraw = True
313.6045 	EXP 	stimuli: autoDraw = True
314.1400 	DATA 	Keypress: down
314.1658 	EXP 	New trial (rep=1, index=4): OrderedDict([('word', u'blue'), ('color', u'green'), ('congruent', 0), ('corrAns', u'down')])
314.3199 	EXP 	stimuli: autoDraw = False
314.3199 	EXP 	hint: autoDraw = False
314.3199 	EXP 	stimuli: color = u'green (named)'
314.3199 	EXP 	stimuli: text = u'blue'
314.3199 	EXP 	hint: autoDraw = True
314.7030 	EXP 	stimuli: autoDraw = True
315.2142 	DATA 	Keypress: down
315.2373 	EXP 	New trial (rep=1, index=5): OrderedDict([('word', u'green'), ('color', u'green'), ('congruent', 1), ('corrAns', u'down')])
315.4075 	EXP 	stimuli: autoDraw = False
315.4075 	EXP 	hint: autoDraw = False
315.4075 	EXP 	stimuli: color = u'green (named)'
315.4075 	EXP 	stimuli: text = u'green'
315.4075 	EXP 	hint: autoDraw = True
315.7688 	EXP 	stimuli: autoDraw = True
316.1344 	DATA 	Keypress: down
316.1505 	EXP 	New trial (rep=1, index=6): OrderedDict([('word', u'red'), ('color', u'red'), ('congruent', 1), ('corrAns', u'left')])
316.2871 	EXP 	stimuli: autoDraw = False
316.2871 	EXP 	hint: autoDraw = False
316.2871 	EXP 	stimuli: color = u'red (named)'
316.2871 	EXP 	stimuli: text = u'red'
316.2871 	EXP 	hint: autoDraw = True
316.6838 	EXP 	stimuli: autoDraw = True
317.1342 	DATA 	Keypress: left
317.1593 	EXP 	New trial (rep=1, index=7): OrderedDict([('word', u'green'), ('color', u'green'), ('congruent', 1), ('corrAns', u'down')])
317.3290 	EXP 	stimuli: autoDraw = False
317.3290 	EXP 	hint: autoDraw = False
317.3290 	EXP 	stimuli: color = u'green (named)'
317.3290 	EXP 	stimuli: text = u'green'
317.3290 	EXP 	hint: autoDraw = True
317.6823 	EXP 	stimuli: autoDraw = True
318.0998 	DATA 	Keypress: left
318.1246 	EXP 	New trial (rep=1, index=8): OrderedDict([('word', u'green'), ('color', u'green'), ('congruent', 1), ('corrAns', u'down')])
318.1412 	EXP 	stimuli: autoDraw = False
318.1412 	EXP 	hint: autoDraw = False
318.1412 	EXP 	stimuli: color = u'green (named)'
318.1412 	EXP 	stimuli: text = u'green'
318.1412 	EXP 	hint: autoDraw = True
318.6621 	EXP 	stimuli: autoDraw = True
319.2778 	DATA 	Keypress: down
319.3008 	EXP 	New trial (rep=1, index=9): OrderedDict([('word', u'blue'), ('color', u'blue'), ('congruent', 1), ('corrAns', u'right')])
319.4542 	EXP 	stimuli: autoDraw = False
319.4542 	EXP 	hint: autoDraw = False
319.4542 	EXP 	stimuli: color = u'blue (named)'
319.4542 	EXP 	stimuli: text = u'blue'
319.4542 	EXP 	hint: autoDraw = True
319.8352 	EXP 	stimuli: autoDraw = True
320.3451 	DATA 	Keypress: right
320.3677 	EXP 	New trial (rep=1, index=10): OrderedDict([('word', u'green'), ('color', u'green'), ('congruent', 1), ('corrAns', u'down')])
320.5451 	EXP 	stimuli: autoDraw = False
320.5451 	EXP 	hint: autoDraw = False
320.5451 	EXP 	stimuli: color = u'green (named)'
320.5451 	EXP 	stimuli: text = u'green'
320.5451 	EXP 	hint: autoDraw = True
320.8953 	EXP 	stimuli: autoDraw = True
321.9057 	DATA 	Keypress: down
321.9293 	EXP 	New trial (rep=1, index=11): OrderedDict([('word', u'green'), ('color', u'green'), ('congruent', 1), ('corrAns', u'down')])
321.9452 	EXP 	stimuli: autoDraw = False
321.9452 	EXP 	hint: autoDraw = False
321.9452 	EXP 	stimuli: color = u'green (named)'
321.9452 	EXP 	stimuli: text = u'green'
321.9452 	EXP 	hint: autoDraw = True
322.4585 	EXP 	stimuli: autoDraw = True
322.8908 	DATA 	Keypress: down
322.9131 	EXP 	New trial (rep=1, index=12): OrderedDict([('word', u'red'), ('color', u'red'), ('congruent', 1), ('corrAns', u'left')])
323.0523 	EXP 	stimuli: autoDraw = False
323.0523 	EXP 	hint: autoDraw = False
323.0523 	EXP 	stimuli: color = u'red (named)'
323.0523 	EXP 	stimuli: text = u'red'
323.0523 	EXP 	hint: autoDraw = True
323.4422 	EXP 	stimuli: autoDraw = True
323.9784 	DATA 	Keypress: left
323.9934 	EXP 	New trial (rep=1, index=13): OrderedDict([('word', u'green'), ('color', u'green'), ('congruent', 1), ('corrAns', u'down')])
324.1643 	EXP 	stimuli: autoDraw = False
324.1643 	EXP 	hint: autoDraw = False
324.1643 	EXP 	stimuli: color = u'green (named)'
324.1643 	EXP 	stimuli: text = u'green'
324.1643 	EXP 	hint: autoDraw = True
324.5229 	EXP 	stimuli: autoDraw = True
324.9941 	DATA 	Keypress: down
325.0210 	EXP 	New trial (rep=1, index=14): OrderedDict([('word', u'blue'), ('color', u'blue'), ('congruent', 1), ('corrAns', u'right')])
325.1744 	EXP 	stimuli: autoDraw = False
325.1744 	EXP 	hint: autoDraw = False
325.1744 	EXP 	stimuli: color = u'blue (named)'
325.1744 	EXP 	stimuli: text = u'blue'
325.1744 	EXP 	hint: autoDraw = True
325.5556 	EXP 	stimuli: autoDraw = True
326.1403 	DATA 	Keypress: right
326.1656 	EXP 	New trial (rep=1, index=15): OrderedDict([('word', u'blue'), ('color', u'blue'), ('congruent', 1), ('corrAns', u'right')])
326.1809 	EXP 	stimuli: autoDraw = False
326.1809 	EXP 	hint: autoDraw = False
326.1809 	EXP 	stimuli: color = u'blue (named)'
326.1809 	EXP 	stimuli: text = u'blue'
326.1809 	EXP 	hint: autoDraw = True
326.7031 	EXP 	stimuli: autoDraw = True
327.1667 	DATA 	Keypress: right
327.1818 	EXP 	New trial (rep=1, index=16): OrderedDict([('word', u'blue'), ('color', u'blue'), ('congruent', 1), ('corrAns', u'right')])
327.1972 	EXP 	stimuli: autoDraw = False
327.1972 	EXP 	hint: autoDraw = False
327.1972 	EXP 	stimuli: color = u'blue (named)'
327.1972 	EXP 	stimuli: text = u'blue'
327.1972 	EXP 	hint: autoDraw = True
327.7168 	EXP 	stimuli: autoDraw = True
328.0874 	DATA 	Keypress: right
328.1119 	EXP 	New trial (rep=1, index=17): OrderedDict([('word', u'green'), ('color', u'blue'), ('congruent', 0), ('corrAns', u'right')])
328.2814 	EXP 	stimuli: autoDraw = False
328.2814 	EXP 	hint: autoDraw = False
328.2814 	EXP 	stimuli: color = u'blue (named)'
328.2814 	EXP 	stimuli: text = u'green'
328.2814 	EXP 	hint: autoDraw = True
328.6349 	EXP 	stimuli: autoDraw = True
329.2131 	DATA 	Keypress: right
329.2281 	EXP 	New trial (rep=1, index=18): OrderedDict([('word', u'green'), ('color', u'blue'), ('congruent', 0), ('corrAns', u'right')])
329.2436 	EXP 	stimuli: autoDraw = False
329.2436 	EXP 	hint: autoDraw = False
329.2436 	EXP 	stimuli: color = u'blue (named)'
329.2436 	EXP 	stimuli: text = u'green'
329.2436 	EXP 	hint: autoDraw = True
329.7647 	EXP 	stimuli: autoDraw = True
330.1932 	DATA 	Keypress: right
330.2080 	EXP 	New trial (rep=1, index=19): OrderedDict([('word', u'red'), ('color', u'red'), ('congruent', 1), ('corrAns', u'left')])
330.3471 	EXP 	stimuli: autoDraw = False
330.3471 	EXP 	hint: autoDraw = False
330.3471 	EXP 	stimuli: color = u'red (named)'
330.3471 	EXP 	stimuli: text = u'red'
330.3471 	EXP 	hint: autoDraw = True
330.7333 	EXP 	stimuli: autoDraw = True
331.3447 	DATA 	Keypress: left
331.3681 	EXP 	New trial (rep=1, index=20): OrderedDict([('word', u'blue'), ('color', u'blue'), ('congruent', 1), ('corrAns', u'right')])
331.5207 	EXP 	stimuli: autoDraw = False
331.5207 	EXP 	hint: autoDraw = False
331.5207 	EXP 	stimuli: color = u'blue (named)'
331.5207 	EXP 	stimuli: text = u'blue'
331.5207 	EXP 	hint: autoDraw = True
331.8976 	EXP 	stimuli: autoDraw = True
332.5780 	DATA 	Keypress: down
332.5931 	EXP 	New trial (rep=1, index=21): OrderedDict([('word', u'red'), ('color', u'green'), ('congruent', 0), ('corrAns', u'down')])
332.7308 	EXP 	stimuli: autoDraw = False
332.7308 	EXP 	hint: autoDraw = False
332.7308 	EXP 	stimuli: color = u'green (named)'
332.7308 	EXP 	stimuli: text = u'red'
332.7308 	EXP 	hint: autoDraw = True
333.1289 	EXP 	stimuli: autoDraw = True
333.5594 	DATA 	Keypress: down
333.5741 	EXP 	New trial (rep=1, index=22): OrderedDict([('word', u'red'), ('color', u'red'), ('congruent', 1), ('corrAns', u'left')])
333.5891 	EXP 	stimuli: autoDraw = False
333.5891 	EXP 	hint: autoDraw = False
333.5891 	EXP 	stimuli: color = u'red (named)'
333.5891 	EXP 	stimuli: text = u'red'
333.5891 	EXP 	hint: autoDraw = True
334.1101 	EXP 	stimuli: autoDraw = True
334.6609 	DATA 	Keypress: left
334.6833 	EXP 	New trial (rep=1, index=23): OrderedDict([('word', u'red'), ('color', u'red'), ('congruent', 1), ('corrAns', u'left')])
334.6994 	EXP 	stimuli: autoDraw = False
334.6994 	EXP 	hint: autoDraw = False
334.6994 	EXP 	stimuli: color = u'red (named)'
334.6994 	EXP 	stimuli: text = u'red'
334.6994 	EXP 	hint: autoDraw = True
335.2087 	EXP 	stimuli: autoDraw = True
335.6690 	DATA 	Keypress: left
335.6930 	EXP 	New trial (rep=1, index=24): OrderedDict([('word', u'green'), ('color', u'green'), ('congruent', 1), ('corrAns', u'down')])
335.8726 	EXP 	stimuli: autoDraw = False
335.8726 	EXP 	hint: autoDraw = False
335.8726 	EXP 	stimuli: color = u'green (named)'
335.8726 	EXP 	stimuli: text = u'green'
335.8726 	EXP 	hint: autoDraw = True
336.2248 	EXP 	stimuli: autoDraw = True
336.7891 	DATA 	Keypress: down
336.8128 	EXP 	New trial (rep=1, index=25): OrderedDict([('word', u'blue'), ('color', u'blue'), ('congruent', 1), ('corrAns', u'right')])
336.9665 	EXP 	stimuli: autoDraw = False
336.9665 	EXP 	hint: autoDraw = False
336.9665 	EXP 	stimuli: color = u'blue (named)'
336.9665 	EXP 	stimuli: text = u'blue'
336.9665 	EXP 	hint: autoDraw = True
337.3404 	EXP 	stimuli: autoDraw = True
338.0678 	DATA 	Keypress: right
338.0918 	EXP 	New trial (rep=1, index=26): OrderedDict([('word', u'blue'), ('color', u'blue'), ('congruent', 1), ('corrAns', u'right')])
338.1075 	EXP 	stimuli: autoDraw = False
338.1075 	EXP 	hint: autoDraw = False
338.1075 	EXP 	stimuli: color = u'blue (named)'
338.1075 	EXP 	stimuli: text = u'blue'
338.1075 	EXP 	hint: autoDraw = True
338.6204 	EXP 	stimuli: autoDraw = True
339.0000 	DATA 	Keypress: right
339.0238 	EXP 	New trial (rep=1, index=27): OrderedDict([('word', u'blue'), ('color', u'blue'), ('congruent', 1), ('corrAns', u'right')])
339.0393 	EXP 	stimuli: autoDraw = False
339.0393 	EXP 	hint: autoDraw = False
339.0393 	EXP 	stimuli: color = u'blue (named)'
339.0393 	EXP 	stimuli: text = u'blue'
339.0393 	EXP 	hint: autoDraw = True
339.5530 	EXP 	stimuli: autoDraw = True
339.9228 	DATA 	Keypress: right
339.9380 	EXP 	New trial (rep=1, index=28): OrderedDict([('word', u'red'), ('color', u'red'), ('congruent', 1), ('corrAns', u'left')])
340.0759 	EXP 	stimuli: autoDraw = False
340.0759 	EXP 	hint: autoDraw = False
340.0759 	EXP 	stimuli: color = u'red (named)'
340.0759 	EXP 	stimuli: text = u'red'
340.0759 	EXP 	hint: autoDraw = True
340.4696 	EXP 	stimuli: autoDraw = True
341.0369 	DATA 	Keypress: left
341.0518 	EXP 	New trial (rep=1, index=29): OrderedDict([('word', u'green'), ('color', u'green'), ('congruent', 1), ('corrAns', u'down')])
341.2213 	EXP 	stimuli: autoDraw = False
341.2213 	EXP 	hint: autoDraw = False
341.2213 	EXP 	stimuli: color = u'green (named)'
341.2213 	EXP 	stimuli: text = u'green'
341.2213 	EXP 	hint: autoDraw = True
341.5849 	EXP 	stimuli: autoDraw = True
342.2295 	DATA 	Keypress: down
342.2451 	EXP 	New trial (rep=1, index=30): OrderedDict([('word', u'blue'), ('color', u'blue'), ('congruent', 1), ('corrAns', u'right')])
342.4009 	EXP 	stimuli: autoDraw = False
342.4009 	EXP 	hint: autoDraw = False
342.4009 	EXP 	stimuli: color = u'blue (named)'
342.4009 	EXP 	stimuli: text = u'blue'
342.4009 	EXP 	hint: autoDraw = True
342.7832 	EXP 	stimuli: autoDraw = True
343.4472 	DATA 	Keypress: right
343.4626 	EXP 	New trial (rep=1, index=31): OrderedDict([('word', u'green'), ('color', u'green'), ('congruent', 1), ('corrAns', u'down')])
343.6333 	EXP 	stimuli: autoDraw = False
343.6333 	EXP 	hint: autoDraw = False
343.6333 	EXP 	stimuli: color = u'green (named)'
343.6333 	EXP 	stimuli: text = u'green'
343.6333 	EXP 	hint: autoDraw = True
343.9983 	EXP 	stimuli: autoDraw = True
344.6489 	DATA 	Keypress: down
344.6745 	EXP 	New trial (rep=1, index=32): OrderedDict([('word', u'blue'), ('color', u'blue'), ('congruent', 1), ('corrAns', u'right')])
344.8282 	EXP 	stimuli: autoDraw = False
344.8282 	EXP 	hint: autoDraw = False
344.8282 	EXP 	stimuli: color = u'blue (named)'
344.8282 	EXP 	stimuli: text = u'blue'
344.8282 	EXP 	hint: autoDraw = True
345.2133 	EXP 	stimuli: autoDraw = True
346.0105 	DATA 	Keypress: right
346.0251 	EXP 	New trial (rep=1, index=33): OrderedDict([('word', u'red'), ('color', u'red'), ('congruent', 1), ('corrAns', u'left')])
346.1627 	EXP 	stimuli: autoDraw = False
346.1627 	EXP 	hint: autoDraw = False
346.1627 	EXP 	stimuli: color = u'red (named)'
346.1627 	EXP 	stimuli: text = u'red'
346.1627 	EXP 	hint: autoDraw = True
346.5619 	EXP 	stimuli: autoDraw = True
347.1782 	DATA 	Keypress: left
347.1933 	EXP 	New trial (rep=1, index=34): OrderedDict([('word', u'blue'), ('color', u'red'), ('congruent', 0), ('corrAns', u'left')])
347.3463 	EXP 	stimuli: autoDraw = False
347.3463 	EXP 	hint: autoDraw = False
347.3463 	EXP 	stimuli: color = u'red (named)'
347.3463 	EXP 	stimuli: text = u'blue'
347.3463 	EXP 	hint: autoDraw = True
347.7273 	EXP 	stimuli: autoDraw = True
348.1865 	DATA 	Keypress: left
348.2011 	EXP 	New trial (rep=1, index=35): OrderedDict([('word', u'red'), ('color', u'blue'), ('congruent', 0), ('corrAns', u'right')])
348.3389 	EXP 	stimuli: autoDraw = False
348.3389 	EXP 	hint: autoDraw = False
348.3389 	EXP 	stimuli: color = u'blue (named)'
348.3389 	EXP 	stimuli: text = u'red'
348.3389 	EXP 	hint: autoDraw = True
348.7258 	EXP 	stimuli: autoDraw = True
350.6847 	DATA 	Keypress: right
350.7002 	EXP 	New trial (rep=1, index=36): OrderedDict([('word', u'red'), ('color', u'red'), ('congruent', 1), ('corrAns', u'left')])
350.7153 	EXP 	stimuli: autoDraw = False
350.7153 	EXP 	hint: autoDraw = False
350.7153 	EXP 	stimuli: color = u'red (named)'
350.7153 	EXP 	stimuli: text = u'red'
350.7153 	EXP 	hint: autoDraw = True
351.2377 	EXP 	stimuli: autoDraw = True
351.9471 	DATA 	Keypress: left
351.9608 	EXP 	New trial (rep=1, index=37): OrderedDict([('word', u'green'), ('color', u'green'), ('congruent', 1), ('corrAns', u'down')])
352.1312 	EXP 	stimuli: autoDraw = False
352.1312 	EXP 	hint: autoDraw = False
352.1312 	EXP 	stimuli: color = u'green (named)'
352.1312 	EXP 	stimuli: text = u'green'
352.1312 	EXP 	hint: autoDraw = True
352.4869 	EXP 	stimuli: autoDraw = True
353.3461 	DATA 	Keypress: down
353.3604 	EXP 	New trial (rep=1, index=38): OrderedDict([('word', u'red'), ('color', u'red'), ('congruent', 1), ('corrAns', u'left')])
353.4994 	EXP 	stimuli: autoDraw = False
353.4994 	EXP 	hint: autoDraw = False
353.4994 	EXP 	stimuli: color = u'red (named)'
353.4994 	EXP 	stimuli: text = u'red'
353.4994 	EXP 	hint: autoDraw = True
353.8863 	EXP 	stimuli: autoDraw = True
354.4337 	DATA 	Keypress: left
354.4491 	EXP 	New trial (rep=1, index=39): OrderedDict([('word', u'green'), ('color', u'green'), ('congruent', 1), ('corrAns', u'down')])
354.6193 	EXP 	stimuli: autoDraw = False
354.6193 	EXP 	hint: autoDraw = False
354.6193 	EXP 	stimuli: color = u'green (named)'
354.6193 	EXP 	stimuli: text = u'green'
354.6193 	EXP 	hint: autoDraw = True
354.9895 	EXP 	stimuli: autoDraw = True
355.5745 	DATA 	Keypress: down
355.6045 	EXP 	New trial (rep=1, index=40): OrderedDict([('word', u'blue'), ('color', u'blue'), ('congruent', 1), ('corrAns', u'right')])
355.7957 	EXP 	stimuli: autoDraw = False
355.7957 	EXP 	hint: autoDraw = False
355.7957 	EXP 	stimuli: color = u'blue (named)'
355.7957 	EXP 	stimuli: text = u'blue'
355.7957 	EXP 	hint: autoDraw = True
356.1329 	EXP 	stimuli: autoDraw = True
356.6582 	DATA 	Keypress: right
356.6724 	EXP 	New trial (rep=1, index=41): OrderedDict([('word', u'red'), ('color', u'green'), ('congruent', 0), ('corrAns', u'down')])
356.8099 	EXP 	stimuli: autoDraw = False
356.8099 	EXP 	hint: autoDraw = False
356.8099 	EXP 	stimuli: color = u'green (named)'
356.8099 	EXP 	stimuli: text = u'red'
356.8099 	EXP 	hint: autoDraw = True
357.1981 	EXP 	stimuli: autoDraw = True
358.0188 	DATA 	Keypress: down
358.0511 	EXP 	New trial (rep=1, index=42): OrderedDict([('word', u'red'), ('color', u'red'), ('congruent', 1), ('corrAns', u'left')])
358.0665 	EXP 	stimuli: autoDraw = False
358.0665 	EXP 	hint: autoDraw = False
358.0665 	EXP 	stimuli: color = u'red (named)'
358.0665 	EXP 	stimuli: text = u'red'
358.0665 	EXP 	hint: autoDraw = True
358.5784 	EXP 	stimuli: autoDraw = True
359.2168 	DATA 	Keypress: left
359.2327 	EXP 	New trial (rep=1, index=43): OrderedDict([('word', u'green'), ('color', u'red'), ('congruent', 0), ('corrAns', u'left')])
359.4018 	EXP 	stimuli: autoDraw = False
359.4018 	EXP 	hint: autoDraw = False
359.4018 	EXP 	stimuli: color = u'red (named)'
359.4018 	EXP 	stimuli: text = u'green'
359.4018 	EXP 	hint: autoDraw = True
359.7613 	EXP 	stimuli: autoDraw = True
360.1127 	DATA 	Keypress: left
360.1277 	EXP 	New trial (rep=1, index=44): OrderedDict([('word', u'blue'), ('color', u'red'), ('congruent', 0), ('corrAns', u'left')])
360.2811 	EXP 	stimuli: autoDraw = False
360.2811 	EXP 	hint: autoDraw = False
360.2811 	EXP 	stimuli: color = u'red (named)'
360.2811 	EXP 	stimuli: text = u'blue'
360.2811 	EXP 	hint: autoDraw = True
360.6598 	EXP 	stimuli: autoDraw = True
361.2044 	DATA 	Keypress: left
361.2199 	EXP 	New trial (rep=2, index=0): OrderedDict([('word', u'blue'), ('color', u'red'), ('congruent', 0), ('corrAns', u'left')])
361.2350 	EXP 	stimuli: autoDraw = False
361.2350 	EXP 	hint: autoDraw = False
361.2350 	EXP 	stimuli: color = u'red (named)'
361.2350 	EXP 	stimuli: text = u'blue'
361.2350 	EXP 	hint: autoDraw = True
361.7575 	EXP 	stimuli: autoDraw = True
362.1198 	DATA 	Keypress: left
362.1442 	EXP 	New trial (rep=2, index=1): OrderedDict([('word', u'blue'), ('color', u'blue'), ('congruent', 1), ('corrAns', u'right')])
362.1594 	EXP 	stimuli: autoDraw = False
362.1594 	EXP 	hint: autoDraw = False
362.1594 	EXP 	stimuli: color = u'blue (named)'
362.1594 	EXP 	stimuli: text = u'blue'
362.1594 	EXP 	hint: autoDraw = True
362.6730 	EXP 	stimuli: autoDraw = True
363.3811 	DATA 	Keypress: right
363.4046 	EXP 	New trial (rep=2, index=2): OrderedDict([('word', u'red'), ('color', u'red'), ('congruent', 1), ('corrAns', u'left')])
363.5436 	EXP 	stimuli: autoDraw = False
363.5436 	EXP 	hint: autoDraw = False
363.5436 	EXP 	stimuli: color = u'red (named)'
363.5436 	EXP 	stimuli: text = u'red'
363.5436 	EXP 	hint: autoDraw = True
363.9398 	EXP 	stimuli: autoDraw = True
365.3741 	DATA 	Keypress: left
365.3892 	EXP 	New trial (rep=2, index=3): OrderedDict([('word', u'green'), ('color', u'green'), ('congruent', 1), ('corrAns', u'down')])
365.5643 	EXP 	stimuli: autoDraw = False
365.5643 	EXP 	hint: autoDraw = False
365.5643 	EXP 	stimuli: color = u'green (named)'
365.5643 	EXP 	stimuli: text = u'green'
365.5643 	EXP 	hint: autoDraw = True
365.9197 	EXP 	stimuli: autoDraw = True
366.4117 	DATA 	Keypress: down
366.4356 	EXP 	New trial (rep=2, index=4): OrderedDict([('word', u'blue'), ('color', u'blue'), ('congruent', 1), ('corrAns', u'right')])
366.5894 	EXP 	stimuli: autoDraw = False
366.5894 	EXP 	hint: autoDraw = False
366.5894 	EXP 	stimuli: color = u'blue (named)'
366.5894 	EXP 	stimuli: text = u'blue'
366.5894 	EXP 	hint: autoDraw = True
366.9684 	EXP 	stimuli: autoDraw = True
367.5766 	DATA 	Keypress: right
367.6005 	EXP 	New trial (rep=2, index=5): OrderedDict([('word', u'red'), ('color', u'red'), ('congruent', 1), ('corrAns', u'left')])
367.7380 	EXP 	stimuli: autoDraw = False
367.7380 	EXP 	hint: autoDraw = False
367.7380 	EXP 	stimuli: color = u'red (named)'
367.7380 	EXP 	stimuli: text = u'red'
367.7380 	EXP 	hint: autoDraw = True
368.1328 	EXP 	stimuli: autoDraw = True
369.1030 	DATA 	Keypress: left
369.1294 	EXP 	New trial (rep=2, index=6): OrderedDict([('word', u'green'), ('color', u'green'), ('congruent', 1), ('corrAns', u'down')])
369.2989 	EXP 	stimuli: autoDraw = False
369.2989 	EXP 	hint: autoDraw = False
369.2989 	EXP 	stimuli: color = u'green (named)'
369.2989 	EXP 	stimuli: text = u'green'
369.2989 	EXP 	hint: autoDraw = True
369.6648 	EXP 	stimuli: autoDraw = True
370.3094 	DATA 	Keypress: down
370.3283 	EXP 	New trial (rep=2, index=7): OrderedDict([('word', u'green'), ('color', u'green'), ('congruent', 1), ('corrAns', u'down')])
370.3471 	EXP 	stimuli: autoDraw = False
370.3471 	EXP 	hint: autoDraw = False
370.3471 	EXP 	stimuli: color = u'green (named)'
370.3471 	EXP 	stimuli: text = u'green'
370.3471 	EXP 	hint: autoDraw = True
370.8626 	EXP 	stimuli: autoDraw = True
371.2381 	DATA 	Keypress: down
371.2619 	EXP 	New trial (rep=2, index=8): OrderedDict([('word', u'red'), ('color', u'red'), ('congruent', 1), ('corrAns', u'left')])
371.3995 	EXP 	stimuli: autoDraw = False
371.3995 	EXP 	hint: autoDraw = False
371.3995 	EXP 	stimuli: color = u'red (named)'
371.3995 	EXP 	stimuli: text = u'red'
371.3995 	EXP 	hint: autoDraw = True
371.7951 	EXP 	stimuli: autoDraw = True
372.2902 	DATA 	Keypress: left
372.3141 	EXP 	New trial (rep=2, index=9): OrderedDict([('word', u'red'), ('color', u'blue'), ('congruent', 0), ('corrAns', u'right')])
372.3296 	EXP 	stimuli: autoDraw = False
372.3296 	EXP 	hint: autoDraw = False
372.3296 	EXP 	stimuli: color = u'blue (named)'
372.3296 	EXP 	stimuli: text = u'red'
372.3296 	EXP 	hint: autoDraw = True
372.8418 	EXP 	stimuli: autoDraw = True
373.7255 	DATA 	Keypress: right
373.7407 	EXP 	New trial (rep=2, index=10): OrderedDict([('word', u'green'), ('color', u'green'), ('congruent', 1), ('corrAns', u'down')])
373.9105 	EXP 	stimuli: autoDraw = False
373.9105 	EXP 	hint: autoDraw = False
373.9105 	EXP 	stimuli: color = u'green (named)'
373.9105 	EXP 	stimuli: text = u'green'
373.9105 	EXP 	hint: autoDraw = True
374.2754 	EXP 	stimuli: autoDraw = True
374.8728 	DATA 	Keypress: down
374.8881 	EXP 	New trial (rep=2, index=11): OrderedDict([('word', u'green'), ('color', u'green'), ('congruent', 1), ('corrAns', u'down')])
374.9038 	EXP 	stimuli: autoDraw = False
374.9038 	EXP 	hint: autoDraw = False
374.9038 	EXP 	stimuli: color = u'green (named)'
374.9038 	EXP 	stimuli: text = u'green'
374.9038 	EXP 	hint: autoDraw = True
375.4233 	EXP 	stimuli: autoDraw = True
376.6908 	DATA 	Keypress: down
376.7053 	EXP 	New trial (rep=2, index=12): OrderedDict([('word', u'blue'), ('color', u'blue'), ('congruent', 1), ('corrAns', u'right')])
376.8588 	EXP 	stimuli: autoDraw = False
376.8588 	EXP 	hint: autoDraw = False
376.8588 	EXP 	stimuli: color = u'blue (named)'
376.8588 	EXP 	stimuli: text = u'blue'
376.8588 	EXP 	hint: autoDraw = True
377.2406 	EXP 	stimuli: autoDraw = True
377.8003 	DATA 	Keypress: right
377.8166 	EXP 	New trial (rep=2, index=13): OrderedDict([('word', u'green'), ('color', u'green'), ('congruent', 1), ('corrAns', u'down')])
377.9922 	EXP 	stimuli: autoDraw = False
377.9922 	EXP 	hint: autoDraw = False
377.9922 	EXP 	stimuli: color = u'green (named)'
377.9922 	EXP 	stimuli: text = u'green'
377.9922 	EXP 	hint: autoDraw = True
378.3546 	EXP 	stimuli: autoDraw = True
379.0736 	DATA 	Keypress: down
379.0883 	EXP 	New trial (rep=2, index=14): OrderedDict([('word', u'blue'), ('color', u'blue'), ('congruent', 1), ('corrAns', u'right')])
379.2404 	EXP 	stimuli: autoDraw = False
379.2404 	EXP 	hint: autoDraw = False
379.2404 	EXP 	stimuli: color = u'blue (named)'
379.2404 	EXP 	stimuli: text = u'blue'
379.2404 	EXP 	hint: autoDraw = True
379.6186 	EXP 	stimuli: autoDraw = True
380.2299 	DATA 	Keypress: right
380.2601 	EXP 	New trial (rep=2, index=15): OrderedDict([('word', u'red'), ('color', u'red'), ('congruent', 1), ('corrAns', u'left')])
380.3982 	EXP 	stimuli: autoDraw = False
380.3982 	EXP 	hint: autoDraw = False
380.3982 	EXP 	stimuli: color = u'red (named)'
380.3982 	EXP 	stimuli: text = u'red'
380.3982 	EXP 	hint: autoDraw = True
380.7840 	EXP 	stimuli: autoDraw = True
384.5622 	DATA 	Keypress: left
384.5854 	EXP 	New trial (rep=2, index=16): OrderedDict([('word', u'red'), ('color', u'red'), ('congruent', 1), ('corrAns', u'left')])
384.6015 	EXP 	stimuli: autoDraw = False
384.6015 	EXP 	hint: autoDraw = False
384.6015 	EXP 	stimuli: color = u'red (named)'
384.6015 	EXP 	stimuli: text = u'red'
384.6015 	EXP 	hint: autoDraw = True
385.1102 	EXP 	stimuli: autoDraw = True
385.5319 	DATA 	Keypress: left
385.5580 	EXP 	New trial (rep=2, index=17): OrderedDict([('word', u'red'), ('color', u'red'), ('congruent', 1), ('corrAns', u'left')])
385.5736 	EXP 	stimuli: autoDraw = False
385.5736 	EXP 	hint: autoDraw = False
385.5736 	EXP 	stimuli: color = u'red (named)'
385.5736 	EXP 	stimuli: text = u'red'
385.5736 	EXP 	hint: autoDraw = True
386.0927 	EXP 	stimuli: autoDraw = True
386.4431 	DATA 	Keypress: left
386.4582 	EXP 	New trial (rep=2, index=18): OrderedDict([('word', u'blue'), ('color', u'blue'), ('congruent', 1), ('corrAns', u'right')])
386.6110 	EXP 	stimuli: autoDraw = False
386.6110 	EXP 	hint: autoDraw = False
386.6110 	EXP 	stimuli: color = u'blue (named)'
386.6110 	EXP 	stimuli: text = u'blue'
386.6110 	EXP 	hint: autoDraw = True
386.9923 	EXP 	stimuli: autoDraw = True
387.5896 	DATA 	Keypress: right
387.6047 	EXP 	New trial (rep=2, index=19): OrderedDict([('word', u'blue'), ('color', u'red'), ('congruent', 0), ('corrAns', u'left')])
387.6205 	EXP 	stimuli: autoDraw = False
387.6205 	EXP 	hint: autoDraw = False
387.6205 	EXP 	stimuli: color = u'red (named)'
387.6205 	EXP 	stimuli: text = u'blue'
387.6205 	EXP 	hint: autoDraw = True
388.1400 	EXP 	stimuli: autoDraw = True
388.9914 	DATA 	Keypress: left
389.0064 	EXP 	New trial (rep=2, index=20): OrderedDict([('word', u'blue'), ('color', u'blue'), ('congruent', 1), ('corrAns', u'right')])
389.0219 	EXP 	stimuli: autoDraw = False
389.0219 	EXP 	hint: autoDraw = False
389.0219 	EXP 	stimuli: color = u'blue (named)'
389.0219 	EXP 	stimuli: text = u'blue'
389.0219 	EXP 	hint: autoDraw = True
389.5380 	EXP 	stimuli: autoDraw = True
390.3733 	DATA 	Keypress: right
390.3989 	EXP 	New trial (rep=2, index=21): OrderedDict([('word', u'blue'), ('color', u'blue'), ('congruent', 1), ('corrAns', u'right')])
390.4140 	EXP 	stimuli: autoDraw = False
390.4140 	EXP 	hint: autoDraw = False
390.4140 	EXP 	stimuli: color = u'blue (named)'
390.4140 	EXP 	stimuli: text = u'blue'
390.4140 	EXP 	hint: autoDraw = True
390.9349 	EXP 	stimuli: autoDraw = True
391.4053 	DATA 	Keypress: right
391.4305 	EXP 	New trial (rep=2, index=22): OrderedDict([('word', u'red'), ('color', u'red'), ('congruent', 1), ('corrAns', u'left')])
391.5663 	EXP 	stimuli: autoDraw = False
391.5663 	EXP 	hint: autoDraw = False
391.5663 	EXP 	stimuli: color = u'red (named)'
391.5663 	EXP 	stimuli: text = u'red'
391.5663 	EXP 	hint: autoDraw = True
391.9734 	EXP 	stimuli: autoDraw = True
393.6977 	DATA 	Keypress: left
393.7211 	EXP 	New trial (rep=2, index=23): OrderedDict([('word', u'red'), ('color', u'red'), ('congruent', 1), ('corrAns', u'left')])
393.7364 	EXP 	stimuli: autoDraw = False
393.7364 	EXP 	hint: autoDraw = False
393.7364 	EXP 	stimuli: color = u'red (named)'
393.7364 	EXP 	stimuli: text = u'red'
393.7364 	EXP 	hint: autoDraw = True
394.2482 	EXP 	stimuli: autoDraw = True
394.6471 	DATA 	Keypress: left
394.6700 	EXP 	New trial (rep=2, index=24): OrderedDict([('word', u'red'), ('color', u'red'), ('congruent', 1), ('corrAns', u'left')])
394.6858 	EXP 	stimuli: autoDraw = False
394.6858 	EXP 	hint: autoDraw = False
394.6858 	EXP 	stimuli: color = u'red (named)'
394.6858 	EXP 	stimuli: text = u'red'
394.6858 	EXP 	hint: autoDraw = True
395.1973 	EXP 	stimuli: autoDraw = True
395.5680 	DATA 	Keypress: left
395.6012 	EXP 	New trial (rep=2, index=25): OrderedDict([('word', u'red'), ('color', u'red'), ('congruent', 1), ('corrAns', u'left')])
395.6166 	EXP 	stimuli: autoDraw = False
395.6166 	EXP 	hint: autoDraw = False
395.6166 	EXP 	stimuli: color = u'red (named)'
395.6166 	EXP 	stimuli: text = u'red'
395.6166 	EXP 	hint: autoDraw = True
396.1289 	EXP 	stimuli: autoDraw = True
396.4571 	DATA 	Keypress: left
396.4714 	EXP 	New trial (rep=2, index=26): OrderedDict([('word', u'green'), ('color', u'green'), ('congruent', 1), ('corrAns', u'down')])
396.6440 	EXP 	stimuli: autoDraw = False
396.6440 	EXP 	hint: autoDraw = False
396.6440 	EXP 	stimuli: color = u'green (named)'
396.6440 	EXP 	stimuli: text = u'green'
396.6440 	EXP 	hint: autoDraw = True
396.9958 	EXP 	stimuli: autoDraw = True
397.6533 	DATA 	Keypress: down
397.6842 	EXP 	New trial (rep=2, index=27): OrderedDict([('word', u'green'), ('color', u'blue'), ('congruent', 0), ('corrAns', u'right')])
397.7003 	EXP 	stimuli: autoDraw = False
397.7003 	EXP 	hint: autoDraw = False
397.7003 	EXP 	stimuli: color = u'blue (named)'
397.7003 	EXP 	stimuli: text = u'green'
397.7003 	EXP 	hint: autoDraw = True
398.2084 	EXP 	stimuli: autoDraw = True
399.1582 	DATA 	Keypress: right
399.1736 	EXP 	New trial (rep=2, index=28): OrderedDict([('word', u'green'), ('color', u'green'), ('congruent', 1), ('corrAns', u'down')])
399.1889 	EXP 	stimuli: autoDraw = False
399.1889 	EXP 	hint: autoDraw = False
399.1889 	EXP 	stimuli: color = u'green (named)'
399.1889 	EXP 	stimuli: text = u'green'
399.1889 	EXP 	hint: autoDraw = True
399.7078 	EXP 	stimuli: autoDraw = True
400.2511 	DATA 	Keypress: down
400.2660 	EXP 	New trial (rep=2, index=29): OrderedDict([('word', u'blue'), ('color', u'blue'), ('congruent', 1), ('corrAns', u'right')])
400.4249 	EXP 	stimuli: autoDraw = False
400.4249 	EXP 	hint: autoDraw = False
400.4249 	EXP 	stimuli: color = u'blue (named)'
400.4249 	EXP 	stimuli: text = u'blue'
400.4249 	EXP 	hint: autoDraw = True
400.7913 	EXP 	stimuli: autoDraw = True
401.3431 	DATA 	Keypress: right
401.3689 	EXP 	New trial (rep=2, index=30): OrderedDict([('word', u'red'), ('color', u'green'), ('congruent', 0), ('corrAns', u'down')])
401.5115 	EXP 	stimuli: autoDraw = False
401.5115 	EXP 	hint: autoDraw = False
401.5115 	EXP 	stimuli: color = u'green (named)'
401.5115 	EXP 	stimuli: text = u'red'
401.5115 	EXP 	hint: autoDraw = True
401.9066 	EXP 	stimuli: autoDraw = True
402.5882 	DATA 	Keypress: left
402.6034 	EXP 	New trial (rep=2, index=31): OrderedDict([('word', u'red'), ('color', u'green'), ('congruent', 0), ('corrAns', u'down')])
402.6188 	EXP 	stimuli: autoDraw = False
402.6188 	EXP 	hint: autoDraw = False
402.6188 	EXP 	stimuli: color = u'green (named)'
402.6188 	EXP 	stimuli: text = u'red'
402.6188 	EXP 	hint: autoDraw = True
403.1356 	EXP 	stimuli: autoDraw = True
403.5998 	DATA 	Keypress: down
403.6336 	EXP 	New trial (rep=2, index=32): OrderedDict([('word', u'green'), ('color', u'green'), ('congruent', 1), ('corrAns', u'down')])
403.8038 	EXP 	stimuli: autoDraw = False
403.8038 	EXP 	hint: autoDraw = False
403.8038 	EXP 	stimuli: color = u'green (named)'
403.8038 	EXP 	stimuli: text = u'green'
403.8038 	EXP 	hint: autoDraw = True
404.1701 	EXP 	stimuli: autoDraw = True
404.5888 	DATA 	Keypress: down
404.6140 	EXP 	New trial (rep=2, index=33): OrderedDict([('word', u'blue'), ('color', u'green'), ('congruent', 0), ('corrAns', u'down')])
404.7694 	EXP 	stimuli: autoDraw = False
404.7694 	EXP 	hint: autoDraw = False
404.7694 	EXP 	stimuli: color = u'green (named)'
404.7694 	EXP 	stimuli: text = u'blue'
404.7694 	EXP 	hint: autoDraw = True
405.1525 	EXP 	stimuli: autoDraw = True
405.4694 	DATA 	Keypress: down
405.4938 	EXP 	New trial (rep=2, index=34): OrderedDict([('word', u'green'), ('color', u'green'), ('congruent', 1), ('corrAns', u'down')])
405.6646 	EXP 	stimuli: autoDraw = False
405.6646 	EXP 	hint: autoDraw = False
405.6646 	EXP 	stimuli: color = u'green (named)'
405.6646 	EXP 	stimuli: text = u'green'
405.6646 	EXP 	hint: autoDraw = True
406.0178 	EXP 	stimuli: autoDraw = True
406.4428 	DATA 	Keypress: down
406.4565 	EXP 	New trial (rep=2, index=35): OrderedDict([('word', u'blue'), ('color', u'blue'), ('congruent', 1), ('corrAns', u'right')])
406.6113 	EXP 	stimuli: autoDraw = False
406.6113 	EXP 	hint: autoDraw = False
406.6113 	EXP 	stimuli: color = u'blue (named)'
406.6113 	EXP 	stimuli: text = u'blue'
406.6113 	EXP 	hint: autoDraw = True
406.9831 	EXP 	stimuli: autoDraw = True
408.7292 	DATA 	Keypress: right
408.7620 	EXP 	New trial (rep=2, index=36): OrderedDict([('word', u'blue'), ('color', u'blue'), ('congruent', 1), ('corrAns', u'right')])
408.7779 	EXP 	stimuli: autoDraw = False
408.7779 	EXP 	hint: autoDraw = False
408.7779 	EXP 	stimuli: color = u'blue (named)'
408.7779 	EXP 	stimuli: text = u'blue'
408.7779 	EXP 	hint: autoDraw = True
409.2942 	EXP 	stimuli: autoDraw = True
409.6870 	DATA 	Keypress: right
409.7015 	EXP 	New trial (rep=2, index=37): OrderedDict([('word', u'blue'), ('color', u'blue'), ('congruent', 1), ('corrAns', u'right')])
409.7168 	EXP 	stimuli: autoDraw = False
409.7168 	EXP 	hint: autoDraw = False
409.7168 	EXP 	stimuli: color = u'blue (named)'
409.7168 	EXP 	stimuli: text = u'blue'
409.7168 	EXP 	hint: autoDraw = True
410.2276 	EXP 	stimuli: autoDraw = True
410.6091 	DATA 	Keypress: right
410.6330 	EXP 	New trial (rep=2, index=38): OrderedDict([('word', u'green'), ('color', u'blue'), ('congruent', 0), ('corrAns', u'right')])
410.8026 	EXP 	stimuli: autoDraw = False
410.8026 	EXP 	hint: autoDraw = False
410.8026 	EXP 	stimuli: color = u'blue (named)'
410.8026 	EXP 	stimuli: text = u'green'
410.8026 	EXP 	hint: autoDraw = True
411.1612 	EXP 	stimuli: autoDraw = True
412.6057 	DATA 	Keypress: right
412.6336 	EXP 	New trial (rep=2, index=39): OrderedDict([('word', u'green'), ('color', u'green'), ('congruent', 1), ('corrAns', u'down')])
412.6491 	EXP 	stimuli: autoDraw = False
412.6491 	EXP 	hint: autoDraw = False
412.6491 	EXP 	stimuli: color = u'green (named)'
412.6491 	EXP 	stimuli: text = u'green'
412.6491 	EXP 	hint: autoDraw = True
413.1576 	EXP 	stimuli: autoDraw = True
413.7086 	DATA 	Keypress: down
413.7340 	EXP 	New trial (rep=2, index=40): OrderedDict([('word', u'green'), ('color', u'green'), ('congruent', 1), ('corrAns', u'down')])
413.7497 	EXP 	stimuli: autoDraw = False
413.7497 	EXP 	hint: autoDraw = False
413.7497 	EXP 	stimuli: color = u'green (named)'
413.7497 	EXP 	stimuli: text = u'green'
413.7497 	EXP 	hint: autoDraw = True
414.2723 	EXP 	stimuli: autoDraw = True
414.6511 	DATA 	Keypress: down
414.6748 	EXP 	New trial (rep=2, index=41): OrderedDict([('word', u'red'), ('color', u'red'), ('congruent', 1), ('corrAns', u'left')])
414.8135 	EXP 	stimuli: autoDraw = False
414.8135 	EXP 	hint: autoDraw = False
414.8135 	EXP 	stimuli: color = u'red (named)'
414.8135 	EXP 	stimuli: text = u'red'
414.8135 	EXP 	hint: autoDraw = True
415.2058 	EXP 	stimuli: autoDraw = True
415.7234 	DATA 	Keypress: left
415.7468 	EXP 	New trial (rep=2, index=42): OrderedDict([('word', u'blue'), ('color', u'blue'), ('congruent', 1), ('corrAns', u'right')])
415.9002 	EXP 	stimuli: autoDraw = False
415.9002 	EXP 	hint: autoDraw = False
415.9002 	EXP 	stimuli: color = u'blue (named)'
415.9002 	EXP 	stimuli: text = u'blue'
415.9002 	EXP 	hint: autoDraw = True
416.2711 	EXP 	stimuli: autoDraw = True
417.3743 	DATA 	Keypress: right
417.4004 	EXP 	New trial (rep=2, index=43): OrderedDict([('word', u'green'), ('color', u'red'), ('congruent', 0), ('corrAns', u'left')])
417.5707 	EXP 	stimuli: autoDraw = False
417.5707 	EXP 	hint: autoDraw = False
417.5707 	EXP 	stimuli: color = u'red (named)'
417.5707 	EXP 	stimuli: text = u'green'
417.5707 	EXP 	hint: autoDraw = True
417.9355 	EXP 	stimuli: autoDraw = True
418.6444 	DATA 	Keypress: left
418.6595 	EXP 	New trial (rep=2, index=44): OrderedDict([('word', u'red'), ('color', u'red'), ('congruent', 1), ('corrAns', u'left')])
418.7974 	EXP 	stimuli: autoDraw = False
418.7974 	EXP 	hint: autoDraw = False
418.7974 	EXP 	stimuli: color = u'red (named)'
418.7974 	EXP 	stimuli: text = u'red'
418.7974 	EXP 	hint: autoDraw = True
419.1836 	EXP 	stimuli: autoDraw = True
419.6123 	DATA 	Keypress: left
419.6277 	EXP 	New trial (rep=3, index=0): OrderedDict([('word', u'red'), ('color', u'red'), ('congruent', 1), ('corrAns', u'left')])
419.6433 	EXP 	stimuli: autoDraw = False
419.6433 	EXP 	hint: autoDraw = False
419.6433 	EXP 	stimuli: color = u'red (named)'
419.6433 	EXP 	stimuli: text = u'red'
419.6433 	EXP 	hint: autoDraw = True
420.1645 	EXP 	stimuli: autoDraw = True
420.4938 	DATA 	Keypress: left
420.5090 	EXP 	New trial (rep=3, index=1): OrderedDict([('word', u'red'), ('color', u'green'), ('congruent', 0), ('corrAns', u'down')])
420.5244 	EXP 	stimuli: autoDraw = False
420.5244 	EXP 	hint: autoDraw = False
420.5244 	EXP 	stimuli: color = u'green (named)'
420.5244 	EXP 	stimuli: text = u'red'
420.5244 	EXP 	hint: autoDraw = True
421.0455 	EXP 	stimuli: autoDraw = True
421.6837 	DATA 	Keypress: down
421.7001 	EXP 	New trial (rep=3, index=2): OrderedDict([('word', u'red'), ('color', u'red'), ('congruent', 1), ('corrAns', u'left')])
421.7156 	EXP 	stimuli: autoDraw = False
421.7156 	EXP 	hint: autoDraw = False
421.7156 	EXP 	stimuli: color = u'red (named)'
421.7156 	EXP 	stimuli: text = u'red'
421.7156 	EXP 	hint: autoDraw = True
422.2286 	EXP 	stimuli: autoDraw = True
422.8257 	DATA 	Keypress: left
422.8485 	EXP 	New trial (rep=3, index=3): OrderedDict([('word', u'green'), ('color', u'green'), ('congruent', 1), ('corrAns', u'down')])
423.0189 	EXP 	stimuli: autoDraw = False
423.0189 	EXP 	hint: autoDraw = False
423.0189 	EXP 	stimuli: color = u'green (named)'
423.0189 	EXP 	stimuli: text = u'green'
423.0189 	EXP 	hint: autoDraw = True
423.3786 	EXP 	stimuli: autoDraw = True
423.9248 	DATA 	Keypress: down
423.9583 	EXP 	New trial (rep=3, index=4): OrderedDict([('word', u'red'), ('color', u'red'), ('congruent', 1), ('corrAns', u'left')])
424.0947 	EXP 	stimuli: autoDraw = False
424.0947 	EXP 	hint: autoDraw = False
424.0947 	EXP 	stimuli: color = u'red (named)'
424.0947 	EXP 	stimuli: text = u'red'
424.0947 	EXP 	hint: autoDraw = True
424.4942 	EXP 	stimuli: autoDraw = True
425.1390 	DATA 	Keypress: left
425.1543 	EXP 	New trial (rep=3, index=5): OrderedDict([('word', u'red'), ('color', u'blue'), ('congruent', 0), ('corrAns', u'right')])
425.1697 	EXP 	stimuli: autoDraw = False
425.1697 	EXP 	hint: autoDraw = False
425.1697 	EXP 	stimuli: color = u'blue (named)'
425.1697 	EXP 	stimuli: text = u'red'
425.1697 	EXP 	hint: autoDraw = True
425.6896 	EXP 	stimuli: autoDraw = True
426.4675 	DATA 	Keypress: right
426.4915 	EXP 	New trial (rep=3, index=6): OrderedDict([('word', u'red'), ('color', u'red'), ('congruent', 1), ('corrAns', u'left')])
426.5073 	EXP 	stimuli: autoDraw = False
426.5073 	EXP 	hint: autoDraw = False
426.5073 	EXP 	stimuli: color = u'red (named)'
426.5073 	EXP 	stimuli: text = u'red'
426.5073 	EXP 	hint: autoDraw = True
427.0229 	EXP 	stimuli: autoDraw = True
428.4238 	DATA 	Keypress: left
428.4492 	EXP 	New trial (rep=3, index=7): OrderedDict([('word', u'blue'), ('color', u'blue'), ('congruent', 1), ('corrAns', u'right')])
428.6025 	EXP 	stimuli: autoDraw = False
428.6025 	EXP 	hint: autoDraw = False
428.6025 	EXP 	stimuli: color = u'blue (named)'
428.6025 	EXP 	stimuli: text = u'blue'
428.6025 	EXP 	hint: autoDraw = True
428.9747 	EXP 	stimuli: autoDraw = True
429.5080 	DATA 	Keypress: right
429.5234 	EXP 	New trial (rep=3, index=8): OrderedDict([('word', u'green'), ('color', u'green'), ('congruent', 1), ('corrAns', u'down')])
429.6933 	EXP 	stimuli: autoDraw = False
429.6933 	EXP 	hint: autoDraw = False
429.6933 	EXP 	stimuli: color = u'green (named)'
429.6933 	EXP 	stimuli: text = u'green'
429.6933 	EXP 	hint: autoDraw = True
430.0534 	EXP 	stimuli: autoDraw = True
430.5814 	DATA 	Keypress: down
430.5968 	EXP 	New trial (rep=3, index=9): OrderedDict([('word', u'blue'), ('color', u'red'), ('congruent', 0), ('corrAns', u'left')])
430.7510 	EXP 	stimuli: autoDraw = False
430.7510 	EXP 	hint: autoDraw = False
430.7510 	EXP 	stimuli: color = u'red (named)'
430.7510 	EXP 	stimuli: text = u'blue'
430.7510 	EXP 	hint: autoDraw = True
431.1343 	EXP 	stimuli: autoDraw = True
431.6354 	DATA 	Keypress: left
431.6505 	EXP 	New trial (rep=3, index=10): OrderedDict([('word', u'green'), ('color', u'green'), ('congruent', 1), ('corrAns', u'down')])
431.8238 	EXP 	stimuli: autoDraw = False
431.8238 	EXP 	hint: autoDraw = False
431.8238 	EXP 	stimuli: color = u'green (named)'
431.8238 	EXP 	stimuli: text = u'green'
431.8238 	EXP 	hint: autoDraw = True
432.1845 	EXP 	stimuli: autoDraw = True
433.3674 	DATA 	Keypress: down
433.3926 	EXP 	New trial (rep=3, index=11): OrderedDict([('word', u'blue'), ('color', u'blue'), ('congruent', 1), ('corrAns', u'right')])
433.5452 	EXP 	stimuli: autoDraw = False
433.5452 	EXP 	hint: autoDraw = False
433.5452 	EXP 	stimuli: color = u'blue (named)'
433.5452 	EXP 	stimuli: text = u'blue'
433.5452 	EXP 	hint: autoDraw = True
433.9314 	EXP 	stimuli: autoDraw = True
434.5529 	DATA 	Keypress: right
434.5778 	EXP 	New trial (rep=3, index=12): OrderedDict([('word', u'green'), ('color', u'green'), ('congruent', 1), ('corrAns', u'down')])
434.7516 	EXP 	stimuli: autoDraw = False
434.7516 	EXP 	hint: autoDraw = False
434.7516 	EXP 	stimuli: color = u'green (named)'
434.7516 	EXP 	stimuli: text = u'green'
434.7516 	EXP 	hint: autoDraw = True
435.1136 	EXP 	stimuli: autoDraw = True
435.6552 	DATA 	Keypress: down
435.6888 	EXP 	New trial (rep=3, index=13): OrderedDict([('word', u'blue'), ('color', u'blue'), ('congruent', 1), ('corrAns', u'right')])
435.8488 	EXP 	stimuli: autoDraw = False
435.8488 	EXP 	hint: autoDraw = False
435.8488 	EXP 	stimuli: color = u'blue (named)'
435.8488 	EXP 	stimuli: text = u'blue'
435.8488 	EXP 	hint: autoDraw = True
436.2285 	EXP 	stimuli: autoDraw = True
436.8199 	DATA 	Keypress: right
436.8440 	EXP 	New trial (rep=3, index=14): OrderedDict([('word', u'blue'), ('color', u'red'), ('congruent', 0), ('corrAns', u'left')])
436.8595 	EXP 	stimuli: autoDraw = False
436.8595 	EXP 	hint: autoDraw = False
436.8595 	EXP 	stimuli: color = u'red (named)'
436.8595 	EXP 	stimuli: text = u'blue'
436.8595 	EXP 	hint: autoDraw = True
437.3742 	EXP 	stimuli: autoDraw = True
438.4722 	DATA 	Keypress: left
438.4959 	EXP 	New trial (rep=3, index=15): OrderedDict([('word', u'blue'), ('color', u'blue'), ('congruent', 1), ('corrAns', u'right')])
438.5117 	EXP 	stimuli: autoDraw = False
438.5117 	EXP 	hint: autoDraw = False
438.5117 	EXP 	stimuli: color = u'blue (named)'
438.5117 	EXP 	stimuli: text = u'blue'
438.5117 	EXP 	hint: autoDraw = True
439.0222 	EXP 	stimuli: autoDraw = True
439.9715 	DATA 	Keypress: right
439.9942 	EXP 	New trial (rep=3, index=16): OrderedDict([('word', u'red'), ('color', u'red'), ('congruent', 1), ('corrAns', u'left')])
440.1334 	EXP 	stimuli: autoDraw = False
440.1334 	EXP 	hint: autoDraw = False
440.1334 	EXP 	stimuli: color = u'red (named)'
440.1334 	EXP 	stimuli: text = u'red'
440.1334 	EXP 	hint: autoDraw = True
440.5384 	EXP 	stimuli: autoDraw = True
441.1444 	DATA 	Keypress: left
441.1592 	EXP 	New trial (rep=3, index=17): OrderedDict([('word', u'blue'), ('color', u'blue'), ('congruent', 1), ('corrAns', u'right')])
441.3116 	EXP 	stimuli: autoDraw = False
441.3116 	EXP 	hint: autoDraw = False
441.3116 	EXP 	stimuli: color = u'blue (named)'
441.3116 	EXP 	stimuli: text = u'blue'
441.3116 	EXP 	hint: autoDraw = True
441.6874 	EXP 	stimuli: autoDraw = True
442.8662 	DATA 	Keypress: right
442.8896 	EXP 	New trial (rep=3, index=18): OrderedDict([('word', u'green'), ('color', u'green'), ('congruent', 1), ('corrAns', u'down')])
443.0635 	EXP 	stimuli: autoDraw = False
443.0635 	EXP 	hint: autoDraw = False
443.0635 	EXP 	stimuli: color = u'green (named)'
443.0635 	EXP 	stimuli: text = u'green'
443.0635 	EXP 	hint: autoDraw = True
443.4181 	EXP 	stimuli: autoDraw = True
444.0507 	DATA 	Keypress: down
444.0701 	EXP 	New trial (rep=3, index=19): OrderedDict([('word', u'green'), ('color', u'green'), ('congruent', 1), ('corrAns', u'down')])
444.0913 	EXP 	stimuli: autoDraw = False
444.0913 	EXP 	hint: autoDraw = False
444.0913 	EXP 	stimuli: color = u'green (named)'
444.0913 	EXP 	stimuli: text = u'green'
444.0913 	EXP 	hint: autoDraw = True
444.5995 	EXP 	stimuli: autoDraw = True
444.9940 	DATA 	Keypress: down
445.0241 	EXP 	New trial (rep=3, index=20): OrderedDict([('word', u'blue'), ('color', u'blue'), ('congruent', 1), ('corrAns', u'right')])
445.1851 	EXP 	stimuli: autoDraw = False
445.1851 	EXP 	hint: autoDraw = False
445.1851 	EXP 	stimuli: color = u'blue (named)'
445.1851 	EXP 	stimuli: text = u'blue'
445.1851 	EXP 	hint: autoDraw = True
445.5495 	EXP 	stimuli: autoDraw = True
448.6966 	DATA 	Keypress: right
448.7121 	EXP 	New trial (rep=3, index=21): OrderedDict([('word', u'green'), ('color', u'blue'), ('congruent', 0), ('corrAns', u'right')])
448.9084 	EXP 	stimuli: autoDraw = False
448.9084 	EXP 	hint: autoDraw = False
448.9084 	EXP 	stimuli: color = u'blue (named)'
448.9084 	EXP 	stimuli: text = u'green'
448.9084 	EXP 	hint: autoDraw = True
449.2448 	EXP 	stimuli: autoDraw = True
449.6645 	DATA 	Keypress: right
449.6935 	EXP 	New trial (rep=3, index=22): OrderedDict([('word', u'green'), ('color', u'green'), ('congruent', 1), ('corrAns', u'down')])
449.7111 	EXP 	stimuli: autoDraw = False
449.7111 	EXP 	hint: autoDraw = False
449.7111 	EXP 	stimuli: color = u'green (named)'
449.7111 	EXP 	stimuli: text = u'green'
449.7111 	EXP 	hint: autoDraw = True
450.2259 	EXP 	stimuli: autoDraw = True
450.7024 	DATA 	Keypress: down
450.7166 	EXP 	New trial (rep=3, index=23): OrderedDict([('word', u'red'), ('color', u'red'), ('congruent', 1), ('corrAns', u'left')])
450.8552 	EXP 	stimuli: autoDraw = False
450.8552 	EXP 	hint: autoDraw = False
450.8552 	EXP 	stimuli: color = u'red (named)'
450.8552 	EXP 	stimuli: text = u'red'
450.8552 	EXP 	hint: autoDraw = True
451.2420 	EXP 	stimuli: autoDraw = True
451.6919 	DATA 	Keypress: left
451.7072 	EXP 	New trial (rep=3, index=24): OrderedDict([('word', u'red'), ('color', u'green'), ('congruent', 0), ('corrAns', u'down')])
451.7231 	EXP 	stimuli: autoDraw = False
451.7231 	EXP 	hint: autoDraw = False
451.7231 	EXP 	stimuli: color = u'green (named)'
451.7231 	EXP 	stimuli: text = u'red'
451.7231 	EXP 	hint: autoDraw = True
452.2395 	EXP 	stimuli: autoDraw = True
454.4691 	DATA 	Keypress: down
454.5031 	EXP 	New trial (rep=3, index=25): OrderedDict([('word', u'blue'), ('color', u'blue'), ('congruent', 1), ('corrAns', u'right')])
454.6561 	EXP 	stimuli: autoDraw = False
454.6561 	EXP 	hint: autoDraw = False
454.6561 	EXP 	stimuli: color = u'blue (named)'
454.6561 	EXP 	stimuli: text = u'blue'
454.6561 	EXP 	hint: autoDraw = True
455.0376 	EXP 	stimuli: autoDraw = True
455.7617 	DATA 	Keypress: right
455.7761 	EXP 	New trial (rep=3, index=26): OrderedDict([('word', u'blue'), ('color', u'blue'), ('congruent', 1), ('corrAns', u'right')])
455.7912 	EXP 	stimuli: autoDraw = False
455.7912 	EXP 	hint: autoDraw = False
455.7912 	EXP 	stimuli: color = u'blue (named)'
455.7912 	EXP 	stimuli: text = u'blue'
455.7912 	EXP 	hint: autoDraw = True
456.3009 	EXP 	stimuli: autoDraw = True
456.6696 	DATA 	Keypress: right
456.6842 	EXP 	New trial (rep=3, index=27): OrderedDict([('word', u'red'), ('color', u'red'), ('congruent', 1), ('corrAns', u'left')])
456.8216 	EXP 	stimuli: autoDraw = False
456.8216 	EXP 	hint: autoDraw = False
456.8216 	EXP 	stimuli: color = u'red (named)'
456.8216 	EXP 	stimuli: text = u'red'
456.8216 	EXP 	hint: autoDraw = True
457.2175 	EXP 	stimuli: autoDraw = True
458.1321 	DATA 	Keypress: left
458.1658 	EXP 	New trial (rep=3, index=28): OrderedDict([('word', u'red'), ('color', u'red'), ('congruent', 1), ('corrAns', u'left')])
458.1810 	EXP 	stimuli: autoDraw = False
458.1810 	EXP 	hint: autoDraw = False
458.1810 	EXP 	stimuli: color = u'red (named)'
458.1810 	EXP 	stimuli: text = u'red'
458.1810 	EXP 	hint: autoDraw = True
458.6969 	EXP 	stimuli: autoDraw = True
459.0247 	DATA 	Keypress: left
459.0392 	EXP 	New trial (rep=3, index=29): OrderedDict([('word', u'green'), ('color', u'green'), ('congruent', 1), ('corrAns', u'down')])
459.2096 	EXP 	stimuli: autoDraw = False
459.2096 	EXP 	hint: autoDraw = False
459.2096 	EXP 	stimuli: color = u'green (named)'
459.2096 	EXP 	stimuli: text = u'green'
459.2096 	EXP 	hint: autoDraw = True
459.5642 	EXP 	stimuli: autoDraw = True
460.0586 	DATA 	Keypress: down
460.0819 	EXP 	New trial (rep=3, index=30): OrderedDict([('word', u'red'), ('color', u'red'), ('congruent', 1), ('corrAns', u'left')])
460.2185 	EXP 	stimuli: autoDraw = False
460.2185 	EXP 	hint: autoDraw = False
460.2185 	EXP 	stimuli: color = u'red (named)'
460.2185 	EXP 	stimuli: text = u'red'
460.2185 	EXP 	hint: autoDraw = True
460.6132 	EXP 	stimuli: autoDraw = True
461.1290 	DATA 	Keypress: left
461.1520 	EXP 	New trial (rep=3, index=31): OrderedDict([('word', u'blue'), ('color', u'blue'), ('congruent', 1), ('corrAns', u'right')])
461.3061 	EXP 	stimuli: autoDraw = False
461.3061 	EXP 	hint: autoDraw = False
461.3061 	EXP 	stimuli: color = u'blue (named)'
461.3061 	EXP 	stimuli: text = u'blue'
461.3061 	EXP 	hint: autoDraw = True
461.6791 	EXP 	stimuli: autoDraw = True
462.3487 	DATA 	Keypress: right
462.3751 	EXP 	New trial (rep=3, index=32): OrderedDict([('word', u'red'), ('color', u'red'), ('congruent', 1), ('corrAns', u'left')])
462.5134 	EXP 	stimuli: autoDraw = False
462.5134 	EXP 	hint: autoDraw = False
462.5134 	EXP 	stimuli: color = u'red (named)'
462.5134 	EXP 	stimuli: text = u'red'
462.5134 	EXP 	hint: autoDraw = True
462.9104 	EXP 	stimuli: autoDraw = True
463.4194 	DATA 	Keypress: left
463.4435 	EXP 	New trial (rep=3, index=33): OrderedDict([('word', u'red'), ('color', u'red'), ('congruent', 1), ('corrAns', u'left')])
463.4588 	EXP 	stimuli: autoDraw = False
463.4588 	EXP 	hint: autoDraw = False
463.4588 	EXP 	stimuli: color = u'red (named)'
463.4588 	EXP 	stimuli: text = u'red'
463.4588 	EXP 	hint: autoDraw = True
463.9728 	EXP 	stimuli: autoDraw = True
464.3468 	DATA 	Keypress: left
464.3724 	EXP 	New trial (rep=3, index=34): OrderedDict([('word', u'green'), ('color', u'green'), ('congruent', 1), ('corrAns', u'down')])
464.5431 	EXP 	stimuli: autoDraw = False
464.5431 	EXP 	hint: autoDraw = False
464.5431 	EXP 	stimuli: color = u'green (named)'
464.5431 	EXP 	stimuli: text = u'green'
464.5431 	EXP 	hint: autoDraw = True
464.9077 	EXP 	stimuli: autoDraw = True
465.4515 	DATA 	Keypress: down
465.4669 	EXP 	New trial (rep=3, index=35): OrderedDict([('word', u'red'), ('color', u'red'), ('congruent', 1), ('corrAns', u'left')])
465.6043 	EXP 	stimuli: autoDraw = False
465.6043 	EXP 	hint: autoDraw = False
465.6043 	EXP 	stimuli: color = u'red (named)'
465.6043 	EXP 	stimuli: text = u'red'
465.6043 	EXP 	hint: autoDraw = True
466.0063 	EXP 	stimuli: autoDraw = True
466.5637 	DATA 	Keypress: left
466.5780 	EXP 	New trial (rep=3, index=36): OrderedDict([('word', u'green'), ('color', u'green'), ('congruent', 1), ('corrAns', u'down')])
466.7478 	EXP 	stimuli: autoDraw = False
466.7478 	EXP 	hint: autoDraw = False
466.7478 	EXP 	stimuli: color = u'green (named)'
466.7478 	EXP 	stimuli: text = u'green'
466.7478 	EXP 	hint: autoDraw = True
467.1043 	EXP 	stimuli: autoDraw = True
467.6938 	DATA 	Keypress: down
467.7181 	EXP 	New trial (rep=3, index=37): OrderedDict([('word', u'green'), ('color', u'blue'), ('congruent', 0), ('corrAns', u'right')])
467.7339 	EXP 	stimuli: autoDraw = False
467.7339 	EXP 	hint: autoDraw = False
467.7339 	EXP 	stimuli: color = u'blue (named)'
467.7339 	EXP 	stimuli: text = u'green'
467.7339 	EXP 	hint: autoDraw = True
468.2525 	EXP 	stimuli: autoDraw = True
469.4198 	DATA 	Keypress: right
469.4353 	EXP 	New trial (rep=3, index=38): OrderedDict([('word', u'green'), ('color', u'green'), ('congruent', 1), ('corrAns', u'down')])
469.4509 	EXP 	stimuli: autoDraw = False
469.4509 	EXP 	hint: autoDraw = False
469.4509 	EXP 	stimuli: color = u'green (named)'
469.4509 	EXP 	stimuli: text = u'green'
469.4509 	EXP 	hint: autoDraw = True
469.9669 	EXP 	stimuli: autoDraw = True
470.6361 	DATA 	Keypress: right
470.6617 	EXP 	New trial (rep=3, index=39): OrderedDict([('word', u'green'), ('color', u'red'), ('congruent', 0), ('corrAns', u'left')])
470.6774 	EXP 	stimuli: autoDraw = False
470.6774 	EXP 	hint: autoDraw = False
470.6774 	EXP 	stimuli: color = u'red (named)'
470.6774 	EXP 	stimuli: text = u'green'
470.6774 	EXP 	hint: autoDraw = True
471.1974 	EXP 	stimuli: autoDraw = True
473.6284 	DATA 	Keypress: left
473.6439 	EXP 	New trial (rep=3, index=40): OrderedDict([('word', u'blue'), ('color', u'blue'), ('congruent', 1), ('corrAns', u'right')])
473.7989 	EXP 	stimuli: autoDraw = False
473.7989 	EXP 	hint: autoDraw = False
473.7989 	EXP 	stimuli: color = u'blue (named)'
473.7989 	EXP 	stimuli: text = u'blue'
473.7989 	EXP 	hint: autoDraw = True
474.1789 	EXP 	stimuli: autoDraw = True
474.8829 	DATA 	Keypress: right
474.9092 	EXP 	New trial (rep=3, index=41): OrderedDict([('word', u'blue'), ('color', u'blue'), ('congruent', 1), ('corrAns', u'right')])
474.9247 	EXP 	stimuli: autoDraw = False
474.9247 	EXP 	hint: autoDraw = False
474.9247 	EXP 	stimuli: color = u'blue (named)'
474.9247 	EXP 	stimuli: text = u'blue'
474.9247 	EXP 	hint: autoDraw = True
475.4425 	EXP 	stimuli: autoDraw = True
476.0191 	DATA 	Keypress: right
476.0433 	EXP 	New trial (rep=3, index=42): OrderedDict([('word', u'blue'), ('color', u'green'), ('congruent', 0), ('corrAns', u'down')])
476.0591 	EXP 	stimuli: autoDraw = False
476.0591 	EXP 	hint: autoDraw = False
476.0591 	EXP 	stimuli: color = u'green (named)'
476.0591 	EXP 	stimuli: text = u'blue'
476.0591 	EXP 	hint: autoDraw = True
476.5750 	EXP 	stimuli: autoDraw = True
477.1249 	DATA 	Keypress: down
477.1498 	EXP 	New trial (rep=3, index=43): OrderedDict([('word', u'blue'), ('color', u'blue'), ('congruent', 1), ('corrAns', u'right')])
477.1696 	EXP 	stimuli: autoDraw = False
477.1696 	EXP 	hint: autoDraw = False
477.1696 	EXP 	stimuli: color = u'blue (named)'
477.1696 	EXP 	stimuli: text = u'blue'
477.1696 	EXP 	hint: autoDraw = True
477.6734 	EXP 	stimuli: autoDraw = True
478.6548 	DATA 	Keypress: right
478.6777 	EXP 	New trial (rep=3, index=44): OrderedDict([('word', u'green'), ('color', u'green'), ('congruent', 1), ('corrAns', u'down')])
478.8498 	EXP 	stimuli: autoDraw = False
478.8498 	EXP 	hint: autoDraw = False
478.8498 	EXP 	stimuli: color = u'green (named)'
478.8498 	EXP 	stimuli: text = u'green'
478.8498 	EXP 	hint: autoDraw = True
479.2066 	EXP 	stimuli: autoDraw = True
479.7899 	DATA 	Keypress: down
483.1849 	DATA 	Keypress: down
483.1873 	DATA 	Keypress: down
483.1914 	DATA 	Keypress: down
483.2129 	EXP 	stimuli: autoDraw = False
483.2129 	EXP 	hint: autoDraw = False
483.2129 	EXP 	text_2: autoDraw = True
485.8613 	DATA 	Keypress: space
494.9571 	EXP 	window1: mouseVisible = True
