30.4843 	EXP 	Created window1 = Window(allowGUI=False, allowStencil=False, args=UNKNOWN, autoLog=True, bitsMode=UNKNOWN, blendMode='avg', color=array([-1., -1., -1.]), colorSpace='rgb', fullscr=UNKNOWN, gamma=None, kwargs=UNKNOWN, lms=UNKNOWN, monitor=<psychopy.monitors.calibTools.Monitor object at 0x1C4A5B70>, multiSample=False, name='window1', numSamples=2, pos=[0, 0], screen=0, size=array([1366,  768]), stereo=False, units='norm', useFBO=True, useRetina=False, viewOri=0.0, viewPos=None, viewScale=None, waitBlanking=True, winType=u'pyglet')
30.4845 	EXP 	window1: recordFrameIntervals = False
30.6476 	EXP 	window1: recordFrameIntervals = True
30.8309 	EXP 	window1: recordFrameIntervals = False
33.3896 	EXP 	Created instr = TextStim(alignHoriz='center', alignVert='center', antialias=True, autoLog=True, bold=False, color=array([ 1.,  1.,  1.]), colorSpace='rgb', contrast=1.0, depth=0.0, flipHoriz=False, flipVert=False, font='Arial', fontFiles=[], height=28, italic=False, name='instr', opacity=1.0, ori=0, pos=array([ 0.,  0.]), rgb=array([ 1.,  1.,  1.]), text=newstr(...), units='pix', win=Window(...), wrapWidth=900)
33.5380 	EXP 	Created stimuli = TextStim(alignHoriz='center', alignVert='center', antialias=True, autoLog=True, bold=False, color=array([ 1.,  1.,  1.]), colorSpace='rgb', contrast=1.0, depth=0.0, flipHoriz=False, flipVert=False, font='Arial', fontFiles=[], height=0.2, italic=False, name='stimuli', opacity=1.0, ori=0, pos=array([ 0.,  0.]), rgb=array([ 1.,  1.,  1.]), text='default text', units='norm', win=Window(...), wrapWidth=1)
33.8078 	EXP 	Created hint = TextStim(alignHoriz='center', alignVert='center', antialias=True, autoLog=True, bold=False, color='white', colorSpace='named', contrast=1.0, depth=-2.0, flipHoriz=False, flipVert=False, font='Arial', fontFiles=[], height=0.07, italic=False, name='hint', opacity=1.0, ori=0, pos=array([ 0. ,  0.7]), rgb=array([ 255.,  255.,  255.]), text='left => red    down => green   right = blue', units='norm', win=Window(...), wrapWidth=1)
33.9269 	EXP 	Created msgFeedback = TextStim(alignHoriz='center', alignVert='center', antialias=True, autoLog=True, bold=False, color=array([ 1.,  1.,  1.]), colorSpace='rgb', contrast=1.0, depth=-1.0, flipHoriz=False, flipVert=False, font='Arial', fontFiles=[], height=0.1, italic=False, name='msgFeedback', opacity=1.0, ori=0, pos=array([ 0.,  0.]), rgb=array([ 1.,  1.,  1.]), text='default text', units='norm', win=Window(...), wrapWidth=1)
35.1991 	EXP 	Created text = TextStim(alignHoriz='center', alignVert='center', antialias=True, autoLog=True, bold=False, color='white', colorSpace='named', contrast=1.0, depth=0.0, flipHoriz=False, flipVert=False, font='Arial', fontFiles=[], height=28, italic=False, name='text', opacity=1.0, ori=0, pos=array([ 0.,  0.]), rgb=array([ 255.,  255.,  255.]), text=newstr(...), units='pix', win=Window(...), wrapWidth=900)
35.2866 	EXP 	Created stimuli = TextStim(alignHoriz='center', alignVert='center', antialias=True, autoLog=True, bold=False, color=array([ 1.,  1.,  1.]), colorSpace='rgb', contrast=1.0, depth=0.0, flipHoriz=False, flipVert=False, font='Arial', fontFiles=[], height=0.2, italic=False, name='stimuli', opacity=1.0, ori=0, pos=array([ 0.,  0.]), rgb=array([ 1.,  1.,  1.]), text='default text', units='norm', win=Window(...), wrapWidth=1)
35.5091 	EXP 	Created hint = TextStim(alignHoriz='center', alignVert='center', antialias=True, autoLog=True, bold=False, color='white', colorSpace='named', contrast=1.0, depth=-2.0, flipHoriz=False, flipVert=False, font='Arial', fontFiles=[], height=0.07, italic=False, name='hint', opacity=1.0, ori=0, pos=array([ 0. ,  0.7]), rgb=array([ 255.,  255.,  255.]), text='left => red    down => green   right = blue', units='norm', win=Window(...), wrapWidth=1)
35.9119 	EXP 	Created text_2 = TextStim(alignHoriz='center', alignVert='center', antialias=True, autoLog=True, bold=False, color='white', colorSpace='named', contrast=1.0, depth=0.0, flipHoriz=False, flipVert=False, font='Arial', fontFiles=[], height=28, italic=False, name='text_2', opacity=1.0, ori=0, pos=array([ 0.,  0.]), rgb=array([ 255.,  255.,  255.]), text=newstr(...), units='pix', win=Window(...), wrapWidth=900)
35.9771 	EXP 	instr: autoDraw = True
52.3699 	DATA 	Keypress: space
52.5767 	EXP 	Imported pract_conditions.xlsx as conditions, 12 conditions, 4 params
52.5790 	EXP 	Created sequence: random, trialTypes=12, nReps=2, seed=None
52.5815 	EXP 	New trial (rep=0, index=0): OrderedDict([('word', u'red'), ('color', u'green'), ('congruent', 0), ('corrAns', u'down')])
52.6320 	EXP 	instr: autoDraw = False
52.6320 	EXP 	stimuli: color = u'green (named)'
52.6320 	EXP 	stimuli: text = u'red'
52.6320 	EXP 	hint: autoDraw = True
53.1009 	EXP 	stimuli: autoDraw = True
55.4990 	DATA 	Keypress: down
55.6958 	EXP 	stimuli: autoDraw = False
55.6958 	EXP 	hint: autoDraw = False
55.6958 	EXP 	msgFeedback: text = 'Correct! RT=2.399'
55.6958 	EXP 	msgFeedback: autoDraw = True
56.9987 	EXP 	New trial (rep=0, index=1): OrderedDict([('word', u'green'), ('color', u'red'), ('congruent', 0), ('corrAns', u'left')])
57.0617 	EXP 	msgFeedback: autoDraw = False
57.0617 	EXP 	msgFeedback: autoDraw = False
57.0617 	EXP 	stimuli: color = u'red (named)'
57.0617 	EXP 	stimuli: text = u'green'
57.0617 	EXP 	hint: autoDraw = True
57.5284 	EXP 	stimuli: autoDraw = True
60.1320 	DATA 	Keypress: left
60.2753 	EXP 	stimuli: autoDraw = False
60.2753 	EXP 	hint: autoDraw = False
60.2753 	EXP 	msgFeedback: text = 'Correct! RT=2.614'
60.2753 	EXP 	msgFeedback: autoDraw = True
61.6425 	EXP 	New trial (rep=0, index=2): OrderedDict([('word', u'green'), ('color', u'blue'), ('congruent', 0), ('corrAns', u'right')])
61.6564 	EXP 	msgFeedback: autoDraw = False
61.6564 	EXP 	msgFeedback: autoDraw = False
61.6564 	EXP 	stimuli: color = u'blue (named)'
61.6564 	EXP 	stimuli: text = u'green'
61.6564 	EXP 	hint: autoDraw = True
62.1726 	EXP 	stimuli: autoDraw = True
63.5385 	DATA 	Keypress: down
63.7218 	EXP 	stimuli: autoDraw = False
63.7218 	EXP 	hint: autoDraw = False
63.7218 	EXP 	msgFeedback: text = 'Not the key...'
63.7218 	EXP 	msgFeedback: autoDraw = True
65.0388 	EXP 	New trial (rep=0, index=3): OrderedDict([('word', u'red'), ('color', u'green'), ('congruent', 0), ('corrAns', u'down')])
65.0846 	EXP 	msgFeedback: autoDraw = False
65.0846 	EXP 	msgFeedback: autoDraw = False
65.0846 	EXP 	stimuli: color = u'green (named)'
65.0846 	EXP 	stimuli: text = u'red'
65.0846 	EXP 	hint: autoDraw = True
65.5681 	EXP 	stimuli: autoDraw = True
69.1978 	DATA 	Keypress: down
69.3221 	EXP 	stimuli: autoDraw = False
69.3221 	EXP 	hint: autoDraw = False
69.3221 	EXP 	msgFeedback: text = 'Correct! RT=3.630'
69.3221 	EXP 	msgFeedback: autoDraw = True
70.6975 	EXP 	New trial (rep=0, index=4): OrderedDict([('word', u'blue'), ('color', u'red'), ('congruent', 0), ('corrAns', u'left')])
70.7531 	EXP 	msgFeedback: autoDraw = False
70.7531 	EXP 	msgFeedback: autoDraw = False
70.7531 	EXP 	stimuli: color = u'red (named)'
70.7531 	EXP 	stimuli: text = u'blue'
70.7531 	EXP 	hint: autoDraw = True
71.2274 	EXP 	stimuli: autoDraw = True
73.3591 	DATA 	Keypress: left
73.4793 	EXP 	stimuli: autoDraw = False
73.4793 	EXP 	hint: autoDraw = False
73.4793 	EXP 	msgFeedback: text = 'Correct! RT=2.132'
73.4793 	EXP 	msgFeedback: autoDraw = True
74.8588 	EXP 	New trial (rep=0, index=5): OrderedDict([('word', u'blue'), ('color', u'blue'), ('congruent', 1), ('corrAns', u'right')])
74.8727 	EXP 	msgFeedback: autoDraw = False
74.8727 	EXP 	msgFeedback: autoDraw = False
74.8727 	EXP 	stimuli: color = u'blue (named)'
74.8727 	EXP 	stimuli: text = u'blue'
74.8727 	EXP 	hint: autoDraw = True
75.3889 	EXP 	stimuli: autoDraw = True
79.1516 	DATA 	Keypress: right
79.2780 	EXP 	stimuli: autoDraw = False
79.2780 	EXP 	hint: autoDraw = False
79.2780 	EXP 	msgFeedback: text = 'Correct! RT=3.763'
79.2780 	EXP 	msgFeedback: autoDraw = True
80.6510 	EXP 	New trial (rep=0, index=6): OrderedDict([('word', u'blue'), ('color', u'green'), ('congruent', 0), ('corrAns', u'down')])
80.6653 	EXP 	msgFeedback: autoDraw = False
80.6653 	EXP 	msgFeedback: autoDraw = False
80.6653 	EXP 	stimuli: color = u'green (named)'
80.6653 	EXP 	stimuli: text = u'blue'
80.6653 	EXP 	hint: autoDraw = True
81.1813 	EXP 	stimuli: autoDraw = True
83.2134 	DATA 	Keypress: down
83.3350 	EXP 	stimuli: autoDraw = False
83.3350 	EXP 	hint: autoDraw = False
83.3350 	EXP 	msgFeedback: text = 'Correct! RT=2.032'
83.3350 	EXP 	msgFeedback: autoDraw = True
84.7124 	EXP 	New trial (rep=0, index=7): OrderedDict([('word', u'red'), ('color', u'red'), ('congruent', 1), ('corrAns', u'left')])
84.7608 	EXP 	msgFeedback: autoDraw = False
84.7608 	EXP 	msgFeedback: autoDraw = False
84.7608 	EXP 	stimuli: color = u'red (named)'
84.7608 	EXP 	stimuli: text = u'red'
84.7608 	EXP 	hint: autoDraw = True
85.2425 	EXP 	stimuli: autoDraw = True
88.5728 	DATA 	Keypress: left
88.6917 	EXP 	stimuli: autoDraw = False
88.6917 	EXP 	hint: autoDraw = False
88.6917 	EXP 	msgFeedback: text = 'Correct! RT=3.331'
88.6917 	EXP 	msgFeedback: autoDraw = True
90.0734 	EXP 	New trial (rep=0, index=8): OrderedDict([('word', u'blue'), ('color', u'blue'), ('congruent', 1), ('corrAns', u'right')])
90.1245 	EXP 	msgFeedback: autoDraw = False
90.1245 	EXP 	msgFeedback: autoDraw = False
90.1245 	EXP 	stimuli: color = u'blue (named)'
90.1245 	EXP 	stimuli: text = u'blue'
90.1245 	EXP 	hint: autoDraw = True
90.6023 	EXP 	stimuli: autoDraw = True
93.2840 	DATA 	Keypress: right
93.4107 	EXP 	stimuli: autoDraw = False
93.4107 	EXP 	hint: autoDraw = False
93.4107 	EXP 	msgFeedback: text = 'Correct! RT=2.682'
93.4107 	EXP 	msgFeedback: autoDraw = True
94.7844 	EXP 	New trial (rep=0, index=9): OrderedDict([('word', u'red'), ('color', u'red'), ('congruent', 1), ('corrAns', u'left')])
94.8345 	EXP 	msgFeedback: autoDraw = False
94.8345 	EXP 	msgFeedback: autoDraw = False
94.8345 	EXP 	stimuli: color = u'red (named)'
94.8345 	EXP 	stimuli: text = u'red'
94.8345 	EXP 	hint: autoDraw = True
95.3129 	EXP 	stimuli: autoDraw = True
96.5998 	DATA 	Keypress: left
96.7317 	EXP 	stimuli: autoDraw = False
96.7317 	EXP 	hint: autoDraw = False
96.7317 	EXP 	msgFeedback: text = 'Correct! RT=1.299'
96.7317 	EXP 	msgFeedback: autoDraw = True
98.1122 	EXP 	New trial (rep=0, index=10): OrderedDict([('word', u'green'), ('color', u'green'), ('congruent', 1), ('corrAns', u'down')])
98.1701 	EXP 	msgFeedback: autoDraw = False
98.1701 	EXP 	msgFeedback: autoDraw = False
98.1701 	EXP 	stimuli: color = u'green (named)'
98.1701 	EXP 	stimuli: text = u'green'
98.1701 	EXP 	hint: autoDraw = True
98.6419 	EXP 	stimuli: autoDraw = True
100.0783 	DATA 	Keypress: down
100.2110 	EXP 	stimuli: autoDraw = False
100.2110 	EXP 	hint: autoDraw = False
100.2110 	EXP 	msgFeedback: text = 'Correct! RT=1.448'
100.2110 	EXP 	msgFeedback: autoDraw = True
101.5904 	EXP 	New trial (rep=0, index=11): OrderedDict([('word', u'green'), ('color', u'green'), ('congruent', 1), ('corrAns', u'down')])
101.6052 	EXP 	msgFeedback: autoDraw = False
101.6052 	EXP 	msgFeedback: autoDraw = False
101.6052 	EXP 	stimuli: color = u'green (named)'
101.6052 	EXP 	stimuli: text = u'green'
101.6052 	EXP 	hint: autoDraw = True
102.1206 	EXP 	stimuli: autoDraw = True
102.8592 	DATA 	Keypress: down
102.9978 	EXP 	stimuli: autoDraw = False
102.9978 	EXP 	hint: autoDraw = False
102.9978 	EXP 	msgFeedback: text = 'Correct! RT=0.751'
102.9978 	EXP 	msgFeedback: autoDraw = True
104.3705 	EXP 	New trial (rep=1, index=0): OrderedDict([('word', u'green'), ('color', u'green'), ('congruent', 1), ('corrAns', u'down')])
104.3844 	EXP 	msgFeedback: autoDraw = False
104.3844 	EXP 	msgFeedback: autoDraw = False
104.3844 	EXP 	stimuli: color = u'green (named)'
104.3844 	EXP 	stimuli: text = u'green'
104.3844 	EXP 	hint: autoDraw = True
104.9008 	EXP 	stimuli: autoDraw = True
105.6338 	DATA 	Keypress: down
105.7571 	EXP 	stimuli: autoDraw = False
105.7571 	EXP 	hint: autoDraw = False
105.7571 	EXP 	msgFeedback: text = 'Correct! RT=0.733'
105.7571 	EXP 	msgFeedback: autoDraw = True
107.1333 	EXP 	New trial (rep=1, index=1): OrderedDict([('word', u'green'), ('color', u'red'), ('congruent', 0), ('corrAns', u'left')])
107.1473 	EXP 	msgFeedback: autoDraw = False
107.1473 	EXP 	msgFeedback: autoDraw = False
107.1473 	EXP 	stimuli: color = u'red (named)'
107.1473 	EXP 	stimuli: text = u'green'
107.1473 	EXP 	hint: autoDraw = True
107.6634 	EXP 	stimuli: autoDraw = True
109.1792 	DATA 	Keypress: left
109.3132 	EXP 	stimuli: autoDraw = False
109.3132 	EXP 	hint: autoDraw = False
109.3132 	EXP 	msgFeedback: text = 'Correct! RT=1.516'
109.3132 	EXP 	msgFeedback: autoDraw = True
110.6786 	EXP 	New trial (rep=1, index=2): OrderedDict([('word', u'blue'), ('color', u'red'), ('congruent', 0), ('corrAns', u'left')])
110.7356 	EXP 	msgFeedback: autoDraw = False
110.7356 	EXP 	msgFeedback: autoDraw = False
110.7356 	EXP 	stimuli: color = u'red (named)'
110.7356 	EXP 	stimuli: text = u'blue'
110.7356 	EXP 	hint: autoDraw = True
111.2089 	EXP 	stimuli: autoDraw = True
113.9401 	DATA 	Keypress: left
114.0592 	EXP 	stimuli: autoDraw = False
114.0592 	EXP 	hint: autoDraw = False
114.0592 	EXP 	msgFeedback: text = 'Correct! RT=2.732'
114.0592 	EXP 	msgFeedback: autoDraw = True
115.4392 	EXP 	New trial (rep=1, index=3): OrderedDict([('word', u'blue'), ('color', u'green'), ('congruent', 0), ('corrAns', u'down')])
115.4540 	EXP 	msgFeedback: autoDraw = False
115.4540 	EXP 	msgFeedback: autoDraw = False
115.4540 	EXP 	stimuli: color = u'green (named)'
115.4540 	EXP 	stimuli: text = u'blue'
115.4540 	EXP 	hint: autoDraw = True
115.9695 	EXP 	stimuli: autoDraw = True
118.0724 	DATA 	Keypress: down
118.2078 	EXP 	stimuli: autoDraw = False
118.2078 	EXP 	hint: autoDraw = False
118.2078 	EXP 	msgFeedback: text = 'Correct! RT=2.114'
118.2078 	EXP 	msgFeedback: autoDraw = True
119.5838 	EXP 	New trial (rep=1, index=4): OrderedDict([('word', u'green'), ('color', u'green'), ('congruent', 1), ('corrAns', u'down')])
119.6394 	EXP 	msgFeedback: autoDraw = False
119.6394 	EXP 	msgFeedback: autoDraw = False
119.6394 	EXP 	stimuli: color = u'green (named)'
119.6394 	EXP 	stimuli: text = u'green'
119.6394 	EXP 	hint: autoDraw = True
120.1140 	EXP 	stimuli: autoDraw = True
120.7973 	DATA 	Keypress: down
120.9180 	EXP 	stimuli: autoDraw = False
120.9180 	EXP 	hint: autoDraw = False
120.9180 	EXP 	msgFeedback: text = 'Correct! RT=0.684'
120.9180 	EXP 	msgFeedback: autoDraw = True
122.2969 	EXP 	New trial (rep=1, index=5): OrderedDict([('word', u'red'), ('color', u'green'), ('congruent', 0), ('corrAns', u'down')])
122.3466 	EXP 	msgFeedback: autoDraw = False
122.3466 	EXP 	msgFeedback: autoDraw = False
122.3466 	EXP 	stimuli: color = u'green (named)'
122.3466 	EXP 	stimuli: text = u'red'
122.3466 	EXP 	hint: autoDraw = True
122.8273 	EXP 	stimuli: autoDraw = True
123.9103 	DATA 	Keypress: down
124.0330 	EXP 	stimuli: autoDraw = False
124.0330 	EXP 	hint: autoDraw = False
124.0330 	EXP 	msgFeedback: text = 'Correct! RT=1.083'
124.0330 	EXP 	msgFeedback: autoDraw = True
125.4096 	EXP 	New trial (rep=1, index=6): OrderedDict([('word', u'green'), ('color', u'blue'), ('congruent', 0), ('corrAns', u'right')])
125.4669 	EXP 	msgFeedback: autoDraw = False
125.4669 	EXP 	msgFeedback: autoDraw = False
125.4669 	EXP 	stimuli: color = u'blue (named)'
125.4669 	EXP 	stimuli: text = u'green'
125.4669 	EXP 	hint: autoDraw = True
125.9396 	EXP 	stimuli: autoDraw = True
127.3058 	DATA 	Keypress: right
127.4253 	EXP 	stimuli: autoDraw = False
127.4253 	EXP 	hint: autoDraw = False
127.4253 	EXP 	msgFeedback: text = 'Correct! RT=1.367'
127.4253 	EXP 	msgFeedback: autoDraw = True
128.8051 	EXP 	New trial (rep=1, index=7): OrderedDict([('word', u'red'), ('color', u'red'), ('congruent', 1), ('corrAns', u'left')])
128.8532 	EXP 	msgFeedback: autoDraw = False
128.8532 	EXP 	msgFeedback: autoDraw = False
128.8532 	EXP 	stimuli: color = u'red (named)'
128.8532 	EXP 	stimuli: text = u'red'
128.8532 	EXP 	hint: autoDraw = True
129.3352 	EXP 	stimuli: autoDraw = True
130.5389 	DATA 	Keypress: left
130.6724 	EXP 	stimuli: autoDraw = False
130.6724 	EXP 	hint: autoDraw = False
130.6724 	EXP 	msgFeedback: text = 'Correct! RT=1.216'
130.6724 	EXP 	msgFeedback: autoDraw = True
132.0517 	EXP 	New trial (rep=1, index=8): OrderedDict([('word', u'blue'), ('color', u'blue'), ('congruent', 1), ('corrAns', u'right')])
132.1025 	EXP 	msgFeedback: autoDraw = False
132.1025 	EXP 	msgFeedback: autoDraw = False
132.1025 	EXP 	stimuli: color = u'blue (named)'
132.1025 	EXP 	stimuli: text = u'blue'
132.1025 	EXP 	hint: autoDraw = True
132.5810 	EXP 	stimuli: autoDraw = True
134.1319 	DATA 	Keypress: right
134.2560 	EXP 	stimuli: autoDraw = False
134.2560 	EXP 	hint: autoDraw = False
134.2560 	EXP 	msgFeedback: text = 'Correct! RT=1.551'
134.2560 	EXP 	msgFeedback: autoDraw = True
135.6296 	EXP 	New trial (rep=1, index=9): OrderedDict([('word', u'red'), ('color', u'red'), ('congruent', 1), ('corrAns', u'left')])
135.6789 	EXP 	msgFeedback: autoDraw = False
135.6789 	EXP 	msgFeedback: autoDraw = False
135.6789 	EXP 	stimuli: color = u'red (named)'
135.6789 	EXP 	stimuli: text = u'red'
135.6789 	EXP 	hint: autoDraw = True
136.1611 	EXP 	stimuli: autoDraw = True
136.8936 	DATA 	Keypress: left
137.0161 	EXP 	stimuli: autoDraw = False
137.0161 	EXP 	hint: autoDraw = False
137.0161 	EXP 	msgFeedback: text = 'Correct! RT=0.733'
137.0161 	EXP 	msgFeedback: autoDraw = True
138.3928 	EXP 	New trial (rep=1, index=10): OrderedDict([('word', u'red'), ('color', u'green'), ('congruent', 0), ('corrAns', u'down')])
138.4068 	EXP 	msgFeedback: autoDraw = False
138.4068 	EXP 	msgFeedback: autoDraw = False
138.4068 	EXP 	stimuli: color = u'green (named)'
138.4068 	EXP 	stimuli: text = u'red'
138.4068 	EXP 	hint: autoDraw = True
138.9229 	EXP 	stimuli: autoDraw = True
139.8231 	DATA 	Keypress: down
139.9472 	EXP 	stimuli: autoDraw = False
139.9472 	EXP 	hint: autoDraw = False
139.9472 	EXP 	msgFeedback: text = 'Correct! RT=0.900'
139.9472 	EXP 	msgFeedback: autoDraw = True
141.3221 	EXP 	New trial (rep=1, index=11): OrderedDict([('word', u'blue'), ('color', u'blue'), ('congruent', 1), ('corrAns', u'right')])
141.3749 	EXP 	msgFeedback: autoDraw = False
141.3749 	EXP 	msgFeedback: autoDraw = False
141.3749 	EXP 	stimuli: color = u'blue (named)'
141.3749 	EXP 	stimuli: text = u'blue'
141.3749 	EXP 	hint: autoDraw = True
141.8564 	EXP 	stimuli: autoDraw = True
143.3222 	DATA 	Keypress: right
143.4576 	EXP 	stimuli: autoDraw = False
143.4576 	EXP 	hint: autoDraw = False
143.4576 	EXP 	msgFeedback: text = 'Correct! RT=1.478'
143.4576 	EXP 	msgFeedback: autoDraw = True
145.0566 	EXP 	msgFeedback: autoDraw = False
145.0566 	EXP 	msgFeedback: autoDraw = False
145.0566 	EXP 	text: autoDraw = True
149.6267 	DATA 	Keypress: space
149.7512 	EXP 	Imported conditions.xlsx as conditions, 45 conditions, 4 params
149.7541 	EXP 	Created sequence: random, trialTypes=45, nReps=4, seed=None
149.7562 	EXP 	New trial (rep=0, index=0): OrderedDict([('word', u'red'), ('color', u'red'), ('congruent', 1), ('corrAns', u'left')])
149.8048 	EXP 	text: autoDraw = False
149.8048 	EXP 	stimuli: color = u'red (named)'
149.8048 	EXP 	stimuli: text = u'red'
149.8048 	EXP 	hint: autoDraw = True
150.2746 	EXP 	stimuli: autoDraw = True
151.4279 	DATA 	Keypress: left
151.4457 	EXP 	New trial (rep=0, index=1): OrderedDict([('word', u'red'), ('color', u'red'), ('congruent', 1), ('corrAns', u'left')])
151.4578 	EXP 	stimuli: autoDraw = False
151.4578 	EXP 	hint: autoDraw = False
151.4578 	EXP 	stimuli: color = u'red (named)'
151.4578 	EXP 	stimuli: text = u'red'
151.4578 	EXP 	hint: autoDraw = True
151.9732 	EXP 	stimuli: autoDraw = True
153.7050 	DATA 	Keypress: left
153.7095 	EXP 	New trial (rep=0, index=2): OrderedDict([('word', u'green'), ('color', u'green'), ('congruent', 1), ('corrAns', u'down')])
153.7666 	EXP 	stimuli: autoDraw = False
153.7666 	EXP 	hint: autoDraw = False
153.7666 	EXP 	stimuli: color = u'green (named)'
153.7666 	EXP 	stimuli: text = u'green'
153.7666 	EXP 	hint: autoDraw = True
154.2367 	EXP 	stimuli: autoDraw = True
155.1530 	DATA 	Keypress: down
155.1575 	EXP 	New trial (rep=0, index=3): OrderedDict([('word', u'green'), ('color', u'green'), ('congruent', 1), ('corrAns', u'down')])
155.1698 	EXP 	stimuli: autoDraw = False
155.1698 	EXP 	hint: autoDraw = False
155.1698 	EXP 	stimuli: color = u'green (named)'
155.1698 	EXP 	stimuli: text = u'green'
155.1698 	EXP 	hint: autoDraw = True
155.6844 	EXP 	stimuli: autoDraw = True
156.5548 	DATA 	Keypress: down
156.5712 	EXP 	New trial (rep=0, index=4): OrderedDict([('word', u'blue'), ('color', u'blue'), ('congruent', 1), ('corrAns', u'right')])
156.6243 	EXP 	stimuli: autoDraw = False
156.6243 	EXP 	hint: autoDraw = False
156.6243 	EXP 	stimuli: color = u'blue (named)'
156.6243 	EXP 	stimuli: text = u'blue'
156.6243 	EXP 	hint: autoDraw = True
157.0994 	EXP 	stimuli: autoDraw = True
158.2168 	DATA 	Keypress: right
158.2216 	EXP 	New trial (rep=0, index=5): OrderedDict([('word', u'green'), ('color', u'green'), ('congruent', 1), ('corrAns', u'down')])
158.2793 	EXP 	stimuli: autoDraw = False
158.2793 	EXP 	hint: autoDraw = False
158.2793 	EXP 	stimuli: color = u'green (named)'
158.2793 	EXP 	stimuli: text = u'green'
158.2793 	EXP 	hint: autoDraw = True
158.7471 	EXP 	stimuli: autoDraw = True
159.8836 	DATA 	Keypress: down
159.9016 	EXP 	New trial (rep=0, index=6): OrderedDict([('word', u'green'), ('color', u'green'), ('congruent', 1), ('corrAns', u'down')])
159.9137 	EXP 	stimuli: autoDraw = False
159.9137 	EXP 	hint: autoDraw = False
159.9137 	EXP 	stimuli: color = u'green (named)'
159.9137 	EXP 	stimuli: text = u'green'
159.9137 	EXP 	hint: autoDraw = True
160.4283 	EXP 	stimuli: autoDraw = True
161.0617 	DATA 	Keypress: down
161.0663 	EXP 	New trial (rep=0, index=7): OrderedDict([('word', u'red'), ('color', u'red'), ('congruent', 1), ('corrAns', u'left')])
161.1147 	EXP 	stimuli: autoDraw = False
161.1147 	EXP 	hint: autoDraw = False
161.1147 	EXP 	stimuli: color = u'red (named)'
161.1147 	EXP 	stimuli: text = u'red'
161.1147 	EXP 	hint: autoDraw = True
161.5932 	EXP 	stimuli: autoDraw = True
162.6436 	DATA 	Keypress: left
162.6487 	EXP 	New trial (rep=0, index=8): OrderedDict([('word', u'blue'), ('color', u'blue'), ('congruent', 1), ('corrAns', u'right')])
162.7043 	EXP 	stimuli: autoDraw = False
162.7043 	EXP 	hint: autoDraw = False
162.7043 	EXP 	stimuli: color = u'blue (named)'
162.7043 	EXP 	stimuli: text = u'blue'
162.7043 	EXP 	hint: autoDraw = True
163.1755 	EXP 	stimuli: autoDraw = True
165.2236 	DATA 	Keypress: right
165.2282 	EXP 	New trial (rep=0, index=9): OrderedDict([('word', u'blue'), ('color', u'blue'), ('congruent', 1), ('corrAns', u'right')])
165.2410 	EXP 	stimuli: autoDraw = False
165.2410 	EXP 	hint: autoDraw = False
165.2410 	EXP 	stimuli: color = u'blue (named)'
165.2410 	EXP 	stimuli: text = u'blue'
165.2410 	EXP 	hint: autoDraw = True
165.7546 	EXP 	stimuli: autoDraw = True
166.3721 	DATA 	Keypress: right
166.3767 	EXP 	New trial (rep=0, index=10): OrderedDict([('word', u'red'), ('color', u'red'), ('congruent', 1), ('corrAns', u'left')])
166.4228 	EXP 	stimuli: autoDraw = False
166.4228 	EXP 	hint: autoDraw = False
166.4228 	EXP 	stimuli: color = u'red (named)'
166.4228 	EXP 	stimuli: text = u'red'
166.4228 	EXP 	hint: autoDraw = True
166.9032 	EXP 	stimuli: autoDraw = True
168.6352 	DATA 	Keypress: left
168.6424 	EXP 	New trial (rep=0, index=11): OrderedDict([('word', u'red'), ('color', u'red'), ('congruent', 1), ('corrAns', u'left')])
168.6559 	EXP 	stimuli: autoDraw = False
168.6559 	EXP 	hint: autoDraw = False
168.6559 	EXP 	stimuli: color = u'red (named)'
168.6559 	EXP 	stimuli: text = u'red'
168.6559 	EXP 	hint: autoDraw = True
169.1670 	EXP 	stimuli: autoDraw = True
169.9375 	DATA 	Keypress: left
169.9555 	EXP 	New trial (rep=0, index=12): OrderedDict([('word', u'green'), ('color', u'red'), ('congruent', 0), ('corrAns', u'left')])
170.0124 	EXP 	stimuli: autoDraw = False
170.0124 	EXP 	hint: autoDraw = False
170.0124 	EXP 	stimuli: color = u'red (named)'
170.0124 	EXP 	stimuli: text = u'green'
170.0124 	EXP 	hint: autoDraw = True
170.4817 	EXP 	stimuli: autoDraw = True
171.5319 	DATA 	Keypress: left
171.5364 	EXP 	New trial (rep=0, index=13): OrderedDict([('word', u'green'), ('color', u'green'), ('congruent', 1), ('corrAns', u'down')])
171.5486 	EXP 	stimuli: autoDraw = False
171.5486 	EXP 	hint: autoDraw = False
171.5486 	EXP 	stimuli: color = u'green (named)'
171.5486 	EXP 	stimuli: text = u'green'
171.5486 	EXP 	hint: autoDraw = True
172.0630 	EXP 	stimuli: autoDraw = True
172.9960 	DATA 	Keypress: down
173.0005 	EXP 	New trial (rep=0, index=14): OrderedDict([('word', u'blue'), ('color', u'blue'), ('congruent', 1), ('corrAns', u'right')])
173.0525 	EXP 	stimuli: autoDraw = False
173.0525 	EXP 	hint: autoDraw = False
173.0525 	EXP 	stimuli: color = u'blue (named)'
173.0525 	EXP 	stimuli: text = u'blue'
173.0525 	EXP 	hint: autoDraw = True
173.5277 	EXP 	stimuli: autoDraw = True
174.3166 	DATA 	Keypress: right
174.3317 	EXP 	New trial (rep=0, index=15): OrderedDict([('word', u'green'), ('color', u'green'), ('congruent', 1), ('corrAns', u'down')])
174.3884 	EXP 	stimuli: autoDraw = False
174.3884 	EXP 	hint: autoDraw = False
174.3884 	EXP 	stimuli: color = u'green (named)'
174.3884 	EXP 	stimuli: text = u'green'
174.3884 	EXP 	hint: autoDraw = True
174.8595 	EXP 	stimuli: autoDraw = True
176.8086 	DATA 	Keypress: down
176.8131 	EXP 	New trial (rep=0, index=16): OrderedDict([('word', u'blue'), ('color', u'blue'), ('congruent', 1), ('corrAns', u'right')])
176.8662 	EXP 	stimuli: autoDraw = False
176.8662 	EXP 	hint: autoDraw = False
176.8662 	EXP 	stimuli: color = u'blue (named)'
176.8662 	EXP 	stimuli: text = u'blue'
176.8662 	EXP 	hint: autoDraw = True
177.3423 	EXP 	stimuli: autoDraw = True
178.2783 	DATA 	Keypress: right
178.2963 	EXP 	New trial (rep=0, index=17): OrderedDict([('word', u'green'), ('color', u'green'), ('congruent', 1), ('corrAns', u'down')])
178.3569 	EXP 	stimuli: autoDraw = False
178.3569 	EXP 	hint: autoDraw = False
178.3569 	EXP 	stimuli: color = u'green (named)'
178.3569 	EXP 	stimuli: text = u'green'
178.3569 	EXP 	hint: autoDraw = True
178.8210 	EXP 	stimuli: autoDraw = True
180.1545 	DATA 	Keypress: down
180.1608 	EXP 	New trial (rep=0, index=18): OrderedDict([('word', u'blue'), ('color', u'red'), ('congruent', 0), ('corrAns', u'left')])
180.2118 	EXP 	stimuli: autoDraw = False
180.2118 	EXP 	hint: autoDraw = False
180.2118 	EXP 	stimuli: color = u'red (named)'
180.2118 	EXP 	stimuli: text = u'blue'
180.2118 	EXP 	hint: autoDraw = True
180.6850 	EXP 	stimuli: autoDraw = True
182.9167 	DATA 	Keypress: left
182.9213 	EXP 	New trial (rep=0, index=19): OrderedDict([('word', u'green'), ('color', u'green'), ('congruent', 1), ('corrAns', u'down')])
182.9777 	EXP 	stimuli: autoDraw = False
182.9777 	EXP 	hint: autoDraw = False
182.9777 	EXP 	stimuli: color = u'green (named)'
182.9777 	EXP 	stimuli: text = u'green'
182.9777 	EXP 	hint: autoDraw = True
183.4482 	EXP 	stimuli: autoDraw = True
184.5812 	DATA 	Keypress: down
184.5858 	EXP 	New trial (rep=0, index=20): OrderedDict([('word', u'blue'), ('color', u'red'), ('congruent', 0), ('corrAns', u'left')])
184.6382 	EXP 	stimuli: autoDraw = False
184.6382 	EXP 	hint: autoDraw = False
184.6382 	EXP 	stimuli: color = u'red (named)'
184.6382 	EXP 	stimuli: text = u'blue'
184.6382 	EXP 	hint: autoDraw = True
185.1130 	EXP 	stimuli: autoDraw = True
187.6608 	DATA 	Keypress: left
187.6653 	EXP 	New trial (rep=0, index=21): OrderedDict([('word', u'red'), ('color', u'green'), ('congruent', 0), ('corrAns', u'down')])
187.7130 	EXP 	stimuli: autoDraw = False
187.7130 	EXP 	hint: autoDraw = False
187.7130 	EXP 	stimuli: color = u'green (named)'
187.7130 	EXP 	stimuli: text = u'red'
187.7130 	EXP 	hint: autoDraw = True
188.1921 	EXP 	stimuli: autoDraw = True
190.9229 	DATA 	Keypress: down
190.9288 	EXP 	New trial (rep=0, index=22): OrderedDict([('word', u'blue'), ('color', u'green'), ('congruent', 0), ('corrAns', u'down')])
190.9793 	EXP 	stimuli: autoDraw = False
190.9793 	EXP 	hint: autoDraw = False
190.9793 	EXP 	stimuli: color = u'green (named)'
190.9793 	EXP 	stimuli: text = u'blue'
190.9793 	EXP 	hint: autoDraw = True
191.4544 	EXP 	stimuli: autoDraw = True
192.4874 	DATA 	Keypress: down
192.4920 	EXP 	New trial (rep=0, index=23): OrderedDict([('word', u'blue'), ('color', u'blue'), ('congruent', 1), ('corrAns', u'right')])
192.5045 	EXP 	stimuli: autoDraw = False
192.5045 	EXP 	hint: autoDraw = False
192.5045 	EXP 	stimuli: color = u'blue (named)'
192.5045 	EXP 	stimuli: text = u'blue'
192.5045 	EXP 	hint: autoDraw = True
193.0191 	EXP 	stimuli: autoDraw = True
193.9362 	DATA 	Keypress: right
193.9413 	EXP 	New trial (rep=0, index=24): OrderedDict([('word', u'red'), ('color', u'red'), ('congruent', 1), ('corrAns', u'left')])
193.9897 	EXP 	stimuli: autoDraw = False
193.9897 	EXP 	hint: autoDraw = False
193.9897 	EXP 	stimuli: color = u'red (named)'
193.9897 	EXP 	stimuli: text = u'red'
193.9897 	EXP 	hint: autoDraw = True
194.4673 	EXP 	stimuli: autoDraw = True
195.6334 	DATA 	Keypress: left
195.6394 	EXP 	New trial (rep=0, index=25): OrderedDict([('word', u'blue'), ('color', u'blue'), ('congruent', 1), ('corrAns', u'right')])
195.6895 	EXP 	stimuli: autoDraw = False
195.6895 	EXP 	hint: autoDraw = False
195.6895 	EXP 	stimuli: color = u'blue (named)'
195.6895 	EXP 	stimuli: text = u'blue'
195.6895 	EXP 	hint: autoDraw = True
196.1654 	EXP 	stimuli: autoDraw = True
197.0162 	DATA 	Keypress: down
197.0207 	EXP 	New trial (rep=0, index=26): OrderedDict([('word', u'green'), ('color', u'green'), ('congruent', 1), ('corrAns', u'down')])
197.0769 	EXP 	stimuli: autoDraw = False
197.0769 	EXP 	hint: autoDraw = False
197.0769 	EXP 	stimuli: color = u'green (named)'
197.0769 	EXP 	stimuli: text = u'green'
197.0769 	EXP 	hint: autoDraw = True
197.5466 	EXP 	stimuli: autoDraw = True
198.8126 	DATA 	Keypress: down
198.8177 	EXP 	New trial (rep=0, index=27): OrderedDict([('word', u'green'), ('color', u'green'), ('congruent', 1), ('corrAns', u'down')])
198.8298 	EXP 	stimuli: autoDraw = False
198.8298 	EXP 	hint: autoDraw = False
198.8298 	EXP 	stimuli: color = u'green (named)'
198.8298 	EXP 	stimuli: text = u'green'
198.8298 	EXP 	hint: autoDraw = True
199.3441 	EXP 	stimuli: autoDraw = True
199.9780 	DATA 	Keypress: down
199.9825 	EXP 	New trial (rep=0, index=28): OrderedDict([('word', u'red'), ('color', u'red'), ('congruent', 1), ('corrAns', u'left')])
200.0301 	EXP 	stimuli: autoDraw = False
200.0301 	EXP 	hint: autoDraw = False
200.0301 	EXP 	stimuli: color = u'red (named)'
200.0301 	EXP 	stimuli: text = u'red'
200.0301 	EXP 	hint: autoDraw = True
200.5093 	EXP 	stimuli: autoDraw = True
201.4133 	DATA 	Keypress: left
201.4297 	EXP 	New trial (rep=0, index=29): OrderedDict([('word', u'red'), ('color', u'red'), ('congruent', 1), ('corrAns', u'left')])
201.4422 	EXP 	stimuli: autoDraw = False
201.4422 	EXP 	hint: autoDraw = False
201.4422 	EXP 	stimuli: color = u'red (named)'
201.4422 	EXP 	stimuli: text = u'red'
201.4422 	EXP 	hint: autoDraw = True
201.9575 	EXP 	stimuli: autoDraw = True
202.7242 	DATA 	Keypress: left
202.7287 	EXP 	New trial (rep=0, index=30): OrderedDict([('word', u'blue'), ('color', u'blue'), ('congruent', 1), ('corrAns', u'right')])
202.7808 	EXP 	stimuli: autoDraw = False
202.7808 	EXP 	hint: autoDraw = False
202.7808 	EXP 	stimuli: color = u'blue (named)'
202.7808 	EXP 	stimuli: text = u'blue'
202.7808 	EXP 	hint: autoDraw = True
203.2560 	EXP 	stimuli: autoDraw = True
204.5220 	DATA 	Keypress: right
204.5265 	EXP 	New trial (rep=0, index=31): OrderedDict([('word', u'blue'), ('color', u'blue'), ('congruent', 1), ('corrAns', u'right')])
204.5389 	EXP 	stimuli: autoDraw = False
204.5389 	EXP 	hint: autoDraw = False
204.5389 	EXP 	stimuli: color = u'blue (named)'
204.5389 	EXP 	stimuli: text = u'blue'
204.5389 	EXP 	hint: autoDraw = True
205.0537 	EXP 	stimuli: autoDraw = True
205.5579 	DATA 	Keypress: right
205.5749 	EXP 	New trial (rep=0, index=32): OrderedDict([('word', u'blue'), ('color', u'blue'), ('congruent', 1), ('corrAns', u'right')])
205.5869 	EXP 	stimuli: autoDraw = False
205.5869 	EXP 	hint: autoDraw = False
205.5869 	EXP 	stimuli: color = u'blue (named)'
205.5869 	EXP 	stimuli: text = u'blue'
205.5869 	EXP 	hint: autoDraw = True
206.1022 	EXP 	stimuli: autoDraw = True
206.5200 	DATA 	Keypress: right
206.5245 	EXP 	New trial (rep=0, index=33): OrderedDict([('word', u'green'), ('color', u'green'), ('congruent', 1), ('corrAns', u'down')])
206.5827 	EXP 	stimuli: autoDraw = False
206.5827 	EXP 	hint: autoDraw = False
206.5827 	EXP 	stimuli: color = u'green (named)'
206.5827 	EXP 	stimuli: text = u'green'
206.5827 	EXP 	hint: autoDraw = True
207.0516 	EXP 	stimuli: autoDraw = True
208.8200 	DATA 	Keypress: down
208.8367 	EXP 	New trial (rep=0, index=34): OrderedDict([('word', u'blue'), ('color', u'blue'), ('congruent', 1), ('corrAns', u'right')])
208.8881 	EXP 	stimuli: autoDraw = False
208.8881 	EXP 	hint: autoDraw = False
208.8881 	EXP 	stimuli: color = u'blue (named)'
208.8881 	EXP 	stimuli: text = u'blue'
208.8881 	EXP 	hint: autoDraw = True
209.3650 	EXP 	stimuli: autoDraw = True
212.5651 	DATA 	Keypress: right
212.5818 	EXP 	New trial (rep=0, index=35): OrderedDict([('word', u'green'), ('color', u'green'), ('congruent', 1), ('corrAns', u'down')])
212.6410 	EXP 	stimuli: autoDraw = False
212.6410 	EXP 	hint: autoDraw = False
212.6410 	EXP 	stimuli: color = u'green (named)'
212.6410 	EXP 	stimuli: text = u'green'
212.6410 	EXP 	hint: autoDraw = True
213.1095 	EXP 	stimuli: autoDraw = True
213.8175 	DATA 	Keypress: down
213.8339 	EXP 	New trial (rep=0, index=36): OrderedDict([('word', u'green'), ('color', u'blue'), ('congruent', 0), ('corrAns', u'right')])
213.8478 	EXP 	stimuli: autoDraw = False
213.8478 	EXP 	hint: autoDraw = False
213.8478 	EXP 	stimuli: color = u'blue (named)'
213.8478 	EXP 	stimuli: text = u'green'
213.8478 	EXP 	hint: autoDraw = True
214.3598 	EXP 	stimuli: autoDraw = True
214.9495 	DATA 	Keypress: right
214.9649 	EXP 	New trial (rep=0, index=37): OrderedDict([('word', u'red'), ('color', u'red'), ('congruent', 1), ('corrAns', u'left')])
215.0137 	EXP 	stimuli: autoDraw = False
215.0137 	EXP 	hint: autoDraw = False
215.0137 	EXP 	stimuli: color = u'red (named)'
215.0137 	EXP 	stimuli: text = u'red'
215.0137 	EXP 	hint: autoDraw = True
215.4914 	EXP 	stimuli: autoDraw = True
216.1914 	DATA 	Keypress: left
216.1987 	EXP 	New trial (rep=0, index=38): OrderedDict([('word', u'red'), ('color', u'red'), ('congruent', 1), ('corrAns', u'left')])
216.2191 	EXP 	stimuli: autoDraw = False
216.2191 	EXP 	hint: autoDraw = False
216.2191 	EXP 	stimuli: color = u'red (named)'
216.2191 	EXP 	stimuli: text = u'red'
216.2191 	EXP 	hint: autoDraw = True
216.7218 	EXP 	stimuli: autoDraw = True
217.3724 	DATA 	Keypress: left
217.3770 	EXP 	New trial (rep=0, index=39): OrderedDict([('word', u'red'), ('color', u'blue'), ('congruent', 0), ('corrAns', u'right')])
217.3896 	EXP 	stimuli: autoDraw = False
217.3896 	EXP 	hint: autoDraw = False
217.3896 	EXP 	stimuli: color = u'blue (named)'
217.3896 	EXP 	stimuli: text = u'red'
217.3896 	EXP 	hint: autoDraw = True
217.9035 	EXP 	stimuli: autoDraw = True
218.9365 	DATA 	Keypress: right
218.9411 	EXP 	New trial (rep=0, index=40): OrderedDict([('word', u'red'), ('color', u'green'), ('congruent', 0), ('corrAns', u'down')])
218.9536 	EXP 	stimuli: autoDraw = False
218.9536 	EXP 	hint: autoDraw = False
218.9536 	EXP 	stimuli: color = u'green (named)'
218.9536 	EXP 	stimuli: text = u'red'
218.9536 	EXP 	hint: autoDraw = True
219.4685 	EXP 	stimuli: autoDraw = True
220.6180 	DATA 	Keypress: down
220.6233 	EXP 	New trial (rep=0, index=41): OrderedDict([('word', u'red'), ('color', u'red'), ('congruent', 1), ('corrAns', u'left')])
220.6360 	EXP 	stimuli: autoDraw = False
220.6360 	EXP 	hint: autoDraw = False
220.6360 	EXP 	stimuli: color = u'red (named)'
220.6360 	EXP 	stimuli: text = u'red'
220.6360 	EXP 	hint: autoDraw = True
221.1493 	EXP 	stimuli: autoDraw = True
223.0871 	DATA 	Keypress: left
223.1021 	EXP 	New trial (rep=0, index=42): OrderedDict([('word', u'red'), ('color', u'red'), ('congruent', 1), ('corrAns', u'left')])
223.1143 	EXP 	stimuli: autoDraw = False
223.1143 	EXP 	hint: autoDraw = False
223.1143 	EXP 	stimuli: color = u'red (named)'
223.1143 	EXP 	stimuli: text = u'red'
223.1143 	EXP 	hint: autoDraw = True
223.6294 	EXP 	stimuli: autoDraw = True
224.0969 	DATA 	Keypress: left
224.1014 	EXP 	New trial (rep=0, index=43): OrderedDict([('word', u'green'), ('color', u'blue'), ('congruent', 0), ('corrAns', u'right')])
224.1604 	EXP 	stimuli: autoDraw = False
224.1604 	EXP 	hint: autoDraw = False
224.1604 	EXP 	stimuli: color = u'blue (named)'
224.1604 	EXP 	stimuli: text = u'green'
224.1604 	EXP 	hint: autoDraw = True
224.6281 	EXP 	stimuli: autoDraw = True
226.3937 	DATA 	Keypress: right
226.3982 	EXP 	New trial (rep=0, index=44): OrderedDict([('word', u'blue'), ('color', u'blue'), ('congruent', 1), ('corrAns', u'right')])
226.4504 	EXP 	stimuli: autoDraw = False
226.4504 	EXP 	hint: autoDraw = False
226.4504 	EXP 	stimuli: color = u'blue (named)'
226.4504 	EXP 	stimuli: text = u'blue'
226.4504 	EXP 	hint: autoDraw = True
226.9251 	EXP 	stimuli: autoDraw = True
227.6086 	DATA 	Keypress: right
227.6132 	EXP 	New trial (rep=1, index=0): OrderedDict([('word', u'green'), ('color', u'green'), ('congruent', 1), ('corrAns', u'down')])
227.6702 	EXP 	stimuli: autoDraw = False
227.6702 	EXP 	hint: autoDraw = False
227.6702 	EXP 	stimuli: color = u'green (named)'
227.6702 	EXP 	stimuli: text = u'green'
227.6702 	EXP 	hint: autoDraw = True
228.1401 	EXP 	stimuli: autoDraw = True
228.8569 	DATA 	Keypress: down
228.8614 	EXP 	New trial (rep=1, index=1): OrderedDict([('word', u'red'), ('color', u'red'), ('congruent', 1), ('corrAns', u'left')])
228.9115 	EXP 	stimuli: autoDraw = False
228.9115 	EXP 	hint: autoDraw = False
228.9115 	EXP 	stimuli: color = u'red (named)'
228.9115 	EXP 	stimuli: text = u'red'
228.9115 	EXP 	hint: autoDraw = True
229.3892 	EXP 	stimuli: autoDraw = True
230.0759 	DATA 	Keypress: left
230.0923 	EXP 	New trial (rep=1, index=2): OrderedDict([('word', u'red'), ('color', u'red'), ('congruent', 1), ('corrAns', u'left')])
230.1052 	EXP 	stimuli: autoDraw = False
230.1052 	EXP 	hint: autoDraw = False
230.1052 	EXP 	stimuli: color = u'red (named)'
230.1052 	EXP 	stimuli: text = u'red'
230.1052 	EXP 	hint: autoDraw = True
230.6209 	EXP 	stimuli: autoDraw = True
231.1213 	DATA 	Keypress: left
231.1258 	EXP 	New trial (rep=1, index=3): OrderedDict([('word', u'blue'), ('color', u'blue'), ('congruent', 1), ('corrAns', u'right')])
231.1792 	EXP 	stimuli: autoDraw = False
231.1792 	EXP 	hint: autoDraw = False
231.1792 	EXP 	stimuli: color = u'blue (named)'
231.1792 	EXP 	stimuli: text = u'blue'
231.1792 	EXP 	hint: autoDraw = True
231.6523 	EXP 	stimuli: autoDraw = True
232.5523 	DATA 	Keypress: right
232.5591 	EXP 	New trial (rep=1, index=4): OrderedDict([('word', u'blue'), ('color', u'blue'), ('congruent', 1), ('corrAns', u'right')])
232.5723 	EXP 	stimuli: autoDraw = False
232.5723 	EXP 	hint: autoDraw = False
232.5723 	EXP 	stimuli: color = u'blue (named)'
232.5723 	EXP 	stimuli: text = u'blue'
232.5723 	EXP 	hint: autoDraw = True
233.0839 	EXP 	stimuli: autoDraw = True
233.6191 	DATA 	Keypress: right
233.6400 	EXP 	New trial (rep=1, index=5): OrderedDict([('word', u'green'), ('color', u'blue'), ('congruent', 0), ('corrAns', u'right')])
233.7030 	EXP 	stimuli: autoDraw = False
233.7030 	EXP 	hint: autoDraw = False
233.7030 	EXP 	stimuli: color = u'blue (named)'
233.7030 	EXP 	stimuli: text = u'green'
233.7030 	EXP 	hint: autoDraw = True
234.1656 	EXP 	stimuli: autoDraw = True
235.1663 	DATA 	Keypress: right
235.1708 	EXP 	New trial (rep=1, index=6): OrderedDict([('word', u'blue'), ('color', u'red'), ('congruent', 0), ('corrAns', u'left')])
235.2228 	EXP 	stimuli: autoDraw = False
235.2228 	EXP 	hint: autoDraw = False
235.2228 	EXP 	stimuli: color = u'red (named)'
235.2228 	EXP 	stimuli: text = u'blue'
235.2228 	EXP 	hint: autoDraw = True
235.6969 	EXP 	stimuli: autoDraw = True
237.3472 	DATA 	Keypress: left
237.3517 	EXP 	New trial (rep=1, index=7): OrderedDict([('word', u'green'), ('color', u'red'), ('congruent', 0), ('corrAns', u'left')])
237.4093 	EXP 	stimuli: autoDraw = False
237.4093 	EXP 	hint: autoDraw = False
237.4093 	EXP 	stimuli: color = u'red (named)'
237.4093 	EXP 	stimuli: text = u'green'
237.4093 	EXP 	hint: autoDraw = True
237.8773 	EXP 	stimuli: autoDraw = True
238.8650 	DATA 	Keypress: left
238.8807 	EXP 	New trial (rep=1, index=8): OrderedDict([('word', u'red'), ('color', u'blue'), ('congruent', 0), ('corrAns', u'right')])
238.9281 	EXP 	stimuli: autoDraw = False
238.9281 	EXP 	hint: autoDraw = False
238.9281 	EXP 	stimuli: color = u'blue (named)'
238.9281 	EXP 	stimuli: text = u'red'
238.9281 	EXP 	hint: autoDraw = True
239.4088 	EXP 	stimuli: autoDraw = True
241.2077 	DATA 	Keypress: right
241.2122 	EXP 	New trial (rep=1, index=9): OrderedDict([('word', u'green'), ('color', u'green'), ('congruent', 1), ('corrAns', u'down')])
241.2711 	EXP 	stimuli: autoDraw = False
241.2711 	EXP 	hint: autoDraw = False
241.2711 	EXP 	stimuli: color = u'green (named)'
241.2711 	EXP 	stimuli: text = u'green'
241.2711 	EXP 	hint: autoDraw = True
241.7392 	EXP 	stimuli: autoDraw = True
243.1549 	DATA 	Keypress: down
243.1594 	EXP 	New trial (rep=1, index=10): OrderedDict([('word', u'red'), ('color', u'red'), ('congruent', 1), ('corrAns', u'left')])
243.2059 	EXP 	stimuli: autoDraw = False
243.2059 	EXP 	hint: autoDraw = False
243.2059 	EXP 	stimuli: color = u'red (named)'
243.2059 	EXP 	stimuli: text = u'red'
243.2059 	EXP 	hint: autoDraw = True
243.6869 	EXP 	stimuli: autoDraw = True
245.4522 	DATA 	Keypress: left
245.4568 	EXP 	New trial (rep=1, index=11): OrderedDict([('word', u'red'), ('color', u'red'), ('congruent', 1), ('corrAns', u'left')])
245.4690 	EXP 	stimuli: autoDraw = False
245.4690 	EXP 	hint: autoDraw = False
245.4690 	EXP 	stimuli: color = u'red (named)'
245.4690 	EXP 	stimuli: text = u'red'
245.4690 	EXP 	hint: autoDraw = True
245.9835 	EXP 	stimuli: autoDraw = True
246.5837 	DATA 	Keypress: left
246.5887 	EXP 	New trial (rep=1, index=12): OrderedDict([('word', u'red'), ('color', u'red'), ('congruent', 1), ('corrAns', u'left')])
246.6009 	EXP 	stimuli: autoDraw = False
246.6009 	EXP 	hint: autoDraw = False
246.6009 	EXP 	stimuli: color = u'red (named)'
246.6009 	EXP 	stimuli: text = u'red'
246.6009 	EXP 	hint: autoDraw = True
247.1154 	EXP 	stimuli: autoDraw = True
247.5204 	DATA 	Keypress: left
247.5365 	EXP 	New trial (rep=1, index=13): OrderedDict([('word', u'red'), ('color', u'green'), ('congruent', 0), ('corrAns', u'down')])
247.5489 	EXP 	stimuli: autoDraw = False
247.5489 	EXP 	hint: autoDraw = False
247.5489 	EXP 	stimuli: color = u'green (named)'
247.5489 	EXP 	stimuli: text = u'red'
247.5489 	EXP 	hint: autoDraw = True
248.0641 	EXP 	stimuli: autoDraw = True
249.2847 	DATA 	Keypress: down
249.3013 	EXP 	New trial (rep=1, index=14): OrderedDict([('word', u'red'), ('color', u'red'), ('congruent', 1), ('corrAns', u'left')])
249.3134 	EXP 	stimuli: autoDraw = False
249.3134 	EXP 	hint: autoDraw = False
249.3134 	EXP 	stimuli: color = u'red (named)'
249.3134 	EXP 	stimuli: text = u'red'
249.3134 	EXP 	hint: autoDraw = True
249.8287 	EXP 	stimuli: autoDraw = True
250.8283 	DATA 	Keypress: left
250.8336 	EXP 	New trial (rep=1, index=15): OrderedDict([('word', u'green'), ('color', u'green'), ('congruent', 1), ('corrAns', u'down')])
250.8920 	EXP 	stimuli: autoDraw = False
250.8920 	EXP 	hint: autoDraw = False
250.8920 	EXP 	stimuli: color = u'green (named)'
250.8920 	EXP 	stimuli: text = u'green'
250.8920 	EXP 	hint: autoDraw = True
251.3598 	EXP 	stimuli: autoDraw = True
252.3105 	DATA 	Keypress: down
252.3163 	EXP 	New trial (rep=1, index=16): OrderedDict([('word', u'green'), ('color', u'green'), ('congruent', 1), ('corrAns', u'down')])
252.3286 	EXP 	stimuli: autoDraw = False
252.3286 	EXP 	hint: autoDraw = False
252.3286 	EXP 	stimuli: color = u'green (named)'
252.3286 	EXP 	stimuli: text = u'green'
252.3286 	EXP 	hint: autoDraw = True
252.8414 	EXP 	stimuli: autoDraw = True
253.3084 	DATA 	Keypress: down
253.3135 	EXP 	New trial (rep=1, index=17): OrderedDict([('word', u'red'), ('color', u'green'), ('congruent', 0), ('corrAns', u'down')])
253.3600 	EXP 	stimuli: autoDraw = False
253.3600 	EXP 	hint: autoDraw = False
253.3600 	EXP 	stimuli: color = u'green (named)'
253.3600 	EXP 	stimuli: text = u'red'
253.3600 	EXP 	hint: autoDraw = True
253.8401 	EXP 	stimuli: autoDraw = True
254.3079 	DATA 	Keypress: down
254.3125 	EXP 	New trial (rep=1, index=18): OrderedDict([('word', u'blue'), ('color', u'blue'), ('congruent', 1), ('corrAns', u'right')])
254.3674 	EXP 	stimuli: autoDraw = False
254.3674 	EXP 	hint: autoDraw = False
254.3674 	EXP 	stimuli: color = u'blue (named)'
254.3674 	EXP 	stimuli: text = u'blue'
254.3674 	EXP 	hint: autoDraw = True
254.8389 	EXP 	stimuli: autoDraw = True
255.5600 	DATA 	Keypress: right
255.5762 	EXP 	New trial (rep=1, index=19): OrderedDict([('word', u'blue'), ('color', u'blue'), ('congruent', 1), ('corrAns', u'right')])
255.5883 	EXP 	stimuli: autoDraw = False
255.5883 	EXP 	hint: autoDraw = False
255.5883 	EXP 	stimuli: color = u'blue (named)'
255.5883 	EXP 	stimuli: text = u'blue'
255.5883 	EXP 	hint: autoDraw = True
256.1038 	EXP 	stimuli: autoDraw = True
257.1040 	DATA 	Keypress: right
257.1086 	EXP 	New trial (rep=1, index=20): OrderedDict([('word', u'red'), ('color', u'red'), ('congruent', 1), ('corrAns', u'left')])
257.1601 	EXP 	stimuli: autoDraw = False
257.1601 	EXP 	hint: autoDraw = False
257.1601 	EXP 	stimuli: color = u'red (named)'
257.1601 	EXP 	stimuli: text = u'red'
257.1601 	EXP 	hint: autoDraw = True
257.6355 	EXP 	stimuli: autoDraw = True
258.5188 	DATA 	Keypress: left
258.5233 	EXP 	New trial (rep=1, index=21): OrderedDict([('word', u'green'), ('color', u'green'), ('congruent', 1), ('corrAns', u'down')])
258.5817 	EXP 	stimuli: autoDraw = False
258.5817 	EXP 	hint: autoDraw = False
258.5817 	EXP 	stimuli: color = u'green (named)'
258.5817 	EXP 	stimuli: text = u'green'
258.5817 	EXP 	hint: autoDraw = True
259.0498 	EXP 	stimuli: autoDraw = True
260.5165 	DATA 	Keypress: down
260.5215 	EXP 	New trial (rep=1, index=22): OrderedDict([('word', u'blue'), ('color', u'blue'), ('congruent', 1), ('corrAns', u'right')])
260.5792 	EXP 	stimuli: autoDraw = False
260.5792 	EXP 	hint: autoDraw = False
260.5792 	EXP 	stimuli: color = u'blue (named)'
260.5792 	EXP 	stimuli: text = u'blue'
260.5792 	EXP 	hint: autoDraw = True
261.0473 	EXP 	stimuli: autoDraw = True
262.6174 	DATA 	Keypress: right
262.6333 	EXP 	New trial (rep=1, index=23): OrderedDict([('word', u'blue'), ('color', u'blue'), ('congruent', 1), ('corrAns', u'right')])
262.6461 	EXP 	stimuli: autoDraw = False
262.6461 	EXP 	hint: autoDraw = False
262.6461 	EXP 	stimuli: color = u'blue (named)'
262.6461 	EXP 	stimuli: text = u'blue'
262.6461 	EXP 	hint: autoDraw = True
263.1616 	EXP 	stimuli: autoDraw = True
263.7675 	DATA 	Keypress: right
263.7833 	EXP 	New trial (rep=1, index=24): OrderedDict([('word', u'green'), ('color', u'green'), ('congruent', 1), ('corrAns', u'down')])
263.8383 	EXP 	stimuli: autoDraw = False
263.8383 	EXP 	hint: autoDraw = False
263.8383 	EXP 	stimuli: color = u'green (named)'
263.8383 	EXP 	stimuli: text = u'green'
263.8383 	EXP 	hint: autoDraw = True
264.3099 	EXP 	stimuli: autoDraw = True
268.3059 	DATA 	Keypress: down
268.3105 	EXP 	New trial (rep=1, index=25): OrderedDict([('word', u'red'), ('color', u'red'), ('congruent', 1), ('corrAns', u'left')])
268.3588 	EXP 	stimuli: autoDraw = False
268.3588 	EXP 	hint: autoDraw = False
268.3588 	EXP 	stimuli: color = u'red (named)'
268.3588 	EXP 	stimuli: text = u'red'
268.3588 	EXP 	hint: autoDraw = True
268.8373 	EXP 	stimuli: autoDraw = True
270.0205 	DATA 	Keypress: left
270.0262 	EXP 	New trial (rep=1, index=26): OrderedDict([('word', u'green'), ('color', u'blue'), ('congruent', 0), ('corrAns', u'right')])
270.0897 	EXP 	stimuli: autoDraw = False
270.0897 	EXP 	hint: autoDraw = False
270.0897 	EXP 	stimuli: color = u'blue (named)'
270.0897 	EXP 	stimuli: text = u'green'
270.0897 	EXP 	hint: autoDraw = True
270.5527 	EXP 	stimuli: autoDraw = True
271.7013 	DATA 	Keypress: right
271.7058 	EXP 	New trial (rep=1, index=27): OrderedDict([('word', u'blue'), ('color', u'blue'), ('congruent', 1), ('corrAns', u'right')])
271.7594 	EXP 	stimuli: autoDraw = False
271.7594 	EXP 	hint: autoDraw = False
271.7594 	EXP 	stimuli: color = u'blue (named)'
271.7594 	EXP 	stimuli: text = u'blue'
271.7594 	EXP 	hint: autoDraw = True
272.2329 	EXP 	stimuli: autoDraw = True
272.8177 	DATA 	Keypress: right
272.8230 	EXP 	New trial (rep=1, index=28): OrderedDict([('word', u'blue'), ('color', u'blue'), ('congruent', 1), ('corrAns', u'right')])
272.8363 	EXP 	stimuli: autoDraw = False
272.8363 	EXP 	hint: autoDraw = False
272.8363 	EXP 	stimuli: color = u'blue (named)'
272.8363 	EXP 	stimuli: text = u'blue'
272.8363 	EXP 	hint: autoDraw = True
273.3480 	EXP 	stimuli: autoDraw = True
273.7657 	DATA 	Keypress: right
273.7702 	EXP 	New trial (rep=1, index=29): OrderedDict([('word', u'green'), ('color', u'green'), ('congruent', 1), ('corrAns', u'down')])
273.8264 	EXP 	stimuli: autoDraw = False
273.8264 	EXP 	hint: autoDraw = False
273.8264 	EXP 	stimuli: color = u'green (named)'
273.8264 	EXP 	stimuli: text = u'green'
273.8264 	EXP 	hint: autoDraw = True
274.2968 	EXP 	stimuli: autoDraw = True
275.5962 	DATA 	Keypress: down
275.6008 	EXP 	New trial (rep=1, index=30): OrderedDict([('word', u'blue'), ('color', u'blue'), ('congruent', 1), ('corrAns', u'right')])
275.6526 	EXP 	stimuli: autoDraw = False
275.6526 	EXP 	hint: autoDraw = False
275.6526 	EXP 	stimuli: color = u'blue (named)'
275.6526 	EXP 	stimuli: text = u'blue'
275.6526 	EXP 	hint: autoDraw = True
276.1278 	EXP 	stimuli: autoDraw = True
277.2939 	DATA 	Keypress: right
277.2985 	EXP 	New trial (rep=1, index=31): OrderedDict([('word', u'blue'), ('color', u'green'), ('congruent', 0), ('corrAns', u'down')])
277.3105 	EXP 	stimuli: autoDraw = False
277.3105 	EXP 	hint: autoDraw = False
277.3105 	EXP 	stimuli: color = u'green (named)'
277.3105 	EXP 	stimuli: text = u'blue'
277.3105 	EXP 	hint: autoDraw = True
277.8256 	EXP 	stimuli: autoDraw = True
278.8094 	DATA 	Keypress: down
278.8140 	EXP 	New trial (rep=1, index=32): OrderedDict([('word', u'green'), ('color', u'green'), ('congruent', 1), ('corrAns', u'down')])
278.8694 	EXP 	stimuli: autoDraw = False
278.8694 	EXP 	hint: autoDraw = False
278.8694 	EXP 	stimuli: color = u'green (named)'
278.8694 	EXP 	stimuli: text = u'green'
278.8694 	EXP 	hint: autoDraw = True
279.3404 	EXP 	stimuli: autoDraw = True
281.1724 	DATA 	Keypress: down
281.1770 	EXP 	New trial (rep=1, index=33): OrderedDict([('word', u'red'), ('color', u'red'), ('congruent', 1), ('corrAns', u'left')])
281.2245 	EXP 	stimuli: autoDraw = False
281.2245 	EXP 	hint: autoDraw = False
281.2245 	EXP 	stimuli: color = u'red (named)'
281.2245 	EXP 	stimuli: text = u'red'
281.2245 	EXP 	hint: autoDraw = True
281.7045 	EXP 	stimuli: autoDraw = True
282.8702 	DATA 	Keypress: right
282.8747 	EXP 	New trial (rep=1, index=34): OrderedDict([('word', u'green'), ('color', u'green'), ('congruent', 1), ('corrAns', u'down')])
282.9317 	EXP 	stimuli: autoDraw = False
282.9317 	EXP 	hint: autoDraw = False
282.9317 	EXP 	stimuli: color = u'green (named)'
282.9317 	EXP 	stimuli: text = u'green'
282.9317 	EXP 	hint: autoDraw = True
283.4016 	EXP 	stimuli: autoDraw = True
285.8504 	DATA 	Keypress: down
285.8550 	EXP 	New trial (rep=1, index=35): OrderedDict([('word', u'green'), ('color', u'green'), ('congruent', 1), ('corrAns', u'down')])
285.8674 	EXP 	stimuli: autoDraw = False
285.8674 	EXP 	hint: autoDraw = False
285.8674 	EXP 	stimuli: color = u'green (named)'
285.8674 	EXP 	stimuli: text = u'green'
285.8674 	EXP 	hint: autoDraw = True
286.3811 	EXP 	stimuli: autoDraw = True
286.8024 	DATA 	Keypress: down
286.8186 	EXP 	New trial (rep=1, index=36): OrderedDict([('word', u'blue'), ('color', u'blue'), ('congruent', 1), ('corrAns', u'right')])
286.8734 	EXP 	stimuli: autoDraw = False
286.8734 	EXP 	hint: autoDraw = False
286.8734 	EXP 	stimuli: color = u'blue (named)'
286.8734 	EXP 	stimuli: text = u'blue'
286.8734 	EXP 	hint: autoDraw = True
287.3466 	EXP 	stimuli: autoDraw = True
288.0632 	DATA 	Keypress: right
288.0677 	EXP 	New trial (rep=1, index=37): OrderedDict([('word', u'blue'), ('color', u'blue'), ('congruent', 1), ('corrAns', u'right')])
288.0804 	EXP 	stimuli: autoDraw = False
288.0804 	EXP 	hint: autoDraw = False
288.0804 	EXP 	stimuli: color = u'blue (named)'
288.0804 	EXP 	stimuli: text = u'blue'
288.0804 	EXP 	hint: autoDraw = True
288.5954 	EXP 	stimuli: autoDraw = True
289.0629 	DATA 	Keypress: right
289.0680 	EXP 	New trial (rep=1, index=38): OrderedDict([('word', u'red'), ('color', u'red'), ('congruent', 1), ('corrAns', u'left')])
289.1141 	EXP 	stimuli: autoDraw = False
289.1141 	EXP 	hint: autoDraw = False
289.1141 	EXP 	stimuli: color = u'red (named)'
289.1141 	EXP 	stimuli: text = u'red'
289.1141 	EXP 	hint: autoDraw = True
289.5938 	EXP 	stimuli: autoDraw = True
290.5806 	DATA 	Keypress: left
290.5972 	EXP 	New trial (rep=1, index=39): OrderedDict([('word', u'red'), ('color', u'red'), ('congruent', 1), ('corrAns', u'left')])
290.6097 	EXP 	stimuli: autoDraw = False
290.6097 	EXP 	hint: autoDraw = False
290.6097 	EXP 	stimuli: color = u'red (named)'
290.6097 	EXP 	stimuli: text = u'red'
290.6097 	EXP 	hint: autoDraw = True
291.1250 	EXP 	stimuli: autoDraw = True
292.3299 	DATA 	Keypress: left
292.3454 	EXP 	New trial (rep=1, index=40): OrderedDict([('word', u'red'), ('color', u'red'), ('congruent', 1), ('corrAns', u'left')])
292.3572 	EXP 	stimuli: autoDraw = False
292.3572 	EXP 	hint: autoDraw = False
292.3572 	EXP 	stimuli: color = u'red (named)'
292.3572 	EXP 	stimuli: text = u'red'
292.3572 	EXP 	hint: autoDraw = True
292.8727 	EXP 	stimuli: autoDraw = True
293.4566 	DATA 	Keypress: left
293.4612 	EXP 	New trial (rep=1, index=41): OrderedDict([('word', u'blue'), ('color', u'blue'), ('congruent', 1), ('corrAns', u'right')])
293.5125 	EXP 	stimuli: autoDraw = False
293.5125 	EXP 	hint: autoDraw = False
293.5125 	EXP 	stimuli: color = u'blue (named)'
293.5125 	EXP 	stimuli: text = u'blue'
293.5125 	EXP 	hint: autoDraw = True
293.9880 	EXP 	stimuli: autoDraw = True
295.4538 	DATA 	Keypress: right
295.4585 	EXP 	New trial (rep=1, index=42): OrderedDict([('word', u'green'), ('color', u'green'), ('congruent', 1), ('corrAns', u'down')])
295.5154 	EXP 	stimuli: autoDraw = False
295.5154 	EXP 	hint: autoDraw = False
295.5154 	EXP 	stimuli: color = u'green (named)'
295.5154 	EXP 	stimuli: text = u'green'
295.5154 	EXP 	hint: autoDraw = True
295.9852 	EXP 	stimuli: autoDraw = True
296.8728 	DATA 	Keypress: down
296.8893 	EXP 	New trial (rep=1, index=43): OrderedDict([('word', u'green'), ('color', u'green'), ('congruent', 1), ('corrAns', u'down')])
296.9014 	EXP 	stimuli: autoDraw = False
296.9014 	EXP 	hint: autoDraw = False
296.9014 	EXP 	stimuli: color = u'green (named)'
296.9014 	EXP 	stimuli: text = u'green'
296.9014 	EXP 	hint: autoDraw = True
297.4168 	EXP 	stimuli: autoDraw = True
297.9173 	DATA 	Keypress: down
297.9218 	EXP 	New trial (rep=1, index=44): OrderedDict([('word', u'blue'), ('color', u'red'), ('congruent', 0), ('corrAns', u'left')])
297.9735 	EXP 	stimuli: autoDraw = False
297.9735 	EXP 	hint: autoDraw = False
297.9735 	EXP 	stimuli: color = u'red (named)'
297.9735 	EXP 	stimuli: text = u'blue'
297.9735 	EXP 	hint: autoDraw = True
298.4492 	EXP 	stimuli: autoDraw = True
299.6319 	DATA 	Keypress: left
299.6376 	EXP 	New trial (rep=2, index=0): OrderedDict([('word', u'red'), ('color', u'red'), ('congruent', 1), ('corrAns', u'left')])
299.6846 	EXP 	stimuli: autoDraw = False
299.6846 	EXP 	hint: autoDraw = False
299.6846 	EXP 	stimuli: color = u'red (named)'
299.6846 	EXP 	stimuli: text = u'red'
299.6846 	EXP 	hint: autoDraw = True
300.1635 	EXP 	stimuli: autoDraw = True
300.5841 	DATA 	Keypress: left
300.6007 	EXP 	New trial (rep=2, index=1): OrderedDict([('word', u'blue'), ('color', u'red'), ('congruent', 0), ('corrAns', u'left')])
300.6655 	EXP 	stimuli: autoDraw = False
300.6655 	EXP 	hint: autoDraw = False
300.6655 	EXP 	stimuli: color = u'red (named)'
300.6655 	EXP 	stimuli: text = u'blue'
300.6655 	EXP 	hint: autoDraw = True
301.1285 	EXP 	stimuli: autoDraw = True
301.5462 	DATA 	Keypress: left
301.5507 	EXP 	New trial (rep=2, index=2): OrderedDict([('word', u'red'), ('color', u'red'), ('congruent', 1), ('corrAns', u'left')])
301.5999 	EXP 	stimuli: autoDraw = False
301.5999 	EXP 	hint: autoDraw = False
301.5999 	EXP 	stimuli: color = u'red (named)'
301.5999 	EXP 	stimuli: text = u'red'
301.5999 	EXP 	hint: autoDraw = True
302.0775 	EXP 	stimuli: autoDraw = True
302.5112 	DATA 	Keypress: left
302.5158 	EXP 	New trial (rep=2, index=3): OrderedDict([('word', u'green'), ('color', u'green'), ('congruent', 1), ('corrAns', u'down')])
302.5718 	EXP 	stimuli: autoDraw = False
302.5718 	EXP 	hint: autoDraw = False
302.5718 	EXP 	stimuli: color = u'green (named)'
302.5718 	EXP 	stimuli: text = u'green'
302.5718 	EXP 	hint: autoDraw = True
303.0429 	EXP 	stimuli: autoDraw = True
304.3631 	DATA 	Keypress: down
304.3791 	EXP 	New trial (rep=2, index=4): OrderedDict([('word', u'green'), ('color', u'blue'), ('congruent', 0), ('corrAns', u'right')])
304.3917 	EXP 	stimuli: autoDraw = False
304.3917 	EXP 	hint: autoDraw = False
304.3917 	EXP 	stimuli: color = u'blue (named)'
304.3917 	EXP 	stimuli: text = u'green'
304.3917 	EXP 	hint: autoDraw = True
304.9070 	EXP 	stimuli: autoDraw = True
307.0265 	DATA 	Keypress: right
307.0425 	EXP 	New trial (rep=2, index=5): OrderedDict([('word', u'blue'), ('color', u'blue'), ('congruent', 1), ('corrAns', u'right')])
307.0941 	EXP 	stimuli: autoDraw = False
307.0941 	EXP 	hint: autoDraw = False
307.0941 	EXP 	stimuli: color = u'blue (named)'
307.0941 	EXP 	stimuli: text = u'blue'
307.0941 	EXP 	hint: autoDraw = True
307.5702 	EXP 	stimuli: autoDraw = True
307.9549 	DATA 	Keypress: right
307.9595 	EXP 	New trial (rep=2, index=6): OrderedDict([('word', u'red'), ('color', u'blue'), ('congruent', 0), ('corrAns', u'right')])
308.0072 	EXP 	stimuli: autoDraw = False
308.0072 	EXP 	hint: autoDraw = False
308.0072 	EXP 	stimuli: color = u'blue (named)'
308.0072 	EXP 	stimuli: text = u'red'
308.0072 	EXP 	hint: autoDraw = True
308.4865 	EXP 	stimuli: autoDraw = True
308.8700 	DATA 	Keypress: right
308.8746 	EXP 	New trial (rep=2, index=7): OrderedDict([('word', u'blue'), ('color', u'blue'), ('congruent', 1), ('corrAns', u'right')])
308.9273 	EXP 	stimuli: autoDraw = False
308.9273 	EXP 	hint: autoDraw = False
308.9273 	EXP 	stimuli: color = u'blue (named)'
308.9273 	EXP 	stimuli: text = u'blue'
308.9273 	EXP 	hint: autoDraw = True
309.4011 	EXP 	stimuli: autoDraw = True
309.9034 	DATA 	Keypress: right
309.9080 	EXP 	New trial (rep=2, index=8): OrderedDict([('word', u'blue'), ('color', u'blue'), ('congruent', 1), ('corrAns', u'right')])
309.9204 	EXP 	stimuli: autoDraw = False
309.9204 	EXP 	hint: autoDraw = False
309.9204 	EXP 	stimuli: color = u'blue (named)'
309.9204 	EXP 	stimuli: text = u'blue'
309.9204 	EXP 	hint: autoDraw = True
310.4330 	EXP 	stimuli: autoDraw = True
310.8340 	DATA 	Keypress: right
310.8399 	EXP 	New trial (rep=2, index=9): OrderedDict([('word', u'red'), ('color', u'red'), ('congruent', 1), ('corrAns', u'left')])
310.8877 	EXP 	stimuli: autoDraw = False
310.8877 	EXP 	hint: autoDraw = False
310.8877 	EXP 	stimuli: color = u'red (named)'
310.8877 	EXP 	stimuli: text = u'red'
310.8877 	EXP 	hint: autoDraw = True
311.3654 	EXP 	stimuli: autoDraw = True
312.0490 	DATA 	Keypress: left
312.0535 	EXP 	New trial (rep=2, index=10): OrderedDict([('word', u'blue'), ('color', u'green'), ('congruent', 0), ('corrAns', u'down')])
312.1040 	EXP 	stimuli: autoDraw = False
312.1040 	EXP 	hint: autoDraw = False
312.1040 	EXP 	stimuli: color = u'green (named)'
312.1040 	EXP 	stimuli: text = u'blue'
312.1040 	EXP 	hint: autoDraw = True
312.5803 	EXP 	stimuli: autoDraw = True
312.9982 	DATA 	Keypress: down
313.0027 	EXP 	New trial (rep=2, index=11): OrderedDict([('word', u'green'), ('color', u'green'), ('congruent', 1), ('corrAns', u'down')])
313.0604 	EXP 	stimuli: autoDraw = False
313.0604 	EXP 	hint: autoDraw = False
313.0604 	EXP 	stimuli: color = u'green (named)'
313.0604 	EXP 	stimuli: text = u'green'
313.0604 	EXP 	hint: autoDraw = True
313.5291 	EXP 	stimuli: autoDraw = True
314.3957 	DATA 	Keypress: down
314.4004 	EXP 	New trial (rep=2, index=12): OrderedDict([('word', u'green'), ('color', u'green'), ('congruent', 1), ('corrAns', u'down')])
314.4124 	EXP 	stimuli: autoDraw = False
314.4124 	EXP 	hint: autoDraw = False
314.4124 	EXP 	stimuli: color = u'green (named)'
314.4124 	EXP 	stimuli: text = u'green'
314.4124 	EXP 	hint: autoDraw = True
314.9273 	EXP 	stimuli: autoDraw = True
315.3152 	DATA 	Keypress: down
315.3317 	EXP 	New trial (rep=2, index=13): OrderedDict([('word', u'red'), ('color', u'red'), ('congruent', 1), ('corrAns', u'left')])
315.3800 	EXP 	stimuli: autoDraw = False
315.3800 	EXP 	hint: autoDraw = False
315.3800 	EXP 	stimuli: color = u'red (named)'
315.3800 	EXP 	stimuli: text = u'red'
315.3800 	EXP 	hint: autoDraw = True
315.8596 	EXP 	stimuli: autoDraw = True
316.8457 	DATA 	Keypress: left
316.8513 	EXP 	New trial (rep=2, index=14): OrderedDict([('word', u'green'), ('color', u'green'), ('congruent', 1), ('corrAns', u'down')])
316.9066 	EXP 	stimuli: autoDraw = False
316.9066 	EXP 	hint: autoDraw = False
316.9066 	EXP 	stimuli: color = u'green (named)'
316.9066 	EXP 	stimuli: text = u'green'
316.9066 	EXP 	hint: autoDraw = True
317.3744 	EXP 	stimuli: autoDraw = True
318.0909 	DATA 	Keypress: down
318.0958 	EXP 	New trial (rep=2, index=15): OrderedDict([('word', u'green'), ('color', u'green'), ('congruent', 1), ('corrAns', u'down')])
318.1080 	EXP 	stimuli: autoDraw = False
318.1080 	EXP 	hint: autoDraw = False
318.1080 	EXP 	stimuli: color = u'green (named)'
318.1080 	EXP 	stimuli: text = u'green'
318.1080 	EXP 	hint: autoDraw = True
318.6276 	EXP 	stimuli: autoDraw = True
319.0081 	DATA 	Keypress: down
319.0127 	EXP 	New trial (rep=2, index=16): OrderedDict([('word', u'green'), ('color', u'green'), ('congruent', 1), ('corrAns', u'down')])
319.0251 	EXP 	stimuli: autoDraw = False
319.0251 	EXP 	hint: autoDraw = False
319.0251 	EXP 	stimuli: color = u'green (named)'
319.0251 	EXP 	stimuli: text = u'green'
319.0251 	EXP 	hint: autoDraw = True
319.5380 	EXP 	stimuli: autoDraw = True
319.8898 	DATA 	Keypress: down
319.8944 	EXP 	New trial (rep=2, index=17): OrderedDict([('word', u'red'), ('color', u'green'), ('congruent', 0), ('corrAns', u'down')])
319.9410 	EXP 	stimuli: autoDraw = False
319.9410 	EXP 	hint: autoDraw = False
319.9410 	EXP 	stimuli: color = u'green (named)'
319.9410 	EXP 	stimuli: text = u'red'
319.9410 	EXP 	hint: autoDraw = True
320.4203 	EXP 	stimuli: autoDraw = True
321.1373 	DATA 	Keypress: down
321.1424 	EXP 	New trial (rep=2, index=18): OrderedDict([('word', u'blue'), ('color', u'blue'), ('congruent', 1), ('corrAns', u'right')])
321.1941 	EXP 	stimuli: autoDraw = False
321.1941 	EXP 	hint: autoDraw = False
321.1941 	EXP 	stimuli: color = u'blue (named)'
321.1941 	EXP 	stimuli: text = u'blue'
321.1941 	EXP 	hint: autoDraw = True
321.6684 	EXP 	stimuli: autoDraw = True
322.7563 	DATA 	Keypress: right
322.7731 	EXP 	New trial (rep=2, index=19): OrderedDict([('word', u'green'), ('color', u'green'), ('congruent', 1), ('corrAns', u'down')])
322.8310 	EXP 	stimuli: autoDraw = False
322.8310 	EXP 	hint: autoDraw = False
322.8310 	EXP 	stimuli: color = u'green (named)'
322.8310 	EXP 	stimuli: text = u'green'
322.8310 	EXP 	hint: autoDraw = True
323.2997 	EXP 	stimuli: autoDraw = True
324.5326 	DATA 	Keypress: down
324.5375 	EXP 	New trial (rep=2, index=20): OrderedDict([('word', u'blue'), ('color', u'blue'), ('congruent', 1), ('corrAns', u'right')])
324.5903 	EXP 	stimuli: autoDraw = False
324.5903 	EXP 	hint: autoDraw = False
324.5903 	EXP 	stimuli: color = u'blue (named)'
324.5903 	EXP 	stimuli: text = u'blue'
324.5903 	EXP 	hint: autoDraw = True
325.0641 	EXP 	stimuli: autoDraw = True
331.7076 	DATA 	Keypress: right
331.7135 	EXP 	New trial (rep=2, index=21): OrderedDict([('word', u'red'), ('color', u'red'), ('congruent', 1), ('corrAns', u'left')])
331.7601 	EXP 	stimuli: autoDraw = False
331.7601 	EXP 	hint: autoDraw = False
331.7601 	EXP 	stimuli: color = u'red (named)'
331.7601 	EXP 	stimuli: text = u'red'
331.7601 	EXP 	hint: autoDraw = True
332.2385 	EXP 	stimuli: autoDraw = True
332.9057 	DATA 	Keypress: left
332.9103 	EXP 	New trial (rep=2, index=22): OrderedDict([('word', u'green'), ('color', u'red'), ('congruent', 0), ('corrAns', u'left')])
332.9685 	EXP 	stimuli: autoDraw = False
332.9685 	EXP 	hint: autoDraw = False
332.9685 	EXP 	stimuli: color = u'red (named)'
332.9685 	EXP 	stimuli: text = u'green'
332.9685 	EXP 	hint: autoDraw = True
333.4366 	EXP 	stimuli: autoDraw = True
334.2033 	DATA 	Keypress: left
334.2084 	EXP 	New trial (rep=2, index=23): OrderedDict([('word', u'blue'), ('color', u'blue'), ('congruent', 1), ('corrAns', u'right')])
334.2610 	EXP 	stimuli: autoDraw = False
334.2610 	EXP 	hint: autoDraw = False
334.2610 	EXP 	stimuli: color = u'blue (named)'
334.2610 	EXP 	stimuli: text = u'blue'
334.2610 	EXP 	hint: autoDraw = True
334.7350 	EXP 	stimuli: autoDraw = True
335.3189 	DATA 	Keypress: down
335.3234 	EXP 	New trial (rep=2, index=24): OrderedDict([('word', u'blue'), ('color', u'red'), ('congruent', 0), ('corrAns', u'left')])
335.3364 	EXP 	stimuli: autoDraw = False
335.3364 	EXP 	hint: autoDraw = False
335.3364 	EXP 	stimuli: color = u'red (named)'
335.3364 	EXP 	stimuli: text = u'blue'
335.3364 	EXP 	hint: autoDraw = True
335.8503 	EXP 	stimuli: autoDraw = True
337.7075 	DATA 	Keypress: left
337.7140 	EXP 	New trial (rep=2, index=25): OrderedDict([('word', u'green'), ('color', u'green'), ('congruent', 1), ('corrAns', u'down')])
337.7694 	EXP 	stimuli: autoDraw = False
337.7694 	EXP 	hint: autoDraw = False
337.7694 	EXP 	stimuli: color = u'green (named)'
337.7694 	EXP 	stimuli: text = u'green'
337.7694 	EXP 	hint: autoDraw = True
338.2470 	EXP 	stimuli: autoDraw = True
339.2474 	DATA 	Keypress: down
339.2520 	EXP 	New trial (rep=2, index=26): OrderedDict([('word', u'red'), ('color', u'red'), ('congruent', 1), ('corrAns', u'left')])
339.3001 	EXP 	stimuli: autoDraw = False
339.3001 	EXP 	hint: autoDraw = False
339.3001 	EXP 	stimuli: color = u'red (named)'
339.3001 	EXP 	stimuli: text = u'red'
339.3001 	EXP 	hint: autoDraw = True
339.7787 	EXP 	stimuli: autoDraw = True
340.5334 	DATA 	Keypress: right
340.5488 	EXP 	New trial (rep=2, index=27): OrderedDict([('word', u'red'), ('color', u'red'), ('congruent', 1), ('corrAns', u'left')])
340.5616 	EXP 	stimuli: autoDraw = False
340.5616 	EXP 	hint: autoDraw = False
340.5616 	EXP 	stimuli: color = u'red (named)'
340.5616 	EXP 	stimuli: text = u'red'
340.5616 	EXP 	hint: autoDraw = True
341.0767 	EXP 	stimuli: autoDraw = True
342.6262 	DATA 	Keypress: left
342.6308 	EXP 	New trial (rep=2, index=28): OrderedDict([('word', u'blue'), ('color', u'blue'), ('congruent', 1), ('corrAns', u'right')])
342.6832 	EXP 	stimuli: autoDraw = False
342.6832 	EXP 	hint: autoDraw = False
342.6832 	EXP 	stimuli: color = u'blue (named)'
342.6832 	EXP 	stimuli: text = u'blue'
342.6832 	EXP 	hint: autoDraw = True
343.1573 	EXP 	stimuli: autoDraw = True
345.0397 	DATA 	Keypress: right
345.0443 	EXP 	New trial (rep=2, index=29): OrderedDict([('word', u'green'), ('color', u'green'), ('congruent', 1), ('corrAns', u'down')])
345.1038 	EXP 	stimuli: autoDraw = False
345.1038 	EXP 	hint: autoDraw = False
345.1038 	EXP 	stimuli: color = u'green (named)'
345.1038 	EXP 	stimuli: text = u'green'
345.1038 	EXP 	hint: autoDraw = True
345.5709 	EXP 	stimuli: autoDraw = True
346.4376 	DATA 	Keypress: down
346.4427 	EXP 	New trial (rep=2, index=30): OrderedDict([('word', u'green'), ('color', u'green'), ('congruent', 1), ('corrAns', u'down')])
346.4553 	EXP 	stimuli: autoDraw = False
346.4553 	EXP 	hint: autoDraw = False
346.4553 	EXP 	stimuli: color = u'green (named)'
346.4553 	EXP 	stimuli: text = u'green'
346.4553 	EXP 	hint: autoDraw = True
346.9690 	EXP 	stimuli: autoDraw = True
347.2908 	DATA 	Keypress: down
347.3067 	EXP 	New trial (rep=2, index=31): OrderedDict([('word', u'red'), ('color', u'red'), ('congruent', 1), ('corrAns', u'left')])
347.3556 	EXP 	stimuli: autoDraw = False
347.3556 	EXP 	hint: autoDraw = False
347.3556 	EXP 	stimuli: color = u'red (named)'
347.3556 	EXP 	stimuli: text = u'red'
347.3556 	EXP 	hint: autoDraw = True
347.8346 	EXP 	stimuli: autoDraw = True
348.6558 	DATA 	Keypress: left
348.6718 	EXP 	New trial (rep=2, index=32): OrderedDict([('word', u'green'), ('color', u'green'), ('congruent', 1), ('corrAns', u'down')])
348.7296 	EXP 	stimuli: autoDraw = False
348.7296 	EXP 	hint: autoDraw = False
348.7296 	EXP 	stimuli: color = u'green (named)'
348.7296 	EXP 	stimuli: text = u'green'
348.7296 	EXP 	hint: autoDraw = True
349.1996 	EXP 	stimuli: autoDraw = True
350.4704 	DATA 	Keypress: down
350.4873 	EXP 	New trial (rep=2, index=33): OrderedDict([('word', u'red'), ('color', u'red'), ('congruent', 1), ('corrAns', u'left')])
350.5350 	EXP 	stimuli: autoDraw = False
350.5350 	EXP 	hint: autoDraw = False
350.5350 	EXP 	stimuli: color = u'red (named)'
350.5350 	EXP 	stimuli: text = u'red'
350.5350 	EXP 	hint: autoDraw = True
351.0139 	EXP 	stimuli: autoDraw = True
352.3305 	DATA 	Keypress: left
352.3351 	EXP 	New trial (rep=2, index=34): OrderedDict([('word', u'red'), ('color', u'red'), ('congruent', 1), ('corrAns', u'left')])
352.3473 	EXP 	stimuli: autoDraw = False
352.3473 	EXP 	hint: autoDraw = False
352.3473 	EXP 	stimuli: color = u'red (named)'
352.3473 	EXP 	stimuli: text = u'red'
352.3473 	EXP 	hint: autoDraw = True
352.8614 	EXP 	stimuli: autoDraw = True
353.2461 	DATA 	Keypress: left
353.2508 	EXP 	New trial (rep=2, index=35): OrderedDict([('word', u'red'), ('color', u'red'), ('congruent', 1), ('corrAns', u'left')])
353.2631 	EXP 	stimuli: autoDraw = False
353.2631 	EXP 	hint: autoDraw = False
353.2631 	EXP 	stimuli: color = u'red (named)'
353.2631 	EXP 	stimuli: text = u'red'
353.2631 	EXP 	hint: autoDraw = True
353.7769 	EXP 	stimuli: autoDraw = True
354.1616 	DATA 	Keypress: left
354.1663 	EXP 	New trial (rep=2, index=36): OrderedDict([('word', u'blue'), ('color', u'blue'), ('congruent', 1), ('corrAns', u'right')])
354.2199 	EXP 	stimuli: autoDraw = False
354.2199 	EXP 	hint: autoDraw = False
354.2199 	EXP 	stimuli: color = u'blue (named)'
354.2199 	EXP 	stimuli: text = u'blue'
354.2199 	EXP 	hint: autoDraw = True
354.6925 	EXP 	stimuli: autoDraw = True
356.0582 	DATA 	Keypress: right
356.0626 	EXP 	New trial (rep=2, index=37): OrderedDict([('word', u'blue'), ('color', u'blue'), ('congruent', 1), ('corrAns', u'right')])
356.0749 	EXP 	stimuli: autoDraw = False
356.0749 	EXP 	hint: autoDraw = False
356.0749 	EXP 	stimuli: color = u'blue (named)'
356.0749 	EXP 	stimuli: text = u'blue'
356.0749 	EXP 	hint: autoDraw = True
356.5901 	EXP 	stimuli: autoDraw = True
357.1745 	DATA 	Keypress: right
357.1791 	EXP 	New trial (rep=2, index=38): OrderedDict([('word', u'blue'), ('color', u'blue'), ('congruent', 1), ('corrAns', u'right')])
357.1914 	EXP 	stimuli: autoDraw = False
357.1914 	EXP 	hint: autoDraw = False
357.1914 	EXP 	stimuli: color = u'blue (named)'
357.1914 	EXP 	stimuli: text = u'blue'
357.1914 	EXP 	hint: autoDraw = True
357.7052 	EXP 	stimuli: autoDraw = True
358.1557 	DATA 	Keypress: right
358.1604 	EXP 	New trial (rep=2, index=39): OrderedDict([('word', u'green'), ('color', u'green'), ('congruent', 1), ('corrAns', u'down')])
358.2185 	EXP 	stimuli: autoDraw = False
358.2185 	EXP 	hint: autoDraw = False
358.2185 	EXP 	stimuli: color = u'green (named)'
358.2185 	EXP 	stimuli: text = u'green'
358.2185 	EXP 	hint: autoDraw = True
358.6871 	EXP 	stimuli: autoDraw = True
359.4713 	DATA 	Keypress: down
359.4758 	EXP 	New trial (rep=2, index=40): OrderedDict([('word', u'blue'), ('color', u'blue'), ('congruent', 1), ('corrAns', u'right')])
359.5284 	EXP 	stimuli: autoDraw = False
359.5284 	EXP 	hint: autoDraw = False
359.5284 	EXP 	stimuli: color = u'blue (named)'
359.5284 	EXP 	stimuli: text = u'blue'
359.5284 	EXP 	hint: autoDraw = True
360.0020 	EXP 	stimuli: autoDraw = True
361.0850 	DATA 	Keypress: right
361.0900 	EXP 	New trial (rep=2, index=41): OrderedDict([('word', u'blue'), ('color', u'blue'), ('congruent', 1), ('corrAns', u'right')])
361.1026 	EXP 	stimuli: autoDraw = False
361.1026 	EXP 	hint: autoDraw = False
361.1026 	EXP 	stimuli: color = u'blue (named)'
361.1026 	EXP 	stimuli: text = u'blue'
361.1026 	EXP 	hint: autoDraw = True
361.6167 	EXP 	stimuli: autoDraw = True
362.2013 	DATA 	Keypress: right
362.2060 	EXP 	New trial (rep=2, index=42): OrderedDict([('word', u'green'), ('color', u'blue'), ('congruent', 0), ('corrAns', u'right')])
362.2641 	EXP 	stimuli: autoDraw = False
362.2641 	EXP 	hint: autoDraw = False
362.2641 	EXP 	stimuli: color = u'blue (named)'
362.2641 	EXP 	stimuli: text = u'green'
362.2641 	EXP 	hint: autoDraw = True
362.7319 	EXP 	stimuli: autoDraw = True
363.2655 	DATA 	Keypress: right
363.2707 	EXP 	New trial (rep=2, index=43): OrderedDict([('word', u'red'), ('color', u'red'), ('congruent', 1), ('corrAns', u'left')])
363.3165 	EXP 	stimuli: autoDraw = False
363.3165 	EXP 	hint: autoDraw = False
363.3165 	EXP 	stimuli: color = u'red (named)'
363.3165 	EXP 	stimuli: text = u'red'
363.3165 	EXP 	hint: autoDraw = True
363.7980 	EXP 	stimuli: autoDraw = True
364.6643 	DATA 	Keypress: left
364.6697 	EXP 	New trial (rep=2, index=44): OrderedDict([('word', u'red'), ('color', u'green'), ('congruent', 0), ('corrAns', u'down')])
364.6821 	EXP 	stimuli: autoDraw = False
364.6821 	EXP 	hint: autoDraw = False
364.6821 	EXP 	stimuli: color = u'green (named)'
364.6821 	EXP 	stimuli: text = u'red'
364.6821 	EXP 	hint: autoDraw = True
365.1955 	EXP 	stimuli: autoDraw = True
366.5452 	DATA 	Keypress: down
366.5497 	EXP 	New trial (rep=3, index=0): OrderedDict([('word', u'blue'), ('color', u'green'), ('congruent', 0), ('corrAns', u'down')])
366.6006 	EXP 	stimuli: autoDraw = False
366.6006 	EXP 	hint: autoDraw = False
366.6006 	EXP 	stimuli: color = u'green (named)'
366.6006 	EXP 	stimuli: text = u'blue'
366.6006 	EXP 	hint: autoDraw = True
367.0764 	EXP 	stimuli: autoDraw = True
367.5269 	DATA 	Keypress: down
367.5323 	EXP 	New trial (rep=3, index=1): OrderedDict([('word', u'blue'), ('color', u'blue'), ('congruent', 1), ('corrAns', u'right')])
367.5446 	EXP 	stimuli: autoDraw = False
367.5446 	EXP 	hint: autoDraw = False
367.5446 	EXP 	stimuli: color = u'blue (named)'
367.5446 	EXP 	stimuli: text = u'blue'
367.5446 	EXP 	hint: autoDraw = True
368.0584 	EXP 	stimuli: autoDraw = True
368.7919 	DATA 	Keypress: right
368.7964 	EXP 	New trial (rep=3, index=2): OrderedDict([('word', u'red'), ('color', u'red'), ('congruent', 1), ('corrAns', u'left')])
368.8461 	EXP 	stimuli: autoDraw = False
368.8461 	EXP 	hint: autoDraw = False
368.8461 	EXP 	stimuli: color = u'red (named)'
368.8461 	EXP 	stimuli: text = u'red'
368.8461 	EXP 	hint: autoDraw = True
369.3234 	EXP 	stimuli: autoDraw = True
369.9742 	DATA 	Keypress: left
369.9788 	EXP 	New trial (rep=3, index=3): OrderedDict([('word', u'green'), ('color', u'blue'), ('congruent', 0), ('corrAns', u'right')])
370.0369 	EXP 	stimuli: autoDraw = False
370.0369 	EXP 	hint: autoDraw = False
370.0369 	EXP 	stimuli: color = u'blue (named)'
370.0369 	EXP 	stimuli: text = u'green'
370.0369 	EXP 	hint: autoDraw = True
370.5055 	EXP 	stimuli: autoDraw = True
371.4051 	DATA 	Keypress: down
371.4096 	EXP 	New trial (rep=3, index=4): OrderedDict([('word', u'blue'), ('color', u'red'), ('congruent', 0), ('corrAns', u'left')])
371.4615 	EXP 	stimuli: autoDraw = False
371.4615 	EXP 	hint: autoDraw = False
371.4615 	EXP 	stimuli: color = u'red (named)'
371.4615 	EXP 	stimuli: text = u'blue'
371.4615 	EXP 	hint: autoDraw = True
371.9367 	EXP 	stimuli: autoDraw = True
373.3197 	DATA 	Keypress: left
373.3242 	EXP 	New trial (rep=3, index=5): OrderedDict([('word', u'red'), ('color', u'red'), ('congruent', 1), ('corrAns', u'left')])
373.3747 	EXP 	stimuli: autoDraw = False
373.3747 	EXP 	hint: autoDraw = False
373.3747 	EXP 	stimuli: color = u'red (named)'
373.3747 	EXP 	stimuli: text = u'red'
373.3747 	EXP 	hint: autoDraw = True
373.8508 	EXP 	stimuli: autoDraw = True
374.3886 	DATA 	Keypress: left
374.4047 	EXP 	New trial (rep=3, index=6): OrderedDict([('word', u'red'), ('color', u'green'), ('congruent', 0), ('corrAns', u'down')])
374.4175 	EXP 	stimuli: autoDraw = False
374.4175 	EXP 	hint: autoDraw = False
374.4175 	EXP 	stimuli: color = u'green (named)'
374.4175 	EXP 	stimuli: text = u'red'
374.4175 	EXP 	hint: autoDraw = True
374.9327 	EXP 	stimuli: autoDraw = True
376.6488 	DATA 	Keypress: down
376.6534 	EXP 	New trial (rep=3, index=7): OrderedDict([('word', u'green'), ('color', u'green'), ('congruent', 1), ('corrAns', u'down')])
376.7109 	EXP 	stimuli: autoDraw = False
376.7109 	EXP 	hint: autoDraw = False
376.7109 	EXP 	stimuli: color = u'green (named)'
376.7109 	EXP 	stimuli: text = u'green'
376.7109 	EXP 	hint: autoDraw = True
377.1800 	EXP 	stimuli: autoDraw = True
377.6136 	DATA 	Keypress: down
377.6187 	EXP 	New trial (rep=3, index=8): OrderedDict([('word', u'blue'), ('color', u'blue'), ('congruent', 1), ('corrAns', u'right')])
377.6700 	EXP 	stimuli: autoDraw = False
377.6700 	EXP 	hint: autoDraw = False
377.6700 	EXP 	stimuli: color = u'blue (named)'
377.6700 	EXP 	stimuli: text = u'blue'
377.6700 	EXP 	hint: autoDraw = True
378.1453 	EXP 	stimuli: autoDraw = True
378.7296 	DATA 	Keypress: right
378.7348 	EXP 	New trial (rep=3, index=9): OrderedDict([('word', u'red'), ('color', u'green'), ('congruent', 0), ('corrAns', u'down')])
378.7815 	EXP 	stimuli: autoDraw = False
378.7815 	EXP 	hint: autoDraw = False
378.7815 	EXP 	stimuli: color = u'green (named)'
378.7815 	EXP 	stimuli: text = u'red'
378.7815 	EXP 	hint: autoDraw = True
379.2604 	EXP 	stimuli: autoDraw = True
380.2443 	DATA 	Keypress: left
380.2489 	EXP 	New trial (rep=3, index=10): OrderedDict([('word', u'blue'), ('color', u'blue'), ('congruent', 1), ('corrAns', u'right')])
380.3002 	EXP 	stimuli: autoDraw = False
380.3002 	EXP 	hint: autoDraw = False
380.3002 	EXP 	stimuli: color = u'blue (named)'
380.3002 	EXP 	stimuli: text = u'blue'
380.3002 	EXP 	hint: autoDraw = True
380.7755 	EXP 	stimuli: autoDraw = True
383.8220 	DATA 	Keypress: right
383.8267 	EXP 	New trial (rep=3, index=11): OrderedDict([('word', u'blue'), ('color', u'blue'), ('congruent', 1), ('corrAns', u'right')])
383.8388 	EXP 	stimuli: autoDraw = False
383.8388 	EXP 	hint: autoDraw = False
383.8388 	EXP 	stimuli: color = u'blue (named)'
383.8388 	EXP 	stimuli: text = u'blue'
383.8388 	EXP 	hint: autoDraw = True
384.3538 	EXP 	stimuli: autoDraw = True
384.8588 	DATA 	Keypress: right
384.8747 	EXP 	New trial (rep=3, index=12): OrderedDict([('word', u'red'), ('color', u'red'), ('congruent', 1), ('corrAns', u'left')])
384.9223 	EXP 	stimuli: autoDraw = False
384.9223 	EXP 	hint: autoDraw = False
384.9223 	EXP 	stimuli: color = u'red (named)'
384.9223 	EXP 	stimuli: text = u'red'
384.9223 	EXP 	hint: autoDraw = True
385.4132 	EXP 	stimuli: autoDraw = True
386.2900 	DATA 	Keypress: left
386.3062 	EXP 	New trial (rep=3, index=13): OrderedDict([('word', u'red'), ('color', u'red'), ('congruent', 1), ('corrAns', u'left')])
386.3186 	EXP 	stimuli: autoDraw = False
386.3186 	EXP 	hint: autoDraw = False
386.3186 	EXP 	stimuli: color = u'red (named)'
386.3186 	EXP 	stimuli: text = u'red'
386.3186 	EXP 	hint: autoDraw = True
386.8340 	EXP 	stimuli: autoDraw = True
387.3053 	DATA 	Keypress: left
387.3213 	EXP 	New trial (rep=3, index=14): OrderedDict([('word', u'red'), ('color', u'red'), ('congruent', 1), ('corrAns', u'left')])
387.3343 	EXP 	stimuli: autoDraw = False
387.3343 	EXP 	hint: autoDraw = False
387.3343 	EXP 	stimuli: color = u'red (named)'
387.3343 	EXP 	stimuli: text = u'red'
387.3343 	EXP 	hint: autoDraw = True
387.8494 	EXP 	stimuli: autoDraw = True
388.3498 	DATA 	Keypress: left
388.3544 	EXP 	New trial (rep=3, index=15): OrderedDict([('word', u'green'), ('color', u'green'), ('congruent', 1), ('corrAns', u'down')])
388.4140 	EXP 	stimuli: autoDraw = False
388.4140 	EXP 	hint: autoDraw = False
388.4140 	EXP 	stimuli: color = u'green (named)'
388.4140 	EXP 	stimuli: text = u'green'
388.4140 	EXP 	hint: autoDraw = True
388.8813 	EXP 	stimuli: autoDraw = True
389.6813 	DATA 	Keypress: down
389.6876 	EXP 	New trial (rep=3, index=16): OrderedDict([('word', u'blue'), ('color', u'blue'), ('congruent', 1), ('corrAns', u'right')])
389.7399 	EXP 	stimuli: autoDraw = False
389.7399 	EXP 	hint: autoDraw = False
389.7399 	EXP 	stimuli: color = u'blue (named)'
389.7399 	EXP 	stimuli: text = u'blue'
389.7399 	EXP 	hint: autoDraw = True
390.2128 	EXP 	stimuli: autoDraw = True
390.8139 	DATA 	Keypress: right
390.8185 	EXP 	New trial (rep=3, index=17): OrderedDict([('word', u'red'), ('color', u'red'), ('congruent', 1), ('corrAns', u'left')])
390.8659 	EXP 	stimuli: autoDraw = False
390.8659 	EXP 	hint: autoDraw = False
390.8659 	EXP 	stimuli: color = u'red (named)'
390.8659 	EXP 	stimuli: text = u'red'
390.8659 	EXP 	hint: autoDraw = True
391.3450 	EXP 	stimuli: autoDraw = True
392.0782 	DATA 	Keypress: left
392.0835 	EXP 	New trial (rep=3, index=18): OrderedDict([('word', u'red'), ('color', u'red'), ('congruent', 1), ('corrAns', u'left')])
392.0960 	EXP 	stimuli: autoDraw = False
392.0960 	EXP 	hint: autoDraw = False
392.0960 	EXP 	stimuli: color = u'red (named)'
392.0960 	EXP 	stimuli: text = u'red'
392.0960 	EXP 	hint: autoDraw = True
392.6096 	EXP 	stimuli: autoDraw = True
393.1439 	DATA 	Keypress: left
393.1489 	EXP 	New trial (rep=3, index=19): OrderedDict([('word', u'green'), ('color', u'blue'), ('congruent', 0), ('corrAns', u'right')])
393.2080 	EXP 	stimuli: autoDraw = False
393.2080 	EXP 	hint: autoDraw = False
393.2080 	EXP 	stimuli: color = u'blue (named)'
393.2080 	EXP 	stimuli: text = u'green'
393.2080 	EXP 	hint: autoDraw = True
393.6751 	EXP 	stimuli: autoDraw = True
397.0550 	DATA 	Keypress: right
397.0595 	EXP 	New trial (rep=3, index=20): OrderedDict([('word', u'red'), ('color', u'red'), ('congruent', 1), ('corrAns', u'left')])
397.1080 	EXP 	stimuli: autoDraw = False
397.1080 	EXP 	hint: autoDraw = False
397.1080 	EXP 	stimuli: color = u'red (named)'
397.1080 	EXP 	stimuli: text = u'red'
397.1080 	EXP 	hint: autoDraw = True
397.5865 	EXP 	stimuli: autoDraw = True
398.3371 	DATA 	Keypress: left
398.3417 	EXP 	New trial (rep=3, index=21): OrderedDict([('word', u'green'), ('color', u'green'), ('congruent', 1), ('corrAns', u'down')])
398.4021 	EXP 	stimuli: autoDraw = False
398.4021 	EXP 	hint: autoDraw = False
398.4021 	EXP 	stimuli: color = u'green (named)'
398.4021 	EXP 	stimuli: text = u'green'
398.4021 	EXP 	hint: autoDraw = True
398.8680 	EXP 	stimuli: autoDraw = True
403.0646 	DATA 	Keypress: down
403.0840 	EXP 	New trial (rep=3, index=22): OrderedDict([('word', u'blue'), ('color', u'blue'), ('congruent', 1), ('corrAns', u'right')])
403.1351 	EXP 	stimuli: autoDraw = False
403.1351 	EXP 	hint: autoDraw = False
403.1351 	EXP 	stimuli: color = u'blue (named)'
403.1351 	EXP 	stimuli: text = u'blue'
403.1351 	EXP 	hint: autoDraw = True
403.1637 	DATA 	Keypress: down
403.6120 	EXP 	stimuli: autoDraw = True
404.3172 	DATA 	Keypress: right
404.3329 	EXP 	New trial (rep=3, index=23): OrderedDict([('word', u'blue'), ('color', u'blue'), ('congruent', 1), ('corrAns', u'right')])
404.3452 	EXP 	stimuli: autoDraw = False
404.3452 	EXP 	hint: autoDraw = False
404.3452 	EXP 	stimuli: color = u'blue (named)'
404.3452 	EXP 	stimuli: text = u'blue'
404.3452 	EXP 	hint: autoDraw = True
404.8604 	EXP 	stimuli: autoDraw = True
405.3786 	DATA 	Keypress: right
405.3977 	EXP 	New trial (rep=3, index=24): OrderedDict([('word', u'blue'), ('color', u'blue'), ('congruent', 1), ('corrAns', u'right')])
405.4104 	EXP 	stimuli: autoDraw = False
405.4104 	EXP 	hint: autoDraw = False
405.4104 	EXP 	stimuli: color = u'blue (named)'
405.4104 	EXP 	stimuli: text = u'blue'
405.4104 	EXP 	hint: autoDraw = True
405.9257 	EXP 	stimuli: autoDraw = True
406.3767 	DATA 	Keypress: right
406.3812 	EXP 	New trial (rep=3, index=25): OrderedDict([('word', u'red'), ('color', u'red'), ('congruent', 1), ('corrAns', u'left')])
406.4299 	EXP 	stimuli: autoDraw = False
406.4299 	EXP 	hint: autoDraw = False
406.4299 	EXP 	stimuli: color = u'red (named)'
406.4299 	EXP 	stimuli: text = u'red'
406.4299 	EXP 	hint: autoDraw = True
406.9077 	EXP 	stimuli: autoDraw = True
407.5585 	DATA 	Keypress: left
407.5630 	EXP 	New trial (rep=3, index=26): OrderedDict([('word', u'blue'), ('color', u'blue'), ('congruent', 1), ('corrAns', u'right')])
407.6145 	EXP 	stimuli: autoDraw = False
407.6145 	EXP 	hint: autoDraw = False
407.6145 	EXP 	stimuli: color = u'blue (named)'
407.6145 	EXP 	stimuli: text = u'blue'
407.6145 	EXP 	hint: autoDraw = True
408.0894 	EXP 	stimuli: autoDraw = True
408.9394 	DATA 	Keypress: right
408.9439 	EXP 	New trial (rep=3, index=27): OrderedDict([('word', u'red'), ('color', u'red'), ('congruent', 1), ('corrAns', u'left')])
408.9924 	EXP 	stimuli: autoDraw = False
408.9924 	EXP 	hint: autoDraw = False
408.9924 	EXP 	stimuli: color = u'red (named)'
408.9924 	EXP 	stimuli: text = u'red'
408.9924 	EXP 	hint: autoDraw = True
409.4710 	EXP 	stimuli: autoDraw = True
410.4714 	DATA 	Keypress: left
410.4769 	EXP 	New trial (rep=3, index=28): OrderedDict([('word', u'green'), ('color', u'green'), ('congruent', 1), ('corrAns', u'down')])
410.5351 	EXP 	stimuli: autoDraw = False
410.5351 	EXP 	hint: autoDraw = False
410.5351 	EXP 	stimuli: color = u'green (named)'
410.5351 	EXP 	stimuli: text = u'green'
410.5351 	EXP 	hint: autoDraw = True
411.0024 	EXP 	stimuli: autoDraw = True
412.2691 	DATA 	Keypress: down
412.2757 	EXP 	New trial (rep=3, index=29): OrderedDict([('word', u'green'), ('color', u'green'), ('congruent', 1), ('corrAns', u'down')])
412.2891 	EXP 	stimuli: autoDraw = False
412.2891 	EXP 	hint: autoDraw = False
412.2891 	EXP 	stimuli: color = u'green (named)'
412.2891 	EXP 	stimuli: text = u'green'
412.2891 	EXP 	hint: autoDraw = True
412.8000 	EXP 	stimuli: autoDraw = True
413.2174 	DATA 	Keypress: down
413.2219 	EXP 	New trial (rep=3, index=30): OrderedDict([('word', u'red'), ('color', u'blue'), ('congruent', 0), ('corrAns', u'right')])
413.2693 	EXP 	stimuli: autoDraw = False
413.2693 	EXP 	hint: autoDraw = False
413.2693 	EXP 	stimuli: color = u'blue (named)'
413.2693 	EXP 	stimuli: text = u'red'
413.2693 	EXP 	hint: autoDraw = True
413.7490 	EXP 	stimuli: autoDraw = True
414.8489 	DATA 	Keypress: right
414.8537 	EXP 	New trial (rep=3, index=31): OrderedDict([('word', u'blue'), ('color', u'blue'), ('congruent', 1), ('corrAns', u'right')])
414.9076 	EXP 	stimuli: autoDraw = False
414.9076 	EXP 	hint: autoDraw = False
414.9076 	EXP 	stimuli: color = u'blue (named)'
414.9076 	EXP 	stimuli: text = u'blue'
414.9076 	EXP 	hint: autoDraw = True
415.3802 	EXP 	stimuli: autoDraw = True
416.2468 	DATA 	Keypress: right
416.2513 	EXP 	New trial (rep=3, index=32): OrderedDict([('word', u'blue'), ('color', u'red'), ('congruent', 0), ('corrAns', u'left')])
416.2633 	EXP 	stimuli: autoDraw = False
416.2633 	EXP 	hint: autoDraw = False
416.2633 	EXP 	stimuli: color = u'red (named)'
416.2633 	EXP 	stimuli: text = u'blue'
416.2633 	EXP 	hint: autoDraw = True
416.7784 	EXP 	stimuli: autoDraw = True
418.7275 	DATA 	Keypress: left
418.7321 	EXP 	New trial (rep=3, index=33): OrderedDict([('word', u'green'), ('color', u'green'), ('congruent', 1), ('corrAns', u'down')])
418.7890 	EXP 	stimuli: autoDraw = False
418.7890 	EXP 	hint: autoDraw = False
418.7890 	EXP 	stimuli: color = u'green (named)'
418.7890 	EXP 	stimuli: text = u'green'
418.7890 	EXP 	hint: autoDraw = True
419.2586 	EXP 	stimuli: autoDraw = True
420.1088 	DATA 	Keypress: down
420.1134 	EXP 	New trial (rep=3, index=34): OrderedDict([('word', u'green'), ('color', u'green'), ('congruent', 1), ('corrAns', u'down')])
420.1254 	EXP 	stimuli: autoDraw = False
420.1254 	EXP 	hint: autoDraw = False
420.1254 	EXP 	stimuli: color = u'green (named)'
420.1254 	EXP 	stimuli: text = u'green'
420.1254 	EXP 	hint: autoDraw = True
420.6399 	EXP 	stimuli: autoDraw = True
422.1561 	DATA 	Keypress: down
422.1607 	EXP 	New trial (rep=3, index=35): OrderedDict([('word', u'green'), ('color', u'green'), ('congruent', 1), ('corrAns', u'down')])
422.1735 	EXP 	stimuli: autoDraw = False
422.1735 	EXP 	hint: autoDraw = False
422.1735 	EXP 	stimuli: color = u'green (named)'
422.1735 	EXP 	stimuli: text = u'green'
422.1735 	EXP 	hint: autoDraw = True
422.6875 	EXP 	stimuli: autoDraw = True
423.2709 	DATA 	Keypress: down
423.2758 	EXP 	New trial (rep=3, index=36): OrderedDict([('word', u'green'), ('color', u'green'), ('congruent', 1), ('corrAns', u'down')])
423.2883 	EXP 	stimuli: autoDraw = False
423.2883 	EXP 	hint: autoDraw = False
423.2883 	EXP 	stimuli: color = u'green (named)'
423.2883 	EXP 	stimuli: text = u'green'
423.2883 	EXP 	hint: autoDraw = True
423.8026 	EXP 	stimuli: autoDraw = True
424.2567 	DATA 	Keypress: down
424.2736 	EXP 	New trial (rep=3, index=37): OrderedDict([('word', u'blue'), ('color', u'blue'), ('congruent', 1), ('corrAns', u'right')])
424.3281 	EXP 	stimuli: autoDraw = False
424.3281 	EXP 	hint: autoDraw = False
424.3281 	EXP 	stimuli: color = u'blue (named)'
424.3281 	EXP 	stimuli: text = u'blue'
424.3281 	EXP 	hint: autoDraw = True
424.8011 	EXP 	stimuli: autoDraw = True
425.7226 	DATA 	Keypress: right
425.7388 	EXP 	New trial (rep=3, index=38): OrderedDict([('word', u'green'), ('color', u'green'), ('congruent', 1), ('corrAns', u'down')])
425.7977 	EXP 	stimuli: autoDraw = False
425.7977 	EXP 	hint: autoDraw = False
425.7977 	EXP 	stimuli: color = u'green (named)'
425.7977 	EXP 	stimuli: text = u'green'
425.7977 	EXP 	hint: autoDraw = True
426.2657 	EXP 	stimuli: autoDraw = True
430.2621 	DATA 	Keypress: down
430.2667 	EXP 	New trial (rep=3, index=39): OrderedDict([('word', u'green'), ('color', u'red'), ('congruent', 0), ('corrAns', u'left')])
430.2786 	EXP 	stimuli: autoDraw = False
430.2786 	EXP 	hint: autoDraw = False
430.2786 	EXP 	stimuli: color = u'red (named)'
430.2786 	EXP 	stimuli: text = u'green'
430.2786 	EXP 	hint: autoDraw = True
430.7937 	EXP 	stimuli: autoDraw = True
431.7972 	DATA 	Keypress: left
431.8137 	EXP 	New trial (rep=3, index=40): OrderedDict([('word', u'green'), ('color', u'green'), ('congruent', 1), ('corrAns', u'down')])
431.8265 	EXP 	stimuli: autoDraw = False
431.8265 	EXP 	hint: autoDraw = False
431.8265 	EXP 	stimuli: color = u'green (named)'
431.8265 	EXP 	stimuli: text = u'green'
431.8265 	EXP 	hint: autoDraw = True
432.3414 	EXP 	stimuli: autoDraw = True
433.8904 	DATA 	Keypress: down
433.8950 	EXP 	New trial (rep=3, index=41): OrderedDict([('word', u'green'), ('color', u'green'), ('congruent', 1), ('corrAns', u'down')])
433.9070 	EXP 	stimuli: autoDraw = False
433.9070 	EXP 	hint: autoDraw = False
433.9070 	EXP 	stimuli: color = u'green (named)'
433.9070 	EXP 	stimuli: text = u'green'
433.9070 	EXP 	hint: autoDraw = True
434.4219 	EXP 	stimuli: autoDraw = True
434.9766 	DATA 	Keypress: down
434.9925 	EXP 	New trial (rep=3, index=42): OrderedDict([('word', u'red'), ('color', u'red'), ('congruent', 1), ('corrAns', u'left')])
435.0426 	EXP 	stimuli: autoDraw = False
435.0426 	EXP 	hint: autoDraw = False
435.0426 	EXP 	stimuli: color = u'red (named)'
435.0426 	EXP 	stimuli: text = u'red'
435.0426 	EXP 	hint: autoDraw = True
435.5204 	EXP 	stimuli: autoDraw = True
437.3694 	DATA 	Keypress: left
437.3747 	EXP 	New trial (rep=3, index=43): OrderedDict([('word', u'blue'), ('color', u'blue'), ('congruent', 1), ('corrAns', u'right')])
437.4266 	EXP 	stimuli: autoDraw = False
437.4266 	EXP 	hint: autoDraw = False
437.4266 	EXP 	stimuli: color = u'blue (named)'
437.4266 	EXP 	stimuli: text = u'blue'
437.4266 	EXP 	hint: autoDraw = True
437.9006 	EXP 	stimuli: autoDraw = True
439.0511 	DATA 	Keypress: right
439.0563 	EXP 	New trial (rep=3, index=44): OrderedDict([('word', u'red'), ('color', u'red'), ('congruent', 1), ('corrAns', u'left')])
439.1056 	EXP 	stimuli: autoDraw = False
439.1056 	EXP 	hint: autoDraw = False
439.1056 	EXP 	stimuli: color = u'red (named)'
439.1056 	EXP 	stimuli: text = u'red'
439.1056 	EXP 	hint: autoDraw = True
439.5821 	EXP 	stimuli: autoDraw = True
441.9966 	DATA 	Keypress: left
442.8471 	EXP 	stimuli: autoDraw = False
442.8471 	EXP 	hint: autoDraw = False
442.8471 	EXP 	text_2: autoDraw = True
448.1729 	DATA 	Keypress: space
451.1042 	EXP 	window1: mouseVisible = True
