60.2226 	EXP 	Created window1 = Window(allowGUI=False, allowStencil=False, args=UNKNOWN, autoLog=True, bitsMode=UNKNOWN, blendMode='avg', color=array([-1., -1., -1.]), colorSpace='rgb', fullscr=UNKNOWN, gamma=None, kwargs=UNKNOWN, lms=UNKNOWN, monitor=<psychopy.monitors.calibTools.Monitor object at 0x1ACF68F0>, multiSample=False, name='window1', numSamples=2, pos=[0, 0], screen=0, size=array([1366,  768]), stereo=False, units='norm', useFBO=True, useRetina=False, viewOri=0.0, viewPos=None, viewScale=None, waitBlanking=True, winType=u'pyglet')
60.2231 	EXP 	window1: recordFrameIntervals = False
60.3805 	EXP 	window1: recordFrameIntervals = True
60.5666 	EXP 	window1: recordFrameIntervals = False
70.7945 	EXP 	Created instr = TextStim(alignHoriz='center', alignVert='center', antialias=True, autoLog=True, bold=False, color=array([ 1.,  1.,  1.]), colorSpace='rgb', contrast=1.0, depth=0.0, flipHoriz=False, flipVert=False, font='Arial', fontFiles=[], height=28, italic=False, name='instr', opacity=1.0, ori=0, pos=array([ 0.,  0.]), rgb=array([ 1.,  1.,  1.]), text=newstr(...), units='pix', win=Window(...), wrapWidth=900)
71.4396 	EXP 	Created stimuli = TextStim(alignHoriz='center', alignVert='center', antialias=True, autoLog=True, bold=False, color=array([ 1.,  1.,  1.]), colorSpace='rgb', contrast=1.0, depth=0.0, flipHoriz=False, flipVert=False, font='Arial', fontFiles=[], height=0.2, italic=False, name='stimuli', opacity=1.0, ori=0, pos=array([ 0.,  0.]), rgb=array([ 1.,  1.,  1.]), text='default text', units='norm', win=Window(...), wrapWidth=1)
72.3666 	EXP 	Created hint = TextStim(alignHoriz='center', alignVert='center', antialias=True, autoLog=True, bold=False, color='white', colorSpace='named', contrast=1.0, depth=-2.0, flipHoriz=False, flipVert=False, font='Arial', fontFiles=[], height=0.07, italic=False, name='hint', opacity=1.0, ori=0, pos=array([ 0. ,  0.7]), rgb=array([ 255.,  255.,  255.]), text='left => red    down => green   right = blue', units='norm', win=Window(...), wrapWidth=1)
72.8504 	EXP 	Created msgFeedback = TextStim(alignHoriz='center', alignVert='center', antialias=True, autoLog=True, bold=False, color=array([ 1.,  1.,  1.]), colorSpace='rgb', contrast=1.0, depth=-1.0, flipHoriz=False, flipVert=False, font='Arial', fontFiles=[], height=0.1, italic=False, name='msgFeedback', opacity=1.0, ori=0, pos=array([ 0.,  0.]), rgb=array([ 1.,  1.,  1.]), text='default text', units='norm', win=Window(...), wrapWidth=1)
77.0191 	EXP 	Created text = TextStim(alignHoriz='center', alignVert='center', antialias=True, autoLog=True, bold=False, color='white', colorSpace='named', contrast=1.0, depth=0.0, flipHoriz=False, flipVert=False, font='Arial', fontFiles=[], height=28, italic=False, name='text', opacity=1.0, ori=0, pos=array([ 0.,  0.]), rgb=array([ 255.,  255.,  255.]), text=newstr(...), units='pix', win=Window(...), wrapWidth=900)
77.3306 	EXP 	Created stimuli = TextStim(alignHoriz='center', alignVert='center', antialias=True, autoLog=True, bold=False, color=array([ 1.,  1.,  1.]), colorSpace='rgb', contrast=1.0, depth=0.0, flipHoriz=False, flipVert=False, font='Arial', fontFiles=[], height=0.2, italic=False, name='stimuli', opacity=1.0, ori=0, pos=array([ 0.,  0.]), rgb=array([ 1.,  1.,  1.]), text='default text', units='norm', win=Window(...), wrapWidth=1)
78.0978 	EXP 	Created hint = TextStim(alignHoriz='center', alignVert='center', antialias=True, autoLog=True, bold=False, color='white', colorSpace='named', contrast=1.0, depth=-2.0, flipHoriz=False, flipVert=False, font='Arial', fontFiles=[], height=0.07, italic=False, name='hint', opacity=1.0, ori=0, pos=array([ 0. ,  0.7]), rgb=array([ 255.,  255.,  255.]), text='left => red    down => green   right = blue', units='norm', win=Window(...), wrapWidth=1)
79.4806 	EXP 	Created text_2 = TextStim(alignHoriz='center', alignVert='center', antialias=True, autoLog=True, bold=False, color='white', colorSpace='named', contrast=1.0, depth=0.0, flipHoriz=False, flipVert=False, font='Arial', fontFiles=[], height=28, italic=False, name='text_2', opacity=1.0, ori=0, pos=array([ 0.,  0.]), rgb=array([ 255.,  255.,  255.]), text=newstr(...), units='pix', win=Window(...), wrapWidth=900)
79.5072 	EXP 	instr: autoDraw = True
136.9329 	DATA 	Keypress: space
137.2400 	EXP 	Imported pract_conditions.xlsx as conditions, 12 conditions, 4 params
137.2454 	EXP 	Created sequence: random, trialTypes=12, nReps=2, seed=None
137.2505 	EXP 	New trial (rep=0, index=0): OrderedDict([('word', u'blue'), ('color', u'green'), ('congruent', 0), ('corrAns', u'down')])
137.4477 	EXP 	instr: autoDraw = False
137.4477 	EXP 	stimuli: color = u'green (named)'
137.4477 	EXP 	stimuli: text = u'blue'
137.4477 	EXP 	hint: autoDraw = True
137.7839 	EXP 	stimuli: autoDraw = True
139.8406 	DATA 	Keypress: down
140.2951 	EXP 	stimuli: autoDraw = False
140.2951 	EXP 	hint: autoDraw = False
140.2951 	EXP 	msgFeedback: text = 'Correct! RT=2.058'
140.2951 	EXP 	msgFeedback: autoDraw = True
141.3479 	EXP 	New trial (rep=0, index=1): OrderedDict([('word', u'red'), ('color', u'green'), ('congruent', 0), ('corrAns', u'down')])
141.4907 	EXP 	msgFeedback: autoDraw = False
141.4907 	EXP 	msgFeedback: autoDraw = False
141.4907 	EXP 	stimuli: color = u'green (named)'
141.4907 	EXP 	stimuli: text = u'red'
141.4907 	EXP 	hint: autoDraw = True
141.8786 	EXP 	stimuli: autoDraw = True
143.3330 	DATA 	Keypress: down
143.7514 	EXP 	stimuli: autoDraw = False
143.7514 	EXP 	hint: autoDraw = False
143.7514 	EXP 	msgFeedback: text = 'Correct! RT=1.466'
143.7514 	EXP 	msgFeedback: autoDraw = True
144.8587 	EXP 	New trial (rep=0, index=2): OrderedDict([('word', u'green'), ('color', u'red'), ('congruent', 0), ('corrAns', u'left')])
145.0403 	EXP 	msgFeedback: autoDraw = False
145.0403 	EXP 	stimuli: color = u'red (named)'
145.0403 	EXP 	stimuli: text = u'green'
145.0403 	EXP 	hint: autoDraw = True
145.3909 	EXP 	stimuli: autoDraw = True
147.3217 	DATA 	Keypress: left
147.7267 	EXP 	stimuli: autoDraw = False
147.7267 	EXP 	hint: autoDraw = False
147.7267 	EXP 	msgFeedback: text = 'Correct! RT=1.941'
147.7267 	EXP 	msgFeedback: autoDraw = True
148.8381 	EXP 	New trial (rep=0, index=3): OrderedDict([('word', u'green'), ('color', u'blue'), ('congruent', 0), ('corrAns', u'right')])
148.8546 	EXP 	msgFeedback: autoDraw = False
148.8546 	EXP 	msgFeedback: autoDraw = False
148.8546 	EXP 	stimuli: color = u'blue (named)'
148.8546 	EXP 	stimuli: text = u'green'
148.8546 	EXP 	hint: autoDraw = True
149.3674 	EXP 	stimuli: autoDraw = True
150.6495 	DATA 	Keypress: right
151.0469 	EXP 	stimuli: autoDraw = False
151.0469 	EXP 	hint: autoDraw = False
151.0469 	EXP 	msgFeedback: text = 'Correct! RT=1.292'
151.0469 	EXP 	msgFeedback: autoDraw = True
152.1668 	EXP 	New trial (rep=0, index=4): OrderedDict([('word', u'green'), ('color', u'green'), ('congruent', 1), ('corrAns', u'down')])
152.1842 	EXP 	msgFeedback: autoDraw = False
152.1842 	EXP 	msgFeedback: autoDraw = False
152.1842 	EXP 	stimuli: color = u'green (named)'
152.1842 	EXP 	stimuli: text = u'green'
152.1842 	EXP 	hint: autoDraw = True
152.6970 	EXP 	stimuli: autoDraw = True
153.4647 	DATA 	Keypress: down
153.8620 	EXP 	stimuli: autoDraw = False
153.8620 	EXP 	hint: autoDraw = False
153.8620 	EXP 	msgFeedback: text = 'Correct! RT=0.769'
153.8620 	EXP 	msgFeedback: autoDraw = True
154.9798 	EXP 	New trial (rep=0, index=5): OrderedDict([('word', u'green'), ('color', u'green'), ('congruent', 1), ('corrAns', u'down')])
154.9958 	EXP 	msgFeedback: autoDraw = False
154.9958 	EXP 	msgFeedback: autoDraw = False
154.9958 	EXP 	stimuli: color = u'green (named)'
154.9958 	EXP 	stimuli: text = u'green'
154.9958 	EXP 	hint: autoDraw = True
155.5106 	EXP 	stimuli: autoDraw = True
156.3729 	DATA 	Keypress: down
156.8305 	EXP 	stimuli: autoDraw = False
156.8305 	EXP 	hint: autoDraw = False
156.8305 	EXP 	msgFeedback: text = 'Correct! RT=0.863'
156.8305 	EXP 	msgFeedback: autoDraw = True
157.8764 	EXP 	New trial (rep=0, index=6): OrderedDict([('word', u'red'), ('color', u'red'), ('congruent', 1), ('corrAns', u'left')])
158.0137 	EXP 	msgFeedback: autoDraw = False
158.0137 	EXP 	msgFeedback: autoDraw = False
158.0137 	EXP 	stimuli: color = u'red (named)'
158.0137 	EXP 	stimuli: text = u'red'
158.0137 	EXP 	hint: autoDraw = True
158.4086 	EXP 	stimuli: autoDraw = True
159.4595 	DATA 	Keypress: left
159.8579 	EXP 	stimuli: autoDraw = False
159.8579 	EXP 	hint: autoDraw = False
159.8579 	EXP 	msgFeedback: text = 'Correct! RT=1.062'
159.8579 	EXP 	msgFeedback: autoDraw = True
160.9725 	EXP 	New trial (rep=0, index=7): OrderedDict([('word', u'blue'), ('color', u'blue'), ('congruent', 1), ('corrAns', u'right')])
161.1245 	EXP 	msgFeedback: autoDraw = False
161.1245 	EXP 	msgFeedback: autoDraw = False
161.1245 	EXP 	stimuli: color = u'blue (named)'
161.1245 	EXP 	stimuli: text = u'blue'
161.1245 	EXP 	hint: autoDraw = True
161.5037 	EXP 	stimuli: autoDraw = True
161.9933 	DATA 	Keypress: right
162.3851 	EXP 	stimuli: autoDraw = False
162.3851 	EXP 	hint: autoDraw = False
162.3851 	EXP 	msgFeedback: text = 'Correct! RT=0.492'
162.3851 	EXP 	msgFeedback: autoDraw = True
163.5023 	EXP 	New trial (rep=0, index=8): OrderedDict([('word', u'blue'), ('color', u'red'), ('congruent', 0), ('corrAns', u'left')])
163.5191 	EXP 	msgFeedback: autoDraw = False
163.5191 	EXP 	msgFeedback: autoDraw = False
163.5191 	EXP 	stimuli: color = u'red (named)'
163.5191 	EXP 	stimuli: text = u'blue'
163.5191 	EXP 	hint: autoDraw = True
164.0314 	EXP 	stimuli: autoDraw = True
165.0450 	DATA 	Keypress: left
165.4413 	EXP 	stimuli: autoDraw = False
165.4413 	EXP 	hint: autoDraw = False
165.4413 	EXP 	msgFeedback: text = 'Correct! RT=1.024'
165.4413 	EXP 	msgFeedback: autoDraw = True
166.5651 	EXP 	New trial (rep=0, index=9): OrderedDict([('word', u'red'), ('color', u'green'), ('congruent', 0), ('corrAns', u'down')])
166.7022 	EXP 	msgFeedback: autoDraw = False
166.7022 	EXP 	msgFeedback: autoDraw = False
166.7022 	EXP 	stimuli: color = u'green (named)'
166.7022 	EXP 	stimuli: text = u'red'
166.7022 	EXP 	hint: autoDraw = True
167.0958 	EXP 	stimuli: autoDraw = True
168.2839 	DATA 	Keypress: down
168.6947 	EXP 	stimuli: autoDraw = False
168.6947 	EXP 	hint: autoDraw = False
168.6947 	EXP 	msgFeedback: text = 'Correct! RT=1.207'
168.6947 	EXP 	msgFeedback: autoDraw = True
169.8109 	EXP 	New trial (rep=0, index=10): OrderedDict([('word', u'red'), ('color', u'red'), ('congruent', 1), ('corrAns', u'left')])
169.8268 	EXP 	msgFeedback: autoDraw = False
169.8268 	EXP 	msgFeedback: autoDraw = False
169.8268 	EXP 	stimuli: color = u'red (named)'
169.8268 	EXP 	stimuli: text = u'red'
169.8268 	EXP 	hint: autoDraw = True
170.3413 	EXP 	stimuli: autoDraw = True
172.6480 	DATA 	Keypress: left
173.0342 	EXP 	stimuli: autoDraw = False
173.0342 	EXP 	hint: autoDraw = False
173.0342 	EXP 	msgFeedback: text = 'Correct! RT=2.308'
173.0342 	EXP 	msgFeedback: autoDraw = True
174.1565 	EXP 	New trial (rep=0, index=11): OrderedDict([('word', u'blue'), ('color', u'blue'), ('congruent', 1), ('corrAns', u'right')])
174.3160 	EXP 	msgFeedback: autoDraw = False
174.3160 	EXP 	msgFeedback: autoDraw = False
174.3160 	EXP 	stimuli: color = u'blue (named)'
174.3160 	EXP 	stimuli: text = u'blue'
174.3160 	EXP 	hint: autoDraw = True
174.6868 	EXP 	stimuli: autoDraw = True
175.4326 	DATA 	Keypress: right
175.8406 	EXP 	stimuli: autoDraw = False
175.8406 	EXP 	hint: autoDraw = False
175.8406 	EXP 	msgFeedback: text = 'Correct! RT=0.756'
175.8406 	EXP 	msgFeedback: autoDraw = True
176.9513 	EXP 	New trial (rep=1, index=0): OrderedDict([('word', u'blue'), ('color', u'blue'), ('congruent', 1), ('corrAns', u'right')])
176.9676 	EXP 	msgFeedback: autoDraw = False
176.9676 	EXP 	msgFeedback: autoDraw = False
176.9676 	EXP 	stimuli: color = u'blue (named)'
176.9676 	EXP 	stimuli: text = u'blue'
176.9676 	EXP 	hint: autoDraw = True
177.4814 	EXP 	stimuli: autoDraw = True
178.4751 	DATA 	Keypress: right
178.8739 	EXP 	stimuli: autoDraw = False
178.8739 	EXP 	hint: autoDraw = False
178.8739 	EXP 	msgFeedback: text = 'Correct! RT=1.004'
178.8739 	EXP 	msgFeedback: autoDraw = True
179.9975 	EXP 	New trial (rep=1, index=1): OrderedDict([('word', u'green'), ('color', u'green'), ('congruent', 1), ('corrAns', u'down')])
180.2032 	EXP 	msgFeedback: autoDraw = False
180.2032 	EXP 	msgFeedback: autoDraw = False
180.2032 	EXP 	stimuli: color = u'green (named)'
180.2032 	EXP 	stimuli: text = u'green'
180.2032 	EXP 	hint: autoDraw = True
180.5303 	EXP 	stimuli: autoDraw = True
181.3015 	DATA 	Keypress: down
181.7018 	EXP 	stimuli: autoDraw = False
181.7018 	EXP 	hint: autoDraw = False
181.7018 	EXP 	msgFeedback: text = 'Correct! RT=0.782'
181.7018 	EXP 	msgFeedback: autoDraw = True
182.8260 	EXP 	New trial (rep=1, index=2): OrderedDict([('word', u'red'), ('color', u'green'), ('congruent', 0), ('corrAns', u'down')])
182.9646 	EXP 	msgFeedback: autoDraw = False
182.9646 	EXP 	stimuli: color = u'green (named)'
182.9646 	EXP 	stimuli: text = u'red'
182.9646 	EXP 	hint: autoDraw = True
183.3580 	EXP 	stimuli: autoDraw = True
184.1535 	DATA 	Keypress: down
184.5497 	EXP 	stimuli: autoDraw = False
184.5497 	EXP 	hint: autoDraw = False
184.5497 	EXP 	msgFeedback: text = 'Correct! RT=0.797'
184.5497 	EXP 	msgFeedback: autoDraw = True
185.6651 	EXP 	New trial (rep=1, index=3): OrderedDict([('word', u'green'), ('color', u'green'), ('congruent', 1), ('corrAns', u'down')])
185.8733 	EXP 	msgFeedback: autoDraw = False
185.8733 	EXP 	msgFeedback: autoDraw = False
185.8733 	EXP 	stimuli: color = u'green (named)'
185.8733 	EXP 	stimuli: text = u'green'
185.8733 	EXP 	hint: autoDraw = True
186.1878 	EXP 	stimuli: autoDraw = True
186.7873 	DATA 	Keypress: down
187.1869 	EXP 	stimuli: autoDraw = False
187.1869 	EXP 	hint: autoDraw = False
187.1869 	EXP 	msgFeedback: text = 'Correct! RT=0.601'
187.1869 	EXP 	msgFeedback: autoDraw = True
188.3035 	EXP 	New trial (rep=1, index=4): OrderedDict([('word', u'blue'), ('color', u'red'), ('congruent', 0), ('corrAns', u'left')])
188.4560 	EXP 	msgFeedback: autoDraw = False
188.4560 	EXP 	msgFeedback: autoDraw = False
188.4560 	EXP 	stimuli: color = u'red (named)'
188.4560 	EXP 	stimuli: text = u'blue'
188.4560 	EXP 	hint: autoDraw = True
188.8351 	EXP 	stimuli: autoDraw = True
189.7482 	DATA 	Keypress: left
190.1384 	EXP 	stimuli: autoDraw = False
190.1384 	EXP 	hint: autoDraw = False
190.1384 	EXP 	msgFeedback: text = 'Correct! RT=0.914'
190.1384 	EXP 	msgFeedback: autoDraw = True
191.2648 	EXP 	New trial (rep=1, index=5): OrderedDict([('word', u'red'), ('color', u'green'), ('congruent', 0), ('corrAns', u'down')])
191.4032 	EXP 	msgFeedback: autoDraw = False
191.4032 	EXP 	stimuli: color = u'green (named)'
191.4032 	EXP 	stimuli: text = u'red'
191.4032 	EXP 	hint: autoDraw = True
191.7982 	EXP 	stimuli: autoDraw = True
192.4640 	DATA 	Keypress: down
192.8627 	EXP 	stimuli: autoDraw = False
192.8627 	EXP 	hint: autoDraw = False
192.8627 	EXP 	msgFeedback: text = 'Correct! RT=0.676'
192.8627 	EXP 	msgFeedback: autoDraw = True
193.9793 	EXP 	New trial (rep=1, index=6): OrderedDict([('word', u'blue'), ('color', u'blue'), ('congruent', 1), ('corrAns', u'right')])
194.1317 	EXP 	msgFeedback: autoDraw = False
194.1317 	EXP 	msgFeedback: autoDraw = False
194.1317 	EXP 	stimuli: color = u'blue (named)'
194.1317 	EXP 	stimuli: text = u'blue'
194.1317 	EXP 	hint: autoDraw = True
194.5117 	EXP 	stimuli: autoDraw = True
195.0142 	DATA 	Keypress: right
195.4029 	EXP 	stimuli: autoDraw = False
195.4029 	EXP 	hint: autoDraw = False
195.4029 	EXP 	msgFeedback: text = 'Correct! RT=0.503'
195.4029 	EXP 	msgFeedback: autoDraw = True
196.5273 	EXP 	New trial (rep=1, index=7): OrderedDict([('word', u'green'), ('color', u'blue'), ('congruent', 0), ('corrAns', u'right')])
196.6987 	EXP 	msgFeedback: autoDraw = False
196.6987 	EXP 	msgFeedback: autoDraw = False
196.6987 	EXP 	stimuli: color = u'blue (named)'
196.6987 	EXP 	stimuli: text = u'green'
196.6987 	EXP 	hint: autoDraw = True
197.0585 	EXP 	stimuli: autoDraw = True
197.8612 	DATA 	Keypress: right
198.2648 	EXP 	stimuli: autoDraw = False
198.2648 	EXP 	hint: autoDraw = False
198.2648 	EXP 	msgFeedback: text = 'Correct! RT=0.815'
198.2648 	EXP 	msgFeedback: autoDraw = True
199.3878 	EXP 	New trial (rep=1, index=8): OrderedDict([('word', u'red'), ('color', u'red'), ('congruent', 1), ('corrAns', u'left')])
199.5297 	EXP 	msgFeedback: autoDraw = False
199.5297 	EXP 	stimuli: color = u'red (named)'
199.5297 	EXP 	stimuli: text = u'red'
199.5297 	EXP 	hint: autoDraw = True
199.9344 	EXP 	stimuli: autoDraw = True
200.6150 	DATA 	Keypress: left
201.1407 	EXP 	stimuli: autoDraw = False
201.1407 	EXP 	hint: autoDraw = False
201.1407 	EXP 	msgFeedback: text = 'Correct! RT=0.692'
201.1407 	EXP 	msgFeedback: autoDraw = True
202.1356 	EXP 	New trial (rep=1, index=9): OrderedDict([('word', u'green'), ('color', u'red'), ('congruent', 0), ('corrAns', u'left')])
202.3061 	EXP 	msgFeedback: autoDraw = False
202.3061 	EXP 	msgFeedback: autoDraw = False
202.3061 	EXP 	stimuli: color = u'red (named)'
202.3061 	EXP 	stimuli: text = u'green'
202.3061 	EXP 	hint: autoDraw = True
202.6666 	EXP 	stimuli: autoDraw = True
203.4780 	DATA 	Keypress: left
203.8707 	EXP 	stimuli: autoDraw = False
203.8707 	EXP 	hint: autoDraw = False
203.8707 	EXP 	msgFeedback: text = 'Correct! RT=0.812'
203.8707 	EXP 	msgFeedback: autoDraw = True
204.9819 	EXP 	New trial (rep=1, index=10): OrderedDict([('word', u'blue'), ('color', u'green'), ('congruent', 0), ('corrAns', u'down')])
205.1339 	EXP 	msgFeedback: autoDraw = False
205.1339 	EXP 	msgFeedback: autoDraw = False
205.1339 	EXP 	stimuli: color = u'green (named)'
205.1339 	EXP 	stimuli: text = u'blue'
205.1339 	EXP 	hint: autoDraw = True
205.5136 	EXP 	stimuli: autoDraw = True
205.9248 	DATA 	Keypress: down
206.3146 	EXP 	stimuli: autoDraw = False
206.3146 	EXP 	hint: autoDraw = False
206.3146 	EXP 	msgFeedback: text = 'Correct! RT=0.412'
206.3146 	EXP 	msgFeedback: autoDraw = True
207.4285 	EXP 	New trial (rep=1, index=11): OrderedDict([('word', u'red'), ('color', u'red'), ('congruent', 1), ('corrAns', u'left')])
207.5742 	EXP 	msgFeedback: autoDraw = False
207.5742 	EXP 	msgFeedback: autoDraw = False
207.5742 	EXP 	stimuli: color = u'red (named)'
207.5742 	EXP 	stimuli: text = u'red'
207.5742 	EXP 	hint: autoDraw = True
207.9599 	EXP 	stimuli: autoDraw = True
208.5809 	DATA 	Keypress: left
208.9720 	EXP 	stimuli: autoDraw = False
208.9720 	EXP 	hint: autoDraw = False
208.9720 	EXP 	msgFeedback: text = 'Correct! RT=0.622'
208.9720 	EXP 	msgFeedback: autoDraw = True
210.8696 	EXP 	msgFeedback: autoDraw = False
210.8696 	EXP 	msgFeedback: autoDraw = False
210.8696 	EXP 	text: autoDraw = True
213.0368 	DATA 	Mouse: Right button down, pos=(639,577)
213.0379 	DATA 	Mouse:  Right button up, pos=(639,577)
213.1792 	DATA 	Keypress: space
213.5407 	EXP 	Imported conditions.xlsx as conditions, 45 conditions, 4 params
213.5481 	EXP 	Created sequence: random, trialTypes=45, nReps=4, seed=None
213.5536 	EXP 	New trial (rep=0, index=0): OrderedDict([('word', u'blue'), ('color', u'blue'), ('congruent', 1), ('corrAns', u'right')])
213.7103 	EXP 	text: autoDraw = False
213.7103 	EXP 	stimuli: color = u'blue (named)'
213.7103 	EXP 	stimuli: text = u'blue'
213.7103 	EXP 	hint: autoDraw = True
214.0861 	EXP 	stimuli: autoDraw = True
214.9748 	DATA 	Keypress: right
214.9915 	EXP 	New trial (rep=0, index=1): OrderedDict([('word', u'red'), ('color', u'red'), ('congruent', 1), ('corrAns', u'left')])
215.1269 	EXP 	stimuli: autoDraw = False
215.1269 	EXP 	hint: autoDraw = False
215.1269 	EXP 	stimuli: color = u'red (named)'
215.1269 	EXP 	stimuli: text = u'red'
215.1269 	EXP 	hint: autoDraw = True
215.5175 	EXP 	stimuli: autoDraw = True
216.3710 	DATA 	Keypress: left
216.3971 	EXP 	New trial (rep=0, index=2): OrderedDict([('word', u'red'), ('color', u'red'), ('congruent', 1), ('corrAns', u'left')])
216.4131 	EXP 	stimuli: autoDraw = False
216.4131 	EXP 	hint: autoDraw = False
216.4131 	EXP 	stimuli: color = u'red (named)'
216.4131 	EXP 	stimuli: text = u'red'
216.4131 	EXP 	hint: autoDraw = True
216.9292 	EXP 	stimuli: autoDraw = True
217.5471 	DATA 	Keypress: left
217.5627 	EXP 	New trial (rep=0, index=3): OrderedDict([('word', u'blue'), ('color', u'red'), ('congruent', 0), ('corrAns', u'left')])
217.7155 	EXP 	stimuli: autoDraw = False
217.7155 	EXP 	hint: autoDraw = False
217.7155 	EXP 	stimuli: color = u'red (named)'
217.7155 	EXP 	stimuli: text = u'blue'
217.7155 	EXP 	hint: autoDraw = True
218.0970 	EXP 	stimuli: autoDraw = True
219.1744 	DATA 	Keypress: left
219.1892 	EXP 	New trial (rep=0, index=4): OrderedDict([('word', u'green'), ('color', u'green'), ('congruent', 1), ('corrAns', u'down')])
219.3607 	EXP 	stimuli: autoDraw = False
219.3607 	EXP 	hint: autoDraw = False
219.3607 	EXP 	stimuli: color = u'green (named)'
219.3607 	EXP 	stimuli: text = u'green'
219.3607 	EXP 	hint: autoDraw = True
219.7285 	EXP 	stimuli: autoDraw = True
220.5265 	DATA 	Keypress: down
220.5504 	EXP 	New trial (rep=0, index=5): OrderedDict([('word', u'red'), ('color', u'green'), ('congruent', 0), ('corrAns', u'down')])
220.6958 	EXP 	stimuli: autoDraw = False
220.6958 	EXP 	hint: autoDraw = False
220.6958 	EXP 	stimuli: color = u'green (named)'
220.6958 	EXP 	stimuli: text = u'red'
220.6958 	EXP 	hint: autoDraw = True
221.0769 	EXP 	stimuli: autoDraw = True
222.0210 	DATA 	Keypress: down
222.0446 	EXP 	New trial (rep=0, index=6): OrderedDict([('word', u'blue'), ('color', u'blue'), ('congruent', 1), ('corrAns', u'right')])
222.1969 	EXP 	stimuli: autoDraw = False
222.1969 	EXP 	hint: autoDraw = False
222.1969 	EXP 	stimuli: color = u'blue (named)'
222.1969 	EXP 	stimuli: text = u'blue'
222.1969 	EXP 	hint: autoDraw = True
222.5740 	EXP 	stimuli: autoDraw = True
223.2118 	DATA 	Keypress: right
223.2261 	EXP 	New trial (rep=0, index=7): OrderedDict([('word', u'green'), ('color', u'green'), ('congruent', 1), ('corrAns', u'down')])
223.3959 	EXP 	stimuli: autoDraw = False
223.3959 	EXP 	hint: autoDraw = False
223.3959 	EXP 	stimuli: color = u'green (named)'
223.3959 	EXP 	stimuli: text = u'green'
223.3959 	EXP 	hint: autoDraw = True
223.7558 	EXP 	stimuli: autoDraw = True
224.5050 	DATA 	Keypress: down
224.5207 	EXP 	New trial (rep=0, index=8): OrderedDict([('word', u'green'), ('color', u'green'), ('congruent', 1), ('corrAns', u'down')])
224.5371 	EXP 	stimuli: autoDraw = False
224.5371 	EXP 	hint: autoDraw = False
224.5371 	EXP 	stimuli: color = u'green (named)'
224.5371 	EXP 	stimuli: text = u'green'
224.5371 	EXP 	hint: autoDraw = True
225.0537 	EXP 	stimuli: autoDraw = True
225.8465 	DATA 	Keypress: down
225.8625 	EXP 	New trial (rep=0, index=9): OrderedDict([('word', u'blue'), ('color', u'blue'), ('congruent', 1), ('corrAns', u'right')])
226.0141 	EXP 	stimuli: autoDraw = False
226.0141 	EXP 	hint: autoDraw = False
226.0141 	EXP 	stimuli: color = u'blue (named)'
226.0141 	EXP 	stimuli: text = u'blue'
226.0141 	EXP 	hint: autoDraw = True
226.3855 	EXP 	stimuli: autoDraw = True
227.2247 	DATA 	Keypress: right
227.2492 	EXP 	New trial (rep=0, index=10): OrderedDict([('word', u'green'), ('color', u'green'), ('congruent', 1), ('corrAns', u'down')])
227.4201 	EXP 	stimuli: autoDraw = False
227.4201 	EXP 	hint: autoDraw = False
227.4201 	EXP 	stimuli: color = u'green (named)'
227.4201 	EXP 	stimuli: text = u'green'
227.4201 	EXP 	hint: autoDraw = True
227.7841 	EXP 	stimuli: autoDraw = True
228.6469 	DATA 	Keypress: down
228.6622 	EXP 	New trial (rep=0, index=11): OrderedDict([('word', u'green'), ('color', u'green'), ('congruent', 1), ('corrAns', u'down')])
228.6781 	EXP 	stimuli: autoDraw = False
228.6781 	EXP 	hint: autoDraw = False
228.6781 	EXP 	stimuli: color = u'green (named)'
228.6781 	EXP 	stimuli: text = u'green'
228.6781 	EXP 	hint: autoDraw = True
229.1978 	EXP 	stimuli: autoDraw = True
229.7133 	DATA 	Keypress: down
229.7364 	EXP 	New trial (rep=0, index=12): OrderedDict([('word', u'red'), ('color', u'red'), ('congruent', 1), ('corrAns', u'left')])
229.8747 	EXP 	stimuli: autoDraw = False
229.8747 	EXP 	hint: autoDraw = False
229.8747 	EXP 	stimuli: color = u'red (named)'
229.8747 	EXP 	stimuli: text = u'red'
229.8747 	EXP 	hint: autoDraw = True
230.2644 	EXP 	stimuli: autoDraw = True
230.9890 	DATA 	Keypress: left
231.0127 	EXP 	New trial (rep=0, index=13): OrderedDict([('word', u'red'), ('color', u'red'), ('congruent', 1), ('corrAns', u'left')])
231.0284 	EXP 	stimuli: autoDraw = False
231.0284 	EXP 	hint: autoDraw = False
231.0284 	EXP 	stimuli: color = u'red (named)'
231.0284 	EXP 	stimuli: text = u'red'
231.0284 	EXP 	hint: autoDraw = True
231.5438 	EXP 	stimuli: autoDraw = True
232.2877 	DATA 	Keypress: left
232.3118 	EXP 	New trial (rep=0, index=14): OrderedDict([('word', u'blue'), ('color', u'blue'), ('congruent', 1), ('corrAns', u'right')])
232.4636 	EXP 	stimuli: autoDraw = False
232.4636 	EXP 	hint: autoDraw = False
232.4636 	EXP 	stimuli: color = u'blue (named)'
232.4636 	EXP 	stimuli: text = u'blue'
232.4636 	EXP 	hint: autoDraw = True
232.8454 	EXP 	stimuli: autoDraw = True
233.6410 	DATA 	Keypress: right
233.6640 	EXP 	New trial (rep=0, index=15): OrderedDict([('word', u'red'), ('color', u'red'), ('congruent', 1), ('corrAns', u'left')])
233.8030 	EXP 	stimuli: autoDraw = False
233.8030 	EXP 	hint: autoDraw = False
233.8030 	EXP 	stimuli: color = u'red (named)'
233.8030 	EXP 	stimuli: text = u'red'
233.8030 	EXP 	hint: autoDraw = True
234.1931 	EXP 	stimuli: autoDraw = True
235.0378 	DATA 	Keypress: left
235.0534 	EXP 	New trial (rep=0, index=16): OrderedDict([('word', u'green'), ('color', u'green'), ('congruent', 1), ('corrAns', u'down')])
235.2239 	EXP 	stimuli: autoDraw = False
235.2239 	EXP 	hint: autoDraw = False
235.2239 	EXP 	stimuli: color = u'green (named)'
235.2239 	EXP 	stimuli: text = u'green'
235.2239 	EXP 	hint: autoDraw = True
235.5912 	EXP 	stimuli: autoDraw = True
236.3666 	DATA 	Keypress: down
236.3809 	EXP 	New trial (rep=0, index=17): OrderedDict([('word', u'red'), ('color', u'green'), ('congruent', 0), ('corrAns', u'down')])
236.5197 	EXP 	stimuli: autoDraw = False
236.5197 	EXP 	hint: autoDraw = False
236.5197 	EXP 	stimuli: color = u'green (named)'
236.5197 	EXP 	stimuli: text = u'red'
236.5197 	EXP 	hint: autoDraw = True
236.9054 	EXP 	stimuli: autoDraw = True
238.4154 	DATA 	Keypress: down
238.4302 	EXP 	New trial (rep=0, index=18): OrderedDict([('word', u'red'), ('color', u'red'), ('congruent', 1), ('corrAns', u'left')])
238.4462 	EXP 	stimuli: autoDraw = False
238.4462 	EXP 	hint: autoDraw = False
238.4462 	EXP 	stimuli: color = u'red (named)'
238.4462 	EXP 	stimuli: text = u'red'
238.4462 	EXP 	hint: autoDraw = True
238.9689 	EXP 	stimuli: autoDraw = True
240.0969 	DATA 	Keypress: left
240.1205 	EXP 	New trial (rep=0, index=19): OrderedDict([('word', u'green'), ('color', u'green'), ('congruent', 1), ('corrAns', u'down')])
240.2900 	EXP 	stimuli: autoDraw = False
240.2900 	EXP 	hint: autoDraw = False
240.2900 	EXP 	stimuli: color = u'green (named)'
240.2900 	EXP 	stimuli: text = u'green'
240.2900 	EXP 	hint: autoDraw = True
240.6507 	EXP 	stimuli: autoDraw = True
241.3721 	DATA 	Keypress: down
241.3975 	EXP 	New trial (rep=0, index=20): OrderedDict([('word', u'red'), ('color', u'red'), ('congruent', 1), ('corrAns', u'left')])
241.5354 	EXP 	stimuli: autoDraw = False
241.5354 	EXP 	hint: autoDraw = False
241.5354 	EXP 	stimuli: color = u'red (named)'
241.5354 	EXP 	stimuli: text = u'red'
241.5354 	EXP 	hint: autoDraw = True
241.9330 	EXP 	stimuli: autoDraw = True
242.8959 	DATA 	Keypress: left
242.9193 	EXP 	New trial (rep=0, index=21): OrderedDict([('word', u'green'), ('color', u'green'), ('congruent', 1), ('corrAns', u'down')])
243.0909 	EXP 	stimuli: autoDraw = False
243.0909 	EXP 	hint: autoDraw = False
243.0909 	EXP 	stimuli: color = u'green (named)'
243.0909 	EXP 	stimuli: text = u'green'
243.0909 	EXP 	hint: autoDraw = True
243.4482 	EXP 	stimuli: autoDraw = True
244.2999 	DATA 	Keypress: down
244.3153 	EXP 	New trial (rep=0, index=22): OrderedDict([('word', u'blue'), ('color', u'green'), ('congruent', 0), ('corrAns', u'down')])
244.4662 	EXP 	stimuli: autoDraw = False
244.4662 	EXP 	hint: autoDraw = False
244.4662 	EXP 	stimuli: color = u'green (named)'
244.4662 	EXP 	stimuli: text = u'blue'
244.4662 	EXP 	hint: autoDraw = True
244.8458 	EXP 	stimuli: autoDraw = True
245.7651 	DATA 	Keypress: down
245.7913 	EXP 	New trial (rep=0, index=23): OrderedDict([('word', u'red'), ('color', u'red'), ('congruent', 1), ('corrAns', u'left')])
245.9279 	EXP 	stimuli: autoDraw = False
245.9279 	EXP 	hint: autoDraw = False
245.9279 	EXP 	stimuli: color = u'red (named)'
245.9279 	EXP 	stimuli: text = u'red'
245.9279 	EXP 	hint: autoDraw = True
246.3268 	EXP 	stimuli: autoDraw = True
247.1647 	DATA 	Keypress: left
247.1909 	EXP 	New trial (rep=0, index=24): OrderedDict([('word', u'red'), ('color', u'red'), ('congruent', 1), ('corrAns', u'left')])
247.2068 	EXP 	stimuli: autoDraw = False
247.2068 	EXP 	hint: autoDraw = False
247.2068 	EXP 	stimuli: color = u'red (named)'
247.2068 	EXP 	stimuli: text = u'red'
247.2068 	EXP 	hint: autoDraw = True
247.7243 	EXP 	stimuli: autoDraw = True
248.7421 	DATA 	Keypress: left
248.7661 	EXP 	New trial (rep=0, index=25): OrderedDict([('word', u'blue'), ('color', u'blue'), ('congruent', 1), ('corrAns', u'right')])
248.9231 	EXP 	stimuli: autoDraw = False
248.9231 	EXP 	hint: autoDraw = False
248.9231 	EXP 	stimuli: color = u'blue (named)'
248.9231 	EXP 	stimuli: text = u'blue'
248.9231 	EXP 	hint: autoDraw = True
249.2893 	EXP 	stimuli: autoDraw = True
250.1034 	DATA 	Keypress: right
250.1188 	EXP 	New trial (rep=0, index=26): OrderedDict([('word', u'red'), ('color', u'blue'), ('congruent', 0), ('corrAns', u'right')])
250.2553 	EXP 	stimuli: autoDraw = False
250.2553 	EXP 	hint: autoDraw = False
250.2553 	EXP 	stimuli: color = u'blue (named)'
250.2553 	EXP 	stimuli: text = u'red'
250.2553 	EXP 	hint: autoDraw = True
250.6608 	EXP 	stimuli: autoDraw = True
251.4659 	DATA 	Keypress: right
251.4894 	EXP 	New trial (rep=0, index=27): OrderedDict([('word', u'red'), ('color', u'red'), ('congruent', 1), ('corrAns', u'left')])
251.5049 	EXP 	stimuli: autoDraw = False
251.5049 	EXP 	hint: autoDraw = False
251.5049 	EXP 	stimuli: color = u'red (named)'
251.5049 	EXP 	stimuli: text = u'red'
251.5049 	EXP 	hint: autoDraw = True
252.0184 	EXP 	stimuli: autoDraw = True
252.8940 	DATA 	Keypress: left
252.9253 	EXP 	New trial (rep=0, index=28): OrderedDict([('word', u'blue'), ('color', u'blue'), ('congruent', 1), ('corrAns', u'right')])
253.0789 	EXP 	stimuli: autoDraw = False
253.0789 	EXP 	hint: autoDraw = False
253.0789 	EXP 	stimuli: color = u'blue (named)'
253.0789 	EXP 	stimuli: text = u'blue'
253.0789 	EXP 	hint: autoDraw = True
253.4512 	EXP 	stimuli: autoDraw = True
254.3585 	DATA 	Keypress: right
254.3825 	EXP 	New trial (rep=0, index=29): OrderedDict([('word', u'red'), ('color', u'red'), ('congruent', 1), ('corrAns', u'left')])
254.5179 	EXP 	stimuli: autoDraw = False
254.5179 	EXP 	hint: autoDraw = False
254.5179 	EXP 	stimuli: color = u'red (named)'
254.5179 	EXP 	stimuli: text = u'red'
254.5179 	EXP 	hint: autoDraw = True
254.9160 	EXP 	stimuli: autoDraw = True
255.7709 	DATA 	Keypress: left
255.7868 	EXP 	New trial (rep=0, index=30): OrderedDict([('word', u'green'), ('color', u'green'), ('congruent', 1), ('corrAns', u'down')])
255.9587 	EXP 	stimuli: autoDraw = False
255.9587 	EXP 	hint: autoDraw = False
255.9587 	EXP 	stimuli: color = u'green (named)'
255.9587 	EXP 	stimuli: text = u'green'
255.9587 	EXP 	hint: autoDraw = True
256.3138 	EXP 	stimuli: autoDraw = True
257.2009 	DATA 	Keypress: down
257.2160 	EXP 	New trial (rep=0, index=31): OrderedDict([('word', u'green'), ('color', u'green'), ('congruent', 1), ('corrAns', u'down')])
257.2320 	EXP 	stimuli: autoDraw = False
257.2320 	EXP 	hint: autoDraw = False
257.2320 	EXP 	stimuli: color = u'green (named)'
257.2320 	EXP 	stimuli: text = u'green'
257.2320 	EXP 	hint: autoDraw = True
257.7445 	EXP 	stimuli: autoDraw = True
258.3324 	DATA 	Keypress: down
258.3487 	EXP 	New trial (rep=0, index=32): OrderedDict([('word', u'blue'), ('color', u'blue'), ('congruent', 1), ('corrAns', u'right')])
258.5007 	EXP 	stimuli: autoDraw = False
258.5007 	EXP 	hint: autoDraw = False
258.5007 	EXP 	stimuli: color = u'blue (named)'
258.5007 	EXP 	stimuli: text = u'blue'
258.5007 	EXP 	hint: autoDraw = True
258.8776 	EXP 	stimuli: autoDraw = True
259.6691 	DATA 	Keypress: right
259.6828 	EXP 	New trial (rep=0, index=33): OrderedDict([('word', u'blue'), ('color', u'blue'), ('congruent', 1), ('corrAns', u'right')])
259.6983 	EXP 	stimuli: autoDraw = False
259.6983 	EXP 	hint: autoDraw = False
259.6983 	EXP 	stimuli: color = u'blue (named)'
259.6983 	EXP 	stimuli: text = u'blue'
259.6983 	EXP 	hint: autoDraw = True
260.2076 	EXP 	stimuli: autoDraw = True
261.0204 	DATA 	Keypress: right
261.0359 	EXP 	New trial (rep=0, index=34): OrderedDict([('word', u'green'), ('color', u'blue'), ('congruent', 0), ('corrAns', u'right')])
261.2089 	EXP 	stimuli: autoDraw = False
261.2089 	EXP 	hint: autoDraw = False
261.2089 	EXP 	stimuli: color = u'blue (named)'
261.2089 	EXP 	stimuli: text = u'green'
261.2089 	EXP 	hint: autoDraw = True
261.5753 	EXP 	stimuli: autoDraw = True
262.4838 	DATA 	Keypress: right
262.4987 	EXP 	New trial (rep=0, index=35): OrderedDict([('word', u'blue'), ('color', u'blue'), ('congruent', 1), ('corrAns', u'right')])
262.6596 	EXP 	stimuli: autoDraw = False
262.6596 	EXP 	hint: autoDraw = False
262.6596 	EXP 	stimuli: color = u'blue (named)'
262.6596 	EXP 	stimuli: text = u'blue'
262.6596 	EXP 	hint: autoDraw = True
263.0226 	EXP 	stimuli: autoDraw = True
263.7564 	DATA 	Keypress: right
263.7802 	EXP 	New trial (rep=0, index=36): OrderedDict([('word', u'green'), ('color', u'blue'), ('congruent', 0), ('corrAns', u'right')])
263.9495 	EXP 	stimuli: autoDraw = False
263.9495 	EXP 	hint: autoDraw = False
263.9495 	EXP 	stimuli: color = u'blue (named)'
263.9495 	EXP 	stimuli: text = u'green'
263.9495 	EXP 	hint: autoDraw = True
264.3032 	EXP 	stimuli: autoDraw = True
265.1039 	DATA 	Keypress: right
265.1275 	EXP 	New trial (rep=0, index=37): OrderedDict([('word', u'red'), ('color', u'red'), ('congruent', 1), ('corrAns', u'left')])
265.2639 	EXP 	stimuli: autoDraw = False
265.2639 	EXP 	hint: autoDraw = False
265.2639 	EXP 	stimuli: color = u'red (named)'
265.2639 	EXP 	stimuli: text = u'red'
265.2639 	EXP 	hint: autoDraw = True
265.6569 	EXP 	stimuli: autoDraw = True
266.3927 	DATA 	Keypress: left
266.4066 	EXP 	New trial (rep=0, index=38): OrderedDict([('word', u'green'), ('color', u'green'), ('congruent', 1), ('corrAns', u'down')])
266.5776 	EXP 	stimuli: autoDraw = False
266.5776 	EXP 	hint: autoDraw = False
266.5776 	EXP 	stimuli: color = u'green (named)'
266.5776 	EXP 	stimuli: text = u'green'
266.5776 	EXP 	hint: autoDraw = True
266.9326 	EXP 	stimuli: autoDraw = True
267.6517 	DATA 	Keypress: down
267.6858 	EXP 	New trial (rep=0, index=39): OrderedDict([('word', u'blue'), ('color', u'blue'), ('congruent', 1), ('corrAns', u'right')])
267.8388 	EXP 	stimuli: autoDraw = False
267.8388 	EXP 	hint: autoDraw = False
267.8388 	EXP 	stimuli: color = u'blue (named)'
267.8388 	EXP 	stimuli: text = u'blue'
267.8388 	EXP 	hint: autoDraw = True
268.2146 	EXP 	stimuli: autoDraw = True
269.0928 	DATA 	Keypress: right
269.1161 	EXP 	New trial (rep=0, index=40): OrderedDict([('word', u'blue'), ('color', u'blue'), ('congruent', 1), ('corrAns', u'right')])
269.1318 	EXP 	stimuli: autoDraw = False
269.1318 	EXP 	hint: autoDraw = False
269.1318 	EXP 	stimuli: color = u'blue (named)'
269.1318 	EXP 	stimuli: text = u'blue'
269.1318 	EXP 	hint: autoDraw = True
269.6457 	EXP 	stimuli: autoDraw = True
270.4456 	DATA 	Keypress: right
270.4691 	EXP 	New trial (rep=0, index=41): OrderedDict([('word', u'blue'), ('color', u'red'), ('congruent', 0), ('corrAns', u'left')])
270.4849 	EXP 	stimuli: autoDraw = False
270.4849 	EXP 	hint: autoDraw = False
270.4849 	EXP 	stimuli: color = u'red (named)'
270.4849 	EXP 	stimuli: text = u'blue'
270.4849 	EXP 	hint: autoDraw = True
270.9935 	EXP 	stimuli: autoDraw = True
272.0237 	DATA 	Keypress: left
272.0477 	EXP 	New trial (rep=0, index=42): OrderedDict([('word', u'blue'), ('color', u'blue'), ('congruent', 1), ('corrAns', u'right')])
272.0635 	EXP 	stimuli: autoDraw = False
272.0635 	EXP 	hint: autoDraw = False
272.0635 	EXP 	stimuli: color = u'blue (named)'
272.0635 	EXP 	stimuli: text = u'blue'
272.0635 	EXP 	hint: autoDraw = True
272.5753 	EXP 	stimuli: autoDraw = True
273.4129 	DATA 	Keypress: right
273.4280 	EXP 	New trial (rep=0, index=43): OrderedDict([('word', u'green'), ('color', u'green'), ('congruent', 1), ('corrAns', u'down')])
273.6001 	EXP 	stimuli: autoDraw = False
273.6001 	EXP 	hint: autoDraw = False
273.6001 	EXP 	stimuli: color = u'green (named)'
273.6001 	EXP 	stimuli: text = u'green'
273.6001 	EXP 	hint: autoDraw = True
273.9568 	EXP 	stimuli: autoDraw = True
274.8032 	DATA 	Keypress: down
274.8378 	EXP 	New trial (rep=0, index=44): OrderedDict([('word', u'green'), ('color', u'red'), ('congruent', 0), ('corrAns', u'left')])
274.8532 	EXP 	stimuli: autoDraw = False
274.8532 	EXP 	hint: autoDraw = False
274.8532 	EXP 	stimuli: color = u'red (named)'
274.8532 	EXP 	stimuli: text = u'green'
274.8532 	EXP 	hint: autoDraw = True
275.3725 	EXP 	stimuli: autoDraw = True
276.4355 	DATA 	Keypress: left
276.4585 	EXP 	New trial (rep=1, index=0): OrderedDict([('word', u'blue'), ('color', u'blue'), ('congruent', 1), ('corrAns', u'right')])
276.6215 	EXP 	stimuli: autoDraw = False
276.6215 	EXP 	hint: autoDraw = False
276.6215 	EXP 	stimuli: color = u'blue (named)'
276.6215 	EXP 	stimuli: text = u'blue'
276.6215 	EXP 	hint: autoDraw = True
276.9865 	EXP 	stimuli: autoDraw = True
277.8572 	DATA 	Keypress: right
277.8727 	EXP 	New trial (rep=1, index=1): OrderedDict([('word', u'blue'), ('color', u'green'), ('congruent', 0), ('corrAns', u'down')])
277.8885 	EXP 	stimuli: autoDraw = False
277.8885 	EXP 	hint: autoDraw = False
277.8885 	EXP 	stimuli: color = u'green (named)'
277.8885 	EXP 	stimuli: text = u'blue'
277.8885 	EXP 	hint: autoDraw = True
278.3997 	EXP 	stimuli: autoDraw = True
279.1218 	DATA 	Keypress: down
279.1476 	EXP 	New trial (rep=1, index=2): OrderedDict([('word', u'blue'), ('color', u'blue'), ('congruent', 1), ('corrAns', u'right')])
279.1635 	EXP 	stimuli: autoDraw = False
279.1635 	EXP 	hint: autoDraw = False
279.1635 	EXP 	stimuli: color = u'blue (named)'
279.1635 	EXP 	stimuli: text = u'blue'
279.1635 	EXP 	hint: autoDraw = True
279.6817 	EXP 	stimuli: autoDraw = True
280.4846 	DATA 	Keypress: right
280.5096 	EXP 	New trial (rep=1, index=3): OrderedDict([('word', u'blue'), ('color', u'blue'), ('congruent', 1), ('corrAns', u'right')])
280.5254 	EXP 	stimuli: autoDraw = False
280.5254 	EXP 	hint: autoDraw = False
280.5254 	EXP 	stimuli: color = u'blue (named)'
280.5254 	EXP 	stimuli: text = u'blue'
280.5254 	EXP 	hint: autoDraw = True
281.0480 	EXP 	stimuli: autoDraw = True
281.6283 	DATA 	Keypress: right
281.6440 	EXP 	New trial (rep=1, index=4): OrderedDict([('word', u'red'), ('color', u'red'), ('congruent', 1), ('corrAns', u'left')])
281.7813 	EXP 	stimuli: autoDraw = False
281.7813 	EXP 	hint: autoDraw = False
281.7813 	EXP 	stimuli: color = u'red (named)'
281.7813 	EXP 	stimuli: text = u'red'
281.7813 	EXP 	hint: autoDraw = True
282.1795 	EXP 	stimuli: autoDraw = True
282.7751 	DATA 	Keypress: left
282.7986 	EXP 	New trial (rep=1, index=5): OrderedDict([('word', u'red'), ('color', u'red'), ('congruent', 1), ('corrAns', u'left')])
282.8144 	EXP 	stimuli: autoDraw = False
282.8144 	EXP 	hint: autoDraw = False
282.8144 	EXP 	stimuli: color = u'red (named)'
282.8144 	EXP 	stimuli: text = u'red'
282.8144 	EXP 	hint: autoDraw = True
283.3275 	EXP 	stimuli: autoDraw = True
283.7626 	DATA 	Keypress: left
283.7863 	EXP 	New trial (rep=1, index=6): OrderedDict([('word', u'blue'), ('color', u'blue'), ('congruent', 1), ('corrAns', u'right')])
283.9385 	EXP 	stimuli: autoDraw = False
283.9385 	EXP 	hint: autoDraw = False
283.9385 	EXP 	stimuli: color = u'blue (named)'
283.9385 	EXP 	stimuli: text = u'blue'
283.9385 	EXP 	hint: autoDraw = True
284.3114 	EXP 	stimuli: autoDraw = True
285.1444 	DATA 	Keypress: right
285.1600 	EXP 	New trial (rep=1, index=7): OrderedDict([('word', u'red'), ('color', u'blue'), ('congruent', 0), ('corrAns', u'right')])
285.2973 	EXP 	stimuli: autoDraw = False
285.2973 	EXP 	hint: autoDraw = False
285.2973 	EXP 	stimuli: color = u'blue (named)'
285.2973 	EXP 	stimuli: text = u'red'
285.2973 	EXP 	hint: autoDraw = True
285.6932 	EXP 	stimuli: autoDraw = True
286.8045 	DATA 	Keypress: right
286.8279 	EXP 	New trial (rep=1, index=8): OrderedDict([('word', u'green'), ('color', u'red'), ('congruent', 0), ('corrAns', u'left')])
286.9974 	EXP 	stimuli: autoDraw = False
286.9974 	EXP 	hint: autoDraw = False
286.9974 	EXP 	stimuli: color = u'red (named)'
286.9974 	EXP 	stimuli: text = u'green'
286.9974 	EXP 	hint: autoDraw = True
287.3572 	EXP 	stimuli: autoDraw = True
288.4431 	DATA 	Keypress: left
288.4583 	EXP 	New trial (rep=1, index=9): OrderedDict([('word', u'red'), ('color', u'red'), ('congruent', 1), ('corrAns', u'left')])
288.5961 	EXP 	stimuli: autoDraw = False
288.5961 	EXP 	hint: autoDraw = False
288.5961 	EXP 	stimuli: color = u'red (named)'
288.5961 	EXP 	stimuli: text = u'red'
288.5961 	EXP 	hint: autoDraw = True
288.9885 	EXP 	stimuli: autoDraw = True
289.7285 	DATA 	Keypress: left
289.7436 	EXP 	New trial (rep=1, index=10): OrderedDict([('word', u'red'), ('color', u'red'), ('congruent', 1), ('corrAns', u'left')])
289.7591 	EXP 	stimuli: autoDraw = False
289.7591 	EXP 	hint: autoDraw = False
289.7591 	EXP 	stimuli: color = u'red (named)'
289.7591 	EXP 	stimuli: text = u'red'
289.7591 	EXP 	hint: autoDraw = True
290.2686 	EXP 	stimuli: autoDraw = True
290.8675 	DATA 	Keypress: left
290.8833 	EXP 	New trial (rep=1, index=11): OrderedDict([('word', u'green'), ('color', u'green'), ('congruent', 1), ('corrAns', u'down')])
291.0545 	EXP 	stimuli: autoDraw = False
291.0545 	EXP 	hint: autoDraw = False
291.0545 	EXP 	stimuli: color = u'green (named)'
291.0545 	EXP 	stimuli: text = u'green'
291.0545 	EXP 	hint: autoDraw = True
291.4184 	EXP 	stimuli: autoDraw = True
292.2929 	DATA 	Keypress: down
292.3067 	EXP 	New trial (rep=1, index=12): OrderedDict([('word', u'green'), ('color', u'green'), ('congruent', 1), ('corrAns', u'down')])
292.3222 	EXP 	stimuli: autoDraw = False
292.3222 	EXP 	hint: autoDraw = False
292.3222 	EXP 	stimuli: color = u'green (named)'
292.3222 	EXP 	stimuli: text = u'green'
292.3222 	EXP 	hint: autoDraw = True
292.8320 	EXP 	stimuli: autoDraw = True
293.3026 	DATA 	Keypress: down
293.3173 	EXP 	New trial (rep=1, index=13): OrderedDict([('word', u'blue'), ('color', u'blue'), ('congruent', 1), ('corrAns', u'right')])
293.4694 	EXP 	stimuli: autoDraw = False
293.4694 	EXP 	hint: autoDraw = False
293.4694 	EXP 	stimuli: color = u'blue (named)'
293.4694 	EXP 	stimuli: text = u'blue'
293.4694 	EXP 	hint: autoDraw = True
293.8499 	EXP 	stimuli: autoDraw = True
294.4792 	DATA 	Keypress: right
294.5024 	EXP 	New trial (rep=1, index=14): OrderedDict([('word', u'green'), ('color', u'blue'), ('congruent', 0), ('corrAns', u'right')])
294.6737 	EXP 	stimuli: autoDraw = False
294.6737 	EXP 	hint: autoDraw = False
294.6737 	EXP 	stimuli: color = u'blue (named)'
294.6737 	EXP 	stimuli: text = u'green'
294.6737 	EXP 	hint: autoDraw = True
295.0300 	EXP 	stimuli: autoDraw = True
295.9590 	DATA 	Keypress: right
295.9830 	EXP 	New trial (rep=1, index=15): OrderedDict([('word', u'blue'), ('color', u'blue'), ('congruent', 1), ('corrAns', u'right')])
296.1366 	EXP 	stimuli: autoDraw = False
296.1366 	EXP 	hint: autoDraw = False
296.1366 	EXP 	stimuli: color = u'blue (named)'
296.1366 	EXP 	stimuli: text = u'blue'
296.1366 	EXP 	hint: autoDraw = True
296.5116 	EXP 	stimuli: autoDraw = True
297.0965 	DATA 	Keypress: right
297.1112 	EXP 	New trial (rep=1, index=16): OrderedDict([('word', u'green'), ('color', u'green'), ('congruent', 1), ('corrAns', u'down')])
297.2817 	EXP 	stimuli: autoDraw = False
297.2817 	EXP 	hint: autoDraw = False
297.2817 	EXP 	stimuli: color = u'green (named)'
297.2817 	EXP 	stimuli: text = u'green'
297.2817 	EXP 	hint: autoDraw = True
297.6430 	EXP 	stimuli: autoDraw = True
298.3721 	DATA 	Keypress: down
298.4073 	EXP 	New trial (rep=1, index=17): OrderedDict([('word', u'red'), ('color', u'red'), ('congruent', 1), ('corrAns', u'left')])
298.5456 	EXP 	stimuli: autoDraw = False
298.5456 	EXP 	hint: autoDraw = False
298.5456 	EXP 	stimuli: color = u'red (named)'
298.5456 	EXP 	stimuli: text = u'red'
298.5456 	EXP 	hint: autoDraw = True
298.9425 	EXP 	stimuli: autoDraw = True
299.5829 	DATA 	Keypress: left
299.5971 	EXP 	New trial (rep=1, index=18): OrderedDict([('word', u'green'), ('color', u'green'), ('congruent', 1), ('corrAns', u'down')])
299.7701 	EXP 	stimuli: autoDraw = False
299.7701 	EXP 	hint: autoDraw = False
299.7701 	EXP 	stimuli: color = u'green (named)'
299.7701 	EXP 	stimuli: text = u'green'
299.7701 	EXP 	hint: autoDraw = True
300.1230 	EXP 	stimuli: autoDraw = True
300.8017 	DATA 	Keypress: down
300.8164 	EXP 	New trial (rep=1, index=19): OrderedDict([('word', u'blue'), ('color', u'red'), ('congruent', 0), ('corrAns', u'left')])
300.9774 	EXP 	stimuli: autoDraw = False
300.9774 	EXP 	hint: autoDraw = False
300.9774 	EXP 	stimuli: color = u'red (named)'
300.9774 	EXP 	stimuli: text = u'blue'
300.9774 	EXP 	hint: autoDraw = True
301.3554 	EXP 	stimuli: autoDraw = True
302.6091 	DATA 	Keypress: left
302.6343 	EXP 	New trial (rep=1, index=20): OrderedDict([('word', u'green'), ('color', u'green'), ('congruent', 1), ('corrAns', u'down')])
302.8039 	EXP 	stimuli: autoDraw = False
302.8039 	EXP 	hint: autoDraw = False
302.8039 	EXP 	stimuli: color = u'green (named)'
302.8039 	EXP 	stimuli: text = u'green'
302.8039 	EXP 	hint: autoDraw = True
303.1768 	EXP 	stimuli: autoDraw = True
304.0332 	DATA 	Keypress: down
304.0490 	EXP 	New trial (rep=1, index=21): OrderedDict([('word', u'blue'), ('color', u'red'), ('congruent', 0), ('corrAns', u'left')])
304.2026 	EXP 	stimuli: autoDraw = False
304.2026 	EXP 	hint: autoDraw = False
304.2026 	EXP 	stimuli: color = u'red (named)'
304.2026 	EXP 	stimuli: text = u'blue'
304.2026 	EXP 	hint: autoDraw = True
304.5837 	EXP 	stimuli: autoDraw = True
305.4926 	DATA 	Keypress: left
305.5066 	EXP 	New trial (rep=1, index=22): OrderedDict([('word', u'red'), ('color', u'red'), ('congruent', 1), ('corrAns', u'left')])
305.6454 	EXP 	stimuli: autoDraw = False
305.6454 	EXP 	hint: autoDraw = False
305.6454 	EXP 	stimuli: color = u'red (named)'
305.6454 	EXP 	stimuli: text = u'red'
305.6454 	EXP 	hint: autoDraw = True
306.0333 	EXP 	stimuli: autoDraw = True
306.5313 	DATA 	Keypress: left
306.5457 	EXP 	New trial (rep=1, index=23): OrderedDict([('word', u'blue'), ('color', u'blue'), ('congruent', 1), ('corrAns', u'right')])
306.6986 	EXP 	stimuli: autoDraw = False
306.6986 	EXP 	hint: autoDraw = False
306.6986 	EXP 	stimuli: color = u'blue (named)'
306.6986 	EXP 	stimuli: text = u'blue'
306.6986 	EXP 	hint: autoDraw = True
307.0818 	EXP 	stimuli: autoDraw = True
307.8397 	DATA 	Keypress: right
307.8536 	EXP 	New trial (rep=1, index=24): OrderedDict([('word', u'green'), ('color', u'blue'), ('congruent', 0), ('corrAns', u'right')])
308.0247 	EXP 	stimuli: autoDraw = False
308.0247 	EXP 	hint: autoDraw = False
308.0247 	EXP 	stimuli: color = u'blue (named)'
308.0247 	EXP 	stimuli: text = u'green'
308.0247 	EXP 	hint: autoDraw = True
308.3799 	EXP 	stimuli: autoDraw = True
309.1372 	DATA 	Keypress: down
309.1517 	EXP 	New trial (rep=1, index=25): OrderedDict([('word', u'green'), ('color', u'green'), ('congruent', 1), ('corrAns', u'down')])
309.1672 	EXP 	stimuli: autoDraw = False
309.1672 	EXP 	hint: autoDraw = False
309.1672 	EXP 	stimuli: color = u'green (named)'
309.1672 	EXP 	stimuli: text = u'green'
309.1672 	EXP 	hint: autoDraw = True
309.6764 	EXP 	stimuli: autoDraw = True
310.6163 	DATA 	Keypress: down
310.6425 	EXP 	New trial (rep=1, index=26): OrderedDict([('word', u'red'), ('color', u'green'), ('congruent', 0), ('corrAns', u'down')])
310.7855 	EXP 	stimuli: autoDraw = False
310.7855 	EXP 	hint: autoDraw = False
310.7855 	EXP 	stimuli: color = u'green (named)'
310.7855 	EXP 	stimuli: text = u'red'
310.7855 	EXP 	hint: autoDraw = True
311.1756 	EXP 	stimuli: autoDraw = True
312.1408 	DATA 	Keypress: down
312.1565 	EXP 	New trial (rep=1, index=27): OrderedDict([('word', u'red'), ('color', u'red'), ('congruent', 1), ('corrAns', u'left')])
312.1723 	EXP 	stimuli: autoDraw = False
312.1723 	EXP 	hint: autoDraw = False
312.1723 	EXP 	stimuli: color = u'red (named)'
312.1723 	EXP 	stimuli: text = u'red'
312.1723 	EXP 	hint: autoDraw = True
312.6886 	EXP 	stimuli: autoDraw = True
313.3371 	DATA 	Keypress: left
313.3602 	EXP 	New trial (rep=1, index=28): OrderedDict([('word', u'red'), ('color', u'red'), ('congruent', 1), ('corrAns', u'left')])
313.3761 	EXP 	stimuli: autoDraw = False
313.3761 	EXP 	hint: autoDraw = False
313.3761 	EXP 	stimuli: color = u'red (named)'
313.3761 	EXP 	stimuli: text = u'red'
313.3761 	EXP 	hint: autoDraw = True
313.8895 	EXP 	stimuli: autoDraw = True
314.3660 	DATA 	Keypress: left
314.3903 	EXP 	New trial (rep=1, index=29): OrderedDict([('word', u'green'), ('color', u'green'), ('congruent', 1), ('corrAns', u'down')])
314.5615 	EXP 	stimuli: autoDraw = False
314.5615 	EXP 	hint: autoDraw = False
314.5615 	EXP 	stimuli: color = u'green (named)'
314.5615 	EXP 	stimuli: text = u'green'
314.5615 	EXP 	hint: autoDraw = True
314.9203 	EXP 	stimuli: autoDraw = True
315.7392 	DATA 	Keypress: down
315.7652 	EXP 	New trial (rep=1, index=30): OrderedDict([('word', u'red'), ('color', u'red'), ('congruent', 1), ('corrAns', u'left')])
315.9080 	EXP 	stimuli: autoDraw = False
315.9080 	EXP 	hint: autoDraw = False
315.9080 	EXP 	stimuli: color = u'red (named)'
315.9080 	EXP 	stimuli: text = u'red'
315.9080 	EXP 	hint: autoDraw = True
316.3032 	EXP 	stimuli: autoDraw = True
317.0478 	DATA 	Keypress: left
317.0720 	EXP 	New trial (rep=1, index=31): OrderedDict([('word', u'green'), ('color', u'green'), ('congruent', 1), ('corrAns', u'down')])
317.2423 	EXP 	stimuli: autoDraw = False
317.2423 	EXP 	hint: autoDraw = False
317.2423 	EXP 	stimuli: color = u'green (named)'
317.2423 	EXP 	stimuli: text = u'green'
317.2423 	EXP 	hint: autoDraw = True
317.6004 	EXP 	stimuli: autoDraw = True
318.3528 	DATA 	Keypress: down
318.3785 	EXP 	New trial (rep=1, index=32): OrderedDict([('word', u'red'), ('color', u'red'), ('congruent', 1), ('corrAns', u'left')])
318.5179 	EXP 	stimuli: autoDraw = False
318.5179 	EXP 	hint: autoDraw = False
318.5179 	EXP 	stimuli: color = u'red (named)'
318.5179 	EXP 	stimuli: text = u'red'
318.5179 	EXP 	hint: autoDraw = True
318.9163 	EXP 	stimuli: autoDraw = True
319.5508 	DATA 	Keypress: left
319.5772 	EXP 	New trial (rep=1, index=33): OrderedDict([('word', u'red'), ('color', u'red'), ('congruent', 1), ('corrAns', u'left')])
319.5929 	EXP 	stimuli: autoDraw = False
319.5929 	EXP 	hint: autoDraw = False
319.5929 	EXP 	stimuli: color = u'red (named)'
319.5929 	EXP 	stimuli: text = u'red'
319.5929 	EXP 	hint: autoDraw = True
320.1130 	EXP 	stimuli: autoDraw = True
320.7117 	DATA 	Keypress: left
320.7275 	EXP 	New trial (rep=1, index=34): OrderedDict([('word', u'red'), ('color', u'red'), ('congruent', 1), ('corrAns', u'left')])
320.7431 	EXP 	stimuli: autoDraw = False
320.7431 	EXP 	hint: autoDraw = False
320.7431 	EXP 	stimuli: color = u'red (named)'
320.7431 	EXP 	stimuli: text = u'red'
320.7431 	EXP 	hint: autoDraw = True
321.2621 	EXP 	stimuli: autoDraw = True
321.7583 	DATA 	Keypress: left
321.7819 	EXP 	New trial (rep=1, index=35): OrderedDict([('word', u'green'), ('color', u'green'), ('congruent', 1), ('corrAns', u'down')])
321.9506 	EXP 	stimuli: autoDraw = False
321.9506 	EXP 	hint: autoDraw = False
321.9506 	EXP 	stimuli: color = u'green (named)'
321.9506 	EXP 	stimuli: text = u'green'
321.9506 	EXP 	hint: autoDraw = True
322.3107 	EXP 	stimuli: autoDraw = True
323.0459 	DATA 	Keypress: down
323.0612 	EXP 	New trial (rep=1, index=36): OrderedDict([('word', u'blue'), ('color', u'blue'), ('congruent', 1), ('corrAns', u'right')])
323.2142 	EXP 	stimuli: autoDraw = False
323.2142 	EXP 	hint: autoDraw = False
323.2142 	EXP 	stimuli: color = u'blue (named)'
323.2142 	EXP 	stimuli: text = u'blue'
323.2142 	EXP 	hint: autoDraw = True
323.5933 	EXP 	stimuli: autoDraw = True
324.3914 	DATA 	Keypress: right
324.4142 	EXP 	New trial (rep=1, index=37): OrderedDict([('word', u'blue'), ('color', u'blue'), ('congruent', 1), ('corrAns', u'right')])
324.4308 	EXP 	stimuli: autoDraw = False
324.4308 	EXP 	hint: autoDraw = False
324.4308 	EXP 	stimuli: color = u'blue (named)'
324.4308 	EXP 	stimuli: text = u'blue'
324.4308 	EXP 	hint: autoDraw = True
324.9402 	EXP 	stimuli: autoDraw = True
325.4552 	DATA 	Keypress: right
325.4783 	EXP 	New trial (rep=1, index=38): OrderedDict([('word', u'blue'), ('color', u'blue'), ('congruent', 1), ('corrAns', u'right')])
325.4950 	EXP 	stimuli: autoDraw = False
325.4950 	EXP 	hint: autoDraw = False
325.4950 	EXP 	stimuli: color = u'blue (named)'
325.4950 	EXP 	stimuli: text = u'blue'
325.4950 	EXP 	hint: autoDraw = True
326.0051 	EXP 	stimuli: autoDraw = True
326.6505 	DATA 	Keypress: right
326.6741 	EXP 	New trial (rep=1, index=39): OrderedDict([('word', u'red'), ('color', u'green'), ('congruent', 0), ('corrAns', u'down')])
326.8124 	EXP 	stimuli: autoDraw = False
326.8124 	EXP 	hint: autoDraw = False
326.8124 	EXP 	stimuli: color = u'green (named)'
326.8124 	EXP 	stimuli: text = u'red'
326.8124 	EXP 	hint: autoDraw = True
327.2044 	EXP 	stimuli: autoDraw = True
328.1887 	DATA 	Keypress: down
328.2032 	EXP 	New trial (rep=1, index=40): OrderedDict([('word', u'blue'), ('color', u'blue'), ('congruent', 1), ('corrAns', u'right')])
328.3550 	EXP 	stimuli: autoDraw = False
328.3550 	EXP 	hint: autoDraw = False
328.3550 	EXP 	stimuli: color = u'blue (named)'
328.3550 	EXP 	stimuli: text = u'blue'
328.3550 	EXP 	hint: autoDraw = True
328.7366 	EXP 	stimuli: autoDraw = True
329.4456 	DATA 	Keypress: right
329.4693 	EXP 	New trial (rep=1, index=41): OrderedDict([('word', u'green'), ('color', u'green'), ('congruent', 1), ('corrAns', u'down')])
329.6393 	EXP 	stimuli: autoDraw = False
329.6393 	EXP 	hint: autoDraw = False
329.6393 	EXP 	stimuli: color = u'green (named)'
329.6393 	EXP 	stimuli: text = u'green'
329.6393 	EXP 	hint: autoDraw = True
330.0018 	EXP 	stimuli: autoDraw = True
330.7776 	DATA 	Keypress: down
330.7921 	EXP 	New trial (rep=1, index=42): OrderedDict([('word', u'green'), ('color', u'green'), ('congruent', 1), ('corrAns', u'down')])
330.8080 	EXP 	stimuli: autoDraw = False
330.8080 	EXP 	hint: autoDraw = False
330.8080 	EXP 	stimuli: color = u'green (named)'
330.8080 	EXP 	stimuli: text = u'green'
330.8080 	EXP 	hint: autoDraw = True
331.3154 	EXP 	stimuli: autoDraw = True
331.8359 	DATA 	Keypress: down
331.8508 	EXP 	New trial (rep=1, index=43): OrderedDict([('word', u'green'), ('color', u'green'), ('congruent', 1), ('corrAns', u'down')])
331.8669 	EXP 	stimuli: autoDraw = False
331.8669 	EXP 	hint: autoDraw = False
331.8669 	EXP 	stimuli: color = u'green (named)'
331.8669 	EXP 	stimuli: text = u'green'
331.8669 	EXP 	hint: autoDraw = True
332.3804 	EXP 	stimuli: autoDraw = True
332.8255 	DATA 	Keypress: down
332.8408 	EXP 	New trial (rep=1, index=44): OrderedDict([('word', u'blue'), ('color', u'blue'), ('congruent', 1), ('corrAns', u'right')])
332.9933 	EXP 	stimuli: autoDraw = False
332.9933 	EXP 	hint: autoDraw = False
332.9933 	EXP 	stimuli: color = u'blue (named)'
332.9933 	EXP 	stimuli: text = u'blue'
332.9933 	EXP 	hint: autoDraw = True
333.3800 	EXP 	stimuli: autoDraw = True
334.2459 	DATA 	Keypress: right
334.2690 	EXP 	New trial (rep=2, index=0): OrderedDict([('word', u'blue'), ('color', u'red'), ('congruent', 0), ('corrAns', u'left')])
334.2858 	EXP 	stimuli: autoDraw = False
334.2858 	EXP 	hint: autoDraw = False
334.2858 	EXP 	stimuli: color = u'red (named)'
334.2858 	EXP 	stimuli: text = u'blue'
334.2858 	EXP 	hint: autoDraw = True
334.7939 	EXP 	stimuli: autoDraw = True
335.7751 	DATA 	Keypress: left
335.7982 	EXP 	New trial (rep=2, index=1): OrderedDict([('word', u'blue'), ('color', u'blue'), ('congruent', 1), ('corrAns', u'right')])
335.8159 	EXP 	stimuli: autoDraw = False
335.8159 	EXP 	hint: autoDraw = False
335.8159 	EXP 	stimuli: color = u'blue (named)'
335.8159 	EXP 	stimuli: text = u'blue'
335.8159 	EXP 	hint: autoDraw = True
336.3252 	EXP 	stimuli: autoDraw = True
337.0750 	DATA 	Keypress: right
337.0980 	EXP 	New trial (rep=2, index=2): OrderedDict([('word', u'blue'), ('color', u'blue'), ('congruent', 1), ('corrAns', u'right')])
337.1161 	EXP 	stimuli: autoDraw = False
337.1161 	EXP 	hint: autoDraw = False
337.1161 	EXP 	stimuli: color = u'blue (named)'
337.1161 	EXP 	stimuli: text = u'blue'
337.1161 	EXP 	hint: autoDraw = True
337.6222 	EXP 	stimuli: autoDraw = True
338.3173 	DATA 	Keypress: right
338.3314 	EXP 	New trial (rep=2, index=3): OrderedDict([('word', u'blue'), ('color', u'blue'), ('congruent', 1), ('corrAns', u'right')])
338.3478 	EXP 	stimuli: autoDraw = False
338.3478 	EXP 	hint: autoDraw = False
338.3478 	EXP 	stimuli: color = u'blue (named)'
338.3478 	EXP 	stimuli: text = u'blue'
338.3478 	EXP 	hint: autoDraw = True
338.8556 	EXP 	stimuli: autoDraw = True
339.3527 	DATA 	Keypress: right
339.3763 	EXP 	New trial (rep=2, index=4): OrderedDict([('word', u'red'), ('color', u'red'), ('congruent', 1), ('corrAns', u'left')])
339.5136 	EXP 	stimuli: autoDraw = False
339.5136 	EXP 	hint: autoDraw = False
339.5136 	EXP 	stimuli: color = u'red (named)'
339.5136 	EXP 	stimuli: text = u'red'
339.5136 	EXP 	hint: autoDraw = True
339.9045 	EXP 	stimuli: autoDraw = True
340.5834 	DATA 	Keypress: left
340.5991 	EXP 	New trial (rep=2, index=5): OrderedDict([('word', u'blue'), ('color', u'blue'), ('congruent', 1), ('corrAns', u'right')])
340.7603 	EXP 	stimuli: autoDraw = False
340.7603 	EXP 	hint: autoDraw = False
340.7603 	EXP 	stimuli: color = u'blue (named)'
340.7603 	EXP 	stimuli: text = u'blue'
340.7603 	EXP 	hint: autoDraw = True
341.1365 	EXP 	stimuli: autoDraw = True
342.2162 	DATA 	Keypress: right
342.2394 	EXP 	New trial (rep=2, index=6): OrderedDict([('word', u'green'), ('color', u'green'), ('congruent', 1), ('corrAns', u'down')])
342.4143 	EXP 	stimuli: autoDraw = False
342.4143 	EXP 	hint: autoDraw = False
342.4143 	EXP 	stimuli: color = u'green (named)'
342.4143 	EXP 	stimuli: text = u'green'
342.4143 	EXP 	hint: autoDraw = True
342.7684 	EXP 	stimuli: autoDraw = True
343.3802 	DATA 	Keypress: down
343.4035 	EXP 	New trial (rep=2, index=7): OrderedDict([('word', u'blue'), ('color', u'blue'), ('congruent', 1), ('corrAns', u'right')])
343.5571 	EXP 	stimuli: autoDraw = False
343.5571 	EXP 	hint: autoDraw = False
343.5571 	EXP 	stimuli: color = u'blue (named)'
343.5571 	EXP 	stimuli: text = u'blue'
343.5571 	EXP 	hint: autoDraw = True
343.9329 	EXP 	stimuli: autoDraw = True
344.8152 	DATA 	Keypress: right
344.8492 	EXP 	New trial (rep=2, index=8): OrderedDict([('word', u'blue'), ('color', u'green'), ('congruent', 0), ('corrAns', u'down')])
344.8647 	EXP 	stimuli: autoDraw = False
344.8647 	EXP 	hint: autoDraw = False
344.8647 	EXP 	stimuli: color = u'green (named)'
344.8647 	EXP 	stimuli: text = u'blue'
344.8647 	EXP 	hint: autoDraw = True
345.3793 	EXP 	stimuli: autoDraw = True
346.3752 	DATA 	Keypress: down
346.3987 	EXP 	New trial (rep=2, index=9): OrderedDict([('word', u'green'), ('color', u'green'), ('congruent', 1), ('corrAns', u'down')])
346.5692 	EXP 	stimuli: autoDraw = False
346.5692 	EXP 	hint: autoDraw = False
346.5692 	EXP 	stimuli: color = u'green (named)'
346.5692 	EXP 	stimuli: text = u'green'
346.5692 	EXP 	hint: autoDraw = True
346.9297 	EXP 	stimuli: autoDraw = True
347.7597 	DATA 	Keypress: down
347.7828 	EXP 	New trial (rep=2, index=10): OrderedDict([('word', u'green'), ('color', u'blue'), ('congruent', 0), ('corrAns', u'right')])
347.7991 	EXP 	stimuli: autoDraw = False
347.7991 	EXP 	hint: autoDraw = False
347.7991 	EXP 	stimuli: color = u'blue (named)'
347.7991 	EXP 	stimuli: text = u'green'
347.7991 	EXP 	hint: autoDraw = True
348.3096 	EXP 	stimuli: autoDraw = True
349.1113 	DATA 	Keypress: right
349.1264 	EXP 	New trial (rep=2, index=11): OrderedDict([('word', u'blue'), ('color', u'blue'), ('congruent', 1), ('corrAns', u'right')])
349.2780 	EXP 	stimuli: autoDraw = False
349.2780 	EXP 	hint: autoDraw = False
349.2780 	EXP 	stimuli: color = u'blue (named)'
349.2780 	EXP 	stimuli: text = u'blue'
349.2780 	EXP 	hint: autoDraw = True
349.6589 	EXP 	stimuli: autoDraw = True
350.3704 	DATA 	Keypress: right
350.3944 	EXP 	New trial (rep=2, index=12): OrderedDict([('word', u'red'), ('color', u'green'), ('congruent', 0), ('corrAns', u'down')])
350.5322 	EXP 	stimuli: autoDraw = False
350.5322 	EXP 	hint: autoDraw = False
350.5322 	EXP 	stimuli: color = u'green (named)'
350.5322 	EXP 	stimuli: text = u'red'
350.5322 	EXP 	hint: autoDraw = True
350.9249 	EXP 	stimuli: autoDraw = True
352.3430 	DATA 	Keypress: down
352.3688 	EXP 	New trial (rep=2, index=13): OrderedDict([('word', u'green'), ('color', u'green'), ('congruent', 1), ('corrAns', u'down')])
352.5400 	EXP 	stimuli: autoDraw = False
352.5400 	EXP 	hint: autoDraw = False
352.5400 	EXP 	stimuli: color = u'green (named)'
352.5400 	EXP 	stimuli: text = u'green'
352.5400 	EXP 	hint: autoDraw = True
352.9042 	EXP 	stimuli: autoDraw = True
353.5161 	DATA 	Keypress: down
353.5397 	EXP 	New trial (rep=2, index=14): OrderedDict([('word', u'red'), ('color', u'red'), ('congruent', 1), ('corrAns', u'left')])
353.6766 	EXP 	stimuli: autoDraw = False
353.6766 	EXP 	hint: autoDraw = False
353.6766 	EXP 	stimuli: color = u'red (named)'
353.6766 	EXP 	stimuli: text = u'red'
353.6766 	EXP 	hint: autoDraw = True
354.0712 	EXP 	stimuli: autoDraw = True
356.9909 	DATA 	Keypress: left
357.0055 	EXP 	New trial (rep=2, index=15): OrderedDict([('word', u'red'), ('color', u'red'), ('congruent', 1), ('corrAns', u'left')])
357.0208 	EXP 	stimuli: autoDraw = False
357.0208 	EXP 	hint: autoDraw = False
357.0208 	EXP 	stimuli: color = u'red (named)'
357.0208 	EXP 	stimuli: text = u'red'
357.0208 	EXP 	hint: autoDraw = True
357.5302 	EXP 	stimuli: autoDraw = True
358.0391 	DATA 	Keypress: left
358.0640 	EXP 	New trial (rep=2, index=16): OrderedDict([('word', u'green'), ('color', u'red'), ('congruent', 0), ('corrAns', u'left')])
358.2347 	EXP 	stimuli: autoDraw = False
358.2347 	EXP 	hint: autoDraw = False
358.2347 	EXP 	stimuli: color = u'red (named)'
358.2347 	EXP 	stimuli: text = u'green'
358.2347 	EXP 	hint: autoDraw = True
358.5990 	EXP 	stimuli: autoDraw = True
360.0310 	DATA 	Keypress: left
360.0595 	EXP 	New trial (rep=2, index=17): OrderedDict([('word', u'green'), ('color', u'green'), ('congruent', 1), ('corrAns', u'down')])
360.0752 	EXP 	stimuli: autoDraw = False
360.0752 	EXP 	hint: autoDraw = False
360.0752 	EXP 	stimuli: color = u'green (named)'
360.0752 	EXP 	stimuli: text = u'green'
360.0752 	EXP 	hint: autoDraw = True
360.5925 	EXP 	stimuli: autoDraw = True
361.2773 	DATA 	Keypress: down
361.2999 	EXP 	New trial (rep=2, index=18): OrderedDict([('word', u'green'), ('color', u'green'), ('congruent', 1), ('corrAns', u'down')])
361.3157 	EXP 	stimuli: autoDraw = False
361.3157 	EXP 	hint: autoDraw = False
361.3157 	EXP 	stimuli: color = u'green (named)'
361.3157 	EXP 	stimuli: text = u'green'
361.3157 	EXP 	hint: autoDraw = True
361.8255 	EXP 	stimuli: autoDraw = True
362.4537 	DATA 	Keypress: down
362.4778 	EXP 	New trial (rep=2, index=19): OrderedDict([('word', u'green'), ('color', u'green'), ('congruent', 1), ('corrAns', u'down')])
362.4933 	EXP 	stimuli: autoDraw = False
362.4933 	EXP 	hint: autoDraw = False
362.4933 	EXP 	stimuli: color = u'green (named)'
362.4933 	EXP 	stimuli: text = u'green'
362.4933 	EXP 	hint: autoDraw = True
363.0072 	EXP 	stimuli: autoDraw = True
363.5061 	DATA 	Keypress: down
363.5204 	EXP 	New trial (rep=2, index=20): OrderedDict([('word', u'green'), ('color', u'green'), ('congruent', 1), ('corrAns', u'down')])
363.5363 	EXP 	stimuli: autoDraw = False
363.5363 	EXP 	hint: autoDraw = False
363.5363 	EXP 	stimuli: color = u'green (named)'
363.5363 	EXP 	stimuli: text = u'green'
363.5363 	EXP 	hint: autoDraw = True
364.0566 	EXP 	stimuli: autoDraw = True
364.6026 	DATA 	Keypress: down
364.6179 	EXP 	New trial (rep=2, index=21): OrderedDict([('word', u'blue'), ('color', u'blue'), ('congruent', 1), ('corrAns', u'right')])
364.7708 	EXP 	stimuli: autoDraw = False
364.7708 	EXP 	hint: autoDraw = False
364.7708 	EXP 	stimuli: color = u'blue (named)'
364.7708 	EXP 	stimuli: text = u'blue'
364.7708 	EXP 	hint: autoDraw = True
365.1556 	EXP 	stimuli: autoDraw = True
365.9900 	DATA 	Keypress: right
366.0048 	EXP 	New trial (rep=2, index=22): OrderedDict([('word', u'red'), ('color', u'red'), ('congruent', 1), ('corrAns', u'left')])
366.1467 	EXP 	stimuli: autoDraw = False
366.1467 	EXP 	hint: autoDraw = False
366.1467 	EXP 	stimuli: color = u'red (named)'
366.1467 	EXP 	stimuli: text = u'red'
366.1467 	EXP 	hint: autoDraw = True
366.5364 	EXP 	stimuli: autoDraw = True
367.2277 	DATA 	Keypress: left
367.2522 	EXP 	New trial (rep=2, index=23): OrderedDict([('word', u'blue'), ('color', u'blue'), ('congruent', 1), ('corrAns', u'right')])
367.4050 	EXP 	stimuli: autoDraw = False
367.4050 	EXP 	hint: autoDraw = False
367.4050 	EXP 	stimuli: color = u'blue (named)'
367.4050 	EXP 	stimuli: text = u'blue'
367.4050 	EXP 	hint: autoDraw = True
367.7858 	EXP 	stimuli: autoDraw = True
368.5051 	DATA 	Keypress: right
368.5347 	EXP 	New trial (rep=2, index=24): OrderedDict([('word', u'blue'), ('color', u'blue'), ('congruent', 1), ('corrAns', u'right')])
368.5532 	EXP 	stimuli: autoDraw = False
368.5532 	EXP 	hint: autoDraw = False
368.5532 	EXP 	stimuli: color = u'blue (named)'
368.5532 	EXP 	stimuli: text = u'blue'
368.5532 	EXP 	hint: autoDraw = True
369.0678 	EXP 	stimuli: autoDraw = True
369.6987 	DATA 	Keypress: right
369.7169 	EXP 	New trial (rep=2, index=25): OrderedDict([('word', u'red'), ('color', u'red'), ('congruent', 1), ('corrAns', u'left')])
369.8751 	EXP 	stimuli: autoDraw = False
369.8751 	EXP 	hint: autoDraw = False
369.8751 	EXP 	stimuli: color = u'red (named)'
369.8751 	EXP 	stimuli: text = u'red'
369.8751 	EXP 	hint: autoDraw = True
370.2494 	EXP 	stimuli: autoDraw = True
371.0105 	DATA 	Keypress: left
371.0250 	EXP 	New trial (rep=2, index=26): OrderedDict([('word', u'red'), ('color', u'red'), ('congruent', 1), ('corrAns', u'left')])
371.0405 	EXP 	stimuli: autoDraw = False
371.0405 	EXP 	hint: autoDraw = False
371.0405 	EXP 	stimuli: color = u'red (named)'
371.0405 	EXP 	stimuli: text = u'red'
371.0405 	EXP 	hint: autoDraw = True
371.5627 	EXP 	stimuli: autoDraw = True
372.0097 	DATA 	Keypress: left
372.0243 	EXP 	New trial (rep=2, index=27): OrderedDict([('word', u'green'), ('color', u'blue'), ('congruent', 0), ('corrAns', u'right')])
372.1960 	EXP 	stimuli: autoDraw = False
372.1960 	EXP 	hint: autoDraw = False
372.1960 	EXP 	stimuli: color = u'blue (named)'
372.1960 	EXP 	stimuli: text = u'green'
372.1960 	EXP 	hint: autoDraw = True
372.5622 	EXP 	stimuli: autoDraw = True
373.6623 	DATA 	Keypress: right
373.6853 	EXP 	New trial (rep=2, index=28): OrderedDict([('word', u'red'), ('color', u'red'), ('congruent', 1), ('corrAns', u'left')])
373.8244 	EXP 	stimuli: autoDraw = False
373.8244 	EXP 	hint: autoDraw = False
373.8244 	EXP 	stimuli: color = u'red (named)'
373.8244 	EXP 	stimuli: text = u'red'
373.8244 	EXP 	hint: autoDraw = True
374.2111 	EXP 	stimuli: autoDraw = True
374.9632 	DATA 	Keypress: left
374.9787 	EXP 	New trial (rep=2, index=29): OrderedDict([('word', u'red'), ('color', u'green'), ('congruent', 0), ('corrAns', u'down')])
374.9944 	EXP 	stimuli: autoDraw = False
374.9944 	EXP 	hint: autoDraw = False
374.9944 	EXP 	stimuli: color = u'green (named)'
374.9944 	EXP 	stimuli: text = u'red'
374.9944 	EXP 	hint: autoDraw = True
375.5063 	EXP 	stimuli: autoDraw = True
376.4887 	DATA 	Keypress: down
376.5118 	EXP 	New trial (rep=2, index=30): OrderedDict([('word', u'blue'), ('color', u'red'), ('congruent', 0), ('corrAns', u'left')])
376.6655 	EXP 	stimuli: autoDraw = False
376.6655 	EXP 	hint: autoDraw = False
376.6655 	EXP 	stimuli: color = u'red (named)'
376.6655 	EXP 	stimuli: text = u'blue'
376.6655 	EXP 	hint: autoDraw = True
377.0406 	EXP 	stimuli: autoDraw = True
378.1273 	DATA 	Keypress: left
378.1429 	EXP 	New trial (rep=2, index=31): OrderedDict([('word', u'red'), ('color', u'red'), ('congruent', 1), ('corrAns', u'left')])
378.2851 	EXP 	stimuli: autoDraw = False
378.2851 	EXP 	hint: autoDraw = False
378.2851 	EXP 	stimuli: color = u'red (named)'
378.2851 	EXP 	stimuli: text = u'red'
378.2851 	EXP 	hint: autoDraw = True
378.6721 	EXP 	stimuli: autoDraw = True
379.3418 	DATA 	Keypress: left
379.3680 	EXP 	New trial (rep=2, index=32): OrderedDict([('word', u'red'), ('color', u'red'), ('congruent', 1), ('corrAns', u'left')])
379.3837 	EXP 	stimuli: autoDraw = False
379.3837 	EXP 	hint: autoDraw = False
379.3837 	EXP 	stimuli: color = u'red (named)'
379.3837 	EXP 	stimuli: text = u'red'
379.3837 	EXP 	hint: autoDraw = True
379.9008 	EXP 	stimuli: autoDraw = True
380.4116 	DATA 	Keypress: left
380.4257 	EXP 	New trial (rep=2, index=33): OrderedDict([('word', u'blue'), ('color', u'blue'), ('congruent', 1), ('corrAns', u'right')])
380.5798 	EXP 	stimuli: autoDraw = False
380.5798 	EXP 	hint: autoDraw = False
380.5798 	EXP 	stimuli: color = u'blue (named)'
380.5798 	EXP 	stimuli: text = u'blue'
380.5798 	EXP 	hint: autoDraw = True
380.9526 	EXP 	stimuli: autoDraw = True
381.6226 	DATA 	Keypress: right
381.6496 	EXP 	New trial (rep=2, index=34): OrderedDict([('word', u'red'), ('color', u'red'), ('congruent', 1), ('corrAns', u'left')])
381.7869 	EXP 	stimuli: autoDraw = False
381.7869 	EXP 	hint: autoDraw = False
381.7869 	EXP 	stimuli: color = u'red (named)'
381.7869 	EXP 	stimuli: text = u'red'
381.7869 	EXP 	hint: autoDraw = True
382.1831 	EXP 	stimuli: autoDraw = True
382.9662 	DATA 	Keypress: left
382.9895 	EXP 	New trial (rep=2, index=35): OrderedDict([('word', u'blue'), ('color', u'blue'), ('congruent', 1), ('corrAns', u'right')])
383.1519 	EXP 	stimuli: autoDraw = False
383.1519 	EXP 	hint: autoDraw = False
383.1519 	EXP 	stimuli: color = u'blue (named)'
383.1519 	EXP 	stimuli: text = u'blue'
383.1519 	EXP 	hint: autoDraw = True
383.5147 	EXP 	stimuli: autoDraw = True
384.2495 	DATA 	Keypress: right
384.2644 	EXP 	New trial (rep=2, index=36): OrderedDict([('word', u'red'), ('color', u'blue'), ('congruent', 0), ('corrAns', u'right')])
384.4001 	EXP 	stimuli: autoDraw = False
384.4001 	EXP 	hint: autoDraw = False
384.4001 	EXP 	stimuli: color = u'blue (named)'
384.4001 	EXP 	stimuli: text = u'red'
384.4001 	EXP 	hint: autoDraw = True
384.7974 	EXP 	stimuli: autoDraw = True
386.0323 	DATA 	Keypress: right
386.0475 	EXP 	New trial (rep=2, index=37): OrderedDict([('word', u'green'), ('color', u'green'), ('congruent', 1), ('corrAns', u'down')])
386.2190 	EXP 	stimuli: autoDraw = False
386.2190 	EXP 	hint: autoDraw = False
386.2190 	EXP 	stimuli: color = u'green (named)'
386.2190 	EXP 	stimuli: text = u'green'
386.2190 	EXP 	hint: autoDraw = True
386.5780 	EXP 	stimuli: autoDraw = True
387.2461 	DATA 	Keypress: down
387.2700 	EXP 	New trial (rep=2, index=38): OrderedDict([('word', u'green'), ('color', u'green'), ('congruent', 1), ('corrAns', u'down')])
387.2855 	EXP 	stimuli: autoDraw = False
387.2855 	EXP 	hint: autoDraw = False
387.2855 	EXP 	stimuli: color = u'green (named)'
387.2855 	EXP 	stimuli: text = u'green'
387.2855 	EXP 	hint: autoDraw = True
387.8083 	EXP 	stimuli: autoDraw = True
388.2756 	DATA 	Keypress: down
388.2912 	EXP 	New trial (rep=2, index=39): OrderedDict([('word', u'green'), ('color', u'green'), ('congruent', 1), ('corrAns', u'down')])
388.3070 	EXP 	stimuli: autoDraw = False
388.3070 	EXP 	hint: autoDraw = False
388.3070 	EXP 	stimuli: color = u'green (named)'
388.3070 	EXP 	stimuli: text = u'green'
388.3070 	EXP 	hint: autoDraw = True
388.8237 	EXP 	stimuli: autoDraw = True
389.2049 	DATA 	Keypress: down
389.2294 	EXP 	New trial (rep=2, index=40): OrderedDict([('word', u'blue'), ('color', u'blue'), ('congruent', 1), ('corrAns', u'right')])
389.3849 	EXP 	stimuli: autoDraw = False
389.3849 	EXP 	hint: autoDraw = False
389.3849 	EXP 	stimuli: color = u'blue (named)'
389.3849 	EXP 	stimuli: text = u'blue'
389.3849 	EXP 	hint: autoDraw = True
389.7577 	EXP 	stimuli: autoDraw = True
390.6272 	DATA 	Keypress: right
390.6429 	EXP 	New trial (rep=2, index=41): OrderedDict([('word', u'red'), ('color', u'red'), ('congruent', 1), ('corrAns', u'left')])
390.7800 	EXP 	stimuli: autoDraw = False
390.7800 	EXP 	hint: autoDraw = False
390.7800 	EXP 	stimuli: color = u'red (named)'
390.7800 	EXP 	stimuli: text = u'red'
390.7800 	EXP 	hint: autoDraw = True
391.1730 	EXP 	stimuli: autoDraw = True
391.7560 	DATA 	Keypress: left
391.7717 	EXP 	New trial (rep=2, index=42): OrderedDict([('word', u'green'), ('color', u'green'), ('congruent', 1), ('corrAns', u'down')])
391.9427 	EXP 	stimuli: autoDraw = False
391.9427 	EXP 	hint: autoDraw = False
391.9427 	EXP 	stimuli: color = u'green (named)'
391.9427 	EXP 	stimuli: text = u'green'
391.9427 	EXP 	hint: autoDraw = True
392.3039 	EXP 	stimuli: autoDraw = True
393.3983 	DATA 	Keypress: down
393.4225 	EXP 	New trial (rep=2, index=43): OrderedDict([('word', u'red'), ('color', u'red'), ('congruent', 1), ('corrAns', u'left')])
393.5605 	EXP 	stimuli: autoDraw = False
393.5605 	EXP 	hint: autoDraw = False
393.5605 	EXP 	stimuli: color = u'red (named)'
393.5605 	EXP 	stimuli: text = u'red'
393.5605 	EXP 	hint: autoDraw = True
393.9520 	EXP 	stimuli: autoDraw = True
394.6192 	DATA 	Keypress: left
394.6339 	EXP 	New trial (rep=2, index=44): OrderedDict([('word', u'green'), ('color', u'green'), ('congruent', 1), ('corrAns', u'down')])
394.8043 	EXP 	stimuli: autoDraw = False
394.8043 	EXP 	hint: autoDraw = False
394.8043 	EXP 	stimuli: color = u'green (named)'
394.8043 	EXP 	stimuli: text = u'green'
394.8043 	EXP 	hint: autoDraw = True
395.1661 	EXP 	stimuli: autoDraw = True
395.8914 	DATA 	Keypress: down
395.9053 	EXP 	New trial (rep=3, index=0): OrderedDict([('word', u'red'), ('color', u'red'), ('congruent', 1), ('corrAns', u'left')])
396.0437 	EXP 	stimuli: autoDraw = False
396.0437 	EXP 	hint: autoDraw = False
396.0437 	EXP 	stimuli: color = u'red (named)'
396.0437 	EXP 	stimuli: text = u'red'
396.0437 	EXP 	hint: autoDraw = True
396.4316 	EXP 	stimuli: autoDraw = True
397.0969 	DATA 	Keypress: left
397.1195 	EXP 	New trial (rep=3, index=1): OrderedDict([('word', u'red'), ('color', u'red'), ('congruent', 1), ('corrAns', u'left')])
397.1357 	EXP 	stimuli: autoDraw = False
397.1357 	EXP 	hint: autoDraw = False
397.1357 	EXP 	stimuli: color = u'red (named)'
397.1357 	EXP 	stimuli: text = u'red'
397.1357 	EXP 	hint: autoDraw = True
397.6459 	EXP 	stimuli: autoDraw = True
398.1666 	DATA 	Keypress: left
398.1819 	EXP 	New trial (rep=3, index=2): OrderedDict([('word', u'blue'), ('color', u'blue'), ('congruent', 1), ('corrAns', u'right')])
398.3374 	EXP 	stimuli: autoDraw = False
398.3374 	EXP 	hint: autoDraw = False
398.3374 	EXP 	stimuli: color = u'blue (named)'
398.3374 	EXP 	stimuli: text = u'blue'
398.3374 	EXP 	hint: autoDraw = True
398.7119 	EXP 	stimuli: autoDraw = True
399.4382 	DATA 	Keypress: right
399.4627 	EXP 	New trial (rep=3, index=3): OrderedDict([('word', u'red'), ('color', u'red'), ('congruent', 1), ('corrAns', u'left')])
399.5995 	EXP 	stimuli: autoDraw = False
399.5995 	EXP 	hint: autoDraw = False
399.5995 	EXP 	stimuli: color = u'red (named)'
399.5995 	EXP 	stimuli: text = u'red'
399.5995 	EXP 	hint: autoDraw = True
400.0016 	EXP 	stimuli: autoDraw = True
400.7168 	DATA 	Keypress: left
400.7314 	EXP 	New trial (rep=3, index=4): OrderedDict([('word', u'red'), ('color', u'blue'), ('congruent', 0), ('corrAns', u'right')])
400.7468 	EXP 	stimuli: autoDraw = False
400.7468 	EXP 	hint: autoDraw = False
400.7468 	EXP 	stimuli: color = u'blue (named)'
400.7468 	EXP 	stimuli: text = u'red'
400.7468 	EXP 	hint: autoDraw = True
401.2564 	EXP 	stimuli: autoDraw = True
402.3096 	DATA 	Keypress: right
402.3348 	EXP 	New trial (rep=3, index=5): OrderedDict([('word', u'blue'), ('color', u'blue'), ('congruent', 1), ('corrAns', u'right')])
402.4876 	EXP 	stimuli: autoDraw = False
402.4876 	EXP 	hint: autoDraw = False
402.4876 	EXP 	stimuli: color = u'blue (named)'
402.4876 	EXP 	stimuli: text = u'blue'
402.4876 	EXP 	hint: autoDraw = True
402.8737 	EXP 	stimuli: autoDraw = True
403.5509 	DATA 	Keypress: right
403.5664 	EXP 	New trial (rep=3, index=6): OrderedDict([('word', u'red'), ('color', u'red'), ('congruent', 1), ('corrAns', u'left')])
403.7047 	EXP 	stimuli: autoDraw = False
403.7047 	EXP 	hint: autoDraw = False
403.7047 	EXP 	stimuli: color = u'red (named)'
403.7047 	EXP 	stimuli: text = u'red'
403.7047 	EXP 	hint: autoDraw = True
404.1051 	EXP 	stimuli: autoDraw = True
404.8847 	DATA 	Keypress: left
404.9001 	EXP 	New trial (rep=3, index=7): OrderedDict([('word', u'red'), ('color', u'red'), ('congruent', 1), ('corrAns', u'left')])
404.9160 	EXP 	stimuli: autoDraw = False
404.9160 	EXP 	hint: autoDraw = False
404.9160 	EXP 	stimuli: color = u'red (named)'
404.9160 	EXP 	stimuli: text = u'red'
404.9160 	EXP 	hint: autoDraw = True
405.4341 	EXP 	stimuli: autoDraw = True
406.0036 	DATA 	Keypress: left
406.0296 	EXP 	New trial (rep=3, index=8): OrderedDict([('word', u'blue'), ('color', u'blue'), ('congruent', 1), ('corrAns', u'right')])
406.1823 	EXP 	stimuli: autoDraw = False
406.1823 	EXP 	hint: autoDraw = False
406.1823 	EXP 	stimuli: color = u'blue (named)'
406.1823 	EXP 	stimuli: text = u'blue'
406.1823 	EXP 	hint: autoDraw = True
406.5682 	EXP 	stimuli: autoDraw = True
407.1691 	DATA 	Keypress: right
407.1840 	EXP 	New trial (rep=3, index=9): OrderedDict([('word', u'green'), ('color', u'green'), ('congruent', 1), ('corrAns', u'down')])
407.3558 	EXP 	stimuli: autoDraw = False
407.3558 	EXP 	hint: autoDraw = False
407.3558 	EXP 	stimuli: color = u'green (named)'
407.3558 	EXP 	stimuli: text = u'green'
407.3558 	EXP 	hint: autoDraw = True
407.7176 	EXP 	stimuli: autoDraw = True
408.4333 	DATA 	Keypress: down
408.4563 	EXP 	New trial (rep=3, index=10): OrderedDict([('word', u'green'), ('color', u'green'), ('congruent', 1), ('corrAns', u'down')])
408.4726 	EXP 	stimuli: autoDraw = False
408.4726 	EXP 	hint: autoDraw = False
408.4726 	EXP 	stimuli: color = u'green (named)'
408.4726 	EXP 	stimuli: text = u'green'
408.4726 	EXP 	hint: autoDraw = True
408.9805 	EXP 	stimuli: autoDraw = True
409.5151 	DATA 	Keypress: down
409.5388 	EXP 	New trial (rep=3, index=11): OrderedDict([('word', u'blue'), ('color', u'blue'), ('congruent', 1), ('corrAns', u'right')])
409.6938 	EXP 	stimuli: autoDraw = False
409.6938 	EXP 	hint: autoDraw = False
409.6938 	EXP 	stimuli: color = u'blue (named)'
409.6938 	EXP 	stimuli: text = u'blue'
409.6938 	EXP 	hint: autoDraw = True
410.0636 	EXP 	stimuli: autoDraw = True
410.7738 	DATA 	Keypress: right
410.7888 	EXP 	New trial (rep=3, index=12): OrderedDict([('word', u'green'), ('color', u'green'), ('congruent', 1), ('corrAns', u'down')])
410.9590 	EXP 	stimuli: autoDraw = False
410.9590 	EXP 	hint: autoDraw = False
410.9590 	EXP 	stimuli: color = u'green (named)'
410.9590 	EXP 	stimuli: text = u'green'
410.9590 	EXP 	hint: autoDraw = True
411.3127 	EXP 	stimuli: autoDraw = True
412.2119 	DATA 	Keypress: down
412.2345 	EXP 	New trial (rep=3, index=13): OrderedDict([('word', u'blue'), ('color', u'red'), ('congruent', 0), ('corrAns', u'left')])
412.3917 	EXP 	stimuli: autoDraw = False
412.3917 	EXP 	hint: autoDraw = False
412.3917 	EXP 	stimuli: color = u'red (named)'
412.3917 	EXP 	stimuli: text = u'blue'
412.3917 	EXP 	hint: autoDraw = True
412.7604 	EXP 	stimuli: autoDraw = True
413.9093 	DATA 	Keypress: left
413.9323 	EXP 	New trial (rep=3, index=14): OrderedDict([('word', u'green'), ('color', u'red'), ('congruent', 0), ('corrAns', u'left')])
414.1028 	EXP 	stimuli: autoDraw = False
414.1028 	EXP 	hint: autoDraw = False
414.1028 	EXP 	stimuli: color = u'red (named)'
414.1028 	EXP 	stimuli: text = u'green'
414.1028 	EXP 	hint: autoDraw = True
414.4579 	EXP 	stimuli: autoDraw = True
415.1399 	DATA 	Keypress: left
415.1631 	EXP 	New trial (rep=3, index=15): OrderedDict([('word', u'blue'), ('color', u'blue'), ('congruent', 1), ('corrAns', u'right')])
415.3229 	EXP 	stimuli: autoDraw = False
415.3229 	EXP 	hint: autoDraw = False
415.3229 	EXP 	stimuli: color = u'blue (named)'
415.3229 	EXP 	stimuli: text = u'blue'
415.3229 	EXP 	hint: autoDraw = True
415.6947 	EXP 	stimuli: autoDraw = True
416.5526 	DATA 	Keypress: right
416.5767 	EXP 	New trial (rep=3, index=16): OrderedDict([('word', u'green'), ('color', u'green'), ('congruent', 1), ('corrAns', u'down')])
416.7477 	EXP 	stimuli: autoDraw = False
416.7477 	EXP 	hint: autoDraw = False
416.7477 	EXP 	stimuli: color = u'green (named)'
416.7477 	EXP 	stimuli: text = u'green'
416.7477 	EXP 	hint: autoDraw = True
417.1046 	EXP 	stimuli: autoDraw = True
417.7897 	DATA 	Keypress: down
417.8144 	EXP 	New trial (rep=3, index=17): OrderedDict([('word', u'green'), ('color', u'green'), ('congruent', 1), ('corrAns', u'down')])
417.8300 	EXP 	stimuli: autoDraw = False
417.8300 	EXP 	hint: autoDraw = False
417.8300 	EXP 	stimuli: color = u'green (named)'
417.8300 	EXP 	stimuli: text = u'green'
417.8300 	EXP 	hint: autoDraw = True
418.3526 	EXP 	stimuli: autoDraw = True
419.2521 	DATA 	Keypress: down
419.2751 	EXP 	New trial (rep=3, index=18): OrderedDict([('word', u'red'), ('color', u'red'), ('congruent', 1), ('corrAns', u'left')])
419.4252 	EXP 	stimuli: autoDraw = False
419.4252 	EXP 	hint: autoDraw = False
419.4252 	EXP 	stimuli: color = u'red (named)'
419.4252 	EXP 	stimuli: text = u'red'
419.4252 	EXP 	hint: autoDraw = True
419.8019 	EXP 	stimuli: autoDraw = True
420.4392 	DATA 	Keypress: left
420.4539 	EXP 	New trial (rep=3, index=19): OrderedDict([('word', u'red'), ('color', u'green'), ('congruent', 0), ('corrAns', u'down')])
420.4692 	EXP 	stimuli: autoDraw = False
420.4692 	EXP 	hint: autoDraw = False
420.4692 	EXP 	stimuli: color = u'green (named)'
420.4692 	EXP 	stimuli: text = u'red'
420.4692 	EXP 	hint: autoDraw = True
420.9805 	EXP 	stimuli: autoDraw = True
422.2169 	DATA 	Keypress: down
422.2430 	EXP 	New trial (rep=3, index=20): OrderedDict([('word', u'blue'), ('color', u'blue'), ('congruent', 1), ('corrAns', u'right')])
422.4003 	EXP 	stimuli: autoDraw = False
422.4003 	EXP 	hint: autoDraw = False
422.4003 	EXP 	stimuli: color = u'blue (named)'
422.4003 	EXP 	stimuli: text = u'blue'
422.4003 	EXP 	hint: autoDraw = True
422.7805 	EXP 	stimuli: autoDraw = True
423.3417 	DATA 	Keypress: right
423.3660 	EXP 	New trial (rep=3, index=21): OrderedDict([('word', u'green'), ('color', u'green'), ('congruent', 1), ('corrAns', u'down')])
423.5369 	EXP 	stimuli: autoDraw = False
423.5369 	EXP 	hint: autoDraw = False
423.5369 	EXP 	stimuli: color = u'green (named)'
423.5369 	EXP 	stimuli: text = u'green'
423.5369 	EXP 	hint: autoDraw = True
423.8960 	EXP 	stimuli: autoDraw = True
424.6266 	DATA 	Keypress: down
424.6499 	EXP 	New trial (rep=3, index=22): OrderedDict([('word', u'blue'), ('color', u'blue'), ('congruent', 1), ('corrAns', u'right')])
424.8028 	EXP 	stimuli: autoDraw = False
424.8028 	EXP 	hint: autoDraw = False
424.8028 	EXP 	stimuli: color = u'blue (named)'
424.8028 	EXP 	stimuli: text = u'blue'
424.8028 	EXP 	hint: autoDraw = True
425.1773 	EXP 	stimuli: autoDraw = True
427.9136 	DATA 	Keypress: right
427.9280 	EXP 	New trial (rep=3, index=23): OrderedDict([('word', u'red'), ('color', u'red'), ('congruent', 1), ('corrAns', u'left')])
428.0654 	EXP 	stimuli: autoDraw = False
428.0654 	EXP 	hint: autoDraw = False
428.0654 	EXP 	stimuli: color = u'red (named)'
428.0654 	EXP 	stimuli: text = u'red'
428.0654 	EXP 	hint: autoDraw = True
428.4577 	EXP 	stimuli: autoDraw = True
429.5761 	DATA 	Keypress: left
429.5913 	EXP 	New trial (rep=3, index=24): OrderedDict([('word', u'green'), ('color', u'green'), ('congruent', 1), ('corrAns', u'down')])
429.7620 	EXP 	stimuli: autoDraw = False
429.7620 	EXP 	hint: autoDraw = False
429.7620 	EXP 	stimuli: color = u'green (named)'
429.7620 	EXP 	stimuli: text = u'green'
429.7620 	EXP 	hint: autoDraw = True
430.1207 	EXP 	stimuli: autoDraw = True
430.7494 	DATA 	Keypress: down
430.7651 	EXP 	New trial (rep=3, index=25): OrderedDict([('word', u'blue'), ('color', u'blue'), ('congruent', 1), ('corrAns', u'right')])
430.9177 	EXP 	stimuli: autoDraw = False
430.9177 	EXP 	hint: autoDraw = False
430.9177 	EXP 	stimuli: color = u'blue (named)'
430.9177 	EXP 	stimuli: text = u'blue'
430.9177 	EXP 	hint: autoDraw = True
431.3027 	EXP 	stimuli: autoDraw = True
432.3945 	DATA 	Keypress: right
432.4090 	EXP 	New trial (rep=3, index=26): OrderedDict([('word', u'red'), ('color', u'red'), ('congruent', 1), ('corrAns', u'left')])
432.5474 	EXP 	stimuli: autoDraw = False
432.5474 	EXP 	hint: autoDraw = False
432.5474 	EXP 	stimuli: color = u'red (named)'
432.5474 	EXP 	stimuli: text = u'red'
432.5474 	EXP 	hint: autoDraw = True
432.9342 	EXP 	stimuli: autoDraw = True
433.5002 	DATA 	Keypress: left
433.5240 	EXP 	New trial (rep=3, index=27): OrderedDict([('word', u'green'), ('color', u'blue'), ('congruent', 0), ('corrAns', u'right')])
433.6957 	EXP 	stimuli: autoDraw = False
433.6957 	EXP 	hint: autoDraw = False
433.6957 	EXP 	stimuli: color = u'blue (named)'
433.6957 	EXP 	stimuli: text = u'green'
433.6957 	EXP 	hint: autoDraw = True
434.0491 	EXP 	stimuli: autoDraw = True
434.8132 	DATA 	Keypress: right
434.8364 	EXP 	New trial (rep=3, index=28): OrderedDict([('word', u'blue'), ('color', u'blue'), ('congruent', 1), ('corrAns', u'right')])
434.9904 	EXP 	stimuli: autoDraw = False
434.9904 	EXP 	hint: autoDraw = False
434.9904 	EXP 	stimuli: color = u'blue (named)'
434.9904 	EXP 	stimuli: text = u'blue'
434.9904 	EXP 	hint: autoDraw = True
435.3643 	EXP 	stimuli: autoDraw = True
436.0398 	DATA 	Keypress: right
436.0641 	EXP 	New trial (rep=3, index=29): OrderedDict([('word', u'green'), ('color', u'green'), ('congruent', 1), ('corrAns', u'down')])
436.2343 	EXP 	stimuli: autoDraw = False
436.2343 	EXP 	hint: autoDraw = False
436.2343 	EXP 	stimuli: color = u'green (named)'
436.2343 	EXP 	stimuli: text = u'green'
436.2343 	EXP 	hint: autoDraw = True
436.5967 	EXP 	stimuli: autoDraw = True
437.0836 	DATA 	Keypress: down
437.0984 	EXP 	New trial (rep=3, index=30): OrderedDict([('word', u'blue'), ('color', u'green'), ('congruent', 0), ('corrAns', u'down')])
437.2506 	EXP 	stimuli: autoDraw = False
437.2506 	EXP 	hint: autoDraw = False
437.2506 	EXP 	stimuli: color = u'green (named)'
437.2506 	EXP 	stimuli: text = u'blue'
437.2506 	EXP 	hint: autoDraw = True
437.6283 	EXP 	stimuli: autoDraw = True
438.1290 	DATA 	Keypress: down
438.1436 	EXP 	New trial (rep=3, index=31): OrderedDict([('word', u'red'), ('color', u'red'), ('congruent', 1), ('corrAns', u'left')])
438.2859 	EXP 	stimuli: autoDraw = False
438.2859 	EXP 	hint: autoDraw = False
438.2859 	EXP 	stimuli: color = u'red (named)'
438.2859 	EXP 	stimuli: text = u'red'
438.2859 	EXP 	hint: autoDraw = True
438.6777 	EXP 	stimuli: autoDraw = True
439.2788 	DATA 	Keypress: left
439.3119 	EXP 	New trial (rep=3, index=32): OrderedDict([('word', u'green'), ('color', u'green'), ('congruent', 1), ('corrAns', u'down')])
439.4864 	EXP 	stimuli: autoDraw = False
439.4864 	EXP 	hint: autoDraw = False
439.4864 	EXP 	stimuli: color = u'green (named)'
439.4864 	EXP 	stimuli: text = u'green'
439.4864 	EXP 	hint: autoDraw = True
439.8413 	EXP 	stimuli: autoDraw = True
440.5107 	DATA 	Keypress: down
440.5353 	EXP 	New trial (rep=3, index=33): OrderedDict([('word', u'red'), ('color', u'green'), ('congruent', 0), ('corrAns', u'down')])
440.6730 	EXP 	stimuli: autoDraw = False
440.6730 	EXP 	hint: autoDraw = False
440.6730 	EXP 	stimuli: color = u'green (named)'
440.6730 	EXP 	stimuli: text = u'red'
440.6730 	EXP 	hint: autoDraw = True
441.0741 	EXP 	stimuli: autoDraw = True
441.7704 	DATA 	Keypress: down
441.7937 	EXP 	New trial (rep=3, index=34): OrderedDict([('word', u'red'), ('color', u'red'), ('congruent', 1), ('corrAns', u'left')])
441.8102 	EXP 	stimuli: autoDraw = False
441.8102 	EXP 	hint: autoDraw = False
441.8102 	EXP 	stimuli: color = u'red (named)'
441.8102 	EXP 	stimuli: text = u'red'
441.8102 	EXP 	hint: autoDraw = True
442.3204 	EXP 	stimuli: autoDraw = True
442.9532 	DATA 	Keypress: left
442.9764 	EXP 	New trial (rep=3, index=35): OrderedDict([('word', u'green'), ('color', u'green'), ('congruent', 1), ('corrAns', u'down')])
443.1512 	EXP 	stimuli: autoDraw = False
443.1512 	EXP 	hint: autoDraw = False
443.1512 	EXP 	stimuli: color = u'green (named)'
443.1512 	EXP 	stimuli: text = u'green'
443.1512 	EXP 	hint: autoDraw = True
443.5045 	EXP 	stimuli: autoDraw = True
444.1994 	DATA 	Keypress: down
444.2139 	EXP 	New trial (rep=3, index=36): OrderedDict([('word', u'green'), ('color', u'green'), ('congruent', 1), ('corrAns', u'down')])
444.2298 	EXP 	stimuli: autoDraw = False
444.2298 	EXP 	hint: autoDraw = False
444.2298 	EXP 	stimuli: color = u'green (named)'
444.2298 	EXP 	stimuli: text = u'green'
444.2298 	EXP 	hint: autoDraw = True
444.7497 	EXP 	stimuli: autoDraw = True
445.3291 	DATA 	Keypress: down
445.3439 	EXP 	New trial (rep=3, index=37): OrderedDict([('word', u'green'), ('color', u'green'), ('congruent', 1), ('corrAns', u'down')])
445.3597 	EXP 	stimuli: autoDraw = False
445.3597 	EXP 	hint: autoDraw = False
445.3597 	EXP 	stimuli: color = u'green (named)'
445.3597 	EXP 	stimuli: text = u'green'
445.3597 	EXP 	hint: autoDraw = True
445.8660 	EXP 	stimuli: autoDraw = True
446.3734 	DATA 	Keypress: down
446.3882 	EXP 	New trial (rep=3, index=38): OrderedDict([('word', u'blue'), ('color', u'blue'), ('congruent', 1), ('corrAns', u'right')])
446.5495 	EXP 	stimuli: autoDraw = False
446.5495 	EXP 	hint: autoDraw = False
446.5495 	EXP 	stimuli: color = u'blue (named)'
446.5495 	EXP 	stimuli: text = u'blue'
446.5495 	EXP 	hint: autoDraw = True
446.9171 	EXP 	stimuli: autoDraw = True
447.5701 	DATA 	Keypress: right
447.5853 	EXP 	New trial (rep=3, index=39): OrderedDict([('word', u'blue'), ('color', u'blue'), ('congruent', 1), ('corrAns', u'right')])
447.6013 	EXP 	stimuli: autoDraw = False
447.6013 	EXP 	hint: autoDraw = False
447.6013 	EXP 	stimuli: color = u'blue (named)'
447.6013 	EXP 	stimuli: text = u'blue'
447.6013 	EXP 	hint: autoDraw = True
448.1133 	EXP 	stimuli: autoDraw = True
448.5489 	DATA 	Keypress: right
448.5731 	EXP 	New trial (rep=3, index=40): OrderedDict([('word', u'red'), ('color', u'red'), ('congruent', 1), ('corrAns', u'left')])
448.7125 	EXP 	stimuli: autoDraw = False
448.7125 	EXP 	hint: autoDraw = False
448.7125 	EXP 	stimuli: color = u'red (named)'
448.7125 	EXP 	stimuli: text = u'red'
448.7125 	EXP 	hint: autoDraw = True
449.0973 	EXP 	stimuli: autoDraw = True
449.7867 	DATA 	Keypress: left
449.8102 	EXP 	New trial (rep=3, index=41): OrderedDict([('word', u'blue'), ('color', u'red'), ('congruent', 0), ('corrAns', u'left')])
449.9628 	EXP 	stimuli: autoDraw = False
449.9628 	EXP 	hint: autoDraw = False
449.9628 	EXP 	stimuli: color = u'red (named)'
449.9628 	EXP 	stimuli: text = u'blue'
449.9628 	EXP 	hint: autoDraw = True
450.3449 	EXP 	stimuli: autoDraw = True
450.9423 	DATA 	Keypress: left
450.9651 	EXP 	New trial (rep=3, index=42): OrderedDict([('word', u'red'), ('color', u'red'), ('congruent', 1), ('corrAns', u'left')])
451.1030 	EXP 	stimuli: autoDraw = False
451.1030 	EXP 	hint: autoDraw = False
451.1030 	EXP 	stimuli: color = u'red (named)'
451.1030 	EXP 	stimuli: text = u'red'
451.1030 	EXP 	hint: autoDraw = True
451.4941 	EXP 	stimuli: autoDraw = True
451.9047 	DATA 	Keypress: left
451.9194 	EXP 	New trial (rep=3, index=43): OrderedDict([('word', u'green'), ('color', u'blue'), ('congruent', 0), ('corrAns', u'right')])
452.0889 	EXP 	stimuli: autoDraw = False
452.0889 	EXP 	hint: autoDraw = False
452.0889 	EXP 	stimuli: color = u'blue (named)'
452.0889 	EXP 	stimuli: text = u'green'
452.0889 	EXP 	hint: autoDraw = True
452.4598 	EXP 	stimuli: autoDraw = True
453.2747 	DATA 	Keypress: right
453.2978 	EXP 	New trial (rep=3, index=44): OrderedDict([('word', u'blue'), ('color', u'blue'), ('congruent', 1), ('corrAns', u'right')])
453.4512 	EXP 	stimuli: autoDraw = False
453.4512 	EXP 	hint: autoDraw = False
453.4512 	EXP 	stimuli: color = u'blue (named)'
453.4512 	EXP 	stimuli: text = u'blue'
453.4512 	EXP 	hint: autoDraw = True
453.8234 	EXP 	stimuli: autoDraw = True
454.4326 	DATA 	Keypress: right
457.9182 	DATA 	Keypress: right
457.9358 	EXP 	stimuli: autoDraw = False
457.9358 	EXP 	hint: autoDraw = False
457.9358 	EXP 	text_2: autoDraw = True
459.8955 	DATA 	Keypress: space
468.7864 	EXP 	window1: mouseVisible = True
