13.4313 	WARNING 	User requested fullscreen with size [1366  768], but screen is actually [1920, 1080]. Using actual size
14.7881 	EXP 	Created window1 = Window(allowGUI=False, allowStencil=False, args=UNKNOWN, autoLog=True, bitsMode=UNKNOWN, blendMode='avg', color=array([-1., -1., -1.]), colorSpace='rgb', fullscr=UNKNOWN, gamma=None, kwargs=UNKNOWN, lms=UNKNOWN, monitor=<psychopy.monitors.calibTools.Monitor object at 0x192D8D10>, multiSample=False, name='window1', numSamples=2, pos=[0, 0], screen=0, size=array([1920, 1080]), stereo=False, units='norm', useFBO=True, useRetina=False, viewOri=0.0, viewPos=None, viewScale=None, waitBlanking=True, winType=u'pyglet')
14.7882 	EXP 	window1: recordFrameIntervals = False
14.9540 	EXP 	window1: recordFrameIntervals = True
15.1378 	EXP 	window1: recordFrameIntervals = False
15.6865 	EXP 	Created instr = TextStim(alignHoriz='center', alignVert='center', antialias=True, autoLog=True, bold=False, color=array([ 1.,  1.,  1.]), colorSpace='rgb', contrast=1.0, depth=0.0, flipHoriz=False, flipVert=False, font='Arial', fontFiles=[], height=28, italic=False, name='instr', opacity=1.0, ori=0, pos=array([ 0.,  0.]), rgb=array([ 1.,  1.,  1.]), text=newstr(...), units='pix', win=Window(...), wrapWidth=900)
15.7246 	EXP 	Created stimuli = TextStim(alignHoriz='center', alignVert='center', antialias=True, autoLog=True, bold=False, color=array([ 1.,  1.,  1.]), colorSpace='rgb', contrast=1.0, depth=0.0, flipHoriz=False, flipVert=False, font='Arial', fontFiles=[], height=0.2, italic=False, name='stimuli', opacity=1.0, ori=0, pos=array([ 0.,  0.]), rgb=array([ 1.,  1.,  1.]), text='default text', units='norm', win=Window(...), wrapWidth=1)
15.7800 	EXP 	Created hint = TextStim(alignHoriz='center', alignVert='center', antialias=True, autoLog=True, bold=False, color='white', colorSpace='named', contrast=1.0, depth=-2.0, flipHoriz=False, flipVert=False, font='Arial', fontFiles=[], height=0.07, italic=False, name='hint', opacity=1.0, ori=0, pos=array([ 0. ,  0.7]), rgb=array([ 255.,  255.,  255.]), text='left => red    down => green   right = blue', units='norm', win=Window(...), wrapWidth=1)
15.8069 	EXP 	Created msgFeedback = TextStim(alignHoriz='center', alignVert='center', antialias=True, autoLog=True, bold=False, color=array([ 1.,  1.,  1.]), colorSpace='rgb', contrast=1.0, depth=-1.0, flipHoriz=False, flipVert=False, font='Arial', fontFiles=[], height=0.1, italic=False, name='msgFeedback', opacity=1.0, ori=0, pos=array([ 0.,  0.]), rgb=array([ 1.,  1.,  1.]), text='default text', units='norm', win=Window(...), wrapWidth=1)
16.0574 	EXP 	Created text = TextStim(alignHoriz='center', alignVert='center', antialias=True, autoLog=True, bold=False, color='white', colorSpace='named', contrast=1.0, depth=0.0, flipHoriz=False, flipVert=False, font='Arial', fontFiles=[], height=28, italic=False, name='text', opacity=1.0, ori=0, pos=array([ 0.,  0.]), rgb=array([ 255.,  255.,  255.]), text=newstr(...), units='pix', win=Window(...), wrapWidth=900)
16.0755 	EXP 	Created stimuli = TextStim(alignHoriz='center', alignVert='center', antialias=True, autoLog=True, bold=False, color=array([ 1.,  1.,  1.]), colorSpace='rgb', contrast=1.0, depth=0.0, flipHoriz=False, flipVert=False, font='Arial', fontFiles=[], height=0.2, italic=False, name='stimuli', opacity=1.0, ori=0, pos=array([ 0.,  0.]), rgb=array([ 1.,  1.,  1.]), text='default text', units='norm', win=Window(...), wrapWidth=1)
16.1221 	EXP 	Created hint = TextStim(alignHoriz='center', alignVert='center', antialias=True, autoLog=True, bold=False, color='white', colorSpace='named', contrast=1.0, depth=-2.0, flipHoriz=False, flipVert=False, font='Arial', fontFiles=[], height=0.07, italic=False, name='hint', opacity=1.0, ori=0, pos=array([ 0. ,  0.7]), rgb=array([ 255.,  255.,  255.]), text='left => red    down => green   right = blue', units='norm', win=Window(...), wrapWidth=1)
16.2050 	EXP 	Created text_2 = TextStim(alignHoriz='center', alignVert='center', antialias=True, autoLog=True, bold=False, color='white', colorSpace='named', contrast=1.0, depth=0.0, flipHoriz=False, flipVert=False, font='Arial', fontFiles=[], height=28, italic=False, name='text_2', opacity=1.0, ori=0, pos=array([ 0.,  0.]), rgb=array([ 255.,  255.,  255.]), text=newstr(...), units='pix', win=Window(...), wrapWidth=900)
16.2140 	EXP 	instr: autoDraw = True
47.7477 	DATA 	Keypress: space
47.9242 	EXP 	Imported pract_conditions.xlsx as conditions, 12 conditions, 4 params
47.9248 	EXP 	Created sequence: random, trialTypes=12, nReps=2, seed=None
47.9253 	EXP 	New trial (rep=0, index=0): OrderedDict([('word', u'blue'), ('color', u'blue'), ('congruent', 1), ('corrAns', u'right')])
47.9454 	EXP 	instr: autoDraw = False
47.9454 	EXP 	stimuli: color = u'blue (named)'
47.9454 	EXP 	stimuli: text = u'blue'
47.9454 	EXP 	hint: autoDraw = True
48.4472 	EXP 	stimuli: autoDraw = True
53.7340 	DATA 	Keypress: right
53.8243 	EXP 	stimuli: autoDraw = False
53.8243 	EXP 	hint: autoDraw = False
53.8243 	EXP 	msgFeedback: text = 'Correct! RT=5.287'
53.8243 	EXP 	msgFeedback: autoDraw = True
55.2340 	EXP 	New trial (rep=0, index=1): OrderedDict([('word', u'red'), ('color', u'red'), ('congruent', 1), ('corrAns', u'left')])
55.2657 	EXP 	msgFeedback: autoDraw = False
55.2657 	EXP 	msgFeedback: autoDraw = False
55.2657 	EXP 	stimuli: color = u'red (named)'
55.2657 	EXP 	stimuli: text = u'red'
55.2657 	EXP 	hint: autoDraw = True
55.7661 	EXP 	stimuli: autoDraw = True
56.2669 	DATA 	Keypress: left
56.3134 	EXP 	stimuli: autoDraw = False
56.3134 	EXP 	hint: autoDraw = False
56.3134 	EXP 	msgFeedback: text = 'Correct! RT=0.501'
56.3134 	EXP 	msgFeedback: autoDraw = True
57.7683 	EXP 	New trial (rep=0, index=2): OrderedDict([('word', u'green'), ('color', u'red'), ('congruent', 0), ('corrAns', u'left')])
57.7987 	EXP 	msgFeedback: autoDraw = False
57.7987 	EXP 	msgFeedback: autoDraw = False
57.7987 	EXP 	stimuli: color = u'red (named)'
57.7987 	EXP 	stimuli: text = u'green'
57.7987 	EXP 	hint: autoDraw = True
58.3002 	EXP 	stimuli: autoDraw = True
59.2178 	DATA 	Keypress: left
59.2645 	EXP 	stimuli: autoDraw = False
59.2645 	EXP 	hint: autoDraw = False
59.2645 	EXP 	msgFeedback: text = 'Correct! RT=0.918'
59.2645 	EXP 	msgFeedback: autoDraw = True
60.7194 	EXP 	New trial (rep=0, index=3): OrderedDict([('word', u'green'), ('color', u'green'), ('congruent', 1), ('corrAns', u'down')])
60.7345 	EXP 	msgFeedback: autoDraw = False
60.7345 	EXP 	msgFeedback: autoDraw = False
60.7345 	EXP 	stimuli: color = u'green (named)'
60.7345 	EXP 	stimuli: text = u'green'
60.7345 	EXP 	hint: autoDraw = True
61.2513 	EXP 	stimuli: autoDraw = True
61.6186 	DATA 	Keypress: down
61.6884 	EXP 	stimuli: autoDraw = False
61.6884 	EXP 	hint: autoDraw = False
61.6884 	EXP 	msgFeedback: text = 'Correct! RT=0.367'
61.6884 	EXP 	msgFeedback: autoDraw = True
63.1199 	EXP 	New trial (rep=0, index=4): OrderedDict([('word', u'blue'), ('color', u'blue'), ('congruent', 1), ('corrAns', u'right')])
63.1520 	EXP 	msgFeedback: autoDraw = False
63.1520 	EXP 	msgFeedback: autoDraw = False
63.1520 	EXP 	stimuli: color = u'blue (named)'
63.1520 	EXP 	stimuli: text = u'blue'
63.1520 	EXP 	hint: autoDraw = True
63.6519 	EXP 	stimuli: autoDraw = True
64.1862 	DATA 	Keypress: right
64.2324 	EXP 	stimuli: autoDraw = False
64.2324 	EXP 	hint: autoDraw = False
64.2324 	EXP 	msgFeedback: text = 'Correct! RT=0.534'
64.2324 	EXP 	msgFeedback: autoDraw = True
65.6868 	EXP 	New trial (rep=0, index=5): OrderedDict([('word', u'blue'), ('color', u'green'), ('congruent', 0), ('corrAns', u'down')])
65.7030 	EXP 	msgFeedback: autoDraw = False
65.7030 	EXP 	msgFeedback: autoDraw = False
65.7030 	EXP 	stimuli: color = u'green (named)'
65.7030 	EXP 	stimuli: text = u'blue'
65.7030 	EXP 	hint: autoDraw = True
66.2031 	EXP 	stimuli: autoDraw = True
66.8868 	DATA 	Keypress: down
66.9323 	EXP 	stimuli: autoDraw = False
66.9323 	EXP 	hint: autoDraw = False
66.9323 	EXP 	msgFeedback: text = 'Correct! RT=0.684'
66.9323 	EXP 	msgFeedback: autoDraw = True
68.3881 	EXP 	New trial (rep=0, index=6): OrderedDict([('word', u'red'), ('color', u'green'), ('congruent', 0), ('corrAns', u'down')])
68.4140 	EXP 	msgFeedback: autoDraw = False
68.4140 	EXP 	msgFeedback: autoDraw = False
68.4140 	EXP 	stimuli: color = u'green (named)'
68.4140 	EXP 	stimuli: text = u'red'
68.4140 	EXP 	hint: autoDraw = True
68.9207 	EXP 	stimuli: autoDraw = True
69.7546 	DATA 	Keypress: left
69.8019 	EXP 	stimuli: autoDraw = False
69.8019 	EXP 	hint: autoDraw = False
69.8019 	EXP 	msgFeedback: text = 'Not the key...'
69.8019 	EXP 	msgFeedback: autoDraw = True
71.2568 	EXP 	New trial (rep=0, index=7): OrderedDict([('word', u'red'), ('color', u'red'), ('congruent', 1), ('corrAns', u'left')])
71.2712 	EXP 	msgFeedback: autoDraw = False
71.2712 	EXP 	msgFeedback: autoDraw = False
71.2712 	EXP 	stimuli: color = u'red (named)'
71.2712 	EXP 	stimuli: text = u'red'
71.2712 	EXP 	hint: autoDraw = True
71.7882 	EXP 	stimuli: autoDraw = True
72.4572 	DATA 	Keypress: left
72.5222 	EXP 	stimuli: autoDraw = False
72.5222 	EXP 	hint: autoDraw = False
72.5222 	EXP 	msgFeedback: text = 'Correct! RT=0.683'
72.5222 	EXP 	msgFeedback: autoDraw = True
73.9732 	EXP 	New trial (rep=0, index=8): OrderedDict([('word', u'red'), ('color', u'green'), ('congruent', 0), ('corrAns', u'down')])
73.9884 	EXP 	msgFeedback: autoDraw = False
73.9884 	EXP 	msgFeedback: autoDraw = False
73.9884 	EXP 	stimuli: color = u'green (named)'
73.9884 	EXP 	stimuli: text = u'red'
73.9884 	EXP 	hint: autoDraw = True
74.5053 	EXP 	stimuli: autoDraw = True
75.2394 	DATA 	Keypress: down
75.2844 	EXP 	stimuli: autoDraw = False
75.2844 	EXP 	hint: autoDraw = False
75.2844 	EXP 	msgFeedback: text = 'Correct! RT=0.734'
75.2844 	EXP 	msgFeedback: autoDraw = True
76.7426 	EXP 	New trial (rep=0, index=9): OrderedDict([('word', u'green'), ('color', u'green'), ('congruent', 1), ('corrAns', u'down')])
76.8064 	EXP 	msgFeedback: autoDraw = False
76.8064 	EXP 	msgFeedback: autoDraw = False
76.8064 	EXP 	stimuli: color = u'green (named)'
76.8064 	EXP 	stimuli: text = u'green'
76.8064 	EXP 	hint: autoDraw = True
77.2743 	EXP 	stimuli: autoDraw = True
77.8405 	DATA 	Keypress: down
77.8949 	EXP 	stimuli: autoDraw = False
77.8949 	EXP 	hint: autoDraw = False
77.8949 	EXP 	msgFeedback: text = 'Correct! RT=0.566'
77.8949 	EXP 	msgFeedback: autoDraw = True
79.3414 	EXP 	New trial (rep=0, index=10): OrderedDict([('word', u'green'), ('color', u'blue'), ('congruent', 0), ('corrAns', u'right')])
79.3568 	EXP 	msgFeedback: autoDraw = False
79.3568 	EXP 	msgFeedback: autoDraw = False
79.3568 	EXP 	stimuli: color = u'blue (named)'
79.3568 	EXP 	stimuli: text = u'green'
79.3568 	EXP 	hint: autoDraw = True
79.8736 	EXP 	stimuli: autoDraw = True
80.5411 	DATA 	Keypress: right
80.5890 	EXP 	stimuli: autoDraw = False
80.5890 	EXP 	hint: autoDraw = False
80.5890 	EXP 	msgFeedback: text = 'Correct! RT=0.668'
80.5890 	EXP 	msgFeedback: autoDraw = True
82.0422 	EXP 	New trial (rep=0, index=11): OrderedDict([('word', u'blue'), ('color', u'red'), ('congruent', 0), ('corrAns', u'left')])
82.0632 	EXP 	msgFeedback: autoDraw = False
82.0632 	EXP 	msgFeedback: autoDraw = False
82.0632 	EXP 	stimuli: color = u'red (named)'
82.0632 	EXP 	stimuli: text = u'blue'
82.0632 	EXP 	hint: autoDraw = True
82.5745 	EXP 	stimuli: autoDraw = True
83.5090 	DATA 	Keypress: left
83.5750 	EXP 	stimuli: autoDraw = False
83.5750 	EXP 	hint: autoDraw = False
83.5750 	EXP 	msgFeedback: text = 'Correct! RT=0.935'
83.5750 	EXP 	msgFeedback: autoDraw = True
85.0098 	EXP 	New trial (rep=1, index=0): OrderedDict([('word', u'green'), ('color', u'green'), ('congruent', 1), ('corrAns', u'down')])
85.0411 	EXP 	msgFeedback: autoDraw = False
85.0411 	EXP 	msgFeedback: autoDraw = False
85.0411 	EXP 	stimuli: color = u'green (named)'
85.0411 	EXP 	stimuli: text = u'green'
85.0411 	EXP 	hint: autoDraw = True
85.5420 	EXP 	stimuli: autoDraw = True
85.9927 	DATA 	Keypress: down
86.0476 	EXP 	stimuli: autoDraw = False
86.0476 	EXP 	hint: autoDraw = False
86.0476 	EXP 	msgFeedback: text = 'Correct! RT=0.451'
86.0476 	EXP 	msgFeedback: autoDraw = True
87.4941 	EXP 	New trial (rep=1, index=1): OrderedDict([('word', u'green'), ('color', u'blue'), ('congruent', 0), ('corrAns', u'right')])
87.5093 	EXP 	msgFeedback: autoDraw = False
87.5093 	EXP 	msgFeedback: autoDraw = False
87.5093 	EXP 	stimuli: color = u'blue (named)'
87.5093 	EXP 	stimuli: text = u'green'
87.5093 	EXP 	hint: autoDraw = True
88.0261 	EXP 	stimuli: autoDraw = True
88.4602 	DATA 	Keypress: right
88.5019 	EXP 	stimuli: autoDraw = False
88.5019 	EXP 	hint: autoDraw = False
88.5019 	EXP 	msgFeedback: text = 'Correct! RT=0.434'
88.5019 	EXP 	msgFeedback: autoDraw = True
89.9614 	EXP 	New trial (rep=1, index=2): OrderedDict([('word', u'blue'), ('color', u'red'), ('congruent', 0), ('corrAns', u'left')])
89.9910 	EXP 	msgFeedback: autoDraw = False
89.9910 	EXP 	msgFeedback: autoDraw = False
89.9910 	EXP 	stimuli: color = u'red (named)'
89.9910 	EXP 	stimuli: text = u'blue'
89.9910 	EXP 	hint: autoDraw = True
90.4936 	EXP 	stimuli: autoDraw = True
91.1276 	DATA 	Keypress: left
91.1743 	EXP 	stimuli: autoDraw = False
91.1743 	EXP 	hint: autoDraw = False
91.1743 	EXP 	msgFeedback: text = 'Correct! RT=0.634'
91.1743 	EXP 	msgFeedback: autoDraw = True
92.6296 	EXP 	New trial (rep=1, index=3): OrderedDict([('word', u'red'), ('color', u'red'), ('congruent', 1), ('corrAns', u'left')])
92.6673 	EXP 	msgFeedback: autoDraw = False
92.6673 	EXP 	msgFeedback: autoDraw = False
92.6673 	EXP 	stimuli: color = u'red (named)'
92.6673 	EXP 	stimuli: text = u'red'
92.6673 	EXP 	hint: autoDraw = True
93.1619 	EXP 	stimuli: autoDraw = True
93.9455 	DATA 	Keypress: left
93.9916 	EXP 	stimuli: autoDraw = False
93.9916 	EXP 	hint: autoDraw = False
93.9916 	EXP 	msgFeedback: text = 'Correct! RT=0.784'
93.9916 	EXP 	msgFeedback: autoDraw = True
95.4465 	EXP 	New trial (rep=1, index=4): OrderedDict([('word', u'green'), ('color', u'green'), ('congruent', 1), ('corrAns', u'down')])
95.4661 	EXP 	msgFeedback: autoDraw = False
95.4661 	EXP 	msgFeedback: autoDraw = False
95.4661 	EXP 	stimuli: color = u'green (named)'
95.4661 	EXP 	stimuli: text = u'green'
95.4661 	EXP 	hint: autoDraw = True
95.9784 	EXP 	stimuli: autoDraw = True
96.4297 	DATA 	Keypress: down
96.4724 	EXP 	stimuli: autoDraw = False
96.4724 	EXP 	hint: autoDraw = False
96.4724 	EXP 	msgFeedback: text = 'Correct! RT=0.451'
96.4724 	EXP 	msgFeedback: autoDraw = True
97.9308 	EXP 	New trial (rep=1, index=5): OrderedDict([('word', u'green'), ('color', u'red'), ('congruent', 0), ('corrAns', u'left')])
97.9461 	EXP 	msgFeedback: autoDraw = False
97.9461 	EXP 	msgFeedback: autoDraw = False
97.9461 	EXP 	stimuli: color = u'red (named)'
97.9461 	EXP 	stimuli: text = u'green'
97.9461 	EXP 	hint: autoDraw = True
98.4632 	EXP 	stimuli: autoDraw = True
99.4165 	DATA 	Keypress: left
99.4790 	EXP 	stimuli: autoDraw = False
99.4790 	EXP 	hint: autoDraw = False
99.4790 	EXP 	msgFeedback: text = 'Correct! RT=0.967'
99.4790 	EXP 	msgFeedback: autoDraw = True
100.9320 	EXP 	New trial (rep=1, index=6): OrderedDict([('word', u'blue'), ('color', u'blue'), ('congruent', 1), ('corrAns', u'right')])
100.9674 	EXP 	msgFeedback: autoDraw = False
100.9674 	EXP 	msgFeedback: autoDraw = False
100.9674 	EXP 	stimuli: color = u'blue (named)'
100.9674 	EXP 	stimuli: text = u'blue'
100.9674 	EXP 	hint: autoDraw = True
101.4642 	EXP 	stimuli: autoDraw = True
101.9810 	DATA 	Keypress: right
102.0159 	EXP 	stimuli: autoDraw = False
102.0159 	EXP 	hint: autoDraw = False
102.0159 	EXP 	msgFeedback: text = 'Correct! RT=0.517'
102.0159 	EXP 	msgFeedback: autoDraw = True
103.4842 	EXP 	New trial (rep=1, index=7): OrderedDict([('word', u'red'), ('color', u'green'), ('congruent', 0), ('corrAns', u'down')])
103.5290 	EXP 	msgFeedback: autoDraw = False
103.5290 	EXP 	msgFeedback: autoDraw = False
103.5290 	EXP 	stimuli: color = u'green (named)'
103.5290 	EXP 	stimuli: text = u'red'
103.5290 	EXP 	hint: autoDraw = True
104.0147 	EXP 	stimuli: autoDraw = True
104.5819 	DATA 	Keypress: left
104.6183 	EXP 	stimuli: autoDraw = False
104.6183 	EXP 	hint: autoDraw = False
104.6183 	EXP 	msgFeedback: text = 'Not the key...'
104.6183 	EXP 	msgFeedback: autoDraw = True
106.0834 	EXP 	New trial (rep=1, index=8): OrderedDict([('word', u'blue'), ('color', u'green'), ('congruent', 0), ('corrAns', u'down')])
106.1126 	EXP 	msgFeedback: autoDraw = False
106.1126 	EXP 	msgFeedback: autoDraw = False
106.1126 	EXP 	stimuli: color = u'green (named)'
106.1126 	EXP 	stimuli: text = u'blue'
106.1126 	EXP 	hint: autoDraw = True
106.6155 	EXP 	stimuli: autoDraw = True
107.0664 	DATA 	Keypress: down
107.1132 	EXP 	stimuli: autoDraw = False
107.1132 	EXP 	hint: autoDraw = False
107.1132 	EXP 	msgFeedback: text = 'Correct! RT=0.451'
107.1132 	EXP 	msgFeedback: autoDraw = True
108.5685 	EXP 	New trial (rep=1, index=9): OrderedDict([('word', u'red'), ('color', u'green'), ('congruent', 0), ('corrAns', u'down')])
108.5958 	EXP 	msgFeedback: autoDraw = False
108.5958 	EXP 	msgFeedback: autoDraw = False
108.5958 	EXP 	stimuli: color = u'green (named)'
108.5958 	EXP 	stimuli: text = u'red'
108.5958 	EXP 	hint: autoDraw = True
109.1002 	EXP 	stimuli: autoDraw = True
109.6504 	DATA 	Keypress: down
109.6917 	EXP 	stimuli: autoDraw = False
109.6917 	EXP 	hint: autoDraw = False
109.6917 	EXP 	msgFeedback: text = 'Correct! RT=0.550'
109.6917 	EXP 	msgFeedback: autoDraw = True
111.1515 	EXP 	New trial (rep=1, index=10): OrderedDict([('word', u'blue'), ('color', u'blue'), ('congruent', 1), ('corrAns', u'right')])
111.1781 	EXP 	msgFeedback: autoDraw = False
111.1781 	EXP 	msgFeedback: autoDraw = False
111.1781 	EXP 	stimuli: color = u'blue (named)'
111.1781 	EXP 	stimuli: text = u'blue'
111.1781 	EXP 	hint: autoDraw = True
111.6834 	EXP 	stimuli: autoDraw = True
112.4676 	DATA 	Keypress: right
112.5092 	EXP 	stimuli: autoDraw = False
112.5092 	EXP 	hint: autoDraw = False
112.5092 	EXP 	msgFeedback: text = 'Correct! RT=0.784'
112.5092 	EXP 	msgFeedback: autoDraw = True
113.9688 	EXP 	New trial (rep=1, index=11): OrderedDict([('word', u'red'), ('color', u'red'), ('congruent', 1), ('corrAns', u'left')])
113.9944 	EXP 	msgFeedback: autoDraw = False
113.9944 	EXP 	msgFeedback: autoDraw = False
113.9944 	EXP 	stimuli: color = u'red (named)'
113.9944 	EXP 	stimuli: text = u'red'
113.9944 	EXP 	hint: autoDraw = True
114.5051 	EXP 	stimuli: autoDraw = True
115.0020 	DATA 	Keypress: left
115.0532 	EXP 	stimuli: autoDraw = False
115.0532 	EXP 	hint: autoDraw = False
115.0532 	EXP 	msgFeedback: text = 'Correct! RT=0.497'
115.0532 	EXP 	msgFeedback: autoDraw = True
116.5836 	EXP 	msgFeedback: autoDraw = False
116.5836 	EXP 	msgFeedback: autoDraw = False
116.5836 	EXP 	text: autoDraw = True
118.4530 	DATA 	Keypress: space
118.5131 	EXP 	Imported conditions.xlsx as conditions, 45 conditions, 4 params
118.5137 	EXP 	Created sequence: random, trialTypes=45, nReps=4, seed=None
118.5142 	EXP 	New trial (rep=0, index=0): OrderedDict([('word', u'green'), ('color', u'green'), ('congruent', 1), ('corrAns', u'down')])
118.5336 	EXP 	text: autoDraw = False
118.5336 	EXP 	stimuli: color = u'green (named)'
118.5336 	EXP 	stimuli: text = u'green'
118.5336 	EXP 	hint: autoDraw = True
119.0357 	EXP 	stimuli: autoDraw = True
119.8199 	DATA 	Keypress: down
119.8229 	EXP 	New trial (rep=0, index=1): OrderedDict([('word', u'green'), ('color', u'blue'), ('congruent', 0), ('corrAns', u'right')])
119.8359 	EXP 	stimuli: autoDraw = False
119.8359 	EXP 	hint: autoDraw = False
119.8359 	EXP 	stimuli: color = u'blue (named)'
119.8359 	EXP 	stimuli: text = u'green'
119.8359 	EXP 	hint: autoDraw = True
120.3528 	EXP 	stimuli: autoDraw = True
120.9535 	DATA 	Keypress: right
120.9560 	EXP 	New trial (rep=0, index=2): OrderedDict([('word', u'red'), ('color', u'red'), ('congruent', 1), ('corrAns', u'left')])
120.9802 	EXP 	stimuli: autoDraw = False
120.9802 	EXP 	hint: autoDraw = False
120.9802 	EXP 	stimuli: color = u'red (named)'
120.9802 	EXP 	stimuli: text = u'red'
120.9802 	EXP 	hint: autoDraw = True
121.4866 	EXP 	stimuli: autoDraw = True
122.0210 	DATA 	Keypress: left
122.0242 	EXP 	New trial (rep=0, index=3): OrderedDict([('word', u'blue'), ('color', u'blue'), ('congruent', 1), ('corrAns', u'right')])
122.0519 	EXP 	stimuli: autoDraw = False
122.0519 	EXP 	hint: autoDraw = False
122.0519 	EXP 	stimuli: color = u'blue (named)'
122.0519 	EXP 	stimuli: text = u'blue'
122.0519 	EXP 	hint: autoDraw = True
122.5556 	EXP 	stimuli: autoDraw = True
123.1545 	DATA 	Keypress: right
123.1573 	EXP 	New trial (rep=0, index=4): OrderedDict([('word', u'red'), ('color', u'green'), ('congruent', 0), ('corrAns', u'down')])
123.1821 	EXP 	stimuli: autoDraw = False
123.1821 	EXP 	hint: autoDraw = False
123.1821 	EXP 	stimuli: color = u'green (named)'
123.1821 	EXP 	stimuli: text = u'red'
123.1821 	EXP 	hint: autoDraw = True
123.6874 	EXP 	stimuli: autoDraw = True
124.5559 	DATA 	Keypress: down
124.5606 	EXP 	New trial (rep=0, index=5): OrderedDict([('word', u'green'), ('color', u'green'), ('congruent', 1), ('corrAns', u'down')])
124.6013 	EXP 	stimuli: autoDraw = False
124.6013 	EXP 	hint: autoDraw = False
124.6013 	EXP 	stimuli: color = u'green (named)'
124.6013 	EXP 	stimuli: text = u'green'
124.6013 	EXP 	hint: autoDraw = True
125.0875 	EXP 	stimuli: autoDraw = True
125.6050 	DATA 	Keypress: down
125.6074 	EXP 	New trial (rep=0, index=6): OrderedDict([('word', u'red'), ('color', u'red'), ('congruent', 1), ('corrAns', u'left')])
125.6430 	EXP 	stimuli: autoDraw = False
125.6430 	EXP 	hint: autoDraw = False
125.6430 	EXP 	stimuli: color = u'red (named)'
125.6430 	EXP 	stimuli: text = u'red'
125.6430 	EXP 	hint: autoDraw = True
126.1384 	EXP 	stimuli: autoDraw = True
126.8094 	DATA 	Keypress: down
126.8187 	EXP 	New trial (rep=0, index=7): OrderedDict([('word', u'green'), ('color', u'green'), ('congruent', 1), ('corrAns', u'down')])
126.8631 	EXP 	stimuli: autoDraw = False
126.8631 	EXP 	hint: autoDraw = False
126.8631 	EXP 	stimuli: color = u'green (named)'
126.8631 	EXP 	stimuli: text = u'green'
126.8631 	EXP 	hint: autoDraw = True
127.3383 	EXP 	stimuli: autoDraw = True
127.7223 	DATA 	Keypress: down
127.7247 	EXP 	New trial (rep=0, index=8): OrderedDict([('word', u'green'), ('color', u'blue'), ('congruent', 0), ('corrAns', u'right')])
127.7384 	EXP 	stimuli: autoDraw = False
127.7384 	EXP 	hint: autoDraw = False
127.7384 	EXP 	stimuli: color = u'blue (named)'
127.7384 	EXP 	stimuli: text = u'green'
127.7384 	EXP 	hint: autoDraw = True
128.2552 	EXP 	stimuli: autoDraw = True
128.8413 	DATA 	Keypress: right
128.8580 	EXP 	New trial (rep=0, index=9): OrderedDict([('word', u'blue'), ('color', u'blue'), ('congruent', 1), ('corrAns', u'right')])
128.8917 	EXP 	stimuli: autoDraw = False
128.8917 	EXP 	hint: autoDraw = False
128.8917 	EXP 	stimuli: color = u'blue (named)'
128.8917 	EXP 	stimuli: text = u'blue'
128.8917 	EXP 	hint: autoDraw = True
129.3892 	EXP 	stimuli: autoDraw = True
129.8898 	DATA 	Keypress: right
129.8920 	EXP 	New trial (rep=0, index=10): OrderedDict([('word', u'green'), ('color', u'green'), ('congruent', 1), ('corrAns', u'down')])
129.9210 	EXP 	stimuli: autoDraw = False
129.9210 	EXP 	hint: autoDraw = False
129.9210 	EXP 	stimuli: color = u'green (named)'
129.9210 	EXP 	stimuli: text = u'green'
129.9210 	EXP 	hint: autoDraw = True
130.4226 	EXP 	stimuli: autoDraw = True
131.9072 	DATA 	Keypress: down
131.9100 	EXP 	New trial (rep=0, index=11): OrderedDict([('word', u'blue'), ('color', u'blue'), ('congruent', 1), ('corrAns', u'right')])
131.9440 	EXP 	stimuli: autoDraw = False
131.9440 	EXP 	hint: autoDraw = False
131.9440 	EXP 	stimuli: color = u'blue (named)'
131.9440 	EXP 	stimuli: text = u'blue'
131.9440 	EXP 	hint: autoDraw = True
132.4399 	EXP 	stimuli: autoDraw = True
133.0241 	DATA 	Keypress: right
133.0269 	EXP 	New trial (rep=0, index=12): OrderedDict([('word', u'blue'), ('color', u'blue'), ('congruent', 1), ('corrAns', u'right')])
133.0401 	EXP 	stimuli: autoDraw = False
133.0401 	EXP 	hint: autoDraw = False
133.0401 	EXP 	stimuli: color = u'blue (named)'
133.0401 	EXP 	stimuli: text = u'blue'
133.0401 	EXP 	hint: autoDraw = True
133.5570 	EXP 	stimuli: autoDraw = True
134.0912 	DATA 	Keypress: right
134.0941 	EXP 	New trial (rep=0, index=13): OrderedDict([('word', u'green'), ('color', u'green'), ('congruent', 1), ('corrAns', u'down')])
134.1275 	EXP 	stimuli: autoDraw = False
134.1275 	EXP 	hint: autoDraw = False
134.1275 	EXP 	stimuli: color = u'green (named)'
134.1275 	EXP 	stimuli: text = u'green'
134.1275 	EXP 	hint: autoDraw = True
134.6238 	EXP 	stimuli: autoDraw = True
135.2249 	DATA 	Keypress: down
135.2277 	EXP 	New trial (rep=0, index=14): OrderedDict([('word', u'blue'), ('color', u'blue'), ('congruent', 1), ('corrAns', u'right')])
135.2579 	EXP 	stimuli: autoDraw = False
135.2579 	EXP 	hint: autoDraw = False
135.2579 	EXP 	stimuli: color = u'blue (named)'
135.2579 	EXP 	stimuli: text = u'blue'
135.2579 	EXP 	hint: autoDraw = True
135.7577 	EXP 	stimuli: autoDraw = True
136.1919 	DATA 	Keypress: right
136.2108 	EXP 	New trial (rep=0, index=15): OrderedDict([('word', u'blue'), ('color', u'red'), ('congruent', 0), ('corrAns', u'left')])
136.2244 	EXP 	stimuli: autoDraw = False
136.2244 	EXP 	hint: autoDraw = False
136.2244 	EXP 	stimuli: color = u'red (named)'
136.2244 	EXP 	stimuli: text = u'blue'
136.2244 	EXP 	hint: autoDraw = True
136.7413 	EXP 	stimuli: autoDraw = True
137.3278 	DATA 	Keypress: left
137.3444 	EXP 	New trial (rep=0, index=16): OrderedDict([('word', u'red'), ('color', u'blue'), ('congruent', 0), ('corrAns', u'right')])
137.3752 	EXP 	stimuli: autoDraw = False
137.3752 	EXP 	hint: autoDraw = False
137.3752 	EXP 	stimuli: color = u'blue (named)'
137.3752 	EXP 	stimuli: text = u'red'
137.3752 	EXP 	hint: autoDraw = True
137.8749 	EXP 	stimuli: autoDraw = True
138.3606 	DATA 	Keypress: right
138.3769 	EXP 	New trial (rep=0, index=17): OrderedDict([('word', u'red'), ('color', u'red'), ('congruent', 1), ('corrAns', u'left')])
138.3919 	EXP 	stimuli: autoDraw = False
138.3919 	EXP 	hint: autoDraw = False
138.3919 	EXP 	stimuli: color = u'red (named)'
138.3919 	EXP 	stimuli: text = u'red'
138.3919 	EXP 	hint: autoDraw = True
138.9089 	EXP 	stimuli: autoDraw = True
139.4594 	DATA 	Keypress: left
139.4609 	EXP 	New trial (rep=0, index=18): OrderedDict([('word', u'red'), ('color', u'red'), ('congruent', 1), ('corrAns', u'left')])
139.4756 	EXP 	stimuli: autoDraw = False
139.4756 	EXP 	hint: autoDraw = False
139.4756 	EXP 	stimuli: color = u'red (named)'
139.4756 	EXP 	stimuli: text = u'red'
139.4756 	EXP 	hint: autoDraw = True
139.9924 	EXP 	stimuli: autoDraw = True
142.0601 	DATA 	Keypress: left
142.0622 	EXP 	New trial (rep=0, index=19): OrderedDict([('word', u'green'), ('color', u'red'), ('congruent', 0), ('corrAns', u'left')])
142.0863 	EXP 	stimuli: autoDraw = False
142.0863 	EXP 	hint: autoDraw = False
142.0863 	EXP 	stimuli: color = u'red (named)'
142.0863 	EXP 	stimuli: text = u'green'
142.0863 	EXP 	hint: autoDraw = True
142.5930 	EXP 	stimuli: autoDraw = True
143.2645 	DATA 	Keypress: left
143.2793 	EXP 	New trial (rep=0, index=20): OrderedDict([('word', u'red'), ('color', u'red'), ('congruent', 1), ('corrAns', u'left')])
143.3040 	EXP 	stimuli: autoDraw = False
143.3040 	EXP 	hint: autoDraw = False
143.3040 	EXP 	stimuli: color = u'red (named)'
143.3040 	EXP 	stimuli: text = u'red'
143.3040 	EXP 	hint: autoDraw = True
143.8099 	EXP 	stimuli: autoDraw = True
144.2107 	DATA 	Keypress: left
144.2131 	EXP 	New trial (rep=0, index=21): OrderedDict([('word', u'red'), ('color', u'red'), ('congruent', 1), ('corrAns', u'left')])
144.2267 	EXP 	stimuli: autoDraw = False
144.2267 	EXP 	hint: autoDraw = False
144.2267 	EXP 	stimuli: color = u'red (named)'
144.2267 	EXP 	stimuli: text = u'red'
144.2267 	EXP 	hint: autoDraw = True
144.7436 	EXP 	stimuli: autoDraw = True
145.1276 	DATA 	Keypress: left
145.1300 	EXP 	New trial (rep=0, index=22): OrderedDict([('word', u'blue'), ('color', u'blue'), ('congruent', 1), ('corrAns', u'right')])
145.1613 	EXP 	stimuli: autoDraw = False
145.1613 	EXP 	hint: autoDraw = False
145.1613 	EXP 	stimuli: color = u'blue (named)'
145.1613 	EXP 	stimuli: text = u'blue'
145.1613 	EXP 	hint: autoDraw = True
145.6608 	EXP 	stimuli: autoDraw = True
146.0615 	DATA 	Keypress: right
146.0639 	EXP 	New trial (rep=0, index=23): OrderedDict([('word', u'green'), ('color', u'green'), ('congruent', 1), ('corrAns', u'down')])
146.1003 	EXP 	stimuli: autoDraw = False
146.1003 	EXP 	hint: autoDraw = False
146.1003 	EXP 	stimuli: color = u'green (named)'
146.1003 	EXP 	stimuli: text = u'green'
146.1003 	EXP 	hint: autoDraw = True
146.5942 	EXP 	stimuli: autoDraw = True
147.1783 	DATA 	Keypress: down
147.1807 	EXP 	New trial (rep=0, index=24): OrderedDict([('word', u'red'), ('color', u'red'), ('congruent', 1), ('corrAns', u'left')])
147.2079 	EXP 	stimuli: autoDraw = False
147.2079 	EXP 	hint: autoDraw = False
147.2079 	EXP 	stimuli: color = u'red (named)'
147.2079 	EXP 	stimuli: text = u'red'
147.2079 	EXP 	hint: autoDraw = True
147.7116 	EXP 	stimuli: autoDraw = True
148.3787 	DATA 	Keypress: left
148.3811 	EXP 	New trial (rep=0, index=25): OrderedDict([('word', u'blue'), ('color', u'blue'), ('congruent', 1), ('corrAns', u'right')])
148.4099 	EXP 	stimuli: autoDraw = False
148.4099 	EXP 	hint: autoDraw = False
148.4099 	EXP 	stimuli: color = u'blue (named)'
148.4099 	EXP 	stimuli: text = u'blue'
148.4099 	EXP 	hint: autoDraw = True
148.9116 	EXP 	stimuli: autoDraw = True
149.3956 	DATA 	Keypress: right
149.3981 	EXP 	New trial (rep=0, index=26): OrderedDict([('word', u'blue'), ('color', u'green'), ('congruent', 0), ('corrAns', u'down')])
149.4118 	EXP 	stimuli: autoDraw = False
149.4118 	EXP 	hint: autoDraw = False
149.4118 	EXP 	stimuli: color = u'green (named)'
149.4118 	EXP 	stimuli: text = u'blue'
149.4118 	EXP 	hint: autoDraw = True
149.9286 	EXP 	stimuli: autoDraw = True
150.4127 	DATA 	Keypress: right
150.4151 	EXP 	New trial (rep=0, index=27): OrderedDict([('word', u'blue'), ('color', u'red'), ('congruent', 0), ('corrAns', u'left')])
150.4286 	EXP 	stimuli: autoDraw = False
150.4286 	EXP 	hint: autoDraw = False
150.4286 	EXP 	stimuli: color = u'red (named)'
150.4286 	EXP 	stimuli: text = u'blue'
150.4286 	EXP 	hint: autoDraw = True
150.9455 	EXP 	stimuli: autoDraw = True
151.5296 	DATA 	Keypress: left
151.5321 	EXP 	New trial (rep=0, index=28): OrderedDict([('word', u'red'), ('color', u'red'), ('congruent', 1), ('corrAns', u'left')])
151.5611 	EXP 	stimuli: autoDraw = False
151.5611 	EXP 	hint: autoDraw = False
151.5611 	EXP 	stimuli: color = u'red (named)'
151.5611 	EXP 	stimuli: text = u'red'
151.5611 	EXP 	hint: autoDraw = True
152.0631 	EXP 	stimuli: autoDraw = True
152.6136 	DATA 	Keypress: left
152.6169 	EXP 	New trial (rep=0, index=29): OrderedDict([('word', u'green'), ('color', u'green'), ('congruent', 1), ('corrAns', u'down')])
152.6472 	EXP 	stimuli: autoDraw = False
152.6472 	EXP 	hint: autoDraw = False
152.6472 	EXP 	stimuli: color = u'green (named)'
152.6472 	EXP 	stimuli: text = u'green'
152.6472 	EXP 	hint: autoDraw = True
153.1464 	EXP 	stimuli: autoDraw = True
153.8473 	DATA 	Keypress: down
153.8501 	EXP 	New trial (rep=0, index=30): OrderedDict([('word', u'blue'), ('color', u'blue'), ('congruent', 1), ('corrAns', u'right')])
153.8780 	EXP 	stimuli: autoDraw = False
153.8780 	EXP 	hint: autoDraw = False
153.8780 	EXP 	stimuli: color = u'blue (named)'
153.8780 	EXP 	stimuli: text = u'blue'
153.8780 	EXP 	hint: autoDraw = True
154.3803 	EXP 	stimuli: autoDraw = True
154.7859 	DATA 	Keypress: right
154.8024 	EXP 	New trial (rep=0, index=31): OrderedDict([('word', u'red'), ('color', u'red'), ('congruent', 1), ('corrAns', u'left')])
154.8412 	EXP 	stimuli: autoDraw = False
154.8412 	EXP 	hint: autoDraw = False
154.8412 	EXP 	stimuli: color = u'red (named)'
154.8412 	EXP 	stimuli: text = u'red'
154.8412 	EXP 	hint: autoDraw = True
155.3324 	EXP 	stimuli: autoDraw = True
156.0310 	DATA 	Keypress: left
156.0334 	EXP 	New trial (rep=0, index=32): OrderedDict([('word', u'green'), ('color', u'green'), ('congruent', 1), ('corrAns', u'down')])
156.0707 	EXP 	stimuli: autoDraw = False
156.0707 	EXP 	hint: autoDraw = False
156.0707 	EXP 	stimuli: color = u'green (named)'
156.0707 	EXP 	stimuli: text = u'green'
156.0707 	EXP 	hint: autoDraw = True
156.5643 	EXP 	stimuli: autoDraw = True
157.0816 	DATA 	Keypress: down
157.0831 	EXP 	New trial (rep=0, index=33): OrderedDict([('word', u'blue'), ('color', u'blue'), ('congruent', 1), ('corrAns', u'right')])
157.1074 	EXP 	stimuli: autoDraw = False
157.1074 	EXP 	hint: autoDraw = False
157.1074 	EXP 	stimuli: color = u'blue (named)'
157.1074 	EXP 	stimuli: text = u'blue'
157.1074 	EXP 	hint: autoDraw = True
157.6145 	EXP 	stimuli: autoDraw = True
158.0153 	DATA 	Keypress: right
158.0180 	EXP 	New trial (rep=0, index=34): OrderedDict([('word', u'blue'), ('color', u'blue'), ('congruent', 1), ('corrAns', u'right')])
158.0311 	EXP 	stimuli: autoDraw = False
158.0311 	EXP 	hint: autoDraw = False
158.0311 	EXP 	stimuli: color = u'blue (named)'
158.0311 	EXP 	stimuli: text = u'blue'
158.0311 	EXP 	hint: autoDraw = True
158.5480 	EXP 	stimuli: autoDraw = True
158.9656 	DATA 	Keypress: right
158.9686 	EXP 	New trial (rep=0, index=35): OrderedDict([('word', u'green'), ('color', u'green'), ('congruent', 1), ('corrAns', u'down')])
158.9993 	EXP 	stimuli: autoDraw = False
158.9993 	EXP 	hint: autoDraw = False
158.9993 	EXP 	stimuli: color = u'green (named)'
158.9993 	EXP 	stimuli: text = u'green'
158.9993 	EXP 	hint: autoDraw = True
159.4982 	EXP 	stimuli: autoDraw = True
160.2661 	DATA 	Keypress: down
160.2674 	EXP 	New trial (rep=0, index=36): OrderedDict([('word', u'red'), ('color', u'red'), ('congruent', 1), ('corrAns', u'left')])
160.2863 	EXP 	stimuli: autoDraw = False
160.2863 	EXP 	hint: autoDraw = False
160.2863 	EXP 	stimuli: color = u'red (named)'
160.2863 	EXP 	stimuli: text = u'red'
160.2863 	EXP 	hint: autoDraw = True
160.7987 	EXP 	stimuli: autoDraw = True
161.2827 	DATA 	Keypress: left
161.2851 	EXP 	New trial (rep=0, index=37): OrderedDict([('word', u'green'), ('color', u'green'), ('congruent', 1), ('corrAns', u'down')])
161.3140 	EXP 	stimuli: autoDraw = False
161.3140 	EXP 	hint: autoDraw = False
161.3140 	EXP 	stimuli: color = u'green (named)'
161.3140 	EXP 	stimuli: text = u'green'
161.3140 	EXP 	hint: autoDraw = True
161.8156 	EXP 	stimuli: autoDraw = True
162.3497 	DATA 	Keypress: right
162.3522 	EXP 	New trial (rep=0, index=38): OrderedDict([('word', u'green'), ('color', u'green'), ('congruent', 1), ('corrAns', u'down')])
162.3657 	EXP 	stimuli: autoDraw = False
162.3657 	EXP 	hint: autoDraw = False
162.3657 	EXP 	stimuli: color = u'green (named)'
162.3657 	EXP 	stimuli: text = u'green'
162.3657 	EXP 	hint: autoDraw = True
162.8826 	EXP 	stimuli: autoDraw = True
163.2833 	DATA 	Keypress: down
163.2857 	EXP 	New trial (rep=0, index=39): OrderedDict([('word', u'red'), ('color', u'red'), ('congruent', 1), ('corrAns', u'left')])
163.3077 	EXP 	stimuli: autoDraw = False
163.3077 	EXP 	hint: autoDraw = False
163.3077 	EXP 	stimuli: color = u'red (named)'
163.3077 	EXP 	stimuli: text = u'red'
163.3077 	EXP 	hint: autoDraw = True
163.8254 	EXP 	stimuli: autoDraw = True
164.4837 	DATA 	Keypress: left
164.4861 	EXP 	New trial (rep=0, index=40): OrderedDict([('word', u'red'), ('color', u'red'), ('congruent', 1), ('corrAns', u'left')])
164.5001 	EXP 	stimuli: autoDraw = False
164.5001 	EXP 	hint: autoDraw = False
164.5001 	EXP 	stimuli: color = u'red (named)'
164.5001 	EXP 	stimuli: text = u'red'
164.5001 	EXP 	hint: autoDraw = True
165.0170 	EXP 	stimuli: autoDraw = True
165.3507 	DATA 	Keypress: left
165.3524 	EXP 	New trial (rep=0, index=41): OrderedDict([('word', u'blue'), ('color', u'blue'), ('congruent', 1), ('corrAns', u'right')])
165.3745 	EXP 	stimuli: autoDraw = False
165.3745 	EXP 	hint: autoDraw = False
165.3745 	EXP 	stimuli: color = u'blue (named)'
165.3745 	EXP 	stimuli: text = u'blue'
165.3745 	EXP 	hint: autoDraw = True
165.8858 	EXP 	stimuli: autoDraw = True
166.5676 	DATA 	Keypress: right
166.5710 	EXP 	New trial (rep=0, index=42): OrderedDict([('word', u'blue'), ('color', u'blue'), ('congruent', 1), ('corrAns', u'right')])
166.5837 	EXP 	stimuli: autoDraw = False
166.5837 	EXP 	hint: autoDraw = False
166.5837 	EXP 	stimuli: color = u'blue (named)'
166.5837 	EXP 	stimuli: text = u'blue'
166.5837 	EXP 	hint: autoDraw = True
167.1005 	EXP 	stimuli: autoDraw = True
167.5850 	DATA 	Keypress: right
167.5874 	EXP 	New trial (rep=0, index=43): OrderedDict([('word', u'red'), ('color', u'green'), ('congruent', 0), ('corrAns', u'down')])
167.6163 	EXP 	stimuli: autoDraw = False
167.6163 	EXP 	hint: autoDraw = False
167.6163 	EXP 	stimuli: color = u'green (named)'
167.6163 	EXP 	stimuli: text = u'red'
167.6163 	EXP 	hint: autoDraw = True
168.1175 	EXP 	stimuli: autoDraw = True
169.0351 	DATA 	Keypress: down
169.0375 	EXP 	New trial (rep=0, index=44): OrderedDict([('word', u'green'), ('color', u'green'), ('congruent', 1), ('corrAns', u'down')])
169.0710 	EXP 	stimuli: autoDraw = False
169.0710 	EXP 	hint: autoDraw = False
169.0710 	EXP 	stimuli: color = u'green (named)'
169.0710 	EXP 	stimuli: text = u'green'
169.0710 	EXP 	hint: autoDraw = True
169.5680 	EXP 	stimuli: autoDraw = True
170.0687 	DATA 	Keypress: down
170.0711 	EXP 	New trial (rep=1, index=0): OrderedDict([('word', u'red'), ('color', u'red'), ('congruent', 1), ('corrAns', u'left')])
170.0943 	EXP 	stimuli: autoDraw = False
170.0943 	EXP 	hint: autoDraw = False
170.0943 	EXP 	stimuli: color = u'red (named)'
170.0943 	EXP 	stimuli: text = u'red'
170.0943 	EXP 	hint: autoDraw = True
170.6016 	EXP 	stimuli: autoDraw = True
171.1691 	DATA 	Keypress: left
171.1715 	EXP 	New trial (rep=1, index=1): OrderedDict([('word', u'red'), ('color', u'red'), ('congruent', 1), ('corrAns', u'left')])
171.1852 	EXP 	stimuli: autoDraw = False
171.1852 	EXP 	hint: autoDraw = False
171.1852 	EXP 	stimuli: color = u'red (named)'
171.1852 	EXP 	stimuli: text = u'red'
171.1852 	EXP 	hint: autoDraw = True
171.7020 	EXP 	stimuli: autoDraw = True
172.0861 	DATA 	Keypress: left
172.0885 	EXP 	New trial (rep=1, index=2): OrderedDict([('word', u'green'), ('color', u'green'), ('congruent', 1), ('corrAns', u'down')])
172.1166 	EXP 	stimuli: autoDraw = False
172.1166 	EXP 	hint: autoDraw = False
172.1166 	EXP 	stimuli: color = u'green (named)'
172.1166 	EXP 	stimuli: text = u'green'
172.1166 	EXP 	hint: autoDraw = True
172.6189 	EXP 	stimuli: autoDraw = True
173.4198 	DATA 	Keypress: down
173.4222 	EXP 	New trial (rep=1, index=3): OrderedDict([('word', u'blue'), ('color', u'blue'), ('congruent', 1), ('corrAns', u'right')])
173.4470 	EXP 	stimuli: autoDraw = False
173.4470 	EXP 	hint: autoDraw = False
173.4470 	EXP 	stimuli: color = u'blue (named)'
173.4470 	EXP 	stimuli: text = u'blue'
173.4470 	EXP 	hint: autoDraw = True
173.9555 	EXP 	stimuli: autoDraw = True
174.3711 	DATA 	Keypress: right
174.3759 	EXP 	New trial (rep=1, index=4): OrderedDict([('word', u'blue'), ('color', u'blue'), ('congruent', 1), ('corrAns', u'right')])
174.3893 	EXP 	stimuli: autoDraw = False
174.3893 	EXP 	hint: autoDraw = False
174.3893 	EXP 	stimuli: color = u'blue (named)'
174.3893 	EXP 	stimuli: text = u'blue'
174.3893 	EXP 	hint: autoDraw = True
174.9031 	EXP 	stimuli: autoDraw = True
175.2896 	DATA 	Keypress: right
175.3061 	EXP 	New trial (rep=1, index=5): OrderedDict([('word', u'red'), ('color', u'red'), ('congruent', 1), ('corrAns', u'left')])
175.3305 	EXP 	stimuli: autoDraw = False
175.3305 	EXP 	hint: autoDraw = False
175.3305 	EXP 	stimuli: color = u'red (named)'
175.3305 	EXP 	stimuli: text = u'red'
175.3305 	EXP 	hint: autoDraw = True
175.8389 	EXP 	stimuli: autoDraw = True
176.6230 	DATA 	Keypress: down
176.6299 	EXP 	New trial (rep=1, index=6): OrderedDict([('word', u'red'), ('color', u'red'), ('congruent', 1), ('corrAns', u'left')])
176.6413 	EXP 	stimuli: autoDraw = False
176.6413 	EXP 	hint: autoDraw = False
176.6413 	EXP 	stimuli: color = u'red (named)'
176.6413 	EXP 	stimuli: text = u'red'
176.6413 	EXP 	hint: autoDraw = True
177.1538 	EXP 	stimuli: autoDraw = True
177.4881 	DATA 	Keypress: left
177.4908 	EXP 	New trial (rep=1, index=7): OrderedDict([('word', u'green'), ('color', u'green'), ('congruent', 1), ('corrAns', u'down')])
177.5334 	EXP 	stimuli: autoDraw = False
177.5334 	EXP 	hint: autoDraw = False
177.5334 	EXP 	stimuli: color = u'green (named)'
177.5334 	EXP 	stimuli: text = u'green'
177.5334 	EXP 	hint: autoDraw = True
178.0207 	EXP 	stimuli: autoDraw = True
178.5217 	DATA 	Keypress: down
178.5244 	EXP 	New trial (rep=1, index=8): OrderedDict([('word', u'blue'), ('color', u'blue'), ('congruent', 1), ('corrAns', u'right')])
178.5521 	EXP 	stimuli: autoDraw = False
178.5521 	EXP 	hint: autoDraw = False
178.5521 	EXP 	stimuli: color = u'blue (named)'
178.5521 	EXP 	stimuli: text = u'blue'
178.5521 	EXP 	hint: autoDraw = True
179.0546 	EXP 	stimuli: autoDraw = True
179.7387 	DATA 	Keypress: right
179.7402 	EXP 	New trial (rep=1, index=9): OrderedDict([('word', u'green'), ('color', u'green'), ('congruent', 1), ('corrAns', u'down')])
179.7638 	EXP 	stimuli: autoDraw = False
179.7638 	EXP 	hint: autoDraw = False
179.7638 	EXP 	stimuli: color = u'green (named)'
179.7638 	EXP 	stimuli: text = u'green'
179.7638 	EXP 	hint: autoDraw = True
180.2713 	EXP 	stimuli: autoDraw = True
180.8240 	DATA 	Keypress: left
180.8407 	EXP 	New trial (rep=1, index=10): OrderedDict([('word', u'green'), ('color', u'blue'), ('congruent', 0), ('corrAns', u'right')])
180.8548 	EXP 	stimuli: autoDraw = False
180.8548 	EXP 	hint: autoDraw = False
180.8548 	EXP 	stimuli: color = u'blue (named)'
180.8548 	EXP 	stimuli: text = u'green'
180.8548 	EXP 	hint: autoDraw = True
181.3716 	EXP 	stimuli: autoDraw = True
182.0557 	DATA 	Keypress: right
182.0582 	EXP 	New trial (rep=1, index=11): OrderedDict([('word', u'blue'), ('color', u'blue'), ('congruent', 1), ('corrAns', u'right')])
182.0871 	EXP 	stimuli: autoDraw = False
182.0871 	EXP 	hint: autoDraw = False
182.0871 	EXP 	stimuli: color = u'blue (named)'
182.0871 	EXP 	stimuli: text = u'blue'
182.0871 	EXP 	hint: autoDraw = True
182.5907 	EXP 	stimuli: autoDraw = True
183.0561 	DATA 	Keypress: right
183.0585 	EXP 	New trial (rep=1, index=12): OrderedDict([('word', u'red'), ('color', u'red'), ('congruent', 1), ('corrAns', u'left')])
183.0811 	EXP 	stimuli: autoDraw = False
183.0811 	EXP 	hint: autoDraw = False
183.0811 	EXP 	stimuli: color = u'red (named)'
183.0811 	EXP 	stimuli: text = u'red'
183.0811 	EXP 	hint: autoDraw = True
183.5891 	EXP 	stimuli: autoDraw = True
184.0899 	DATA 	Keypress: down
184.0915 	EXP 	New trial (rep=1, index=13): OrderedDict([('word', u'green'), ('color', u'blue'), ('congruent', 0), ('corrAns', u'right')])
184.1161 	EXP 	stimuli: autoDraw = False
184.1161 	EXP 	hint: autoDraw = False
184.1161 	EXP 	stimuli: color = u'blue (named)'
184.1161 	EXP 	stimuli: text = u'green'
184.1161 	EXP 	hint: autoDraw = True
184.6226 	EXP 	stimuli: autoDraw = True
185.2734 	DATA 	Keypress: right
185.2759 	EXP 	New trial (rep=1, index=14): OrderedDict([('word', u'green'), ('color', u'green'), ('congruent', 1), ('corrAns', u'down')])
185.2895 	EXP 	stimuli: autoDraw = False
185.2895 	EXP 	hint: autoDraw = False
185.2895 	EXP 	stimuli: color = u'green (named)'
185.2895 	EXP 	stimuli: text = u'green'
185.2895 	EXP 	hint: autoDraw = True
185.8063 	EXP 	stimuli: autoDraw = True
186.4237 	DATA 	Keypress: down
186.4261 	EXP 	New trial (rep=1, index=15): OrderedDict([('word', u'blue'), ('color', u'blue'), ('congruent', 1), ('corrAns', u'right')])
186.4557 	EXP 	stimuli: autoDraw = False
186.4557 	EXP 	hint: autoDraw = False
186.4557 	EXP 	stimuli: color = u'blue (named)'
186.4557 	EXP 	stimuli: text = u'blue'
186.4557 	EXP 	hint: autoDraw = True
186.9570 	EXP 	stimuli: autoDraw = True
187.9577 	DATA 	Keypress: left
187.9592 	EXP 	New trial (rep=1, index=16): OrderedDict([('word', u'red'), ('color', u'red'), ('congruent', 1), ('corrAns', u'left')])
187.9796 	EXP 	stimuli: autoDraw = False
187.9796 	EXP 	hint: autoDraw = False
187.9796 	EXP 	stimuli: color = u'red (named)'
187.9796 	EXP 	stimuli: text = u'red'
187.9796 	EXP 	hint: autoDraw = True
188.4905 	EXP 	stimuli: autoDraw = True
189.3414 	DATA 	Keypress: down
189.3438 	EXP 	New trial (rep=1, index=17): OrderedDict([('word', u'red'), ('color', u'red'), ('congruent', 1), ('corrAns', u'left')])
189.3574 	EXP 	stimuli: autoDraw = False
189.3574 	EXP 	hint: autoDraw = False
189.3574 	EXP 	stimuli: color = u'red (named)'
189.3574 	EXP 	stimuli: text = u'red'
189.3574 	EXP 	hint: autoDraw = True
189.8743 	EXP 	stimuli: autoDraw = True
190.3083 	DATA 	Keypress: down
190.3107 	EXP 	New trial (rep=1, index=18): OrderedDict([('word', u'red'), ('color', u'green'), ('congruent', 0), ('corrAns', u'down')])
190.3244 	EXP 	stimuli: autoDraw = False
190.3244 	EXP 	hint: autoDraw = False
190.3244 	EXP 	stimuli: color = u'green (named)'
190.3244 	EXP 	stimuli: text = u'red'
190.3244 	EXP 	hint: autoDraw = True
190.8411 	EXP 	stimuli: autoDraw = True
191.8587 	DATA 	Keypress: down
191.8611 	EXP 	New trial (rep=1, index=19): OrderedDict([('word', u'blue'), ('color', u'blue'), ('congruent', 1), ('corrAns', u'right')])
191.8931 	EXP 	stimuli: autoDraw = False
191.8931 	EXP 	hint: autoDraw = False
191.8931 	EXP 	stimuli: color = u'blue (named)'
191.8931 	EXP 	stimuli: text = u'blue'
191.8931 	EXP 	hint: autoDraw = True
192.3918 	EXP 	stimuli: autoDraw = True
192.9127 	DATA 	Keypress: right
192.9289 	EXP 	New trial (rep=1, index=20): OrderedDict([('word', u'green'), ('color', u'green'), ('congruent', 1), ('corrAns', u'down')])
192.9660 	EXP 	stimuli: autoDraw = False
192.9660 	EXP 	hint: autoDraw = False
192.9660 	EXP 	stimuli: color = u'green (named)'
192.9660 	EXP 	stimuli: text = u'green'
192.9660 	EXP 	hint: autoDraw = True
193.4590 	EXP 	stimuli: autoDraw = True
194.2429 	DATA 	Keypress: down
194.2454 	EXP 	New trial (rep=1, index=21): OrderedDict([('word', u'green'), ('color', u'green'), ('congruent', 1), ('corrAns', u'down')])
194.2589 	EXP 	stimuli: autoDraw = False
194.2589 	EXP 	hint: autoDraw = False
194.2589 	EXP 	stimuli: color = u'green (named)'
194.2589 	EXP 	stimuli: text = u'green'
194.2589 	EXP 	hint: autoDraw = True
194.7758 	EXP 	stimuli: autoDraw = True
196.7288 	DATA 	Keypress: down
196.7456 	EXP 	New trial (rep=1, index=22): OrderedDict([('word', u'green'), ('color', u'green'), ('congruent', 1), ('corrAns', u'down')])
196.7596 	EXP 	stimuli: autoDraw = False
196.7596 	EXP 	hint: autoDraw = False
196.7596 	EXP 	stimuli: color = u'green (named)'
196.7596 	EXP 	stimuli: text = u'green'
196.7596 	EXP 	hint: autoDraw = True
197.2765 	EXP 	stimuli: autoDraw = True
198.4108 	DATA 	Keypress: down
198.4132 	EXP 	New trial (rep=1, index=23): OrderedDict([('word', u'blue'), ('color', u'blue'), ('congruent', 1), ('corrAns', u'right')])
198.4415 	EXP 	stimuli: autoDraw = False
198.4415 	EXP 	hint: autoDraw = False
198.4415 	EXP 	stimuli: color = u'blue (named)'
198.4415 	EXP 	stimuli: text = u'blue'
198.4415 	EXP 	hint: autoDraw = True
198.9459 	EXP 	stimuli: autoDraw = True
200.2617 	DATA 	Keypress: right
200.2646 	EXP 	New trial (rep=1, index=24): OrderedDict([('word', u'red'), ('color', u'red'), ('congruent', 1), ('corrAns', u'left')])
200.2894 	EXP 	stimuli: autoDraw = False
200.2894 	EXP 	hint: autoDraw = False
200.2894 	EXP 	stimuli: color = u'red (named)'
200.2894 	EXP 	stimuli: text = u'red'
200.2894 	EXP 	hint: autoDraw = True
200.7943 	EXP 	stimuli: autoDraw = True
201.4785 	DATA 	Keypress: left
201.4800 	EXP 	New trial (rep=1, index=25): OrderedDict([('word', u'red'), ('color', u'green'), ('congruent', 0), ('corrAns', u'down')])
201.4951 	EXP 	stimuli: autoDraw = False
201.4951 	EXP 	hint: autoDraw = False
201.4951 	EXP 	stimuli: color = u'green (named)'
201.4951 	EXP 	stimuli: text = u'red'
201.4951 	EXP 	hint: autoDraw = True
202.0119 	EXP 	stimuli: autoDraw = True
202.4122 	DATA 	Keypress: down
202.4137 	EXP 	New trial (rep=1, index=26): OrderedDict([('word', u'blue'), ('color', u'red'), ('congruent', 0), ('corrAns', u'left')])
202.4361 	EXP 	stimuli: autoDraw = False
202.4361 	EXP 	hint: autoDraw = False
202.4361 	EXP 	stimuli: color = u'red (named)'
202.4361 	EXP 	stimuli: text = u'blue'
202.4361 	EXP 	hint: autoDraw = True
202.9450 	EXP 	stimuli: autoDraw = True
203.4458 	DATA 	Keypress: left
203.4482 	EXP 	New trial (rep=1, index=27): OrderedDict([('word', u'green'), ('color', u'green'), ('congruent', 1), ('corrAns', u'down')])
203.4773 	EXP 	stimuli: autoDraw = False
203.4773 	EXP 	hint: autoDraw = False
203.4773 	EXP 	stimuli: color = u'green (named)'
203.4773 	EXP 	stimuli: text = u'green'
203.4773 	EXP 	hint: autoDraw = True
203.9788 	EXP 	stimuli: autoDraw = True
204.3796 	DATA 	Keypress: down
204.3814 	EXP 	New trial (rep=1, index=28): OrderedDict([('word', u'green'), ('color', u'green'), ('congruent', 1), ('corrAns', u'down')])
204.3957 	EXP 	stimuli: autoDraw = False
204.3957 	EXP 	hint: autoDraw = False
204.3957 	EXP 	stimuli: color = u'green (named)'
204.3957 	EXP 	stimuli: text = u'green'
204.3957 	EXP 	hint: autoDraw = True
204.9128 	EXP 	stimuli: autoDraw = True
205.5297 	DATA 	Keypress: down
205.5315 	EXP 	New trial (rep=1, index=29): OrderedDict([('word', u'green'), ('color', u'green'), ('congruent', 1), ('corrAns', u'down')])
205.5460 	EXP 	stimuli: autoDraw = False
205.5460 	EXP 	hint: autoDraw = False
205.5460 	EXP 	stimuli: color = u'green (named)'
205.5460 	EXP 	stimuli: text = u'green'
205.5460 	EXP 	hint: autoDraw = True
206.0631 	EXP 	stimuli: autoDraw = True
206.3812 	DATA 	Keypress: down
206.3865 	EXP 	New trial (rep=1, index=30): OrderedDict([('word', u'green'), ('color', u'green'), ('congruent', 1), ('corrAns', u'down')])
206.4001 	EXP 	stimuli: autoDraw = False
206.4001 	EXP 	hint: autoDraw = False
206.4001 	EXP 	stimuli: color = u'green (named)'
206.4001 	EXP 	stimuli: text = u'green'
206.4001 	EXP 	hint: autoDraw = True
206.9131 	EXP 	stimuli: autoDraw = True
207.2976 	DATA 	Keypress: down
207.3009 	EXP 	New trial (rep=1, index=31): OrderedDict([('word', u'blue'), ('color', u'blue'), ('congruent', 1), ('corrAns', u'right')])
207.3288 	EXP 	stimuli: autoDraw = False
207.3288 	EXP 	hint: autoDraw = False
207.3288 	EXP 	stimuli: color = u'blue (named)'
207.3288 	EXP 	stimuli: text = u'blue'
207.3288 	EXP 	hint: autoDraw = True
207.8299 	EXP 	stimuli: autoDraw = True
208.3473 	DATA 	Keypress: right
208.3484 	EXP 	New trial (rep=1, index=32): OrderedDict([('word', u'red'), ('color', u'red'), ('congruent', 1), ('corrAns', u'left')])
208.3677 	EXP 	stimuli: autoDraw = False
208.3677 	EXP 	hint: autoDraw = False
208.3677 	EXP 	stimuli: color = u'red (named)'
208.3677 	EXP 	stimuli: text = u'red'
208.3677 	EXP 	hint: autoDraw = True
208.8807 	EXP 	stimuli: autoDraw = True
209.3975 	DATA 	Keypress: left
209.3986 	EXP 	New trial (rep=1, index=33): OrderedDict([('word', u'green'), ('color', u'red'), ('congruent', 0), ('corrAns', u'left')])
209.4185 	EXP 	stimuli: autoDraw = False
209.4185 	EXP 	hint: autoDraw = False
209.4185 	EXP 	stimuli: color = u'red (named)'
209.4185 	EXP 	stimuli: text = u'green'
209.4185 	EXP 	hint: autoDraw = True
209.9307 	EXP 	stimuli: autoDraw = True
210.3143 	DATA 	Keypress: left
210.3155 	EXP 	New trial (rep=1, index=34): OrderedDict([('word', u'blue'), ('color', u'red'), ('congruent', 0), ('corrAns', u'left')])
210.3348 	EXP 	stimuli: autoDraw = False
210.3348 	EXP 	hint: autoDraw = False
210.3348 	EXP 	stimuli: color = u'red (named)'
210.3348 	EXP 	stimuli: text = u'blue'
210.3348 	EXP 	hint: autoDraw = True
210.8474 	EXP 	stimuli: autoDraw = True
211.4315 	DATA 	Keypress: left
211.4339 	EXP 	New trial (rep=1, index=35): OrderedDict([('word', u'green'), ('color', u'green'), ('congruent', 1), ('corrAns', u'down')])
211.4633 	EXP 	stimuli: autoDraw = False
211.4633 	EXP 	hint: autoDraw = False
211.4633 	EXP 	stimuli: color = u'green (named)'
211.4633 	EXP 	stimuli: text = u'green'
211.4633 	EXP 	hint: autoDraw = True
211.9668 	EXP 	stimuli: autoDraw = True
212.5819 	DATA 	Keypress: down
212.5846 	EXP 	New trial (rep=1, index=36): OrderedDict([('word', u'blue'), ('color', u'blue'), ('congruent', 1), ('corrAns', u'right')])
212.6170 	EXP 	stimuli: autoDraw = False
212.6170 	EXP 	hint: autoDraw = False
212.6170 	EXP 	stimuli: color = u'blue (named)'
212.6170 	EXP 	stimuli: text = u'blue'
212.6170 	EXP 	hint: autoDraw = True
213.1151 	EXP 	stimuli: autoDraw = True
213.6833 	DATA 	Keypress: right
213.6880 	EXP 	New trial (rep=1, index=37): OrderedDict([('word', u'red'), ('color', u'red'), ('congruent', 1), ('corrAns', u'left')])
213.7327 	EXP 	stimuli: autoDraw = False
213.7327 	EXP 	hint: autoDraw = False
213.7327 	EXP 	stimuli: color = u'red (named)'
213.7327 	EXP 	stimuli: text = u'red'
213.7327 	EXP 	hint: autoDraw = True
214.2175 	EXP 	stimuli: autoDraw = True
214.6495 	DATA 	Keypress: left
214.6523 	EXP 	New trial (rep=1, index=38): OrderedDict([('word', u'red'), ('color', u'blue'), ('congruent', 0), ('corrAns', u'right')])
214.6655 	EXP 	stimuli: autoDraw = False
214.6655 	EXP 	hint: autoDraw = False
214.6655 	EXP 	stimuli: color = u'blue (named)'
214.6655 	EXP 	stimuli: text = u'red'
214.6655 	EXP 	hint: autoDraw = True
215.1821 	EXP 	stimuli: autoDraw = True
215.9662 	DATA 	Keypress: right
215.9687 	EXP 	New trial (rep=1, index=39): OrderedDict([('word', u'blue'), ('color', u'blue'), ('congruent', 1), ('corrAns', u'right')])
216.0000 	EXP 	stimuli: autoDraw = False
216.0000 	EXP 	hint: autoDraw = False
216.0000 	EXP 	stimuli: color = u'blue (named)'
216.0000 	EXP 	stimuli: text = u'blue'
216.0000 	EXP 	hint: autoDraw = True
216.4993 	EXP 	stimuli: autoDraw = True
217.1692 	DATA 	Keypress: right
217.1857 	EXP 	New trial (rep=1, index=40): OrderedDict([('word', u'red'), ('color', u'red'), ('congruent', 1), ('corrAns', u'left')])
217.2160 	EXP 	stimuli: autoDraw = False
217.2160 	EXP 	hint: autoDraw = False
217.2160 	EXP 	stimuli: color = u'red (named)'
217.2160 	EXP 	stimuli: text = u'red'
217.2160 	EXP 	hint: autoDraw = True
217.7163 	EXP 	stimuli: autoDraw = True
218.4340 	DATA 	Keypress: left
218.4367 	EXP 	New trial (rep=1, index=41): OrderedDict([('word', u'blue'), ('color', u'blue'), ('congruent', 1), ('corrAns', u'right')])
218.4697 	EXP 	stimuli: autoDraw = False
218.4697 	EXP 	hint: autoDraw = False
218.4697 	EXP 	stimuli: color = u'blue (named)'
218.4697 	EXP 	stimuli: text = u'blue'
218.4697 	EXP 	hint: autoDraw = True
218.9668 	EXP 	stimuli: autoDraw = True
219.5172 	DATA 	Keypress: left
219.5184 	EXP 	New trial (rep=1, index=42): OrderedDict([('word', u'red'), ('color', u'red'), ('congruent', 1), ('corrAns', u'left')])
219.5374 	EXP 	stimuli: autoDraw = False
219.5374 	EXP 	hint: autoDraw = False
219.5374 	EXP 	stimuli: color = u'red (named)'
219.5374 	EXP 	stimuli: text = u'red'
219.5374 	EXP 	hint: autoDraw = True
220.0503 	EXP 	stimuli: autoDraw = True
220.6679 	DATA 	Keypress: left
220.6695 	EXP 	New trial (rep=1, index=43): OrderedDict([('word', u'blue'), ('color', u'blue'), ('congruent', 1), ('corrAns', u'right')])
220.6934 	EXP 	stimuli: autoDraw = False
220.6934 	EXP 	hint: autoDraw = False
220.6934 	EXP 	stimuli: color = u'blue (named)'
220.6934 	EXP 	stimuli: text = u'blue'
220.6934 	EXP 	hint: autoDraw = True
221.2007 	EXP 	stimuli: autoDraw = True
221.7046 	DATA 	Keypress: down
221.7211 	EXP 	New trial (rep=1, index=44): OrderedDict([('word', u'blue'), ('color', u'green'), ('congruent', 0), ('corrAns', u'down')])
221.7342 	EXP 	stimuli: autoDraw = False
221.7342 	EXP 	hint: autoDraw = False
221.7342 	EXP 	stimuli: color = u'green (named)'
221.7342 	EXP 	stimuli: text = u'blue'
221.7342 	EXP 	hint: autoDraw = True
222.2512 	EXP 	stimuli: autoDraw = True
222.8354 	DATA 	Keypress: down
222.8374 	EXP 	New trial (rep=2, index=0): OrderedDict([('word', u'blue'), ('color', u'green'), ('congruent', 0), ('corrAns', u'down')])
222.8515 	EXP 	stimuli: autoDraw = False
222.8515 	EXP 	hint: autoDraw = False
222.8515 	EXP 	stimuli: color = u'green (named)'
222.8515 	EXP 	stimuli: text = u'blue'
222.8515 	EXP 	hint: autoDraw = True
223.3681 	EXP 	stimuli: autoDraw = True
223.7357 	DATA 	Keypress: down
223.7388 	EXP 	New trial (rep=2, index=1): OrderedDict([('word', u'green'), ('color', u'green'), ('congruent', 1), ('corrAns', u'down')])
223.7772 	EXP 	stimuli: autoDraw = False
223.7772 	EXP 	hint: autoDraw = False
223.7772 	EXP 	stimuli: color = u'green (named)'
223.7772 	EXP 	stimuli: text = u'green'
223.7772 	EXP 	hint: autoDraw = True
224.2683 	EXP 	stimuli: autoDraw = True
224.6862 	DATA 	Keypress: down
224.6894 	EXP 	New trial (rep=2, index=2): OrderedDict([('word', u'blue'), ('color', u'blue'), ('congruent', 1), ('corrAns', u'right')])
224.7178 	EXP 	stimuli: autoDraw = False
224.7178 	EXP 	hint: autoDraw = False
224.7178 	EXP 	stimuli: color = u'blue (named)'
224.7178 	EXP 	stimuli: text = u'blue'
224.7178 	EXP 	hint: autoDraw = True
225.2193 	EXP 	stimuli: autoDraw = True
225.7697 	DATA 	Keypress: right
225.7719 	EXP 	New trial (rep=2, index=3): OrderedDict([('word', u'red'), ('color', u'red'), ('congruent', 1), ('corrAns', u'left')])
225.8000 	EXP 	stimuli: autoDraw = False
225.8000 	EXP 	hint: autoDraw = False
225.8000 	EXP 	stimuli: color = u'red (named)'
225.8000 	EXP 	stimuli: text = u'red'
225.8000 	EXP 	hint: autoDraw = True
226.3022 	EXP 	stimuli: autoDraw = True
226.7696 	DATA 	Keypress: left
226.7715 	EXP 	New trial (rep=2, index=4): OrderedDict([('word', u'blue'), ('color', u'blue'), ('congruent', 1), ('corrAns', u'right')])
226.7933 	EXP 	stimuli: autoDraw = False
226.7933 	EXP 	hint: autoDraw = False
226.7933 	EXP 	stimuli: color = u'blue (named)'
226.7933 	EXP 	stimuli: text = u'blue'
226.7933 	EXP 	hint: autoDraw = True
227.3024 	EXP 	stimuli: autoDraw = True
227.8420 	DATA 	Keypress: right
227.8561 	EXP 	New trial (rep=2, index=5): OrderedDict([('word', u'red'), ('color', u'red'), ('congruent', 1), ('corrAns', u'left')])
227.8874 	EXP 	stimuli: autoDraw = False
227.8874 	EXP 	hint: autoDraw = False
227.8874 	EXP 	stimuli: color = u'red (named)'
227.8874 	EXP 	stimuli: text = u'red'
227.8874 	EXP 	hint: autoDraw = True
228.3862 	EXP 	stimuli: autoDraw = True
228.8722 	DATA 	Keypress: left
228.8889 	EXP 	New trial (rep=2, index=6): OrderedDict([('word', u'red'), ('color', u'red'), ('congruent', 1), ('corrAns', u'left')])
228.9030 	EXP 	stimuli: autoDraw = False
228.9030 	EXP 	hint: autoDraw = False
228.9030 	EXP 	stimuli: color = u'red (named)'
228.9030 	EXP 	stimuli: text = u'red'
228.9030 	EXP 	hint: autoDraw = True
229.4198 	EXP 	stimuli: autoDraw = True
229.8558 	DATA 	Keypress: left
229.8726 	EXP 	New trial (rep=2, index=7): OrderedDict([('word', u'blue'), ('color', u'blue'), ('congruent', 1), ('corrAns', u'right')])
229.8982 	EXP 	stimuli: autoDraw = False
229.8982 	EXP 	hint: autoDraw = False
229.8982 	EXP 	stimuli: color = u'blue (named)'
229.8982 	EXP 	stimuli: text = u'blue'
229.8982 	EXP 	hint: autoDraw = True
230.4035 	EXP 	stimuli: autoDraw = True
230.9377 	DATA 	Keypress: right
230.9401 	EXP 	New trial (rep=2, index=8): OrderedDict([('word', u'green'), ('color', u'green'), ('congruent', 1), ('corrAns', u'down')])
230.9765 	EXP 	stimuli: autoDraw = False
230.9765 	EXP 	hint: autoDraw = False
230.9765 	EXP 	stimuli: color = u'green (named)'
230.9765 	EXP 	stimuli: text = u'green'
230.9765 	EXP 	hint: autoDraw = True
231.4704 	EXP 	stimuli: autoDraw = True
232.0399 	DATA 	Keypress: down
232.0565 	EXP 	New trial (rep=2, index=9): OrderedDict([('word', u'blue'), ('color', u'blue'), ('congruent', 1), ('corrAns', u'right')])
232.0869 	EXP 	stimuli: autoDraw = False
232.0869 	EXP 	hint: autoDraw = False
232.0869 	EXP 	stimuli: color = u'blue (named)'
232.0869 	EXP 	stimuli: text = u'blue'
232.0869 	EXP 	hint: autoDraw = True
232.5875 	EXP 	stimuli: autoDraw = True
233.4237 	DATA 	Keypress: right
233.4403 	EXP 	New trial (rep=2, index=10): OrderedDict([('word', u'red'), ('color', u'red'), ('congruent', 1), ('corrAns', u'left')])
233.4639 	EXP 	stimuli: autoDraw = False
233.4639 	EXP 	hint: autoDraw = False
233.4639 	EXP 	stimuli: color = u'red (named)'
233.4639 	EXP 	stimuli: text = u'red'
233.4639 	EXP 	hint: autoDraw = True
233.9717 	EXP 	stimuli: autoDraw = True
234.3063 	DATA 	Keypress: left
234.3115 	EXP 	New trial (rep=2, index=11): OrderedDict([('word', u'green'), ('color', u'green'), ('congruent', 1), ('corrAns', u'down')])
234.3700 	EXP 	stimuli: autoDraw = False
234.3700 	EXP 	hint: autoDraw = False
234.3700 	EXP 	stimuli: color = u'green (named)'
234.3700 	EXP 	stimuli: text = u'green'
234.3700 	EXP 	hint: autoDraw = True
234.8399 	EXP 	stimuli: autoDraw = True
235.3225 	DATA 	Keypress: down
235.3253 	EXP 	New trial (rep=2, index=12): OrderedDict([('word', u'green'), ('color', u'green'), ('congruent', 1), ('corrAns', u'down')])
235.3383 	EXP 	stimuli: autoDraw = False
235.3383 	EXP 	hint: autoDraw = False
235.3383 	EXP 	stimuli: color = u'green (named)'
235.3383 	EXP 	stimuli: text = u'green'
235.3383 	EXP 	hint: autoDraw = True
235.8553 	EXP 	stimuli: autoDraw = True
236.3562 	DATA 	Keypress: down
236.3589 	EXP 	New trial (rep=2, index=13): OrderedDict([('word', u'red'), ('color', u'blue'), ('congruent', 0), ('corrAns', u'right')])
236.3837 	EXP 	stimuli: autoDraw = False
236.3837 	EXP 	hint: autoDraw = False
236.3837 	EXP 	stimuli: color = u'blue (named)'
236.3837 	EXP 	stimuli: text = u'red'
236.3837 	EXP 	hint: autoDraw = True
236.8891 	EXP 	stimuli: autoDraw = True
237.8568 	DATA 	Keypress: right
237.8600 	EXP 	New trial (rep=2, index=14): OrderedDict([('word', u'red'), ('color', u'red'), ('congruent', 1), ('corrAns', u'left')])
237.8728 	EXP 	stimuli: autoDraw = False
237.8728 	EXP 	hint: autoDraw = False
237.8728 	EXP 	stimuli: color = u'red (named)'
237.8728 	EXP 	stimuli: text = u'red'
237.8728 	EXP 	hint: autoDraw = True
238.3895 	EXP 	stimuli: autoDraw = True
238.8402 	DATA 	Keypress: left
238.8421 	EXP 	New trial (rep=2, index=15): OrderedDict([('word', u'blue'), ('color', u'blue'), ('congruent', 1), ('corrAns', u'right')])
238.8690 	EXP 	stimuli: autoDraw = False
238.8690 	EXP 	hint: autoDraw = False
238.8690 	EXP 	stimuli: color = u'blue (named)'
238.8690 	EXP 	stimuli: text = u'blue'
238.8690 	EXP 	hint: autoDraw = True
239.3730 	EXP 	stimuli: autoDraw = True
240.2096 	DATA 	Keypress: right
240.2263 	EXP 	New trial (rep=2, index=16): OrderedDict([('word', u'red'), ('color', u'red'), ('congruent', 1), ('corrAns', u'left')])
240.2503 	EXP 	stimuli: autoDraw = False
240.2503 	EXP 	hint: autoDraw = False
240.2503 	EXP 	stimuli: color = u'red (named)'
240.2503 	EXP 	stimuli: text = u'red'
240.2503 	EXP 	hint: autoDraw = True
240.7572 	EXP 	stimuli: autoDraw = True
241.2751 	DATA 	Keypress: left
241.2807 	EXP 	New trial (rep=2, index=17): OrderedDict([('word', u'green'), ('color', u'red'), ('congruent', 0), ('corrAns', u'left')])
241.3291 	EXP 	stimuli: autoDraw = False
241.3291 	EXP 	hint: autoDraw = False
241.3291 	EXP 	stimuli: color = u'red (named)'
241.3291 	EXP 	stimuli: text = u'green'
241.3291 	EXP 	hint: autoDraw = True
241.8070 	EXP 	stimuli: autoDraw = True
242.2588 	DATA 	Keypress: left
242.2644 	EXP 	New trial (rep=2, index=18): OrderedDict([('word', u'red'), ('color', u'green'), ('congruent', 0), ('corrAns', u'down')])
242.3034 	EXP 	stimuli: autoDraw = False
242.3034 	EXP 	hint: autoDraw = False
242.3034 	EXP 	stimuli: color = u'green (named)'
242.3034 	EXP 	stimuli: text = u'red'
242.3034 	EXP 	hint: autoDraw = True
242.7906 	EXP 	stimuli: autoDraw = True
243.2580 	DATA 	Keypress: down
243.2604 	EXP 	New trial (rep=2, index=19): OrderedDict([('word', u'blue'), ('color', u'blue'), ('congruent', 1), ('corrAns', u'right')])
243.2927 	EXP 	stimuli: autoDraw = False
243.2927 	EXP 	hint: autoDraw = False
243.2927 	EXP 	stimuli: color = u'blue (named)'
243.2927 	EXP 	stimuli: text = u'blue'
243.2927 	EXP 	hint: autoDraw = True
243.7909 	EXP 	stimuli: autoDraw = True
244.3919 	DATA 	Keypress: right
244.3947 	EXP 	New trial (rep=2, index=20): OrderedDict([('word', u'blue'), ('color', u'blue'), ('congruent', 1), ('corrAns', u'right')])
244.4078 	EXP 	stimuli: autoDraw = False
244.4078 	EXP 	hint: autoDraw = False
244.4078 	EXP 	stimuli: color = u'blue (named)'
244.4078 	EXP 	stimuli: text = u'blue'
244.4078 	EXP 	hint: autoDraw = True
244.9247 	EXP 	stimuli: autoDraw = True
245.3923 	DATA 	Keypress: right
245.3951 	EXP 	New trial (rep=2, index=21): OrderedDict([('word', u'green'), ('color', u'green'), ('congruent', 1), ('corrAns', u'down')])
245.4285 	EXP 	stimuli: autoDraw = False
245.4285 	EXP 	hint: autoDraw = False
245.4285 	EXP 	stimuli: color = u'green (named)'
245.4285 	EXP 	stimuli: text = u'green'
245.4285 	EXP 	hint: autoDraw = True
245.9249 	EXP 	stimuli: autoDraw = True
246.4090 	DATA 	Keypress: left
246.4114 	EXP 	New trial (rep=2, index=22): OrderedDict([('word', u'green'), ('color', u'green'), ('congruent', 1), ('corrAns', u'down')])
246.4251 	EXP 	stimuli: autoDraw = False
246.4251 	EXP 	hint: autoDraw = False
246.4251 	EXP 	stimuli: color = u'green (named)'
246.4251 	EXP 	stimuli: text = u'green'
246.4251 	EXP 	hint: autoDraw = True
246.9419 	EXP 	stimuli: autoDraw = True
247.4093 	DATA 	Keypress: down
247.4117 	EXP 	New trial (rep=2, index=23): OrderedDict([('word', u'red'), ('color', u'red'), ('congruent', 1), ('corrAns', u'left')])
247.4397 	EXP 	stimuli: autoDraw = False
247.4397 	EXP 	hint: autoDraw = False
247.4397 	EXP 	stimuli: color = u'red (named)'
247.4397 	EXP 	stimuli: text = u'red'
247.4397 	EXP 	hint: autoDraw = True
247.9423 	EXP 	stimuli: autoDraw = True
248.4595 	DATA 	Keypress: left
248.4607 	EXP 	New trial (rep=2, index=24): OrderedDict([('word', u'blue'), ('color', u'blue'), ('congruent', 1), ('corrAns', u'right')])
248.4811 	EXP 	stimuli: autoDraw = False
248.4811 	EXP 	hint: autoDraw = False
248.4811 	EXP 	stimuli: color = u'blue (named)'
248.4811 	EXP 	stimuli: text = u'blue'
248.4811 	EXP 	hint: autoDraw = True
248.9947 	EXP 	stimuli: autoDraw = True
249.4659 	DATA 	Keypress: down
249.4824 	EXP 	New trial (rep=2, index=25): OrderedDict([('word', u'blue'), ('color', u'blue'), ('congruent', 1), ('corrAns', u'right')])
249.4960 	EXP 	stimuli: autoDraw = False
249.4960 	EXP 	hint: autoDraw = False
249.4960 	EXP 	stimuli: color = u'blue (named)'
249.4960 	EXP 	stimuli: text = u'blue'
249.4960 	EXP 	hint: autoDraw = True
250.0100 	EXP 	stimuli: autoDraw = True
250.4272 	DATA 	Keypress: down
250.4299 	EXP 	New trial (rep=2, index=26): OrderedDict([('word', u'green'), ('color', u'green'), ('congruent', 1), ('corrAns', u'down')])
250.4711 	EXP 	stimuli: autoDraw = False
250.4711 	EXP 	hint: autoDraw = False
250.4711 	EXP 	stimuli: color = u'green (named)'
250.4711 	EXP 	stimuli: text = u'green'
250.4711 	EXP 	hint: autoDraw = True
250.9601 	EXP 	stimuli: autoDraw = True
251.5272 	DATA 	Keypress: down
251.5283 	EXP 	New trial (rep=2, index=27): OrderedDict([('word', u'blue'), ('color', u'red'), ('congruent', 0), ('corrAns', u'left')])
251.5476 	EXP 	stimuli: autoDraw = False
251.5476 	EXP 	hint: autoDraw = False
251.5476 	EXP 	stimuli: color = u'red (named)'
251.5476 	EXP 	stimuli: text = u'blue'
251.5476 	EXP 	hint: autoDraw = True
252.0601 	EXP 	stimuli: autoDraw = True
252.8279 	DATA 	Keypress: left
252.8295 	EXP 	New trial (rep=2, index=28): OrderedDict([('word', u'green'), ('color', u'green'), ('congruent', 1), ('corrAns', u'down')])
252.8550 	EXP 	stimuli: autoDraw = False
252.8550 	EXP 	hint: autoDraw = False
252.8550 	EXP 	stimuli: color = u'green (named)'
252.8550 	EXP 	stimuli: text = u'green'
252.8550 	EXP 	hint: autoDraw = True
253.3605 	EXP 	stimuli: autoDraw = True
253.7133 	DATA 	Keypress: down
253.7299 	EXP 	New trial (rep=2, index=29): OrderedDict([('word', u'red'), ('color', u'green'), ('congruent', 0), ('corrAns', u'down')])
253.7597 	EXP 	stimuli: autoDraw = False
253.7597 	EXP 	hint: autoDraw = False
253.7597 	EXP 	stimuli: color = u'green (named)'
253.7597 	EXP 	stimuli: text = u'red'
253.7597 	EXP 	hint: autoDraw = True
254.2610 	EXP 	stimuli: autoDraw = True
254.6794 	DATA 	Keypress: down
254.6842 	EXP 	New trial (rep=2, index=30): OrderedDict([('word', u'red'), ('color', u'red'), ('congruent', 1), ('corrAns', u'left')])
254.6978 	EXP 	stimuli: autoDraw = False
254.6978 	EXP 	hint: autoDraw = False
254.6978 	EXP 	stimuli: color = u'red (named)'
254.6978 	EXP 	stimuli: text = u'red'
254.6978 	EXP 	hint: autoDraw = True
255.2116 	EXP 	stimuli: autoDraw = True
255.9133 	DATA 	Keypress: left
255.9182 	EXP 	New trial (rep=2, index=31): OrderedDict([('word', u'green'), ('color', u'green'), ('congruent', 1), ('corrAns', u'down')])
255.9689 	EXP 	stimuli: autoDraw = False
255.9689 	EXP 	hint: autoDraw = False
255.9689 	EXP 	stimuli: color = u'green (named)'
255.9689 	EXP 	stimuli: text = u'green'
255.9689 	EXP 	hint: autoDraw = True
256.4451 	EXP 	stimuli: autoDraw = True
256.8969 	DATA 	Keypress: left
256.9020 	EXP 	New trial (rep=2, index=32): OrderedDict([('word', u'green'), ('color', u'green'), ('congruent', 1), ('corrAns', u'down')])
256.9162 	EXP 	stimuli: autoDraw = False
256.9162 	EXP 	hint: autoDraw = False
256.9162 	EXP 	stimuli: color = u'green (named)'
256.9162 	EXP 	stimuli: text = u'green'
256.9162 	EXP 	hint: autoDraw = True
257.4292 	EXP 	stimuli: autoDraw = True
257.7959 	DATA 	Keypress: down
257.7983 	EXP 	New trial (rep=2, index=33): OrderedDict([('word', u'blue'), ('color', u'blue'), ('congruent', 1), ('corrAns', u'right')])
257.8269 	EXP 	stimuli: autoDraw = False
257.8269 	EXP 	hint: autoDraw = False
257.8269 	EXP 	stimuli: color = u'blue (named)'
257.8269 	EXP 	stimuli: text = u'blue'
257.8269 	EXP 	hint: autoDraw = True
258.3319 	EXP 	stimuli: autoDraw = True
258.8300 	DATA 	Keypress: right
258.8338 	EXP 	New trial (rep=2, index=34): OrderedDict([('word', u'red'), ('color', u'red'), ('congruent', 1), ('corrAns', u'left')])
258.8703 	EXP 	stimuli: autoDraw = False
258.8703 	EXP 	hint: autoDraw = False
258.8703 	EXP 	stimuli: color = u'red (named)'
258.8703 	EXP 	stimuli: text = u'red'
258.8703 	EXP 	hint: autoDraw = True
259.3627 	EXP 	stimuli: autoDraw = True
259.9466 	DATA 	Keypress: left
259.9479 	EXP 	New trial (rep=2, index=35): OrderedDict([('word', u'blue'), ('color', u'blue'), ('congruent', 1), ('corrAns', u'right')])
259.9668 	EXP 	stimuli: autoDraw = False
259.9668 	EXP 	hint: autoDraw = False
259.9668 	EXP 	stimuli: color = u'blue (named)'
259.9668 	EXP 	stimuli: text = u'blue'
259.9668 	EXP 	hint: autoDraw = True
260.4796 	EXP 	stimuli: autoDraw = True
261.2139 	DATA 	Keypress: right
261.2174 	EXP 	New trial (rep=2, index=36): OrderedDict([('word', u'red'), ('color', u'red'), ('congruent', 1), ('corrAns', u'left')])
261.2450 	EXP 	stimuli: autoDraw = False
261.2450 	EXP 	hint: autoDraw = False
261.2450 	EXP 	stimuli: color = u'red (named)'
261.2450 	EXP 	stimuli: text = u'red'
261.2450 	EXP 	hint: autoDraw = True
261.7468 	EXP 	stimuli: autoDraw = True
262.4485 	DATA 	Keypress: left
262.4533 	EXP 	New trial (rep=2, index=37): OrderedDict([('word', u'green'), ('color', u'green'), ('congruent', 1), ('corrAns', u'down')])
262.4977 	EXP 	stimuli: autoDraw = False
262.4977 	EXP 	hint: autoDraw = False
262.4977 	EXP 	stimuli: color = u'green (named)'
262.4977 	EXP 	stimuli: text = u'green'
262.4977 	EXP 	hint: autoDraw = True
262.9802 	EXP 	stimuli: autoDraw = True
263.6001 	DATA 	Keypress: down
263.6165 	EXP 	New trial (rep=2, index=38): OrderedDict([('word', u'green'), ('color', u'blue'), ('congruent', 0), ('corrAns', u'right')])
263.6304 	EXP 	stimuli: autoDraw = False
263.6304 	EXP 	hint: autoDraw = False
263.6304 	EXP 	stimuli: color = u'blue (named)'
263.6304 	EXP 	stimuli: text = u'green'
263.6304 	EXP 	hint: autoDraw = True
264.1478 	EXP 	stimuli: autoDraw = True
264.9647 	DATA 	Keypress: right
264.9671 	EXP 	New trial (rep=2, index=39): OrderedDict([('word', u'blue'), ('color', u'blue'), ('congruent', 1), ('corrAns', u'right')])
264.9955 	EXP 	stimuli: autoDraw = False
264.9955 	EXP 	hint: autoDraw = False
264.9955 	EXP 	stimuli: color = u'blue (named)'
264.9955 	EXP 	stimuli: text = u'blue'
264.9955 	EXP 	hint: autoDraw = True
265.4981 	EXP 	stimuli: autoDraw = True
266.0162 	DATA 	Keypress: right
266.0210 	EXP 	New trial (rep=2, index=40): OrderedDict([('word', u'red'), ('color', u'red'), ('congruent', 1), ('corrAns', u'left')])
266.0719 	EXP 	stimuli: autoDraw = False
266.0719 	EXP 	hint: autoDraw = False
266.0719 	EXP 	stimuli: color = u'red (named)'
266.0719 	EXP 	stimuli: text = u'red'
266.0719 	EXP 	hint: autoDraw = True
266.5503 	EXP 	stimuli: autoDraw = True
267.0833 	DATA 	Keypress: left
267.0880 	EXP 	New trial (rep=2, index=41): OrderedDict([('word', u'red'), ('color', u'red'), ('congruent', 1), ('corrAns', u'left')])
267.1018 	EXP 	stimuli: autoDraw = False
267.1018 	EXP 	hint: autoDraw = False
267.1018 	EXP 	stimuli: color = u'red (named)'
267.1018 	EXP 	stimuli: text = u'red'
267.1018 	EXP 	hint: autoDraw = True
267.6155 	EXP 	stimuli: autoDraw = True
268.3324 	DATA 	Keypress: left
268.3348 	EXP 	New trial (rep=2, index=42): OrderedDict([('word', u'green'), ('color', u'green'), ('congruent', 1), ('corrAns', u'down')])
268.3715 	EXP 	stimuli: autoDraw = False
268.3715 	EXP 	hint: autoDraw = False
268.3715 	EXP 	stimuli: color = u'green (named)'
268.3715 	EXP 	stimuli: text = u'green'
268.3715 	EXP 	hint: autoDraw = True
268.8654 	EXP 	stimuli: autoDraw = True
269.5861 	DATA 	Keypress: down
269.6017 	EXP 	New trial (rep=2, index=43): OrderedDict([('word', u'blue'), ('color', u'red'), ('congruent', 0), ('corrAns', u'left')])
269.6331 	EXP 	stimuli: autoDraw = False
269.6331 	EXP 	hint: autoDraw = False
269.6331 	EXP 	stimuli: color = u'red (named)'
269.6331 	EXP 	stimuli: text = u'blue'
269.6331 	EXP 	hint: autoDraw = True
270.1323 	EXP 	stimuli: autoDraw = True
270.6499 	DATA 	Keypress: left
270.6523 	EXP 	New trial (rep=2, index=44): OrderedDict([('word', u'green'), ('color', u'blue'), ('congruent', 0), ('corrAns', u'right')])
270.6875 	EXP 	stimuli: autoDraw = False
270.6875 	EXP 	hint: autoDraw = False
270.6875 	EXP 	stimuli: color = u'blue (named)'
270.6875 	EXP 	stimuli: text = u'green'
270.6875 	EXP 	hint: autoDraw = True
271.1831 	EXP 	stimuli: autoDraw = True
271.9003 	DATA 	Keypress: right
271.9020 	EXP 	New trial (rep=3, index=0): OrderedDict([('word', u'blue'), ('color', u'blue'), ('congruent', 1), ('corrAns', u'right')])
271.9269 	EXP 	stimuli: autoDraw = False
271.9269 	EXP 	hint: autoDraw = False
271.9269 	EXP 	stimuli: color = u'blue (named)'
271.9269 	EXP 	stimuli: text = u'blue'
271.9269 	EXP 	hint: autoDraw = True
272.4331 	EXP 	stimuli: autoDraw = True
272.9841 	DATA 	Keypress: right
272.9865 	EXP 	New trial (rep=3, index=1): OrderedDict([('word', u'red'), ('color', u'red'), ('congruent', 1), ('corrAns', u'left')])
273.0112 	EXP 	stimuli: autoDraw = False
273.0112 	EXP 	hint: autoDraw = False
273.0112 	EXP 	stimuli: color = u'red (named)'
273.0112 	EXP 	stimuli: text = u'red'
273.0112 	EXP 	hint: autoDraw = True
273.5171 	EXP 	stimuli: autoDraw = True
274.0011 	DATA 	Keypress: left
274.0039 	EXP 	New trial (rep=3, index=2): OrderedDict([('word', u'green'), ('color', u'green'), ('congruent', 1), ('corrAns', u'down')])
274.0331 	EXP 	stimuli: autoDraw = False
274.0331 	EXP 	hint: autoDraw = False
274.0331 	EXP 	stimuli: color = u'green (named)'
274.0331 	EXP 	stimuli: text = u'green'
274.0331 	EXP 	hint: autoDraw = True
274.5359 	EXP 	stimuli: autoDraw = True
274.9356 	DATA 	Keypress: down
274.9387 	EXP 	New trial (rep=3, index=3): OrderedDict([('word', u'red'), ('color', u'red'), ('congruent', 1), ('corrAns', u'left')])
274.9663 	EXP 	stimuli: autoDraw = False
274.9663 	EXP 	hint: autoDraw = False
274.9663 	EXP 	stimuli: color = u'red (named)'
274.9663 	EXP 	stimuli: text = u'red'
274.9663 	EXP 	hint: autoDraw = True
275.4675 	EXP 	stimuli: autoDraw = True
276.0022 	DATA 	Keypress: down
276.0070 	EXP 	New trial (rep=3, index=4): OrderedDict([('word', u'blue'), ('color', u'red'), ('congruent', 0), ('corrAns', u'left')])
276.0567 	EXP 	stimuli: autoDraw = False
276.0567 	EXP 	hint: autoDraw = False
276.0567 	EXP 	stimuli: color = u'red (named)'
276.0567 	EXP 	stimuli: text = u'blue'
276.0567 	EXP 	hint: autoDraw = True
276.5364 	EXP 	stimuli: autoDraw = True
277.0904 	DATA 	Keypress: down
277.1069 	EXP 	New trial (rep=3, index=5): OrderedDict([('word', u'blue'), ('color', u'blue'), ('congruent', 1), ('corrAns', u'right')])
277.1205 	EXP 	stimuli: autoDraw = False
277.1205 	EXP 	hint: autoDraw = False
277.1205 	EXP 	stimuli: color = u'blue (named)'
277.1205 	EXP 	stimuli: text = u'blue'
277.1205 	EXP 	hint: autoDraw = True
277.6353 	EXP 	stimuli: autoDraw = True
278.1869 	DATA 	Keypress: left
278.1917 	EXP 	New trial (rep=3, index=6): OrderedDict([('word', u'red'), ('color', u'red'), ('congruent', 1), ('corrAns', u'left')])
278.2312 	EXP 	stimuli: autoDraw = False
278.2312 	EXP 	hint: autoDraw = False
278.2312 	EXP 	stimuli: color = u'red (named)'
278.2312 	EXP 	stimuli: text = u'red'
278.2312 	EXP 	hint: autoDraw = True
278.7194 	EXP 	stimuli: autoDraw = True
279.4026 	DATA 	Keypress: left
279.4050 	EXP 	New trial (rep=3, index=7): OrderedDict([('word', u'blue'), ('color', u'blue'), ('congruent', 1), ('corrAns', u'right')])
279.4300 	EXP 	stimuli: autoDraw = False
279.4300 	EXP 	hint: autoDraw = False
279.4300 	EXP 	stimuli: color = u'blue (named)'
279.4300 	EXP 	stimuli: text = u'blue'
279.4300 	EXP 	hint: autoDraw = True
279.9358 	EXP 	stimuli: autoDraw = True
280.5209 	DATA 	Keypress: right
280.5257 	EXP 	New trial (rep=3, index=8): OrderedDict([('word', u'blue'), ('color', u'blue'), ('congruent', 1), ('corrAns', u'right')])
280.5392 	EXP 	stimuli: autoDraw = False
280.5392 	EXP 	hint: autoDraw = False
280.5392 	EXP 	stimuli: color = u'blue (named)'
280.5392 	EXP 	stimuli: text = u'blue'
280.5392 	EXP 	hint: autoDraw = True
281.0527 	EXP 	stimuli: autoDraw = True
281.5536 	DATA 	Keypress: right
281.5556 	EXP 	New trial (rep=3, index=9): OrderedDict([('word', u'blue'), ('color', u'blue'), ('congruent', 1), ('corrAns', u'right')])
281.5699 	EXP 	stimuli: autoDraw = False
281.5699 	EXP 	hint: autoDraw = False
281.5699 	EXP 	stimuli: color = u'blue (named)'
281.5699 	EXP 	stimuli: text = u'blue'
281.5699 	EXP 	hint: autoDraw = True
282.0864 	EXP 	stimuli: autoDraw = True
282.5705 	DATA 	Keypress: right
282.5725 	EXP 	New trial (rep=3, index=10): OrderedDict([('word', u'green'), ('color', u'blue'), ('congruent', 0), ('corrAns', u'right')])
282.6034 	EXP 	stimuli: autoDraw = False
282.6034 	EXP 	hint: autoDraw = False
282.6034 	EXP 	stimuli: color = u'blue (named)'
282.6034 	EXP 	stimuli: text = u'green'
282.6034 	EXP 	hint: autoDraw = True
283.1032 	EXP 	stimuli: autoDraw = True
283.4875 	DATA 	Keypress: right
283.5067 	EXP 	New trial (rep=3, index=11): OrderedDict([('word', u'red'), ('color', u'green'), ('congruent', 0), ('corrAns', u'down')])
283.5397 	EXP 	stimuli: autoDraw = False
283.5397 	EXP 	hint: autoDraw = False
283.5397 	EXP 	stimuli: color = u'green (named)'
283.5397 	EXP 	stimuli: text = u'red'
283.5397 	EXP 	hint: autoDraw = True
284.0369 	EXP 	stimuli: autoDraw = True
284.4043 	DATA 	Keypress: left
284.4071 	EXP 	New trial (rep=3, index=12): OrderedDict([('word', u'red'), ('color', u'red'), ('congruent', 1), ('corrAns', u'left')])
284.4206 	EXP 	stimuli: autoDraw = False
284.4206 	EXP 	hint: autoDraw = False
284.4206 	EXP 	stimuli: color = u'red (named)'
284.4206 	EXP 	stimuli: text = u'red'
284.4206 	EXP 	hint: autoDraw = True
284.9373 	EXP 	stimuli: autoDraw = True
285.2726 	DATA 	Keypress: left
285.2892 	EXP 	New trial (rep=3, index=13): OrderedDict([('word', u'green'), ('color', u'green'), ('congruent', 1), ('corrAns', u'down')])
285.3210 	EXP 	stimuli: autoDraw = False
285.3210 	EXP 	hint: autoDraw = False
285.3210 	EXP 	stimuli: color = u'green (named)'
285.3210 	EXP 	stimuli: text = u'green'
285.3210 	EXP 	hint: autoDraw = True
285.8227 	EXP 	stimuli: autoDraw = True
286.3226 	DATA 	Keypress: down
286.3273 	EXP 	New trial (rep=3, index=14): OrderedDict([('word', u'green'), ('color', u'green'), ('congruent', 1), ('corrAns', u'down')])
286.3409 	EXP 	stimuli: autoDraw = False
286.3409 	EXP 	hint: autoDraw = False
286.3409 	EXP 	stimuli: color = u'green (named)'
286.3409 	EXP 	stimuli: text = u'green'
286.3409 	EXP 	hint: autoDraw = True
286.8543 	EXP 	stimuli: autoDraw = True
287.2052 	DATA 	Keypress: down
287.2079 	EXP 	New trial (rep=3, index=15): OrderedDict([('word', u'green'), ('color', u'green'), ('congruent', 1), ('corrAns', u'down')])
287.2210 	EXP 	stimuli: autoDraw = False
287.2210 	EXP 	hint: autoDraw = False
287.2210 	EXP 	stimuli: color = u'green (named)'
287.2210 	EXP 	stimuli: text = u'green'
287.2210 	EXP 	hint: autoDraw = True
287.7380 	EXP 	stimuli: autoDraw = True
288.1556 	DATA 	Keypress: down
288.1583 	EXP 	New trial (rep=3, index=16): OrderedDict([('word', u'green'), ('color', u'green'), ('congruent', 1), ('corrAns', u'down')])
288.1714 	EXP 	stimuli: autoDraw = False
288.1714 	EXP 	hint: autoDraw = False
288.1714 	EXP 	stimuli: color = u'green (named)'
288.1714 	EXP 	stimuli: text = u'green'
288.1714 	EXP 	hint: autoDraw = True
288.6883 	EXP 	stimuli: autoDraw = True
289.0888 	DATA 	Keypress: down
289.0899 	EXP 	New trial (rep=3, index=17): OrderedDict([('word', u'green'), ('color', u'green'), ('congruent', 1), ('corrAns', u'down')])
289.1055 	EXP 	stimuli: autoDraw = False
289.1055 	EXP 	hint: autoDraw = False
289.1055 	EXP 	stimuli: color = u'green (named)'
289.1055 	EXP 	stimuli: text = u'green'
289.1055 	EXP 	hint: autoDraw = True
289.6217 	EXP 	stimuli: autoDraw = True
289.9730 	DATA 	Keypress: down
289.9762 	EXP 	New trial (rep=3, index=18): OrderedDict([('word', u'blue'), ('color', u'blue'), ('congruent', 1), ('corrAns', u'right')])
290.0106 	EXP 	stimuli: autoDraw = False
290.0106 	EXP 	hint: autoDraw = False
290.0106 	EXP 	stimuli: color = u'blue (named)'
290.0106 	EXP 	stimuli: text = u'blue'
290.0106 	EXP 	hint: autoDraw = True
290.5053 	EXP 	stimuli: autoDraw = True
291.0894 	DATA 	Keypress: right
291.0918 	EXP 	New trial (rep=3, index=19): OrderedDict([('word', u'red'), ('color', u'blue'), ('congruent', 0), ('corrAns', u'right')])
291.1175 	EXP 	stimuli: autoDraw = False
291.1175 	EXP 	hint: autoDraw = False
291.1175 	EXP 	stimuli: color = u'blue (named)'
291.1175 	EXP 	stimuli: text = u'red'
291.1175 	EXP 	hint: autoDraw = True
291.6226 	EXP 	stimuli: autoDraw = True
292.2078 	DATA 	Keypress: right
292.2282 	EXP 	New trial (rep=3, index=20): OrderedDict([('word', u'blue'), ('color', u'green'), ('congruent', 0), ('corrAns', u'down')])
292.2699 	EXP 	stimuli: autoDraw = False
292.2699 	EXP 	hint: autoDraw = False
292.2699 	EXP 	stimuli: color = u'green (named)'
292.2699 	EXP 	stimuli: text = u'blue'
292.2699 	EXP 	hint: autoDraw = True
292.7562 	EXP 	stimuli: autoDraw = True
293.2904 	DATA 	Keypress: left
293.2932 	EXP 	New trial (rep=3, index=21): OrderedDict([('word', u'green'), ('color', u'green'), ('congruent', 1), ('corrAns', u'down')])
293.3237 	EXP 	stimuli: autoDraw = False
293.3237 	EXP 	hint: autoDraw = False
293.3237 	EXP 	stimuli: color = u'green (named)'
293.3237 	EXP 	stimuli: text = u'green'
293.3237 	EXP 	hint: autoDraw = True
293.8235 	EXP 	stimuli: autoDraw = True
294.1739 	DATA 	Keypress: down
294.1760 	EXP 	New trial (rep=3, index=22): OrderedDict([('word', u'blue'), ('color', u'blue'), ('congruent', 1), ('corrAns', u'right')])
294.2051 	EXP 	stimuli: autoDraw = False
294.2051 	EXP 	hint: autoDraw = False
294.2051 	EXP 	stimuli: color = u'blue (named)'
294.2051 	EXP 	stimuli: text = u'blue'
294.2051 	EXP 	hint: autoDraw = True
294.7094 	EXP 	stimuli: autoDraw = True
295.2077 	DATA 	Keypress: left
295.2104 	EXP 	New trial (rep=3, index=23): OrderedDict([('word', u'blue'), ('color', u'blue'), ('congruent', 1), ('corrAns', u'right')])
295.2237 	EXP 	stimuli: autoDraw = False
295.2237 	EXP 	hint: autoDraw = False
295.2237 	EXP 	stimuli: color = u'blue (named)'
295.2237 	EXP 	stimuli: text = u'blue'
295.2237 	EXP 	hint: autoDraw = True
295.7406 	EXP 	stimuli: autoDraw = True
296.3910 	DATA 	Keypress: right
296.3928 	EXP 	New trial (rep=3, index=24): OrderedDict([('word', u'red'), ('color', u'red'), ('congruent', 1), ('corrAns', u'left')])
296.4129 	EXP 	stimuli: autoDraw = False
296.4129 	EXP 	hint: autoDraw = False
296.4129 	EXP 	stimuli: color = u'red (named)'
296.4129 	EXP 	stimuli: text = u'red'
296.4129 	EXP 	hint: autoDraw = True
296.9240 	EXP 	stimuli: autoDraw = True
297.4248 	DATA 	Keypress: left
297.4272 	EXP 	New trial (rep=3, index=25): OrderedDict([('word', u'red'), ('color', u'red'), ('congruent', 1), ('corrAns', u'left')])
297.4408 	EXP 	stimuli: autoDraw = False
297.4408 	EXP 	hint: autoDraw = False
297.4408 	EXP 	stimuli: color = u'red (named)'
297.4408 	EXP 	stimuli: text = u'red'
297.4408 	EXP 	hint: autoDraw = True
297.9577 	EXP 	stimuli: autoDraw = True
298.5771 	DATA 	Keypress: left
298.5938 	EXP 	New trial (rep=3, index=26): OrderedDict([('word', u'green'), ('color', u'red'), ('congruent', 0), ('corrAns', u'left')])
298.6277 	EXP 	stimuli: autoDraw = False
298.6277 	EXP 	hint: autoDraw = False
298.6277 	EXP 	stimuli: color = u'red (named)'
298.6277 	EXP 	stimuli: text = u'green'
298.6277 	EXP 	hint: autoDraw = True
299.1267 	EXP 	stimuli: autoDraw = True
299.4819 	DATA 	Keypress: left
299.4991 	EXP 	New trial (rep=3, index=27): OrderedDict([('word', u'green'), ('color', u'blue'), ('congruent', 0), ('corrAns', u'right')])
299.5143 	EXP 	stimuli: autoDraw = False
299.5143 	EXP 	hint: autoDraw = False
299.5143 	EXP 	stimuli: color = u'blue (named)'
299.5143 	EXP 	stimuli: text = u'green'
299.5143 	EXP 	hint: autoDraw = True
300.0248 	EXP 	stimuli: autoDraw = True
300.7758 	DATA 	Keypress: right
300.7782 	EXP 	New trial (rep=3, index=28): OrderedDict([('word', u'blue'), ('color', u'blue'), ('congruent', 1), ('corrAns', u'right')])
300.8081 	EXP 	stimuli: autoDraw = False
300.8081 	EXP 	hint: autoDraw = False
300.8081 	EXP 	stimuli: color = u'blue (named)'
300.8081 	EXP 	stimuli: text = u'blue'
300.8081 	EXP 	hint: autoDraw = True
301.3087 	EXP 	stimuli: autoDraw = True
301.8095 	DATA 	Keypress: right
301.8119 	EXP 	New trial (rep=3, index=29): OrderedDict([('word', u'green'), ('color', u'green'), ('congruent', 1), ('corrAns', u'down')])
301.8368 	EXP 	stimuli: autoDraw = False
301.8368 	EXP 	hint: autoDraw = False
301.8368 	EXP 	stimuli: color = u'green (named)'
301.8368 	EXP 	stimuli: text = u'green'
301.8368 	EXP 	hint: autoDraw = True
302.3444 	EXP 	stimuli: autoDraw = True
302.8764 	DATA 	Keypress: down
302.8798 	EXP 	New trial (rep=3, index=30): OrderedDict([('word', u'red'), ('color', u'red'), ('congruent', 1), ('corrAns', u'left')])
302.9066 	EXP 	stimuli: autoDraw = False
302.9066 	EXP 	hint: autoDraw = False
302.9066 	EXP 	stimuli: color = u'red (named)'
302.9066 	EXP 	stimuli: text = u'red'
302.9066 	EXP 	hint: autoDraw = True
303.4096 	EXP 	stimuli: autoDraw = True
303.9771 	DATA 	Keypress: left
303.9798 	EXP 	New trial (rep=3, index=31): OrderedDict([('word', u'green'), ('color', u'green'), ('congruent', 1), ('corrAns', u'down')])
304.0140 	EXP 	stimuli: autoDraw = False
304.0140 	EXP 	hint: autoDraw = False
304.0140 	EXP 	stimuli: color = u'green (named)'
304.0140 	EXP 	stimuli: text = u'green'
304.0140 	EXP 	hint: autoDraw = True
304.5124 	EXP 	stimuli: autoDraw = True
305.2953 	DATA 	Keypress: down
305.3009 	EXP 	New trial (rep=3, index=32): OrderedDict([('word', u'blue'), ('color', u'red'), ('congruent', 0), ('corrAns', u'left')])
305.3503 	EXP 	stimuli: autoDraw = False
305.3503 	EXP 	hint: autoDraw = False
305.3503 	EXP 	stimuli: color = u'red (named)'
305.3503 	EXP 	stimuli: text = u'blue'
305.3503 	EXP 	hint: autoDraw = True
305.8269 	EXP 	stimuli: autoDraw = True
306.6122 	DATA 	Keypress: right
306.6178 	EXP 	New trial (rep=3, index=33): OrderedDict([('word', u'blue'), ('color', u'blue'), ('congruent', 1), ('corrAns', u'right')])
306.6313 	EXP 	stimuli: autoDraw = False
306.6313 	EXP 	hint: autoDraw = False
306.6313 	EXP 	stimuli: color = u'blue (named)'
306.6313 	EXP 	stimuli: text = u'blue'
306.6313 	EXP 	hint: autoDraw = True
307.1443 	EXP 	stimuli: autoDraw = True
307.7280 	DATA 	Keypress: right
307.7304 	EXP 	New trial (rep=3, index=34): OrderedDict([('word', u'red'), ('color', u'green'), ('congruent', 0), ('corrAns', u'down')])
307.7599 	EXP 	stimuli: autoDraw = False
307.7599 	EXP 	hint: autoDraw = False
307.7599 	EXP 	stimuli: color = u'green (named)'
307.7599 	EXP 	stimuli: text = u'red'
307.7599 	EXP 	hint: autoDraw = True
308.2635 	EXP 	stimuli: autoDraw = True
308.7794 	DATA 	Keypress: left
308.7848 	EXP 	New trial (rep=3, index=35): OrderedDict([('word', u'blue'), ('color', u'blue'), ('congruent', 1), ('corrAns', u'right')])
308.8429 	EXP 	stimuli: autoDraw = False
308.8429 	EXP 	hint: autoDraw = False
308.8429 	EXP 	stimuli: color = u'blue (named)'
308.8429 	EXP 	stimuli: text = u'blue'
308.8429 	EXP 	hint: autoDraw = True
309.3112 	EXP 	stimuli: autoDraw = True
310.4455 	DATA 	Keypress: right
310.4482 	EXP 	New trial (rep=3, index=36): OrderedDict([('word', u'green'), ('color', u'green'), ('congruent', 1), ('corrAns', u'down')])
310.4773 	EXP 	stimuli: autoDraw = False
310.4773 	EXP 	hint: autoDraw = False
310.4773 	EXP 	stimuli: color = u'green (named)'
310.4773 	EXP 	stimuli: text = u'green'
310.4773 	EXP 	hint: autoDraw = True
310.9784 	EXP 	stimuli: autoDraw = True
311.5960 	DATA 	Keypress: down
311.5978 	EXP 	New trial (rep=3, index=37): OrderedDict([('word', u'red'), ('color', u'red'), ('congruent', 1), ('corrAns', u'left')])
311.6219 	EXP 	stimuli: autoDraw = False
311.6219 	EXP 	hint: autoDraw = False
311.6219 	EXP 	stimuli: color = u'red (named)'
311.6219 	EXP 	stimuli: text = u'red'
311.6219 	EXP 	hint: autoDraw = True
312.1290 	EXP 	stimuli: autoDraw = True
313.1131 	DATA 	Keypress: left
313.1143 	EXP 	New trial (rep=3, index=38): OrderedDict([('word', u'green'), ('color', u'green'), ('congruent', 1), ('corrAns', u'down')])
313.1348 	EXP 	stimuli: autoDraw = False
313.1348 	EXP 	hint: autoDraw = False
313.1348 	EXP 	stimuli: color = u'green (named)'
313.1348 	EXP 	stimuli: text = u'green'
313.1348 	EXP 	hint: autoDraw = True
313.6461 	EXP 	stimuli: autoDraw = True
314.2633 	DATA 	Keypress: down
314.2657 	EXP 	New trial (rep=3, index=39): OrderedDict([('word', u'red'), ('color', u'red'), ('congruent', 1), ('corrAns', u'left')])
314.2899 	EXP 	stimuli: autoDraw = False
314.2899 	EXP 	hint: autoDraw = False
314.2899 	EXP 	stimuli: color = u'red (named)'
314.2899 	EXP 	stimuli: text = u'red'
314.2899 	EXP 	hint: autoDraw = True
314.7964 	EXP 	stimuli: autoDraw = True
316.4810 	DATA 	Keypress: left
316.4837 	EXP 	New trial (rep=3, index=40): OrderedDict([('word', u'red'), ('color', u'red'), ('congruent', 1), ('corrAns', u'left')])
316.4968 	EXP 	stimuli: autoDraw = False
316.4968 	EXP 	hint: autoDraw = False
316.4968 	EXP 	stimuli: color = u'red (named)'
316.4968 	EXP 	stimuli: text = u'red'
316.4968 	EXP 	hint: autoDraw = True
317.0137 	EXP 	stimuli: autoDraw = True
317.3979 	DATA 	Keypress: left
317.4010 	EXP 	New trial (rep=3, index=41): OrderedDict([('word', u'red'), ('color', u'red'), ('congruent', 1), ('corrAns', u'left')])
317.4137 	EXP 	stimuli: autoDraw = False
317.4137 	EXP 	hint: autoDraw = False
317.4137 	EXP 	stimuli: color = u'red (named)'
317.4137 	EXP 	stimuli: text = u'red'
317.4137 	EXP 	hint: autoDraw = True
317.9306 	EXP 	stimuli: autoDraw = True
318.2648 	DATA 	Keypress: left
318.2676 	EXP 	New trial (rep=3, index=42): OrderedDict([('word', u'green'), ('color', u'green'), ('congruent', 1), ('corrAns', u'down')])
318.3033 	EXP 	stimuli: autoDraw = False
318.3033 	EXP 	hint: autoDraw = False
318.3033 	EXP 	stimuli: color = u'green (named)'
318.3033 	EXP 	stimuli: text = u'green'
318.3033 	EXP 	hint: autoDraw = True
318.7974 	EXP 	stimuli: autoDraw = True
319.2482 	DATA 	Keypress: down
319.2506 	EXP 	New trial (rep=3, index=43): OrderedDict([('word', u'blue'), ('color', u'blue'), ('congruent', 1), ('corrAns', u'right')])
319.2819 	EXP 	stimuli: autoDraw = False
319.2819 	EXP 	hint: autoDraw = False
319.2819 	EXP 	stimuli: color = u'blue (named)'
319.2819 	EXP 	stimuli: text = u'blue'
319.2819 	EXP 	hint: autoDraw = True
319.7810 	EXP 	stimuli: autoDraw = True
320.2485 	DATA 	Keypress: right
320.2509 	EXP 	New trial (rep=3, index=44): OrderedDict([('word', u'red'), ('color', u'red'), ('congruent', 1), ('corrAns', u'left')])
320.2808 	EXP 	stimuli: autoDraw = False
320.2808 	EXP 	hint: autoDraw = False
320.2808 	EXP 	stimuli: color = u'red (named)'
320.2808 	EXP 	stimuli: text = u'red'
320.2808 	EXP 	hint: autoDraw = True
320.7814 	EXP 	stimuli: autoDraw = True
321.2998 	DATA 	Keypress: left
321.4204 	EXP 	stimuli: autoDraw = False
321.4204 	EXP 	hint: autoDraw = False
321.4204 	EXP 	text_2: autoDraw = True
322.6826 	DATA 	Keypress: space
323.3445 	EXP 	window1: mouseVisible = True
