15.0671 	WARNING 	User requested fullscreen with size [1366  768], but screen is actually [1920, 1080]. Using actual size
20.2282 	EXP 	Created window1 = Window(allowGUI=False, allowStencil=False, args=UNKNOWN, autoLog=True, bitsMode=UNKNOWN, blendMode='avg', color=array([-1., -1., -1.]), colorSpace='rgb', fullscr=UNKNOWN, gamma=None, kwargs=UNKNOWN, lms=UNKNOWN, monitor=<psychopy.monitors.calibTools.Monitor object at 0x19F2FDB0>, multiSample=False, name='window1', numSamples=2, pos=[0, 0], screen=0, size=array([1920, 1080]), stereo=False, units='norm', useFBO=True, useRetina=False, viewOri=0.0, viewPos=None, viewScale=None, waitBlanking=True, winType=u'pyglet')
20.2285 	EXP 	window1: recordFrameIntervals = False
20.3912 	EXP 	window1: recordFrameIntervals = True
20.5747 	EXP 	window1: recordFrameIntervals = False
22.3572 	EXP 	Created instr = TextStim(alignHoriz='center', alignVert='center', antialias=True, autoLog=True, bold=False, color=array([ 1.,  1.,  1.]), colorSpace='rgb', contrast=1.0, depth=0.0, flipHoriz=False, flipVert=False, font='Arial', fontFiles=[], height=28, italic=False, name='instr', opacity=1.0, ori=0, pos=array([ 0.,  0.]), rgb=array([ 1.,  1.,  1.]), text=newstr(...), units='pix', win=Window(...), wrapWidth=900)
22.5213 	EXP 	Created stimuli = TextStim(alignHoriz='center', alignVert='center', antialias=True, autoLog=True, bold=False, color=array([ 1.,  1.,  1.]), colorSpace='rgb', contrast=1.0, depth=0.0, flipHoriz=False, flipVert=False, font='Arial', fontFiles=[], height=0.2, italic=False, name='stimuli', opacity=1.0, ori=0, pos=array([ 0.,  0.]), rgb=array([ 1.,  1.,  1.]), text='default text', units='norm', win=Window(...), wrapWidth=1)
22.7276 	EXP 	Created hint = TextStim(alignHoriz='center', alignVert='center', antialias=True, autoLog=True, bold=False, color='white', colorSpace='named', contrast=1.0, depth=-2.0, flipHoriz=False, flipVert=False, font='Arial', fontFiles=[], height=0.07, italic=False, name='hint', opacity=1.0, ori=0, pos=array([ 0. ,  0.7]), rgb=array([ 255.,  255.,  255.]), text='left => red    down => green   right = blue', units='norm', win=Window(...), wrapWidth=1)
22.8440 	EXP 	Created msgFeedback = TextStim(alignHoriz='center', alignVert='center', antialias=True, autoLog=True, bold=False, color=array([ 1.,  1.,  1.]), colorSpace='rgb', contrast=1.0, depth=-1.0, flipHoriz=False, flipVert=False, font='Arial', fontFiles=[], height=0.1, italic=False, name='msgFeedback', opacity=1.0, ori=0, pos=array([ 0.,  0.]), rgb=array([ 1.,  1.,  1.]), text='default text', units='norm', win=Window(...), wrapWidth=1)
23.7289 	EXP 	Created text = TextStim(alignHoriz='center', alignVert='center', antialias=True, autoLog=True, bold=False, color='white', colorSpace='named', contrast=1.0, depth=0.0, flipHoriz=False, flipVert=False, font='Arial', fontFiles=[], height=28, italic=False, name='text', opacity=1.0, ori=0, pos=array([ 0.,  0.]), rgb=array([ 255.,  255.,  255.]), text=newstr(...), units='pix', win=Window(...), wrapWidth=900)
23.7944 	EXP 	Created stimuli = TextStim(alignHoriz='center', alignVert='center', antialias=True, autoLog=True, bold=False, color=array([ 1.,  1.,  1.]), colorSpace='rgb', contrast=1.0, depth=0.0, flipHoriz=False, flipVert=False, font='Arial', fontFiles=[], height=0.2, italic=False, name='stimuli', opacity=1.0, ori=0, pos=array([ 0.,  0.]), rgb=array([ 1.,  1.,  1.]), text='default text', units='norm', win=Window(...), wrapWidth=1)
23.9564 	EXP 	Created hint = TextStim(alignHoriz='center', alignVert='center', antialias=True, autoLog=True, bold=False, color='white', colorSpace='named', contrast=1.0, depth=-2.0, flipHoriz=False, flipVert=False, font='Arial', fontFiles=[], height=0.07, italic=False, name='hint', opacity=1.0, ori=0, pos=array([ 0. ,  0.7]), rgb=array([ 255.,  255.,  255.]), text='left => red    down => green   right = blue', units='norm', win=Window(...), wrapWidth=1)
24.2476 	EXP 	Created text_2 = TextStim(alignHoriz='center', alignVert='center', antialias=True, autoLog=True, bold=False, color='white', colorSpace='named', contrast=1.0, depth=0.0, flipHoriz=False, flipVert=False, font='Arial', fontFiles=[], height=28, italic=False, name='text_2', opacity=1.0, ori=0, pos=array([ 0.,  0.]), rgb=array([ 255.,  255.,  255.]), text=newstr(...), units='pix', win=Window(...), wrapWidth=900)
24.2732 	EXP 	instr: autoDraw = True
356.4136 	DATA 	Keypress: space
356.5629 	EXP 	Imported pract_conditions.xlsx as conditions, 12 conditions, 4 params
356.5641 	EXP 	Created sequence: random, trialTypes=12, nReps=2, seed=None
356.5652 	EXP 	New trial (rep=0, index=0): OrderedDict([('word', u'blue'), ('color', u'red'), ('congruent', 0), ('corrAns', u'left')])
356.6128 	EXP 	instr: autoDraw = False
356.6128 	EXP 	stimuli: color = u'red (named)'
356.6128 	EXP 	stimuli: text = u'blue'
356.6128 	EXP 	hint: autoDraw = True
357.0962 	EXP 	stimuli: autoDraw = True
358.8319 	DATA 	Keypress: left
358.9625 	EXP 	stimuli: autoDraw = False
358.9625 	EXP 	hint: autoDraw = False
358.9625 	EXP 	msgFeedback: text = 'Correct! RT=1.744'
358.9625 	EXP 	msgFeedback: autoDraw = True
360.3477 	EXP 	New trial (rep=0, index=1): OrderedDict([('word', u'blue'), ('color', u'blue'), ('congruent', 1), ('corrAns', u'right')])
360.3615 	EXP 	msgFeedback: autoDraw = False
360.3615 	EXP 	msgFeedback: autoDraw = False
360.3615 	EXP 	stimuli: color = u'blue (named)'
360.3615 	EXP 	stimuli: text = u'blue'
360.3615 	EXP 	hint: autoDraw = True
360.8785 	EXP 	stimuli: autoDraw = True
361.6629 	DATA 	Keypress: right
361.7613 	EXP 	stimuli: autoDraw = False
361.7613 	EXP 	hint: autoDraw = False
361.7613 	EXP 	msgFeedback: text = 'Correct! RT=0.785'
361.7613 	EXP 	msgFeedback: autoDraw = True
363.1652 	EXP 	New trial (rep=0, index=2): OrderedDict([('word', u'green'), ('color', u'red'), ('congruent', 0), ('corrAns', u'left')])
363.2272 	EXP 	msgFeedback: autoDraw = False
363.2272 	EXP 	msgFeedback: autoDraw = False
363.2272 	EXP 	stimuli: color = u'red (named)'
363.2272 	EXP 	stimuli: text = u'green'
363.2272 	EXP 	hint: autoDraw = True
363.6960 	EXP 	stimuli: autoDraw = True
364.5171 	DATA 	Keypress: left
364.6261 	EXP 	stimuli: autoDraw = False
364.6261 	EXP 	hint: autoDraw = False
364.6261 	EXP 	msgFeedback: text = 'Correct! RT=0.834'
364.6261 	EXP 	msgFeedback: autoDraw = True
366.0316 	EXP 	New trial (rep=0, index=3): OrderedDict([('word', u'red'), ('color', u'green'), ('congruent', 0), ('corrAns', u'down')])
366.0708 	EXP 	msgFeedback: autoDraw = False
366.0708 	EXP 	msgFeedback: autoDraw = False
366.0708 	EXP 	stimuli: color = u'green (named)'
366.0708 	EXP 	stimuli: text = u'red'
366.0708 	EXP 	hint: autoDraw = True
366.5686 	EXP 	stimuli: autoDraw = True
366.9643 	DATA 	Keypress: down
367.0692 	EXP 	stimuli: autoDraw = False
367.0692 	EXP 	hint: autoDraw = False
367.0692 	EXP 	msgFeedback: text = 'Correct! RT=0.396'
367.0692 	EXP 	msgFeedback: autoDraw = True
368.4674 	EXP 	New trial (rep=0, index=4): OrderedDict([('word', u'blue'), ('color', u'blue'), ('congruent', 1), ('corrAns', u'right')])
368.5206 	EXP 	msgFeedback: autoDraw = False
368.5206 	EXP 	msgFeedback: autoDraw = False
368.5206 	EXP 	stimuli: color = u'blue (named)'
368.5206 	EXP 	stimuli: text = u'blue'
368.5206 	EXP 	hint: autoDraw = True
368.9992 	EXP 	stimuli: autoDraw = True
369.4161 	DATA 	Keypress: right
369.5247 	EXP 	stimuli: autoDraw = False
369.5247 	EXP 	hint: autoDraw = False
369.5247 	EXP 	msgFeedback: text = 'Correct! RT=0.417'
369.5247 	EXP 	msgFeedback: autoDraw = True
370.9175 	EXP 	New trial (rep=0, index=5): OrderedDict([('word', u'blue'), ('color', u'green'), ('congruent', 0), ('corrAns', u'down')])
370.9316 	EXP 	msgFeedback: autoDraw = False
370.9316 	EXP 	msgFeedback: autoDraw = False
370.9316 	EXP 	stimuli: color = u'green (named)'
370.9316 	EXP 	stimuli: text = u'blue'
370.9316 	EXP 	hint: autoDraw = True
371.4485 	EXP 	stimuli: autoDraw = True
371.7327 	DATA 	Keypress: left
371.8639 	EXP 	stimuli: autoDraw = False
371.8639 	EXP 	hint: autoDraw = False
371.8639 	EXP 	msgFeedback: text = 'Not the key...'
371.8639 	EXP 	msgFeedback: autoDraw = True
373.2338 	EXP 	New trial (rep=0, index=6): OrderedDict([('word', u'green'), ('color', u'green'), ('congruent', 1), ('corrAns', u'down')])
373.2851 	EXP 	msgFeedback: autoDraw = False
373.2851 	EXP 	msgFeedback: autoDraw = False
373.2851 	EXP 	stimuli: color = u'green (named)'
373.2851 	EXP 	stimuli: text = u'green'
373.2851 	EXP 	hint: autoDraw = True
373.7654 	EXP 	stimuli: autoDraw = True
374.3499 	DATA 	Keypress: down
374.4369 	EXP 	stimuli: autoDraw = False
374.4369 	EXP 	hint: autoDraw = False
374.4369 	EXP 	msgFeedback: text = 'Correct! RT=0.585'
374.4369 	EXP 	msgFeedback: autoDraw = True
375.8524 	EXP 	New trial (rep=0, index=7): OrderedDict([('word', u'green'), ('color', u'green'), ('congruent', 1), ('corrAns', u'down')])
375.8663 	EXP 	msgFeedback: autoDraw = False
375.8663 	EXP 	msgFeedback: autoDraw = False
375.8663 	EXP 	stimuli: color = u'green (named)'
375.8663 	EXP 	stimuli: text = u'green'
375.8663 	EXP 	hint: autoDraw = True
376.3879 	EXP 	stimuli: autoDraw = True
376.7341 	DATA 	Keypress: down
376.8258 	EXP 	stimuli: autoDraw = False
376.8258 	EXP 	hint: autoDraw = False
376.8258 	EXP 	msgFeedback: text = 'Correct! RT=0.347'
376.8258 	EXP 	msgFeedback: autoDraw = True
378.2364 	EXP 	New trial (rep=0, index=8): OrderedDict([('word', u'red'), ('color', u'green'), ('congruent', 0), ('corrAns', u'down')])
378.2915 	EXP 	msgFeedback: autoDraw = False
378.2915 	EXP 	msgFeedback: autoDraw = False
378.2915 	EXP 	stimuli: color = u'green (named)'
378.2915 	EXP 	stimuli: text = u'red'
378.2915 	EXP 	hint: autoDraw = True
378.7671 	EXP 	stimuli: autoDraw = True
379.2681 	DATA 	Keypress: down
379.3605 	EXP 	stimuli: autoDraw = False
379.3605 	EXP 	hint: autoDraw = False
379.3605 	EXP 	msgFeedback: text = 'Correct! RT=0.501'
379.3605 	EXP 	msgFeedback: autoDraw = True
380.7705 	EXP 	New trial (rep=0, index=9): OrderedDict([('word', u'green'), ('color', u'blue'), ('congruent', 0), ('corrAns', u'right')])
380.8306 	EXP 	msgFeedback: autoDraw = False
380.8306 	EXP 	msgFeedback: autoDraw = False
380.8306 	EXP 	stimuli: color = u'blue (named)'
380.8306 	EXP 	stimuli: text = u'green'
380.8306 	EXP 	hint: autoDraw = True
381.3014 	EXP 	stimuli: autoDraw = True
381.9854 	DATA 	Keypress: right
382.0826 	EXP 	stimuli: autoDraw = False
382.0826 	EXP 	hint: autoDraw = False
382.0826 	EXP 	msgFeedback: text = 'Correct! RT=0.684'
382.0826 	EXP 	msgFeedback: autoDraw = True
383.4884 	EXP 	New trial (rep=0, index=10): OrderedDict([('word', u'red'), ('color', u'red'), ('congruent', 1), ('corrAns', u'left')])
383.5365 	EXP 	msgFeedback: autoDraw = False
383.5365 	EXP 	msgFeedback: autoDraw = False
383.5365 	EXP 	stimuli: color = u'red (named)'
383.5365 	EXP 	stimuli: text = u'red'
383.5365 	EXP 	hint: autoDraw = True
384.0204 	EXP 	stimuli: autoDraw = True
384.4196 	DATA 	Keypress: left
384.5149 	EXP 	stimuli: autoDraw = False
384.5149 	EXP 	hint: autoDraw = False
384.5149 	EXP 	msgFeedback: text = 'Correct! RT=0.399'
384.5149 	EXP 	msgFeedback: autoDraw = True
385.9223 	EXP 	New trial (rep=0, index=11): OrderedDict([('word', u'red'), ('color', u'red'), ('congruent', 1), ('corrAns', u'left')])
385.9364 	EXP 	msgFeedback: autoDraw = False
385.9364 	EXP 	msgFeedback: autoDraw = False
385.9364 	EXP 	stimuli: color = u'red (named)'
385.9364 	EXP 	stimuli: text = u'red'
385.9364 	EXP 	hint: autoDraw = True
386.4530 	EXP 	stimuli: autoDraw = True
387.0174 	DATA 	Keypress: left
387.1417 	EXP 	stimuli: autoDraw = False
387.1417 	EXP 	hint: autoDraw = False
387.1417 	EXP 	msgFeedback: text = 'Correct! RT=0.565'
387.1417 	EXP 	msgFeedback: autoDraw = True
388.5230 	EXP 	New trial (rep=1, index=0): OrderedDict([('word', u'blue'), ('color', u'green'), ('congruent', 0), ('corrAns', u'down')])
388.5793 	EXP 	msgFeedback: autoDraw = False
388.5793 	EXP 	msgFeedback: autoDraw = False
388.5793 	EXP 	stimuli: color = u'green (named)'
388.5793 	EXP 	stimuli: text = u'blue'
388.5793 	EXP 	hint: autoDraw = True
389.0553 	EXP 	stimuli: autoDraw = True
389.3881 	DATA 	Keypress: down
389.4768 	EXP 	stimuli: autoDraw = False
389.4768 	EXP 	hint: autoDraw = False
389.4768 	EXP 	msgFeedback: text = 'Correct! RT=0.333'
389.4768 	EXP 	msgFeedback: autoDraw = True
390.8893 	EXP 	New trial (rep=1, index=1): OrderedDict([('word', u'red'), ('color', u'green'), ('congruent', 0), ('corrAns', u'down')])
390.9683 	EXP 	msgFeedback: autoDraw = False
390.9683 	EXP 	msgFeedback: autoDraw = False
390.9683 	EXP 	stimuli: color = u'green (named)'
390.9683 	EXP 	stimuli: text = u'red'
390.9683 	EXP 	hint: autoDraw = True
391.4211 	EXP 	stimuli: autoDraw = True
391.9885 	DATA 	Keypress: down
392.0862 	EXP 	stimuli: autoDraw = False
392.0862 	EXP 	hint: autoDraw = False
392.0862 	EXP 	msgFeedback: text = 'Correct! RT=0.568'
392.0862 	EXP 	msgFeedback: autoDraw = True
393.4902 	EXP 	New trial (rep=1, index=2): OrderedDict([('word', u'red'), ('color', u'green'), ('congruent', 0), ('corrAns', u'down')])
393.5051 	EXP 	msgFeedback: autoDraw = False
393.5051 	EXP 	msgFeedback: autoDraw = False
393.5051 	EXP 	stimuli: color = u'green (named)'
393.5051 	EXP 	stimuli: text = u'red'
393.5051 	EXP 	hint: autoDraw = True
394.0220 	EXP 	stimuli: autoDraw = True
394.5060 	DATA 	Keypress: down
394.5916 	EXP 	stimuli: autoDraw = False
394.5916 	EXP 	hint: autoDraw = False
394.5916 	EXP 	msgFeedback: text = 'Correct! RT=0.484'
394.5916 	EXP 	msgFeedback: autoDraw = True
396.0086 	EXP 	New trial (rep=1, index=3): OrderedDict([('word', u'green'), ('color', u'red'), ('congruent', 0), ('corrAns', u'left')])
396.0667 	EXP 	msgFeedback: autoDraw = False
396.0667 	EXP 	msgFeedback: autoDraw = False
396.0667 	EXP 	stimuli: color = u'red (named)'
396.0667 	EXP 	stimuli: text = u'green'
396.0667 	EXP 	hint: autoDraw = True
396.5394 	EXP 	stimuli: autoDraw = True
397.2234 	DATA 	Keypress: left
397.3206 	EXP 	stimuli: autoDraw = False
397.3206 	EXP 	hint: autoDraw = False
397.3206 	EXP 	msgFeedback: text = 'Correct! RT=0.684'
397.3206 	EXP 	msgFeedback: autoDraw = True
398.7251 	EXP 	New trial (rep=1, index=4): OrderedDict([('word', u'blue'), ('color', u'blue'), ('congruent', 1), ('corrAns', u'right')])
398.7692 	EXP 	msgFeedback: autoDraw = False
398.7692 	EXP 	msgFeedback: autoDraw = False
398.7692 	EXP 	stimuli: color = u'blue (named)'
398.7692 	EXP 	stimuli: text = u'blue'
398.7692 	EXP 	hint: autoDraw = True
399.2569 	EXP 	stimuli: autoDraw = True
399.6743 	DATA 	Keypress: right
399.7621 	EXP 	stimuli: autoDraw = False
399.7621 	EXP 	hint: autoDraw = False
399.7621 	EXP 	msgFeedback: text = 'Correct! RT=0.418'
399.7621 	EXP 	msgFeedback: autoDraw = True
401.1769 	EXP 	New trial (rep=1, index=5): OrderedDict([('word', u'blue'), ('color', u'blue'), ('congruent', 1), ('corrAns', u'right')])
401.1909 	EXP 	msgFeedback: autoDraw = False
401.1909 	EXP 	msgFeedback: autoDraw = False
401.1909 	EXP 	stimuli: color = u'blue (named)'
401.1909 	EXP 	stimuli: text = u'blue'
401.1909 	EXP 	hint: autoDraw = True
401.7134 	EXP 	stimuli: autoDraw = True
402.2435 	DATA 	Keypress: right
402.3678 	EXP 	stimuli: autoDraw = False
402.3678 	EXP 	hint: autoDraw = False
402.3678 	EXP 	msgFeedback: text = 'Correct! RT=0.531'
402.3678 	EXP 	msgFeedback: autoDraw = True
403.7450 	EXP 	New trial (rep=1, index=6): OrderedDict([('word', u'green'), ('color', u'green'), ('congruent', 1), ('corrAns', u'down')])
403.8110 	EXP 	msgFeedback: autoDraw = False
403.8110 	EXP 	msgFeedback: autoDraw = False
403.8110 	EXP 	stimuli: color = u'green (named)'
403.8110 	EXP 	stimuli: text = u'green'
403.8110 	EXP 	hint: autoDraw = True
404.2753 	EXP 	stimuli: autoDraw = True
404.9132 	DATA 	Keypress: left
405.0736 	EXP 	stimuli: autoDraw = False
405.0736 	EXP 	hint: autoDraw = False
405.0736 	EXP 	msgFeedback: text = 'Not the key...'
405.0736 	EXP 	msgFeedback: autoDraw = True
406.4285 	EXP 	New trial (rep=1, index=7): OrderedDict([('word', u'blue'), ('color', u'red'), ('congruent', 0), ('corrAns', u'left')])
406.4783 	EXP 	msgFeedback: autoDraw = False
406.4783 	EXP 	msgFeedback: autoDraw = False
406.4783 	EXP 	stimuli: color = u'red (named)'
406.4783 	EXP 	stimuli: text = u'blue'
406.4783 	EXP 	hint: autoDraw = True
406.9644 	EXP 	stimuli: autoDraw = True
407.3966 	DATA 	Keypress: left
407.5049 	EXP 	stimuli: autoDraw = False
407.5049 	EXP 	hint: autoDraw = False
407.5049 	EXP 	msgFeedback: text = 'Correct! RT=0.440'
407.5049 	EXP 	msgFeedback: autoDraw = True
408.9120 	EXP 	New trial (rep=1, index=8): OrderedDict([('word', u'green'), ('color', u'green'), ('congruent', 1), ('corrAns', u'down')])
408.9704 	EXP 	msgFeedback: autoDraw = False
408.9704 	EXP 	stimuli: color = u'green (named)'
408.9704 	EXP 	stimuli: text = u'green'
408.9704 	EXP 	hint: autoDraw = True
409.4513 	EXP 	stimuli: autoDraw = True
409.9108 	DATA 	Keypress: down
410.0090 	EXP 	stimuli: autoDraw = False
410.0090 	EXP 	hint: autoDraw = False
410.0090 	EXP 	msgFeedback: text = 'Correct! RT=0.460'
410.0090 	EXP 	msgFeedback: autoDraw = True
411.4211 	EXP 	New trial (rep=1, index=9): OrderedDict([('word', u'red'), ('color', u'red'), ('congruent', 1), ('corrAns', u'left')])
411.4944 	EXP 	msgFeedback: autoDraw = False
411.4944 	EXP 	stimuli: color = u'red (named)'
411.4944 	EXP 	stimuli: text = u'red'
411.4944 	EXP 	hint: autoDraw = True
411.9442 	EXP 	stimuli: autoDraw = True
412.6618 	DATA 	Keypress: left
412.7523 	EXP 	stimuli: autoDraw = False
412.7523 	EXP 	hint: autoDraw = False
412.7523 	EXP 	msgFeedback: text = 'Correct! RT=0.718'
412.7523 	EXP 	msgFeedback: autoDraw = True
414.1632 	EXP 	New trial (rep=1, index=10): OrderedDict([('word', u'green'), ('color', u'blue'), ('congruent', 0), ('corrAns', u'right')])
414.2157 	EXP 	msgFeedback: autoDraw = False
414.2157 	EXP 	msgFeedback: autoDraw = False
414.2157 	EXP 	stimuli: color = u'blue (named)'
414.2157 	EXP 	stimuli: text = u'green'
414.2157 	EXP 	hint: autoDraw = True
414.6951 	EXP 	stimuli: autoDraw = True
415.4293 	DATA 	Keypress: right
415.5150 	EXP 	stimuli: autoDraw = False
415.5150 	EXP 	hint: autoDraw = False
415.5150 	EXP 	msgFeedback: text = 'Correct! RT=0.734'
415.5150 	EXP 	msgFeedback: autoDraw = True
416.9369 	EXP 	New trial (rep=1, index=11): OrderedDict([('word', u'red'), ('color', u'red'), ('congruent', 1), ('corrAns', u'left')])
417.0217 	EXP 	msgFeedback: autoDraw = False
417.0217 	EXP 	msgFeedback: autoDraw = False
417.0217 	EXP 	stimuli: color = u'red (named)'
417.0217 	EXP 	stimuli: text = u'red'
417.0217 	EXP 	hint: autoDraw = True
417.4703 	EXP 	stimuli: autoDraw = True
418.3636 	DATA 	Keypress: left
418.4828 	EXP 	stimuli: autoDraw = False
418.4828 	EXP 	hint: autoDraw = False
418.4828 	EXP 	msgFeedback: text = 'Correct! RT=0.909'
418.4828 	EXP 	msgFeedback: autoDraw = True
420.0240 	EXP 	msgFeedback: autoDraw = False
420.0240 	EXP 	msgFeedback: autoDraw = False
420.0240 	EXP 	text: autoDraw = True
427.3332 	DATA 	Keypress: space
427.4312 	EXP 	Imported conditions.xlsx as conditions, 45 conditions, 4 params
427.4331 	EXP 	Created sequence: random, trialTypes=45, nReps=4, seed=None
427.4343 	EXP 	New trial (rep=0, index=0): OrderedDict([('word', u'blue'), ('color', u'blue'), ('congruent', 1), ('corrAns', u'right')])
427.4766 	EXP 	text: autoDraw = False
427.4766 	EXP 	stimuli: color = u'blue (named)'
427.4766 	EXP 	stimuli: text = u'blue'
427.4766 	EXP 	hint: autoDraw = True
427.9661 	EXP 	stimuli: autoDraw = True
428.8693 	DATA 	Keypress: left
428.8864 	EXP 	New trial (rep=0, index=1): OrderedDict([('word', u'green'), ('color', u'green'), ('congruent', 1), ('corrAns', u'down')])
428.9378 	EXP 	stimuli: autoDraw = False
428.9378 	EXP 	hint: autoDraw = False
428.9378 	EXP 	stimuli: color = u'green (named)'
428.9378 	EXP 	stimuli: text = u'green'
428.9378 	EXP 	hint: autoDraw = True
429.4176 	EXP 	stimuli: autoDraw = True
430.1672 	DATA 	Keypress: down
430.1714 	EXP 	New trial (rep=0, index=2): OrderedDict([('word', u'green'), ('color', u'green'), ('congruent', 1), ('corrAns', u'down')])
430.1845 	EXP 	stimuli: autoDraw = False
430.1845 	EXP 	hint: autoDraw = False
430.1845 	EXP 	stimuli: color = u'green (named)'
430.1845 	EXP 	stimuli: text = u'green'
430.1845 	EXP 	hint: autoDraw = True
430.7001 	EXP 	stimuli: autoDraw = True
431.2343 	DATA 	Keypress: down
431.2384 	EXP 	New trial (rep=0, index=3): OrderedDict([('word', u'blue'), ('color', u'red'), ('congruent', 0), ('corrAns', u'left')])
431.2866 	EXP 	stimuli: autoDraw = False
431.2866 	EXP 	hint: autoDraw = False
431.2866 	EXP 	stimuli: color = u'red (named)'
431.2866 	EXP 	stimuli: text = u'blue'
431.2866 	EXP 	hint: autoDraw = True
431.7669 	EXP 	stimuli: autoDraw = True
432.2198 	DATA 	Keypress: left
432.2369 	EXP 	New trial (rep=0, index=4): OrderedDict([('word', u'blue'), ('color', u'blue'), ('congruent', 1), ('corrAns', u'right')])
432.2508 	EXP 	stimuli: autoDraw = False
432.2508 	EXP 	hint: autoDraw = False
432.2508 	EXP 	stimuli: color = u'blue (named)'
432.2508 	EXP 	stimuli: text = u'blue'
432.2508 	EXP 	hint: autoDraw = True
432.7669 	EXP 	stimuli: autoDraw = True
433.3567 	DATA 	Keypress: right
433.3662 	EXP 	New trial (rep=0, index=5): OrderedDict([('word', u'blue'), ('color', u'blue'), ('congruent', 1), ('corrAns', u'right')])
433.3788 	EXP 	stimuli: autoDraw = False
433.3788 	EXP 	hint: autoDraw = False
433.3788 	EXP 	stimuli: color = u'blue (named)'
433.3788 	EXP 	stimuli: text = u'blue'
433.3788 	EXP 	hint: autoDraw = True
433.8842 	EXP 	stimuli: autoDraw = True
434.4358 	DATA 	Keypress: right
434.4406 	EXP 	New trial (rep=0, index=6): OrderedDict([('word', u'blue'), ('color', u'blue'), ('congruent', 1), ('corrAns', u'right')])
434.4540 	EXP 	stimuli: autoDraw = False
434.4540 	EXP 	hint: autoDraw = False
434.4540 	EXP 	stimuli: color = u'blue (named)'
434.4540 	EXP 	stimuli: text = u'blue'
434.4540 	EXP 	hint: autoDraw = True
434.9678 	EXP 	stimuli: autoDraw = True
435.2855 	DATA 	Keypress: right
435.2907 	EXP 	New trial (rep=0, index=7): OrderedDict([('word', u'green'), ('color', u'green'), ('congruent', 1), ('corrAns', u'down')])
435.3500 	EXP 	stimuli: autoDraw = False
435.3500 	EXP 	hint: autoDraw = False
435.3500 	EXP 	stimuli: color = u'green (named)'
435.3500 	EXP 	stimuli: text = u'green'
435.3500 	EXP 	hint: autoDraw = True
435.8182 	EXP 	stimuli: autoDraw = True
436.5857 	DATA 	Keypress: down
436.5888 	EXP 	New trial (rep=0, index=8): OrderedDict([('word', u'blue'), ('color', u'blue'), ('congruent', 1), ('corrAns', u'right')])
436.6317 	EXP 	stimuli: autoDraw = False
436.6317 	EXP 	hint: autoDraw = False
436.6317 	EXP 	stimuli: color = u'blue (named)'
436.6317 	EXP 	stimuli: text = u'blue'
436.6317 	EXP 	hint: autoDraw = True
437.1186 	EXP 	stimuli: autoDraw = True
437.8694 	DATA 	Keypress: right
437.8724 	EXP 	New trial (rep=0, index=9): OrderedDict([('word', u'blue'), ('color', u'blue'), ('congruent', 1), ('corrAns', u'right')])
437.8854 	EXP 	stimuli: autoDraw = False
437.8854 	EXP 	hint: autoDraw = False
437.8854 	EXP 	stimuli: color = u'blue (named)'
437.8854 	EXP 	stimuli: text = u'blue'
437.8854 	EXP 	hint: autoDraw = True
438.4025 	EXP 	stimuli: autoDraw = True
438.8529 	DATA 	Keypress: right
438.8559 	EXP 	New trial (rep=0, index=10): OrderedDict([('word', u'green'), ('color', u'green'), ('congruent', 1), ('corrAns', u'down')])
438.9072 	EXP 	stimuli: autoDraw = False
438.9072 	EXP 	hint: autoDraw = False
438.9072 	EXP 	stimuli: color = u'green (named)'
438.9072 	EXP 	stimuli: text = u'green'
438.9072 	EXP 	hint: autoDraw = True
439.3862 	EXP 	stimuli: autoDraw = True
439.8867 	DATA 	Keypress: down
439.8902 	EXP 	New trial (rep=0, index=11): OrderedDict([('word', u'red'), ('color', u'red'), ('congruent', 1), ('corrAns', u'left')])
439.9306 	EXP 	stimuli: autoDraw = False
439.9306 	EXP 	hint: autoDraw = False
439.9306 	EXP 	stimuli: color = u'red (named)'
439.9306 	EXP 	stimuli: text = u'red'
439.9306 	EXP 	hint: autoDraw = True
440.4194 	EXP 	stimuli: autoDraw = True
440.8706 	DATA 	Keypress: left
440.8750 	EXP 	New trial (rep=0, index=12): OrderedDict([('word', u'red'), ('color', u'blue'), ('congruent', 0), ('corrAns', u'right')])
440.8880 	EXP 	stimuli: autoDraw = False
440.8880 	EXP 	hint: autoDraw = False
440.8880 	EXP 	stimuli: color = u'blue (named)'
440.8880 	EXP 	stimuli: text = u'red'
440.8880 	EXP 	hint: autoDraw = True
441.4034 	EXP 	stimuli: autoDraw = True
441.8540 	DATA 	Keypress: left
441.8570 	EXP 	New trial (rep=0, index=13): OrderedDict([('word', u'red'), ('color', u'green'), ('congruent', 0), ('corrAns', u'down')])
441.8699 	EXP 	stimuli: autoDraw = False
441.8699 	EXP 	hint: autoDraw = False
441.8699 	EXP 	stimuli: color = u'green (named)'
441.8699 	EXP 	stimuli: text = u'red'
441.8699 	EXP 	hint: autoDraw = True
442.3869 	EXP 	stimuli: autoDraw = True
442.9227 	DATA 	Keypress: down
442.9369 	EXP 	New trial (rep=0, index=14): OrderedDict([('word', u'red'), ('color', u'red'), ('congruent', 1), ('corrAns', u'left')])
442.9516 	EXP 	stimuli: autoDraw = False
442.9516 	EXP 	hint: autoDraw = False
442.9516 	EXP 	stimuli: color = u'red (named)'
442.9516 	EXP 	stimuli: text = u'red'
442.9516 	EXP 	hint: autoDraw = True
443.4594 	EXP 	stimuli: autoDraw = True
444.1878 	DATA 	Keypress: left
444.1919 	EXP 	New trial (rep=0, index=15): OrderedDict([('word', u'red'), ('color', u'red'), ('congruent', 1), ('corrAns', u'left')])
444.2049 	EXP 	stimuli: autoDraw = False
444.2049 	EXP 	hint: autoDraw = False
444.2049 	EXP 	stimuli: color = u'red (named)'
444.2049 	EXP 	stimuli: text = u'red'
444.2049 	EXP 	hint: autoDraw = True
444.7208 	EXP 	stimuli: autoDraw = True
445.2384 	DATA 	Keypress: left
445.2426 	EXP 	New trial (rep=0, index=16): OrderedDict([('word', u'red'), ('color', u'red'), ('congruent', 1), ('corrAns', u'left')])
445.2554 	EXP 	stimuli: autoDraw = False
445.2554 	EXP 	hint: autoDraw = False
445.2554 	EXP 	stimuli: color = u'red (named)'
445.2554 	EXP 	stimuli: text = u'red'
445.2554 	EXP 	hint: autoDraw = True
445.7712 	EXP 	stimuli: autoDraw = True
446.0918 	DATA 	Keypress: left
446.1090 	EXP 	New trial (rep=0, index=17): OrderedDict([('word', u'blue'), ('color', u'green'), ('congruent', 0), ('corrAns', u'down')])
446.1583 	EXP 	stimuli: autoDraw = False
446.1583 	EXP 	hint: autoDraw = False
446.1583 	EXP 	stimuli: color = u'green (named)'
446.1583 	EXP 	stimuli: text = u'blue'
446.1583 	EXP 	hint: autoDraw = True
446.6380 	EXP 	stimuli: autoDraw = True
447.3889 	DATA 	Keypress: down
447.3919 	EXP 	New trial (rep=0, index=18): OrderedDict([('word', u'red'), ('color', u'red'), ('congruent', 1), ('corrAns', u'left')])
447.4313 	EXP 	stimuli: autoDraw = False
447.4313 	EXP 	hint: autoDraw = False
447.4313 	EXP 	stimuli: color = u'red (named)'
447.4313 	EXP 	stimuli: text = u'red'
447.4313 	EXP 	hint: autoDraw = True
447.9218 	EXP 	stimuli: autoDraw = True
448.2915 	DATA 	Keypress: down
448.3086 	EXP 	New trial (rep=0, index=19): OrderedDict([('word', u'green'), ('color', u'green'), ('congruent', 1), ('corrAns', u'down')])
448.3597 	EXP 	stimuli: autoDraw = False
448.3597 	EXP 	hint: autoDraw = False
448.3597 	EXP 	stimuli: color = u'green (named)'
448.3597 	EXP 	stimuli: text = u'green'
448.3597 	EXP 	hint: autoDraw = True
448.8387 	EXP 	stimuli: autoDraw = True
449.2062 	DATA 	Keypress: down
449.2092 	EXP 	New trial (rep=0, index=20): OrderedDict([('word', u'red'), ('color', u'red'), ('congruent', 1), ('corrAns', u'left')])
449.2490 	EXP 	stimuli: autoDraw = False
449.2490 	EXP 	hint: autoDraw = False
449.2490 	EXP 	stimuli: color = u'red (named)'
449.2490 	EXP 	stimuli: text = u'red'
449.2490 	EXP 	hint: autoDraw = True
449.7403 	EXP 	stimuli: autoDraw = True
450.1400 	DATA 	Keypress: left
450.1446 	EXP 	New trial (rep=0, index=21): OrderedDict([('word', u'red'), ('color', u'green'), ('congruent', 0), ('corrAns', u'down')])
450.1575 	EXP 	stimuli: autoDraw = False
450.1575 	EXP 	hint: autoDraw = False
450.1575 	EXP 	stimuli: color = u'green (named)'
450.1575 	EXP 	stimuli: text = u'red'
450.1575 	EXP 	hint: autoDraw = True
450.6728 	EXP 	stimuli: autoDraw = True
451.4068 	DATA 	Keypress: down
451.4109 	EXP 	New trial (rep=0, index=22): OrderedDict([('word', u'green'), ('color', u'green'), ('congruent', 1), ('corrAns', u'down')])
451.4716 	EXP 	stimuli: autoDraw = False
451.4716 	EXP 	hint: autoDraw = False
451.4716 	EXP 	stimuli: color = u'green (named)'
451.4716 	EXP 	stimuli: text = u'green'
451.4716 	EXP 	hint: autoDraw = True
451.9396 	EXP 	stimuli: autoDraw = True
452.6406 	DATA 	Keypress: down
452.6436 	EXP 	New trial (rep=0, index=23): OrderedDict([('word', u'green'), ('color', u'green'), ('congruent', 1), ('corrAns', u'down')])
452.6562 	EXP 	stimuli: autoDraw = False
452.6562 	EXP 	hint: autoDraw = False
452.6562 	EXP 	stimuli: color = u'green (named)'
452.6562 	EXP 	stimuli: text = u'green'
452.6562 	EXP 	hint: autoDraw = True
453.1735 	EXP 	stimuli: autoDraw = True
453.6239 	DATA 	Keypress: down
453.6269 	EXP 	New trial (rep=0, index=24): OrderedDict([('word', u'blue'), ('color', u'blue'), ('congruent', 1), ('corrAns', u'right')])
453.6695 	EXP 	stimuli: autoDraw = False
453.6695 	EXP 	hint: autoDraw = False
453.6695 	EXP 	stimuli: color = u'blue (named)'
453.6695 	EXP 	stimuli: text = u'blue'
453.6695 	EXP 	hint: autoDraw = True
454.1569 	EXP 	stimuli: autoDraw = True
454.7579 	DATA 	Keypress: right
454.7609 	EXP 	New trial (rep=0, index=25): OrderedDict([('word', u'green'), ('color', u'green'), ('congruent', 1), ('corrAns', u'down')])
454.8125 	EXP 	stimuli: autoDraw = False
454.8125 	EXP 	hint: autoDraw = False
454.8125 	EXP 	stimuli: color = u'green (named)'
454.8125 	EXP 	stimuli: text = u'green'
454.8125 	EXP 	hint: autoDraw = True
455.2915 	EXP 	stimuli: autoDraw = True
455.7415 	DATA 	Keypress: down
455.7449 	EXP 	New trial (rep=0, index=26): OrderedDict([('word', u'green'), ('color', u'green'), ('congruent', 1), ('corrAns', u'down')])
455.7575 	EXP 	stimuli: autoDraw = False
455.7575 	EXP 	hint: autoDraw = False
455.7575 	EXP 	stimuli: color = u'green (named)'
455.7575 	EXP 	stimuli: text = u'green'
455.7575 	EXP 	hint: autoDraw = True
456.2745 	EXP 	stimuli: autoDraw = True
456.5916 	DATA 	Keypress: down
456.5951 	EXP 	New trial (rep=0, index=27): OrderedDict([('word', u'green'), ('color', u'blue'), ('congruent', 0), ('corrAns', u'right')])
456.6077 	EXP 	stimuli: autoDraw = False
456.6077 	EXP 	hint: autoDraw = False
456.6077 	EXP 	stimuli: color = u'blue (named)'
456.6077 	EXP 	stimuli: text = u'green'
456.6077 	EXP 	hint: autoDraw = True
457.1244 	EXP 	stimuli: autoDraw = True
457.9258 	DATA 	Keypress: right
457.9306 	EXP 	New trial (rep=0, index=28): OrderedDict([('word', u'green'), ('color', u'green'), ('congruent', 1), ('corrAns', u'down')])
457.9438 	EXP 	stimuli: autoDraw = False
457.9438 	EXP 	hint: autoDraw = False
457.9438 	EXP 	stimuli: color = u'green (named)'
457.9438 	EXP 	stimuli: text = u'green'
457.9438 	EXP 	hint: autoDraw = True
458.4586 	EXP 	stimuli: autoDraw = True
458.8357 	DATA 	Keypress: down
458.8500 	EXP 	New trial (rep=0, index=29): OrderedDict([('word', u'blue'), ('color', u'blue'), ('congruent', 1), ('corrAns', u'right')])
458.9109 	EXP 	stimuli: autoDraw = False
458.9109 	EXP 	hint: autoDraw = False
458.9109 	EXP 	stimuli: color = u'blue (named)'
458.9109 	EXP 	stimuli: text = u'blue'
458.9109 	EXP 	hint: autoDraw = True
459.3804 	EXP 	stimuli: autoDraw = True
459.7096 	DATA 	Keypress: down
459.7137 	EXP 	New trial (rep=0, index=30): OrderedDict([('word', u'blue'), ('color', u'blue'), ('congruent', 1), ('corrAns', u'right')])
459.7267 	EXP 	stimuli: autoDraw = False
459.7267 	EXP 	hint: autoDraw = False
459.7267 	EXP 	stimuli: color = u'blue (named)'
459.7267 	EXP 	stimuli: text = u'blue'
459.7267 	EXP 	hint: autoDraw = True
460.2425 	EXP 	stimuli: autoDraw = True
460.9334 	DATA 	Keypress: right
460.9525 	EXP 	New trial (rep=0, index=31): OrderedDict([('word', u'green'), ('color', u'red'), ('congruent', 0), ('corrAns', u'left')])
461.0213 	EXP 	stimuli: autoDraw = False
461.0213 	EXP 	hint: autoDraw = False
461.0213 	EXP 	stimuli: color = u'red (named)'
461.0213 	EXP 	stimuli: text = u'green'
461.0213 	EXP 	hint: autoDraw = True
461.4852 	EXP 	stimuli: autoDraw = True
462.3270 	DATA 	Keypress: left
462.3311 	EXP 	New trial (rep=0, index=32): OrderedDict([('word', u'blue'), ('color', u'red'), ('congruent', 0), ('corrAns', u'left')])
462.4141 	EXP 	stimuli: autoDraw = False
462.4141 	EXP 	hint: autoDraw = False
462.4141 	EXP 	stimuli: color = u'red (named)'
462.4141 	EXP 	stimuli: text = u'blue'
462.4141 	EXP 	hint: autoDraw = True
462.8598 	EXP 	stimuli: autoDraw = True
463.3770 	DATA 	Keypress: left
463.3800 	EXP 	New trial (rep=0, index=33): OrderedDict([('word', u'green'), ('color', u'blue'), ('congruent', 0), ('corrAns', u'right')])
463.4315 	EXP 	stimuli: autoDraw = False
463.4315 	EXP 	hint: autoDraw = False
463.4315 	EXP 	stimuli: color = u'blue (named)'
463.4315 	EXP 	stimuli: text = u'green'
463.4315 	EXP 	hint: autoDraw = True
463.9100 	EXP 	stimuli: autoDraw = True
464.7776 	DATA 	Keypress: right
464.7806 	EXP 	New trial (rep=0, index=34): OrderedDict([('word', u'red'), ('color', u'red'), ('congruent', 1), ('corrAns', u'left')])
464.8199 	EXP 	stimuli: autoDraw = False
464.8199 	EXP 	hint: autoDraw = False
464.8199 	EXP 	stimuli: color = u'red (named)'
464.8199 	EXP 	stimuli: text = u'red'
464.8199 	EXP 	hint: autoDraw = True
465.3101 	EXP 	stimuli: autoDraw = True
466.3113 	DATA 	Keypress: left
466.3157 	EXP 	New trial (rep=0, index=35): OrderedDict([('word', u'red'), ('color', u'red'), ('congruent', 1), ('corrAns', u'left')])
466.3288 	EXP 	stimuli: autoDraw = False
466.3288 	EXP 	hint: autoDraw = False
466.3288 	EXP 	stimuli: color = u'red (named)'
466.3288 	EXP 	stimuli: text = u'red'
466.3288 	EXP 	hint: autoDraw = True
466.8443 	EXP 	stimuli: autoDraw = True
467.3432 	DATA 	Keypress: left
467.3659 	EXP 	New trial (rep=0, index=36): OrderedDict([('word', u'green'), ('color', u'green'), ('congruent', 1), ('corrAns', u'down')])
467.4391 	EXP 	stimuli: autoDraw = False
467.4391 	EXP 	hint: autoDraw = False
467.4391 	EXP 	stimuli: color = u'green (named)'
467.4391 	EXP 	stimuli: text = u'green'
467.4391 	EXP 	hint: autoDraw = True
467.9034 	EXP 	stimuli: autoDraw = True
468.7300 	DATA 	Keypress: down
468.7534 	EXP 	New trial (rep=0, index=37): OrderedDict([('word', u'blue'), ('color', u'blue'), ('congruent', 1), ('corrAns', u'right')])
468.8375 	EXP 	stimuli: autoDraw = False
468.8375 	EXP 	hint: autoDraw = False
468.8375 	EXP 	stimuli: color = u'blue (named)'
468.8375 	EXP 	stimuli: text = u'blue'
468.8375 	EXP 	hint: autoDraw = True
469.2835 	EXP 	stimuli: autoDraw = True
469.8628 	DATA 	Keypress: right
469.8672 	EXP 	New trial (rep=0, index=38): OrderedDict([('word', u'red'), ('color', u'red'), ('congruent', 1), ('corrAns', u'left')])
469.9158 	EXP 	stimuli: autoDraw = False
469.9158 	EXP 	hint: autoDraw = False
469.9158 	EXP 	stimuli: color = u'red (named)'
469.9158 	EXP 	stimuli: text = u'red'
469.9158 	EXP 	hint: autoDraw = True
470.3954 	EXP 	stimuli: autoDraw = True
471.3297 	DATA 	Keypress: left
471.3328 	EXP 	New trial (rep=0, index=39): OrderedDict([('word', u'green'), ('color', u'green'), ('congruent', 1), ('corrAns', u'down')])
471.3846 	EXP 	stimuli: autoDraw = False
471.3846 	EXP 	hint: autoDraw = False
471.3846 	EXP 	stimuli: color = u'green (named)'
471.3846 	EXP 	stimuli: text = u'green'
471.3846 	EXP 	hint: autoDraw = True
471.8626 	EXP 	stimuli: autoDraw = True
472.2463 	DATA 	Keypress: down
472.2493 	EXP 	New trial (rep=0, index=40): OrderedDict([('word', u'blue'), ('color', u'blue'), ('congruent', 1), ('corrAns', u'right')])
472.3316 	EXP 	stimuli: autoDraw = False
472.3316 	EXP 	hint: autoDraw = False
472.3316 	EXP 	stimuli: color = u'blue (named)'
472.3316 	EXP 	stimuli: text = u'blue'
472.3316 	EXP 	hint: autoDraw = True
472.7792 	EXP 	stimuli: autoDraw = True
473.1969 	DATA 	Keypress: right
473.1999 	EXP 	New trial (rep=0, index=41): OrderedDict([('word', u'red'), ('color', u'red'), ('congruent', 1), ('corrAns', u'left')])
473.2391 	EXP 	stimuli: autoDraw = False
473.2391 	EXP 	hint: autoDraw = False
473.2391 	EXP 	stimuli: color = u'red (named)'
473.2391 	EXP 	stimuli: text = u'red'
473.2391 	EXP 	hint: autoDraw = True
473.7295 	EXP 	stimuli: autoDraw = True
474.2140 	DATA 	Keypress: left
474.2181 	EXP 	New trial (rep=0, index=42): OrderedDict([('word', u'red'), ('color', u'red'), ('congruent', 1), ('corrAns', u'left')])
474.2309 	EXP 	stimuli: autoDraw = False
474.2309 	EXP 	hint: autoDraw = False
474.2309 	EXP 	stimuli: color = u'red (named)'
474.2309 	EXP 	stimuli: text = u'red'
474.2309 	EXP 	hint: autoDraw = True
474.7523 	EXP 	stimuli: autoDraw = True
475.2977 	DATA 	Keypress: left
475.3015 	EXP 	New trial (rep=0, index=43): OrderedDict([('word', u'blue'), ('color', u'blue'), ('congruent', 1), ('corrAns', u'right')])
475.3479 	EXP 	stimuli: autoDraw = False
475.3479 	EXP 	hint: autoDraw = False
475.3479 	EXP 	stimuli: color = u'blue (named)'
475.3479 	EXP 	stimuli: text = u'blue'
475.3479 	EXP 	hint: autoDraw = True
475.8304 	EXP 	stimuli: autoDraw = True
476.5816 	DATA 	Keypress: right
476.5858 	EXP 	New trial (rep=0, index=44): OrderedDict([('word', u'red'), ('color', u'red'), ('congruent', 1), ('corrAns', u'left')])
476.6329 	EXP 	stimuli: autoDraw = False
476.6329 	EXP 	hint: autoDraw = False
476.6329 	EXP 	stimuli: color = u'red (named)'
476.6329 	EXP 	stimuli: text = u'red'
476.6329 	EXP 	hint: autoDraw = True
477.1142 	EXP 	stimuli: autoDraw = True
477.5815 	DATA 	Keypress: left
477.5851 	EXP 	New trial (rep=1, index=0): OrderedDict([('word', u'red'), ('color', u'red'), ('congruent', 1), ('corrAns', u'left')])
477.5975 	EXP 	stimuli: autoDraw = False
477.5975 	EXP 	hint: autoDraw = False
477.5975 	EXP 	stimuli: color = u'red (named)'
477.5975 	EXP 	stimuli: text = u'red'
477.5975 	EXP 	hint: autoDraw = True
478.1145 	EXP 	stimuli: autoDraw = True
478.5253 	DATA 	Keypress: left
478.5396 	EXP 	New trial (rep=1, index=1): OrderedDict([('word', u'green'), ('color', u'green'), ('congruent', 1), ('corrAns', u'down')])
478.6283 	EXP 	stimuli: autoDraw = False
478.6283 	EXP 	hint: autoDraw = False
478.6283 	EXP 	stimuli: color = u'green (named)'
478.6283 	EXP 	stimuli: text = u'green'
478.6283 	EXP 	hint: autoDraw = True
479.0651 	EXP 	stimuli: autoDraw = True
479.5992 	DATA 	Keypress: down
479.6044 	EXP 	New trial (rep=1, index=2): OrderedDict([('word', u'blue'), ('color', u'red'), ('congruent', 0), ('corrAns', u'left')])
479.6508 	EXP 	stimuli: autoDraw = False
479.6508 	EXP 	hint: autoDraw = False
479.6508 	EXP 	stimuli: color = u'red (named)'
479.6508 	EXP 	stimuli: text = u'blue'
479.6508 	EXP 	hint: autoDraw = True
480.1319 	EXP 	stimuli: autoDraw = True
481.3665 	DATA 	Keypress: left
481.3696 	EXP 	New trial (rep=1, index=3): OrderedDict([('word', u'blue'), ('color', u'red'), ('congruent', 0), ('corrAns', u'left')])
481.3821 	EXP 	stimuli: autoDraw = False
481.3821 	EXP 	hint: autoDraw = False
481.3821 	EXP 	stimuli: color = u'red (named)'
481.3821 	EXP 	stimuli: text = u'blue'
481.3821 	EXP 	hint: autoDraw = True
481.8993 	EXP 	stimuli: autoDraw = True
482.3668 	DATA 	Keypress: left
482.3713 	EXP 	New trial (rep=1, index=4): OrderedDict([('word', u'green'), ('color', u'green'), ('congruent', 1), ('corrAns', u'down')])
482.4309 	EXP 	stimuli: autoDraw = False
482.4309 	EXP 	hint: autoDraw = False
482.4309 	EXP 	stimuli: color = u'green (named)'
482.4309 	EXP 	stimuli: text = u'green'
482.4309 	EXP 	hint: autoDraw = True
482.9086 	EXP 	stimuli: autoDraw = True
483.4532 	DATA 	Keypress: down
483.4701 	EXP 	New trial (rep=1, index=5): OrderedDict([('word', u'green'), ('color', u'green'), ('congruent', 1), ('corrAns', u'down')])
483.4829 	EXP 	stimuli: autoDraw = False
483.4829 	EXP 	hint: autoDraw = False
483.4829 	EXP 	stimuli: color = u'green (named)'
483.4829 	EXP 	stimuli: text = u'green'
483.4829 	EXP 	hint: autoDraw = True
483.9995 	EXP 	stimuli: autoDraw = True
484.4358 	DATA 	Keypress: down
484.4647 	EXP 	New trial (rep=1, index=6): OrderedDict([('word', u'red'), ('color', u'red'), ('congruent', 1), ('corrAns', u'left')])
484.5295 	EXP 	stimuli: autoDraw = False
484.5295 	EXP 	hint: autoDraw = False
484.5295 	EXP 	stimuli: color = u'red (named)'
484.5295 	EXP 	stimuli: text = u'red'
484.5295 	EXP 	hint: autoDraw = True
484.9922 	EXP 	stimuli: autoDraw = True
485.7843 	DATA 	Keypress: left
485.7888 	EXP 	New trial (rep=1, index=7): OrderedDict([('word', u'red'), ('color', u'red'), ('congruent', 1), ('corrAns', u'left')])
485.8019 	EXP 	stimuli: autoDraw = False
485.8019 	EXP 	hint: autoDraw = False
485.8019 	EXP 	stimuli: color = u'red (named)'
485.8019 	EXP 	stimuli: text = u'red'
485.8019 	EXP 	hint: autoDraw = True
486.3172 	EXP 	stimuli: autoDraw = True
486.7014 	DATA 	Keypress: left
486.7058 	EXP 	New trial (rep=1, index=8): OrderedDict([('word', u'green'), ('color', u'blue'), ('congruent', 0), ('corrAns', u'right')])
486.7627 	EXP 	stimuli: autoDraw = False
486.7627 	EXP 	hint: autoDraw = False
486.7627 	EXP 	stimuli: color = u'blue (named)'
486.7627 	EXP 	stimuli: text = u'green'
486.7627 	EXP 	hint: autoDraw = True
487.2340 	EXP 	stimuli: autoDraw = True
488.0682 	DATA 	Keypress: right
488.0712 	EXP 	New trial (rep=1, index=9): OrderedDict([('word', u'green'), ('color', u'blue'), ('congruent', 0), ('corrAns', u'right')])
488.0841 	EXP 	stimuli: autoDraw = False
488.0841 	EXP 	hint: autoDraw = False
488.0841 	EXP 	stimuli: color = u'blue (named)'
488.0841 	EXP 	stimuli: text = u'green'
488.0841 	EXP 	hint: autoDraw = True
488.6011 	EXP 	stimuli: autoDraw = True
489.0517 	DATA 	Keypress: left
489.0547 	EXP 	New trial (rep=1, index=10): OrderedDict([('word', u'red'), ('color', u'red'), ('congruent', 1), ('corrAns', u'left')])
489.0943 	EXP 	stimuli: autoDraw = False
489.0943 	EXP 	hint: autoDraw = False
489.0943 	EXP 	stimuli: color = u'red (named)'
489.0943 	EXP 	stimuli: text = u'red'
489.0943 	EXP 	hint: autoDraw = True
489.5898 	EXP 	stimuli: autoDraw = True
490.0524 	DATA 	Keypress: left
490.0572 	EXP 	New trial (rep=1, index=11): OrderedDict([('word', u'red'), ('color', u'red'), ('congruent', 1), ('corrAns', u'left')])
490.0704 	EXP 	stimuli: autoDraw = False
490.0704 	EXP 	hint: autoDraw = False
490.0704 	EXP 	stimuli: color = u'red (named)'
490.0704 	EXP 	stimuli: text = u'red'
490.0704 	EXP 	hint: autoDraw = True
490.5851 	EXP 	stimuli: autoDraw = True
490.9688 	DATA 	Keypress: left
490.9718 	EXP 	New trial (rep=1, index=12): OrderedDict([('word', u'blue'), ('color', u'blue'), ('congruent', 1), ('corrAns', u'right')])
491.0143 	EXP 	stimuli: autoDraw = False
491.0143 	EXP 	hint: autoDraw = False
491.0143 	EXP 	stimuli: color = u'blue (named)'
491.0143 	EXP 	stimuli: text = u'blue'
491.0143 	EXP 	hint: autoDraw = True
491.5023 	EXP 	stimuli: autoDraw = True
492.0364 	DATA 	Keypress: right
492.0416 	EXP 	New trial (rep=1, index=13): OrderedDict([('word', u'red'), ('color', u'red'), ('congruent', 1), ('corrAns', u'left')])
492.0916 	EXP 	stimuli: autoDraw = False
492.0916 	EXP 	hint: autoDraw = False
492.0916 	EXP 	stimuli: color = u'red (named)'
492.0916 	EXP 	stimuli: text = u'red'
492.0916 	EXP 	hint: autoDraw = True
492.5732 	EXP 	stimuli: autoDraw = True
492.9501 	DATA 	Keypress: right
492.9583 	EXP 	New trial (rep=1, index=14): OrderedDict([('word', u'red'), ('color', u'red'), ('congruent', 1), ('corrAns', u'left')])
492.9733 	EXP 	stimuli: autoDraw = False
492.9733 	EXP 	hint: autoDraw = False
492.9733 	EXP 	stimuli: color = u'red (named)'
492.9733 	EXP 	stimuli: text = u'red'
492.9733 	EXP 	hint: autoDraw = True
493.4859 	EXP 	stimuli: autoDraw = True
493.9366 	DATA 	Keypress: right
493.9418 	EXP 	New trial (rep=1, index=15): OrderedDict([('word', u'blue'), ('color', u'blue'), ('congruent', 1), ('corrAns', u'right')])
493.9903 	EXP 	stimuli: autoDraw = False
493.9903 	EXP 	hint: autoDraw = False
493.9903 	EXP 	stimuli: color = u'blue (named)'
493.9903 	EXP 	stimuli: text = u'blue'
493.9903 	EXP 	hint: autoDraw = True
494.4712 	EXP 	stimuli: autoDraw = True
494.9402 	DATA 	Keypress: right
494.9576 	EXP 	New trial (rep=1, index=16): OrderedDict([('word', u'blue'), ('color', u'blue'), ('congruent', 1), ('corrAns', u'right')])
494.9706 	EXP 	stimuli: autoDraw = False
494.9706 	EXP 	hint: autoDraw = False
494.9706 	EXP 	stimuli: color = u'blue (named)'
494.9706 	EXP 	stimuli: text = u'blue'
494.9706 	EXP 	hint: autoDraw = True
495.4865 	EXP 	stimuli: autoDraw = True
496.0042 	DATA 	Keypress: right
496.0086 	EXP 	New trial (rep=1, index=17): OrderedDict([('word', u'blue'), ('color', u'blue'), ('congruent', 1), ('corrAns', u'right')])
496.0215 	EXP 	stimuli: autoDraw = False
496.0215 	EXP 	hint: autoDraw = False
496.0215 	EXP 	stimuli: color = u'blue (named)'
496.0215 	EXP 	stimuli: text = u'blue'
496.0215 	EXP 	hint: autoDraw = True
496.5370 	EXP 	stimuli: autoDraw = True
496.8877 	DATA 	Keypress: right
496.8921 	EXP 	New trial (rep=1, index=18): OrderedDict([('word', u'blue'), ('color', u'blue'), ('congruent', 1), ('corrAns', u'right')])
496.9054 	EXP 	stimuli: autoDraw = False
496.9054 	EXP 	hint: autoDraw = False
496.9054 	EXP 	stimuli: color = u'blue (named)'
496.9054 	EXP 	stimuli: text = u'blue'
496.9054 	EXP 	hint: autoDraw = True
497.4263 	EXP 	stimuli: autoDraw = True
497.8547 	DATA 	Keypress: right
497.8591 	EXP 	New trial (rep=1, index=19): OrderedDict([('word', u'green'), ('color', u'red'), ('congruent', 0), ('corrAns', u'left')])
497.9113 	EXP 	stimuli: autoDraw = False
497.9113 	EXP 	hint: autoDraw = False
497.9113 	EXP 	stimuli: color = u'red (named)'
497.9113 	EXP 	stimuli: text = u'green'
497.9113 	EXP 	hint: autoDraw = True
498.3873 	EXP 	stimuli: autoDraw = True
498.8215 	DATA 	Keypress: left
498.8244 	EXP 	New trial (rep=1, index=20): OrderedDict([('word', u'green'), ('color', u'green'), ('congruent', 1), ('corrAns', u'down')])
498.8372 	EXP 	stimuli: autoDraw = False
498.8372 	EXP 	hint: autoDraw = False
498.8372 	EXP 	stimuli: color = u'green (named)'
498.8372 	EXP 	stimuli: text = u'green'
498.8372 	EXP 	hint: autoDraw = True
499.3543 	EXP 	stimuli: autoDraw = True
499.9238 	DATA 	Keypress: left
499.9381 	EXP 	New trial (rep=1, index=21): OrderedDict([('word', u'red'), ('color', u'red'), ('congruent', 1), ('corrAns', u'left')])
499.9999 	EXP 	stimuli: autoDraw = False
499.9999 	EXP 	hint: autoDraw = False
499.9999 	EXP 	stimuli: color = u'red (named)'
499.9999 	EXP 	stimuli: text = u'red'
499.9999 	EXP 	hint: autoDraw = True
500.4646 	EXP 	stimuli: autoDraw = True
500.9556 	DATA 	Keypress: left
500.9601 	EXP 	New trial (rep=1, index=22): OrderedDict([('word', u'blue'), ('color', u'blue'), ('congruent', 1), ('corrAns', u'right')])
501.0122 	EXP 	stimuli: autoDraw = False
501.0122 	EXP 	hint: autoDraw = False
501.0122 	EXP 	stimuli: color = u'blue (named)'
501.0122 	EXP 	stimuli: text = u'blue'
501.0122 	EXP 	hint: autoDraw = True
501.4975 	EXP 	stimuli: autoDraw = True
501.9735 	DATA 	Keypress: down
501.9817 	EXP 	New trial (rep=1, index=23): OrderedDict([('word', u'blue'), ('color', u'blue'), ('congruent', 1), ('corrAns', u'right')])
501.9931 	EXP 	stimuli: autoDraw = False
501.9931 	EXP 	hint: autoDraw = False
501.9931 	EXP 	stimuli: color = u'blue (named)'
501.9931 	EXP 	stimuli: text = u'blue'
501.9931 	EXP 	hint: autoDraw = True
502.5054 	EXP 	stimuli: autoDraw = True
503.4730 	DATA 	Keypress: right
503.4771 	EXP 	New trial (rep=1, index=24): OrderedDict([('word', u'red'), ('color', u'blue'), ('congruent', 0), ('corrAns', u'right')])
503.5233 	EXP 	stimuli: autoDraw = False
503.5233 	EXP 	hint: autoDraw = False
503.5233 	EXP 	stimuli: color = u'blue (named)'
503.5233 	EXP 	stimuli: text = u'red'
503.5233 	EXP 	hint: autoDraw = True
504.0063 	EXP 	stimuli: autoDraw = True
504.3064 	DATA 	Keypress: right
504.3096 	EXP 	New trial (rep=1, index=25): OrderedDict([('word', u'blue'), ('color', u'blue'), ('congruent', 1), ('corrAns', u'right')])
504.3553 	EXP 	stimuli: autoDraw = False
504.3553 	EXP 	hint: autoDraw = False
504.3553 	EXP 	stimuli: color = u'blue (named)'
504.3553 	EXP 	stimuli: text = u'blue'
504.3553 	EXP 	hint: autoDraw = True
504.8390 	EXP 	stimuli: autoDraw = True
505.1238 	DATA 	Keypress: right
505.1289 	EXP 	New trial (rep=1, index=26): OrderedDict([('word', u'blue'), ('color', u'blue'), ('congruent', 1), ('corrAns', u'right')])
505.1413 	EXP 	stimuli: autoDraw = False
505.1413 	EXP 	hint: autoDraw = False
505.1413 	EXP 	stimuli: color = u'blue (named)'
505.1413 	EXP 	stimuli: text = u'blue'
505.1413 	EXP 	hint: autoDraw = True
505.6562 	EXP 	stimuli: autoDraw = True
505.9570 	DATA 	Keypress: right
505.9604 	EXP 	New trial (rep=1, index=27): OrderedDict([('word', u'blue'), ('color', u'blue'), ('congruent', 1), ('corrAns', u'right')])
505.9731 	EXP 	stimuli: autoDraw = False
505.9731 	EXP 	hint: autoDraw = False
505.9731 	EXP 	stimuli: color = u'blue (named)'
505.9731 	EXP 	stimuli: text = u'blue'
505.9731 	EXP 	hint: autoDraw = True
506.4898 	EXP 	stimuli: autoDraw = True
506.8598 	DATA 	Keypress: right
506.8769 	EXP 	New trial (rep=1, index=28): OrderedDict([('word', u'green'), ('color', u'green'), ('congruent', 1), ('corrAns', u'down')])
506.9298 	EXP 	stimuli: autoDraw = False
506.9298 	EXP 	hint: autoDraw = False
506.9298 	EXP 	stimuli: color = u'green (named)'
506.9298 	EXP 	stimuli: text = u'green'
506.9298 	EXP 	hint: autoDraw = True
507.4069 	EXP 	stimuli: autoDraw = True
507.7075 	DATA 	Keypress: right
507.7105 	EXP 	New trial (rep=1, index=29): OrderedDict([('word', u'green'), ('color', u'green'), ('congruent', 1), ('corrAns', u'down')])
507.7236 	EXP 	stimuli: autoDraw = False
507.7236 	EXP 	hint: autoDraw = False
507.7236 	EXP 	stimuli: color = u'green (named)'
507.7236 	EXP 	stimuli: text = u'green'
507.7236 	EXP 	hint: autoDraw = True
508.2407 	EXP 	stimuli: autoDraw = True
508.8252 	DATA 	Keypress: left
508.8476 	EXP 	New trial (rep=1, index=30): OrderedDict([('word', u'red'), ('color', u'red'), ('congruent', 1), ('corrAns', u'left')])
508.9046 	EXP 	stimuli: autoDraw = False
508.9046 	EXP 	hint: autoDraw = False
508.9046 	EXP 	stimuli: color = u'red (named)'
508.9046 	EXP 	stimuli: text = u'red'
508.9046 	EXP 	hint: autoDraw = True
509.3742 	EXP 	stimuli: autoDraw = True
509.6084 	DATA 	Keypress: left
509.6128 	EXP 	New trial (rep=1, index=31): OrderedDict([('word', u'green'), ('color', u'green'), ('congruent', 1), ('corrAns', u'down')])
509.6699 	EXP 	stimuli: autoDraw = False
509.6699 	EXP 	hint: autoDraw = False
509.6699 	EXP 	stimuli: color = u'green (named)'
509.6699 	EXP 	stimuli: text = u'green'
509.6699 	EXP 	hint: autoDraw = True
510.1409 	EXP 	stimuli: autoDraw = True
510.7252 	DATA 	Keypress: down
510.7283 	EXP 	New trial (rep=1, index=32): OrderedDict([('word', u'green'), ('color', u'green'), ('congruent', 1), ('corrAns', u'down')])
510.7413 	EXP 	stimuli: autoDraw = False
510.7413 	EXP 	hint: autoDraw = False
510.7413 	EXP 	stimuli: color = u'green (named)'
510.7413 	EXP 	stimuli: text = u'green'
510.7413 	EXP 	hint: autoDraw = True
511.2579 	EXP 	stimuli: autoDraw = True
511.6448 	DATA 	Keypress: down
511.6612 	EXP 	New trial (rep=1, index=33): OrderedDict([('word', u'green'), ('color', u'green'), ('congruent', 1), ('corrAns', u'down')])
511.6749 	EXP 	stimuli: autoDraw = False
511.6749 	EXP 	hint: autoDraw = False
511.6749 	EXP 	stimuli: color = u'green (named)'
511.6749 	EXP 	stimuli: text = u'green'
511.6749 	EXP 	hint: autoDraw = True
512.1918 	EXP 	stimuli: autoDraw = True
512.5722 	DATA 	Keypress: down
512.6027 	EXP 	New trial (rep=1, index=34): OrderedDict([('word', u'green'), ('color', u'green'), ('congruent', 1), ('corrAns', u'down')])
512.6141 	EXP 	stimuli: autoDraw = False
512.6141 	EXP 	hint: autoDraw = False
512.6141 	EXP 	stimuli: color = u'green (named)'
512.6141 	EXP 	stimuli: text = u'green'
512.6141 	EXP 	hint: autoDraw = True
513.1253 	EXP 	stimuli: autoDraw = True
513.4544 	DATA 	Keypress: down
513.4750 	EXP 	New trial (rep=1, index=35): OrderedDict([('word', u'red'), ('color', u'red'), ('congruent', 1), ('corrAns', u'left')])
513.5301 	EXP 	stimuli: autoDraw = False
513.5301 	EXP 	hint: autoDraw = False
513.5301 	EXP 	stimuli: color = u'red (named)'
513.5301 	EXP 	stimuli: text = u'red'
513.5301 	EXP 	hint: autoDraw = True
513.9971 	EXP 	stimuli: autoDraw = True
514.4929 	DATA 	Keypress: left
514.4968 	EXP 	New trial (rep=1, index=36): OrderedDict([('word', u'red'), ('color', u'green'), ('congruent', 0), ('corrAns', u'down')])
514.5092 	EXP 	stimuli: autoDraw = False
514.5092 	EXP 	hint: autoDraw = False
514.5092 	EXP 	stimuli: color = u'green (named)'
514.5092 	EXP 	stimuli: text = u'red'
514.5092 	EXP 	hint: autoDraw = True
515.0256 	EXP 	stimuli: autoDraw = True
515.7102 	DATA 	Keypress: down
515.7144 	EXP 	New trial (rep=1, index=37): OrderedDict([('word', u'green'), ('color', u'green'), ('congruent', 1), ('corrAns', u'down')])
515.7671 	EXP 	stimuli: autoDraw = False
515.7671 	EXP 	hint: autoDraw = False
515.7671 	EXP 	stimuli: color = u'green (named)'
515.7671 	EXP 	stimuli: text = u'green'
515.7671 	EXP 	hint: autoDraw = True
516.2426 	EXP 	stimuli: autoDraw = True
516.9175 	DATA 	Keypress: down
516.9279 	EXP 	New trial (rep=1, index=38): OrderedDict([('word', u'blue'), ('color', u'blue'), ('congruent', 1), ('corrAns', u'right')])
516.9771 	EXP 	stimuli: autoDraw = False
516.9771 	EXP 	hint: autoDraw = False
516.9771 	EXP 	stimuli: color = u'blue (named)'
516.9771 	EXP 	stimuli: text = u'blue'
516.9771 	EXP 	hint: autoDraw = True
517.4601 	EXP 	stimuli: autoDraw = True
518.0279 	DATA 	Keypress: right
518.0348 	EXP 	New trial (rep=1, index=39): OrderedDict([('word', u'red'), ('color', u'red'), ('congruent', 1), ('corrAns', u'left')])
518.0787 	EXP 	stimuli: autoDraw = False
518.0787 	EXP 	hint: autoDraw = False
518.0787 	EXP 	stimuli: color = u'red (named)'
518.0787 	EXP 	stimuli: text = u'red'
518.0787 	EXP 	hint: autoDraw = True
518.5692 	EXP 	stimuli: autoDraw = True
519.3947 	DATA 	Keypress: left
519.4018 	EXP 	New trial (rep=1, index=40): OrderedDict([('word', u'green'), ('color', u'green'), ('congruent', 1), ('corrAns', u'down')])
519.4641 	EXP 	stimuli: autoDraw = False
519.4641 	EXP 	hint: autoDraw = False
519.4641 	EXP 	stimuli: color = u'green (named)'
519.4641 	EXP 	stimuli: text = u'green'
519.4641 	EXP 	hint: autoDraw = True
519.9365 	EXP 	stimuli: autoDraw = True
520.6450 	DATA 	Keypress: down
520.6494 	EXP 	New trial (rep=1, index=41): OrderedDict([('word', u'red'), ('color', u'red'), ('congruent', 1), ('corrAns', u'left')])
520.6963 	EXP 	stimuli: autoDraw = False
520.6963 	EXP 	hint: autoDraw = False
520.6963 	EXP 	stimuli: color = u'red (named)'
520.6963 	EXP 	stimuli: text = u'red'
520.6963 	EXP 	hint: autoDraw = True
521.1780 	EXP 	stimuli: autoDraw = True
521.7951 	DATA 	Keypress: left
521.7981 	EXP 	New trial (rep=1, index=42): OrderedDict([('word', u'blue'), ('color', u'green'), ('congruent', 0), ('corrAns', u'down')])
521.8416 	EXP 	stimuli: autoDraw = False
521.8416 	EXP 	hint: autoDraw = False
521.8416 	EXP 	stimuli: color = u'green (named)'
521.8416 	EXP 	stimuli: text = u'blue'
521.8416 	EXP 	hint: autoDraw = True
522.3280 	EXP 	stimuli: autoDraw = True
522.7644 	DATA 	Keypress: left
522.7812 	EXP 	New trial (rep=1, index=43): OrderedDict([('word', u'blue'), ('color', u'blue'), ('congruent', 1), ('corrAns', u'right')])
522.7949 	EXP 	stimuli: autoDraw = False
522.7949 	EXP 	hint: autoDraw = False
522.7949 	EXP 	stimuli: color = u'blue (named)'
522.7949 	EXP 	stimuli: text = u'blue'
522.7949 	EXP 	hint: autoDraw = True
523.3178 	EXP 	stimuli: autoDraw = True
523.9624 	DATA 	Keypress: right
523.9665 	EXP 	New trial (rep=1, index=44): OrderedDict([('word', u'red'), ('color', u'green'), ('congruent', 0), ('corrAns', u'down')])
524.0165 	EXP 	stimuli: autoDraw = False
524.0165 	EXP 	hint: autoDraw = False
524.0165 	EXP 	stimuli: color = u'green (named)'
524.0165 	EXP 	stimuli: text = u'red'
524.0165 	EXP 	hint: autoDraw = True
524.4952 	EXP 	stimuli: autoDraw = True
525.0461 	DATA 	Keypress: down
525.0497 	EXP 	New trial (rep=2, index=0): OrderedDict([('word', u'blue'), ('color', u'red'), ('congruent', 0), ('corrAns', u'left')])
525.0922 	EXP 	stimuli: autoDraw = False
525.0922 	EXP 	hint: autoDraw = False
525.0922 	EXP 	stimuli: color = u'red (named)'
525.0922 	EXP 	stimuli: text = u'blue'
525.0922 	EXP 	hint: autoDraw = True
525.5790 	EXP 	stimuli: autoDraw = True
525.9464 	DATA 	Keypress: left
525.9494 	EXP 	New trial (rep=2, index=1): OrderedDict([('word', u'red'), ('color', u'red'), ('congruent', 1), ('corrAns', u'left')])
525.9896 	EXP 	stimuli: autoDraw = False
525.9896 	EXP 	hint: autoDraw = False
525.9896 	EXP 	stimuli: color = u'red (named)'
525.9896 	EXP 	stimuli: text = u'red'
525.9896 	EXP 	hint: autoDraw = True
526.4811 	EXP 	stimuli: autoDraw = True
527.0135 	DATA 	Keypress: left
527.0170 	EXP 	New trial (rep=2, index=2): OrderedDict([('word', u'blue'), ('color', u'blue'), ('congruent', 1), ('corrAns', u'right')])
527.0615 	EXP 	stimuli: autoDraw = False
527.0615 	EXP 	hint: autoDraw = False
527.0615 	EXP 	stimuli: color = u'blue (named)'
527.0615 	EXP 	stimuli: text = u'blue'
527.0615 	EXP 	hint: autoDraw = True
527.5467 	EXP 	stimuli: autoDraw = True
528.0805 	DATA 	Keypress: right
528.0836 	EXP 	New trial (rep=2, index=3): OrderedDict([('word', u'blue'), ('color', u'red'), ('congruent', 0), ('corrAns', u'left')])
528.0965 	EXP 	stimuli: autoDraw = False
528.0965 	EXP 	hint: autoDraw = False
528.0965 	EXP 	stimuli: color = u'red (named)'
528.0965 	EXP 	stimuli: text = u'blue'
528.0965 	EXP 	hint: autoDraw = True
528.6134 	EXP 	stimuli: autoDraw = True
529.4141 	DATA 	Keypress: left
529.4171 	EXP 	New trial (rep=2, index=4): OrderedDict([('word', u'green'), ('color', u'green'), ('congruent', 1), ('corrAns', u'down')])
529.4680 	EXP 	stimuli: autoDraw = False
529.4680 	EXP 	hint: autoDraw = False
529.4680 	EXP 	stimuli: color = u'green (named)'
529.4680 	EXP 	stimuli: text = u'green'
529.4680 	EXP 	hint: autoDraw = True
529.9470 	EXP 	stimuli: autoDraw = True
530.3144 	DATA 	Keypress: down
530.3175 	EXP 	New trial (rep=2, index=5): OrderedDict([('word', u'red'), ('color', u'red'), ('congruent', 1), ('corrAns', u'left')])
530.3569 	EXP 	stimuli: autoDraw = False
530.3569 	EXP 	hint: autoDraw = False
530.3569 	EXP 	stimuli: color = u'red (named)'
530.3569 	EXP 	stimuli: text = u'red'
530.3569 	EXP 	hint: autoDraw = True
530.8474 	EXP 	stimuli: autoDraw = True
531.3650 	DATA 	Keypress: left
531.3680 	EXP 	New trial (rep=2, index=6): OrderedDict([('word', u'blue'), ('color', u'blue'), ('congruent', 1), ('corrAns', u'right')])
531.4111 	EXP 	stimuli: autoDraw = False
531.4111 	EXP 	hint: autoDraw = False
531.4111 	EXP 	stimuli: color = u'blue (named)'
531.4111 	EXP 	stimuli: text = u'blue'
531.4111 	EXP 	hint: autoDraw = True
531.8974 	EXP 	stimuli: autoDraw = True
532.6814 	DATA 	Keypress: right
532.6844 	EXP 	New trial (rep=2, index=7): OrderedDict([('word', u'red'), ('color', u'green'), ('congruent', 0), ('corrAns', u'down')])
532.7236 	EXP 	stimuli: autoDraw = False
532.7236 	EXP 	hint: autoDraw = False
532.7236 	EXP 	stimuli: color = u'green (named)'
532.7236 	EXP 	stimuli: text = u'red'
532.7236 	EXP 	hint: autoDraw = True
533.2155 	EXP 	stimuli: autoDraw = True
533.8158 	DATA 	Keypress: left
533.8197 	EXP 	New trial (rep=2, index=8): OrderedDict([('word', u'red'), ('color', u'red'), ('congruent', 1), ('corrAns', u'left')])
533.8326 	EXP 	stimuli: autoDraw = False
533.8326 	EXP 	hint: autoDraw = False
533.8326 	EXP 	stimuli: color = u'red (named)'
533.8326 	EXP 	stimuli: text = u'red'
533.8326 	EXP 	hint: autoDraw = True
534.3484 	EXP 	stimuli: autoDraw = True
534.6731 	DATA 	Keypress: left
534.6873 	EXP 	New trial (rep=2, index=9): OrderedDict([('word', u'red'), ('color', u'red'), ('congruent', 1), ('corrAns', u'left')])
534.7030 	EXP 	stimuli: autoDraw = False
534.7030 	EXP 	hint: autoDraw = False
534.7030 	EXP 	stimuli: color = u'red (named)'
534.7030 	EXP 	stimuli: text = u'red'
534.7030 	EXP 	hint: autoDraw = True
535.2154 	EXP 	stimuli: autoDraw = True
535.6831 	DATA 	Keypress: left
535.6879 	EXP 	New trial (rep=2, index=10): OrderedDict([('word', u'blue'), ('color', u'blue'), ('congruent', 1), ('corrAns', u'right')])
535.7359 	EXP 	stimuli: autoDraw = False
535.7359 	EXP 	hint: autoDraw = False
535.7359 	EXP 	stimuli: color = u'blue (named)'
535.7359 	EXP 	stimuli: text = u'blue'
535.7359 	EXP 	hint: autoDraw = True
536.2156 	EXP 	stimuli: autoDraw = True
536.6997 	DATA 	Keypress: down
536.7027 	EXP 	New trial (rep=2, index=11): OrderedDict([('word', u'blue'), ('color', u'blue'), ('congruent', 1), ('corrAns', u'right')])
536.7156 	EXP 	stimuli: autoDraw = False
536.7156 	EXP 	hint: autoDraw = False
536.7156 	EXP 	stimuli: color = u'blue (named)'
536.7156 	EXP 	stimuli: text = u'blue'
536.7156 	EXP 	hint: autoDraw = True
537.2325 	EXP 	stimuli: autoDraw = True
537.8832 	DATA 	Keypress: right
537.8862 	EXP 	New trial (rep=2, index=12): OrderedDict([('word', u'green'), ('color', u'green'), ('congruent', 1), ('corrAns', u'down')])
537.9372 	EXP 	stimuli: autoDraw = False
537.9372 	EXP 	hint: autoDraw = False
537.9372 	EXP 	stimuli: color = u'green (named)'
537.9372 	EXP 	stimuli: text = u'green'
537.9372 	EXP 	hint: autoDraw = True
538.4163 	EXP 	stimuli: autoDraw = True
538.9341 	DATA 	Keypress: down
538.9385 	EXP 	New trial (rep=2, index=13): OrderedDict([('word', u'green'), ('color', u'green'), ('congruent', 1), ('corrAns', u'down')])
538.9516 	EXP 	stimuli: autoDraw = False
538.9516 	EXP 	hint: autoDraw = False
538.9516 	EXP 	stimuli: color = u'green (named)'
538.9516 	EXP 	stimuli: text = u'green'
538.9516 	EXP 	hint: autoDraw = True
539.4668 	EXP 	stimuli: autoDraw = True
540.1177 	DATA 	Keypress: right
540.1230 	EXP 	New trial (rep=2, index=14): OrderedDict([('word', u'green'), ('color', u'green'), ('congruent', 1), ('corrAns', u'down')])
540.1368 	EXP 	stimuli: autoDraw = False
540.1368 	EXP 	hint: autoDraw = False
540.1368 	EXP 	stimuli: color = u'green (named)'
540.1368 	EXP 	stimuli: text = u'green'
540.1368 	EXP 	hint: autoDraw = True
540.6563 	EXP 	stimuli: autoDraw = True
541.0847 	DATA 	Keypress: right
541.0889 	EXP 	New trial (rep=2, index=15): OrderedDict([('word', u'red'), ('color', u'red'), ('congruent', 1), ('corrAns', u'left')])
541.1355 	EXP 	stimuli: autoDraw = False
541.1355 	EXP 	hint: autoDraw = False
541.1355 	EXP 	stimuli: color = u'red (named)'
541.1355 	EXP 	stimuli: text = u'red'
541.1355 	EXP 	hint: autoDraw = True
541.6264 	EXP 	stimuli: autoDraw = True
542.1510 	DATA 	Keypress: down
542.1541 	EXP 	New trial (rep=2, index=16): OrderedDict([('word', u'red'), ('color', u'red'), ('congruent', 1), ('corrAns', u'left')])
542.1674 	EXP 	stimuli: autoDraw = False
542.1674 	EXP 	hint: autoDraw = False
542.1674 	EXP 	stimuli: color = u'red (named)'
542.1674 	EXP 	stimuli: text = u'red'
542.1674 	EXP 	hint: autoDraw = True
542.6842 	EXP 	stimuli: autoDraw = True
543.3850 	DATA 	Keypress: left
543.3879 	EXP 	New trial (rep=2, index=17): OrderedDict([('word', u'blue'), ('color', u'blue'), ('congruent', 1), ('corrAns', u'right')])
543.4305 	EXP 	stimuli: autoDraw = False
543.4305 	EXP 	hint: autoDraw = False
543.4305 	EXP 	stimuli: color = u'blue (named)'
543.4305 	EXP 	stimuli: text = u'blue'
543.4305 	EXP 	hint: autoDraw = True
543.9179 	EXP 	stimuli: autoDraw = True
544.4428 	DATA 	Keypress: down
544.4570 	EXP 	New trial (rep=2, index=18): OrderedDict([('word', u'green'), ('color', u'green'), ('congruent', 1), ('corrAns', u'down')])
544.5337 	EXP 	stimuli: autoDraw = False
544.5337 	EXP 	hint: autoDraw = False
544.5337 	EXP 	stimuli: color = u'green (named)'
544.5337 	EXP 	stimuli: text = u'green'
544.5337 	EXP 	hint: autoDraw = True
544.9870 	EXP 	stimuli: autoDraw = True
545.9991 	DATA 	Keypress: down
546.0063 	EXP 	New trial (rep=2, index=19): OrderedDict([('word', u'red'), ('color', u'blue'), ('congruent', 0), ('corrAns', u'right')])
546.0612 	EXP 	stimuli: autoDraw = False
546.0612 	EXP 	hint: autoDraw = False
546.0612 	EXP 	stimuli: color = u'blue (named)'
546.0612 	EXP 	stimuli: text = u'red'
546.0612 	EXP 	hint: autoDraw = True
546.5363 	EXP 	stimuli: autoDraw = True
547.3694 	DATA 	Keypress: right
547.3724 	EXP 	New trial (rep=2, index=20): OrderedDict([('word', u'blue'), ('color', u'blue'), ('congruent', 1), ('corrAns', u'right')])
547.4154 	EXP 	stimuli: autoDraw = False
547.4154 	EXP 	hint: autoDraw = False
547.4154 	EXP 	stimuli: color = u'blue (named)'
547.4154 	EXP 	stimuli: text = u'blue'
547.4154 	EXP 	hint: autoDraw = True
547.9044 	EXP 	stimuli: autoDraw = True
548.5568 	DATA 	Keypress: right
548.5740 	EXP 	New trial (rep=2, index=21): OrderedDict([('word', u'green'), ('color', u'red'), ('congruent', 0), ('corrAns', u'left')])
548.6796 	EXP 	stimuli: autoDraw = False
548.6796 	EXP 	hint: autoDraw = False
548.6796 	EXP 	stimuli: color = u'red (named)'
548.6796 	EXP 	stimuli: text = u'green'
548.6796 	EXP 	hint: autoDraw = True
549.1105 	EXP 	stimuli: autoDraw = True
549.8040 	DATA 	Keypress: left
549.8084 	EXP 	New trial (rep=2, index=22): OrderedDict([('word', u'green'), ('color', u'green'), ('congruent', 1), ('corrAns', u'down')])
549.8212 	EXP 	stimuli: autoDraw = False
549.8212 	EXP 	hint: autoDraw = False
549.8212 	EXP 	stimuli: color = u'green (named)'
549.8212 	EXP 	stimuli: text = u'green'
549.8212 	EXP 	hint: autoDraw = True
550.3424 	EXP 	stimuli: autoDraw = True
551.0709 	DATA 	Keypress: down
551.0745 	EXP 	New trial (rep=2, index=23): OrderedDict([('word', u'red'), ('color', u'red'), ('congruent', 1), ('corrAns', u'left')])
551.1210 	EXP 	stimuli: autoDraw = False
551.1210 	EXP 	hint: autoDraw = False
551.1210 	EXP 	stimuli: color = u'red (named)'
551.1210 	EXP 	stimuli: text = u'red'
551.1210 	EXP 	hint: autoDraw = True
551.6036 	EXP 	stimuli: autoDraw = True
552.1209 	DATA 	Keypress: left
552.1240 	EXP 	New trial (rep=2, index=24): OrderedDict([('word', u'red'), ('color', u'red'), ('congruent', 1), ('corrAns', u'left')])
552.1371 	EXP 	stimuli: autoDraw = False
552.1371 	EXP 	hint: autoDraw = False
552.1371 	EXP 	stimuli: color = u'red (named)'
552.1371 	EXP 	stimuli: text = u'red'
552.1371 	EXP 	hint: autoDraw = True
552.6539 	EXP 	stimuli: autoDraw = True
553.1212 	DATA 	Keypress: left
553.1242 	EXP 	New trial (rep=2, index=25): OrderedDict([('word', u'green'), ('color', u'blue'), ('congruent', 0), ('corrAns', u'right')])
553.1751 	EXP 	stimuli: autoDraw = False
553.1751 	EXP 	hint: autoDraw = False
553.1751 	EXP 	stimuli: color = u'blue (named)'
553.1751 	EXP 	stimuli: text = u'green'
553.1751 	EXP 	hint: autoDraw = True
553.6542 	EXP 	stimuli: autoDraw = True
554.2884 	DATA 	Keypress: right
554.2914 	EXP 	New trial (rep=2, index=26): OrderedDict([('word', u'green'), ('color', u'green'), ('congruent', 1), ('corrAns', u'down')])
554.3043 	EXP 	stimuli: autoDraw = False
554.3043 	EXP 	hint: autoDraw = False
554.3043 	EXP 	stimuli: color = u'green (named)'
554.3043 	EXP 	stimuli: text = u'green'
554.3043 	EXP 	hint: autoDraw = True
554.8210 	EXP 	stimuli: autoDraw = True
555.4723 	DATA 	Keypress: down
555.4761 	EXP 	New trial (rep=2, index=27): OrderedDict([('word', u'red'), ('color', u'red'), ('congruent', 1), ('corrAns', u'left')])
555.5174 	EXP 	stimuli: autoDraw = False
555.5174 	EXP 	hint: autoDraw = False
555.5174 	EXP 	stimuli: color = u'red (named)'
555.5174 	EXP 	stimuli: text = u'red'
555.5174 	EXP 	hint: autoDraw = True
556.0051 	EXP 	stimuli: autoDraw = True
557.0726 	DATA 	Keypress: left
557.0765 	EXP 	New trial (rep=2, index=28): OrderedDict([('word', u'blue'), ('color', u'blue'), ('congruent', 1), ('corrAns', u'right')])
557.1267 	EXP 	stimuli: autoDraw = False
557.1267 	EXP 	hint: autoDraw = False
557.1267 	EXP 	stimuli: color = u'blue (named)'
557.1267 	EXP 	stimuli: text = u'blue'
557.1267 	EXP 	hint: autoDraw = True
557.6055 	EXP 	stimuli: autoDraw = True
558.1562 	DATA 	Keypress: right
558.1592 	EXP 	New trial (rep=2, index=29): OrderedDict([('word', u'red'), ('color', u'red'), ('congruent', 1), ('corrAns', u'left')])
558.1984 	EXP 	stimuli: autoDraw = False
558.1984 	EXP 	hint: autoDraw = False
558.1984 	EXP 	stimuli: color = u'red (named)'
558.1984 	EXP 	stimuli: text = u'red'
558.1984 	EXP 	hint: autoDraw = True
558.6922 	EXP 	stimuli: autoDraw = True
559.2121 	DATA 	Keypress: right
559.2275 	EXP 	New trial (rep=2, index=30): OrderedDict([('word', u'red'), ('color', u'red'), ('congruent', 1), ('corrAns', u'left')])
559.2406 	EXP 	stimuli: autoDraw = False
559.2406 	EXP 	hint: autoDraw = False
559.2406 	EXP 	stimuli: color = u'red (named)'
559.2406 	EXP 	stimuli: text = u'red'
559.2406 	EXP 	hint: autoDraw = True
559.7562 	EXP 	stimuli: autoDraw = True
560.5236 	DATA 	Keypress: left
560.5277 	EXP 	New trial (rep=2, index=31): OrderedDict([('word', u'green'), ('color', u'green'), ('congruent', 1), ('corrAns', u'down')])
560.5798 	EXP 	stimuli: autoDraw = False
560.5798 	EXP 	hint: autoDraw = False
560.5798 	EXP 	stimuli: color = u'green (named)'
560.5798 	EXP 	stimuli: text = u'green'
560.5798 	EXP 	hint: autoDraw = True
561.0566 	EXP 	stimuli: autoDraw = True
561.6405 	DATA 	Keypress: down
561.6436 	EXP 	New trial (rep=2, index=32): OrderedDict([('word', u'green'), ('color', u'green'), ('congruent', 1), ('corrAns', u'down')])
561.6567 	EXP 	stimuli: autoDraw = False
561.6567 	EXP 	hint: autoDraw = False
561.6567 	EXP 	stimuli: color = u'green (named)'
561.6567 	EXP 	stimuli: text = u'green'
561.6567 	EXP 	hint: autoDraw = True
562.1736 	EXP 	stimuli: autoDraw = True
562.6031 	DATA 	Keypress: down
562.6274 	EXP 	New trial (rep=2, index=33): OrderedDict([('word', u'blue'), ('color', u'blue'), ('congruent', 1), ('corrAns', u'right')])
562.6959 	EXP 	stimuli: autoDraw = False
562.6959 	EXP 	hint: autoDraw = False
562.6959 	EXP 	stimuli: color = u'blue (named)'
562.6959 	EXP 	stimuli: text = u'blue'
562.6959 	EXP 	hint: autoDraw = True
563.1587 	EXP 	stimuli: autoDraw = True
563.4578 	DATA 	Keypress: down
563.4623 	EXP 	New trial (rep=2, index=34): OrderedDict([('word', u'red'), ('color', u'red'), ('congruent', 1), ('corrAns', u'left')])
563.5094 	EXP 	stimuli: autoDraw = False
563.5094 	EXP 	hint: autoDraw = False
563.5094 	EXP 	stimuli: color = u'red (named)'
563.5094 	EXP 	stimuli: text = u'red'
563.5094 	EXP 	hint: autoDraw = True
563.9938 	EXP 	stimuli: autoDraw = True
564.5750 	DATA 	Keypress: left
564.5780 	EXP 	New trial (rep=2, index=35): OrderedDict([('word', u'blue'), ('color', u'blue'), ('congruent', 1), ('corrAns', u'right')])
564.6206 	EXP 	stimuli: autoDraw = False
564.6206 	EXP 	hint: autoDraw = False
564.6206 	EXP 	stimuli: color = u'blue (named)'
564.6206 	EXP 	stimuli: text = u'blue'
564.6206 	EXP 	hint: autoDraw = True
565.1158 	EXP 	stimuli: autoDraw = True
565.5158 	DATA 	Keypress: down
565.5301 	EXP 	New trial (rep=2, index=36): OrderedDict([('word', u'green'), ('color', u'blue'), ('congruent', 0), ('corrAns', u'right')])
565.6097 	EXP 	stimuli: autoDraw = False
565.6097 	EXP 	hint: autoDraw = False
565.6097 	EXP 	stimuli: color = u'blue (named)'
565.6097 	EXP 	stimuli: text = u'green'
565.6097 	EXP 	hint: autoDraw = True
566.0596 	EXP 	stimuli: autoDraw = True
566.5088 	DATA 	Keypress: right
566.5136 	EXP 	New trial (rep=2, index=37): OrderedDict([('word', u'blue'), ('color', u'green'), ('congruent', 0), ('corrAns', u'down')])
566.5570 	EXP 	stimuli: autoDraw = False
566.5570 	EXP 	hint: autoDraw = False
566.5570 	EXP 	stimuli: color = u'green (named)'
566.5570 	EXP 	stimuli: text = u'blue'
566.5570 	EXP 	hint: autoDraw = True
567.0424 	EXP 	stimuli: autoDraw = True
567.5951 	DATA 	Keypress: down
567.6121 	EXP 	New trial (rep=2, index=38): OrderedDict([('word', u'green'), ('color', u'green'), ('congruent', 1), ('corrAns', u'down')])
567.6653 	EXP 	stimuli: autoDraw = False
567.6653 	EXP 	hint: autoDraw = False
567.6653 	EXP 	stimuli: color = u'green (named)'
567.6653 	EXP 	stimuli: text = u'green'
567.6653 	EXP 	hint: autoDraw = True
568.1431 	EXP 	stimuli: autoDraw = True
568.6929 	DATA 	Keypress: down
568.6963 	EXP 	New trial (rep=2, index=39): OrderedDict([('word', u'red'), ('color', u'green'), ('congruent', 0), ('corrAns', u'down')])
568.7407 	EXP 	stimuli: autoDraw = False
568.7407 	EXP 	hint: autoDraw = False
568.7407 	EXP 	stimuli: color = u'green (named)'
568.7407 	EXP 	stimuli: text = u'red'
568.7407 	EXP 	hint: autoDraw = True
569.2255 	EXP 	stimuli: autoDraw = True
569.7434 	DATA 	Keypress: down
569.7482 	EXP 	New trial (rep=2, index=40): OrderedDict([('word', u'blue'), ('color', u'blue'), ('congruent', 1), ('corrAns', u'right')])
569.8317 	EXP 	stimuli: autoDraw = False
569.8317 	EXP 	hint: autoDraw = False
569.8317 	EXP 	stimuli: color = u'blue (named)'
569.8317 	EXP 	stimuli: text = u'blue'
569.8317 	EXP 	hint: autoDraw = True
570.2774 	EXP 	stimuli: autoDraw = True
570.8604 	DATA 	Keypress: right
570.8648 	EXP 	New trial (rep=2, index=41): OrderedDict([('word', u'green'), ('color', u'green'), ('congruent', 1), ('corrAns', u'down')])
570.9244 	EXP 	stimuli: autoDraw = False
570.9244 	EXP 	hint: autoDraw = False
570.9244 	EXP 	stimuli: color = u'green (named)'
570.9244 	EXP 	stimuli: text = u'green'
570.9244 	EXP 	hint: autoDraw = True
571.3932 	EXP 	stimuli: autoDraw = True
571.8607 	DATA 	Keypress: left
571.8637 	EXP 	New trial (rep=2, index=42): OrderedDict([('word', u'blue'), ('color', u'blue'), ('congruent', 1), ('corrAns', u'right')])
571.9063 	EXP 	stimuli: autoDraw = False
571.9063 	EXP 	hint: autoDraw = False
571.9063 	EXP 	stimuli: color = u'blue (named)'
571.9063 	EXP 	stimuli: text = u'blue'
571.9063 	EXP 	hint: autoDraw = True
572.3935 	EXP 	stimuli: autoDraw = True
572.8778 	DATA 	Keypress: down
572.8849 	EXP 	New trial (rep=2, index=43): OrderedDict([('word', u'green'), ('color', u'green'), ('congruent', 1), ('corrAns', u'down')])
572.9478 	EXP 	stimuli: autoDraw = False
572.9478 	EXP 	hint: autoDraw = False
572.9478 	EXP 	stimuli: color = u'green (named)'
572.9478 	EXP 	stimuli: text = u'green'
572.9478 	EXP 	hint: autoDraw = True
573.4104 	EXP 	stimuli: autoDraw = True
574.4281 	DATA 	Keypress: down
574.4326 	EXP 	New trial (rep=2, index=44): OrderedDict([('word', u'blue'), ('color', u'blue'), ('congruent', 1), ('corrAns', u'right')])
574.4824 	EXP 	stimuli: autoDraw = False
574.4824 	EXP 	hint: autoDraw = False
574.4824 	EXP 	stimuli: color = u'blue (named)'
574.4824 	EXP 	stimuli: text = u'blue'
574.4824 	EXP 	hint: autoDraw = True
574.9611 	EXP 	stimuli: autoDraw = True
575.3785 	DATA 	Keypress: right
575.3824 	EXP 	New trial (rep=3, index=0): OrderedDict([('word', u'red'), ('color', u'red'), ('congruent', 1), ('corrAns', u'left')])
575.4269 	EXP 	stimuli: autoDraw = False
575.4269 	EXP 	hint: autoDraw = False
575.4269 	EXP 	stimuli: color = u'red (named)'
575.4269 	EXP 	stimuli: text = u'red'
575.4269 	EXP 	hint: autoDraw = True
575.9200 	EXP 	stimuli: autoDraw = True
576.7122 	DATA 	Keypress: left
576.7170 	EXP 	New trial (rep=3, index=1): OrderedDict([('word', u'green'), ('color', u'green'), ('congruent', 1), ('corrAns', u'down')])
576.7685 	EXP 	stimuli: autoDraw = False
576.7685 	EXP 	hint: autoDraw = False
576.7685 	EXP 	stimuli: color = u'green (named)'
576.7685 	EXP 	stimuli: text = u'green'
576.7685 	EXP 	hint: autoDraw = True
577.2449 	EXP 	stimuli: autoDraw = True
578.0756 	DATA 	Keypress: down
578.0828 	EXP 	New trial (rep=3, index=2): OrderedDict([('word', u'green'), ('color', u'green'), ('congruent', 1), ('corrAns', u'down')])
578.0969 	EXP 	stimuli: autoDraw = False
578.0969 	EXP 	hint: autoDraw = False
578.0969 	EXP 	stimuli: color = u'green (named)'
578.0969 	EXP 	stimuli: text = u'green'
578.0969 	EXP 	hint: autoDraw = True
578.6120 	EXP 	stimuli: autoDraw = True
579.1005 	DATA 	Keypress: down
579.1175 	EXP 	New trial (rep=3, index=3): OrderedDict([('word', u'green'), ('color', u'green'), ('congruent', 1), ('corrAns', u'down')])
579.1308 	EXP 	stimuli: autoDraw = False
579.1308 	EXP 	hint: autoDraw = False
579.1308 	EXP 	stimuli: color = u'green (named)'
579.1308 	EXP 	stimuli: text = u'green'
579.1308 	EXP 	hint: autoDraw = True
579.6456 	EXP 	stimuli: autoDraw = True
579.9631 	DATA 	Keypress: down
579.9661 	EXP 	New trial (rep=3, index=4): OrderedDict([('word', u'blue'), ('color', u'blue'), ('congruent', 1), ('corrAns', u'right')])
580.0099 	EXP 	stimuli: autoDraw = False
580.0099 	EXP 	hint: autoDraw = False
580.0099 	EXP 	stimuli: color = u'blue (named)'
580.0099 	EXP 	stimuli: text = u'blue'
580.0099 	EXP 	hint: autoDraw = True
580.4959 	EXP 	stimuli: autoDraw = True
580.9966 	DATA 	Keypress: right
581.0001 	EXP 	New trial (rep=3, index=5): OrderedDict([('word', u'red'), ('color', u'red'), ('congruent', 1), ('corrAns', u'left')])
581.0401 	EXP 	stimuli: autoDraw = False
581.0401 	EXP 	hint: autoDraw = False
581.0401 	EXP 	stimuli: color = u'red (named)'
581.0401 	EXP 	stimuli: text = u'red'
581.0401 	EXP 	hint: autoDraw = True
581.5294 	EXP 	stimuli: autoDraw = True
582.0469 	DATA 	Keypress: left
582.0500 	EXP 	New trial (rep=3, index=6): OrderedDict([('word', u'green'), ('color', u'green'), ('congruent', 1), ('corrAns', u'down')])
582.1019 	EXP 	stimuli: autoDraw = False
582.1019 	EXP 	hint: autoDraw = False
582.1019 	EXP 	stimuli: color = u'green (named)'
582.1019 	EXP 	stimuli: text = u'green'
582.1019 	EXP 	hint: autoDraw = True
582.5797 	EXP 	stimuli: autoDraw = True
583.0639 	DATA 	Keypress: down
583.0669 	EXP 	New trial (rep=3, index=7): OrderedDict([('word', u'green'), ('color', u'green'), ('congruent', 1), ('corrAns', u'down')])
583.0799 	EXP 	stimuli: autoDraw = False
583.0799 	EXP 	hint: autoDraw = False
583.0799 	EXP 	stimuli: color = u'green (named)'
583.0799 	EXP 	stimuli: text = u'green'
583.0799 	EXP 	hint: autoDraw = True
583.5971 	EXP 	stimuli: autoDraw = True
584.1163 	DATA 	Keypress: down
584.1333 	EXP 	New trial (rep=3, index=8): OrderedDict([('word', u'green'), ('color', u'green'), ('congruent', 1), ('corrAns', u'down')])
584.1475 	EXP 	stimuli: autoDraw = False
584.1475 	EXP 	hint: autoDraw = False
584.1475 	EXP 	stimuli: color = u'green (named)'
584.1475 	EXP 	stimuli: text = u'green'
584.1475 	EXP 	hint: autoDraw = True
584.6638 	EXP 	stimuli: autoDraw = True
584.9516 	DATA 	Keypress: down
584.9714 	EXP 	New trial (rep=3, index=9): OrderedDict([('word', u'blue'), ('color', u'blue'), ('congruent', 1), ('corrAns', u'right')])
585.0294 	EXP 	stimuli: autoDraw = False
585.0294 	EXP 	hint: autoDraw = False
585.0294 	EXP 	stimuli: color = u'blue (named)'
585.0294 	EXP 	stimuli: text = u'blue'
585.0294 	EXP 	hint: autoDraw = True
585.5026 	EXP 	stimuli: autoDraw = True
586.0682 	DATA 	Keypress: right
586.0856 	EXP 	New trial (rep=3, index=10): OrderedDict([('word', u'red'), ('color', u'blue'), ('congruent', 0), ('corrAns', u'right')])
586.1269 	EXP 	stimuli: autoDraw = False
586.1269 	EXP 	hint: autoDraw = False
586.1269 	EXP 	stimuli: color = u'blue (named)'
586.1269 	EXP 	stimuli: text = u'red'
586.1269 	EXP 	hint: autoDraw = True
586.6143 	EXP 	stimuli: autoDraw = True
587.1150 	DATA 	Keypress: down
587.1180 	EXP 	New trial (rep=3, index=11): OrderedDict([('word', u'blue'), ('color', u'blue'), ('congruent', 1), ('corrAns', u'right')])
587.1615 	EXP 	stimuli: autoDraw = False
587.1615 	EXP 	hint: autoDraw = False
587.1615 	EXP 	stimuli: color = u'blue (named)'
587.1615 	EXP 	stimuli: text = u'blue'
587.1615 	EXP 	hint: autoDraw = True
587.6479 	EXP 	stimuli: autoDraw = True
588.5488 	DATA 	Keypress: right
588.5518 	EXP 	New trial (rep=3, index=12): OrderedDict([('word', u'green'), ('color', u'green'), ('congruent', 1), ('corrAns', u'down')])
588.6031 	EXP 	stimuli: autoDraw = False
588.6031 	EXP 	hint: autoDraw = False
588.6031 	EXP 	stimuli: color = u'green (named)'
588.6031 	EXP 	stimuli: text = u'green'
588.6031 	EXP 	hint: autoDraw = True
589.0818 	EXP 	stimuli: autoDraw = True
589.5992 	DATA 	Keypress: down
589.6022 	EXP 	New trial (rep=3, index=13): OrderedDict([('word', u'red'), ('color', u'red'), ('congruent', 1), ('corrAns', u'left')])
589.6421 	EXP 	stimuli: autoDraw = False
589.6421 	EXP 	hint: autoDraw = False
589.6421 	EXP 	stimuli: color = u'red (named)'
589.6421 	EXP 	stimuli: text = u'red'
589.6421 	EXP 	hint: autoDraw = True
590.1397 	EXP 	stimuli: autoDraw = True
590.6164 	DATA 	Keypress: left
590.6205 	EXP 	New trial (rep=3, index=14): OrderedDict([('word', u'blue'), ('color', u'blue'), ('congruent', 1), ('corrAns', u'right')])
590.6684 	EXP 	stimuli: autoDraw = False
590.6684 	EXP 	hint: autoDraw = False
590.6684 	EXP 	stimuli: color = u'blue (named)'
590.6684 	EXP 	stimuli: text = u'blue'
590.6684 	EXP 	hint: autoDraw = True
591.1490 	EXP 	stimuli: autoDraw = True
591.5407 	DATA 	Keypress: down
591.5552 	EXP 	New trial (rep=3, index=15): OrderedDict([('word', u'blue'), ('color', u'red'), ('congruent', 0), ('corrAns', u'left')])
591.5711 	EXP 	stimuli: autoDraw = False
591.5711 	EXP 	hint: autoDraw = False
591.5711 	EXP 	stimuli: color = u'red (named)'
591.5711 	EXP 	stimuli: text = u'blue'
591.5711 	EXP 	hint: autoDraw = True
592.0828 	EXP 	stimuli: autoDraw = True
592.5171 	DATA 	Keypress: down
592.5215 	EXP 	New trial (rep=3, index=16): OrderedDict([('word', u'red'), ('color', u'green'), ('congruent', 0), ('corrAns', u'down')])
592.5630 	EXP 	stimuli: autoDraw = False
592.5630 	EXP 	hint: autoDraw = False
592.5630 	EXP 	stimuli: color = u'green (named)'
592.5630 	EXP 	stimuli: text = u'red'
592.5630 	EXP 	hint: autoDraw = True
593.0499 	EXP 	stimuli: autoDraw = True
593.6337 	DATA 	Keypress: down
593.6367 	EXP 	New trial (rep=3, index=17): OrderedDict([('word', u'red'), ('color', u'red'), ('congruent', 1), ('corrAns', u'left')])
593.6498 	EXP 	stimuli: autoDraw = False
593.6498 	EXP 	hint: autoDraw = False
593.6498 	EXP 	stimuli: color = u'red (named)'
593.6498 	EXP 	stimuli: text = u'red'
593.6498 	EXP 	hint: autoDraw = True
594.1666 	EXP 	stimuli: autoDraw = True
594.7341 	DATA 	Keypress: left
594.7371 	EXP 	New trial (rep=3, index=18): OrderedDict([('word', u'red'), ('color', u'red'), ('congruent', 1), ('corrAns', u'left')])
594.7502 	EXP 	stimuli: autoDraw = False
594.7502 	EXP 	hint: autoDraw = False
594.7502 	EXP 	stimuli: color = u'red (named)'
594.7502 	EXP 	stimuli: text = u'red'
594.7502 	EXP 	hint: autoDraw = True
595.2671 	EXP 	stimuli: autoDraw = True
595.6343 	DATA 	Keypress: left
595.6373 	EXP 	New trial (rep=3, index=19): OrderedDict([('word', u'red'), ('color', u'green'), ('congruent', 0), ('corrAns', u'down')])
595.6504 	EXP 	stimuli: autoDraw = False
595.6504 	EXP 	hint: autoDraw = False
595.6504 	EXP 	stimuli: color = u'green (named)'
595.6504 	EXP 	stimuli: text = u'red'
595.6504 	EXP 	hint: autoDraw = True
596.1673 	EXP 	stimuli: autoDraw = True
596.5512 	DATA 	Keypress: left
596.5542 	EXP 	New trial (rep=3, index=20): OrderedDict([('word', u'blue'), ('color', u'blue'), ('congruent', 1), ('corrAns', u'right')])
596.5965 	EXP 	stimuli: autoDraw = False
596.5965 	EXP 	hint: autoDraw = False
596.5965 	EXP 	stimuli: color = u'blue (named)'
596.5965 	EXP 	stimuli: text = u'blue'
596.5965 	EXP 	hint: autoDraw = True
597.0849 	EXP 	stimuli: autoDraw = True
597.6040 	DATA 	Keypress: right
597.6210 	EXP 	New trial (rep=3, index=21): OrderedDict([('word', u'blue'), ('color', u'red'), ('congruent', 0), ('corrAns', u'left')])
597.6344 	EXP 	stimuli: autoDraw = False
597.6344 	EXP 	hint: autoDraw = False
597.6344 	EXP 	stimuli: color = u'red (named)'
597.6344 	EXP 	stimuli: text = u'blue'
597.6344 	EXP 	hint: autoDraw = True
598.1512 	EXP 	stimuli: autoDraw = True
598.6687 	DATA 	Keypress: left
598.6719 	EXP 	New trial (rep=3, index=22): OrderedDict([('word', u'blue'), ('color', u'blue'), ('congruent', 1), ('corrAns', u'right')])
598.6847 	EXP 	stimuli: autoDraw = False
598.6847 	EXP 	hint: autoDraw = False
598.6847 	EXP 	stimuli: color = u'blue (named)'
598.6847 	EXP 	stimuli: text = u'blue'
598.6847 	EXP 	hint: autoDraw = True
599.2076 	EXP 	stimuli: autoDraw = True
600.0359 	DATA 	Keypress: right
600.0403 	EXP 	New trial (rep=3, index=23): OrderedDict([('word', u'red'), ('color', u'red'), ('congruent', 1), ('corrAns', u'left')])
600.0848 	EXP 	stimuli: autoDraw = False
600.0848 	EXP 	hint: autoDraw = False
600.0848 	EXP 	stimuli: color = u'red (named)'
600.0848 	EXP 	stimuli: text = u'red'
600.0848 	EXP 	hint: autoDraw = True
600.5776 	EXP 	stimuli: autoDraw = True
601.3321 	DATA 	Keypress: down
601.3463 	EXP 	New trial (rep=3, index=24): OrderedDict([('word', u'green'), ('color', u'red'), ('congruent', 0), ('corrAns', u'left')])
601.4210 	EXP 	stimuli: autoDraw = False
601.4210 	EXP 	hint: autoDraw = False
601.4210 	EXP 	stimuli: color = u'red (named)'
601.4210 	EXP 	stimuli: text = u'green'
601.4210 	EXP 	hint: autoDraw = True
601.8743 	EXP 	stimuli: autoDraw = True
602.6214 	DATA 	Keypress: left
602.6442 	EXP 	New trial (rep=3, index=25): OrderedDict([('word', u'blue'), ('color', u'blue'), ('congruent', 1), ('corrAns', u'right')])
602.7221 	EXP 	stimuli: autoDraw = False
602.7221 	EXP 	hint: autoDraw = False
602.7221 	EXP 	stimuli: color = u'blue (named)'
602.7221 	EXP 	stimuli: text = u'blue'
602.7221 	EXP 	hint: autoDraw = True
603.1693 	EXP 	stimuli: autoDraw = True
603.7037 	DATA 	Keypress: down
603.7079 	EXP 	New trial (rep=3, index=26): OrderedDict([('word', u'blue'), ('color', u'blue'), ('congruent', 1), ('corrAns', u'right')])
603.7206 	EXP 	stimuli: autoDraw = False
603.7206 	EXP 	hint: autoDraw = False
603.7206 	EXP 	stimuli: color = u'blue (named)'
603.7206 	EXP 	stimuli: text = u'blue'
603.7206 	EXP 	hint: autoDraw = True
604.2365 	EXP 	stimuli: autoDraw = True
604.8708 	DATA 	Keypress: right
604.8752 	EXP 	New trial (rep=3, index=27): OrderedDict([('word', u'green'), ('color', u'green'), ('congruent', 1), ('corrAns', u'down')])
604.9311 	EXP 	stimuli: autoDraw = False
604.9311 	EXP 	hint: autoDraw = False
604.9311 	EXP 	stimuli: color = u'green (named)'
604.9311 	EXP 	stimuli: text = u'green'
604.9311 	EXP 	hint: autoDraw = True
605.4045 	EXP 	stimuli: autoDraw = True
606.2378 	DATA 	Keypress: down
606.2419 	EXP 	New trial (rep=3, index=28): OrderedDict([('word', u'green'), ('color', u'green'), ('congruent', 1), ('corrAns', u'down')])
606.2545 	EXP 	stimuli: autoDraw = False
606.2545 	EXP 	hint: autoDraw = False
606.2545 	EXP 	stimuli: color = u'green (named)'
606.2545 	EXP 	stimuli: text = u'green'
606.2545 	EXP 	hint: autoDraw = True
606.7766 	EXP 	stimuli: autoDraw = True
607.2217 	DATA 	Keypress: down
607.2258 	EXP 	New trial (rep=3, index=29): OrderedDict([('word', u'blue'), ('color', u'green'), ('congruent', 0), ('corrAns', u'down')])
607.2708 	EXP 	stimuli: autoDraw = False
607.2708 	EXP 	hint: autoDraw = False
607.2708 	EXP 	stimuli: color = u'green (named)'
607.2708 	EXP 	stimuli: text = u'blue'
607.2708 	EXP 	hint: autoDraw = True
607.7538 	EXP 	stimuli: autoDraw = True
608.1416 	DATA 	Keypress: down
608.1591 	EXP 	New trial (rep=3, index=30): OrderedDict([('word', u'red'), ('color', u'red'), ('congruent', 1), ('corrAns', u'left')])
608.2020 	EXP 	stimuli: autoDraw = False
608.2020 	EXP 	hint: autoDraw = False
608.2020 	EXP 	stimuli: color = u'red (named)'
608.2020 	EXP 	stimuli: text = u'red'
608.2020 	EXP 	hint: autoDraw = True
608.6882 	EXP 	stimuli: autoDraw = True
609.4054 	DATA 	Keypress: left
609.4087 	EXP 	New trial (rep=3, index=31): OrderedDict([('word', u'blue'), ('color', u'blue'), ('congruent', 1), ('corrAns', u'right')])
609.4524 	EXP 	stimuli: autoDraw = False
609.4524 	EXP 	hint: autoDraw = False
609.4524 	EXP 	stimuli: color = u'blue (named)'
609.4524 	EXP 	stimuli: text = u'blue'
609.4524 	EXP 	hint: autoDraw = True
609.9386 	EXP 	stimuli: autoDraw = True
610.4891 	DATA 	Keypress: right
610.4921 	EXP 	New trial (rep=3, index=32): OrderedDict([('word', u'blue'), ('color', u'blue'), ('congruent', 1), ('corrAns', u'right')])
610.5050 	EXP 	stimuli: autoDraw = False
610.5050 	EXP 	hint: autoDraw = False
610.5050 	EXP 	stimuli: color = u'blue (named)'
610.5050 	EXP 	stimuli: text = u'blue'
610.5050 	EXP 	hint: autoDraw = True
611.0220 	EXP 	stimuli: autoDraw = True
611.5896 	DATA 	Keypress: right
611.5950 	EXP 	New trial (rep=3, index=33): OrderedDict([('word', u'green'), ('color', u'green'), ('congruent', 1), ('corrAns', u'down')])
611.6570 	EXP 	stimuli: autoDraw = False
611.6570 	EXP 	hint: autoDraw = False
611.6570 	EXP 	stimuli: color = u'green (named)'
611.6570 	EXP 	stimuli: text = u'green'
611.6570 	EXP 	hint: autoDraw = True
612.1291 	EXP 	stimuli: autoDraw = True
612.6368 	DATA 	Keypress: down
612.6450 	EXP 	New trial (rep=3, index=34): OrderedDict([('word', u'red'), ('color', u'red'), ('congruent', 1), ('corrAns', u'left')])
612.6992 	EXP 	stimuli: autoDraw = False
612.6992 	EXP 	hint: autoDraw = False
612.6992 	EXP 	stimuli: color = u'red (named)'
612.6992 	EXP 	stimuli: text = u'red'
612.6992 	EXP 	hint: autoDraw = True
613.1748 	EXP 	stimuli: autoDraw = True
613.6772 	DATA 	Keypress: left
613.6944 	EXP 	New trial (rep=3, index=35): OrderedDict([('word', u'green'), ('color', u'blue'), ('congruent', 0), ('corrAns', u'right')])
613.7522 	EXP 	stimuli: autoDraw = False
613.7522 	EXP 	hint: autoDraw = False
613.7522 	EXP 	stimuli: color = u'blue (named)'
613.7522 	EXP 	stimuli: text = u'green'
613.7522 	EXP 	hint: autoDraw = True
614.2226 	EXP 	stimuli: autoDraw = True
614.8071 	DATA 	Keypress: right
614.8107 	EXP 	New trial (rep=3, index=36): OrderedDict([('word', u'green'), ('color', u'blue'), ('congruent', 0), ('corrAns', u'right')])
614.8230 	EXP 	stimuli: autoDraw = False
614.8230 	EXP 	hint: autoDraw = False
614.8230 	EXP 	stimuli: color = u'blue (named)'
614.8230 	EXP 	stimuli: text = u'green'
614.8230 	EXP 	hint: autoDraw = True
615.3399 	EXP 	stimuli: autoDraw = True
615.9405 	DATA 	Keypress: right
615.9435 	EXP 	New trial (rep=3, index=37): OrderedDict([('word', u'blue'), ('color', u'blue'), ('congruent', 1), ('corrAns', u'right')])
615.9869 	EXP 	stimuli: autoDraw = False
615.9869 	EXP 	hint: autoDraw = False
615.9869 	EXP 	stimuli: color = u'blue (named)'
615.9869 	EXP 	stimuli: text = u'blue'
615.9869 	EXP 	hint: autoDraw = True
616.4825 	EXP 	stimuli: autoDraw = True
617.1251 	DATA 	Keypress: right
617.1299 	EXP 	New trial (rep=3, index=38): OrderedDict([('word', u'blue'), ('color', u'blue'), ('congruent', 1), ('corrAns', u'right')])
617.1431 	EXP 	stimuli: autoDraw = False
617.1431 	EXP 	hint: autoDraw = False
617.1431 	EXP 	stimuli: color = u'blue (named)'
617.1431 	EXP 	stimuli: text = u'blue'
617.1431 	EXP 	hint: autoDraw = True
617.6577 	EXP 	stimuli: autoDraw = True
618.1415 	DATA 	Keypress: right
618.1445 	EXP 	New trial (rep=3, index=39): OrderedDict([('word', u'red'), ('color', u'red'), ('congruent', 1), ('corrAns', u'left')])
618.1844 	EXP 	stimuli: autoDraw = False
618.1844 	EXP 	hint: autoDraw = False
618.1844 	EXP 	stimuli: color = u'red (named)'
618.1844 	EXP 	stimuli: text = u'red'
618.1844 	EXP 	hint: autoDraw = True
618.6836 	EXP 	stimuli: autoDraw = True
619.3823 	DATA 	Keypress: left
619.3978 	EXP 	New trial (rep=3, index=40): OrderedDict([('word', u'red'), ('color', u'red'), ('congruent', 1), ('corrAns', u'left')])
619.4112 	EXP 	stimuli: autoDraw = False
619.4112 	EXP 	hint: autoDraw = False
619.4112 	EXP 	stimuli: color = u'red (named)'
619.4112 	EXP 	stimuli: text = u'red'
619.4112 	EXP 	hint: autoDraw = True
619.9251 	EXP 	stimuli: autoDraw = True
620.3090 	DATA 	Keypress: left
620.3132 	EXP 	New trial (rep=3, index=41): OrderedDict([('word', u'red'), ('color', u'red'), ('congruent', 1), ('corrAns', u'left')])
620.3258 	EXP 	stimuli: autoDraw = False
620.3258 	EXP 	hint: autoDraw = False
620.3258 	EXP 	stimuli: color = u'red (named)'
620.3258 	EXP 	stimuli: text = u'red'
620.3258 	EXP 	hint: autoDraw = True
620.8415 	EXP 	stimuli: autoDraw = True
621.2266 	DATA 	Keypress: left
621.2480 	EXP 	New trial (rep=3, index=42): OrderedDict([('word', u'red'), ('color', u'red'), ('congruent', 1), ('corrAns', u'left')])
621.2619 	EXP 	stimuli: autoDraw = False
621.2619 	EXP 	hint: autoDraw = False
621.2619 	EXP 	stimuli: color = u'red (named)'
621.2619 	EXP 	stimuli: text = u'red'
621.2619 	EXP 	hint: autoDraw = True
621.7750 	EXP 	stimuli: autoDraw = True
622.1266 	DATA 	Keypress: left
622.1310 	EXP 	New trial (rep=3, index=43): OrderedDict([('word', u'green'), ('color', u'green'), ('congruent', 1), ('corrAns', u'down')])
622.1894 	EXP 	stimuli: autoDraw = False
622.1894 	EXP 	hint: autoDraw = False
622.1894 	EXP 	stimuli: color = u'green (named)'
622.1894 	EXP 	stimuli: text = u'green'
622.1894 	EXP 	hint: autoDraw = True
622.6650 	EXP 	stimuli: autoDraw = True
623.7153 	DATA 	Keypress: down
623.7473 	EXP 	New trial (rep=3, index=44): OrderedDict([('word', u'green'), ('color', u'green'), ('congruent', 1), ('corrAns', u'down')])
623.7620 	EXP 	stimuli: autoDraw = False
623.7620 	EXP 	hint: autoDraw = False
623.7620 	EXP 	stimuli: color = u'green (named)'
623.7620 	EXP 	stimuli: text = u'green'
623.7620 	EXP 	hint: autoDraw = True
624.2819 	EXP 	stimuli: autoDraw = True
624.6768 	DATA 	Keypress: down
625.1219 	EXP 	stimuli: autoDraw = False
625.1219 	EXP 	hint: autoDraw = False
625.1219 	EXP 	text_2: autoDraw = True
626.7612 	DATA 	Keypress: space
628.6630 	EXP 	window1: mouseVisible = True
