70.1487 	WARNING 	User requested fullscreen with size [1366  768], but screen is actually [1920, 1080]. Using actual size
72.8706 	EXP 	Created window1 = Window(allowGUI=False, allowStencil=False, args=UNKNOWN, autoLog=True, bitsMode=UNKNOWN, blendMode='avg', color=array([-1., -1., -1.]), colorSpace='rgb', fullscr=UNKNOWN, gamma=None, kwargs=UNKNOWN, lms=UNKNOWN, monitor=<psychopy.monitors.calibTools.Monitor object at 0x19B1C4F0>, multiSample=False, name='window1', numSamples=2, pos=[0, 0], screen=0, size=array([1920, 1080]), stereo=False, units='norm', useFBO=True, useRetina=False, viewOri=0.0, viewPos=None, viewScale=None, waitBlanking=True, winType=u'pyglet')
72.8708 	EXP 	window1: recordFrameIntervals = False
73.0346 	EXP 	window1: recordFrameIntervals = True
73.2187 	EXP 	window1: recordFrameIntervals = False
74.1721 	EXP 	Created instr = TextStim(alignHoriz='center', alignVert='center', antialias=True, autoLog=True, bold=False, color=array([ 1.,  1.,  1.]), colorSpace='rgb', contrast=1.0, depth=0.0, flipHoriz=False, flipVert=False, font='Arial', fontFiles=[], height=28, italic=False, name='instr', opacity=1.0, ori=0, pos=array([ 0.,  0.]), rgb=array([ 1.,  1.,  1.]), text=newstr(...), units='pix', win=Window(...), wrapWidth=900)
74.2075 	EXP 	Created stimuli = TextStim(alignHoriz='center', alignVert='center', antialias=True, autoLog=True, bold=False, color=array([ 1.,  1.,  1.]), colorSpace='rgb', contrast=1.0, depth=0.0, flipHoriz=False, flipVert=False, font='Arial', fontFiles=[], height=0.2, italic=False, name='stimuli', opacity=1.0, ori=0, pos=array([ 0.,  0.]), rgb=array([ 1.,  1.,  1.]), text='default text', units='norm', win=Window(...), wrapWidth=1)
74.2616 	EXP 	Created hint = TextStim(alignHoriz='center', alignVert='center', antialias=True, autoLog=True, bold=False, color='white', colorSpace='named', contrast=1.0, depth=-2.0, flipHoriz=False, flipVert=False, font='Arial', fontFiles=[], height=0.07, italic=False, name='hint', opacity=1.0, ori=0, pos=array([ 0. ,  0.7]), rgb=array([ 255.,  255.,  255.]), text='left => red    down => green   right = blue', units='norm', win=Window(...), wrapWidth=1)
74.2884 	EXP 	Created msgFeedback = TextStim(alignHoriz='center', alignVert='center', antialias=True, autoLog=True, bold=False, color=array([ 1.,  1.,  1.]), colorSpace='rgb', contrast=1.0, depth=-1.0, flipHoriz=False, flipVert=False, font='Arial', fontFiles=[], height=0.1, italic=False, name='msgFeedback', opacity=1.0, ori=0, pos=array([ 0.,  0.]), rgb=array([ 1.,  1.,  1.]), text='default text', units='norm', win=Window(...), wrapWidth=1)
74.5341 	EXP 	Created text = TextStim(alignHoriz='center', alignVert='center', antialias=True, autoLog=True, bold=False, color='white', colorSpace='named', contrast=1.0, depth=0.0, flipHoriz=False, flipVert=False, font='Arial', fontFiles=[], height=28, italic=False, name='text', opacity=1.0, ori=0, pos=array([ 0.,  0.]), rgb=array([ 255.,  255.,  255.]), text=newstr(...), units='pix', win=Window(...), wrapWidth=900)
74.5519 	EXP 	Created stimuli = TextStim(alignHoriz='center', alignVert='center', antialias=True, autoLog=True, bold=False, color=array([ 1.,  1.,  1.]), colorSpace='rgb', contrast=1.0, depth=0.0, flipHoriz=False, flipVert=False, font='Arial', fontFiles=[], height=0.2, italic=False, name='stimuli', opacity=1.0, ori=0, pos=array([ 0.,  0.]), rgb=array([ 1.,  1.,  1.]), text='default text', units='norm', win=Window(...), wrapWidth=1)
74.5968 	EXP 	Created hint = TextStim(alignHoriz='center', alignVert='center', antialias=True, autoLog=True, bold=False, color='white', colorSpace='named', contrast=1.0, depth=-2.0, flipHoriz=False, flipVert=False, font='Arial', fontFiles=[], height=0.07, italic=False, name='hint', opacity=1.0, ori=0, pos=array([ 0. ,  0.7]), rgb=array([ 255.,  255.,  255.]), text='left => red    down => green   right = blue', units='norm', win=Window(...), wrapWidth=1)
74.6773 	EXP 	Created text_2 = TextStim(alignHoriz='center', alignVert='center', antialias=True, autoLog=True, bold=False, color='white', colorSpace='named', contrast=1.0, depth=0.0, flipHoriz=False, flipVert=False, font='Arial', fontFiles=[], height=28, italic=False, name='text_2', opacity=1.0, ori=0, pos=array([ 0.,  0.]), rgb=array([ 255.,  255.,  255.]), text=newstr(...), units='pix', win=Window(...), wrapWidth=900)
74.6897 	EXP 	instr: autoDraw = True
229.6843 	DATA 	Keypress: space
229.8323 	EXP 	Imported pract_conditions.xlsx as conditions, 12 conditions, 4 params
229.8329 	EXP 	Created sequence: random, trialTypes=12, nReps=2, seed=None
229.8334 	EXP 	New trial (rep=0, index=0): OrderedDict([('word', u'blue'), ('color', u'red'), ('congruent', 0), ('corrAns', u'left')])
229.8570 	EXP 	instr: autoDraw = False
229.8570 	EXP 	stimuli: color = u'red (named)'
229.8570 	EXP 	stimuli: text = u'blue'
229.8570 	EXP 	hint: autoDraw = True
230.3702 	EXP 	stimuli: autoDraw = True
235.3414 	DATA 	Keypress: left
235.4479 	EXP 	stimuli: autoDraw = False
235.4479 	EXP 	hint: autoDraw = False
235.4479 	EXP 	msgFeedback: text = 'Correct! RT=4.986'
235.4479 	EXP 	msgFeedback: autoDraw = True
236.8545 	EXP 	New trial (rep=0, index=1): OrderedDict([('word', u'red'), ('color', u'green'), ('congruent', 0), ('corrAns', u'down')])
236.9037 	EXP 	msgFeedback: autoDraw = False
236.9037 	EXP 	msgFeedback: autoDraw = False
236.9037 	EXP 	stimuli: color = u'green (named)'
236.9037 	EXP 	stimuli: text = u'red'
236.9037 	EXP 	hint: autoDraw = True
237.3897 	EXP 	stimuli: autoDraw = True
238.9111 	DATA 	Keypress: down
238.9942 	EXP 	stimuli: autoDraw = False
238.9942 	EXP 	hint: autoDraw = False
238.9942 	EXP 	msgFeedback: text = 'Correct! RT=1.522'
238.9942 	EXP 	msgFeedback: autoDraw = True
240.4057 	EXP 	New trial (rep=0, index=2): OrderedDict([('word', u'blue'), ('color', u'blue'), ('congruent', 1), ('corrAns', u'right')])
240.4658 	EXP 	msgFeedback: autoDraw = False
240.4658 	EXP 	msgFeedback: autoDraw = False
240.4658 	EXP 	stimuli: color = u'blue (named)'
240.4658 	EXP 	stimuli: text = u'blue'
240.4658 	EXP 	hint: autoDraw = True
240.9438 	EXP 	stimuli: autoDraw = True
242.9393 	DATA 	Keypress: right
243.0386 	EXP 	stimuli: autoDraw = False
243.0386 	EXP 	hint: autoDraw = False
243.0386 	EXP 	msgFeedback: text = 'Correct! RT=1.996'
243.0386 	EXP 	msgFeedback: autoDraw = True
244.4400 	EXP 	New trial (rep=0, index=3): OrderedDict([('word', u'green'), ('color', u'green'), ('congruent', 1), ('corrAns', u'down')])
244.5018 	EXP 	msgFeedback: autoDraw = False
244.5018 	EXP 	msgFeedback: autoDraw = False
244.5018 	EXP 	stimuli: color = u'green (named)'
244.5018 	EXP 	stimuli: text = u'green'
244.5018 	EXP 	hint: autoDraw = True
244.9750 	EXP 	stimuli: autoDraw = True
246.5173 	DATA 	Keypress: down
246.5968 	EXP 	stimuli: autoDraw = False
246.5968 	EXP 	hint: autoDraw = False
246.5968 	EXP 	msgFeedback: text = 'Correct! RT=1.555'
246.5968 	EXP 	msgFeedback: autoDraw = True
248.0245 	EXP 	New trial (rep=0, index=4): OrderedDict([('word', u'red'), ('color', u'green'), ('congruent', 0), ('corrAns', u'down')])
248.0660 	EXP 	msgFeedback: autoDraw = False
248.0660 	EXP 	msgFeedback: autoDraw = False
248.0660 	EXP 	stimuli: color = u'green (named)'
248.0660 	EXP 	stimuli: text = u'red'
248.0660 	EXP 	hint: autoDraw = True
248.5613 	EXP 	stimuli: autoDraw = True
249.7317 	DATA 	Keypress: down
249.8117 	EXP 	stimuli: autoDraw = False
249.8117 	EXP 	hint: autoDraw = False
249.8117 	EXP 	msgFeedback: text = 'Correct! RT=1.187'
249.8117 	EXP 	msgFeedback: autoDraw = True
251.2412 	EXP 	New trial (rep=0, index=5): OrderedDict([('word', u'green'), ('color', u'green'), ('congruent', 1), ('corrAns', u'down')])
251.2868 	EXP 	msgFeedback: autoDraw = False
251.2868 	EXP 	msgFeedback: autoDraw = False
251.2868 	EXP 	stimuli: color = u'green (named)'
251.2868 	EXP 	stimuli: text = u'green'
251.2868 	EXP 	hint: autoDraw = True
251.7790 	EXP 	stimuli: autoDraw = True
252.6042 	DATA 	Keypress: down
252.6866 	EXP 	stimuli: autoDraw = False
252.6866 	EXP 	hint: autoDraw = False
252.6866 	EXP 	msgFeedback: text = 'Correct! RT=0.825'
252.6866 	EXP 	msgFeedback: autoDraw = True
254.1092 	EXP 	New trial (rep=0, index=6): OrderedDict([('word', u'blue'), ('color', u'green'), ('congruent', 0), ('corrAns', u'down')])
254.1551 	EXP 	msgFeedback: autoDraw = False
254.1551 	EXP 	msgFeedback: autoDraw = False
254.1551 	EXP 	stimuli: color = u'green (named)'
254.1551 	EXP 	stimuli: text = u'blue'
254.1551 	EXP 	hint: autoDraw = True
254.6451 	EXP 	stimuli: autoDraw = True
256.3417 	DATA 	Keypress: down
256.4646 	EXP 	stimuli: autoDraw = False
256.4646 	EXP 	hint: autoDraw = False
256.4646 	EXP 	msgFeedback: text = 'Correct! RT=1.697'
256.4646 	EXP 	msgFeedback: autoDraw = True
257.8461 	EXP 	New trial (rep=0, index=7): OrderedDict([('word', u'red'), ('color', u'red'), ('congruent', 1), ('corrAns', u'left')])
257.8983 	EXP 	msgFeedback: autoDraw = False
257.8983 	EXP 	msgFeedback: autoDraw = False
257.8983 	EXP 	stimuli: color = u'red (named)'
257.8983 	EXP 	stimuli: text = u'red'
257.8983 	EXP 	hint: autoDraw = True
258.3793 	EXP 	stimuli: autoDraw = True
259.8562 	DATA 	Keypress: left
259.9318 	EXP 	stimuli: autoDraw = False
259.9318 	EXP 	hint: autoDraw = False
259.9318 	EXP 	msgFeedback: text = 'Correct! RT=1.477'
259.9318 	EXP 	msgFeedback: autoDraw = True
261.3639 	EXP 	New trial (rep=0, index=8): OrderedDict([('word', u'red'), ('color', u'red'), ('congruent', 1), ('corrAns', u'left')])
261.3821 	EXP 	msgFeedback: autoDraw = False
261.3821 	EXP 	stimuli: color = u'red (named)'
261.3821 	EXP 	stimuli: text = u'red'
261.3821 	EXP 	hint: autoDraw = True
261.8950 	EXP 	stimuli: autoDraw = True
262.9903 	DATA 	Keypress: left
263.0523 	EXP 	stimuli: autoDraw = False
263.0523 	EXP 	hint: autoDraw = False
263.0523 	EXP 	msgFeedback: text = 'Correct! RT=1.096'
263.0523 	EXP 	msgFeedback: autoDraw = True
264.4959 	EXP 	New trial (rep=0, index=9): OrderedDict([('word', u'blue'), ('color', u'blue'), ('congruent', 1), ('corrAns', u'right')])
264.5394 	EXP 	msgFeedback: autoDraw = False
264.5394 	EXP 	stimuli: color = u'blue (named)'
264.5394 	EXP 	stimuli: text = u'blue'
264.5394 	EXP 	hint: autoDraw = True
265.0341 	EXP 	stimuli: autoDraw = True
265.9614 	DATA 	Keypress: right
266.0406 	EXP 	stimuli: autoDraw = False
266.0406 	EXP 	hint: autoDraw = False
266.0406 	EXP 	msgFeedback: text = 'Correct! RT=0.928'
266.0406 	EXP 	msgFeedback: autoDraw = True
267.4638 	EXP 	New trial (rep=0, index=10): OrderedDict([('word', u'green'), ('color', u'blue'), ('congruent', 0), ('corrAns', u'right')])
267.5149 	EXP 	msgFeedback: autoDraw = False
267.5149 	EXP 	msgFeedback: autoDraw = False
267.5149 	EXP 	stimuli: color = u'blue (named)'
267.5149 	EXP 	stimuli: text = u'green'
267.5149 	EXP 	hint: autoDraw = True
268.0006 	EXP 	stimuli: autoDraw = True
268.3741 	DATA 	Keypress: right
268.4997 	EXP 	stimuli: autoDraw = False
268.4997 	EXP 	hint: autoDraw = False
268.4997 	EXP 	msgFeedback: text = 'Correct! RT=0.385'
268.4997 	EXP 	msgFeedback: autoDraw = True
269.8816 	EXP 	New trial (rep=0, index=11): OrderedDict([('word', u'green'), ('color', u'red'), ('congruent', 0), ('corrAns', u'left')])
269.8989 	EXP 	msgFeedback: autoDraw = False
269.8989 	EXP 	msgFeedback: autoDraw = False
269.8989 	EXP 	stimuli: color = u'red (named)'
269.8989 	EXP 	stimuli: text = u'green'
269.8989 	EXP 	hint: autoDraw = True
270.4143 	EXP 	stimuli: autoDraw = True
271.1966 	DATA 	Keypress: down
271.2881 	EXP 	stimuli: autoDraw = False
271.2881 	EXP 	hint: autoDraw = False
271.2881 	EXP 	msgFeedback: text = 'Not the key...'
271.2881 	EXP 	msgFeedback: autoDraw = True
272.7170 	EXP 	New trial (rep=1, index=0): OrderedDict([('word', u'green'), ('color', u'red'), ('congruent', 0), ('corrAns', u'left')])
272.7357 	EXP 	msgFeedback: autoDraw = False
272.7357 	EXP 	msgFeedback: autoDraw = False
272.7357 	EXP 	stimuli: color = u'red (named)'
272.7357 	EXP 	stimuli: text = u'green'
272.7357 	EXP 	hint: autoDraw = True
273.2508 	EXP 	stimuli: autoDraw = True
274.6830 	DATA 	Keypress: left
274.7512 	EXP 	stimuli: autoDraw = False
274.7512 	EXP 	hint: autoDraw = False
274.7512 	EXP 	msgFeedback: text = 'Correct! RT=1.433'
274.7512 	EXP 	msgFeedback: autoDraw = True
276.1869 	EXP 	New trial (rep=1, index=1): OrderedDict([('word', u'blue'), ('color', u'red'), ('congruent', 0), ('corrAns', u'left')])
276.2263 	EXP 	msgFeedback: autoDraw = False
276.2263 	EXP 	msgFeedback: autoDraw = False
276.2263 	EXP 	stimuli: color = u'red (named)'
276.2263 	EXP 	stimuli: text = u'blue'
276.2263 	EXP 	hint: autoDraw = True
276.7283 	EXP 	stimuli: autoDraw = True
277.6058 	DATA 	Keypress: left
277.7127 	EXP 	stimuli: autoDraw = False
277.7127 	EXP 	hint: autoDraw = False
277.7127 	EXP 	msgFeedback: text = 'Correct! RT=0.878'
277.7127 	EXP 	msgFeedback: autoDraw = True
279.1128 	EXP 	New trial (rep=1, index=2): OrderedDict([('word', u'red'), ('color', u'green'), ('congruent', 0), ('corrAns', u'down')])
279.1711 	EXP 	msgFeedback: autoDraw = False
279.1711 	EXP 	stimuli: color = u'green (named)'
279.1711 	EXP 	stimuli: text = u'red'
279.1711 	EXP 	hint: autoDraw = True
279.6365 	EXP 	stimuli: autoDraw = True
280.4238 	DATA 	Keypress: down
280.5642 	EXP 	stimuli: autoDraw = False
280.5642 	EXP 	hint: autoDraw = False
280.5642 	EXP 	msgFeedback: text = 'Correct! RT=0.788'
280.5642 	EXP 	msgFeedback: autoDraw = True
281.9249 	EXP 	New trial (rep=1, index=3): OrderedDict([('word', u'green'), ('color', u'blue'), ('congruent', 0), ('corrAns', u'right')])
281.9830 	EXP 	msgFeedback: autoDraw = False
281.9830 	EXP 	msgFeedback: autoDraw = False
281.9830 	EXP 	stimuli: color = u'blue (named)'
281.9830 	EXP 	stimuli: text = u'green'
281.9830 	EXP 	hint: autoDraw = True
282.4669 	EXP 	stimuli: autoDraw = True
283.0910 	DATA 	Keypress: right
283.2303 	EXP 	stimuli: autoDraw = False
283.2303 	EXP 	hint: autoDraw = False
283.2303 	EXP 	msgFeedback: text = 'Correct! RT=0.624'
283.2303 	EXP 	msgFeedback: autoDraw = True
284.5863 	EXP 	New trial (rep=1, index=4): OrderedDict([('word', u'blue'), ('color', u'green'), ('congruent', 0), ('corrAns', u'down')])
284.6318 	EXP 	msgFeedback: autoDraw = False
284.6318 	EXP 	msgFeedback: autoDraw = False
284.6318 	EXP 	stimuli: color = u'green (named)'
284.6318 	EXP 	stimuli: text = u'blue'
284.6318 	EXP 	hint: autoDraw = True
285.1221 	EXP 	stimuli: autoDraw = True
286.2046 	DATA 	Keypress: down
286.2962 	EXP 	stimuli: autoDraw = False
286.2962 	EXP 	hint: autoDraw = False
286.2962 	EXP 	msgFeedback: text = 'Correct! RT=1.097'
286.2962 	EXP 	msgFeedback: autoDraw = True
287.7229 	EXP 	New trial (rep=1, index=5): OrderedDict([('word', u'blue'), ('color', u'blue'), ('congruent', 1), ('corrAns', u'right')])
287.7411 	EXP 	msgFeedback: autoDraw = False
287.7411 	EXP 	msgFeedback: autoDraw = False
287.7411 	EXP 	stimuli: color = u'blue (named)'
287.7411 	EXP 	stimuli: text = u'blue'
287.7411 	EXP 	hint: autoDraw = True
288.2531 	EXP 	stimuli: autoDraw = True
288.9683 	DATA 	Keypress: right
289.0544 	EXP 	stimuli: autoDraw = False
289.0544 	EXP 	hint: autoDraw = False
289.0544 	EXP 	msgFeedback: text = 'Correct! RT=0.715'
289.0544 	EXP 	msgFeedback: autoDraw = True
290.4708 	EXP 	New trial (rep=1, index=6): OrderedDict([('word', u'blue'), ('color', u'blue'), ('congruent', 1), ('corrAns', u'right')])
290.4880 	EXP 	msgFeedback: autoDraw = False
290.4880 	EXP 	msgFeedback: autoDraw = False
290.4880 	EXP 	stimuli: color = u'blue (named)'
290.4880 	EXP 	stimuli: text = u'blue'
290.4880 	EXP 	hint: autoDraw = True
291.0040 	EXP 	stimuli: autoDraw = True
291.7827 	DATA 	Keypress: right
291.8869 	EXP 	stimuli: autoDraw = False
291.8869 	EXP 	hint: autoDraw = False
291.8869 	EXP 	msgFeedback: text = 'Correct! RT=0.791'
291.8869 	EXP 	msgFeedback: autoDraw = True
293.2887 	EXP 	New trial (rep=1, index=7): OrderedDict([('word', u'red'), ('color', u'green'), ('congruent', 0), ('corrAns', u'down')])
293.3319 	EXP 	msgFeedback: autoDraw = False
293.3319 	EXP 	msgFeedback: autoDraw = False
293.3319 	EXP 	stimuli: color = u'green (named)'
293.3319 	EXP 	stimuli: text = u'red'
293.3319 	EXP 	hint: autoDraw = True
293.8271 	EXP 	stimuli: autoDraw = True
294.6218 	DATA 	Keypress: down
294.7006 	EXP 	stimuli: autoDraw = False
294.7006 	EXP 	hint: autoDraw = False
294.7006 	EXP 	msgFeedback: text = 'Correct! RT=0.795'
294.7006 	EXP 	msgFeedback: autoDraw = True
296.1234 	EXP 	New trial (rep=1, index=8): OrderedDict([('word', u'red'), ('color', u'red'), ('congruent', 1), ('corrAns', u'left')])
296.1407 	EXP 	msgFeedback: autoDraw = False
296.1407 	EXP 	msgFeedback: autoDraw = False
296.1407 	EXP 	stimuli: color = u'red (named)'
296.1407 	EXP 	stimuli: text = u'red'
296.1407 	EXP 	hint: autoDraw = True
296.6569 	EXP 	stimuli: autoDraw = True
297.4676 	DATA 	Keypress: left
297.5425 	EXP 	stimuli: autoDraw = False
297.5425 	EXP 	hint: autoDraw = False
297.5425 	EXP 	msgFeedback: text = 'Correct! RT=0.811'
297.5425 	EXP 	msgFeedback: autoDraw = True
298.9755 	EXP 	New trial (rep=1, index=9): OrderedDict([('word', u'red'), ('color', u'red'), ('congruent', 1), ('corrAns', u'left')])
298.9939 	EXP 	msgFeedback: autoDraw = False
298.9939 	EXP 	stimuli: color = u'red (named)'
298.9939 	EXP 	stimuli: text = u'red'
298.9939 	EXP 	hint: autoDraw = True
299.5065 	EXP 	stimuli: autoDraw = True
299.9902 	DATA 	Keypress: left
300.1272 	EXP 	stimuli: autoDraw = False
300.1272 	EXP 	hint: autoDraw = False
300.1272 	EXP 	msgFeedback: text = 'Correct! RT=0.484'
300.1272 	EXP 	msgFeedback: autoDraw = True
301.4869 	EXP 	New trial (rep=1, index=10): OrderedDict([('word', u'green'), ('color', u'green'), ('congruent', 1), ('corrAns', u'down')])
301.5464 	EXP 	msgFeedback: autoDraw = False
301.5464 	EXP 	msgFeedback: autoDraw = False
301.5464 	EXP 	stimuli: color = u'green (named)'
301.5464 	EXP 	stimuli: text = u'green'
301.5464 	EXP 	hint: autoDraw = True
302.0108 	EXP 	stimuli: autoDraw = True
302.6962 	DATA 	Keypress: down
302.7870 	EXP 	stimuli: autoDraw = False
302.7870 	EXP 	hint: autoDraw = False
302.7870 	EXP 	msgFeedback: text = 'Correct! RT=0.686'
302.7870 	EXP 	msgFeedback: autoDraw = True
304.1918 	EXP 	New trial (rep=1, index=11): OrderedDict([('word', u'green'), ('color', u'green'), ('congruent', 1), ('corrAns', u'down')])
304.2089 	EXP 	msgFeedback: autoDraw = False
304.2089 	EXP 	msgFeedback: autoDraw = False
304.2089 	EXP 	stimuli: color = u'green (named)'
304.2089 	EXP 	stimuli: text = u'green'
304.2089 	EXP 	hint: autoDraw = True
304.7248 	EXP 	stimuli: autoDraw = True
305.4808 	DATA 	Keypress: down
305.5855 	EXP 	stimuli: autoDraw = False
305.5855 	EXP 	hint: autoDraw = False
305.5855 	EXP 	msgFeedback: text = 'Correct! RT=0.757'
305.5855 	EXP 	msgFeedback: autoDraw = True
307.1671 	EXP 	msgFeedback: autoDraw = False
307.1671 	EXP 	msgFeedback: autoDraw = False
307.1671 	EXP 	text: autoDraw = True
321.5978 	DATA 	Keypress: space
321.6844 	EXP 	Imported conditions.xlsx as conditions, 45 conditions, 4 params
321.6855 	EXP 	Created sequence: random, trialTypes=45, nReps=4, seed=None
321.6861 	EXP 	New trial (rep=0, index=0): OrderedDict([('word', u'green'), ('color', u'green'), ('congruent', 1), ('corrAns', u'down')])
321.6969 	EXP 	text: autoDraw = False
321.6969 	EXP 	stimuli: color = u'green (named)'
321.6969 	EXP 	stimuli: text = u'green'
321.6969 	EXP 	hint: autoDraw = True
322.2137 	EXP 	stimuli: autoDraw = True
323.9497 	DATA 	Keypress: down
323.9718 	EXP 	New trial (rep=0, index=1): OrderedDict([('word', u'blue'), ('color', u'blue'), ('congruent', 1), ('corrAns', u'right')])
324.0326 	EXP 	stimuli: autoDraw = False
324.0326 	EXP 	hint: autoDraw = False
324.0326 	EXP 	stimuli: color = u'blue (named)'
324.0326 	EXP 	stimuli: text = u'blue'
324.0326 	EXP 	hint: autoDraw = True
324.4999 	EXP 	stimuli: autoDraw = True
325.3464 	DATA 	Keypress: right
325.3510 	EXP 	New trial (rep=0, index=2): OrderedDict([('word', u'green'), ('color', u'green'), ('congruent', 1), ('corrAns', u'down')])
325.4015 	EXP 	stimuli: autoDraw = False
325.4015 	EXP 	hint: autoDraw = False
325.4015 	EXP 	stimuli: color = u'green (named)'
325.4015 	EXP 	stimuli: text = u'green'
325.4015 	EXP 	hint: autoDraw = True
325.8851 	EXP 	stimuli: autoDraw = True
326.4999 	DATA 	Keypress: down
326.5045 	EXP 	New trial (rep=0, index=3): OrderedDict([('word', u'blue'), ('color', u'blue'), ('congruent', 1), ('corrAns', u'right')])
326.5465 	EXP 	stimuli: autoDraw = False
326.5465 	EXP 	hint: autoDraw = False
326.5465 	EXP 	stimuli: color = u'blue (named)'
326.5465 	EXP 	stimuli: text = u'blue'
326.5465 	EXP 	hint: autoDraw = True
327.0357 	EXP 	stimuli: autoDraw = True
327.4515 	DATA 	Keypress: right
327.4718 	EXP 	New trial (rep=0, index=4): OrderedDict([('word', u'green'), ('color', u'green'), ('congruent', 1), ('corrAns', u'down')])
327.5146 	EXP 	stimuli: autoDraw = False
327.5146 	EXP 	hint: autoDraw = False
327.5146 	EXP 	stimuli: color = u'green (named)'
327.5146 	EXP 	stimuli: text = u'green'
327.5146 	EXP 	hint: autoDraw = True
328.0001 	EXP 	stimuli: autoDraw = True
328.4603 	DATA 	Keypress: down
328.4770 	EXP 	New trial (rep=0, index=5): OrderedDict([('word', u'red'), ('color', u'red'), ('congruent', 1), ('corrAns', u'left')])
328.5336 	EXP 	stimuli: autoDraw = False
328.5336 	EXP 	hint: autoDraw = False
328.5336 	EXP 	stimuli: color = u'red (named)'
328.5336 	EXP 	stimuli: text = u'red'
328.5336 	EXP 	hint: autoDraw = True
329.0012 	EXP 	stimuli: autoDraw = True
329.5713 	DATA 	Keypress: left
329.5923 	EXP 	New trial (rep=0, index=6): OrderedDict([('word', u'green'), ('color', u'green'), ('congruent', 1), ('corrAns', u'down')])
329.6421 	EXP 	stimuli: autoDraw = False
329.6421 	EXP 	hint: autoDraw = False
329.6421 	EXP 	stimuli: color = u'green (named)'
329.6421 	EXP 	stimuli: text = u'green'
329.6421 	EXP 	hint: autoDraw = True
330.1172 	EXP 	stimuli: autoDraw = True
331.6863 	DATA 	Keypress: down
331.7055 	EXP 	New trial (rep=0, index=7): OrderedDict([('word', u'green'), ('color', u'green'), ('congruent', 1), ('corrAns', u'down')])
331.7214 	EXP 	stimuli: autoDraw = False
331.7214 	EXP 	hint: autoDraw = False
331.7214 	EXP 	stimuli: color = u'green (named)'
331.7214 	EXP 	stimuli: text = u'green'
331.7214 	EXP 	hint: autoDraw = True
332.2339 	EXP 	stimuli: autoDraw = True
332.7952 	DATA 	Keypress: down
332.7998 	EXP 	New trial (rep=0, index=8): OrderedDict([('word', u'green'), ('color', u'blue'), ('congruent', 0), ('corrAns', u'right')])
332.8169 	EXP 	stimuli: autoDraw = False
332.8169 	EXP 	hint: autoDraw = False
332.8169 	EXP 	stimuli: color = u'blue (named)'
332.8169 	EXP 	stimuli: text = u'green'
332.8169 	EXP 	hint: autoDraw = True
333.3337 	EXP 	stimuli: autoDraw = True
334.0657 	DATA 	Keypress: right
334.0702 	EXP 	New trial (rep=0, index=9): OrderedDict([('word', u'green'), ('color', u'green'), ('congruent', 1), ('corrAns', u'down')])
334.0875 	EXP 	stimuli: autoDraw = False
334.0875 	EXP 	hint: autoDraw = False
334.0875 	EXP 	stimuli: color = u'green (named)'
334.0875 	EXP 	stimuli: text = u'green'
334.0875 	EXP 	hint: autoDraw = True
334.6007 	EXP 	stimuli: autoDraw = True
335.3831 	DATA 	Keypress: down
335.3884 	EXP 	New trial (rep=0, index=10): OrderedDict([('word', u'red'), ('color', u'red'), ('congruent', 1), ('corrAns', u'left')])
335.4476 	EXP 	stimuli: autoDraw = False
335.4476 	EXP 	hint: autoDraw = False
335.4476 	EXP 	stimuli: color = u'red (named)'
335.4476 	EXP 	stimuli: text = u'red'
335.4476 	EXP 	hint: autoDraw = True
335.9217 	EXP 	stimuli: autoDraw = True
336.5742 	DATA 	Keypress: left
336.5794 	EXP 	New trial (rep=0, index=11): OrderedDict([('word', u'red'), ('color', u'red'), ('congruent', 1), ('corrAns', u'left')])
336.5936 	EXP 	stimuli: autoDraw = False
336.5936 	EXP 	hint: autoDraw = False
336.5936 	EXP 	stimuli: color = u'red (named)'
336.5936 	EXP 	stimuli: text = u'red'
336.5936 	EXP 	hint: autoDraw = True
337.1015 	EXP 	stimuli: autoDraw = True
337.8546 	DATA 	Keypress: left
337.8598 	EXP 	New trial (rep=0, index=12): OrderedDict([('word', u'blue'), ('color', u'red'), ('congruent', 0), ('corrAns', u'left')])
337.9229 	EXP 	stimuli: autoDraw = False
337.9229 	EXP 	hint: autoDraw = False
337.9229 	EXP 	stimuli: color = u'red (named)'
337.9229 	EXP 	stimuli: text = u'blue'
337.9229 	EXP 	hint: autoDraw = True
338.3886 	EXP 	stimuli: autoDraw = True
339.0593 	DATA 	Keypress: left
339.0789 	EXP 	New trial (rep=0, index=13): OrderedDict([('word', u'red'), ('color', u'green'), ('congruent', 0), ('corrAns', u'down')])
339.1345 	EXP 	stimuli: autoDraw = False
339.1345 	EXP 	hint: autoDraw = False
339.1345 	EXP 	stimuli: color = u'green (named)'
339.1345 	EXP 	stimuli: text = u'red'
339.1345 	EXP 	hint: autoDraw = True
339.6051 	EXP 	stimuli: autoDraw = True
340.2361 	DATA 	Keypress: down
340.2413 	EXP 	New trial (rep=0, index=14): OrderedDict([('word', u'blue'), ('color', u'blue'), ('congruent', 1), ('corrAns', u'right')])
340.2884 	EXP 	stimuli: autoDraw = False
340.2884 	EXP 	hint: autoDraw = False
340.2884 	EXP 	stimuli: color = u'blue (named)'
340.2884 	EXP 	stimuli: text = u'blue'
340.2884 	EXP 	hint: autoDraw = True
340.7723 	EXP 	stimuli: autoDraw = True
341.2716 	DATA 	Keypress: right
341.2762 	EXP 	New trial (rep=0, index=15): OrderedDict([('word', u'red'), ('color', u'red'), ('congruent', 1), ('corrAns', u'left')])
341.3165 	EXP 	stimuli: autoDraw = False
341.3165 	EXP 	hint: autoDraw = False
341.3165 	EXP 	stimuli: color = u'red (named)'
341.3165 	EXP 	stimuli: text = u'red'
341.3165 	EXP 	hint: autoDraw = True
341.8054 	EXP 	stimuli: autoDraw = True
342.6528 	DATA 	Keypress: left
342.6575 	EXP 	New trial (rep=0, index=16): OrderedDict([('word', u'blue'), ('color', u'blue'), ('congruent', 1), ('corrAns', u'right')])
342.7189 	EXP 	stimuli: autoDraw = False
342.7189 	EXP 	hint: autoDraw = False
342.7189 	EXP 	stimuli: color = u'blue (named)'
342.7189 	EXP 	stimuli: text = u'blue'
342.7189 	EXP 	hint: autoDraw = True
343.1897 	EXP 	stimuli: autoDraw = True
344.1636 	DATA 	Keypress: right
344.1802 	EXP 	New trial (rep=0, index=17): OrderedDict([('word', u'blue'), ('color', u'green'), ('congruent', 0), ('corrAns', u'down')])
344.1958 	EXP 	stimuli: autoDraw = False
344.1958 	EXP 	hint: autoDraw = False
344.1958 	EXP 	stimuli: color = u'green (named)'
344.1958 	EXP 	stimuli: text = u'blue'
344.1958 	EXP 	hint: autoDraw = True
344.7035 	EXP 	stimuli: autoDraw = True
345.1638 	DATA 	Keypress: down
345.1804 	EXP 	New trial (rep=0, index=18): OrderedDict([('word', u'green'), ('color', u'green'), ('congruent', 1), ('corrAns', u'down')])
345.2352 	EXP 	stimuli: autoDraw = False
345.2352 	EXP 	hint: autoDraw = False
345.2352 	EXP 	stimuli: color = u'green (named)'
345.2352 	EXP 	stimuli: text = u'green'
345.2352 	EXP 	hint: autoDraw = True
345.7078 	EXP 	stimuli: autoDraw = True
346.4743 	DATA 	Keypress: down
346.4789 	EXP 	New trial (rep=0, index=19): OrderedDict([('word', u'blue'), ('color', u'blue'), ('congruent', 1), ('corrAns', u'right')])
346.5407 	EXP 	stimuli: autoDraw = False
346.5407 	EXP 	hint: autoDraw = False
346.5407 	EXP 	stimuli: color = u'blue (named)'
346.5407 	EXP 	stimuli: text = u'blue'
346.5407 	EXP 	hint: autoDraw = True
347.0071 	EXP 	stimuli: autoDraw = True
348.3908 	DATA 	Keypress: right
348.3953 	EXP 	New trial (rep=0, index=20): OrderedDict([('word', u'red'), ('color', u'red'), ('congruent', 1), ('corrAns', u'left')])
348.4457 	EXP 	stimuli: autoDraw = False
348.4457 	EXP 	hint: autoDraw = False
348.4457 	EXP 	stimuli: color = u'red (named)'
348.4457 	EXP 	stimuli: text = u'red'
348.4457 	EXP 	hint: autoDraw = True
348.9267 	EXP 	stimuli: autoDraw = True
349.4453 	DATA 	Keypress: left
349.4507 	EXP 	New trial (rep=0, index=21): OrderedDict([('word', u'blue'), ('color', u'blue'), ('congruent', 1), ('corrAns', u'right')])
349.5126 	EXP 	stimuli: autoDraw = False
349.5126 	EXP 	hint: autoDraw = False
349.5126 	EXP 	stimuli: color = u'blue (named)'
349.5126 	EXP 	stimuli: text = u'blue'
349.5126 	EXP 	hint: autoDraw = True
349.9745 	EXP 	stimuli: autoDraw = True
351.6621 	DATA 	Keypress: right
351.6668 	EXP 	New trial (rep=0, index=22): OrderedDict([('word', u'red'), ('color', u'red'), ('congruent', 1), ('corrAns', u'left')])
351.7233 	EXP 	stimuli: autoDraw = False
351.7233 	EXP 	hint: autoDraw = False
351.7233 	EXP 	stimuli: color = u'red (named)'
351.7233 	EXP 	stimuli: text = u'red'
351.7233 	EXP 	hint: autoDraw = True
352.1911 	EXP 	stimuli: autoDraw = True
353.5683 	DATA 	Keypress: left
353.5729 	EXP 	New trial (rep=0, index=23): OrderedDict([('word', u'red'), ('color', u'red'), ('congruent', 1), ('corrAns', u'left')])
353.5908 	EXP 	stimuli: autoDraw = False
353.5908 	EXP 	hint: autoDraw = False
353.5908 	EXP 	stimuli: color = u'red (named)'
353.5908 	EXP 	stimuli: text = u'red'
353.5908 	EXP 	hint: autoDraw = True
354.1071 	EXP 	stimuli: autoDraw = True
354.7964 	DATA 	Keypress: left
354.8010 	EXP 	New trial (rep=0, index=24): OrderedDict([('word', u'green'), ('color', u'green'), ('congruent', 1), ('corrAns', u'down')])
354.8685 	EXP 	stimuli: autoDraw = False
354.8685 	EXP 	hint: autoDraw = False
354.8685 	EXP 	stimuli: color = u'green (named)'
354.8685 	EXP 	stimuli: text = u'green'
354.8685 	EXP 	hint: autoDraw = True
355.3258 	EXP 	stimuli: autoDraw = True
355.9224 	DATA 	Keypress: down
355.9270 	EXP 	New trial (rep=0, index=25): OrderedDict([('word', u'red'), ('color', u'red'), ('congruent', 1), ('corrAns', u'left')])
355.9791 	EXP 	stimuli: autoDraw = False
355.9791 	EXP 	hint: autoDraw = False
355.9791 	EXP 	stimuli: color = u'red (named)'
355.9791 	EXP 	stimuli: text = u'red'
355.9791 	EXP 	hint: autoDraw = True
356.4602 	EXP 	stimuli: autoDraw = True
357.0198 	DATA 	Keypress: left
357.0245 	EXP 	New trial (rep=0, index=26): OrderedDict([('word', u'red'), ('color', u'red'), ('congruent', 1), ('corrAns', u'left')])
357.0425 	EXP 	stimuli: autoDraw = False
357.0425 	EXP 	hint: autoDraw = False
357.0425 	EXP 	stimuli: color = u'red (named)'
357.0425 	EXP 	stimuli: text = u'red'
357.0425 	EXP 	hint: autoDraw = True
357.5583 	EXP 	stimuli: autoDraw = True
358.0766 	DATA 	Keypress: left
358.0812 	EXP 	New trial (rep=0, index=27): OrderedDict([('word', u'blue'), ('color', u'blue'), ('congruent', 1), ('corrAns', u'right')])
358.1413 	EXP 	stimuli: autoDraw = False
358.1413 	EXP 	hint: autoDraw = False
358.1413 	EXP 	stimuli: color = u'blue (named)'
358.1413 	EXP 	stimuli: text = u'blue'
358.1413 	EXP 	hint: autoDraw = True
358.6113 	EXP 	stimuli: autoDraw = True
359.2353 	DATA 	Keypress: right
359.2571 	EXP 	New trial (rep=0, index=28): OrderedDict([('word', u'green'), ('color', u'green'), ('congruent', 1), ('corrAns', u'down')])
359.3130 	EXP 	stimuli: autoDraw = False
359.3130 	EXP 	hint: autoDraw = False
359.3130 	EXP 	stimuli: color = u'green (named)'
359.3130 	EXP 	stimuli: text = u'green'
359.3130 	EXP 	hint: autoDraw = True
359.7945 	EXP 	stimuli: autoDraw = True
360.4373 	DATA 	Keypress: down
360.4419 	EXP 	New trial (rep=0, index=29): OrderedDict([('word', u'red'), ('color', u'red'), ('congruent', 1), ('corrAns', u'left')])
360.4842 	EXP 	stimuli: autoDraw = False
360.4842 	EXP 	hint: autoDraw = False
360.4842 	EXP 	stimuli: color = u'red (named)'
360.4842 	EXP 	stimuli: text = u'red'
360.4842 	EXP 	hint: autoDraw = True
360.9783 	EXP 	stimuli: autoDraw = True
361.7308 	DATA 	Keypress: left
361.7358 	EXP 	New trial (rep=0, index=30): OrderedDict([('word', u'green'), ('color', u'red'), ('congruent', 0), ('corrAns', u'left')])
361.8089 	EXP 	stimuli: autoDraw = False
361.8089 	EXP 	hint: autoDraw = False
361.8089 	EXP 	stimuli: color = u'red (named)'
361.8089 	EXP 	stimuli: text = u'green'
361.8089 	EXP 	hint: autoDraw = True
362.2621 	EXP 	stimuli: autoDraw = True
362.9649 	DATA 	Keypress: left
362.9851 	EXP 	New trial (rep=0, index=31): OrderedDict([('word', u'red'), ('color', u'green'), ('congruent', 0), ('corrAns', u'down')])
363.0301 	EXP 	stimuli: autoDraw = False
363.0301 	EXP 	hint: autoDraw = False
363.0301 	EXP 	stimuli: color = u'green (named)'
363.0301 	EXP 	stimuli: text = u'red'
363.0301 	EXP 	hint: autoDraw = True
363.5133 	EXP 	stimuli: autoDraw = True
364.2920 	DATA 	Keypress: down
364.3137 	EXP 	New trial (rep=0, index=32): OrderedDict([('word', u'blue'), ('color', u'red'), ('congruent', 0), ('corrAns', u'left')])
364.3607 	EXP 	stimuli: autoDraw = False
364.3607 	EXP 	hint: autoDraw = False
364.3607 	EXP 	stimuli: color = u'red (named)'
364.3607 	EXP 	stimuli: text = u'blue'
364.3607 	EXP 	hint: autoDraw = True
364.8462 	EXP 	stimuli: autoDraw = True
365.7335 	DATA 	Keypress: left
365.7381 	EXP 	New trial (rep=0, index=33): OrderedDict([('word', u'red'), ('color', u'blue'), ('congruent', 0), ('corrAns', u'right')])
365.7906 	EXP 	stimuli: autoDraw = False
365.7906 	EXP 	hint: autoDraw = False
365.7906 	EXP 	stimuli: color = u'blue (named)'
365.7906 	EXP 	stimuli: text = u'red'
365.7906 	EXP 	hint: autoDraw = True
366.2630 	EXP 	stimuli: autoDraw = True
366.6128 	DATA 	Keypress: right
366.6319 	EXP 	New trial (rep=0, index=34): OrderedDict([('word', u'blue'), ('color', u'blue'), ('congruent', 1), ('corrAns', u'right')])
366.6766 	EXP 	stimuli: autoDraw = False
366.6766 	EXP 	hint: autoDraw = False
366.6766 	EXP 	stimuli: color = u'blue (named)'
366.6766 	EXP 	stimuli: text = u'blue'
366.6766 	EXP 	hint: autoDraw = True
367.1631 	EXP 	stimuli: autoDraw = True
367.7560 	DATA 	Keypress: right
367.7607 	EXP 	New trial (rep=0, index=35): OrderedDict([('word', u'green'), ('color', u'green'), ('congruent', 1), ('corrAns', u'down')])
367.8099 	EXP 	stimuli: autoDraw = False
367.8099 	EXP 	hint: autoDraw = False
367.8099 	EXP 	stimuli: color = u'green (named)'
367.8099 	EXP 	stimuli: text = u'green'
367.8099 	EXP 	hint: autoDraw = True
368.2975 	EXP 	stimuli: autoDraw = True
368.9488 	DATA 	Keypress: left
368.9691 	EXP 	New trial (rep=0, index=36): OrderedDict([('word', u'blue'), ('color', u'blue'), ('congruent', 1), ('corrAns', u'right')])
369.0319 	EXP 	stimuli: autoDraw = False
369.0319 	EXP 	hint: autoDraw = False
369.0319 	EXP 	stimuli: color = u'blue (named)'
369.0319 	EXP 	stimuli: text = u'blue'
369.0319 	EXP 	hint: autoDraw = True
369.4973 	EXP 	stimuli: autoDraw = True
370.1329 	DATA 	Keypress: right
370.1520 	EXP 	New trial (rep=0, index=37): OrderedDict([('word', u'blue'), ('color', u'blue'), ('congruent', 1), ('corrAns', u'right')])
370.1667 	EXP 	stimuli: autoDraw = False
370.1667 	EXP 	hint: autoDraw = False
370.1667 	EXP 	stimuli: color = u'blue (named)'
370.1667 	EXP 	stimuli: text = u'blue'
370.1667 	EXP 	hint: autoDraw = True
370.6801 	EXP 	stimuli: autoDraw = True
371.3312 	DATA 	Keypress: right
371.3358 	EXP 	New trial (rep=0, index=38): OrderedDict([('word', u'red'), ('color', u'red'), ('congruent', 1), ('corrAns', u'left')])
371.3904 	EXP 	stimuli: autoDraw = False
371.3904 	EXP 	hint: autoDraw = False
371.3904 	EXP 	stimuli: color = u'red (named)'
371.3904 	EXP 	stimuli: text = u'red'
371.3904 	EXP 	hint: autoDraw = True
371.8645 	EXP 	stimuli: autoDraw = True
372.6995 	DATA 	Keypress: left
372.7042 	EXP 	New trial (rep=0, index=39): OrderedDict([('word', u'red'), ('color', u'red'), ('congruent', 1), ('corrAns', u'left')])
372.7184 	EXP 	stimuli: autoDraw = False
372.7184 	EXP 	hint: autoDraw = False
372.7184 	EXP 	stimuli: color = u'red (named)'
372.7184 	EXP 	stimuli: text = u'red'
372.7184 	EXP 	hint: autoDraw = True
373.2296 	EXP 	stimuli: autoDraw = True
373.8023 	DATA 	Keypress: left
373.8069 	EXP 	New trial (rep=0, index=40): OrderedDict([('word', u'green'), ('color', u'green'), ('congruent', 1), ('corrAns', u'down')])
373.8787 	EXP 	stimuli: autoDraw = False
373.8787 	EXP 	hint: autoDraw = False
373.8787 	EXP 	stimuli: color = u'green (named)'
373.8787 	EXP 	stimuli: text = u'green'
373.8787 	EXP 	hint: autoDraw = True
374.3316 	EXP 	stimuli: autoDraw = True
374.9823 	DATA 	Keypress: down
374.9870 	EXP 	New trial (rep=0, index=41): OrderedDict([('word', u'blue'), ('color', u'blue'), ('congruent', 1), ('corrAns', u'right')])
375.0326 	EXP 	stimuli: autoDraw = False
375.0326 	EXP 	hint: autoDraw = False
375.0326 	EXP 	stimuli: color = u'blue (named)'
375.0326 	EXP 	stimuli: text = u'blue'
375.0326 	EXP 	hint: autoDraw = True
375.5167 	EXP 	stimuli: autoDraw = True
376.2846 	DATA 	Keypress: right
376.2892 	EXP 	New trial (rep=0, index=42): OrderedDict([('word', u'blue'), ('color', u'blue'), ('congruent', 1), ('corrAns', u'right')])
376.3028 	EXP 	stimuli: autoDraw = False
376.3028 	EXP 	hint: autoDraw = False
376.3028 	EXP 	stimuli: color = u'blue (named)'
376.3028 	EXP 	stimuli: text = u'blue'
376.3028 	EXP 	hint: autoDraw = True
376.8279 	EXP 	stimuli: autoDraw = True
377.5302 	DATA 	Keypress: right
377.5348 	EXP 	New trial (rep=0, index=43): OrderedDict([('word', u'green'), ('color', u'blue'), ('congruent', 0), ('corrAns', u'right')])
377.5836 	EXP 	stimuli: autoDraw = False
377.5836 	EXP 	hint: autoDraw = False
377.5836 	EXP 	stimuli: color = u'blue (named)'
377.5836 	EXP 	stimuli: text = u'green'
377.5836 	EXP 	hint: autoDraw = True
378.0668 	EXP 	stimuli: autoDraw = True
378.6670 	DATA 	Keypress: right
378.6722 	EXP 	New trial (rep=0, index=44): OrderedDict([('word', u'green'), ('color', u'green'), ('congruent', 1), ('corrAns', u'down')])
378.6868 	EXP 	stimuli: autoDraw = False
378.6868 	EXP 	hint: autoDraw = False
378.6868 	EXP 	stimuli: color = u'green (named)'
378.6868 	EXP 	stimuli: text = u'green'
378.6868 	EXP 	hint: autoDraw = True
379.1982 	EXP 	stimuli: autoDraw = True
380.4300 	DATA 	Keypress: down
380.4352 	EXP 	New trial (rep=1, index=0): OrderedDict([('word', u'blue'), ('color', u'blue'), ('congruent', 1), ('corrAns', u'right')])
380.4831 	EXP 	stimuli: autoDraw = False
380.4831 	EXP 	hint: autoDraw = False
380.4831 	EXP 	stimuli: color = u'blue (named)'
380.4831 	EXP 	stimuli: text = u'blue'
380.4831 	EXP 	hint: autoDraw = True
380.9675 	EXP 	stimuli: autoDraw = True
381.7093 	DATA 	Keypress: right
381.7317 	EXP 	New trial (rep=1, index=1): OrderedDict([('word', u'green'), ('color', u'green'), ('congruent', 1), ('corrAns', u'down')])
381.7838 	EXP 	stimuli: autoDraw = False
381.7838 	EXP 	hint: autoDraw = False
381.7838 	EXP 	stimuli: color = u'green (named)'
381.7838 	EXP 	stimuli: text = u'green'
381.7838 	EXP 	hint: autoDraw = True
382.2690 	EXP 	stimuli: autoDraw = True
382.9384 	DATA 	Keypress: down
382.9430 	EXP 	New trial (rep=1, index=2): OrderedDict([('word', u'green'), ('color', u'green'), ('congruent', 1), ('corrAns', u'down')])
382.9572 	EXP 	stimuli: autoDraw = False
382.9572 	EXP 	hint: autoDraw = False
382.9572 	EXP 	stimuli: color = u'green (named)'
382.9572 	EXP 	stimuli: text = u'green'
382.9572 	EXP 	hint: autoDraw = True
383.4670 	EXP 	stimuli: autoDraw = True
384.1720 	DATA 	Keypress: down
384.1767 	EXP 	New trial (rep=1, index=3): OrderedDict([('word', u'green'), ('color', u'green'), ('congruent', 1), ('corrAns', u'down')])
384.1908 	EXP 	stimuli: autoDraw = False
384.1908 	EXP 	hint: autoDraw = False
384.1908 	EXP 	stimuli: color = u'green (named)'
384.1908 	EXP 	stimuli: text = u'green'
384.1908 	EXP 	hint: autoDraw = True
384.7000 	EXP 	stimuli: autoDraw = True
385.3330 	DATA 	Keypress: down
385.3376 	EXP 	New trial (rep=1, index=4): OrderedDict([('word', u'red'), ('color', u'red'), ('congruent', 1), ('corrAns', u'left')])
385.3792 	EXP 	stimuli: autoDraw = False
385.3792 	EXP 	hint: autoDraw = False
385.3792 	EXP 	stimuli: color = u'red (named)'
385.3792 	EXP 	stimuli: text = u'red'
385.3792 	EXP 	hint: autoDraw = True
385.8689 	EXP 	stimuli: autoDraw = True
387.2896 	DATA 	Keypress: left
387.2947 	EXP 	New trial (rep=1, index=5): OrderedDict([('word', u'blue'), ('color', u'green'), ('congruent', 0), ('corrAns', u'down')])
387.3541 	EXP 	stimuli: autoDraw = False
387.3541 	EXP 	hint: autoDraw = False
387.3541 	EXP 	stimuli: color = u'green (named)'
387.3541 	EXP 	stimuli: text = u'blue'
387.3541 	EXP 	hint: autoDraw = True
387.8194 	EXP 	stimuli: autoDraw = True
388.7714 	DATA 	Keypress: down
388.7906 	EXP 	New trial (rep=1, index=6): OrderedDict([('word', u'blue'), ('color', u'blue'), ('congruent', 1), ('corrAns', u'right')])
388.8060 	EXP 	stimuli: autoDraw = False
388.8060 	EXP 	hint: autoDraw = False
388.8060 	EXP 	stimuli: color = u'blue (named)'
388.8060 	EXP 	stimuli: text = u'blue'
388.8060 	EXP 	hint: autoDraw = True
389.3176 	EXP 	stimuli: autoDraw = True
390.7741 	DATA 	Keypress: right
390.7793 	EXP 	New trial (rep=1, index=7): OrderedDict([('word', u'green'), ('color', u'green'), ('congruent', 1), ('corrAns', u'down')])
390.8272 	EXP 	stimuli: autoDraw = False
390.8272 	EXP 	hint: autoDraw = False
390.8272 	EXP 	stimuli: color = u'green (named)'
390.8272 	EXP 	stimuli: text = u'green'
390.8272 	EXP 	hint: autoDraw = True
391.3039 	EXP 	stimuli: autoDraw = True
392.7964 	DATA 	Keypress: down
392.8010 	EXP 	New trial (rep=1, index=8): OrderedDict([('word', u'red'), ('color', u'red'), ('congruent', 1), ('corrAns', u'left')])
392.8433 	EXP 	stimuli: autoDraw = False
392.8433 	EXP 	hint: autoDraw = False
392.8433 	EXP 	stimuli: color = u'red (named)'
392.8433 	EXP 	stimuli: text = u'red'
392.8433 	EXP 	hint: autoDraw = True
393.3372 	EXP 	stimuli: autoDraw = True
394.0186 	DATA 	Keypress: left
394.0352 	EXP 	New trial (rep=1, index=9): OrderedDict([('word', u'blue'), ('color', u'blue'), ('congruent', 1), ('corrAns', u'right')])
394.0631 	EXP 	stimuli: autoDraw = False
394.0631 	EXP 	hint: autoDraw = False
394.0631 	EXP 	stimuli: color = u'blue (named)'
394.0631 	EXP 	stimuli: text = u'blue'
394.0631 	EXP 	hint: autoDraw = True
394.5716 	EXP 	stimuli: autoDraw = True
395.8055 	DATA 	Keypress: right
395.8254 	EXP 	New trial (rep=1, index=10): OrderedDict([('word', u'blue'), ('color', u'blue'), ('congruent', 1), ('corrAns', u'right')])
395.8418 	EXP 	stimuli: autoDraw = False
395.8418 	EXP 	hint: autoDraw = False
395.8418 	EXP 	stimuli: color = u'blue (named)'
395.8418 	EXP 	stimuli: text = u'blue'
395.8418 	EXP 	hint: autoDraw = True
396.3530 	EXP 	stimuli: autoDraw = True
396.9758 	DATA 	Keypress: right
396.9804 	EXP 	New trial (rep=1, index=11): OrderedDict([('word', u'blue'), ('color', u'blue'), ('congruent', 1), ('corrAns', u'right')])
396.9949 	EXP 	stimuli: autoDraw = False
396.9949 	EXP 	hint: autoDraw = False
396.9949 	EXP 	stimuli: color = u'blue (named)'
396.9949 	EXP 	stimuli: text = u'blue'
396.9949 	EXP 	hint: autoDraw = True
397.5194 	EXP 	stimuli: autoDraw = True
398.0524 	DATA 	Keypress: right
398.0724 	EXP 	New trial (rep=1, index=12): OrderedDict([('word', u'red'), ('color', u'red'), ('congruent', 1), ('corrAns', u'left')])
398.1223 	EXP 	stimuli: autoDraw = False
398.1223 	EXP 	hint: autoDraw = False
398.1223 	EXP 	stimuli: color = u'red (named)'
398.1223 	EXP 	stimuli: text = u'red'
398.1223 	EXP 	hint: autoDraw = True
398.6069 	EXP 	stimuli: autoDraw = True
399.6773 	DATA 	Keypress: left
399.6820 	EXP 	New trial (rep=1, index=13): OrderedDict([('word', u'red'), ('color', u'red'), ('congruent', 1), ('corrAns', u'left')])
399.6966 	EXP 	stimuli: autoDraw = False
399.6966 	EXP 	hint: autoDraw = False
399.6966 	EXP 	stimuli: color = u'red (named)'
399.6966 	EXP 	stimuli: text = u'red'
399.6966 	EXP 	hint: autoDraw = True
400.2041 	EXP 	stimuli: autoDraw = True
400.7975 	DATA 	Keypress: left
400.8143 	EXP 	New trial (rep=1, index=14): OrderedDict([('word', u'red'), ('color', u'red'), ('congruent', 1), ('corrAns', u'left')])
400.8293 	EXP 	stimuli: autoDraw = False
400.8293 	EXP 	hint: autoDraw = False
400.8293 	EXP 	stimuli: color = u'red (named)'
400.8293 	EXP 	stimuli: text = u'red'
400.8293 	EXP 	hint: autoDraw = True
401.3382 	EXP 	stimuli: autoDraw = True
401.8366 	DATA 	Keypress: left
401.8418 	EXP 	New trial (rep=1, index=15): OrderedDict([('word', u'red'), ('color', u'red'), ('congruent', 1), ('corrAns', u'left')])
401.8596 	EXP 	stimuli: autoDraw = False
401.8596 	EXP 	hint: autoDraw = False
401.8596 	EXP 	stimuli: color = u'red (named)'
401.8596 	EXP 	stimuli: text = u'red'
401.8596 	EXP 	hint: autoDraw = True
402.3738 	EXP 	stimuli: autoDraw = True
402.9573 	DATA 	Keypress: left
402.9764 	EXP 	New trial (rep=1, index=16): OrderedDict([('word', u'green'), ('color', u'green'), ('congruent', 1), ('corrAns', u'down')])
403.0484 	EXP 	stimuli: autoDraw = False
403.0484 	EXP 	hint: autoDraw = False
403.0484 	EXP 	stimuli: color = u'green (named)'
403.0484 	EXP 	stimuli: text = u'green'
403.0484 	EXP 	hint: autoDraw = True
403.5079 	EXP 	stimuli: autoDraw = True
404.2779 	DATA 	Keypress: down
404.2825 	EXP 	New trial (rep=1, index=17): OrderedDict([('word', u'red'), ('color', u'red'), ('congruent', 1), ('corrAns', u'left')])
404.3261 	EXP 	stimuli: autoDraw = False
404.3261 	EXP 	hint: autoDraw = False
404.3261 	EXP 	stimuli: color = u'red (named)'
404.3261 	EXP 	stimuli: text = u'red'
404.3261 	EXP 	hint: autoDraw = True
404.8088 	EXP 	stimuli: autoDraw = True
405.3675 	DATA 	Keypress: left
405.3726 	EXP 	New trial (rep=1, index=18): OrderedDict([('word', u'green'), ('color', u'green'), ('congruent', 1), ('corrAns', u'down')])
405.4432 	EXP 	stimuli: autoDraw = False
405.4432 	EXP 	hint: autoDraw = False
405.4432 	EXP 	stimuli: color = u'green (named)'
405.4432 	EXP 	stimuli: text = u'green'
405.4432 	EXP 	hint: autoDraw = True
405.9213 	EXP 	stimuli: autoDraw = True
406.4776 	DATA 	Keypress: down
406.4823 	EXP 	New trial (rep=1, index=19): OrderedDict([('word', u'red'), ('color', u'red'), ('congruent', 1), ('corrAns', u'left')])
406.5244 	EXP 	stimuli: autoDraw = False
406.5244 	EXP 	hint: autoDraw = False
406.5244 	EXP 	stimuli: color = u'red (named)'
406.5244 	EXP 	stimuli: text = u'red'
406.5244 	EXP 	hint: autoDraw = True
407.0090 	EXP 	stimuli: autoDraw = True
407.4921 	DATA 	Keypress: left
407.5119 	EXP 	New trial (rep=1, index=20): OrderedDict([('word', u'blue'), ('color', u'blue'), ('congruent', 1), ('corrAns', u'right')])
407.5722 	EXP 	stimuli: autoDraw = False
407.5722 	EXP 	hint: autoDraw = False
407.5722 	EXP 	stimuli: color = u'blue (named)'
407.5722 	EXP 	stimuli: text = u'blue'
407.5722 	EXP 	hint: autoDraw = True
408.0431 	EXP 	stimuli: autoDraw = True
408.5886 	DATA 	Keypress: right
408.5945 	EXP 	New trial (rep=1, index=21): OrderedDict([('word', u'blue'), ('color', u'blue'), ('congruent', 1), ('corrAns', u'right')])
408.6116 	EXP 	stimuli: autoDraw = False
408.6116 	EXP 	hint: autoDraw = False
408.6116 	EXP 	stimuli: color = u'blue (named)'
408.6116 	EXP 	stimuli: text = u'blue'
408.6116 	EXP 	hint: autoDraw = True
409.1241 	EXP 	stimuli: autoDraw = True
409.6299 	DATA 	Keypress: right
409.6345 	EXP 	New trial (rep=1, index=22): OrderedDict([('word', u'green'), ('color', u'green'), ('congruent', 1), ('corrAns', u'down')])
409.6813 	EXP 	stimuli: autoDraw = False
409.6813 	EXP 	hint: autoDraw = False
409.6813 	EXP 	stimuli: color = u'green (named)'
409.6813 	EXP 	stimuli: text = u'green'
409.6813 	EXP 	hint: autoDraw = True
410.1761 	EXP 	stimuli: autoDraw = True
411.2426 	DATA 	Keypress: down
411.2477 	EXP 	New trial (rep=1, index=23): OrderedDict([('word', u'blue'), ('color', u'red'), ('congruent', 0), ('corrAns', u'left')])
411.3084 	EXP 	stimuli: autoDraw = False
411.3084 	EXP 	hint: autoDraw = False
411.3084 	EXP 	stimuli: color = u'red (named)'
411.3084 	EXP 	stimuli: text = u'blue'
411.3084 	EXP 	hint: autoDraw = True
411.7784 	EXP 	stimuli: autoDraw = True
413.3455 	DATA 	Keypress: left
413.3502 	EXP 	New trial (rep=1, index=24): OrderedDict([('word', u'blue'), ('color', u'red'), ('congruent', 0), ('corrAns', u'left')])
413.3646 	EXP 	stimuli: autoDraw = False
413.3646 	EXP 	hint: autoDraw = False
413.3646 	EXP 	stimuli: color = u'red (named)'
413.3646 	EXP 	stimuli: text = u'blue'
413.3646 	EXP 	hint: autoDraw = True
413.8892 	EXP 	stimuli: autoDraw = True
414.3769 	DATA 	Keypress: left
414.3814 	EXP 	New trial (rep=1, index=25): OrderedDict([('word', u'green'), ('color', u'green'), ('congruent', 1), ('corrAns', u'down')])
414.4285 	EXP 	stimuli: autoDraw = False
414.4285 	EXP 	hint: autoDraw = False
414.4285 	EXP 	stimuli: color = u'green (named)'
414.4285 	EXP 	stimuli: text = u'green'
414.4285 	EXP 	hint: autoDraw = True
414.9104 	EXP 	stimuli: autoDraw = True
415.5489 	DATA 	Keypress: down
415.5536 	EXP 	New trial (rep=1, index=26): OrderedDict([('word', u'green'), ('color', u'green'), ('congruent', 1), ('corrAns', u'down')])
415.5682 	EXP 	stimuli: autoDraw = False
415.5682 	EXP 	hint: autoDraw = False
415.5682 	EXP 	stimuli: color = u'green (named)'
415.5682 	EXP 	stimuli: text = u'green'
415.5682 	EXP 	hint: autoDraw = True
416.0763 	EXP 	stimuli: autoDraw = True
416.7307 	DATA 	Keypress: down
416.7524 	EXP 	New trial (rep=1, index=27): OrderedDict([('word', u'green'), ('color', u'green'), ('congruent', 1), ('corrAns', u'down')])
416.7667 	EXP 	stimuli: autoDraw = False
416.7667 	EXP 	hint: autoDraw = False
416.7667 	EXP 	stimuli: color = u'green (named)'
416.7667 	EXP 	stimuli: text = u'green'
416.7667 	EXP 	hint: autoDraw = True
417.2760 	EXP 	stimuli: autoDraw = True
417.7940 	DATA 	Keypress: down
417.7991 	EXP 	New trial (rep=1, index=28): OrderedDict([('word', u'blue'), ('color', u'blue'), ('congruent', 1), ('corrAns', u'right')])
417.8426 	EXP 	stimuli: autoDraw = False
417.8426 	EXP 	hint: autoDraw = False
417.8426 	EXP 	stimuli: color = u'blue (named)'
417.8426 	EXP 	stimuli: text = u'blue'
417.8426 	EXP 	hint: autoDraw = True
418.3269 	EXP 	stimuli: autoDraw = True
418.9051 	DATA 	Keypress: right
418.9097 	EXP 	New trial (rep=1, index=29): OrderedDict([('word', u'red'), ('color', u'red'), ('congruent', 1), ('corrAns', u'left')])
418.9651 	EXP 	stimuli: autoDraw = False
418.9651 	EXP 	hint: autoDraw = False
418.9651 	EXP 	stimuli: color = u'red (named)'
418.9651 	EXP 	stimuli: text = u'red'
418.9651 	EXP 	hint: autoDraw = True
419.4447 	EXP 	stimuli: autoDraw = True
420.4152 	DATA 	Keypress: left
420.4206 	EXP 	New trial (rep=1, index=30): OrderedDict([('word', u'green'), ('color', u'green'), ('congruent', 1), ('corrAns', u'down')])
420.4915 	EXP 	stimuli: autoDraw = False
420.4915 	EXP 	hint: autoDraw = False
420.4915 	EXP 	stimuli: color = u'green (named)'
420.4915 	EXP 	stimuli: text = u'green'
420.4915 	EXP 	hint: autoDraw = True
420.9458 	EXP 	stimuli: autoDraw = True
421.7170 	DATA 	Keypress: down
421.7216 	EXP 	New trial (rep=1, index=31): OrderedDict([('word', u'blue'), ('color', u'blue'), ('congruent', 1), ('corrAns', u'right')])
421.7818 	EXP 	stimuli: autoDraw = False
421.7818 	EXP 	hint: autoDraw = False
421.7818 	EXP 	stimuli: color = u'blue (named)'
421.7818 	EXP 	stimuli: text = u'blue'
421.7818 	EXP 	hint: autoDraw = True
422.2475 	EXP 	stimuli: autoDraw = True
422.9093 	DATA 	Keypress: right
422.9129 	EXP 	New trial (rep=1, index=32): OrderedDict([('word', u'red'), ('color', u'blue'), ('congruent', 0), ('corrAns', u'right')])
422.9479 	EXP 	stimuli: autoDraw = False
422.9479 	EXP 	hint: autoDraw = False
422.9479 	EXP 	stimuli: color = u'blue (named)'
422.9479 	EXP 	stimuli: text = u'red'
422.9479 	EXP 	hint: autoDraw = True
423.4475 	EXP 	stimuli: autoDraw = True
424.1926 	DATA 	Keypress: right
424.1950 	EXP 	New trial (rep=1, index=33): OrderedDict([('word', u'red'), ('color', u'green'), ('congruent', 0), ('corrAns', u'down')])
424.2105 	EXP 	stimuli: autoDraw = False
424.2105 	EXP 	hint: autoDraw = False
424.2105 	EXP 	stimuli: color = u'green (named)'
424.2105 	EXP 	stimuli: text = u'red'
424.2105 	EXP 	hint: autoDraw = True
424.7285 	EXP 	stimuli: autoDraw = True
425.4685 	DATA 	Keypress: down
425.4733 	EXP 	New trial (rep=1, index=34): OrderedDict([('word', u'green'), ('color', u'blue'), ('congruent', 0), ('corrAns', u'right')])
425.5214 	EXP 	stimuli: autoDraw = False
425.5214 	EXP 	hint: autoDraw = False
425.5214 	EXP 	stimuli: color = u'blue (named)'
425.5214 	EXP 	stimuli: text = u'green'
425.5214 	EXP 	hint: autoDraw = True
425.9981 	EXP 	stimuli: autoDraw = True
426.7017 	DATA 	Keypress: right
426.7063 	EXP 	New trial (rep=1, index=35): OrderedDict([('word', u'green'), ('color', u'blue'), ('congruent', 0), ('corrAns', u'right')])
426.7206 	EXP 	stimuli: autoDraw = False
426.7206 	EXP 	hint: autoDraw = False
426.7206 	EXP 	stimuli: color = u'blue (named)'
426.7206 	EXP 	stimuli: text = u'green'
426.7206 	EXP 	hint: autoDraw = True
427.2293 	EXP 	stimuli: autoDraw = True
428.6845 	DATA 	Keypress: right
428.6895 	EXP 	New trial (rep=1, index=36): OrderedDict([('word', u'blue'), ('color', u'blue'), ('congruent', 1), ('corrAns', u'right')])
428.7507 	EXP 	stimuli: autoDraw = False
428.7507 	EXP 	hint: autoDraw = False
428.7507 	EXP 	stimuli: color = u'blue (named)'
428.7507 	EXP 	stimuli: text = u'blue'
428.7507 	EXP 	hint: autoDraw = True
429.2185 	EXP 	stimuli: autoDraw = True
430.7010 	DATA 	Keypress: right
430.7056 	EXP 	New trial (rep=1, index=37): OrderedDict([('word', u'red'), ('color', u'red'), ('congruent', 1), ('corrAns', u'left')])
430.7662 	EXP 	stimuli: autoDraw = False
430.7662 	EXP 	hint: autoDraw = False
430.7662 	EXP 	stimuli: color = u'red (named)'
430.7662 	EXP 	stimuli: text = u'red'
430.7662 	EXP 	hint: autoDraw = True
431.2330 	EXP 	stimuli: autoDraw = True
432.8999 	DATA 	Keypress: left
432.9195 	EXP 	New trial (rep=1, index=38): OrderedDict([('word', u'green'), ('color', u'red'), ('congruent', 0), ('corrAns', u'left')])
432.9902 	EXP 	stimuli: autoDraw = False
432.9902 	EXP 	hint: autoDraw = False
432.9902 	EXP 	stimuli: color = u'red (named)'
432.9902 	EXP 	stimuli: text = u'green'
432.9902 	EXP 	hint: autoDraw = True
433.4504 	EXP 	stimuli: autoDraw = True
434.1184 	DATA 	Keypress: left
434.1237 	EXP 	New trial (rep=1, index=39): OrderedDict([('word', u'red'), ('color', u'red'), ('congruent', 1), ('corrAns', u'left')])
434.1701 	EXP 	stimuli: autoDraw = False
434.1701 	EXP 	hint: autoDraw = False
434.1701 	EXP 	stimuli: color = u'red (named)'
434.1701 	EXP 	stimuli: text = u'red'
434.1701 	EXP 	hint: autoDraw = True
434.6530 	EXP 	stimuli: autoDraw = True
435.3268 	DATA 	Keypress: left
435.3313 	EXP 	New trial (rep=1, index=40): OrderedDict([('word', u'red'), ('color', u'red'), ('congruent', 1), ('corrAns', u'left')])
435.3485 	EXP 	stimuli: autoDraw = False
435.3485 	EXP 	hint: autoDraw = False
435.3485 	EXP 	stimuli: color = u'red (named)'
435.3485 	EXP 	stimuli: text = u'red'
435.3485 	EXP 	hint: autoDraw = True
435.8655 	EXP 	stimuli: autoDraw = True
436.4752 	DATA 	Keypress: left
436.4918 	EXP 	New trial (rep=1, index=41): OrderedDict([('word', u'red'), ('color', u'green'), ('congruent', 0), ('corrAns', u'down')])
436.5060 	EXP 	stimuli: autoDraw = False
436.5060 	EXP 	hint: autoDraw = False
436.5060 	EXP 	stimuli: color = u'green (named)'
436.5060 	EXP 	stimuli: text = u'red'
436.5060 	EXP 	hint: autoDraw = True
437.0159 	EXP 	stimuli: autoDraw = True
437.8227 	DATA 	Keypress: down
437.8280 	EXP 	New trial (rep=1, index=42): OrderedDict([('word', u'green'), ('color', u'green'), ('congruent', 1), ('corrAns', u'down')])
437.8886 	EXP 	stimuli: autoDraw = False
437.8886 	EXP 	hint: autoDraw = False
437.8886 	EXP 	stimuli: color = u'green (named)'
437.8886 	EXP 	stimuli: text = u'green'
437.8886 	EXP 	hint: autoDraw = True
438.3521 	EXP 	stimuli: autoDraw = True
439.0055 	DATA 	Keypress: down
439.0101 	EXP 	New trial (rep=1, index=43): OrderedDict([('word', u'blue'), ('color', u'blue'), ('congruent', 1), ('corrAns', u'right')])
439.0604 	EXP 	stimuli: autoDraw = False
439.0604 	EXP 	hint: autoDraw = False
439.0604 	EXP 	stimuli: color = u'blue (named)'
439.0604 	EXP 	stimuli: text = u'blue'
439.0604 	EXP 	hint: autoDraw = True
439.5359 	EXP 	stimuli: autoDraw = True
440.1726 	DATA 	Keypress: right
440.1772 	EXP 	New trial (rep=1, index=44): OrderedDict([('word', u'blue'), ('color', u'blue'), ('congruent', 1), ('corrAns', u'right')])
440.1914 	EXP 	stimuli: autoDraw = False
440.1914 	EXP 	hint: autoDraw = False
440.1914 	EXP 	stimuli: color = u'blue (named)'
440.1914 	EXP 	stimuli: text = u'blue'
440.1914 	EXP 	hint: autoDraw = True
440.7008 	EXP 	stimuli: autoDraw = True
441.3078 	DATA 	Keypress: right
441.3272 	EXP 	New trial (rep=2, index=0): OrderedDict([('word', u'red'), ('color', u'red'), ('congruent', 1), ('corrAns', u'left')])
441.3842 	EXP 	stimuli: autoDraw = False
441.3842 	EXP 	hint: autoDraw = False
441.3842 	EXP 	stimuli: color = u'red (named)'
441.3842 	EXP 	stimuli: text = u'red'
441.3842 	EXP 	hint: autoDraw = True
441.8531 	EXP 	stimuli: autoDraw = True
442.4623 	DATA 	Keypress: left
442.4675 	EXP 	New trial (rep=2, index=1): OrderedDict([('word', u'red'), ('color', u'red'), ('congruent', 1), ('corrAns', u'left')])
442.4847 	EXP 	stimuli: autoDraw = False
442.4847 	EXP 	hint: autoDraw = False
442.4847 	EXP 	stimuli: color = u'red (named)'
442.4847 	EXP 	stimuli: text = u'red'
442.4847 	EXP 	hint: autoDraw = True
443.0017 	EXP 	stimuli: autoDraw = True
443.6200 	DATA 	Keypress: left
443.6391 	EXP 	New trial (rep=2, index=2): OrderedDict([('word', u'blue'), ('color', u'blue'), ('congruent', 1), ('corrAns', u'right')])
443.6881 	EXP 	stimuli: autoDraw = False
443.6881 	EXP 	hint: autoDraw = False
443.6881 	EXP 	stimuli: color = u'blue (named)'
443.6881 	EXP 	stimuli: text = u'blue'
443.6881 	EXP 	hint: autoDraw = True
444.1708 	EXP 	stimuli: autoDraw = True
444.7870 	DATA 	Keypress: right
444.8065 	EXP 	New trial (rep=2, index=3): OrderedDict([('word', u'red'), ('color', u'red'), ('congruent', 1), ('corrAns', u'left')])
444.8635 	EXP 	stimuli: autoDraw = False
444.8635 	EXP 	hint: autoDraw = False
444.8635 	EXP 	stimuli: color = u'red (named)'
444.8635 	EXP 	stimuli: text = u'red'
444.8635 	EXP 	hint: autoDraw = True
445.3386 	EXP 	stimuli: autoDraw = True
446.1231 	DATA 	Keypress: left
446.1283 	EXP 	New trial (rep=2, index=4): OrderedDict([('word', u'green'), ('color', u'red'), ('congruent', 0), ('corrAns', u'left')])
446.1976 	EXP 	stimuli: autoDraw = False
446.1976 	EXP 	hint: autoDraw = False
446.1976 	EXP 	stimuli: color = u'red (named)'
446.1976 	EXP 	stimuli: text = u'green'
446.1976 	EXP 	hint: autoDraw = True
446.6559 	EXP 	stimuli: autoDraw = True
447.3789 	DATA 	Keypress: left
447.4009 	EXP 	New trial (rep=2, index=5): OrderedDict([('word', u'blue'), ('color', u'red'), ('congruent', 0), ('corrAns', u'left')])
447.4450 	EXP 	stimuli: autoDraw = False
447.4450 	EXP 	hint: autoDraw = False
447.4450 	EXP 	stimuli: color = u'red (named)'
447.4450 	EXP 	stimuli: text = u'blue'
447.4450 	EXP 	hint: autoDraw = True
447.9380 	EXP 	stimuli: autoDraw = True
448.6846 	DATA 	Keypress: left
448.7070 	EXP 	New trial (rep=2, index=6): OrderedDict([('word', u'red'), ('color', u'red'), ('congruent', 1), ('corrAns', u'left')])
448.7520 	EXP 	stimuli: autoDraw = False
448.7520 	EXP 	hint: autoDraw = False
448.7520 	EXP 	stimuli: color = u'red (named)'
448.7520 	EXP 	stimuli: text = u'red'
448.7520 	EXP 	hint: autoDraw = True
449.2410 	EXP 	stimuli: autoDraw = True
449.8397 	DATA 	Keypress: left
449.8450 	EXP 	New trial (rep=2, index=7): OrderedDict([('word', u'green'), ('color', u'green'), ('congruent', 1), ('corrAns', u'down')])
449.9148 	EXP 	stimuli: autoDraw = False
449.9148 	EXP 	hint: autoDraw = False
449.9148 	EXP 	stimuli: color = u'green (named)'
449.9148 	EXP 	stimuli: text = u'green'
449.9148 	EXP 	hint: autoDraw = True
450.3726 	EXP 	stimuli: autoDraw = True
451.1686 	DATA 	Keypress: down
451.1737 	EXP 	New trial (rep=2, index=8): OrderedDict([('word', u'red'), ('color', u'red'), ('congruent', 1), ('corrAns', u'left')])
451.2200 	EXP 	stimuli: autoDraw = False
451.2200 	EXP 	hint: autoDraw = False
451.2200 	EXP 	stimuli: color = u'red (named)'
451.2200 	EXP 	stimuli: text = u'red'
451.2200 	EXP 	hint: autoDraw = True
451.7058 	EXP 	stimuli: autoDraw = True
452.3265 	DATA 	Keypress: left
452.3326 	EXP 	New trial (rep=2, index=9): OrderedDict([('word', u'blue'), ('color', u'blue'), ('congruent', 1), ('corrAns', u'right')])
452.3932 	EXP 	stimuli: autoDraw = False
452.3932 	EXP 	hint: autoDraw = False
452.3932 	EXP 	stimuli: color = u'blue (named)'
452.3932 	EXP 	stimuli: text = u'blue'
452.3932 	EXP 	hint: autoDraw = True
452.8573 	EXP 	stimuli: autoDraw = True
453.5025 	DATA 	Keypress: right
453.5071 	EXP 	New trial (rep=2, index=10): OrderedDict([('word', u'red'), ('color', u'red'), ('congruent', 1), ('corrAns', u'left')])
453.5427 	EXP 	stimuli: autoDraw = False
453.5427 	EXP 	hint: autoDraw = False
453.5427 	EXP 	stimuli: color = u'red (named)'
453.5427 	EXP 	stimuli: text = u'red'
453.5427 	EXP 	hint: autoDraw = True
454.0407 	EXP 	stimuli: autoDraw = True
454.7565 	DATA 	Keypress: left
454.7611 	EXP 	New trial (rep=2, index=11): OrderedDict([('word', u'green'), ('color', u'green'), ('congruent', 1), ('corrAns', u'down')])
454.8318 	EXP 	stimuli: autoDraw = False
454.8318 	EXP 	hint: autoDraw = False
454.8318 	EXP 	stimuli: color = u'green (named)'
454.8318 	EXP 	stimuli: text = u'green'
454.8318 	EXP 	hint: autoDraw = True
455.2910 	EXP 	stimuli: autoDraw = True
456.7573 	DATA 	Keypress: down
456.7765 	EXP 	New trial (rep=2, index=12): OrderedDict([('word', u'red'), ('color', u'red'), ('congruent', 1), ('corrAns', u'left')])
456.8194 	EXP 	stimuli: autoDraw = False
456.8194 	EXP 	hint: autoDraw = False
456.8194 	EXP 	stimuli: color = u'red (named)'
456.8194 	EXP 	stimuli: text = u'red'
456.8194 	EXP 	hint: autoDraw = True
457.3072 	EXP 	stimuli: autoDraw = True
458.0005 	DATA 	Keypress: left
458.0050 	EXP 	New trial (rep=2, index=13): OrderedDict([('word', u'blue'), ('color', u'blue'), ('congruent', 1), ('corrAns', u'right')])
458.0414 	EXP 	stimuli: autoDraw = False
458.0414 	EXP 	hint: autoDraw = False
458.0414 	EXP 	stimuli: color = u'blue (named)'
458.0414 	EXP 	stimuli: text = u'blue'
458.0414 	EXP 	hint: autoDraw = True
458.5409 	EXP 	stimuli: autoDraw = True
459.1928 	DATA 	Keypress: right
459.1975 	EXP 	New trial (rep=2, index=14): OrderedDict([('word', u'green'), ('color', u'green'), ('congruent', 1), ('corrAns', u'down')])
459.2641 	EXP 	stimuli: autoDraw = False
459.2641 	EXP 	hint: autoDraw = False
459.2641 	EXP 	stimuli: color = u'green (named)'
459.2641 	EXP 	stimuli: text = u'green'
459.2641 	EXP 	hint: autoDraw = True
459.7254 	EXP 	stimuli: autoDraw = True
460.4286 	DATA 	Keypress: down
460.4482 	EXP 	New trial (rep=2, index=15): OrderedDict([('word', u'green'), ('color', u'green'), ('congruent', 1), ('corrAns', u'down')])
460.4626 	EXP 	stimuli: autoDraw = False
460.4626 	EXP 	hint: autoDraw = False
460.4626 	EXP 	stimuli: color = u'green (named)'
460.4626 	EXP 	stimuli: text = u'green'
460.4626 	EXP 	hint: autoDraw = True
460.9730 	EXP 	stimuli: autoDraw = True
461.6138 	DATA 	Keypress: down
461.6333 	EXP 	New trial (rep=2, index=16): OrderedDict([('word', u'green'), ('color', u'green'), ('congruent', 1), ('corrAns', u'down')])
461.6480 	EXP 	stimuli: autoDraw = False
461.6480 	EXP 	hint: autoDraw = False
461.6480 	EXP 	stimuli: color = u'green (named)'
461.6480 	EXP 	stimuli: text = u'green'
461.6480 	EXP 	hint: autoDraw = True
462.1569 	EXP 	stimuli: autoDraw = True
462.6464 	DATA 	Keypress: down
462.6510 	EXP 	New trial (rep=2, index=17): OrderedDict([('word', u'blue'), ('color', u'blue'), ('congruent', 1), ('corrAns', u'right')])
462.6941 	EXP 	stimuli: autoDraw = False
462.6941 	EXP 	hint: autoDraw = False
462.6941 	EXP 	stimuli: color = u'blue (named)'
462.6941 	EXP 	stimuli: text = u'blue'
462.6941 	EXP 	hint: autoDraw = True
463.1761 	EXP 	stimuli: autoDraw = True
463.8522 	DATA 	Keypress: right
463.8575 	EXP 	New trial (rep=2, index=18): OrderedDict([('word', u'green'), ('color', u'green'), ('congruent', 1), ('corrAns', u'down')])
463.9043 	EXP 	stimuli: autoDraw = False
463.9043 	EXP 	hint: autoDraw = False
463.9043 	EXP 	stimuli: color = u'green (named)'
463.9043 	EXP 	stimuli: text = u'green'
463.9043 	EXP 	hint: autoDraw = True
464.3918 	EXP 	stimuli: autoDraw = True
465.2693 	DATA 	Keypress: down
465.2739 	EXP 	New trial (rep=2, index=19): OrderedDict([('word', u'red'), ('color', u'red'), ('congruent', 1), ('corrAns', u'left')])
465.3318 	EXP 	stimuli: autoDraw = False
465.3318 	EXP 	hint: autoDraw = False
465.3318 	EXP 	stimuli: color = u'red (named)'
465.3318 	EXP 	stimuli: text = u'red'
465.3318 	EXP 	hint: autoDraw = True
465.8107 	EXP 	stimuli: autoDraw = True
466.4447 	DATA 	Keypress: left
466.4499 	EXP 	New trial (rep=2, index=20): OrderedDict([('word', u'blue'), ('color', u'blue'), ('congruent', 1), ('corrAns', u'right')])
466.5098 	EXP 	stimuli: autoDraw = False
466.5098 	EXP 	hint: autoDraw = False
466.5098 	EXP 	stimuli: color = u'blue (named)'
466.5098 	EXP 	stimuli: text = u'blue'
466.5098 	EXP 	hint: autoDraw = True
466.9770 	EXP 	stimuli: autoDraw = True
467.6440 	DATA 	Keypress: right
467.6631 	EXP 	New trial (rep=2, index=21): OrderedDict([('word', u'red'), ('color', u'red'), ('congruent', 1), ('corrAns', u'left')])
467.7045 	EXP 	stimuli: autoDraw = False
467.7045 	EXP 	hint: autoDraw = False
467.7045 	EXP 	stimuli: color = u'red (named)'
467.7045 	EXP 	stimuli: text = u'red'
467.7045 	EXP 	hint: autoDraw = True
468.1940 	EXP 	stimuli: autoDraw = True
468.8913 	DATA 	Keypress: left
468.9111 	EXP 	New trial (rep=2, index=22): OrderedDict([('word', u'green'), ('color', u'green'), ('congruent', 1), ('corrAns', u'down')])
468.9640 	EXP 	stimuli: autoDraw = False
468.9640 	EXP 	hint: autoDraw = False
468.9640 	EXP 	stimuli: color = u'green (named)'
468.9640 	EXP 	stimuli: text = u'green'
468.9640 	EXP 	hint: autoDraw = True
469.4447 	EXP 	stimuli: autoDraw = True
470.1167 	DATA 	Keypress: right
470.1356 	EXP 	New trial (rep=2, index=23): OrderedDict([('word', u'green'), ('color', u'green'), ('congruent', 1), ('corrAns', u'down')])
470.1504 	EXP 	stimuli: autoDraw = False
470.1504 	EXP 	hint: autoDraw = False
470.1504 	EXP 	stimuli: color = u'green (named)'
470.1504 	EXP 	stimuli: text = u'green'
470.1504 	EXP 	hint: autoDraw = True
470.6593 	EXP 	stimuli: autoDraw = True
471.9656 	DATA 	Keypress: down
471.9848 	EXP 	New trial (rep=2, index=24): OrderedDict([('word', u'blue'), ('color', u'blue'), ('congruent', 1), ('corrAns', u'right')])
472.0462 	EXP 	stimuli: autoDraw = False
472.0462 	EXP 	hint: autoDraw = False
472.0462 	EXP 	stimuli: color = u'blue (named)'
472.0462 	EXP 	stimuli: text = u'blue'
472.0462 	EXP 	hint: autoDraw = True
472.5122 	EXP 	stimuli: autoDraw = True
473.1793 	DATA 	Keypress: right
473.1993 	EXP 	New trial (rep=2, index=25): OrderedDict([('word', u'green'), ('color', u'blue'), ('congruent', 0), ('corrAns', u'right')])
473.2530 	EXP 	stimuli: autoDraw = False
473.2530 	EXP 	hint: autoDraw = False
473.2530 	EXP 	stimuli: color = u'blue (named)'
473.2530 	EXP 	stimuli: text = u'green'
473.2530 	EXP 	hint: autoDraw = True
473.7296 	EXP 	stimuli: autoDraw = True
474.3223 	DATA 	Keypress: right
474.3461 	EXP 	New trial (rep=2, index=26): OrderedDict([('word', u'blue'), ('color', u'blue'), ('congruent', 1), ('corrAns', u'right')])
474.3911 	EXP 	stimuli: autoDraw = False
474.3911 	EXP 	hint: autoDraw = False
474.3911 	EXP 	stimuli: color = u'blue (named)'
474.3911 	EXP 	stimuli: text = u'blue'
474.3911 	EXP 	hint: autoDraw = True
474.8783 	EXP 	stimuli: autoDraw = True
475.5562 	DATA 	Keypress: right
475.5615 	EXP 	New trial (rep=2, index=27): OrderedDict([('word', u'red'), ('color', u'green'), ('congruent', 0), ('corrAns', u'down')])
475.6157 	EXP 	stimuli: autoDraw = False
475.6157 	EXP 	hint: autoDraw = False
475.6157 	EXP 	stimuli: color = u'green (named)'
475.6157 	EXP 	stimuli: text = u'red'
475.6157 	EXP 	hint: autoDraw = True
476.0966 	EXP 	stimuli: autoDraw = True
476.9597 	DATA 	Keypress: down
476.9647 	EXP 	New trial (rep=2, index=28): OrderedDict([('word', u'red'), ('color', u'red'), ('congruent', 1), ('corrAns', u'left')])
476.9828 	EXP 	stimuli: autoDraw = False
476.9828 	EXP 	hint: autoDraw = False
476.9828 	EXP 	stimuli: color = u'red (named)'
476.9828 	EXP 	stimuli: text = u'red'
476.9828 	EXP 	hint: autoDraw = True
477.4948 	EXP 	stimuli: autoDraw = True
478.0844 	DATA 	Keypress: left
478.0890 	EXP 	New trial (rep=2, index=29): OrderedDict([('word', u'blue'), ('color', u'red'), ('congruent', 0), ('corrAns', u'left')])
478.1403 	EXP 	stimuli: autoDraw = False
478.1403 	EXP 	hint: autoDraw = False
478.1403 	EXP 	stimuli: color = u'red (named)'
478.1403 	EXP 	stimuli: text = u'blue'
478.1403 	EXP 	hint: autoDraw = True
478.6154 	EXP 	stimuli: autoDraw = True
479.2522 	DATA 	Keypress: left
479.2569 	EXP 	New trial (rep=2, index=30): OrderedDict([('word', u'green'), ('color', u'blue'), ('congruent', 0), ('corrAns', u'right')])
479.3280 	EXP 	stimuli: autoDraw = False
479.3280 	EXP 	hint: autoDraw = False
479.3280 	EXP 	stimuli: color = u'blue (named)'
479.3280 	EXP 	stimuli: text = u'green'
479.3280 	EXP 	hint: autoDraw = True
479.7813 	EXP 	stimuli: autoDraw = True
481.1724 	DATA 	Keypress: right
481.1897 	EXP 	New trial (rep=2, index=31): OrderedDict([('word', u'blue'), ('color', u'blue'), ('congruent', 1), ('corrAns', u'right')])
481.2295 	EXP 	stimuli: autoDraw = False
481.2295 	EXP 	hint: autoDraw = False
481.2295 	EXP 	stimuli: color = u'blue (named)'
481.2295 	EXP 	stimuli: text = u'blue'
481.2295 	EXP 	hint: autoDraw = True
481.7154 	EXP 	stimuli: autoDraw = True
482.2854 	DATA 	Keypress: right
482.2901 	EXP 	New trial (rep=2, index=32): OrderedDict([('word', u'blue'), ('color', u'blue'), ('congruent', 1), ('corrAns', u'right')])
482.3044 	EXP 	stimuli: autoDraw = False
482.3044 	EXP 	hint: autoDraw = False
482.3044 	EXP 	stimuli: color = u'blue (named)'
482.3044 	EXP 	stimuli: text = u'blue'
482.3044 	EXP 	hint: autoDraw = True
482.8136 	EXP 	stimuli: autoDraw = True
483.3336 	DATA 	Keypress: right
483.3383 	EXP 	New trial (rep=2, index=33): OrderedDict([('word', u'red'), ('color', u'red'), ('congruent', 1), ('corrAns', u'left')])
483.3790 	EXP 	stimuli: autoDraw = False
483.3790 	EXP 	hint: autoDraw = False
483.3790 	EXP 	stimuli: color = u'red (named)'
483.3790 	EXP 	stimuli: text = u'red'
483.3790 	EXP 	hint: autoDraw = True
483.8676 	EXP 	stimuli: autoDraw = True
484.7706 	DATA 	Keypress: left
484.7908 	EXP 	New trial (rep=2, index=34): OrderedDict([('word', u'blue'), ('color', u'blue'), ('congruent', 1), ('corrAns', u'right')])
484.8524 	EXP 	stimuli: autoDraw = False
484.8524 	EXP 	hint: autoDraw = False
484.8524 	EXP 	stimuli: color = u'blue (named)'
484.8524 	EXP 	stimuli: text = u'blue'
484.8524 	EXP 	hint: autoDraw = True
485.3169 	EXP 	stimuli: autoDraw = True
486.0199 	DATA 	Keypress: right
486.0246 	EXP 	New trial (rep=2, index=35): OrderedDict([('word', u'green'), ('color', u'green'), ('congruent', 1), ('corrAns', u'down')])
486.0747 	EXP 	stimuli: autoDraw = False
486.0747 	EXP 	hint: autoDraw = False
486.0747 	EXP 	stimuli: color = u'green (named)'
486.0747 	EXP 	stimuli: text = u'green'
486.0747 	EXP 	hint: autoDraw = True
486.5498 	EXP 	stimuli: autoDraw = True
487.2223 	DATA 	Keypress: down
487.2270 	EXP 	New trial (rep=2, index=36): OrderedDict([('word', u'green'), ('color', u'green'), ('congruent', 1), ('corrAns', u'down')])
487.2416 	EXP 	stimuli: autoDraw = False
487.2416 	EXP 	hint: autoDraw = False
487.2416 	EXP 	stimuli: color = u'green (named)'
487.2416 	EXP 	stimuli: text = u'green'
487.2416 	EXP 	hint: autoDraw = True
487.7479 	EXP 	stimuli: autoDraw = True
488.3015 	DATA 	Keypress: down
488.3062 	EXP 	New trial (rep=2, index=37): OrderedDict([('word', u'red'), ('color', u'blue'), ('congruent', 0), ('corrAns', u'right')])
488.3505 	EXP 	stimuli: autoDraw = False
488.3505 	EXP 	hint: autoDraw = False
488.3505 	EXP 	stimuli: color = u'blue (named)'
488.3505 	EXP 	stimuli: text = u'red'
488.3505 	EXP 	hint: autoDraw = True
488.8347 	EXP 	stimuli: autoDraw = True
490.4843 	DATA 	Keypress: right
490.5037 	EXP 	New trial (rep=2, index=38): OrderedDict([('word', u'blue'), ('color', u'blue'), ('congruent', 1), ('corrAns', u'right')])
490.5549 	EXP 	stimuli: autoDraw = False
490.5549 	EXP 	hint: autoDraw = False
490.5549 	EXP 	stimuli: color = u'blue (named)'
490.5549 	EXP 	stimuli: text = u'blue'
490.5549 	EXP 	hint: autoDraw = True
491.0346 	EXP 	stimuli: autoDraw = True
491.7011 	DATA 	Keypress: right
491.7057 	EXP 	New trial (rep=2, index=39): OrderedDict([('word', u'blue'), ('color', u'green'), ('congruent', 0), ('corrAns', u'down')])
491.7207 	EXP 	stimuli: autoDraw = False
491.7207 	EXP 	hint: autoDraw = False
491.7207 	EXP 	stimuli: color = u'green (named)'
491.7207 	EXP 	stimuli: text = u'blue'
491.7207 	EXP 	hint: autoDraw = True
492.2332 	EXP 	stimuli: autoDraw = True
493.1450 	DATA 	Keypress: down
493.1497 	EXP 	New trial (rep=2, index=40): OrderedDict([('word', u'blue'), ('color', u'blue'), ('congruent', 1), ('corrAns', u'right')])
493.1677 	EXP 	stimuli: autoDraw = False
493.1677 	EXP 	hint: autoDraw = False
493.1677 	EXP 	stimuli: color = u'blue (named)'
493.1677 	EXP 	stimuli: text = u'blue'
493.1677 	EXP 	hint: autoDraw = True
493.6850 	EXP 	stimuli: autoDraw = True
494.3532 	DATA 	Keypress: right
494.3584 	EXP 	New trial (rep=2, index=41): OrderedDict([('word', u'red'), ('color', u'green'), ('congruent', 0), ('corrAns', u'down')])
494.4036 	EXP 	stimuli: autoDraw = False
494.4036 	EXP 	hint: autoDraw = False
494.4036 	EXP 	stimuli: color = u'green (named)'
494.4036 	EXP 	stimuli: text = u'red'
494.4036 	EXP 	hint: autoDraw = True
494.8885 	EXP 	stimuli: autoDraw = True
496.1651 	DATA 	Keypress: down
496.1682 	EXP 	New trial (rep=2, index=42): OrderedDict([('word', u'green'), ('color', u'green'), ('congruent', 1), ('corrAns', u'down')])
496.2059 	EXP 	stimuli: autoDraw = False
496.2059 	EXP 	hint: autoDraw = False
496.2059 	EXP 	stimuli: color = u'green (named)'
496.2059 	EXP 	stimuli: text = u'green'
496.2059 	EXP 	hint: autoDraw = True
496.7030 	EXP 	stimuli: autoDraw = True
497.2371 	DATA 	Keypress: down
497.2418 	EXP 	New trial (rep=2, index=43): OrderedDict([('word', u'green'), ('color', u'green'), ('congruent', 1), ('corrAns', u'down')])
497.2561 	EXP 	stimuli: autoDraw = False
497.2561 	EXP 	hint: autoDraw = False
497.2561 	EXP 	stimuli: color = u'green (named)'
497.2561 	EXP 	stimuli: text = u'green'
497.2561 	EXP 	hint: autoDraw = True
497.7678 	EXP 	stimuli: autoDraw = True
498.4208 	DATA 	Keypress: down
498.4400 	EXP 	New trial (rep=2, index=44): OrderedDict([('word', u'red'), ('color', u'red'), ('congruent', 1), ('corrAns', u'left')])
498.4824 	EXP 	stimuli: autoDraw = False
498.4824 	EXP 	hint: autoDraw = False
498.4824 	EXP 	stimuli: color = u'red (named)'
498.4824 	EXP 	stimuli: text = u'red'
498.4824 	EXP 	hint: autoDraw = True
498.9830 	EXP 	stimuli: autoDraw = True
499.6137 	DATA 	Keypress: left
499.6184 	EXP 	New trial (rep=3, index=0): OrderedDict([('word', u'red'), ('color', u'red'), ('congruent', 1), ('corrAns', u'left')])
499.6363 	EXP 	stimuli: autoDraw = False
499.6363 	EXP 	hint: autoDraw = False
499.6363 	EXP 	stimuli: color = u'red (named)'
499.6363 	EXP 	stimuli: text = u'red'
499.6363 	EXP 	hint: autoDraw = True
500.1524 	EXP 	stimuli: autoDraw = True
500.6914 	DATA 	Keypress: left
500.6960 	EXP 	New trial (rep=3, index=1): OrderedDict([('word', u'green'), ('color', u'red'), ('congruent', 0), ('corrAns', u'left')])
500.7431 	EXP 	stimuli: autoDraw = False
500.7431 	EXP 	hint: autoDraw = False
500.7431 	EXP 	stimuli: color = u'red (named)'
500.7431 	EXP 	stimuli: text = u'green'
500.7431 	EXP 	hint: autoDraw = True
501.2211 	EXP 	stimuli: autoDraw = True
502.0024 	DATA 	Keypress: left
502.0069 	EXP 	New trial (rep=3, index=2): OrderedDict([('word', u'green'), ('color', u'green'), ('congruent', 1), ('corrAns', u'down')])
502.0238 	EXP 	stimuli: autoDraw = False
502.0238 	EXP 	hint: autoDraw = False
502.0238 	EXP 	stimuli: color = u'green (named)'
502.0238 	EXP 	stimuli: text = u'green'
502.0238 	EXP 	hint: autoDraw = True
502.5358 	EXP 	stimuli: autoDraw = True
503.7560 	DATA 	Keypress: down
503.7755 	EXP 	New trial (rep=3, index=3): OrderedDict([('word', u'red'), ('color', u'red'), ('congruent', 1), ('corrAns', u'left')])
503.8320 	EXP 	stimuli: autoDraw = False
503.8320 	EXP 	hint: autoDraw = False
503.8320 	EXP 	stimuli: color = u'red (named)'
503.8320 	EXP 	stimuli: text = u'red'
503.8320 	EXP 	hint: autoDraw = True
504.3047 	EXP 	stimuli: autoDraw = True
504.9544 	DATA 	Keypress: left
504.9591 	EXP 	New trial (rep=3, index=4): OrderedDict([('word', u'green'), ('color', u'green'), ('congruent', 1), ('corrAns', u'down')])
505.0027 	EXP 	stimuli: autoDraw = False
505.0027 	EXP 	hint: autoDraw = False
505.0027 	EXP 	stimuli: color = u'green (named)'
505.0027 	EXP 	stimuli: text = u'green'
505.0027 	EXP 	hint: autoDraw = True
505.4876 	EXP 	stimuli: autoDraw = True
507.4698 	DATA 	Keypress: down
507.4896 	EXP 	New trial (rep=3, index=5): OrderedDict([('word', u'red'), ('color', u'red'), ('congruent', 1), ('corrAns', u'left')])
507.5418 	EXP 	stimuli: autoDraw = False
507.5418 	EXP 	hint: autoDraw = False
507.5418 	EXP 	stimuli: color = u'red (named)'
507.5418 	EXP 	stimuli: text = u'red'
507.5418 	EXP 	hint: autoDraw = True
508.0228 	EXP 	stimuli: autoDraw = True
508.6614 	DATA 	Keypress: left
508.6811 	EXP 	New trial (rep=3, index=6): OrderedDict([('word', u'blue'), ('color', u'blue'), ('congruent', 1), ('corrAns', u'right')])
508.7216 	EXP 	stimuli: autoDraw = False
508.7216 	EXP 	hint: autoDraw = False
508.7216 	EXP 	stimuli: color = u'blue (named)'
508.7216 	EXP 	stimuli: text = u'blue'
508.7216 	EXP 	hint: autoDraw = True
509.2059 	EXP 	stimuli: autoDraw = True
509.7552 	DATA 	Keypress: right
509.7599 	EXP 	New trial (rep=3, index=7): OrderedDict([('word', u'green'), ('color', u'blue'), ('congruent', 0), ('corrAns', u'right')])
509.8063 	EXP 	stimuli: autoDraw = False
509.8063 	EXP 	hint: autoDraw = False
509.8063 	EXP 	stimuli: color = u'blue (named)'
509.8063 	EXP 	stimuli: text = u'green'
509.8063 	EXP 	hint: autoDraw = True
510.2908 	EXP 	stimuli: autoDraw = True
510.8277 	DATA 	Keypress: right
510.8323 	EXP 	New trial (rep=3, index=8): OrderedDict([('word', u'red'), ('color', u'green'), ('congruent', 0), ('corrAns', u'down')])
510.8763 	EXP 	stimuli: autoDraw = False
510.8763 	EXP 	hint: autoDraw = False
510.8763 	EXP 	stimuli: color = u'green (named)'
510.8763 	EXP 	stimuli: text = u'red'
510.8763 	EXP 	hint: autoDraw = True
511.3578 	EXP 	stimuli: autoDraw = True
512.3556 	DATA 	Keypress: down
512.3608 	EXP 	New trial (rep=3, index=9): OrderedDict([('word', u'red'), ('color', u'red'), ('congruent', 1), ('corrAns', u'left')])
512.3772 	EXP 	stimuli: autoDraw = False
512.3772 	EXP 	hint: autoDraw = False
512.3772 	EXP 	stimuli: color = u'red (named)'
512.3772 	EXP 	stimuli: text = u'red'
512.3772 	EXP 	hint: autoDraw = True
512.8896 	EXP 	stimuli: autoDraw = True
513.4616 	DATA 	Keypress: left
513.4680 	EXP 	New trial (rep=3, index=10): OrderedDict([('word', u'green'), ('color', u'green'), ('congruent', 1), ('corrAns', u'down')])
513.5191 	EXP 	stimuli: autoDraw = False
513.5191 	EXP 	hint: autoDraw = False
513.5191 	EXP 	stimuli: color = u'green (named)'
513.5191 	EXP 	stimuli: text = u'green'
513.5191 	EXP 	hint: autoDraw = True
514.0080 	EXP 	stimuli: autoDraw = True
514.8217 	DATA 	Keypress: down
514.8270 	EXP 	New trial (rep=3, index=11): OrderedDict([('word', u'red'), ('color', u'red'), ('congruent', 1), ('corrAns', u'left')])
514.8664 	EXP 	stimuli: autoDraw = False
514.8664 	EXP 	hint: autoDraw = False
514.8664 	EXP 	stimuli: color = u'red (named)'
514.8664 	EXP 	stimuli: text = u'red'
514.8664 	EXP 	hint: autoDraw = True
515.3606 	EXP 	stimuli: autoDraw = True
515.9735 	DATA 	Keypress: left
515.9781 	EXP 	New trial (rep=3, index=12): OrderedDict([('word', u'blue'), ('color', u'green'), ('congruent', 0), ('corrAns', u'down')])
516.0407 	EXP 	stimuli: autoDraw = False
516.0407 	EXP 	hint: autoDraw = False
516.0407 	EXP 	stimuli: color = u'green (named)'
516.0407 	EXP 	stimuli: text = u'blue'
516.0407 	EXP 	hint: autoDraw = True
516.5037 	EXP 	stimuli: autoDraw = True
517.1948 	DATA 	Keypress: down
517.1995 	EXP 	New trial (rep=3, index=13): OrderedDict([('word', u'green'), ('color', u'blue'), ('congruent', 0), ('corrAns', u'right')])
517.2700 	EXP 	stimuli: autoDraw = False
517.2700 	EXP 	hint: autoDraw = False
517.2700 	EXP 	stimuli: color = u'blue (named)'
517.2700 	EXP 	stimuli: text = u'green'
517.2700 	EXP 	hint: autoDraw = True
517.7261 	EXP 	stimuli: autoDraw = True
518.4280 	DATA 	Keypress: right
518.4471 	EXP 	New trial (rep=3, index=14): OrderedDict([('word', u'red'), ('color', u'green'), ('congruent', 0), ('corrAns', u'down')])
518.4888 	EXP 	stimuli: autoDraw = False
518.4888 	EXP 	hint: autoDraw = False
518.4888 	EXP 	stimuli: color = u'green (named)'
518.4888 	EXP 	stimuli: text = u'red'
518.4888 	EXP 	hint: autoDraw = True
518.9767 	EXP 	stimuli: autoDraw = True
519.7752 	DATA 	Keypress: down
519.7798 	EXP 	New trial (rep=3, index=15): OrderedDict([('word', u'blue'), ('color', u'blue'), ('congruent', 1), ('corrAns', u'right')])
519.8226 	EXP 	stimuli: autoDraw = False
519.8226 	EXP 	hint: autoDraw = False
519.8226 	EXP 	stimuli: color = u'blue (named)'
519.8226 	EXP 	stimuli: text = u'blue'
519.8226 	EXP 	hint: autoDraw = True
520.3061 	EXP 	stimuli: autoDraw = True
521.0134 	DATA 	Keypress: right
521.0181 	EXP 	New trial (rep=3, index=16): OrderedDict([('word', u'green'), ('color', u'green'), ('congruent', 1), ('corrAns', u'down')])
521.0904 	EXP 	stimuli: autoDraw = False
521.0904 	EXP 	hint: autoDraw = False
521.0904 	EXP 	stimuli: color = u'green (named)'
521.0904 	EXP 	stimuli: text = u'green'
521.0904 	EXP 	hint: autoDraw = True
521.5442 	EXP 	stimuli: autoDraw = True
522.1123 	DATA 	Keypress: down
522.1170 	EXP 	New trial (rep=3, index=17): OrderedDict([('word', u'red'), ('color', u'red'), ('congruent', 1), ('corrAns', u'left')])
522.1588 	EXP 	stimuli: autoDraw = False
522.1588 	EXP 	hint: autoDraw = False
522.1588 	EXP 	stimuli: color = u'red (named)'
522.1588 	EXP 	stimuli: text = u'red'
522.1588 	EXP 	hint: autoDraw = True
522.6445 	EXP 	stimuli: autoDraw = True
523.2360 	DATA 	Keypress: left
523.2521 	EXP 	New trial (rep=3, index=18): OrderedDict([('word', u'red'), ('color', u'red'), ('congruent', 1), ('corrAns', u'left')])
523.2663 	EXP 	stimuli: autoDraw = False
523.2663 	EXP 	hint: autoDraw = False
523.2663 	EXP 	stimuli: color = u'red (named)'
523.2663 	EXP 	stimuli: text = u'red'
523.2663 	EXP 	hint: autoDraw = True
523.7756 	EXP 	stimuli: autoDraw = True
524.3470 	DATA 	Keypress: left
524.3516 	EXP 	New trial (rep=3, index=19): OrderedDict([('word', u'red'), ('color', u'blue'), ('congruent', 0), ('corrAns', u'right')])
524.3660 	EXP 	stimuli: autoDraw = False
524.3660 	EXP 	hint: autoDraw = False
524.3660 	EXP 	stimuli: color = u'blue (named)'
524.3660 	EXP 	stimuli: text = u'red'
524.3660 	EXP 	hint: autoDraw = True
524.8773 	EXP 	stimuli: autoDraw = True
525.6624 	DATA 	Keypress: right
525.6671 	EXP 	New trial (rep=3, index=20): OrderedDict([('word', u'blue'), ('color', u'blue'), ('congruent', 1), ('corrAns', u'right')])
525.7169 	EXP 	stimuli: autoDraw = False
525.7169 	EXP 	hint: autoDraw = False
525.7169 	EXP 	stimuli: color = u'blue (named)'
525.7169 	EXP 	stimuli: text = u'blue'
525.7169 	EXP 	hint: autoDraw = True
526.1955 	EXP 	stimuli: autoDraw = True
526.7178 	DATA 	Keypress: right
526.7364 	EXP 	New trial (rep=3, index=21): OrderedDict([('word', u'green'), ('color', u'green'), ('congruent', 1), ('corrAns', u'down')])
526.8084 	EXP 	stimuli: autoDraw = False
526.8084 	EXP 	hint: autoDraw = False
526.8084 	EXP 	stimuli: color = u'green (named)'
526.8084 	EXP 	stimuli: text = u'green'
526.8084 	EXP 	hint: autoDraw = True
527.2641 	EXP 	stimuli: autoDraw = True
527.9681 	DATA 	Keypress: down
527.9730 	EXP 	New trial (rep=3, index=22): OrderedDict([('word', u'red'), ('color', u'red'), ('congruent', 1), ('corrAns', u'left')])
528.0307 	EXP 	stimuli: autoDraw = False
528.0307 	EXP 	hint: autoDraw = False
528.0307 	EXP 	stimuli: color = u'red (named)'
528.0307 	EXP 	stimuli: text = u'red'
528.0307 	EXP 	hint: autoDraw = True
528.4970 	EXP 	stimuli: autoDraw = True
529.3331 	DATA 	Keypress: left
529.3523 	EXP 	New trial (rep=3, index=23): OrderedDict([('word', u'red'), ('color', u'red'), ('congruent', 1), ('corrAns', u'left')])
529.3667 	EXP 	stimuli: autoDraw = False
529.3667 	EXP 	hint: autoDraw = False
529.3667 	EXP 	stimuli: color = u'red (named)'
529.3667 	EXP 	stimuli: text = u'red'
529.3667 	EXP 	hint: autoDraw = True
529.8775 	EXP 	stimuli: autoDraw = True
530.4682 	DATA 	Keypress: left
530.4879 	EXP 	New trial (rep=3, index=24): OrderedDict([('word', u'green'), ('color', u'green'), ('congruent', 1), ('corrAns', u'down')])
530.5600 	EXP 	stimuli: autoDraw = False
530.5600 	EXP 	hint: autoDraw = False
530.5600 	EXP 	stimuli: color = u'green (named)'
530.5600 	EXP 	stimuli: text = u'green'
530.5600 	EXP 	hint: autoDraw = True
531.0144 	EXP 	stimuli: autoDraw = True
532.3768 	DATA 	Keypress: down
532.3814 	EXP 	New trial (rep=3, index=25): OrderedDict([('word', u'blue'), ('color', u'blue'), ('congruent', 1), ('corrAns', u'right')])
532.4339 	EXP 	stimuli: autoDraw = False
532.4339 	EXP 	hint: autoDraw = False
532.4339 	EXP 	stimuli: color = u'blue (named)'
532.4339 	EXP 	stimuli: text = u'blue'
532.4339 	EXP 	hint: autoDraw = True
532.9137 	EXP 	stimuli: autoDraw = True
533.5813 	DATA 	Keypress: right
533.6004 	EXP 	New trial (rep=3, index=26): OrderedDict([('word', u'blue'), ('color', u'blue'), ('congruent', 1), ('corrAns', u'right')])
533.6169 	EXP 	stimuli: autoDraw = False
533.6169 	EXP 	hint: autoDraw = False
533.6169 	EXP 	stimuli: color = u'blue (named)'
533.6169 	EXP 	stimuli: text = u'blue'
533.6169 	EXP 	hint: autoDraw = True
534.1289 	EXP 	stimuli: autoDraw = True
534.7186 	DATA 	Keypress: right
534.7235 	EXP 	New trial (rep=3, index=27): OrderedDict([('word', u'blue'), ('color', u'blue'), ('congruent', 1), ('corrAns', u'right')])
534.7377 	EXP 	stimuli: autoDraw = False
534.7377 	EXP 	hint: autoDraw = False
534.7377 	EXP 	stimuli: color = u'blue (named)'
534.7377 	EXP 	stimuli: text = u'blue'
534.7377 	EXP 	hint: autoDraw = True
535.2460 	EXP 	stimuli: autoDraw = True
535.7392 	DATA 	Keypress: right
535.7558 	EXP 	New trial (rep=3, index=28): OrderedDict([('word', u'green'), ('color', u'green'), ('congruent', 1), ('corrAns', u'down')])
535.8275 	EXP 	stimuli: autoDraw = False
535.8275 	EXP 	hint: autoDraw = False
535.8275 	EXP 	stimuli: color = u'green (named)'
535.8275 	EXP 	stimuli: text = u'green'
535.8275 	EXP 	hint: autoDraw = True
536.2821 	EXP 	stimuli: autoDraw = True
536.8177 	DATA 	Keypress: down
536.8223 	EXP 	New trial (rep=3, index=29): OrderedDict([('word', u'blue'), ('color', u'blue'), ('congruent', 1), ('corrAns', u'right')])
536.8760 	EXP 	stimuli: autoDraw = False
536.8760 	EXP 	hint: autoDraw = False
536.8760 	EXP 	stimuli: color = u'blue (named)'
536.8760 	EXP 	stimuli: text = u'blue'
536.8760 	EXP 	hint: autoDraw = True
537.3489 	EXP 	stimuli: autoDraw = True
538.1659 	DATA 	Keypress: right
538.1711 	EXP 	New trial (rep=3, index=30): OrderedDict([('word', u'blue'), ('color', u'blue'), ('congruent', 1), ('corrAns', u'right')])
538.1858 	EXP 	stimuli: autoDraw = False
538.1858 	EXP 	hint: autoDraw = False
538.1858 	EXP 	stimuli: color = u'blue (named)'
538.1858 	EXP 	stimuli: text = u'blue'
538.1858 	EXP 	hint: autoDraw = True
538.6967 	EXP 	stimuli: autoDraw = True
539.2472 	DATA 	Keypress: right
539.2518 	EXP 	New trial (rep=3, index=31): OrderedDict([('word', u'red'), ('color', u'red'), ('congruent', 1), ('corrAns', u'left')])
539.2934 	EXP 	stimuli: autoDraw = False
539.2934 	EXP 	hint: autoDraw = False
539.2934 	EXP 	stimuli: color = u'red (named)'
539.2934 	EXP 	stimuli: text = u'red'
539.2934 	EXP 	hint: autoDraw = True
539.7834 	EXP 	stimuli: autoDraw = True
540.4309 	DATA 	Keypress: left
540.4354 	EXP 	New trial (rep=3, index=32): OrderedDict([('word', u'green'), ('color', u'green'), ('congruent', 1), ('corrAns', u'down')])
540.4894 	EXP 	stimuli: autoDraw = False
540.4894 	EXP 	hint: autoDraw = False
540.4894 	EXP 	stimuli: color = u'green (named)'
540.4894 	EXP 	stimuli: text = u'green'
540.4894 	EXP 	hint: autoDraw = True
540.9691 	EXP 	stimuli: autoDraw = True
541.5718 	DATA 	Keypress: down
541.5911 	EXP 	New trial (rep=3, index=33): OrderedDict([('word', u'green'), ('color', u'green'), ('congruent', 1), ('corrAns', u'down')])
541.6060 	EXP 	stimuli: autoDraw = False
541.6060 	EXP 	hint: autoDraw = False
541.6060 	EXP 	stimuli: color = u'green (named)'
541.6060 	EXP 	stimuli: text = u'green'
541.6060 	EXP 	hint: autoDraw = True
542.1142 	EXP 	stimuli: autoDraw = True
543.1665 	DATA 	Keypress: down
543.1715 	EXP 	New trial (rep=3, index=34): OrderedDict([('word', u'red'), ('color', u'red'), ('congruent', 1), ('corrAns', u'left')])
543.2257 	EXP 	stimuli: autoDraw = False
543.2257 	EXP 	hint: autoDraw = False
543.2257 	EXP 	stimuli: color = u'red (named)'
543.2257 	EXP 	stimuli: text = u'red'
543.2257 	EXP 	hint: autoDraw = True
543.7016 	EXP 	stimuli: autoDraw = True
544.4138 	DATA 	Keypress: left
544.4184 	EXP 	New trial (rep=3, index=35): OrderedDict([('word', u'blue'), ('color', u'blue'), ('congruent', 1), ('corrAns', u'right')])
544.4685 	EXP 	stimuli: autoDraw = False
544.4685 	EXP 	hint: autoDraw = False
544.4685 	EXP 	stimuli: color = u'blue (named)'
544.4685 	EXP 	stimuli: text = u'blue'
544.4685 	EXP 	hint: autoDraw = True
544.9518 	EXP 	stimuli: autoDraw = True
545.6276 	DATA 	Keypress: right
545.6442 	EXP 	New trial (rep=3, index=36): OrderedDict([('word', u'blue'), ('color', u'red'), ('congruent', 0), ('corrAns', u'left')])
545.6625 	EXP 	stimuli: autoDraw = False
545.6625 	EXP 	hint: autoDraw = False
545.6625 	EXP 	stimuli: color = u'red (named)'
545.6625 	EXP 	stimuli: text = u'blue'
545.6625 	EXP 	hint: autoDraw = True
546.1657 	EXP 	stimuli: autoDraw = True
546.9446 	DATA 	Keypress: left
546.9492 	EXP 	New trial (rep=3, index=37): OrderedDict([('word', u'blue'), ('color', u'blue'), ('congruent', 1), ('corrAns', u'right')])
546.9669 	EXP 	stimuli: autoDraw = False
546.9669 	EXP 	hint: autoDraw = False
546.9669 	EXP 	stimuli: color = u'blue (named)'
546.9669 	EXP 	stimuli: text = u'blue'
546.9669 	EXP 	hint: autoDraw = True
547.4833 	EXP 	stimuli: autoDraw = True
548.2049 	DATA 	Keypress: right
548.2095 	EXP 	New trial (rep=3, index=38): OrderedDict([('word', u'blue'), ('color', u'blue'), ('congruent', 1), ('corrAns', u'right')])
548.2238 	EXP 	stimuli: autoDraw = False
548.2238 	EXP 	hint: autoDraw = False
548.2238 	EXP 	stimuli: color = u'blue (named)'
548.2238 	EXP 	stimuli: text = u'blue'
548.2238 	EXP 	hint: autoDraw = True
548.7338 	EXP 	stimuli: autoDraw = True
549.3863 	DATA 	Keypress: right
549.3910 	EXP 	New trial (rep=3, index=39): OrderedDict([('word', u'blue'), ('color', u'blue'), ('congruent', 1), ('corrAns', u'right')])
549.4055 	EXP 	stimuli: autoDraw = False
549.4055 	EXP 	hint: autoDraw = False
549.4055 	EXP 	stimuli: color = u'blue (named)'
549.4055 	EXP 	stimuli: text = u'blue'
549.4055 	EXP 	hint: autoDraw = True
549.9181 	EXP 	stimuli: autoDraw = True
550.5252 	DATA 	Keypress: right
550.5298 	EXP 	New trial (rep=3, index=40): OrderedDict([('word', u'red'), ('color', u'red'), ('congruent', 1), ('corrAns', u'left')])
550.5835 	EXP 	stimuli: autoDraw = False
550.5835 	EXP 	hint: autoDraw = False
550.5835 	EXP 	stimuli: color = u'red (named)'
550.5835 	EXP 	stimuli: text = u'red'
550.5835 	EXP 	hint: autoDraw = True
551.0533 	EXP 	stimuli: autoDraw = True
551.7945 	DATA 	Keypress: left
551.8113 	EXP 	New trial (rep=3, index=41): OrderedDict([('word', u'green'), ('color', u'green'), ('congruent', 1), ('corrAns', u'down')])
551.8528 	EXP 	stimuli: autoDraw = False
551.8528 	EXP 	hint: autoDraw = False
551.8528 	EXP 	stimuli: color = u'green (named)'
551.8528 	EXP 	stimuli: text = u'green'
551.8528 	EXP 	hint: autoDraw = True
552.3382 	EXP 	stimuli: autoDraw = True
553.0534 	DATA 	Keypress: down
553.0580 	EXP 	New trial (rep=3, index=42): OrderedDict([('word', u'green'), ('color', u'green'), ('congruent', 1), ('corrAns', u'down')])
553.0744 	EXP 	stimuli: autoDraw = False
553.0744 	EXP 	hint: autoDraw = False
553.0744 	EXP 	stimuli: color = u'green (named)'
553.0744 	EXP 	stimuli: text = u'green'
553.0744 	EXP 	hint: autoDraw = True
553.5849 	EXP 	stimuli: autoDraw = True
554.2300 	DATA 	Keypress: down
554.2348 	EXP 	New trial (rep=3, index=43): OrderedDict([('word', u'green'), ('color', u'green'), ('congruent', 1), ('corrAns', u'down')])
554.2519 	EXP 	stimuli: autoDraw = False
554.2519 	EXP 	hint: autoDraw = False
554.2519 	EXP 	stimuli: color = u'green (named)'
554.2519 	EXP 	stimuli: text = u'green'
554.2519 	EXP 	hint: autoDraw = True
554.7660 	EXP 	stimuli: autoDraw = True
555.2840 	DATA 	Keypress: down
555.2887 	EXP 	New trial (rep=3, index=44): OrderedDict([('word', u'blue'), ('color', u'red'), ('congruent', 0), ('corrAns', u'left')])
555.3488 	EXP 	stimuli: autoDraw = False
555.3488 	EXP 	hint: autoDraw = False
555.3488 	EXP 	stimuli: color = u'red (named)'
555.3488 	EXP 	stimuli: text = u'blue'
555.3488 	EXP 	hint: autoDraw = True
555.8225 	EXP 	stimuli: autoDraw = True
556.4530 	DATA 	Keypress: left
556.6421 	EXP 	stimuli: autoDraw = False
556.6421 	EXP 	hint: autoDraw = False
556.6421 	EXP 	text_2: autoDraw = True
559.0647 	DATA 	Keypress: space
559.7696 	EXP 	window1: mouseVisible = True
