10.7581 	WARNING 	User requested fullscreen with size [1366  768], but screen is actually [1920, 1080]. Using actual size
12.1178 	EXP 	Created window1 = Window(allowGUI=False, allowStencil=False, args=UNKNOWN, autoLog=True, bitsMode=UNKNOWN, blendMode='avg', color=array([-1., -1., -1.]), colorSpace='rgb', fullscr=UNKNOWN, gamma=None, kwargs=UNKNOWN, lms=UNKNOWN, monitor=<psychopy.monitors.calibTools.Monitor object at 0x19A84250>, multiSample=False, name='window1', numSamples=2, pos=[0, 0], screen=0, size=array([1920, 1080]), stereo=False, units='norm', useFBO=True, useRetina=False, viewOri=0.0, viewPos=None, viewScale=None, waitBlanking=True, winType=u'pyglet')
12.1180 	EXP 	window1: recordFrameIntervals = False
12.2828 	EXP 	window1: recordFrameIntervals = True
12.4664 	EXP 	window1: recordFrameIntervals = False
12.9983 	EXP 	Created instr = TextStim(alignHoriz='center', alignVert='center', antialias=True, autoLog=True, bold=False, color=array([ 1.,  1.,  1.]), colorSpace='rgb', contrast=1.0, depth=0.0, flipHoriz=False, flipVert=False, font='Arial', fontFiles=[], height=28, italic=False, name='instr', opacity=1.0, ori=0, pos=array([ 0.,  0.]), rgb=array([ 1.,  1.,  1.]), text=newstr(...), units='pix', win=Window(...), wrapWidth=900)
13.0352 	EXP 	Created stimuli = TextStim(alignHoriz='center', alignVert='center', antialias=True, autoLog=True, bold=False, color=array([ 1.,  1.,  1.]), colorSpace='rgb', contrast=1.0, depth=0.0, flipHoriz=False, flipVert=False, font='Arial', fontFiles=[], height=0.2, italic=False, name='stimuli', opacity=1.0, ori=0, pos=array([ 0.,  0.]), rgb=array([ 1.,  1.,  1.]), text='default text', units='norm', win=Window(...), wrapWidth=1)
13.0911 	EXP 	Created hint = TextStim(alignHoriz='center', alignVert='center', antialias=True, autoLog=True, bold=False, color='white', colorSpace='named', contrast=1.0, depth=-2.0, flipHoriz=False, flipVert=False, font='Arial', fontFiles=[], height=0.07, italic=False, name='hint', opacity=1.0, ori=0, pos=array([ 0. ,  0.7]), rgb=array([ 255.,  255.,  255.]), text='left => red    down => green   right = blue', units='norm', win=Window(...), wrapWidth=1)
13.1178 	EXP 	Created msgFeedback = TextStim(alignHoriz='center', alignVert='center', antialias=True, autoLog=True, bold=False, color=array([ 1.,  1.,  1.]), colorSpace='rgb', contrast=1.0, depth=-1.0, flipHoriz=False, flipVert=False, font='Arial', fontFiles=[], height=0.1, italic=False, name='msgFeedback', opacity=1.0, ori=0, pos=array([ 0.,  0.]), rgb=array([ 1.,  1.,  1.]), text='default text', units='norm', win=Window(...), wrapWidth=1)
13.3656 	EXP 	Created text = TextStim(alignHoriz='center', alignVert='center', antialias=True, autoLog=True, bold=False, color='white', colorSpace='named', contrast=1.0, depth=0.0, flipHoriz=False, flipVert=False, font='Arial', fontFiles=[], height=28, italic=False, name='text', opacity=1.0, ori=0, pos=array([ 0.,  0.]), rgb=array([ 255.,  255.,  255.]), text=newstr(...), units='pix', win=Window(...), wrapWidth=900)
13.3835 	EXP 	Created stimuli = TextStim(alignHoriz='center', alignVert='center', antialias=True, autoLog=True, bold=False, color=array([ 1.,  1.,  1.]), colorSpace='rgb', contrast=1.0, depth=0.0, flipHoriz=False, flipVert=False, font='Arial', fontFiles=[], height=0.2, italic=False, name='stimuli', opacity=1.0, ori=0, pos=array([ 0.,  0.]), rgb=array([ 1.,  1.,  1.]), text='default text', units='norm', win=Window(...), wrapWidth=1)
13.4288 	EXP 	Created hint = TextStim(alignHoriz='center', alignVert='center', antialias=True, autoLog=True, bold=False, color='white', colorSpace='named', contrast=1.0, depth=-2.0, flipHoriz=False, flipVert=False, font='Arial', fontFiles=[], height=0.07, italic=False, name='hint', opacity=1.0, ori=0, pos=array([ 0. ,  0.7]), rgb=array([ 255.,  255.,  255.]), text='left => red    down => green   right = blue', units='norm', win=Window(...), wrapWidth=1)
13.5121 	EXP 	Created text_2 = TextStim(alignHoriz='center', alignVert='center', antialias=True, autoLog=True, bold=False, color='white', colorSpace='named', contrast=1.0, depth=0.0, flipHoriz=False, flipVert=False, font='Arial', fontFiles=[], height=28, italic=False, name='text_2', opacity=1.0, ori=0, pos=array([ 0.,  0.]), rgb=array([ 255.,  255.,  255.]), text=newstr(...), units='pix', win=Window(...), wrapWidth=900)
13.5219 	EXP 	instr: autoDraw = True
81.5727 	DATA 	Keypress: left
91.0588 	DATA 	Keypress: space
91.1554 	EXP 	Imported pract_conditions.xlsx as conditions, 12 conditions, 4 params
91.1559 	EXP 	Created sequence: random, trialTypes=12, nReps=2, seed=None
91.1564 	EXP 	New trial (rep=0, index=0): OrderedDict([('word', u'green'), ('color', u'green'), ('congruent', 1), ('corrAns', u'down')])
91.1813 	EXP 	instr: autoDraw = False
91.1813 	EXP 	stimuli: color = u'green (named)'
91.1813 	EXP 	stimuli: text = u'green'
91.1813 	EXP 	hint: autoDraw = True
91.6738 	EXP 	stimuli: autoDraw = True
98.1432 	DATA 	Keypress: down
98.2362 	EXP 	stimuli: autoDraw = False
98.2362 	EXP 	hint: autoDraw = False
98.2362 	EXP 	msgFeedback: text = 'Correct! RT=6.470'
98.2362 	EXP 	msgFeedback: autoDraw = True
99.6463 	EXP 	New trial (rep=0, index=1): OrderedDict([('word', u'red'), ('color', u'red'), ('congruent', 1), ('corrAns', u'left')])
99.6998 	EXP 	msgFeedback: autoDraw = False
99.6998 	EXP 	msgFeedback: autoDraw = False
99.6998 	EXP 	stimuli: color = u'red (named)'
99.6998 	EXP 	stimuli: text = u'red'
99.6998 	EXP 	hint: autoDraw = True
100.1765 	EXP 	stimuli: autoDraw = True
101.7787 	DATA 	Keypress: left
101.8756 	EXP 	stimuli: autoDraw = False
101.8756 	EXP 	hint: autoDraw = False
101.8756 	EXP 	msgFeedback: text = 'Correct! RT=1.603'
101.8756 	EXP 	msgFeedback: autoDraw = True
103.2791 	EXP 	New trial (rep=0, index=2): OrderedDict([('word', u'blue'), ('color', u'blue'), ('congruent', 1), ('corrAns', u'right')])
103.3184 	EXP 	msgFeedback: autoDraw = False
103.3184 	EXP 	msgFeedback: autoDraw = False
103.3184 	EXP 	stimuli: color = u'blue (named)'
103.3184 	EXP 	stimuli: text = u'blue'
103.3184 	EXP 	hint: autoDraw = True
103.8108 	EXP 	stimuli: autoDraw = True
105.7120 	DATA 	Keypress: right
105.7569 	EXP 	stimuli: autoDraw = False
105.7569 	EXP 	hint: autoDraw = False
105.7569 	EXP 	msgFeedback: text = 'Correct! RT=1.901'
105.7569 	EXP 	msgFeedback: autoDraw = True
107.2140 	EXP 	New trial (rep=0, index=3): OrderedDict([('word', u'blue'), ('color', u'red'), ('congruent', 0), ('corrAns', u'left')])
107.2286 	EXP 	msgFeedback: autoDraw = False
107.2286 	EXP 	msgFeedback: autoDraw = False
107.2286 	EXP 	stimuli: color = u'red (named)'
107.2286 	EXP 	stimuli: text = u'blue'
107.2286 	EXP 	hint: autoDraw = True
107.7454 	EXP 	stimuli: autoDraw = True
108.4462 	DATA 	Keypress: left
108.4960 	EXP 	stimuli: autoDraw = False
108.4960 	EXP 	hint: autoDraw = False
108.4960 	EXP 	msgFeedback: text = 'Correct! RT=0.701'
108.4960 	EXP 	msgFeedback: autoDraw = True
109.9508 	EXP 	New trial (rep=0, index=4): OrderedDict([('word', u'green'), ('color', u'green'), ('congruent', 1), ('corrAns', u'down')])
110.0236 	EXP 	msgFeedback: autoDraw = False
110.0236 	EXP 	msgFeedback: autoDraw = False
110.0236 	EXP 	stimuli: color = u'green (named)'
110.0236 	EXP 	stimuli: text = u'green'
110.0236 	EXP 	hint: autoDraw = True
110.4796 	EXP 	stimuli: autoDraw = True
111.4141 	DATA 	Keypress: down
111.4811 	EXP 	stimuli: autoDraw = False
111.4811 	EXP 	hint: autoDraw = False
111.4811 	EXP 	msgFeedback: text = 'Correct! RT=0.935'
111.4811 	EXP 	msgFeedback: autoDraw = True
112.9152 	EXP 	New trial (rep=0, index=5): OrderedDict([('word', u'green'), ('color', u'blue'), ('congruent', 0), ('corrAns', u'right')])
112.9305 	EXP 	msgFeedback: autoDraw = False
112.9305 	EXP 	msgFeedback: autoDraw = False
112.9305 	EXP 	stimuli: color = u'blue (named)'
112.9305 	EXP 	stimuli: text = u'green'
112.9305 	EXP 	hint: autoDraw = True
113.4474 	EXP 	stimuli: autoDraw = True
115.3652 	DATA 	Keypress: right
115.4088 	EXP 	stimuli: autoDraw = False
115.4088 	EXP 	hint: autoDraw = False
115.4088 	EXP 	msgFeedback: text = 'Correct! RT=1.918'
115.4088 	EXP 	msgFeedback: autoDraw = True
116.8685 	EXP 	New trial (rep=0, index=6): OrderedDict([('word', u'red'), ('color', u'green'), ('congruent', 0), ('corrAns', u'down')])
116.9213 	EXP 	msgFeedback: autoDraw = False
116.9213 	EXP 	msgFeedback: autoDraw = False
116.9213 	EXP 	stimuli: color = u'green (named)'
116.9213 	EXP 	stimuli: text = u'red'
116.9213 	EXP 	hint: autoDraw = True
117.3984 	EXP 	stimuli: autoDraw = True
120.1175 	DATA 	Keypress: down
120.1735 	EXP 	stimuli: autoDraw = False
120.1735 	EXP 	hint: autoDraw = False
120.1735 	EXP 	msgFeedback: text = 'Correct! RT=2.719'
120.1735 	EXP 	msgFeedback: autoDraw = True
121.6182 	EXP 	New trial (rep=0, index=7): OrderedDict([('word', u'red'), ('color', u'red'), ('congruent', 1), ('corrAns', u'left')])
121.6332 	EXP 	msgFeedback: autoDraw = False
121.6332 	EXP 	msgFeedback: autoDraw = False
121.6332 	EXP 	stimuli: color = u'red (named)'
121.6332 	EXP 	stimuli: text = u'red'
121.6332 	EXP 	hint: autoDraw = True
122.1501 	EXP 	stimuli: autoDraw = True
123.3845 	DATA 	Keypress: left
123.4481 	EXP 	stimuli: autoDraw = False
123.4481 	EXP 	hint: autoDraw = False
123.4481 	EXP 	msgFeedback: text = 'Correct! RT=1.235'
123.4481 	EXP 	msgFeedback: autoDraw = True
124.8867 	EXP 	New trial (rep=0, index=8): OrderedDict([('word', u'blue'), ('color', u'green'), ('congruent', 0), ('corrAns', u'down')])
124.9330 	EXP 	msgFeedback: autoDraw = False
124.9330 	EXP 	msgFeedback: autoDraw = False
124.9330 	EXP 	stimuli: color = u'green (named)'
124.9330 	EXP 	stimuli: text = u'blue'
124.9330 	EXP 	hint: autoDraw = True
125.4198 	EXP 	stimuli: autoDraw = True
128.7204 	DATA 	Keypress: down
128.7945 	EXP 	stimuli: autoDraw = False
128.7945 	EXP 	hint: autoDraw = False
128.7945 	EXP 	msgFeedback: text = 'Correct! RT=3.301'
128.7945 	EXP 	msgFeedback: autoDraw = True
130.2222 	EXP 	New trial (rep=0, index=9): OrderedDict([('word', u'red'), ('color', u'green'), ('congruent', 0), ('corrAns', u'down')])
130.2612 	EXP 	msgFeedback: autoDraw = False
130.2612 	EXP 	msgFeedback: autoDraw = False
130.2612 	EXP 	stimuli: color = u'green (named)'
130.2612 	EXP 	stimuli: text = u'red'
130.2612 	EXP 	hint: autoDraw = True
130.7527 	EXP 	stimuli: autoDraw = True
131.4879 	DATA 	Keypress: down
131.5791 	EXP 	stimuli: autoDraw = False
131.5791 	EXP 	hint: autoDraw = False
131.5791 	EXP 	msgFeedback: text = 'Correct! RT=0.736'
131.5791 	EXP 	msgFeedback: autoDraw = True
132.9880 	EXP 	New trial (rep=0, index=10): OrderedDict([('word', u'green'), ('color', u'red'), ('congruent', 0), ('corrAns', u'left')])
133.0250 	EXP 	msgFeedback: autoDraw = False
133.0250 	EXP 	msgFeedback: autoDraw = False
133.0250 	EXP 	stimuli: color = u'red (named)'
133.0250 	EXP 	stimuli: text = u'green'
133.0250 	EXP 	hint: autoDraw = True
133.5202 	EXP 	stimuli: autoDraw = True
134.5542 	DATA 	Keypress: left
134.5883 	EXP 	stimuli: autoDraw = False
134.5883 	EXP 	hint: autoDraw = False
134.5883 	EXP 	msgFeedback: text = 'Correct! RT=1.034'
134.5883 	EXP 	msgFeedback: autoDraw = True
136.0556 	EXP 	New trial (rep=0, index=11): OrderedDict([('word', u'blue'), ('color', u'blue'), ('congruent', 1), ('corrAns', u'right')])
136.0844 	EXP 	msgFeedback: autoDraw = False
136.0844 	EXP 	msgFeedback: autoDraw = False
136.0844 	EXP 	stimuli: color = u'blue (named)'
136.0844 	EXP 	stimuli: text = u'blue'
136.0844 	EXP 	hint: autoDraw = True
136.5908 	EXP 	stimuli: autoDraw = True
137.7271 	DATA 	Keypress: right
137.8139 	EXP 	stimuli: autoDraw = False
137.8139 	EXP 	hint: autoDraw = False
137.8139 	EXP 	msgFeedback: text = 'Correct! RT=1.149'
137.8139 	EXP 	msgFeedback: autoDraw = True
139.2419 	EXP 	New trial (rep=1, index=0): OrderedDict([('word', u'green'), ('color', u'red'), ('congruent', 0), ('corrAns', u'left')])
139.3131 	EXP 	msgFeedback: autoDraw = False
139.3131 	EXP 	msgFeedback: autoDraw = False
139.3131 	EXP 	stimuli: color = u'red (named)'
139.3131 	EXP 	stimuli: text = u'green'
139.3131 	EXP 	hint: autoDraw = True
139.7747 	EXP 	stimuli: autoDraw = True
141.1900 	DATA 	Keypress: left
141.2478 	EXP 	stimuli: autoDraw = False
141.2478 	EXP 	hint: autoDraw = False
141.2478 	EXP 	msgFeedback: text = 'Correct! RT=1.415'
141.2478 	EXP 	msgFeedback: autoDraw = True
142.6909 	EXP 	New trial (rep=1, index=1): OrderedDict([('word', u'green'), ('color', u'blue'), ('congruent', 0), ('corrAns', u'right')])
142.7063 	EXP 	msgFeedback: autoDraw = False
142.7063 	EXP 	msgFeedback: autoDraw = False
142.7063 	EXP 	stimuli: color = u'blue (named)'
142.7063 	EXP 	stimuli: text = u'green'
142.7063 	EXP 	hint: autoDraw = True
143.2231 	EXP 	stimuli: autoDraw = True
144.6929 	DATA 	Keypress: right
144.7449 	EXP 	stimuli: autoDraw = False
144.7449 	EXP 	hint: autoDraw = False
144.7449 	EXP 	msgFeedback: text = 'Correct! RT=1.484'
144.7449 	EXP 	msgFeedback: autoDraw = True
146.2087 	EXP 	New trial (rep=1, index=2): OrderedDict([('word', u'blue'), ('color', u'green'), ('congruent', 0), ('corrAns', u'down')])
146.2497 	EXP 	msgFeedback: autoDraw = False
146.2497 	EXP 	msgFeedback: autoDraw = False
146.2497 	EXP 	stimuli: color = u'green (named)'
146.2497 	EXP 	stimuli: text = u'blue'
146.2497 	EXP 	hint: autoDraw = True
146.7410 	EXP 	stimuli: autoDraw = True
147.7761 	DATA 	Keypress: down
147.8376 	EXP 	stimuli: autoDraw = False
147.8376 	EXP 	hint: autoDraw = False
147.8376 	EXP 	msgFeedback: text = 'Correct! RT=1.035'
147.8376 	EXP 	msgFeedback: autoDraw = True
149.2763 	EXP 	New trial (rep=1, index=3): OrderedDict([('word', u'green'), ('color', u'green'), ('congruent', 1), ('corrAns', u'down')])
149.3133 	EXP 	msgFeedback: autoDraw = False
149.3133 	EXP 	msgFeedback: autoDraw = False
149.3133 	EXP 	stimuli: color = u'green (named)'
149.3133 	EXP 	stimuli: text = u'green'
149.3133 	EXP 	hint: autoDraw = True
149.8084 	EXP 	stimuli: autoDraw = True
156.0944 	DATA 	Keypress: down
156.1438 	EXP 	stimuli: autoDraw = False
156.1438 	EXP 	hint: autoDraw = False
156.1438 	EXP 	msgFeedback: text = 'Correct! RT=6.286'
156.1438 	EXP 	msgFeedback: autoDraw = True
157.5960 	EXP 	New trial (rep=1, index=4): OrderedDict([('word', u'blue'), ('color', u'red'), ('congruent', 0), ('corrAns', u'left')])
157.6321 	EXP 	msgFeedback: autoDraw = False
157.6321 	EXP 	msgFeedback: autoDraw = False
157.6321 	EXP 	stimuli: color = u'red (named)'
157.6321 	EXP 	stimuli: text = u'blue'
157.6321 	EXP 	hint: autoDraw = True
158.1304 	EXP 	stimuli: autoDraw = True
159.0293 	DATA 	Keypress: left
159.0807 	EXP 	stimuli: autoDraw = False
159.0807 	EXP 	hint: autoDraw = False
159.0807 	EXP 	msgFeedback: text = 'Correct! RT=0.899'
159.0807 	EXP 	msgFeedback: autoDraw = True
160.5320 	EXP 	New trial (rep=1, index=5): OrderedDict([('word', u'green'), ('color', u'green'), ('congruent', 1), ('corrAns', u'down')])
160.5781 	EXP 	msgFeedback: autoDraw = False
160.5781 	EXP 	msgFeedback: autoDraw = False
160.5781 	EXP 	stimuli: color = u'green (named)'
160.5781 	EXP 	stimuli: text = u'green'
160.5781 	EXP 	hint: autoDraw = True
161.0620 	EXP 	stimuli: autoDraw = True
161.7472 	DATA 	Keypress: down
161.8218 	EXP 	stimuli: autoDraw = False
161.8218 	EXP 	hint: autoDraw = False
161.8218 	EXP 	msgFeedback: text = 'Correct! RT=0.686'
161.8218 	EXP 	msgFeedback: autoDraw = True
163.2477 	EXP 	New trial (rep=1, index=6): OrderedDict([('word', u'red'), ('color', u'green'), ('congruent', 0), ('corrAns', u'down')])
163.2801 	EXP 	msgFeedback: autoDraw = False
163.2801 	EXP 	msgFeedback: autoDraw = False
163.2801 	EXP 	stimuli: color = u'green (named)'
163.2801 	EXP 	stimuli: text = u'red'
163.2801 	EXP 	hint: autoDraw = True
163.7796 	EXP 	stimuli: autoDraw = True
164.7187 	DATA 	Keypress: down
164.7987 	EXP 	stimuli: autoDraw = False
164.7987 	EXP 	hint: autoDraw = False
164.7987 	EXP 	msgFeedback: text = 'Correct! RT=0.951'
164.7987 	EXP 	msgFeedback: autoDraw = True
166.2320 	EXP 	New trial (rep=1, index=7): OrderedDict([('word', u'red'), ('color', u'red'), ('congruent', 1), ('corrAns', u'left')])
166.2470 	EXP 	msgFeedback: autoDraw = False
166.2470 	EXP 	msgFeedback: autoDraw = False
166.2470 	EXP 	stimuli: color = u'red (named)'
166.2470 	EXP 	stimuli: text = u'red'
166.2470 	EXP 	hint: autoDraw = True
166.7639 	EXP 	stimuli: autoDraw = True
167.5814 	DATA 	Keypress: left
167.6321 	EXP 	stimuli: autoDraw = False
167.6321 	EXP 	hint: autoDraw = False
167.6321 	EXP 	msgFeedback: text = 'Correct! RT=0.818'
167.6321 	EXP 	msgFeedback: autoDraw = True
169.0843 	EXP 	New trial (rep=1, index=8): OrderedDict([('word', u'red'), ('color', u'green'), ('congruent', 0), ('corrAns', u'down')])
169.0985 	EXP 	msgFeedback: autoDraw = False
169.0985 	EXP 	msgFeedback: autoDraw = False
169.0985 	EXP 	stimuli: color = u'green (named)'
169.0985 	EXP 	stimuli: text = u'red'
169.0985 	EXP 	hint: autoDraw = True
169.6152 	EXP 	stimuli: autoDraw = True
170.1165 	DATA 	Keypress: down
170.2448 	EXP 	stimuli: autoDraw = False
170.2448 	EXP 	hint: autoDraw = False
170.2448 	EXP 	msgFeedback: text = 'Correct! RT=0.502'
170.2448 	EXP 	msgFeedback: autoDraw = True
171.6185 	EXP 	New trial (rep=1, index=9): OrderedDict([('word', u'blue'), ('color', u'blue'), ('congruent', 1), ('corrAns', u'right')])
171.6780 	EXP 	msgFeedback: autoDraw = False
171.6780 	EXP 	msgFeedback: autoDraw = False
171.6780 	EXP 	stimuli: color = u'blue (named)'
171.6780 	EXP 	stimuli: text = u'blue'
171.6780 	EXP 	hint: autoDraw = True
172.1487 	EXP 	stimuli: autoDraw = True
172.6160 	DATA 	Keypress: right
172.6609 	EXP 	stimuli: autoDraw = False
172.6609 	EXP 	hint: autoDraw = False
172.6609 	EXP 	msgFeedback: text = 'Correct! RT=0.468'
172.6609 	EXP 	msgFeedback: autoDraw = True
174.1194 	EXP 	New trial (rep=1, index=10): OrderedDict([('word', u'red'), ('color', u'red'), ('congruent', 1), ('corrAns', u'left')])
174.1604 	EXP 	msgFeedback: autoDraw = False
174.1604 	EXP 	msgFeedback: autoDraw = False
174.1604 	EXP 	stimuli: color = u'red (named)'
174.1604 	EXP 	stimuli: text = u'red'
174.1604 	EXP 	hint: autoDraw = True
174.6496 	EXP 	stimuli: autoDraw = True
175.1503 	DATA 	Keypress: left
175.1925 	EXP 	stimuli: autoDraw = False
175.1925 	EXP 	hint: autoDraw = False
175.1925 	EXP 	msgFeedback: text = 'Correct! RT=0.501'
175.1925 	EXP 	msgFeedback: autoDraw = True
176.6519 	EXP 	New trial (rep=1, index=11): OrderedDict([('word', u'blue'), ('color', u'blue'), ('congruent', 1), ('corrAns', u'right')])
176.6793 	EXP 	msgFeedback: autoDraw = False
176.6793 	EXP 	msgFeedback: autoDraw = False
176.6793 	EXP 	stimuli: color = u'blue (named)'
176.6793 	EXP 	stimuli: text = u'blue'
176.6793 	EXP 	hint: autoDraw = True
177.1837 	EXP 	stimuli: autoDraw = True
178.3012 	DATA 	Keypress: right
178.3539 	EXP 	stimuli: autoDraw = False
178.3539 	EXP 	hint: autoDraw = False
178.3539 	EXP 	msgFeedback: text = 'Correct! RT=1.118'
178.3539 	EXP 	msgFeedback: autoDraw = True
179.8872 	EXP 	msgFeedback: autoDraw = False
179.8872 	EXP 	msgFeedback: autoDraw = False
179.8872 	EXP 	text: autoDraw = True
196.6239 	DATA 	Keypress: space
196.6786 	EXP 	Imported conditions.xlsx as conditions, 45 conditions, 4 params
196.6802 	EXP 	Created sequence: random, trialTypes=45, nReps=4, seed=None
196.6815 	EXP 	New trial (rep=0, index=0): OrderedDict([('word', u'red'), ('color', u'red'), ('congruent', 1), ('corrAns', u'left')])
196.6989 	EXP 	text: autoDraw = False
196.6989 	EXP 	stimuli: color = u'red (named)'
196.6989 	EXP 	stimuli: text = u'red'
196.6989 	EXP 	hint: autoDraw = True
197.2064 	EXP 	stimuli: autoDraw = True
198.0407 	DATA 	Keypress: left
198.0437 	EXP 	New trial (rep=0, index=1): OrderedDict([('word', u'blue'), ('color', u'red'), ('congruent', 0), ('corrAns', u'left')])
198.0707 	EXP 	stimuli: autoDraw = False
198.0707 	EXP 	hint: autoDraw = False
198.0707 	EXP 	stimuli: color = u'red (named)'
198.0707 	EXP 	stimuli: text = u'blue'
198.0707 	EXP 	hint: autoDraw = True
198.5770 	EXP 	stimuli: autoDraw = True
199.4256 	DATA 	Keypress: left
199.4310 	EXP 	New trial (rep=0, index=2): OrderedDict([('word', u'blue'), ('color', u'blue'), ('congruent', 1), ('corrAns', u'right')])
199.4466 	EXP 	stimuli: autoDraw = False
199.4466 	EXP 	hint: autoDraw = False
199.4466 	EXP 	stimuli: color = u'blue (named)'
199.4466 	EXP 	stimuli: text = u'blue'
199.4466 	EXP 	hint: autoDraw = True
199.9579 	EXP 	stimuli: autoDraw = True
200.8594 	DATA 	Keypress: right
200.8641 	EXP 	New trial (rep=0, index=3): OrderedDict([('word', u'red'), ('color', u'red'), ('congruent', 1), ('corrAns', u'left')])
200.9036 	EXP 	stimuli: autoDraw = False
200.9036 	EXP 	hint: autoDraw = False
200.9036 	EXP 	stimuli: color = u'red (named)'
200.9036 	EXP 	stimuli: text = u'red'
200.9036 	EXP 	hint: autoDraw = True
201.3928 	EXP 	stimuli: autoDraw = True
201.9931 	DATA 	Keypress: left
201.9985 	EXP 	New trial (rep=0, index=4): OrderedDict([('word', u'green'), ('color', u'green'), ('congruent', 1), ('corrAns', u'down')])
202.0476 	EXP 	stimuli: autoDraw = False
202.0476 	EXP 	hint: autoDraw = False
202.0476 	EXP 	stimuli: color = u'green (named)'
202.0476 	EXP 	stimuli: text = u'green'
202.0476 	EXP 	hint: autoDraw = True
202.5249 	EXP 	stimuli: autoDraw = True
203.3090 	DATA 	Keypress: down
203.3103 	EXP 	New trial (rep=0, index=5): OrderedDict([('word', u'blue'), ('color', u'blue'), ('congruent', 1), ('corrAns', u'right')])
203.3297 	EXP 	stimuli: autoDraw = False
203.3297 	EXP 	hint: autoDraw = False
203.3297 	EXP 	stimuli: color = u'blue (named)'
203.3297 	EXP 	stimuli: text = u'blue'
203.3297 	EXP 	hint: autoDraw = True
203.8421 	EXP 	stimuli: autoDraw = True
204.4602 	DATA 	Keypress: right
204.4768 	EXP 	New trial (rep=0, index=6): OrderedDict([('word', u'blue'), ('color', u'blue'), ('congruent', 1), ('corrAns', u'right')])
204.4922 	EXP 	stimuli: autoDraw = False
204.4922 	EXP 	hint: autoDraw = False
204.4922 	EXP 	stimuli: color = u'blue (named)'
204.4922 	EXP 	stimuli: text = u'blue'
204.4922 	EXP 	hint: autoDraw = True
205.0091 	EXP 	stimuli: autoDraw = True
205.8101 	DATA 	Keypress: right
205.8129 	EXP 	New trial (rep=0, index=7): OrderedDict([('word', u'red'), ('color', u'red'), ('congruent', 1), ('corrAns', u'left')])
205.8442 	EXP 	stimuli: autoDraw = False
205.8442 	EXP 	hint: autoDraw = False
205.8442 	EXP 	stimuli: color = u'red (named)'
205.8442 	EXP 	stimuli: text = u'red'
205.8442 	EXP 	hint: autoDraw = True
206.3455 	EXP 	stimuli: autoDraw = True
206.9748 	DATA 	Keypress: left
206.9804 	EXP 	New trial (rep=0, index=8): OrderedDict([('word', u'blue'), ('color', u'green'), ('congruent', 0), ('corrAns', u'down')])
207.0379 	EXP 	stimuli: autoDraw = False
207.0379 	EXP 	hint: autoDraw = False
207.0379 	EXP 	stimuli: color = u'green (named)'
207.0379 	EXP 	stimuli: text = u'blue'
207.0379 	EXP 	hint: autoDraw = True
207.5125 	EXP 	stimuli: autoDraw = True
207.9952 	DATA 	Keypress: down
207.9999 	EXP 	New trial (rep=0, index=9): OrderedDict([('word', u'green'), ('color', u'green'), ('congruent', 1), ('corrAns', u'down')])
208.0695 	EXP 	stimuli: autoDraw = False
208.0695 	EXP 	hint: autoDraw = False
208.0695 	EXP 	stimuli: color = u'green (named)'
208.0695 	EXP 	stimuli: text = u'green'
208.0695 	EXP 	hint: autoDraw = True
208.5296 	EXP 	stimuli: autoDraw = True
209.1830 	DATA 	Keypress: down
209.1998 	EXP 	New trial (rep=0, index=10): OrderedDict([('word', u'green'), ('color', u'red'), ('congruent', 0), ('corrAns', u'left')])
209.2139 	EXP 	stimuli: autoDraw = False
209.2139 	EXP 	hint: autoDraw = False
209.2139 	EXP 	stimuli: color = u'red (named)'
209.2139 	EXP 	stimuli: text = u'green'
209.2139 	EXP 	hint: autoDraw = True
209.7276 	EXP 	stimuli: autoDraw = True
210.4630 	DATA 	Keypress: left
210.4677 	EXP 	New trial (rep=0, index=11): OrderedDict([('word', u'green'), ('color', u'green'), ('congruent', 1), ('corrAns', u'down')])
210.4817 	EXP 	stimuli: autoDraw = False
210.4817 	EXP 	hint: autoDraw = False
210.4817 	EXP 	stimuli: color = u'green (named)'
210.4817 	EXP 	stimuli: text = u'green'
210.4817 	EXP 	hint: autoDraw = True
210.9947 	EXP 	stimuli: autoDraw = True
211.6465 	DATA 	Keypress: down
211.6520 	EXP 	New trial (rep=0, index=12): OrderedDict([('word', u'green'), ('color', u'green'), ('congruent', 1), ('corrAns', u'down')])
211.6672 	EXP 	stimuli: autoDraw = False
211.6672 	EXP 	hint: autoDraw = False
211.6672 	EXP 	stimuli: color = u'green (named)'
211.6672 	EXP 	stimuli: text = u'green'
211.6672 	EXP 	hint: autoDraw = True
212.1785 	EXP 	stimuli: autoDraw = True
212.8453 	DATA 	Keypress: down
212.8477 	EXP 	New trial (rep=0, index=13): OrderedDict([('word', u'green'), ('color', u'green'), ('congruent', 1), ('corrAns', u'down')])
212.8613 	EXP 	stimuli: autoDraw = False
212.8613 	EXP 	hint: autoDraw = False
212.8613 	EXP 	stimuli: color = u'green (named)'
212.8613 	EXP 	stimuli: text = u'green'
212.8613 	EXP 	hint: autoDraw = True
213.3788 	EXP 	stimuli: autoDraw = True
214.0968 	DATA 	Keypress: down
214.1023 	EXP 	New trial (rep=0, index=14): OrderedDict([('word', u'red'), ('color', u'blue'), ('congruent', 0), ('corrAns', u'right')])
214.1396 	EXP 	stimuli: autoDraw = False
214.1396 	EXP 	hint: autoDraw = False
214.1396 	EXP 	stimuli: color = u'blue (named)'
214.1396 	EXP 	stimuli: text = u'red'
214.1396 	EXP 	hint: autoDraw = True
214.6287 	EXP 	stimuli: autoDraw = True
215.3012 	DATA 	Keypress: right
215.3178 	EXP 	New trial (rep=0, index=15): OrderedDict([('word', u'green'), ('color', u'green'), ('congruent', 1), ('corrAns', u'down')])
215.3597 	EXP 	stimuli: autoDraw = False
215.3597 	EXP 	hint: autoDraw = False
215.3597 	EXP 	stimuli: color = u'green (named)'
215.3597 	EXP 	stimuli: text = u'green'
215.3597 	EXP 	hint: autoDraw = True
215.8456 	EXP 	stimuli: autoDraw = True
216.6466 	DATA 	Keypress: down
216.6477 	EXP 	New trial (rep=0, index=16): OrderedDict([('word', u'green'), ('color', u'green'), ('congruent', 1), ('corrAns', u'down')])
216.6629 	EXP 	stimuli: autoDraw = False
216.6629 	EXP 	hint: autoDraw = False
216.6629 	EXP 	stimuli: color = u'green (named)'
216.6629 	EXP 	stimuli: text = u'green'
216.6629 	EXP 	hint: autoDraw = True
217.1796 	EXP 	stimuli: autoDraw = True
217.8638 	DATA 	Keypress: down
217.8674 	EXP 	New trial (rep=0, index=17): OrderedDict([('word', u'red'), ('color', u'red'), ('congruent', 1), ('corrAns', u'left')])
217.9005 	EXP 	stimuli: autoDraw = False
217.9005 	EXP 	hint: autoDraw = False
217.9005 	EXP 	stimuli: color = u'red (named)'
217.9005 	EXP 	stimuli: text = u'red'
217.9005 	EXP 	hint: autoDraw = True
218.3966 	EXP 	stimuli: autoDraw = True
218.8971 	DATA 	Keypress: left
218.8985 	EXP 	New trial (rep=0, index=18): OrderedDict([('word', u'green'), ('color', u'blue'), ('congruent', 0), ('corrAns', u'right')])
218.9199 	EXP 	stimuli: autoDraw = False
218.9199 	EXP 	hint: autoDraw = False
218.9199 	EXP 	stimuli: color = u'blue (named)'
218.9199 	EXP 	stimuli: text = u'green'
218.9199 	EXP 	hint: autoDraw = True
219.4317 	EXP 	stimuli: autoDraw = True
220.3174 	DATA 	Keypress: right
220.3340 	EXP 	New trial (rep=0, index=19): OrderedDict([('word', u'blue'), ('color', u'blue'), ('congruent', 1), ('corrAns', u'right')])
220.3704 	EXP 	stimuli: autoDraw = False
220.3704 	EXP 	hint: autoDraw = False
220.3704 	EXP 	stimuli: color = u'blue (named)'
220.3704 	EXP 	stimuli: text = u'blue'
220.3704 	EXP 	hint: autoDraw = True
220.8642 	EXP 	stimuli: autoDraw = True
221.6992 	DATA 	Keypress: right
221.7039 	EXP 	New trial (rep=0, index=20): OrderedDict([('word', u'green'), ('color', u'blue'), ('congruent', 0), ('corrAns', u'right')])
221.7598 	EXP 	stimuli: autoDraw = False
221.7598 	EXP 	hint: autoDraw = False
221.7598 	EXP 	stimuli: color = u'blue (named)'
221.7598 	EXP 	stimuli: text = u'green'
221.7598 	EXP 	hint: autoDraw = True
222.2311 	EXP 	stimuli: autoDraw = True
222.9487 	DATA 	Keypress: right
222.9514 	EXP 	New trial (rep=0, index=21): OrderedDict([('word', u'blue'), ('color', u'blue'), ('congruent', 1), ('corrAns', u'right')])
222.9884 	EXP 	stimuli: autoDraw = False
222.9884 	EXP 	hint: autoDraw = False
222.9884 	EXP 	stimuli: color = u'blue (named)'
222.9884 	EXP 	stimuli: text = u'blue'
222.9884 	EXP 	hint: autoDraw = True
223.4839 	EXP 	stimuli: autoDraw = True
224.0842 	DATA 	Keypress: right
224.1008 	EXP 	New trial (rep=0, index=22): OrderedDict([('word', u'blue'), ('color', u'blue'), ('congruent', 1), ('corrAns', u'right')])
224.1148 	EXP 	stimuli: autoDraw = False
224.1148 	EXP 	hint: autoDraw = False
224.1148 	EXP 	stimuli: color = u'blue (named)'
224.1148 	EXP 	stimuli: text = u'blue'
224.1148 	EXP 	hint: autoDraw = True
224.6317 	EXP 	stimuli: autoDraw = True
225.2158 	DATA 	Keypress: right
225.2182 	EXP 	New trial (rep=0, index=23): OrderedDict([('word', u'blue'), ('color', u'blue'), ('congruent', 1), ('corrAns', u'right')])
225.2318 	EXP 	stimuli: autoDraw = False
225.2318 	EXP 	hint: autoDraw = False
225.2318 	EXP 	stimuli: color = u'blue (named)'
225.2318 	EXP 	stimuli: text = u'blue'
225.2318 	EXP 	hint: autoDraw = True
225.7487 	EXP 	stimuli: autoDraw = True
226.3327 	DATA 	Keypress: right
226.3351 	EXP 	New trial (rep=0, index=24): OrderedDict([('word', u'green'), ('color', u'green'), ('congruent', 1), ('corrAns', u'down')])
226.3659 	EXP 	stimuli: autoDraw = False
226.3659 	EXP 	hint: autoDraw = False
226.3659 	EXP 	stimuli: color = u'green (named)'
226.3659 	EXP 	stimuli: text = u'green'
226.3659 	EXP 	hint: autoDraw = True
226.8687 	EXP 	stimuli: autoDraw = True
228.2694 	DATA 	Keypress: down
228.2859 	EXP 	New trial (rep=0, index=25): OrderedDict([('word', u'red'), ('color', u'red'), ('congruent', 1), ('corrAns', u'left')])
228.3168 	EXP 	stimuli: autoDraw = False
228.3168 	EXP 	hint: autoDraw = False
228.3168 	EXP 	stimuli: color = u'red (named)'
228.3168 	EXP 	stimuli: text = u'red'
228.3168 	EXP 	hint: autoDraw = True
228.8162 	EXP 	stimuli: autoDraw = True
229.3005 	DATA 	Keypress: left
229.3020 	EXP 	New trial (rep=0, index=26): OrderedDict([('word', u'blue'), ('color', u'blue'), ('congruent', 1), ('corrAns', u'right')])
229.3241 	EXP 	stimuli: autoDraw = False
229.3241 	EXP 	hint: autoDraw = False
229.3241 	EXP 	stimuli: color = u'blue (named)'
229.3241 	EXP 	stimuli: text = u'blue'
229.3241 	EXP 	hint: autoDraw = True
229.8362 	EXP 	stimuli: autoDraw = True
230.5686 	DATA 	Keypress: right
230.5739 	EXP 	New trial (rep=0, index=27): OrderedDict([('word', u'red'), ('color', u'red'), ('congruent', 1), ('corrAns', u'left')])
230.6106 	EXP 	stimuli: autoDraw = False
230.6106 	EXP 	hint: autoDraw = False
230.6106 	EXP 	stimuli: color = u'red (named)'
230.6106 	EXP 	stimuli: text = u'red'
230.6106 	EXP 	hint: autoDraw = True
231.1006 	EXP 	stimuli: autoDraw = True
231.7689 	DATA 	Keypress: left
231.7737 	EXP 	New trial (rep=0, index=28): OrderedDict([('word', u'red'), ('color', u'red'), ('congruent', 1), ('corrAns', u'left')])
231.7882 	EXP 	stimuli: autoDraw = False
231.7882 	EXP 	hint: autoDraw = False
231.7882 	EXP 	stimuli: color = u'red (named)'
231.7882 	EXP 	stimuli: text = u'red'
231.7882 	EXP 	hint: autoDraw = True
232.3012 	EXP 	stimuli: autoDraw = True
233.3028 	DATA 	Keypress: left
233.3084 	EXP 	New trial (rep=0, index=29): OrderedDict([('word', u'blue'), ('color', u'red'), ('congruent', 0), ('corrAns', u'left')])
233.3661 	EXP 	stimuli: autoDraw = False
233.3661 	EXP 	hint: autoDraw = False
233.3661 	EXP 	stimuli: color = u'red (named)'
233.3661 	EXP 	stimuli: text = u'blue'
233.3661 	EXP 	hint: autoDraw = True
233.8345 	EXP 	stimuli: autoDraw = True
234.5020 	DATA 	Keypress: left
234.5044 	EXP 	New trial (rep=0, index=30): OrderedDict([('word', u'blue'), ('color', u'blue'), ('congruent', 1), ('corrAns', u'right')])
234.5180 	EXP 	stimuli: autoDraw = False
234.5180 	EXP 	hint: autoDraw = False
234.5180 	EXP 	stimuli: color = u'blue (named)'
234.5180 	EXP 	stimuli: text = u'blue'
234.5180 	EXP 	hint: autoDraw = True
235.0349 	EXP 	stimuli: autoDraw = True
235.8209 	DATA 	Keypress: right
235.8257 	EXP 	New trial (rep=0, index=31): OrderedDict([('word', u'red'), ('color', u'red'), ('congruent', 1), ('corrAns', u'left')])
235.8638 	EXP 	stimuli: autoDraw = False
235.8638 	EXP 	hint: autoDraw = False
235.8638 	EXP 	stimuli: color = u'red (named)'
235.8638 	EXP 	stimuli: text = u'red'
235.8638 	EXP 	hint: autoDraw = True
236.3551 	EXP 	stimuli: autoDraw = True
237.0373 	DATA 	Keypress: left
237.0429 	EXP 	New trial (rep=0, index=32): OrderedDict([('word', u'green'), ('color', u'green'), ('congruent', 1), ('corrAns', u'down')])
237.0900 	EXP 	stimuli: autoDraw = False
237.0900 	EXP 	hint: autoDraw = False
237.0900 	EXP 	stimuli: color = u'green (named)'
237.0900 	EXP 	stimuli: text = u'green'
237.0900 	EXP 	hint: autoDraw = True
237.5728 	EXP 	stimuli: autoDraw = True
238.1199 	DATA 	Keypress: down
238.1223 	EXP 	New trial (rep=0, index=33): OrderedDict([('word', u'red'), ('color', u'green'), ('congruent', 0), ('corrAns', u'down')])
238.1530 	EXP 	stimuli: autoDraw = False
238.1530 	EXP 	hint: autoDraw = False
238.1530 	EXP 	stimuli: color = u'green (named)'
238.1530 	EXP 	stimuli: text = u'red'
238.1530 	EXP 	hint: autoDraw = True
238.6548 	EXP 	stimuli: autoDraw = True
239.4046 	DATA 	Keypress: down
239.4093 	EXP 	New trial (rep=0, index=34): OrderedDict([('word', u'red'), ('color', u'red'), ('congruent', 1), ('corrAns', u'left')])
239.4234 	EXP 	stimuli: autoDraw = False
239.4234 	EXP 	hint: autoDraw = False
239.4234 	EXP 	stimuli: color = u'red (named)'
239.4234 	EXP 	stimuli: text = u'red'
239.4234 	EXP 	hint: autoDraw = True
239.9370 	EXP 	stimuli: autoDraw = True
240.6885 	DATA 	Keypress: left
240.6932 	EXP 	New trial (rep=0, index=35): OrderedDict([('word', u'red'), ('color', u'red'), ('congruent', 1), ('corrAns', u'left')])
240.7094 	EXP 	stimuli: autoDraw = False
240.7094 	EXP 	hint: autoDraw = False
240.7094 	EXP 	stimuli: color = u'red (named)'
240.7094 	EXP 	stimuli: text = u'red'
240.7094 	EXP 	hint: autoDraw = True
241.2201 	EXP 	stimuli: autoDraw = True
241.9730 	DATA 	Keypress: left
241.9896 	EXP 	New trial (rep=0, index=36): OrderedDict([('word', u'blue'), ('color', u'blue'), ('congruent', 1), ('corrAns', u'right')])
242.0189 	EXP 	stimuli: autoDraw = False
242.0189 	EXP 	hint: autoDraw = False
242.0189 	EXP 	stimuli: color = u'blue (named)'
242.0189 	EXP 	stimuli: text = u'blue'
242.0189 	EXP 	hint: autoDraw = True
242.5242 	EXP 	stimuli: autoDraw = True
243.3408 	DATA 	Keypress: right
243.3573 	EXP 	New trial (rep=0, index=37): OrderedDict([('word', u'red'), ('color', u'green'), ('congruent', 0), ('corrAns', u'down')])
243.3819 	EXP 	stimuli: autoDraw = False
243.3819 	EXP 	hint: autoDraw = False
243.3819 	EXP 	stimuli: color = u'green (named)'
243.3819 	EXP 	stimuli: text = u'red'
243.3819 	EXP 	hint: autoDraw = True
243.8899 	EXP 	stimuli: autoDraw = True
244.6063 	DATA 	Keypress: down
244.6110 	EXP 	New trial (rep=0, index=38): OrderedDict([('word', u'red'), ('color', u'red'), ('congruent', 1), ('corrAns', u'left')])
244.6252 	EXP 	stimuli: autoDraw = False
244.6252 	EXP 	hint: autoDraw = False
244.6252 	EXP 	stimuli: color = u'red (named)'
244.6252 	EXP 	stimuli: text = u'red'
244.6252 	EXP 	hint: autoDraw = True
245.1386 	EXP 	stimuli: autoDraw = True
245.7902 	DATA 	Keypress: left
245.7949 	EXP 	New trial (rep=0, index=39): OrderedDict([('word', u'red'), ('color', u'red'), ('congruent', 1), ('corrAns', u'left')])
245.8090 	EXP 	stimuli: autoDraw = False
245.8090 	EXP 	hint: autoDraw = False
245.8090 	EXP 	stimuli: color = u'red (named)'
245.8090 	EXP 	stimuli: text = u'red'
245.8090 	EXP 	hint: autoDraw = True
246.3223 	EXP 	stimuli: autoDraw = True
246.8562 	DATA 	Keypress: left
246.8574 	EXP 	New trial (rep=0, index=40): OrderedDict([('word', u'green'), ('color', u'green'), ('congruent', 1), ('corrAns', u'down')])
246.8777 	EXP 	stimuli: autoDraw = False
246.8777 	EXP 	hint: autoDraw = False
246.8777 	EXP 	stimuli: color = u'green (named)'
246.8777 	EXP 	stimuli: text = u'green'
246.8777 	EXP 	hint: autoDraw = True
247.3888 	EXP 	stimuli: autoDraw = True
248.2566 	DATA 	Keypress: down
248.2597 	EXP 	New trial (rep=0, index=41): OrderedDict([('word', u'green'), ('color', u'green'), ('congruent', 1), ('corrAns', u'down')])
248.2727 	EXP 	stimuli: autoDraw = False
248.2727 	EXP 	hint: autoDraw = False
248.2727 	EXP 	stimuli: color = u'green (named)'
248.2727 	EXP 	stimuli: text = u'green'
248.2727 	EXP 	hint: autoDraw = True
248.7894 	EXP 	stimuli: autoDraw = True
249.4569 	DATA 	Keypress: down
249.4597 	EXP 	New trial (rep=0, index=42): OrderedDict([('word', u'blue'), ('color', u'blue'), ('congruent', 1), ('corrAns', u'right')])
249.4882 	EXP 	stimuli: autoDraw = False
249.4882 	EXP 	hint: autoDraw = False
249.4882 	EXP 	stimuli: color = u'blue (named)'
249.4882 	EXP 	stimuli: text = u'blue'
249.4882 	EXP 	hint: autoDraw = True
249.9927 	EXP 	stimuli: autoDraw = True
250.7249 	DATA 	Keypress: right
250.7301 	EXP 	New trial (rep=0, index=43): OrderedDict([('word', u'blue'), ('color', u'blue'), ('congruent', 1), ('corrAns', u'right')])
250.7443 	EXP 	stimuli: autoDraw = False
250.7443 	EXP 	hint: autoDraw = False
250.7443 	EXP 	stimuli: color = u'blue (named)'
250.7443 	EXP 	stimuli: text = u'blue'
250.7443 	EXP 	hint: autoDraw = True
251.2573 	EXP 	stimuli: autoDraw = True
251.8752 	DATA 	Keypress: right
251.8799 	EXP 	New trial (rep=0, index=44): OrderedDict([('word', u'green'), ('color', u'green'), ('congruent', 1), ('corrAns', u'down')])
251.9494 	EXP 	stimuli: autoDraw = False
251.9494 	EXP 	hint: autoDraw = False
251.9494 	EXP 	stimuli: color = u'green (named)'
251.9494 	EXP 	stimuli: text = u'green'
251.9494 	EXP 	hint: autoDraw = True
252.4101 	EXP 	stimuli: autoDraw = True
253.1250 	DATA 	Keypress: down
253.1260 	EXP 	New trial (rep=1, index=0): OrderedDict([('word', u'green'), ('color', u'blue'), ('congruent', 0), ('corrAns', u'right')])
253.1412 	EXP 	stimuli: autoDraw = False
253.1412 	EXP 	hint: autoDraw = False
253.1412 	EXP 	stimuli: color = u'blue (named)'
253.1412 	EXP 	stimuli: text = u'green'
253.1412 	EXP 	hint: autoDraw = True
253.6575 	EXP 	stimuli: autoDraw = True
254.7252 	DATA 	Keypress: right
254.7287 	EXP 	New trial (rep=1, index=1): OrderedDict([('word', u'blue'), ('color', u'blue'), ('congruent', 1), ('corrAns', u'right')])
254.7647 	EXP 	stimuli: autoDraw = False
254.7647 	EXP 	hint: autoDraw = False
254.7647 	EXP 	stimuli: color = u'blue (named)'
254.7647 	EXP 	stimuli: text = u'blue'
254.7647 	EXP 	hint: autoDraw = True
255.2611 	EXP 	stimuli: autoDraw = True
256.5603 	DATA 	Keypress: right
256.5630 	EXP 	New trial (rep=1, index=2): OrderedDict([('word', u'green'), ('color', u'green'), ('congruent', 1), ('corrAns', u'down')])
256.6000 	EXP 	stimuli: autoDraw = False
256.6000 	EXP 	hint: autoDraw = False
256.6000 	EXP 	stimuli: color = u'green (named)'
256.6000 	EXP 	stimuli: text = u'green'
256.6000 	EXP 	hint: autoDraw = True
257.0932 	EXP 	stimuli: autoDraw = True
257.7938 	DATA 	Keypress: down
257.7990 	EXP 	New trial (rep=1, index=3): OrderedDict([('word', u'green'), ('color', u'red'), ('congruent', 0), ('corrAns', u'left')])
257.8131 	EXP 	stimuli: autoDraw = False
257.8131 	EXP 	hint: autoDraw = False
257.8131 	EXP 	stimuli: color = u'red (named)'
257.8131 	EXP 	stimuli: text = u'green'
257.8131 	EXP 	hint: autoDraw = True
258.3267 	EXP 	stimuli: autoDraw = True
258.9263 	DATA 	Keypress: left
258.9288 	EXP 	New trial (rep=1, index=4): OrderedDict([('word', u'blue'), ('color', u'blue'), ('congruent', 1), ('corrAns', u'right')])
258.9532 	EXP 	stimuli: autoDraw = False
258.9532 	EXP 	hint: autoDraw = False
258.9532 	EXP 	stimuli: color = u'blue (named)'
258.9532 	EXP 	stimuli: text = u'blue'
258.9532 	EXP 	hint: autoDraw = True
259.4592 	EXP 	stimuli: autoDraw = True
260.6113 	DATA 	Keypress: right
260.6161 	EXP 	New trial (rep=1, index=5): OrderedDict([('word', u'blue'), ('color', u'red'), ('congruent', 0), ('corrAns', u'left')])
260.6302 	EXP 	stimuli: autoDraw = False
260.6302 	EXP 	hint: autoDraw = False
260.6302 	EXP 	stimuli: color = u'red (named)'
260.6302 	EXP 	stimuli: text = u'blue'
260.6302 	EXP 	hint: autoDraw = True
261.1436 	EXP 	stimuli: autoDraw = True
261.9108 	DATA 	Keypress: left
261.9136 	EXP 	New trial (rep=1, index=6): OrderedDict([('word', u'red'), ('color', u'green'), ('congruent', 0), ('corrAns', u'down')])
261.9440 	EXP 	stimuli: autoDraw = False
261.9440 	EXP 	hint: autoDraw = False
261.9440 	EXP 	stimuli: color = u'green (named)'
261.9440 	EXP 	stimuli: text = u'red'
261.9440 	EXP 	hint: autoDraw = True
262.4460 	EXP 	stimuli: autoDraw = True
263.1443 	DATA 	Keypress: down
263.1467 	EXP 	New trial (rep=1, index=7): OrderedDict([('word', u'red'), ('color', u'red'), ('congruent', 1), ('corrAns', u'left')])
263.1602 	EXP 	stimuli: autoDraw = False
263.1602 	EXP 	hint: autoDraw = False
263.1602 	EXP 	stimuli: color = u'red (named)'
263.1602 	EXP 	stimuli: text = u'red'
263.1602 	EXP 	hint: autoDraw = True
263.6772 	EXP 	stimuli: autoDraw = True
264.3614 	DATA 	Keypress: left
264.3639 	EXP 	New trial (rep=1, index=8): OrderedDict([('word', u'blue'), ('color', u'blue'), ('congruent', 1), ('corrAns', u'right')])
264.3954 	EXP 	stimuli: autoDraw = False
264.3954 	EXP 	hint: autoDraw = False
264.3954 	EXP 	stimuli: color = u'blue (named)'
264.3954 	EXP 	stimuli: text = u'blue'
264.3954 	EXP 	hint: autoDraw = True
264.8942 	EXP 	stimuli: autoDraw = True
265.5617 	DATA 	Keypress: right
265.5642 	EXP 	New trial (rep=1, index=9): OrderedDict([('word', u'green'), ('color', u'green'), ('congruent', 1), ('corrAns', u'down')])
265.5964 	EXP 	stimuli: autoDraw = False
265.5964 	EXP 	hint: autoDraw = False
265.5964 	EXP 	stimuli: color = u'green (named)'
265.5964 	EXP 	stimuli: text = u'green'
265.5964 	EXP 	hint: autoDraw = True
266.0978 	EXP 	stimuli: autoDraw = True
266.9981 	DATA 	Keypress: down
267.0146 	EXP 	New trial (rep=1, index=10): OrderedDict([('word', u'red'), ('color', u'red'), ('congruent', 1), ('corrAns', u'left')])
267.0471 	EXP 	stimuli: autoDraw = False
267.0471 	EXP 	hint: autoDraw = False
267.0471 	EXP 	stimuli: color = u'red (named)'
267.0471 	EXP 	stimuli: text = u'red'
267.0471 	EXP 	hint: autoDraw = True
267.5480 	EXP 	stimuli: autoDraw = True
268.3303 	DATA 	Keypress: left
268.3350 	EXP 	New trial (rep=1, index=11): OrderedDict([('word', u'green'), ('color', u'green'), ('congruent', 1), ('corrAns', u'down')])
268.3806 	EXP 	stimuli: autoDraw = False
268.3806 	EXP 	hint: autoDraw = False
268.3806 	EXP 	stimuli: color = u'green (named)'
268.3806 	EXP 	stimuli: text = u'green'
268.3806 	EXP 	hint: autoDraw = True
268.8648 	EXP 	stimuli: autoDraw = True
269.4129 	DATA 	Keypress: down
269.4157 	EXP 	New trial (rep=1, index=12): OrderedDict([('word', u'blue'), ('color', u'blue'), ('congruent', 1), ('corrAns', u'right')])
269.4421 	EXP 	stimuli: autoDraw = False
269.4421 	EXP 	hint: autoDraw = False
269.4421 	EXP 	stimuli: color = u'blue (named)'
269.4421 	EXP 	stimuli: text = u'blue'
269.4421 	EXP 	hint: autoDraw = True
269.9461 	EXP 	stimuli: autoDraw = True
270.3965 	DATA 	Keypress: right
270.3978 	EXP 	New trial (rep=1, index=13): OrderedDict([('word', u'green'), ('color', u'green'), ('congruent', 1), ('corrAns', u'down')])
270.4204 	EXP 	stimuli: autoDraw = False
270.4204 	EXP 	hint: autoDraw = False
270.4204 	EXP 	stimuli: color = u'green (named)'
270.4204 	EXP 	stimuli: text = u'green'
270.4204 	EXP 	hint: autoDraw = True
270.9326 	EXP 	stimuli: autoDraw = True
271.7648 	DATA 	Keypress: down
271.7695 	EXP 	New trial (rep=1, index=14): OrderedDict([('word', u'red'), ('color', u'red'), ('congruent', 1), ('corrAns', u'left')])
271.8154 	EXP 	stimuli: autoDraw = False
271.8154 	EXP 	hint: autoDraw = False
271.8154 	EXP 	stimuli: color = u'red (named)'
271.8154 	EXP 	stimuli: text = u'red'
271.8154 	EXP 	hint: autoDraw = True
272.2993 	EXP 	stimuli: autoDraw = True
272.8811 	DATA 	Keypress: left
272.8851 	EXP 	New trial (rep=1, index=15): OrderedDict([('word', u'red'), ('color', u'red'), ('congruent', 1), ('corrAns', u'left')])
272.8980 	EXP 	stimuli: autoDraw = False
272.8980 	EXP 	hint: autoDraw = False
272.8980 	EXP 	stimuli: color = u'red (named)'
272.8980 	EXP 	stimuli: text = u'red'
272.8980 	EXP 	hint: autoDraw = True
273.4136 	EXP 	stimuli: autoDraw = True
274.1979 	DATA 	Keypress: left
274.2001 	EXP 	New trial (rep=1, index=16): OrderedDict([('word', u'blue'), ('color', u'blue'), ('congruent', 1), ('corrAns', u'right')])
274.2294 	EXP 	stimuli: autoDraw = False
274.2294 	EXP 	hint: autoDraw = False
274.2294 	EXP 	stimuli: color = u'blue (named)'
274.2294 	EXP 	stimuli: text = u'blue'
274.2294 	EXP 	hint: autoDraw = True
274.7309 	EXP 	stimuli: autoDraw = True
275.3984 	DATA 	Keypress: right
275.4006 	EXP 	New trial (rep=1, index=17): OrderedDict([('word', u'green'), ('color', u'green'), ('congruent', 1), ('corrAns', u'down')])
275.4344 	EXP 	stimuli: autoDraw = False
275.4344 	EXP 	hint: autoDraw = False
275.4344 	EXP 	stimuli: color = u'green (named)'
275.4344 	EXP 	stimuli: text = u'green'
275.4344 	EXP 	hint: autoDraw = True
275.9312 	EXP 	stimuli: autoDraw = True
276.5495 	DATA 	Keypress: down
276.5542 	EXP 	New trial (rep=1, index=18): OrderedDict([('word', u'blue'), ('color', u'red'), ('congruent', 0), ('corrAns', u'left')])
276.5956 	EXP 	stimuli: autoDraw = False
276.5956 	EXP 	hint: autoDraw = False
276.5956 	EXP 	stimuli: color = u'red (named)'
276.5956 	EXP 	stimuli: text = u'blue'
276.5956 	EXP 	hint: autoDraw = True
277.0815 	EXP 	stimuli: autoDraw = True
277.9000 	DATA 	Keypress: left
277.9165 	EXP 	New trial (rep=1, index=19): OrderedDict([('word', u'red'), ('color', u'blue'), ('congruent', 0), ('corrAns', u'right')])
277.9361 	EXP 	stimuli: autoDraw = False
277.9361 	EXP 	hint: autoDraw = False
277.9361 	EXP 	stimuli: color = u'blue (named)'
277.9361 	EXP 	stimuli: text = u'red'
277.9361 	EXP 	hint: autoDraw = True
278.4487 	EXP 	stimuli: autoDraw = True
279.2160 	DATA 	Keypress: right
279.2172 	EXP 	New trial (rep=1, index=20): OrderedDict([('word', u'blue'), ('color', u'blue'), ('congruent', 1), ('corrAns', u'right')])
279.2366 	EXP 	stimuli: autoDraw = False
279.2366 	EXP 	hint: autoDraw = False
279.2366 	EXP 	stimuli: color = u'blue (named)'
279.2366 	EXP 	stimuli: text = u'blue'
279.2366 	EXP 	hint: autoDraw = True
279.7519 	EXP 	stimuli: autoDraw = True
280.4831 	DATA 	Keypress: right
280.4855 	EXP 	New trial (rep=1, index=21): OrderedDict([('word', u'blue'), ('color', u'blue'), ('congruent', 1), ('corrAns', u'right')])
280.4989 	EXP 	stimuli: autoDraw = False
280.4989 	EXP 	hint: autoDraw = False
280.4989 	EXP 	stimuli: color = u'blue (named)'
280.4989 	EXP 	stimuli: text = u'blue'
280.4989 	EXP 	hint: autoDraw = True
281.0161 	EXP 	stimuli: autoDraw = True
281.7179 	DATA 	Keypress: right
281.7226 	EXP 	New trial (rep=1, index=22): OrderedDict([('word', u'blue'), ('color', u'blue'), ('congruent', 1), ('corrAns', u'right')])
281.7367 	EXP 	stimuli: autoDraw = False
281.7367 	EXP 	hint: autoDraw = False
281.7367 	EXP 	stimuli: color = u'blue (named)'
281.7367 	EXP 	stimuli: text = u'blue'
281.7367 	EXP 	hint: autoDraw = True
282.2502 	EXP 	stimuli: autoDraw = True
282.9516 	DATA 	Keypress: right
282.9564 	EXP 	New trial (rep=1, index=23): OrderedDict([('word', u'red'), ('color', u'red'), ('congruent', 1), ('corrAns', u'left')])
283.0023 	EXP 	stimuli: autoDraw = False
283.0023 	EXP 	hint: autoDraw = False
283.0023 	EXP 	stimuli: color = u'red (named)'
283.0023 	EXP 	stimuli: text = u'red'
283.0023 	EXP 	hint: autoDraw = True
283.4864 	EXP 	stimuli: autoDraw = True
284.2226 	DATA 	Keypress: left
284.2393 	EXP 	New trial (rep=1, index=24): OrderedDict([('word', u'green'), ('color', u'blue'), ('congruent', 0), ('corrAns', u'right')])
284.2859 	EXP 	stimuli: autoDraw = False
284.2859 	EXP 	hint: autoDraw = False
284.2859 	EXP 	stimuli: color = u'blue (named)'
284.2859 	EXP 	stimuli: text = u'green'
284.2859 	EXP 	hint: autoDraw = True
284.7670 	EXP 	stimuli: autoDraw = True
285.7181 	DATA 	Keypress: right
285.7205 	EXP 	New trial (rep=1, index=25): OrderedDict([('word', u'blue'), ('color', u'blue'), ('congruent', 1), ('corrAns', u'right')])
285.7452 	EXP 	stimuli: autoDraw = False
285.7452 	EXP 	hint: autoDraw = False
285.7452 	EXP 	stimuli: color = u'blue (named)'
285.7452 	EXP 	stimuli: text = u'blue'
285.7452 	EXP 	hint: autoDraw = True
286.2508 	EXP 	stimuli: autoDraw = True
286.9350 	DATA 	Keypress: right
286.9375 	EXP 	New trial (rep=1, index=26): OrderedDict([('word', u'red'), ('color', u'red'), ('congruent', 1), ('corrAns', u'left')])
286.9621 	EXP 	stimuli: autoDraw = False
286.9621 	EXP 	hint: autoDraw = False
286.9621 	EXP 	stimuli: color = u'red (named)'
286.9621 	EXP 	stimuli: text = u'red'
286.9621 	EXP 	hint: autoDraw = True
287.4680 	EXP 	stimuli: autoDraw = True
288.1023 	DATA 	Keypress: left
288.1056 	EXP 	New trial (rep=1, index=27): OrderedDict([('word', u'red'), ('color', u'green'), ('congruent', 0), ('corrAns', u'down')])
288.1183 	EXP 	stimuli: autoDraw = False
288.1183 	EXP 	hint: autoDraw = False
288.1183 	EXP 	stimuli: color = u'green (named)'
288.1183 	EXP 	stimuli: text = u'red'
288.1183 	EXP 	hint: autoDraw = True
288.6350 	EXP 	stimuli: autoDraw = True
289.1883 	DATA 	Keypress: down
289.2049 	EXP 	New trial (rep=1, index=28): OrderedDict([('word', u'red'), ('color', u'red'), ('congruent', 1), ('corrAns', u'left')])
289.2185 	EXP 	stimuli: autoDraw = False
289.2185 	EXP 	hint: autoDraw = False
289.2185 	EXP 	stimuli: color = u'red (named)'
289.2185 	EXP 	stimuli: text = u'red'
289.2185 	EXP 	hint: autoDraw = True
289.7354 	EXP 	stimuli: autoDraw = True
290.5029 	DATA 	Keypress: left
290.5057 	EXP 	New trial (rep=1, index=29): OrderedDict([('word', u'green'), ('color', u'green'), ('congruent', 1), ('corrAns', u'down')])
290.5407 	EXP 	stimuli: autoDraw = False
290.5407 	EXP 	hint: autoDraw = False
290.5407 	EXP 	stimuli: color = u'green (named)'
290.5407 	EXP 	stimuli: text = u'green'
290.5407 	EXP 	hint: autoDraw = True
291.0357 	EXP 	stimuli: autoDraw = True
291.6043 	DATA 	Keypress: down
291.6095 	EXP 	New trial (rep=1, index=30): OrderedDict([('word', u'green'), ('color', u'green'), ('congruent', 1), ('corrAns', u'down')])
291.6236 	EXP 	stimuli: autoDraw = False
291.6236 	EXP 	hint: autoDraw = False
291.6236 	EXP 	stimuli: color = u'green (named)'
291.6236 	EXP 	stimuli: text = u'green'
291.6236 	EXP 	hint: autoDraw = True
292.1373 	EXP 	stimuli: autoDraw = True
292.7088 	DATA 	Keypress: down
292.7254 	EXP 	New trial (rep=1, index=31): OrderedDict([('word', u'red'), ('color', u'red'), ('congruent', 1), ('corrAns', u'left')])
292.7634 	EXP 	stimuli: autoDraw = False
292.7634 	EXP 	hint: autoDraw = False
292.7634 	EXP 	stimuli: color = u'red (named)'
292.7634 	EXP 	stimuli: text = u'red'
292.7634 	EXP 	hint: autoDraw = True
293.2560 	EXP 	stimuli: autoDraw = True
293.9732 	DATA 	Keypress: left
293.9897 	EXP 	New trial (rep=1, index=32): OrderedDict([('word', u'green'), ('color', u'green'), ('congruent', 1), ('corrAns', u'down')])
294.0242 	EXP 	stimuli: autoDraw = False
294.0242 	EXP 	hint: autoDraw = False
294.0242 	EXP 	stimuli: color = u'green (named)'
294.0242 	EXP 	stimuli: text = u'green'
294.0242 	EXP 	hint: autoDraw = True
294.5202 	EXP 	stimuli: autoDraw = True
295.1711 	DATA 	Keypress: down
295.1723 	EXP 	New trial (rep=1, index=33): OrderedDict([('word', u'green'), ('color', u'green'), ('congruent', 1), ('corrAns', u'down')])
295.1872 	EXP 	stimuli: autoDraw = False
295.1872 	EXP 	hint: autoDraw = False
295.1872 	EXP 	stimuli: color = u'green (named)'
295.1872 	EXP 	stimuli: text = u'green'
295.1872 	EXP 	hint: autoDraw = True
295.7037 	EXP 	stimuli: autoDraw = True
296.2939 	DATA 	Keypress: down
296.3100 	EXP 	New trial (rep=1, index=34): OrderedDict([('word', u'red'), ('color', u'red'), ('congruent', 1), ('corrAns', u'left')])
296.3506 	EXP 	stimuli: autoDraw = False
296.3506 	EXP 	hint: autoDraw = False
296.3506 	EXP 	stimuli: color = u'red (named)'
296.3506 	EXP 	stimuli: text = u'red'
296.3506 	EXP 	hint: autoDraw = True
296.8377 	EXP 	stimuli: autoDraw = True
297.5217 	DATA 	Keypress: left
297.5240 	EXP 	New trial (rep=1, index=35): OrderedDict([('word', u'blue'), ('color', u'blue'), ('congruent', 1), ('corrAns', u'right')])
297.5489 	EXP 	stimuli: autoDraw = False
297.5489 	EXP 	hint: autoDraw = False
297.5489 	EXP 	stimuli: color = u'blue (named)'
297.5489 	EXP 	stimuli: text = u'blue'
297.5489 	EXP 	hint: autoDraw = True
298.0546 	EXP 	stimuli: autoDraw = True
298.7053 	DATA 	Keypress: right
298.7077 	EXP 	New trial (rep=1, index=36): OrderedDict([('word', u'green'), ('color', u'green'), ('congruent', 1), ('corrAns', u'down')])
298.7449 	EXP 	stimuli: autoDraw = False
298.7449 	EXP 	hint: autoDraw = False
298.7449 	EXP 	stimuli: color = u'green (named)'
298.7449 	EXP 	stimuli: text = u'green'
298.7449 	EXP 	hint: autoDraw = True
299.2383 	EXP 	stimuli: autoDraw = True
299.9903 	DATA 	Keypress: down
299.9957 	EXP 	New trial (rep=1, index=37): OrderedDict([('word', u'blue'), ('color', u'blue'), ('congruent', 1), ('corrAns', u'right')])
300.0361 	EXP 	stimuli: autoDraw = False
300.0361 	EXP 	hint: autoDraw = False
300.0361 	EXP 	stimuli: color = u'blue (named)'
300.0361 	EXP 	stimuli: text = u'blue'
300.0361 	EXP 	hint: autoDraw = True
300.5220 	EXP 	stimuli: autoDraw = True
301.3397 	DATA 	Keypress: right
301.3424 	EXP 	New trial (rep=1, index=38): OrderedDict([('word', u'red'), ('color', u'red'), ('congruent', 1), ('corrAns', u'left')])
301.3668 	EXP 	stimuli: autoDraw = False
301.3668 	EXP 	hint: autoDraw = False
301.3668 	EXP 	stimuli: color = u'red (named)'
301.3668 	EXP 	stimuli: text = u'red'
301.3668 	EXP 	hint: autoDraw = True
301.8724 	EXP 	stimuli: autoDraw = True
302.4743 	DATA 	Keypress: left
302.4797 	EXP 	New trial (rep=1, index=39): OrderedDict([('word', u'green'), ('color', u'green'), ('congruent', 1), ('corrAns', u'down')])
302.5276 	EXP 	stimuli: autoDraw = False
302.5276 	EXP 	hint: autoDraw = False
302.5276 	EXP 	stimuli: color = u'green (named)'
302.5276 	EXP 	stimuli: text = u'green'
302.5276 	EXP 	hint: autoDraw = True
303.0095 	EXP 	stimuli: autoDraw = True
303.5249 	DATA 	Keypress: down
303.5296 	EXP 	New trial (rep=1, index=40): OrderedDict([('word', u'blue'), ('color', u'green'), ('congruent', 0), ('corrAns', u'down')])
303.5768 	EXP 	stimuli: autoDraw = False
303.5768 	EXP 	hint: autoDraw = False
303.5768 	EXP 	stimuli: color = u'green (named)'
303.5768 	EXP 	stimuli: text = u'blue'
303.5768 	EXP 	hint: autoDraw = True
304.0567 	EXP 	stimuli: autoDraw = True
305.6078 	DATA 	Keypress: down
305.6105 	EXP 	New trial (rep=1, index=41): OrderedDict([('word', u'red'), ('color', u'red'), ('congruent', 1), ('corrAns', u'left')])
305.6410 	EXP 	stimuli: autoDraw = False
305.6410 	EXP 	hint: autoDraw = False
305.6410 	EXP 	stimuli: color = u'red (named)'
305.6410 	EXP 	stimuli: text = u'red'
305.6410 	EXP 	hint: autoDraw = True
306.1436 	EXP 	stimuli: autoDraw = True
306.7258 	DATA 	Keypress: left
306.7309 	EXP 	New trial (rep=1, index=42): OrderedDict([('word', u'green'), ('color', u'green'), ('congruent', 1), ('corrAns', u'down')])
306.7868 	EXP 	stimuli: autoDraw = False
306.7868 	EXP 	hint: autoDraw = False
306.7868 	EXP 	stimuli: color = u'green (named)'
306.7868 	EXP 	stimuli: text = u'green'
306.7868 	EXP 	hint: autoDraw = True
307.2574 	EXP 	stimuli: autoDraw = True
307.8917 	DATA 	Keypress: down
307.8944 	EXP 	New trial (rep=1, index=43): OrderedDict([('word', u'blue'), ('color', u'blue'), ('congruent', 1), ('corrAns', u'right')])
307.9258 	EXP 	stimuli: autoDraw = False
307.9258 	EXP 	hint: autoDraw = False
307.9258 	EXP 	stimuli: color = u'blue (named)'
307.9258 	EXP 	stimuli: text = u'blue'
307.9258 	EXP 	hint: autoDraw = True
308.4274 	EXP 	stimuli: autoDraw = True
308.8636 	DATA 	Keypress: right
308.8804 	EXP 	New trial (rep=1, index=44): OrderedDict([('word', u'red'), ('color', u'red'), ('congruent', 1), ('corrAns', u'left')])
308.9349 	EXP 	stimuli: autoDraw = False
308.9349 	EXP 	hint: autoDraw = False
308.9349 	EXP 	stimuli: color = u'red (named)'
308.9349 	EXP 	stimuli: text = u'red'
308.9349 	EXP 	hint: autoDraw = True
309.4081 	EXP 	stimuli: autoDraw = True
309.8766 	DATA 	Keypress: left
309.8813 	EXP 	New trial (rep=2, index=0): OrderedDict([('word', u'blue'), ('color', u'blue'), ('congruent', 1), ('corrAns', u'right')])
309.9280 	EXP 	stimuli: autoDraw = False
309.9280 	EXP 	hint: autoDraw = False
309.9280 	EXP 	stimuli: color = u'blue (named)'
309.9280 	EXP 	stimuli: text = u'blue'
309.9280 	EXP 	hint: autoDraw = True
310.4085 	EXP 	stimuli: autoDraw = True
311.5760 	DATA 	Keypress: right
311.5774 	EXP 	New trial (rep=2, index=1): OrderedDict([('word', u'blue'), ('color', u'blue'), ('congruent', 1), ('corrAns', u'right')])
311.5922 	EXP 	stimuli: autoDraw = False
311.5922 	EXP 	hint: autoDraw = False
311.5922 	EXP 	stimuli: color = u'blue (named)'
311.5922 	EXP 	stimuli: text = u'blue'
311.5922 	EXP 	hint: autoDraw = True
312.1090 	EXP 	stimuli: autoDraw = True
312.7932 	DATA 	Keypress: right
312.7946 	EXP 	New trial (rep=2, index=2): OrderedDict([('word', u'red'), ('color', u'red'), ('congruent', 1), ('corrAns', u'left')])
312.8138 	EXP 	stimuli: autoDraw = False
312.8138 	EXP 	hint: autoDraw = False
312.8138 	EXP 	stimuli: color = u'red (named)'
312.8138 	EXP 	stimuli: text = u'red'
312.8138 	EXP 	hint: autoDraw = True
313.3260 	EXP 	stimuli: autoDraw = True
313.7932 	DATA 	Keypress: left
313.7956 	EXP 	New trial (rep=2, index=3): OrderedDict([('word', u'green'), ('color', u'green'), ('congruent', 1), ('corrAns', u'down')])
313.8279 	EXP 	stimuli: autoDraw = False
313.8279 	EXP 	hint: autoDraw = False
313.8279 	EXP 	stimuli: color = u'green (named)'
313.8279 	EXP 	stimuli: text = u'green'
313.8279 	EXP 	hint: autoDraw = True
314.3262 	EXP 	stimuli: autoDraw = True
314.7936 	DATA 	Keypress: down
314.7960 	EXP 	New trial (rep=2, index=4): OrderedDict([('word', u'blue'), ('color', u'red'), ('congruent', 0), ('corrAns', u'left')])
314.8278 	EXP 	stimuli: autoDraw = False
314.8278 	EXP 	hint: autoDraw = False
314.8278 	EXP 	stimuli: color = u'red (named)'
314.8278 	EXP 	stimuli: text = u'blue'
314.8278 	EXP 	hint: autoDraw = True
315.3292 	EXP 	stimuli: autoDraw = True
316.1941 	DATA 	Keypress: left
316.1966 	EXP 	New trial (rep=2, index=5): OrderedDict([('word', u'blue'), ('color', u'blue'), ('congruent', 1), ('corrAns', u'right')])
316.2101 	EXP 	stimuli: autoDraw = False
316.2101 	EXP 	hint: autoDraw = False
316.2101 	EXP 	stimuli: color = u'blue (named)'
316.2101 	EXP 	stimuli: text = u'blue'
316.2101 	EXP 	hint: autoDraw = True
316.7271 	EXP 	stimuli: autoDraw = True
317.4963 	DATA 	Keypress: right
317.5010 	EXP 	New trial (rep=2, index=6): OrderedDict([('word', u'green'), ('color', u'green'), ('congruent', 1), ('corrAns', u'down')])
317.5668 	EXP 	stimuli: autoDraw = False
317.5668 	EXP 	hint: autoDraw = False
317.5668 	EXP 	stimuli: color = u'green (named)'
317.5668 	EXP 	stimuli: text = u'green'
317.5668 	EXP 	hint: autoDraw = True
318.0279 	EXP 	stimuli: autoDraw = True
318.9460 	DATA 	Keypress: down
318.9515 	EXP 	New trial (rep=2, index=7): OrderedDict([('word', u'red'), ('color', u'red'), ('congruent', 1), ('corrAns', u'left')])
318.9905 	EXP 	stimuli: autoDraw = False
318.9905 	EXP 	hint: autoDraw = False
318.9905 	EXP 	stimuli: color = u'red (named)'
318.9905 	EXP 	stimuli: text = u'red'
318.9905 	EXP 	hint: autoDraw = True
319.4818 	EXP 	stimuli: autoDraw = True
320.0798 	DATA 	Keypress: left
320.0845 	EXP 	New trial (rep=2, index=8): OrderedDict([('word', u'red'), ('color', u'red'), ('congruent', 1), ('corrAns', u'left')])
320.0987 	EXP 	stimuli: autoDraw = False
320.0987 	EXP 	hint: autoDraw = False
320.0987 	EXP 	stimuli: color = u'red (named)'
320.0987 	EXP 	stimuli: text = u'red'
320.0987 	EXP 	hint: autoDraw = True
320.6121 	EXP 	stimuli: autoDraw = True
321.3469 	DATA 	Keypress: left
321.3517 	EXP 	New trial (rep=2, index=9): OrderedDict([('word', u'red'), ('color', u'red'), ('congruent', 1), ('corrAns', u'left')])
321.3663 	EXP 	stimuli: autoDraw = False
321.3663 	EXP 	hint: autoDraw = False
321.3663 	EXP 	stimuli: color = u'red (named)'
321.3663 	EXP 	stimuli: text = u'red'
321.3663 	EXP 	hint: autoDraw = True
321.8792 	EXP 	stimuli: autoDraw = True
322.4809 	DATA 	Keypress: left
322.4856 	EXP 	New trial (rep=2, index=10): OrderedDict([('word', u'blue'), ('color', u'blue'), ('congruent', 1), ('corrAns', u'right')])
322.5383 	EXP 	stimuli: autoDraw = False
322.5383 	EXP 	hint: autoDraw = False
322.5383 	EXP 	stimuli: color = u'blue (named)'
322.5383 	EXP 	stimuli: text = u'blue'
322.5383 	EXP 	hint: autoDraw = True
323.0145 	EXP 	stimuli: autoDraw = True
323.7476 	DATA 	Keypress: right
323.7525 	EXP 	New trial (rep=2, index=11): OrderedDict([('word', u'red'), ('color', u'red'), ('congruent', 1), ('corrAns', u'left')])
323.7892 	EXP 	stimuli: autoDraw = False
323.7892 	EXP 	hint: autoDraw = False
323.7892 	EXP 	stimuli: color = u'red (named)'
323.7892 	EXP 	stimuli: text = u'red'
323.7892 	EXP 	hint: autoDraw = True
324.2795 	EXP 	stimuli: autoDraw = True
325.1525 	DATA 	Keypress: left
325.1695 	EXP 	New trial (rep=2, index=12): OrderedDict([('word', u'green'), ('color', u'green'), ('congruent', 1), ('corrAns', u'down')])
325.2370 	EXP 	stimuli: autoDraw = False
325.2370 	EXP 	hint: autoDraw = False
325.2370 	EXP 	stimuli: color = u'green (named)'
325.2370 	EXP 	stimuli: text = u'green'
325.2370 	EXP 	hint: autoDraw = True
325.6968 	EXP 	stimuli: autoDraw = True
326.3307 	DATA 	Keypress: down
326.3326 	EXP 	New trial (rep=2, index=13): OrderedDict([('word', u'red'), ('color', u'blue'), ('congruent', 0), ('corrAns', u'right')])
326.3519 	EXP 	stimuli: autoDraw = False
326.3519 	EXP 	hint: autoDraw = False
326.3519 	EXP 	stimuli: color = u'blue (named)'
326.3519 	EXP 	stimuli: text = u'red'
326.3519 	EXP 	hint: autoDraw = True
326.8636 	EXP 	stimuli: autoDraw = True
327.4976 	DATA 	Keypress: right
327.4988 	EXP 	New trial (rep=2, index=14): OrderedDict([('word', u'red'), ('color', u'green'), ('congruent', 0), ('corrAns', u'down')])
327.5138 	EXP 	stimuli: autoDraw = False
327.5138 	EXP 	hint: autoDraw = False
327.5138 	EXP 	stimuli: color = u'green (named)'
327.5138 	EXP 	stimuli: text = u'red'
327.5138 	EXP 	hint: autoDraw = True
328.0306 	EXP 	stimuli: autoDraw = True
328.8492 	DATA 	Keypress: down
328.8546 	EXP 	New trial (rep=2, index=15): OrderedDict([('word', u'blue'), ('color', u'red'), ('congruent', 0), ('corrAns', u'left')])
328.9017 	EXP 	stimuli: autoDraw = False
328.9017 	EXP 	hint: autoDraw = False
328.9017 	EXP 	stimuli: color = u'red (named)'
328.9017 	EXP 	stimuli: text = u'blue'
328.9017 	EXP 	hint: autoDraw = True
329.3842 	EXP 	stimuli: autoDraw = True
330.0829 	DATA 	Keypress: left
330.0883 	EXP 	New trial (rep=2, index=16): OrderedDict([('word', u'blue'), ('color', u'blue'), ('congruent', 1), ('corrAns', u'right')])
330.1023 	EXP 	stimuli: autoDraw = False
330.1023 	EXP 	hint: autoDraw = False
330.1023 	EXP 	stimuli: color = u'blue (named)'
330.1023 	EXP 	stimuli: text = u'blue'
330.1023 	EXP 	hint: autoDraw = True
330.6153 	EXP 	stimuli: autoDraw = True
331.3666 	DATA 	Keypress: right
331.3714 	EXP 	New trial (rep=2, index=17): OrderedDict([('word', u'blue'), ('color', u'blue'), ('congruent', 1), ('corrAns', u'right')])
331.3861 	EXP 	stimuli: autoDraw = False
331.3861 	EXP 	hint: autoDraw = False
331.3861 	EXP 	stimuli: color = u'blue (named)'
331.3861 	EXP 	stimuli: text = u'blue'
331.3861 	EXP 	hint: autoDraw = True
331.8989 	EXP 	stimuli: autoDraw = True
332.7505 	DATA 	Keypress: right
332.7552 	EXP 	New trial (rep=2, index=18): OrderedDict([('word', u'green'), ('color', u'green'), ('congruent', 1), ('corrAns', u'down')])
332.8018 	EXP 	stimuli: autoDraw = False
332.8018 	EXP 	hint: autoDraw = False
332.8018 	EXP 	stimuli: color = u'green (named)'
332.8018 	EXP 	stimuli: text = u'green'
332.8018 	EXP 	hint: autoDraw = True
333.2822 	EXP 	stimuli: autoDraw = True
333.9017 	DATA 	Keypress: down
333.9182 	EXP 	New trial (rep=2, index=19): OrderedDict([('word', u'green'), ('color', u'green'), ('congruent', 1), ('corrAns', u'down')])
333.9323 	EXP 	stimuli: autoDraw = False
333.9323 	EXP 	hint: autoDraw = False
333.9323 	EXP 	stimuli: color = u'green (named)'
333.9323 	EXP 	stimuli: text = u'green'
333.9323 	EXP 	hint: autoDraw = True
334.4492 	EXP 	stimuli: autoDraw = True
335.1333 	DATA 	Keypress: down
335.1357 	EXP 	New trial (rep=2, index=20): OrderedDict([('word', u'red'), ('color', u'red'), ('congruent', 1), ('corrAns', u'left')])
335.1655 	EXP 	stimuli: autoDraw = False
335.1655 	EXP 	hint: autoDraw = False
335.1655 	EXP 	stimuli: color = u'red (named)'
335.1655 	EXP 	stimuli: text = u'red'
335.1655 	EXP 	hint: autoDraw = True
335.6682 	EXP 	stimuli: autoDraw = True
336.2340 	DATA 	Keypress: left
336.2367 	EXP 	New trial (rep=2, index=21): OrderedDict([('word', u'green'), ('color', u'green'), ('congruent', 1), ('corrAns', u'down')])
336.2799 	EXP 	stimuli: autoDraw = False
336.2799 	EXP 	hint: autoDraw = False
336.2799 	EXP 	stimuli: color = u'green (named)'
336.2799 	EXP 	stimuli: text = u'green'
336.2799 	EXP 	hint: autoDraw = True
336.7680 	EXP 	stimuli: autoDraw = True
337.3852 	DATA 	Keypress: down
337.3906 	EXP 	New trial (rep=2, index=22): OrderedDict([('word', u'red'), ('color', u'red'), ('congruent', 1), ('corrAns', u'left')])
337.4444 	EXP 	stimuli: autoDraw = False
337.4444 	EXP 	hint: autoDraw = False
337.4444 	EXP 	stimuli: color = u'red (named)'
337.4444 	EXP 	stimuli: text = u'red'
337.4444 	EXP 	hint: autoDraw = True
337.9205 	EXP 	stimuli: autoDraw = True
338.6679 	DATA 	Keypress: left
338.6722 	EXP 	New trial (rep=2, index=23): OrderedDict([('word', u'blue'), ('color', u'blue'), ('congruent', 1), ('corrAns', u'right')])
338.7079 	EXP 	stimuli: autoDraw = False
338.7079 	EXP 	hint: autoDraw = False
338.7079 	EXP 	stimuli: color = u'blue (named)'
338.7079 	EXP 	stimuli: text = u'blue'
338.7079 	EXP 	hint: autoDraw = True
339.2034 	EXP 	stimuli: autoDraw = True
339.8859 	DATA 	Keypress: right
339.8915 	EXP 	New trial (rep=2, index=24): OrderedDict([('word', u'red'), ('color', u'red'), ('congruent', 1), ('corrAns', u'left')])
339.9302 	EXP 	stimuli: autoDraw = False
339.9302 	EXP 	hint: autoDraw = False
339.9302 	EXP 	stimuli: color = u'red (named)'
339.9302 	EXP 	stimuli: text = u'red'
339.9302 	EXP 	hint: autoDraw = True
340.4178 	EXP 	stimuli: autoDraw = True
341.1863 	DATA 	Keypress: left
341.1911 	EXP 	New trial (rep=2, index=25): OrderedDict([('word', u'green'), ('color', u'blue'), ('congruent', 0), ('corrAns', u'right')])
341.2425 	EXP 	stimuli: autoDraw = False
341.2425 	EXP 	hint: autoDraw = False
341.2425 	EXP 	stimuli: color = u'blue (named)'
341.2425 	EXP 	stimuli: text = u'green'
341.2425 	EXP 	hint: autoDraw = True
341.7204 	EXP 	stimuli: autoDraw = True
342.5359 	DATA 	Keypress: down
342.5386 	EXP 	New trial (rep=2, index=26): OrderedDict([('word', u'green'), ('color', u'green'), ('congruent', 1), ('corrAns', u'down')])
342.5519 	EXP 	stimuli: autoDraw = False
342.5519 	EXP 	hint: autoDraw = False
342.5519 	EXP 	stimuli: color = u'green (named)'
342.5519 	EXP 	stimuli: text = u'green'
342.5519 	EXP 	hint: autoDraw = True
343.0686 	EXP 	stimuli: autoDraw = True
344.2697 	DATA 	Keypress: down
344.2724 	EXP 	New trial (rep=2, index=27): OrderedDict([('word', u'blue'), ('color', u'blue'), ('congruent', 1), ('corrAns', u'right')])
344.3015 	EXP 	stimuli: autoDraw = False
344.3015 	EXP 	hint: autoDraw = False
344.3015 	EXP 	stimuli: color = u'blue (named)'
344.3015 	EXP 	stimuli: text = u'blue'
344.3015 	EXP 	hint: autoDraw = True
344.8062 	EXP 	stimuli: autoDraw = True
345.4376 	DATA 	Keypress: right
345.4423 	EXP 	New trial (rep=2, index=28): OrderedDict([('word', u'green'), ('color', u'green'), ('congruent', 1), ('corrAns', u'down')])
345.4890 	EXP 	stimuli: autoDraw = False
345.4890 	EXP 	hint: autoDraw = False
345.4890 	EXP 	stimuli: color = u'green (named)'
345.4890 	EXP 	stimuli: text = u'green'
345.4890 	EXP 	hint: autoDraw = True
345.9718 	EXP 	stimuli: autoDraw = True
346.8703 	DATA 	Keypress: down
346.8742 	EXP 	New trial (rep=2, index=29): OrderedDict([('word', u'blue'), ('color', u'blue'), ('congruent', 1), ('corrAns', u'right')])
346.8990 	EXP 	stimuli: autoDraw = False
346.8990 	EXP 	hint: autoDraw = False
346.8990 	EXP 	stimuli: color = u'blue (named)'
346.8990 	EXP 	stimuli: text = u'blue'
346.8990 	EXP 	hint: autoDraw = True
347.4034 	EXP 	stimuli: autoDraw = True
348.2552 	DATA 	Keypress: right
348.2599 	EXP 	New trial (rep=2, index=30): OrderedDict([('word', u'red'), ('color', u'green'), ('congruent', 0), ('corrAns', u'down')])
348.2983 	EXP 	stimuli: autoDraw = False
348.2983 	EXP 	hint: autoDraw = False
348.2983 	EXP 	stimuli: color = u'green (named)'
348.2983 	EXP 	stimuli: text = u'red'
348.2983 	EXP 	hint: autoDraw = True
348.7897 	EXP 	stimuli: autoDraw = True
349.7725 	DATA 	Keypress: left
349.7779 	EXP 	New trial (rep=2, index=31): OrderedDict([('word', u'blue'), ('color', u'blue'), ('congruent', 1), ('corrAns', u'right')])
349.8230 	EXP 	stimuli: autoDraw = False
349.8230 	EXP 	hint: autoDraw = False
349.8230 	EXP 	stimuli: color = u'blue (named)'
349.8230 	EXP 	stimuli: text = u'blue'
349.8230 	EXP 	hint: autoDraw = True
350.3064 	EXP 	stimuli: autoDraw = True
351.2886 	DATA 	Keypress: right
351.2914 	EXP 	New trial (rep=2, index=32): OrderedDict([('word', u'red'), ('color', u'red'), ('congruent', 1), ('corrAns', u'left')])
351.3247 	EXP 	stimuli: autoDraw = False
351.3247 	EXP 	hint: autoDraw = False
351.3247 	EXP 	stimuli: color = u'red (named)'
351.3247 	EXP 	stimuli: text = u'red'
351.3247 	EXP 	hint: autoDraw = True
351.8214 	EXP 	stimuli: autoDraw = True
352.5567 	DATA 	Keypress: left
352.5735 	EXP 	New trial (rep=2, index=33): OrderedDict([('word', u'red'), ('color', u'red'), ('congruent', 1), ('corrAns', u'left')])
352.5883 	EXP 	stimuli: autoDraw = False
352.5883 	EXP 	hint: autoDraw = False
352.5883 	EXP 	stimuli: color = u'red (named)'
352.5883 	EXP 	stimuli: text = u'red'
352.5883 	EXP 	hint: autoDraw = True
353.1051 	EXP 	stimuli: autoDraw = True
353.8225 	DATA 	Keypress: left
353.8243 	EXP 	New trial (rep=2, index=34): OrderedDict([('word', u'green'), ('color', u'green'), ('congruent', 1), ('corrAns', u'down')])
353.8496 	EXP 	stimuli: autoDraw = False
353.8496 	EXP 	hint: autoDraw = False
353.8496 	EXP 	stimuli: color = u'green (named)'
353.8496 	EXP 	stimuli: text = u'green'
353.8496 	EXP 	hint: autoDraw = True
354.3581 	EXP 	stimuli: autoDraw = True
355.2065 	DATA 	Keypress: down
355.2092 	EXP 	New trial (rep=2, index=35): OrderedDict([('word', u'blue'), ('color', u'green'), ('congruent', 0), ('corrAns', u'down')])
355.2411 	EXP 	stimuli: autoDraw = False
355.2411 	EXP 	hint: autoDraw = False
355.2411 	EXP 	stimuli: color = u'green (named)'
355.2411 	EXP 	stimuli: text = u'blue'
355.2411 	EXP 	hint: autoDraw = True
355.7428 	EXP 	stimuli: autoDraw = True
356.4402 	DATA 	Keypress: right
356.4429 	EXP 	New trial (rep=2, index=36): OrderedDict([('word', u'green'), ('color', u'red'), ('congruent', 0), ('corrAns', u'left')])
356.4786 	EXP 	stimuli: autoDraw = False
356.4786 	EXP 	hint: autoDraw = False
356.4786 	EXP 	stimuli: color = u'red (named)'
356.4786 	EXP 	stimuli: text = u'green'
356.4786 	EXP 	hint: autoDraw = True
356.9758 	EXP 	stimuli: autoDraw = True
358.2770 	DATA 	Keypress: down
358.2933 	EXP 	New trial (rep=2, index=37): OrderedDict([('word', u'green'), ('color', u'green'), ('congruent', 1), ('corrAns', u'down')])
358.3066 	EXP 	stimuli: autoDraw = False
358.3066 	EXP 	hint: autoDraw = False
358.3066 	EXP 	stimuli: color = u'green (named)'
358.3066 	EXP 	stimuli: text = u'green'
358.3066 	EXP 	hint: autoDraw = True
358.8235 	EXP 	stimuli: autoDraw = True
359.8079 	DATA 	Keypress: down
359.8107 	EXP 	New trial (rep=2, index=38): OrderedDict([('word', u'blue'), ('color', u'blue'), ('congruent', 1), ('corrAns', u'right')])
359.8591 	EXP 	stimuli: autoDraw = False
359.8591 	EXP 	hint: autoDraw = False
359.8591 	EXP 	stimuli: color = u'blue (named)'
359.8591 	EXP 	stimuli: text = u'blue'
359.8591 	EXP 	hint: autoDraw = True
360.3430 	EXP 	stimuli: autoDraw = True
361.1086 	DATA 	Keypress: right
361.1117 	EXP 	New trial (rep=2, index=39): OrderedDict([('word', u'green'), ('color', u'blue'), ('congruent', 0), ('corrAns', u'right')])
361.1580 	EXP 	stimuli: autoDraw = False
361.1580 	EXP 	hint: autoDraw = False
361.1580 	EXP 	stimuli: color = u'blue (named)'
361.1580 	EXP 	stimuli: text = u'green'
361.1580 	EXP 	hint: autoDraw = True
361.6439 	EXP 	stimuli: autoDraw = True
362.6421 	DATA 	Keypress: down
362.6449 	EXP 	New trial (rep=2, index=40): OrderedDict([('word', u'green'), ('color', u'green'), ('congruent', 1), ('corrAns', u'down')])
362.6580 	EXP 	stimuli: autoDraw = False
362.6580 	EXP 	hint: autoDraw = False
362.6580 	EXP 	stimuli: color = u'green (named)'
362.6580 	EXP 	stimuli: text = u'green'
362.6580 	EXP 	hint: autoDraw = True
363.1749 	EXP 	stimuli: autoDraw = True
363.9090 	DATA 	Keypress: down
363.9118 	EXP 	New trial (rep=2, index=41): OrderedDict([('word', u'red'), ('color', u'red'), ('congruent', 1), ('corrAns', u'left')])
363.9414 	EXP 	stimuli: autoDraw = False
363.9414 	EXP 	hint: autoDraw = False
363.9414 	EXP 	stimuli: color = u'red (named)'
363.9414 	EXP 	stimuli: text = u'red'
363.9414 	EXP 	hint: autoDraw = True
364.4446 	EXP 	stimuli: autoDraw = True
364.9270 	DATA 	Keypress: left
364.9326 	EXP 	New trial (rep=2, index=42): OrderedDict([('word', u'blue'), ('color', u'blue'), ('congruent', 1), ('corrAns', u'right')])
364.9682 	EXP 	stimuli: autoDraw = False
364.9682 	EXP 	hint: autoDraw = False
364.9682 	EXP 	stimuli: color = u'blue (named)'
364.9682 	EXP 	stimuli: text = u'blue'
364.9682 	EXP 	hint: autoDraw = True
365.4590 	EXP 	stimuli: autoDraw = True
366.1440 	DATA 	Keypress: right
366.1487 	EXP 	New trial (rep=2, index=43): OrderedDict([('word', u'red'), ('color', u'red'), ('congruent', 1), ('corrAns', u'left')])
366.1940 	EXP 	stimuli: autoDraw = False
366.1940 	EXP 	hint: autoDraw = False
366.1940 	EXP 	stimuli: color = u'red (named)'
366.1940 	EXP 	stimuli: text = u'red'
366.1940 	EXP 	hint: autoDraw = True
366.6760 	EXP 	stimuli: autoDraw = True
367.4784 	DATA 	Keypress: left
367.4831 	EXP 	New trial (rep=2, index=44): OrderedDict([('word', u'green'), ('color', u'green'), ('congruent', 1), ('corrAns', u'down')])
367.5535 	EXP 	stimuli: autoDraw = False
367.5535 	EXP 	hint: autoDraw = False
367.5535 	EXP 	stimuli: color = u'green (named)'
367.5535 	EXP 	stimuli: text = u'green'
367.5535 	EXP 	hint: autoDraw = True
368.0113 	EXP 	stimuli: autoDraw = True
368.6296 	DATA 	Keypress: down
368.6462 	EXP 	New trial (rep=3, index=0): OrderedDict([('word', u'blue'), ('color', u'red'), ('congruent', 0), ('corrAns', u'left')])
368.6713 	EXP 	stimuli: autoDraw = False
368.6713 	EXP 	hint: autoDraw = False
368.6713 	EXP 	stimuli: color = u'red (named)'
368.6713 	EXP 	stimuli: text = u'blue'
368.6713 	EXP 	hint: autoDraw = True
369.1795 	EXP 	stimuli: autoDraw = True
369.9632 	DATA 	Keypress: right
369.9679 	EXP 	New trial (rep=3, index=1): OrderedDict([('word', u'blue'), ('color', u'blue'), ('congruent', 1), ('corrAns', u'right')])
369.9831 	EXP 	stimuli: autoDraw = False
369.9831 	EXP 	hint: autoDraw = False
369.9831 	EXP 	stimuli: color = u'blue (named)'
369.9831 	EXP 	stimuli: text = u'blue'
369.9831 	EXP 	hint: autoDraw = True
370.4942 	EXP 	stimuli: autoDraw = True
371.4138 	DATA 	Keypress: right
371.4304 	EXP 	New trial (rep=3, index=2): OrderedDict([('word', u'blue'), ('color', u'blue'), ('congruent', 1), ('corrAns', u'right')])
371.4444 	EXP 	stimuli: autoDraw = False
371.4444 	EXP 	hint: autoDraw = False
371.4444 	EXP 	stimuli: color = u'blue (named)'
371.4444 	EXP 	stimuli: text = u'blue'
371.4444 	EXP 	hint: autoDraw = True
371.9609 	EXP 	stimuli: autoDraw = True
372.5975 	DATA 	Keypress: right
372.6141 	EXP 	New trial (rep=3, index=3): OrderedDict([('word', u'red'), ('color', u'red'), ('congruent', 1), ('corrAns', u'left')])
372.6478 	EXP 	stimuli: autoDraw = False
372.6478 	EXP 	hint: autoDraw = False
372.6478 	EXP 	stimuli: color = u'red (named)'
372.6478 	EXP 	stimuli: text = u'red'
372.6478 	EXP 	hint: autoDraw = True
373.1447 	EXP 	stimuli: autoDraw = True
373.7455 	DATA 	Keypress: left
373.7473 	EXP 	New trial (rep=3, index=4): OrderedDict([('word', u'green'), ('color', u'green'), ('congruent', 1), ('corrAns', u'down')])
373.7767 	EXP 	stimuli: autoDraw = False
373.7767 	EXP 	hint: autoDraw = False
373.7767 	EXP 	stimuli: color = u'green (named)'
373.7767 	EXP 	stimuli: text = u'green'
373.7767 	EXP 	hint: autoDraw = True
374.2809 	EXP 	stimuli: autoDraw = True
374.8467 	DATA 	Keypress: down
374.8514 	EXP 	New trial (rep=3, index=5): OrderedDict([('word', u'green'), ('color', u'green'), ('congruent', 1), ('corrAns', u'down')])
374.8661 	EXP 	stimuli: autoDraw = False
374.8661 	EXP 	hint: autoDraw = False
374.8661 	EXP 	stimuli: color = u'green (named)'
374.8661 	EXP 	stimuli: text = u'green'
374.8661 	EXP 	hint: autoDraw = True
375.3793 	EXP 	stimuli: autoDraw = True
376.5131 	DATA 	Keypress: down
376.5159 	EXP 	New trial (rep=3, index=6): OrderedDict([('word', u'red'), ('color', u'red'), ('congruent', 1), ('corrAns', u'left')])
376.5409 	EXP 	stimuli: autoDraw = False
376.5409 	EXP 	hint: autoDraw = False
376.5409 	EXP 	stimuli: color = u'red (named)'
376.5409 	EXP 	stimuli: text = u'red'
376.5409 	EXP 	hint: autoDraw = True
377.0463 	EXP 	stimuli: autoDraw = True
377.6630 	DATA 	Keypress: left
377.6643 	EXP 	New trial (rep=3, index=7): OrderedDict([('word', u'green'), ('color', u'blue'), ('congruent', 0), ('corrAns', u'right')])
377.6864 	EXP 	stimuli: autoDraw = False
377.6864 	EXP 	hint: autoDraw = False
377.6864 	EXP 	stimuli: color = u'blue (named)'
377.6864 	EXP 	stimuli: text = u'green'
377.6864 	EXP 	hint: autoDraw = True
378.1963 	EXP 	stimuli: autoDraw = True
379.0524 	DATA 	Keypress: down
379.0690 	EXP 	New trial (rep=3, index=8): OrderedDict([('word', u'green'), ('color', u'green'), ('congruent', 1), ('corrAns', u'down')])
379.0832 	EXP 	stimuli: autoDraw = False
379.0832 	EXP 	hint: autoDraw = False
379.0832 	EXP 	stimuli: color = u'green (named)'
379.0832 	EXP 	stimuli: text = u'green'
379.0832 	EXP 	hint: autoDraw = True
379.5972 	EXP 	stimuli: autoDraw = True
380.4310 	DATA 	Keypress: down
380.4360 	EXP 	New trial (rep=3, index=9): OrderedDict([('word', u'green'), ('color', u'green'), ('congruent', 1), ('corrAns', u'down')])
380.4486 	EXP 	stimuli: autoDraw = False
380.4486 	EXP 	hint: autoDraw = False
380.4486 	EXP 	stimuli: color = u'green (named)'
380.4486 	EXP 	stimuli: text = u'green'
380.4486 	EXP 	hint: autoDraw = True
380.9637 	EXP 	stimuli: autoDraw = True
381.4981 	DATA 	Keypress: down
381.5008 	EXP 	New trial (rep=3, index=10): OrderedDict([('word', u'blue'), ('color', u'green'), ('congruent', 0), ('corrAns', u'down')])
381.5372 	EXP 	stimuli: autoDraw = False
381.5372 	EXP 	hint: autoDraw = False
381.5372 	EXP 	stimuli: color = u'green (named)'
381.5372 	EXP 	stimuli: text = u'blue'
381.5372 	EXP 	hint: autoDraw = True
382.0317 	EXP 	stimuli: autoDraw = True
383.0149 	DATA 	Keypress: right
383.0173 	EXP 	New trial (rep=3, index=11): OrderedDict([('word', u'green'), ('color', u'green'), ('congruent', 1), ('corrAns', u'down')])
383.0514 	EXP 	stimuli: autoDraw = False
383.0514 	EXP 	hint: autoDraw = False
383.0514 	EXP 	stimuli: color = u'green (named)'
383.0514 	EXP 	stimuli: text = u'green'
383.0514 	EXP 	hint: autoDraw = True
383.5478 	EXP 	stimuli: autoDraw = True
384.9491 	DATA 	Keypress: down
384.9518 	EXP 	New trial (rep=3, index=12): OrderedDict([('word', u'blue'), ('color', u'red'), ('congruent', 0), ('corrAns', u'left')])
384.9887 	EXP 	stimuli: autoDraw = False
384.9887 	EXP 	hint: autoDraw = False
384.9887 	EXP 	stimuli: color = u'red (named)'
384.9887 	EXP 	stimuli: text = u'blue'
384.9887 	EXP 	hint: autoDraw = True
385.4844 	EXP 	stimuli: autoDraw = True
386.3830 	DATA 	Keypress: right
386.3843 	EXP 	New trial (rep=3, index=13): OrderedDict([('word', u'blue'), ('color', u'blue'), ('congruent', 1), ('corrAns', u'right')])
386.3988 	EXP 	stimuli: autoDraw = False
386.3988 	EXP 	hint: autoDraw = False
386.3988 	EXP 	stimuli: color = u'blue (named)'
386.3988 	EXP 	stimuli: text = u'blue'
386.3988 	EXP 	hint: autoDraw = True
386.9156 	EXP 	stimuli: autoDraw = True
387.6670 	DATA 	Keypress: right
387.6717 	EXP 	New trial (rep=3, index=14): OrderedDict([('word', u'green'), ('color', u'green'), ('congruent', 1), ('corrAns', u'down')])
387.7215 	EXP 	stimuli: autoDraw = False
387.7215 	EXP 	hint: autoDraw = False
387.7215 	EXP 	stimuli: color = u'green (named)'
387.7215 	EXP 	stimuli: text = u'green'
387.7215 	EXP 	hint: autoDraw = True
388.1993 	EXP 	stimuli: autoDraw = True
388.8693 	DATA 	Keypress: down
388.8854 	EXP 	New trial (rep=3, index=15): OrderedDict([('word', u'red'), ('color', u'red'), ('congruent', 1), ('corrAns', u'left')])
388.9094 	EXP 	stimuli: autoDraw = False
388.9094 	EXP 	hint: autoDraw = False
388.9094 	EXP 	stimuli: color = u'red (named)'
388.9094 	EXP 	stimuli: text = u'red'
388.9094 	EXP 	hint: autoDraw = True
389.4190 	EXP 	stimuli: autoDraw = True
390.1337 	DATA 	Keypress: left
390.1350 	EXP 	New trial (rep=3, index=16): OrderedDict([('word', u'red'), ('color', u'red'), ('congruent', 1), ('corrAns', u'left')])
390.1505 	EXP 	stimuli: autoDraw = False
390.1505 	EXP 	hint: autoDraw = False
390.1505 	EXP 	stimuli: color = u'red (named)'
390.1505 	EXP 	stimuli: text = u'red'
390.1505 	EXP 	hint: autoDraw = True
390.6672 	EXP 	stimuli: autoDraw = True
391.2680 	DATA 	Keypress: left
391.2871 	EXP 	New trial (rep=3, index=17): OrderedDict([('word', u'blue'), ('color', u'blue'), ('congruent', 1), ('corrAns', u'right')])
391.3281 	EXP 	stimuli: autoDraw = False
391.3281 	EXP 	hint: autoDraw = False
391.3281 	EXP 	stimuli: color = u'blue (named)'
391.3281 	EXP 	stimuli: text = u'blue'
391.3281 	EXP 	hint: autoDraw = True
391.8171 	EXP 	stimuli: autoDraw = True
392.5010 	DATA 	Keypress: right
392.5022 	EXP 	New trial (rep=3, index=18): OrderedDict([('word', u'red'), ('color', u'red'), ('congruent', 1), ('corrAns', u'left')])
392.5214 	EXP 	stimuli: autoDraw = False
392.5214 	EXP 	hint: autoDraw = False
392.5214 	EXP 	stimuli: color = u'red (named)'
392.5214 	EXP 	stimuli: text = u'red'
392.5214 	EXP 	hint: autoDraw = True
393.0374 	EXP 	stimuli: autoDraw = True
393.7860 	DATA 	Keypress: left
393.7913 	EXP 	New trial (rep=3, index=19): OrderedDict([('word', u'blue'), ('color', u'blue'), ('congruent', 1), ('corrAns', u'right')])
393.8487 	EXP 	stimuli: autoDraw = False
393.8487 	EXP 	hint: autoDraw = False
393.8487 	EXP 	stimuli: color = u'blue (named)'
393.8487 	EXP 	stimuli: text = u'blue'
393.8487 	EXP 	hint: autoDraw = True
394.3178 	EXP 	stimuli: autoDraw = True
395.4198 	DATA 	Keypress: right
395.4246 	EXP 	New trial (rep=3, index=20): OrderedDict([('word', u'green'), ('color', u'green'), ('congruent', 1), ('corrAns', u'down')])
395.4767 	EXP 	stimuli: autoDraw = False
395.4767 	EXP 	hint: autoDraw = False
395.4767 	EXP 	stimuli: color = u'green (named)'
395.4767 	EXP 	stimuli: text = u'green'
395.4767 	EXP 	hint: autoDraw = True
395.9547 	EXP 	stimuli: autoDraw = True
396.6702 	DATA 	Keypress: down
396.6750 	EXP 	New trial (rep=3, index=21): OrderedDict([('word', u'red'), ('color', u'red'), ('congruent', 1), ('corrAns', u'left')])
396.7152 	EXP 	stimuli: autoDraw = False
396.7152 	EXP 	hint: autoDraw = False
396.7152 	EXP 	stimuli: color = u'red (named)'
396.7152 	EXP 	stimuli: text = u'red'
396.7152 	EXP 	hint: autoDraw = True
397.2048 	EXP 	stimuli: autoDraw = True
397.9373 	DATA 	Keypress: left
397.9420 	EXP 	New trial (rep=3, index=22): OrderedDict([('word', u'green'), ('color', u'red'), ('congruent', 0), ('corrAns', u'left')])
397.9939 	EXP 	stimuli: autoDraw = False
397.9939 	EXP 	hint: autoDraw = False
397.9939 	EXP 	stimuli: color = u'red (named)'
397.9939 	EXP 	stimuli: text = u'green'
397.9939 	EXP 	hint: autoDraw = True
398.4727 	EXP 	stimuli: autoDraw = True
399.1045 	DATA 	Keypress: down
399.1092 	EXP 	New trial (rep=3, index=23): OrderedDict([('word', u'red'), ('color', u'red'), ('congruent', 1), ('corrAns', u'left')])
399.1418 	EXP 	stimuli: autoDraw = False
399.1418 	EXP 	hint: autoDraw = False
399.1418 	EXP 	stimuli: color = u'red (named)'
399.1418 	EXP 	stimuli: text = u'red'
399.1418 	EXP 	hint: autoDraw = True
399.6361 	EXP 	stimuli: autoDraw = True
400.4215 	DATA 	Keypress: down
400.4269 	EXP 	New trial (rep=3, index=24): OrderedDict([('word', u'blue'), ('color', u'blue'), ('congruent', 1), ('corrAns', u'right')])
400.4692 	EXP 	stimuli: autoDraw = False
400.4692 	EXP 	hint: autoDraw = False
400.4692 	EXP 	stimuli: color = u'blue (named)'
400.4692 	EXP 	stimuli: text = u'blue'
400.4692 	EXP 	hint: autoDraw = True
400.9531 	EXP 	stimuli: autoDraw = True
401.6218 	DATA 	Keypress: right
401.6266 	EXP 	New trial (rep=3, index=25): OrderedDict([('word', u'blue'), ('color', u'blue'), ('congruent', 1), ('corrAns', u'right')])
401.6408 	EXP 	stimuli: autoDraw = False
401.6408 	EXP 	hint: autoDraw = False
401.6408 	EXP 	stimuli: color = u'blue (named)'
401.6408 	EXP 	stimuli: text = u'blue'
401.6408 	EXP 	hint: autoDraw = True
402.1537 	EXP 	stimuli: autoDraw = True
402.8547 	DATA 	Keypress: right
402.8575 	EXP 	New trial (rep=3, index=26): OrderedDict([('word', u'blue'), ('color', u'blue'), ('congruent', 1), ('corrAns', u'right')])
402.8705 	EXP 	stimuli: autoDraw = False
402.8705 	EXP 	hint: autoDraw = False
402.8705 	EXP 	stimuli: color = u'blue (named)'
402.8705 	EXP 	stimuli: text = u'blue'
402.8705 	EXP 	hint: autoDraw = True
403.3874 	EXP 	stimuli: autoDraw = True
404.0554 	DATA 	Keypress: right
404.0581 	EXP 	New trial (rep=3, index=27): OrderedDict([('word', u'red'), ('color', u'red'), ('congruent', 1), ('corrAns', u'left')])
404.0920 	EXP 	stimuli: autoDraw = False
404.0920 	EXP 	hint: autoDraw = False
404.0920 	EXP 	stimuli: color = u'red (named)'
404.0920 	EXP 	stimuli: text = u'red'
404.0920 	EXP 	hint: autoDraw = True
404.5906 	EXP 	stimuli: autoDraw = True
405.2563 	DATA 	Keypress: left
405.2612 	EXP 	New trial (rep=3, index=28): OrderedDict([('word', u'blue'), ('color', u'blue'), ('congruent', 1), ('corrAns', u'right')])
405.3020 	EXP 	stimuli: autoDraw = False
405.3020 	EXP 	hint: autoDraw = False
405.3020 	EXP 	stimuli: color = u'blue (named)'
405.3020 	EXP 	stimuli: text = u'blue'
405.3020 	EXP 	hint: autoDraw = True
405.7914 	EXP 	stimuli: autoDraw = True
406.5405 	DATA 	Keypress: right
406.5637 	EXP 	New trial (rep=3, index=29): OrderedDict([('word', u'green'), ('color', u'green'), ('congruent', 1), ('corrAns', u'down')])
406.6169 	EXP 	stimuli: autoDraw = False
406.6169 	EXP 	hint: autoDraw = False
406.6169 	EXP 	stimuli: color = u'green (named)'
406.6169 	EXP 	stimuli: text = u'green'
406.6169 	EXP 	hint: autoDraw = True
407.0920 	EXP 	stimuli: autoDraw = True
407.5746 	DATA 	Keypress: down
407.5793 	EXP 	New trial (rep=3, index=30): OrderedDict([('word', u'green'), ('color', u'green'), ('congruent', 1), ('corrAns', u'down')])
407.5948 	EXP 	stimuli: autoDraw = False
407.5948 	EXP 	hint: autoDraw = False
407.5948 	EXP 	stimuli: color = u'green (named)'
407.5948 	EXP 	stimuli: text = u'green'
407.5948 	EXP 	hint: autoDraw = True
408.1060 	EXP 	stimuli: autoDraw = True
409.1242 	DATA 	Keypress: down
409.1289 	EXP 	New trial (rep=3, index=31): OrderedDict([('word', u'green'), ('color', u'green'), ('congruent', 1), ('corrAns', u'down')])
409.1428 	EXP 	stimuli: autoDraw = False
409.1428 	EXP 	hint: autoDraw = False
409.1428 	EXP 	stimuli: color = u'green (named)'
409.1428 	EXP 	stimuli: text = u'green'
409.1428 	EXP 	hint: autoDraw = True
409.6561 	EXP 	stimuli: autoDraw = True
410.3413 	DATA 	Keypress: down
410.3459 	EXP 	New trial (rep=3, index=32): OrderedDict([('word', u'red'), ('color', u'green'), ('congruent', 0), ('corrAns', u'down')])
410.3901 	EXP 	stimuli: autoDraw = False
410.3901 	EXP 	hint: autoDraw = False
410.3901 	EXP 	stimuli: color = u'green (named)'
410.3901 	EXP 	stimuli: text = u'red'
410.3901 	EXP 	hint: autoDraw = True
410.8729 	EXP 	stimuli: autoDraw = True
411.5747 	DATA 	Keypress: left
411.5762 	EXP 	New trial (rep=3, index=33): OrderedDict([('word', u'red'), ('color', u'red'), ('congruent', 1), ('corrAns', u'left')])
411.5900 	EXP 	stimuli: autoDraw = False
411.5900 	EXP 	hint: autoDraw = False
411.5900 	EXP 	stimuli: color = u'red (named)'
411.5900 	EXP 	stimuli: text = u'red'
411.5900 	EXP 	hint: autoDraw = True
412.1069 	EXP 	stimuli: autoDraw = True
412.8253 	DATA 	Keypress: left
412.8300 	EXP 	New trial (rep=3, index=34): OrderedDict([('word', u'red'), ('color', u'red'), ('congruent', 1), ('corrAns', u'left')])
412.8441 	EXP 	stimuli: autoDraw = False
412.8441 	EXP 	hint: autoDraw = False
412.8441 	EXP 	stimuli: color = u'red (named)'
412.8441 	EXP 	stimuli: text = u'red'
412.8441 	EXP 	hint: autoDraw = True
413.3577 	EXP 	stimuli: autoDraw = True
414.1415 	DATA 	Keypress: left
414.1442 	EXP 	New trial (rep=3, index=35): OrderedDict([('word', u'green'), ('color', u'green'), ('congruent', 1), ('corrAns', u'down')])
414.1853 	EXP 	stimuli: autoDraw = False
414.1853 	EXP 	hint: autoDraw = False
414.1853 	EXP 	stimuli: color = u'green (named)'
414.1853 	EXP 	stimuli: text = u'green'
414.1853 	EXP 	hint: autoDraw = True
414.6743 	EXP 	stimuli: autoDraw = True
415.3248 	DATA 	Keypress: down
415.3260 	EXP 	New trial (rep=3, index=36): OrderedDict([('word', u'blue'), ('color', u'blue'), ('congruent', 1), ('corrAns', u'right')])
415.3454 	EXP 	stimuli: autoDraw = False
415.3454 	EXP 	hint: autoDraw = False
415.3454 	EXP 	stimuli: color = u'blue (named)'
415.3454 	EXP 	stimuli: text = u'blue'
415.3454 	EXP 	hint: autoDraw = True
415.8593 	EXP 	stimuli: autoDraw = True
416.3763 	DATA 	Keypress: right
416.3811 	EXP 	New trial (rep=3, index=37): OrderedDict([('word', u'red'), ('color', u'red'), ('congruent', 1), ('corrAns', u'left')])
416.4353 	EXP 	stimuli: autoDraw = False
416.4353 	EXP 	hint: autoDraw = False
416.4353 	EXP 	stimuli: color = u'red (named)'
416.4353 	EXP 	stimuli: text = u'red'
416.4353 	EXP 	hint: autoDraw = True
416.9093 	EXP 	stimuli: autoDraw = True
417.6143 	DATA 	Keypress: left
417.6309 	EXP 	New trial (rep=3, index=38): OrderedDict([('word', u'red'), ('color', u'green'), ('congruent', 0), ('corrAns', u'down')])
417.6455 	EXP 	stimuli: autoDraw = False
417.6455 	EXP 	hint: autoDraw = False
417.6455 	EXP 	stimuli: color = u'green (named)'
417.6455 	EXP 	stimuli: text = u'red'
417.6455 	EXP 	hint: autoDraw = True
418.1590 	EXP 	stimuli: autoDraw = True
418.9605 	DATA 	Keypress: left
418.9658 	EXP 	New trial (rep=3, index=39): OrderedDict([('word', u'blue'), ('color', u'blue'), ('congruent', 1), ('corrAns', u'right')])
418.9991 	EXP 	stimuli: autoDraw = False
418.9991 	EXP 	hint: autoDraw = False
418.9991 	EXP 	stimuli: color = u'blue (named)'
418.9991 	EXP 	stimuli: text = u'blue'
418.9991 	EXP 	hint: autoDraw = True
419.4923 	EXP 	stimuli: autoDraw = True
420.4109 	DATA 	Keypress: right
420.4164 	EXP 	New trial (rep=3, index=40): OrderedDict([('word', u'green'), ('color', u'green'), ('congruent', 1), ('corrAns', u'down')])
420.4842 	EXP 	stimuli: autoDraw = False
420.4842 	EXP 	hint: autoDraw = False
420.4842 	EXP 	stimuli: color = u'green (named)'
420.4842 	EXP 	stimuli: text = u'green'
420.4842 	EXP 	hint: autoDraw = True
420.9461 	EXP 	stimuli: autoDraw = True
421.6613 	DATA 	Keypress: down
421.6667 	EXP 	New trial (rep=3, index=41): OrderedDict([('word', u'red'), ('color', u'blue'), ('congruent', 0), ('corrAns', u'right')])
421.7202 	EXP 	stimuli: autoDraw = False
421.7202 	EXP 	hint: autoDraw = False
421.7202 	EXP 	stimuli: color = u'blue (named)'
421.7202 	EXP 	stimuli: text = u'red'
421.7202 	EXP 	hint: autoDraw = True
422.1975 	EXP 	stimuli: autoDraw = True
422.8292 	DATA 	Keypress: left
422.8458 	EXP 	New trial (rep=3, index=42): OrderedDict([('word', u'blue'), ('color', u'blue'), ('congruent', 1), ('corrAns', u'right')])
422.8701 	EXP 	stimuli: autoDraw = False
422.8701 	EXP 	hint: autoDraw = False
422.8701 	EXP 	stimuli: color = u'blue (named)'
422.8701 	EXP 	stimuli: text = u'blue'
422.8701 	EXP 	hint: autoDraw = True
423.3799 	EXP 	stimuli: autoDraw = True
424.5280 	DATA 	Keypress: right
424.5308 	EXP 	New trial (rep=3, index=43): OrderedDict([('word', u'green'), ('color', u'blue'), ('congruent', 0), ('corrAns', u'right')])
424.5728 	EXP 	stimuli: autoDraw = False
424.5728 	EXP 	hint: autoDraw = False
424.5728 	EXP 	stimuli: color = u'blue (named)'
424.5728 	EXP 	stimuli: text = u'green'
424.5728 	EXP 	hint: autoDraw = True
425.0624 	EXP 	stimuli: autoDraw = True
425.6967 	DATA 	Keypress: down
425.7014 	EXP 	New trial (rep=3, index=44): OrderedDict([('word', u'red'), ('color', u'red'), ('congruent', 1), ('corrAns', u'left')])
425.7410 	EXP 	stimuli: autoDraw = False
425.7410 	EXP 	hint: autoDraw = False
425.7410 	EXP 	stimuli: color = u'red (named)'
425.7410 	EXP 	stimuli: text = u'red'
425.7410 	EXP 	hint: autoDraw = True
426.2301 	EXP 	stimuli: autoDraw = True
426.7965 	DATA 	Keypress: left
426.9948 	EXP 	stimuli: autoDraw = False
426.9948 	EXP 	hint: autoDraw = False
426.9948 	EXP 	text_2: autoDraw = True
441.2532 	DATA 	Keypress: space
441.9222 	EXP 	window1: mouseVisible = True
