7.8733 	WARNING 	User requested fullscreen with size [1366  768], but screen is actually [1920, 1080]. Using actual size
9.1894 	EXP 	Created window1 = Window(allowGUI=False, allowStencil=False, args=UNKNOWN, autoLog=True, bitsMode=UNKNOWN, blendMode='avg', color=array([-1., -1., -1.]), colorSpace='rgb', fullscr=UNKNOWN, gamma=None, kwargs=UNKNOWN, lms=UNKNOWN, monitor=<psychopy.monitors.calibTools.Monitor object at 0x19CE0290>, multiSample=False, name='window1', numSamples=2, pos=[0, 0], screen=0, size=array([1920, 1080]), stereo=False, units='norm', useFBO=True, useRetina=False, viewOri=0.0, viewPos=None, viewScale=None, waitBlanking=True, winType=u'pyglet')
9.1894 	EXP 	window1: recordFrameIntervals = False
9.3554 	EXP 	window1: recordFrameIntervals = True
9.5391 	EXP 	window1: recordFrameIntervals = False
10.2330 	EXP 	Created instr = TextStim(alignHoriz='center', alignVert='center', antialias=True, autoLog=True, bold=False, color=array([ 1.,  1.,  1.]), colorSpace='rgb', contrast=1.0, depth=0.0, flipHoriz=False, flipVert=False, font='Arial', fontFiles=[], height=28, italic=False, name='instr', opacity=1.0, ori=0, pos=array([ 0.,  0.]), rgb=array([ 1.,  1.,  1.]), text=newstr(...), units='pix', win=Window(...), wrapWidth=900)
10.2679 	EXP 	Created stimuli = TextStim(alignHoriz='center', alignVert='center', antialias=True, autoLog=True, bold=False, color=array([ 1.,  1.,  1.]), colorSpace='rgb', contrast=1.0, depth=0.0, flipHoriz=False, flipVert=False, font='Arial', fontFiles=[], height=0.2, italic=False, name='stimuli', opacity=1.0, ori=0, pos=array([ 0.,  0.]), rgb=array([ 1.,  1.,  1.]), text='default text', units='norm', win=Window(...), wrapWidth=1)
10.3256 	EXP 	Created hint = TextStim(alignHoriz='center', alignVert='center', antialias=True, autoLog=True, bold=False, color='white', colorSpace='named', contrast=1.0, depth=-2.0, flipHoriz=False, flipVert=False, font='Arial', fontFiles=[], height=0.07, italic=False, name='hint', opacity=1.0, ori=0, pos=array([ 0. ,  0.7]), rgb=array([ 255.,  255.,  255.]), text='left => red    down => green   right = blue', units='norm', win=Window(...), wrapWidth=1)
10.3533 	EXP 	Created msgFeedback = TextStim(alignHoriz='center', alignVert='center', antialias=True, autoLog=True, bold=False, color=array([ 1.,  1.,  1.]), colorSpace='rgb', contrast=1.0, depth=-1.0, flipHoriz=False, flipVert=False, font='Arial', fontFiles=[], height=0.1, italic=False, name='msgFeedback', opacity=1.0, ori=0, pos=array([ 0.,  0.]), rgb=array([ 1.,  1.,  1.]), text='default text', units='norm', win=Window(...), wrapWidth=1)
10.6698 	EXP 	Created text = TextStim(alignHoriz='center', alignVert='center', antialias=True, autoLog=True, bold=False, color='white', colorSpace='named', contrast=1.0, depth=0.0, flipHoriz=False, flipVert=False, font='Arial', fontFiles=[], height=28, italic=False, name='text', opacity=1.0, ori=0, pos=array([ 0.,  0.]), rgb=array([ 255.,  255.,  255.]), text=newstr(...), units='pix', win=Window(...), wrapWidth=900)
10.6877 	EXP 	Created stimuli = TextStim(alignHoriz='center', alignVert='center', antialias=True, autoLog=True, bold=False, color=array([ 1.,  1.,  1.]), colorSpace='rgb', contrast=1.0, depth=0.0, flipHoriz=False, flipVert=False, font='Arial', fontFiles=[], height=0.2, italic=False, name='stimuli', opacity=1.0, ori=0, pos=array([ 0.,  0.]), rgb=array([ 1.,  1.,  1.]), text='default text', units='norm', win=Window(...), wrapWidth=1)
10.7332 	EXP 	Created hint = TextStim(alignHoriz='center', alignVert='center', antialias=True, autoLog=True, bold=False, color='white', colorSpace='named', contrast=1.0, depth=-2.0, flipHoriz=False, flipVert=False, font='Arial', fontFiles=[], height=0.07, italic=False, name='hint', opacity=1.0, ori=0, pos=array([ 0. ,  0.7]), rgb=array([ 255.,  255.,  255.]), text='left => red    down => green   right = blue', units='norm', win=Window(...), wrapWidth=1)
10.8150 	EXP 	Created text_2 = TextStim(alignHoriz='center', alignVert='center', antialias=True, autoLog=True, bold=False, color='white', colorSpace='named', contrast=1.0, depth=0.0, flipHoriz=False, flipVert=False, font='Arial', fontFiles=[], height=28, italic=False, name='text_2', opacity=1.0, ori=0, pos=array([ 0.,  0.]), rgb=array([ 255.,  255.,  255.]), text=newstr(...), units='pix', win=Window(...), wrapWidth=900)
10.8243 	EXP 	instr: autoDraw = True
36.5655 	DATA 	Keypress: space
36.6598 	EXP 	Imported pract_conditions.xlsx as conditions, 12 conditions, 4 params
36.6604 	EXP 	Created sequence: random, trialTypes=12, nReps=2, seed=None
36.6610 	EXP 	New trial (rep=0, index=0): OrderedDict([('word', u'green'), ('color', u'red'), ('congruent', 0), ('corrAns', u'left')])
36.6851 	EXP 	instr: autoDraw = False
36.6851 	EXP 	stimuli: color = u'red (named)'
36.6851 	EXP 	stimuli: text = u'green'
36.6851 	EXP 	hint: autoDraw = True
37.1818 	EXP 	stimuli: autoDraw = True
38.3660 	DATA 	Keypress: right
38.4369 	EXP 	stimuli: autoDraw = False
38.4369 	EXP 	hint: autoDraw = False
38.4369 	EXP 	msgFeedback: text = 'Not the key...'
38.4369 	EXP 	msgFeedback: autoDraw = True
39.8697 	EXP 	New trial (rep=0, index=1): OrderedDict([('word', u'green'), ('color', u'green'), ('congruent', 1), ('corrAns', u'down')])
39.8835 	EXP 	msgFeedback: autoDraw = False
39.8835 	EXP 	msgFeedback: autoDraw = False
39.8835 	EXP 	stimuli: color = u'green (named)'
39.8835 	EXP 	stimuli: text = u'green'
39.8835 	EXP 	hint: autoDraw = True
40.3987 	EXP 	stimuli: autoDraw = True
41.1668 	DATA 	Keypress: down
41.3304 	EXP 	stimuli: autoDraw = False
41.3304 	EXP 	hint: autoDraw = False
41.3304 	EXP 	msgFeedback: text = 'Correct! RT=0.768'
41.3304 	EXP 	msgFeedback: autoDraw = True
42.6689 	EXP 	New trial (rep=0, index=2): OrderedDict([('word', u'green'), ('color', u'green'), ('congruent', 1), ('corrAns', u'down')])
42.6830 	EXP 	msgFeedback: autoDraw = False
42.6830 	EXP 	msgFeedback: autoDraw = False
42.6830 	EXP 	stimuli: color = u'green (named)'
42.6830 	EXP 	stimuli: text = u'green'
42.6830 	EXP 	hint: autoDraw = True
43.1996 	EXP 	stimuli: autoDraw = True
44.0009 	DATA 	Keypress: down
44.0713 	EXP 	stimuli: autoDraw = False
44.0713 	EXP 	hint: autoDraw = False
44.0713 	EXP 	msgFeedback: text = 'Correct! RT=0.802'
44.0713 	EXP 	msgFeedback: autoDraw = True
45.5037 	EXP 	New trial (rep=0, index=3): OrderedDict([('word', u'red'), ('color', u'red'), ('congruent', 1), ('corrAns', u'left')])
45.5422 	EXP 	msgFeedback: autoDraw = False
45.5422 	EXP 	msgFeedback: autoDraw = False
45.5422 	EXP 	stimuli: color = u'red (named)'
45.5422 	EXP 	stimuli: text = u'red'
45.5422 	EXP 	hint: autoDraw = True
46.0354 	EXP 	stimuli: autoDraw = True
46.8855 	DATA 	Keypress: left
46.9861 	EXP 	stimuli: autoDraw = False
46.9861 	EXP 	hint: autoDraw = False
46.9861 	EXP 	msgFeedback: text = 'Correct! RT=0.850'
46.9861 	EXP 	msgFeedback: autoDraw = True
48.3873 	EXP 	New trial (rep=0, index=4): OrderedDict([('word', u'red'), ('color', u'green'), ('congruent', 0), ('corrAns', u'down')])
48.4014 	EXP 	msgFeedback: autoDraw = False
48.4014 	EXP 	msgFeedback: autoDraw = False
48.4014 	EXP 	stimuli: color = u'green (named)'
48.4014 	EXP 	stimuli: text = u'red'
48.4014 	EXP 	hint: autoDraw = True
48.9180 	EXP 	stimuli: autoDraw = True
50.1697 	DATA 	Keypress: down
50.3196 	EXP 	stimuli: autoDraw = False
50.3196 	EXP 	hint: autoDraw = False
50.3196 	EXP 	msgFeedback: text = 'Correct! RT=1.252'
50.3196 	EXP 	msgFeedback: autoDraw = True
51.6717 	EXP 	New trial (rep=0, index=5): OrderedDict([('word', u'red'), ('color', u'red'), ('congruent', 1), ('corrAns', u'left')])
51.6858 	EXP 	msgFeedback: autoDraw = False
51.6858 	EXP 	msgFeedback: autoDraw = False
51.6858 	EXP 	stimuli: color = u'red (named)'
51.6858 	EXP 	stimuli: text = u'red'
51.6858 	EXP 	hint: autoDraw = True
52.2024 	EXP 	stimuli: autoDraw = True
53.2872 	DATA 	Keypress: left
53.4050 	EXP 	stimuli: autoDraw = False
53.4050 	EXP 	hint: autoDraw = False
53.4050 	EXP 	msgFeedback: text = 'Correct! RT=1.085'
53.4050 	EXP 	msgFeedback: autoDraw = True
54.7899 	EXP 	New trial (rep=0, index=6): OrderedDict([('word', u'blue'), ('color', u'blue'), ('congruent', 1), ('corrAns', u'right')])
54.8524 	EXP 	msgFeedback: autoDraw = False
54.8524 	EXP 	msgFeedback: autoDraw = False
54.8524 	EXP 	stimuli: color = u'blue (named)'
54.8524 	EXP 	stimuli: text = u'blue'
54.8524 	EXP 	hint: autoDraw = True
55.3219 	EXP 	stimuli: autoDraw = True
56.0215 	DATA 	Keypress: right
56.1000 	EXP 	stimuli: autoDraw = False
56.1000 	EXP 	hint: autoDraw = False
56.1000 	EXP 	msgFeedback: text = 'Correct! RT=0.700'
56.1000 	EXP 	msgFeedback: autoDraw = True
57.5240 	EXP 	New trial (rep=0, index=7): OrderedDict([('word', u'green'), ('color', u'blue'), ('congruent', 0), ('corrAns', u'right')])
57.5647 	EXP 	msgFeedback: autoDraw = False
57.5647 	EXP 	msgFeedback: autoDraw = False
57.5647 	EXP 	stimuli: color = u'blue (named)'
57.5647 	EXP 	stimuli: text = u'green'
57.5647 	EXP 	hint: autoDraw = True
58.0560 	EXP 	stimuli: autoDraw = True
59.1224 	DATA 	Keypress: down
59.2120 	EXP 	stimuli: autoDraw = False
59.2120 	EXP 	hint: autoDraw = False
59.2120 	EXP 	msgFeedback: text = 'Not the key...'
59.2120 	EXP 	msgFeedback: autoDraw = True
60.6244 	EXP 	New trial (rep=0, index=8): OrderedDict([('word', u'blue'), ('color', u'red'), ('congruent', 0), ('corrAns', u'left')])
60.6847 	EXP 	msgFeedback: autoDraw = False
60.6847 	EXP 	msgFeedback: autoDraw = False
60.6847 	EXP 	stimuli: color = u'red (named)'
60.6847 	EXP 	stimuli: text = u'blue'
60.6847 	EXP 	hint: autoDraw = True
61.1565 	EXP 	stimuli: autoDraw = True
62.1607 	DATA 	Keypress: left
62.2734 	EXP 	stimuli: autoDraw = False
62.2734 	EXP 	hint: autoDraw = False
62.2734 	EXP 	msgFeedback: text = 'Correct! RT=1.016'
62.2734 	EXP 	msgFeedback: autoDraw = True
63.6752 	EXP 	New trial (rep=0, index=9): OrderedDict([('word', u'red'), ('color', u'green'), ('congruent', 0), ('corrAns', u'down')])
63.7186 	EXP 	msgFeedback: autoDraw = False
63.7186 	EXP 	msgFeedback: autoDraw = False
63.7186 	EXP 	stimuli: color = u'green (named)'
63.7186 	EXP 	stimuli: text = u'red'
63.7186 	EXP 	hint: autoDraw = True
64.2094 	EXP 	stimuli: autoDraw = True
65.0410 	DATA 	Keypress: down
65.1161 	EXP 	stimuli: autoDraw = False
65.1161 	EXP 	hint: autoDraw = False
65.1161 	EXP 	msgFeedback: text = 'Correct! RT=0.832'
65.1161 	EXP 	msgFeedback: autoDraw = True
66.5443 	EXP 	New trial (rep=0, index=10): OrderedDict([('word', u'blue'), ('color', u'blue'), ('congruent', 1), ('corrAns', u'right')])
66.5874 	EXP 	msgFeedback: autoDraw = False
66.5874 	EXP 	msgFeedback: autoDraw = False
66.5874 	EXP 	stimuli: color = u'blue (named)'
66.5874 	EXP 	stimuli: text = u'blue'
66.5874 	EXP 	hint: autoDraw = True
67.0753 	EXP 	stimuli: autoDraw = True
68.1289 	DATA 	Keypress: right
68.2182 	EXP 	stimuli: autoDraw = False
68.2182 	EXP 	hint: autoDraw = False
68.2182 	EXP 	msgFeedback: text = 'Correct! RT=1.066'
68.2182 	EXP 	msgFeedback: autoDraw = True
69.6438 	EXP 	New trial (rep=0, index=11): OrderedDict([('word', u'blue'), ('color', u'green'), ('congruent', 0), ('corrAns', u'down')])
69.6579 	EXP 	msgFeedback: autoDraw = False
69.6579 	EXP 	msgFeedback: autoDraw = False
69.6579 	EXP 	stimuli: color = u'green (named)'
69.6579 	EXP 	stimuli: text = u'blue'
69.6579 	EXP 	hint: autoDraw = True
70.1746 	EXP 	stimuli: autoDraw = True
70.8761 	DATA 	Keypress: down
70.9411 	EXP 	stimuli: autoDraw = False
70.9411 	EXP 	hint: autoDraw = False
70.9411 	EXP 	msgFeedback: text = 'Correct! RT=0.702'
70.9411 	EXP 	msgFeedback: autoDraw = True
72.3780 	EXP 	New trial (rep=1, index=0): OrderedDict([('word', u'blue'), ('color', u'green'), ('congruent', 0), ('corrAns', u'down')])
72.3923 	EXP 	msgFeedback: autoDraw = False
72.3923 	EXP 	msgFeedback: autoDraw = False
72.3923 	EXP 	stimuli: color = u'green (named)'
72.3923 	EXP 	stimuli: text = u'blue'
72.3923 	EXP 	hint: autoDraw = True
72.9088 	EXP 	stimuli: autoDraw = True
73.7603 	DATA 	Keypress: down
73.8786 	EXP 	stimuli: autoDraw = False
73.8786 	EXP 	hint: autoDraw = False
73.8786 	EXP 	msgFeedback: text = 'Correct! RT=0.852'
73.8786 	EXP 	msgFeedback: autoDraw = True
75.2623 	EXP 	New trial (rep=1, index=1): OrderedDict([('word', u'red'), ('color', u'red'), ('congruent', 1), ('corrAns', u'left')])
75.3181 	EXP 	msgFeedback: autoDraw = False
75.3181 	EXP 	msgFeedback: autoDraw = False
75.3181 	EXP 	stimuli: color = u'red (named)'
75.3181 	EXP 	stimuli: text = u'red'
75.3181 	EXP 	hint: autoDraw = True
75.7946 	EXP 	stimuli: autoDraw = True
76.3946 	DATA 	Keypress: left
76.4724 	EXP 	stimuli: autoDraw = False
76.4724 	EXP 	hint: autoDraw = False
76.4724 	EXP 	msgFeedback: text = 'Correct! RT=0.600'
76.4724 	EXP 	msgFeedback: autoDraw = True
77.8970 	EXP 	New trial (rep=1, index=2): OrderedDict([('word', u'red'), ('color', u'red'), ('congruent', 1), ('corrAns', u'left')])
77.9106 	EXP 	msgFeedback: autoDraw = False
77.9106 	EXP 	msgFeedback: autoDraw = False
77.9106 	EXP 	stimuli: color = u'red (named)'
77.9106 	EXP 	stimuli: text = u'red'
77.9106 	EXP 	hint: autoDraw = True
78.4272 	EXP 	stimuli: autoDraw = True
78.9119 	DATA 	Keypress: left
78.9974 	EXP 	stimuli: autoDraw = False
78.9974 	EXP 	hint: autoDraw = False
78.9974 	EXP 	msgFeedback: text = 'Correct! RT=0.485'
78.9974 	EXP 	msgFeedback: autoDraw = True
80.4139 	EXP 	New trial (rep=1, index=3): OrderedDict([('word', u'red'), ('color', u'green'), ('congruent', 0), ('corrAns', u'down')])
80.4281 	EXP 	msgFeedback: autoDraw = False
80.4281 	EXP 	msgFeedback: autoDraw = False
80.4281 	EXP 	stimuli: color = u'green (named)'
80.4281 	EXP 	stimuli: text = u'red'
80.4281 	EXP 	hint: autoDraw = True
80.9447 	EXP 	stimuli: autoDraw = True
81.5831 	DATA 	Keypress: down
81.6718 	EXP 	stimuli: autoDraw = False
81.6718 	EXP 	hint: autoDraw = False
81.6718 	EXP 	msgFeedback: text = 'Correct! RT=0.651'
81.6718 	EXP 	msgFeedback: autoDraw = True
83.0981 	EXP 	New trial (rep=1, index=4): OrderedDict([('word', u'blue'), ('color', u'blue'), ('congruent', 1), ('corrAns', u'right')])
83.1563 	EXP 	msgFeedback: autoDraw = False
83.1563 	EXP 	msgFeedback: autoDraw = False
83.1563 	EXP 	stimuli: color = u'blue (named)'
83.1563 	EXP 	stimuli: text = u'blue'
83.1563 	EXP 	hint: autoDraw = True
83.6304 	EXP 	stimuli: autoDraw = True
84.2968 	DATA 	Keypress: right
84.3919 	EXP 	stimuli: autoDraw = False
84.3919 	EXP 	hint: autoDraw = False
84.3919 	EXP 	msgFeedback: text = 'Correct! RT=0.667'
84.3919 	EXP 	msgFeedback: autoDraw = True
85.7989 	EXP 	New trial (rep=1, index=5): OrderedDict([('word', u'blue'), ('color', u'red'), ('congruent', 0), ('corrAns', u'left')])
85.8130 	EXP 	msgFeedback: autoDraw = False
85.8130 	EXP 	msgFeedback: autoDraw = False
85.8130 	EXP 	stimuli: color = u'red (named)'
85.8130 	EXP 	stimuli: text = u'blue'
85.8130 	EXP 	hint: autoDraw = True
86.3295 	EXP 	stimuli: autoDraw = True
86.9849 	DATA 	Keypress: left
87.0963 	EXP 	stimuli: autoDraw = False
87.0963 	EXP 	hint: autoDraw = False
87.0963 	EXP 	msgFeedback: text = 'Correct! RT=0.668'
87.0963 	EXP 	msgFeedback: autoDraw = True
88.4998 	EXP 	New trial (rep=1, index=6): OrderedDict([('word', u'green'), ('color', u'blue'), ('congruent', 0), ('corrAns', u'right')])
88.5554 	EXP 	msgFeedback: autoDraw = False
88.5554 	EXP 	msgFeedback: autoDraw = False
88.5554 	EXP 	stimuli: color = u'blue (named)'
88.5554 	EXP 	stimuli: text = u'green'
88.5554 	EXP 	hint: autoDraw = True
89.0309 	EXP 	stimuli: autoDraw = True
90.0487 	DATA 	Keypress: right
90.1191 	EXP 	stimuli: autoDraw = False
90.1191 	EXP 	hint: autoDraw = False
90.1191 	EXP 	msgFeedback: text = 'Correct! RT=1.018'
90.1191 	EXP 	msgFeedback: autoDraw = True
91.5507 	EXP 	New trial (rep=1, index=7): OrderedDict([('word', u'green'), ('color', u'green'), ('congruent', 1), ('corrAns', u'down')])
91.5648 	EXP 	msgFeedback: autoDraw = False
91.5648 	EXP 	msgFeedback: autoDraw = False
91.5648 	EXP 	stimuli: color = u'green (named)'
91.5648 	EXP 	stimuli: text = u'green'
91.5648 	EXP 	hint: autoDraw = True
92.0814 	EXP 	stimuli: autoDraw = True
92.7495 	DATA 	Keypress: down
92.8403 	EXP 	stimuli: autoDraw = False
92.8403 	EXP 	hint: autoDraw = False
92.8403 	EXP 	msgFeedback: text = 'Correct! RT=0.668'
92.8403 	EXP 	msgFeedback: autoDraw = True
94.2515 	EXP 	New trial (rep=1, index=8): OrderedDict([('word', u'green'), ('color', u'green'), ('congruent', 1), ('corrAns', u'down')])
94.2656 	EXP 	msgFeedback: autoDraw = False
94.2656 	EXP 	msgFeedback: autoDraw = False
94.2656 	EXP 	stimuli: color = u'green (named)'
94.2656 	EXP 	stimuli: text = u'green'
94.2656 	EXP 	hint: autoDraw = True
94.7822 	EXP 	stimuli: autoDraw = True
95.5838 	DATA 	Keypress: down
95.6632 	EXP 	stimuli: autoDraw = False
95.6632 	EXP 	hint: autoDraw = False
95.6632 	EXP 	msgFeedback: text = 'Correct! RT=0.802'
95.6632 	EXP 	msgFeedback: autoDraw = True
97.0857 	EXP 	New trial (rep=1, index=9): OrderedDict([('word', u'blue'), ('color', u'blue'), ('congruent', 1), ('corrAns', u'right')])
97.1437 	EXP 	msgFeedback: autoDraw = False
97.1437 	EXP 	msgFeedback: autoDraw = False
97.1437 	EXP 	stimuli: color = u'blue (named)'
97.1437 	EXP 	stimuli: text = u'blue'
97.1437 	EXP 	hint: autoDraw = True
97.6166 	EXP 	stimuli: autoDraw = True
98.3853 	DATA 	Keypress: right
98.4883 	EXP 	stimuli: autoDraw = False
98.4883 	EXP 	hint: autoDraw = False
98.4883 	EXP 	msgFeedback: text = 'Correct! RT=0.769'
98.4883 	EXP 	msgFeedback: autoDraw = True
99.8883 	EXP 	New trial (rep=1, index=10): OrderedDict([('word', u'green'), ('color', u'red'), ('congruent', 0), ('corrAns', u'left')])
99.9455 	EXP 	msgFeedback: autoDraw = False
99.9455 	EXP 	msgFeedback: autoDraw = False
99.9455 	EXP 	stimuli: color = u'red (named)'
99.9455 	EXP 	stimuli: text = u'green'
99.9455 	EXP 	hint: autoDraw = True
100.4190 	EXP 	stimuli: autoDraw = True
101.2020 	DATA 	Keypress: left
101.2752 	EXP 	stimuli: autoDraw = False
101.2752 	EXP 	hint: autoDraw = False
101.2752 	EXP 	msgFeedback: text = 'Correct! RT=0.783'
101.2752 	EXP 	msgFeedback: autoDraw = True
102.7041 	EXP 	New trial (rep=1, index=11): OrderedDict([('word', u'red'), ('color', u'green'), ('congruent', 0), ('corrAns', u'down')])
102.7586 	EXP 	msgFeedback: autoDraw = False
102.7586 	EXP 	msgFeedback: autoDraw = False
102.7586 	EXP 	stimuli: color = u'green (named)'
102.7586 	EXP 	stimuli: text = u'red'
102.7586 	EXP 	hint: autoDraw = True
103.2365 	EXP 	stimuli: autoDraw = True
103.6733 	DATA 	Keypress: down
103.8125 	EXP 	stimuli: autoDraw = False
103.8125 	EXP 	hint: autoDraw = False
103.8125 	EXP 	msgFeedback: text = 'Correct! RT=0.449'
103.8125 	EXP 	msgFeedback: autoDraw = True
105.2805 	EXP 	msgFeedback: autoDraw = False
105.2805 	EXP 	msgFeedback: autoDraw = False
105.2805 	EXP 	text: autoDraw = True
108.2546 	DATA 	Keypress: space
108.3463 	EXP 	Imported conditions.xlsx as conditions, 45 conditions, 4 params
108.3475 	EXP 	Created sequence: random, trialTypes=45, nReps=4, seed=None
108.3484 	EXP 	New trial (rep=0, index=0): OrderedDict([('word', u'green'), ('color', u'green'), ('congruent', 1), ('corrAns', u'down')])
108.3723 	EXP 	text: autoDraw = False
108.3723 	EXP 	stimuli: color = u'green (named)'
108.3723 	EXP 	stimuli: text = u'green'
108.3723 	EXP 	hint: autoDraw = True
108.8725 	EXP 	stimuli: autoDraw = True
110.0385 	DATA 	Keypress: down
110.0619 	EXP 	New trial (rep=0, index=1): OrderedDict([('word', u'green'), ('color', u'green'), ('congruent', 1), ('corrAns', u'down')])
110.0758 	EXP 	stimuli: autoDraw = False
110.0758 	EXP 	hint: autoDraw = False
110.0758 	EXP 	stimuli: color = u'green (named)'
110.0758 	EXP 	stimuli: text = u'green'
110.0758 	EXP 	hint: autoDraw = True
110.5871 	EXP 	stimuli: autoDraw = True
111.0383 	DATA 	Keypress: down
111.0452 	EXP 	New trial (rep=0, index=2): OrderedDict([('word', u'red'), ('color', u'green'), ('congruent', 0), ('corrAns', u'down')])
111.0965 	EXP 	stimuli: autoDraw = False
111.0965 	EXP 	hint: autoDraw = False
111.0965 	EXP 	stimuli: color = u'green (named)'
111.0965 	EXP 	stimuli: text = u'red'
111.0965 	EXP 	hint: autoDraw = True
111.5723 	EXP 	stimuli: autoDraw = True
112.2555 	DATA 	Keypress: down
112.2608 	EXP 	New trial (rep=0, index=3): OrderedDict([('word', u'red'), ('color', u'red'), ('congruent', 1), ('corrAns', u'left')])
112.2745 	EXP 	stimuli: autoDraw = False
112.2745 	EXP 	hint: autoDraw = False
112.2745 	EXP 	stimuli: color = u'red (named)'
112.2745 	EXP 	stimuli: text = u'red'
112.2745 	EXP 	hint: autoDraw = True
112.7880 	EXP 	stimuli: autoDraw = True
113.3763 	DATA 	Keypress: left
113.3929 	EXP 	New trial (rep=0, index=4): OrderedDict([('word', u'blue'), ('color', u'blue'), ('congruent', 1), ('corrAns', u'right')])
113.4329 	EXP 	stimuli: autoDraw = False
113.4329 	EXP 	hint: autoDraw = False
113.4329 	EXP 	stimuli: color = u'blue (named)'
113.4329 	EXP 	stimuli: text = u'blue'
113.4329 	EXP 	hint: autoDraw = True
113.9232 	EXP 	stimuli: autoDraw = True
114.4893 	DATA 	Keypress: right
114.4947 	EXP 	New trial (rep=0, index=5): OrderedDict([('word', u'green'), ('color', u'green'), ('congruent', 1), ('corrAns', u'down')])
114.5531 	EXP 	stimuli: autoDraw = False
114.5531 	EXP 	hint: autoDraw = False
114.5531 	EXP 	stimuli: color = u'green (named)'
114.5531 	EXP 	stimuli: text = u'green'
114.5531 	EXP 	hint: autoDraw = True
115.0238 	EXP 	stimuli: autoDraw = True
115.6231 	DATA 	Keypress: down
115.6278 	EXP 	New trial (rep=0, index=6): OrderedDict([('word', u'red'), ('color', u'red'), ('congruent', 1), ('corrAns', u'left')])
115.6677 	EXP 	stimuli: autoDraw = False
115.6677 	EXP 	hint: autoDraw = False
115.6677 	EXP 	stimuli: color = u'red (named)'
115.6677 	EXP 	stimuli: text = u'red'
115.6677 	EXP 	hint: autoDraw = True
116.1574 	EXP 	stimuli: autoDraw = True
116.6401 	DATA 	Keypress: left
116.6448 	EXP 	New trial (rep=0, index=7): OrderedDict([('word', u'green'), ('color', u'green'), ('congruent', 1), ('corrAns', u'down')])
116.7135 	EXP 	stimuli: autoDraw = False
116.7135 	EXP 	hint: autoDraw = False
116.7135 	EXP 	stimuli: color = u'green (named)'
116.7135 	EXP 	stimuli: text = u'green'
116.7135 	EXP 	hint: autoDraw = True
117.1742 	EXP 	stimuli: autoDraw = True
117.8405 	DATA 	Keypress: down
117.8452 	EXP 	New trial (rep=0, index=8): OrderedDict([('word', u'red'), ('color', u'red'), ('congruent', 1), ('corrAns', u'left')])
117.8778 	EXP 	stimuli: autoDraw = False
117.8778 	EXP 	hint: autoDraw = False
117.8778 	EXP 	stimuli: color = u'red (named)'
117.8778 	EXP 	stimuli: text = u'red'
117.8778 	EXP 	hint: autoDraw = True
118.3745 	EXP 	stimuli: autoDraw = True
118.9114 	DATA 	Keypress: left
118.9280 	EXP 	New trial (rep=0, index=9): OrderedDict([('word', u'green'), ('color', u'green'), ('congruent', 1), ('corrAns', u'down')])
118.9893 	EXP 	stimuli: autoDraw = False
118.9893 	EXP 	hint: autoDraw = False
118.9893 	EXP 	stimuli: color = u'green (named)'
118.9893 	EXP 	stimuli: text = u'green'
118.9893 	EXP 	hint: autoDraw = True
119.4584 	EXP 	stimuli: autoDraw = True
120.0417 	DATA 	Keypress: down
120.0464 	EXP 	New trial (rep=0, index=10): OrderedDict([('word', u'blue'), ('color', u'red'), ('congruent', 0), ('corrAns', u'left')])
120.0878 	EXP 	stimuli: autoDraw = False
120.0878 	EXP 	hint: autoDraw = False
120.0878 	EXP 	stimuli: color = u'red (named)'
120.0878 	EXP 	stimuli: text = u'blue'
120.0878 	EXP 	hint: autoDraw = True
120.5753 	EXP 	stimuli: autoDraw = True
121.4083 	DATA 	Keypress: left
121.4129 	EXP 	New trial (rep=0, index=11): OrderedDict([('word', u'green'), ('color', u'blue'), ('congruent', 0), ('corrAns', u'right')])
121.4827 	EXP 	stimuli: autoDraw = False
121.4827 	EXP 	hint: autoDraw = False
121.4827 	EXP 	stimuli: color = u'blue (named)'
121.4827 	EXP 	stimuli: text = u'green'
121.4827 	EXP 	hint: autoDraw = True
121.9424 	EXP 	stimuli: autoDraw = True
122.7290 	DATA 	Keypress: right
122.7458 	EXP 	New trial (rep=0, index=12): OrderedDict([('word', u'blue'), ('color', u'blue'), ('congruent', 1), ('corrAns', u'right')])
122.8021 	EXP 	stimuli: autoDraw = False
122.8021 	EXP 	hint: autoDraw = False
122.8021 	EXP 	stimuli: color = u'blue (named)'
122.8021 	EXP 	stimuli: text = u'blue'
122.8021 	EXP 	hint: autoDraw = True
123.2761 	EXP 	stimuli: autoDraw = True
123.8923 	DATA 	Keypress: right
123.8970 	EXP 	New trial (rep=0, index=13): OrderedDict([('word', u'green'), ('color', u'green'), ('congruent', 1), ('corrAns', u'down')])
123.9479 	EXP 	stimuli: autoDraw = False
123.9479 	EXP 	hint: autoDraw = False
123.9479 	EXP 	stimuli: color = u'green (named)'
123.9479 	EXP 	stimuli: text = u'green'
123.9479 	EXP 	hint: autoDraw = True
124.4267 	EXP 	stimuli: autoDraw = True
125.0260 	DATA 	Keypress: down
125.0307 	EXP 	New trial (rep=0, index=14): OrderedDict([('word', u'green'), ('color', u'green'), ('congruent', 1), ('corrAns', u'down')])
125.0443 	EXP 	stimuli: autoDraw = False
125.0443 	EXP 	hint: autoDraw = False
125.0443 	EXP 	stimuli: color = u'green (named)'
125.0443 	EXP 	stimuli: text = u'green'
125.0443 	EXP 	hint: autoDraw = True
125.5583 	EXP 	stimuli: autoDraw = True
126.0264 	DATA 	Keypress: down
126.0311 	EXP 	New trial (rep=0, index=15): OrderedDict([('word', u'blue'), ('color', u'blue'), ('congruent', 1), ('corrAns', u'right')])
126.0894 	EXP 	stimuli: autoDraw = False
126.0894 	EXP 	hint: autoDraw = False
126.0894 	EXP 	stimuli: color = u'blue (named)'
126.0894 	EXP 	stimuli: text = u'blue'
126.0894 	EXP 	hint: autoDraw = True
126.5594 	EXP 	stimuli: autoDraw = True
127.3601 	DATA 	Keypress: right
127.3647 	EXP 	New trial (rep=0, index=16): OrderedDict([('word', u'red'), ('color', u'red'), ('congruent', 1), ('corrAns', u'left')])
127.4019 	EXP 	stimuli: autoDraw = False
127.4019 	EXP 	hint: autoDraw = False
127.4019 	EXP 	stimuli: color = u'red (named)'
127.4019 	EXP 	stimuli: text = u'red'
127.4019 	EXP 	hint: autoDraw = True
127.8959 	EXP 	stimuli: autoDraw = True
128.6271 	DATA 	Keypress: left
128.6318 	EXP 	New trial (rep=0, index=17): OrderedDict([('word', u'red'), ('color', u'red'), ('congruent', 1), ('corrAns', u'left')])
128.6465 	EXP 	stimuli: autoDraw = False
128.6465 	EXP 	hint: autoDraw = False
128.6465 	EXP 	stimuli: color = u'red (named)'
128.6465 	EXP 	stimuli: text = u'red'
128.6465 	EXP 	hint: autoDraw = True
129.1595 	EXP 	stimuli: autoDraw = True
129.6596 	DATA 	Keypress: left
129.6607 	EXP 	New trial (rep=0, index=18): OrderedDict([('word', u'blue'), ('color', u'blue'), ('congruent', 1), ('corrAns', u'right')])
129.6809 	EXP 	stimuli: autoDraw = False
129.6809 	EXP 	hint: autoDraw = False
129.6809 	EXP 	stimuli: color = u'blue (named)'
129.6809 	EXP 	stimuli: text = u'blue'
129.6809 	EXP 	hint: autoDraw = True
130.1960 	EXP 	stimuli: autoDraw = True
130.9279 	DATA 	Keypress: right
130.9330 	EXP 	New trial (rep=0, index=19): OrderedDict([('word', u'green'), ('color', u'blue'), ('congruent', 0), ('corrAns', u'right')])
131.0032 	EXP 	stimuli: autoDraw = False
131.0032 	EXP 	hint: autoDraw = False
131.0032 	EXP 	stimuli: color = u'blue (named)'
131.0032 	EXP 	stimuli: text = u'green'
131.0032 	EXP 	hint: autoDraw = True
131.4624 	EXP 	stimuli: autoDraw = True
132.4287 	DATA 	Keypress: right
132.4334 	EXP 	New trial (rep=0, index=20): OrderedDict([('word', u'green'), ('color', u'red'), ('congruent', 0), ('corrAns', u'left')])
132.4470 	EXP 	stimuli: autoDraw = False
132.4470 	EXP 	hint: autoDraw = False
132.4470 	EXP 	stimuli: color = u'red (named)'
132.4470 	EXP 	stimuli: text = u'green'
132.4470 	EXP 	hint: autoDraw = True
132.9607 	EXP 	stimuli: autoDraw = True
133.5620 	DATA 	Keypress: left
133.5666 	EXP 	New trial (rep=0, index=21): OrderedDict([('word', u'red'), ('color', u'green'), ('congruent', 0), ('corrAns', u'down')])
133.6211 	EXP 	stimuli: autoDraw = False
133.6211 	EXP 	hint: autoDraw = False
133.6211 	EXP 	stimuli: color = u'green (named)'
133.6211 	EXP 	stimuli: text = u'red'
133.6211 	EXP 	hint: autoDraw = True
134.0962 	EXP 	stimuli: autoDraw = True
134.5829 	DATA 	Keypress: down
134.5995 	EXP 	New trial (rep=0, index=22): OrderedDict([('word', u'blue'), ('color', u'blue'), ('congruent', 1), ('corrAns', u'right')])
134.6389 	EXP 	stimuli: autoDraw = False
134.6389 	EXP 	hint: autoDraw = False
134.6389 	EXP 	stimuli: color = u'blue (named)'
134.6389 	EXP 	stimuli: text = u'blue'
134.6389 	EXP 	hint: autoDraw = True
135.1303 	EXP 	stimuli: autoDraw = True
135.7998 	DATA 	Keypress: right
135.8165 	EXP 	New trial (rep=0, index=23): OrderedDict([('word', u'blue'), ('color', u'red'), ('congruent', 0), ('corrAns', u'left')])
135.8308 	EXP 	stimuli: autoDraw = False
135.8308 	EXP 	hint: autoDraw = False
135.8308 	EXP 	stimuli: color = u'red (named)'
135.8308 	EXP 	stimuli: text = u'blue'
135.8308 	EXP 	hint: autoDraw = True
136.3444 	EXP 	stimuli: autoDraw = True
137.0168 	DATA 	Keypress: left
137.0336 	EXP 	New trial (rep=0, index=24): OrderedDict([('word', u'red'), ('color', u'red'), ('congruent', 1), ('corrAns', u'left')])
137.0710 	EXP 	stimuli: autoDraw = False
137.0710 	EXP 	hint: autoDraw = False
137.0710 	EXP 	stimuli: color = u'red (named)'
137.0710 	EXP 	stimuli: text = u'red'
137.0710 	EXP 	hint: autoDraw = True
137.5642 	EXP 	stimuli: autoDraw = True
138.2634 	DATA 	Keypress: left
138.2681 	EXP 	New trial (rep=0, index=25): OrderedDict([('word', u'red'), ('color', u'blue'), ('congruent', 0), ('corrAns', u'right')])
138.2818 	EXP 	stimuli: autoDraw = False
138.2818 	EXP 	hint: autoDraw = False
138.2818 	EXP 	stimuli: color = u'blue (named)'
138.2818 	EXP 	stimuli: text = u'red'
138.2818 	EXP 	hint: autoDraw = True
138.7959 	EXP 	stimuli: autoDraw = True
139.3848 	DATA 	Keypress: right
139.4014 	EXP 	New trial (rep=0, index=26): OrderedDict([('word', u'blue'), ('color', u'blue'), ('congruent', 1), ('corrAns', u'right')])
139.4433 	EXP 	stimuli: autoDraw = False
139.4433 	EXP 	hint: autoDraw = False
139.4433 	EXP 	stimuli: color = u'blue (named)'
139.4433 	EXP 	stimuli: text = u'blue'
139.4433 	EXP 	hint: autoDraw = True
139.9332 	EXP 	stimuli: autoDraw = True
140.5309 	DATA 	Keypress: right
140.5356 	EXP 	New trial (rep=0, index=27): OrderedDict([('word', u'blue'), ('color', u'blue'), ('congruent', 1), ('corrAns', u'right')])
140.5492 	EXP 	stimuli: autoDraw = False
140.5492 	EXP 	hint: autoDraw = False
140.5492 	EXP 	stimuli: color = u'blue (named)'
140.5492 	EXP 	stimuli: text = u'blue'
140.5492 	EXP 	hint: autoDraw = True
141.0633 	EXP 	stimuli: autoDraw = True
141.4645 	DATA 	Keypress: right
141.4691 	EXP 	New trial (rep=0, index=28): OrderedDict([('word', u'blue'), ('color', u'blue'), ('congruent', 1), ('corrAns', u'right')])
141.4828 	EXP 	stimuli: autoDraw = False
141.4828 	EXP 	hint: autoDraw = False
141.4828 	EXP 	stimuli: color = u'blue (named)'
141.4828 	EXP 	stimuli: text = u'blue'
141.4828 	EXP 	hint: autoDraw = True
141.9967 	EXP 	stimuli: autoDraw = True
142.3314 	DATA 	Keypress: right
142.3361 	EXP 	New trial (rep=0, index=29): OrderedDict([('word', u'green'), ('color', u'green'), ('congruent', 1), ('corrAns', u'down')])
142.4054 	EXP 	stimuli: autoDraw = False
142.4054 	EXP 	hint: autoDraw = False
142.4054 	EXP 	stimuli: color = u'green (named)'
142.4054 	EXP 	stimuli: text = u'green'
142.4054 	EXP 	hint: autoDraw = True
142.8659 	EXP 	stimuli: autoDraw = True
143.3984 	DATA 	Keypress: down
143.4034 	EXP 	New trial (rep=0, index=30): OrderedDict([('word', u'red'), ('color', u'red'), ('congruent', 1), ('corrAns', u'left')])
143.4583 	EXP 	stimuli: autoDraw = False
143.4583 	EXP 	hint: autoDraw = False
143.4583 	EXP 	stimuli: color = u'red (named)'
143.4583 	EXP 	stimuli: text = u'red'
143.4583 	EXP 	hint: autoDraw = True
143.9331 	EXP 	stimuli: autoDraw = True
144.5320 	DATA 	Keypress: left
144.5367 	EXP 	New trial (rep=0, index=31): OrderedDict([('word', u'blue'), ('color', u'blue'), ('congruent', 1), ('corrAns', u'right')])
144.5945 	EXP 	stimuli: autoDraw = False
144.5945 	EXP 	hint: autoDraw = False
144.5945 	EXP 	stimuli: color = u'blue (named)'
144.5945 	EXP 	stimuli: text = u'blue'
144.5945 	EXP 	hint: autoDraw = True
145.0653 	EXP 	stimuli: autoDraw = True
145.6491 	DATA 	Keypress: right
145.6537 	EXP 	New trial (rep=0, index=32): OrderedDict([('word', u'red'), ('color', u'red'), ('congruent', 1), ('corrAns', u'left')])
145.6941 	EXP 	stimuli: autoDraw = False
145.6941 	EXP 	hint: autoDraw = False
145.6941 	EXP 	stimuli: color = u'red (named)'
145.6941 	EXP 	stimuli: text = u'red'
145.6941 	EXP 	hint: autoDraw = True
146.1833 	EXP 	stimuli: autoDraw = True
146.7829 	DATA 	Keypress: left
146.7876 	EXP 	New trial (rep=0, index=33): OrderedDict([('word', u'green'), ('color', u'green'), ('congruent', 1), ('corrAns', u'down')])
146.8590 	EXP 	stimuli: autoDraw = False
146.8590 	EXP 	hint: autoDraw = False
146.8590 	EXP 	stimuli: color = u'green (named)'
146.8590 	EXP 	stimuli: text = u'green'
146.8590 	EXP 	hint: autoDraw = True
147.3173 	EXP 	stimuli: autoDraw = True
147.8164 	DATA 	Keypress: down
147.8217 	EXP 	New trial (rep=0, index=34): OrderedDict([('word', u'blue'), ('color', u'blue'), ('congruent', 1), ('corrAns', u'right')])
147.8795 	EXP 	stimuli: autoDraw = False
147.8795 	EXP 	hint: autoDraw = False
147.8795 	EXP 	stimuli: color = u'blue (named)'
147.8795 	EXP 	stimuli: text = u'blue'
147.8795 	EXP 	hint: autoDraw = True
148.3515 	EXP 	stimuli: autoDraw = True
148.8668 	DATA 	Keypress: right
148.8718 	EXP 	New trial (rep=0, index=35): OrderedDict([('word', u'green'), ('color', u'green'), ('congruent', 1), ('corrAns', u'down')])
148.9189 	EXP 	stimuli: autoDraw = False
148.9189 	EXP 	hint: autoDraw = False
148.9189 	EXP 	stimuli: color = u'green (named)'
148.9189 	EXP 	stimuli: text = u'green'
148.9189 	EXP 	hint: autoDraw = True
149.4012 	EXP 	stimuli: autoDraw = True
149.9504 	DATA 	Keypress: down
149.9550 	EXP 	New trial (rep=0, index=36): OrderedDict([('word', u'green'), ('color', u'green'), ('congruent', 1), ('corrAns', u'down')])
149.9688 	EXP 	stimuli: autoDraw = False
149.9688 	EXP 	hint: autoDraw = False
149.9688 	EXP 	stimuli: color = u'green (named)'
149.9688 	EXP 	stimuli: text = u'green'
149.9688 	EXP 	hint: autoDraw = True
150.4827 	EXP 	stimuli: autoDraw = True
151.0843 	DATA 	Keypress: down
151.0896 	EXP 	New trial (rep=0, index=37): OrderedDict([('word', u'red'), ('color', u'red'), ('congruent', 1), ('corrAns', u'left')])
151.1438 	EXP 	stimuli: autoDraw = False
151.1438 	EXP 	hint: autoDraw = False
151.1438 	EXP 	stimuli: color = u'red (named)'
151.1438 	EXP 	stimuli: text = u'red'
151.1438 	EXP 	hint: autoDraw = True
151.6181 	EXP 	stimuli: autoDraw = True
152.2512 	DATA 	Keypress: left
152.2566 	EXP 	New trial (rep=0, index=38): OrderedDict([('word', u'blue'), ('color', u'blue'), ('congruent', 1), ('corrAns', u'right')])
152.3155 	EXP 	stimuli: autoDraw = False
152.3155 	EXP 	hint: autoDraw = False
152.3155 	EXP 	stimuli: color = u'blue (named)'
152.3155 	EXP 	stimuli: text = u'blue'
152.3155 	EXP 	hint: autoDraw = True
152.7856 	EXP 	stimuli: autoDraw = True
153.2729 	DATA 	Keypress: right
153.2894 	EXP 	New trial (rep=0, index=39): OrderedDict([('word', u'red'), ('color', u'red'), ('congruent', 1), ('corrAns', u'left')])
153.3440 	EXP 	stimuli: autoDraw = False
153.3440 	EXP 	hint: autoDraw = False
153.3440 	EXP 	stimuli: color = u'red (named)'
153.3440 	EXP 	stimuli: text = u'red'
153.3440 	EXP 	hint: autoDraw = True
153.8200 	EXP 	stimuli: autoDraw = True
154.3350 	DATA 	Keypress: left
154.3403 	EXP 	New trial (rep=0, index=40): OrderedDict([('word', u'red'), ('color', u'red'), ('congruent', 1), ('corrAns', u'left')])
154.3541 	EXP 	stimuli: autoDraw = False
154.3541 	EXP 	hint: autoDraw = False
154.3541 	EXP 	stimuli: color = u'red (named)'
154.3541 	EXP 	stimuli: text = u'red'
154.3541 	EXP 	hint: autoDraw = True
154.8675 	EXP 	stimuli: autoDraw = True
155.3021 	DATA 	Keypress: left
155.3068 	EXP 	New trial (rep=0, index=41): OrderedDict([('word', u'red'), ('color', u'red'), ('congruent', 1), ('corrAns', u'left')])
155.3205 	EXP 	stimuli: autoDraw = False
155.3205 	EXP 	hint: autoDraw = False
155.3205 	EXP 	stimuli: color = u'red (named)'
155.3205 	EXP 	stimuli: text = u'red'
155.3205 	EXP 	hint: autoDraw = True
155.8345 	EXP 	stimuli: autoDraw = True
156.3360 	DATA 	Keypress: left
156.3411 	EXP 	New trial (rep=0, index=42): OrderedDict([('word', u'green'), ('color', u'green'), ('congruent', 1), ('corrAns', u'down')])
156.3891 	EXP 	stimuli: autoDraw = False
156.3891 	EXP 	hint: autoDraw = False
156.3891 	EXP 	stimuli: color = u'green (named)'
156.3891 	EXP 	stimuli: text = u'green'
156.3891 	EXP 	hint: autoDraw = True
156.8704 	EXP 	stimuli: autoDraw = True
157.7029 	DATA 	Keypress: down
157.7076 	EXP 	New trial (rep=0, index=43): OrderedDict([('word', u'blue'), ('color', u'green'), ('congruent', 0), ('corrAns', u'down')])
157.7550 	EXP 	stimuli: autoDraw = False
157.7550 	EXP 	hint: autoDraw = False
157.7550 	EXP 	stimuli: color = u'green (named)'
157.7550 	EXP 	stimuli: text = u'blue'
157.7550 	EXP 	hint: autoDraw = True
158.2370 	EXP 	stimuli: autoDraw = True
159.2368 	DATA 	Keypress: down
159.2415 	EXP 	New trial (rep=0, index=44): OrderedDict([('word', u'blue'), ('color', u'blue'), ('congruent', 1), ('corrAns', u'right')])
159.2557 	EXP 	stimuli: autoDraw = False
159.2557 	EXP 	hint: autoDraw = False
159.2557 	EXP 	stimuli: color = u'blue (named)'
159.2557 	EXP 	stimuli: text = u'blue'
159.2557 	EXP 	hint: autoDraw = True
159.7690 	EXP 	stimuli: autoDraw = True
160.3752 	DATA 	Keypress: right
160.3913 	EXP 	New trial (rep=1, index=0): OrderedDict([('word', u'red'), ('color', u'red'), ('congruent', 1), ('corrAns', u'left')])
160.4433 	EXP 	stimuli: autoDraw = False
160.4433 	EXP 	hint: autoDraw = False
160.4433 	EXP 	stimuli: color = u'red (named)'
160.4433 	EXP 	stimuli: text = u'red'
160.4433 	EXP 	hint: autoDraw = True
160.9211 	EXP 	stimuli: autoDraw = True
161.5373 	DATA 	Keypress: left
161.5425 	EXP 	New trial (rep=1, index=1): OrderedDict([('word', u'green'), ('color', u'red'), ('congruent', 0), ('corrAns', u'left')])
161.5907 	EXP 	stimuli: autoDraw = False
161.5907 	EXP 	hint: autoDraw = False
161.5907 	EXP 	stimuli: color = u'red (named)'
161.5907 	EXP 	stimuli: text = u'green'
161.5907 	EXP 	hint: autoDraw = True
162.0721 	EXP 	stimuli: autoDraw = True
163.0421 	DATA 	Keypress: left
163.0585 	EXP 	New trial (rep=1, index=2): OrderedDict([('word', u'blue'), ('color', u'red'), ('congruent', 0), ('corrAns', u'left')])
163.1066 	EXP 	stimuli: autoDraw = False
163.1066 	EXP 	hint: autoDraw = False
163.1066 	EXP 	stimuli: color = u'red (named)'
163.1066 	EXP 	stimuli: text = u'blue'
163.1066 	EXP 	hint: autoDraw = True
163.5906 	EXP 	stimuli: autoDraw = True
164.1353 	DATA 	Keypress: left
164.1400 	EXP 	New trial (rep=1, index=3): OrderedDict([('word', u'blue'), ('color', u'blue'), ('congruent', 1), ('corrAns', u'right')])
164.1540 	EXP 	stimuli: autoDraw = False
164.1540 	EXP 	hint: autoDraw = False
164.1540 	EXP 	stimuli: color = u'blue (named)'
164.1540 	EXP 	stimuli: text = u'blue'
164.1540 	EXP 	hint: autoDraw = True
164.6704 	EXP 	stimuli: autoDraw = True
165.2388 	DATA 	Keypress: left
165.2437 	EXP 	New trial (rep=1, index=4): OrderedDict([('word', u'green'), ('color', u'green'), ('congruent', 1), ('corrAns', u'down')])
165.3124 	EXP 	stimuli: autoDraw = False
165.3124 	EXP 	hint: autoDraw = False
165.3124 	EXP 	stimuli: color = u'green (named)'
165.3124 	EXP 	stimuli: text = u'green'
165.3124 	EXP 	hint: autoDraw = True
165.7724 	EXP 	stimuli: autoDraw = True
166.8556 	DATA 	Keypress: down
166.8603 	EXP 	New trial (rep=1, index=5): OrderedDict([('word', u'red'), ('color', u'green'), ('congruent', 0), ('corrAns', u'down')])
166.8958 	EXP 	stimuli: autoDraw = False
166.8958 	EXP 	hint: autoDraw = False
166.8958 	EXP 	stimuli: color = u'green (named)'
166.8958 	EXP 	stimuli: text = u'red'
166.8958 	EXP 	hint: autoDraw = True
167.3898 	EXP 	stimuli: autoDraw = True
168.3228 	DATA 	Keypress: down
168.3274 	EXP 	New trial (rep=1, index=6): OrderedDict([('word', u'blue'), ('color', u'blue'), ('congruent', 1), ('corrAns', u'right')])
168.3672 	EXP 	stimuli: autoDraw = False
168.3672 	EXP 	hint: autoDraw = False
168.3672 	EXP 	stimuli: color = u'blue (named)'
168.3672 	EXP 	stimuli: text = u'blue'
168.3672 	EXP 	hint: autoDraw = True
168.8571 	EXP 	stimuli: autoDraw = True
169.4899 	DATA 	Keypress: right
169.4946 	EXP 	New trial (rep=1, index=7): OrderedDict([('word', u'green'), ('color', u'blue'), ('congruent', 0), ('corrAns', u'right')])
169.5419 	EXP 	stimuli: autoDraw = False
169.5419 	EXP 	hint: autoDraw = False
169.5419 	EXP 	stimuli: color = u'blue (named)'
169.5419 	EXP 	stimuli: text = u'green'
169.5419 	EXP 	hint: autoDraw = True
170.0241 	EXP 	stimuli: autoDraw = True
170.4234 	DATA 	Keypress: right
170.4282 	EXP 	New trial (rep=1, index=8): OrderedDict([('word', u'green'), ('color', u'green'), ('congruent', 1), ('corrAns', u'down')])
170.4423 	EXP 	stimuli: autoDraw = False
170.4423 	EXP 	hint: autoDraw = False
170.4423 	EXP 	stimuli: color = u'green (named)'
170.4423 	EXP 	stimuli: text = u'green'
170.4423 	EXP 	hint: autoDraw = True
170.9557 	EXP 	stimuli: autoDraw = True
171.8072 	DATA 	Keypress: left
171.8119 	EXP 	New trial (rep=1, index=9): OrderedDict([('word', u'blue'), ('color', u'blue'), ('congruent', 1), ('corrAns', u'right')])
171.8716 	EXP 	stimuli: autoDraw = False
171.8716 	EXP 	hint: autoDraw = False
171.8716 	EXP 	stimuli: color = u'blue (named)'
171.8716 	EXP 	stimuli: text = u'blue'
171.8716 	EXP 	hint: autoDraw = True
172.3415 	EXP 	stimuli: autoDraw = True
173.0742 	DATA 	Keypress: right
173.0789 	EXP 	New trial (rep=1, index=10): OrderedDict([('word', u'red'), ('color', u'red'), ('congruent', 1), ('corrAns', u'left')])
173.1323 	EXP 	stimuli: autoDraw = False
173.1323 	EXP 	hint: autoDraw = False
173.1323 	EXP 	stimuli: color = u'red (named)'
173.1323 	EXP 	stimuli: text = u'red'
173.1323 	EXP 	hint: autoDraw = True
173.6083 	EXP 	stimuli: autoDraw = True
174.7456 	DATA 	Keypress: left
174.7626 	EXP 	New trial (rep=1, index=11): OrderedDict([('word', u'red'), ('color', u'red'), ('congruent', 1), ('corrAns', u'left')])
174.7763 	EXP 	stimuli: autoDraw = False
174.7763 	EXP 	hint: autoDraw = False
174.7763 	EXP 	stimuli: color = u'red (named)'
174.7763 	EXP 	stimuli: text = u'red'
174.7763 	EXP 	hint: autoDraw = True
175.2905 	EXP 	stimuli: autoDraw = True
176.1254 	DATA 	Keypress: left
176.1300 	EXP 	New trial (rep=1, index=12): OrderedDict([('word', u'green'), ('color', u'green'), ('congruent', 1), ('corrAns', u'down')])
176.1818 	EXP 	stimuli: autoDraw = False
176.1818 	EXP 	hint: autoDraw = False
176.1818 	EXP 	stimuli: color = u'green (named)'
176.1818 	EXP 	stimuli: text = u'green'
176.1818 	EXP 	hint: autoDraw = True
176.6578 	EXP 	stimuli: autoDraw = True
177.1755 	DATA 	Keypress: down
177.1812 	EXP 	New trial (rep=1, index=13): OrderedDict([('word', u'green'), ('color', u'blue'), ('congruent', 0), ('corrAns', u'right')])
177.1963 	EXP 	stimuli: autoDraw = False
177.1963 	EXP 	hint: autoDraw = False
177.1963 	EXP 	stimuli: color = u'blue (named)'
177.1963 	EXP 	stimuli: text = u'green'
177.1963 	EXP 	hint: autoDraw = True
177.7079 	EXP 	stimuli: autoDraw = True
178.4259 	DATA 	Keypress: down
178.4311 	EXP 	New trial (rep=1, index=14): OrderedDict([('word', u'blue'), ('color', u'green'), ('congruent', 0), ('corrAns', u'down')])
178.4849 	EXP 	stimuli: autoDraw = False
178.4849 	EXP 	hint: autoDraw = False
178.4849 	EXP 	stimuli: color = u'green (named)'
178.4849 	EXP 	stimuli: text = u'blue'
178.4849 	EXP 	hint: autoDraw = True
178.9597 	EXP 	stimuli: autoDraw = True
179.9931 	DATA 	Keypress: down
179.9978 	EXP 	New trial (rep=1, index=15): OrderedDict([('word', u'blue'), ('color', u'blue'), ('congruent', 1), ('corrAns', u'right')])
180.0115 	EXP 	stimuli: autoDraw = False
180.0115 	EXP 	hint: autoDraw = False
180.0115 	EXP 	stimuli: color = u'blue (named)'
180.0115 	EXP 	stimuli: text = u'blue'
180.0115 	EXP 	hint: autoDraw = True
180.5256 	EXP 	stimuli: autoDraw = True
181.4807 	DATA 	Keypress: right
181.4973 	EXP 	New trial (rep=1, index=16): OrderedDict([('word', u'green'), ('color', u'green'), ('congruent', 1), ('corrAns', u'down')])
181.5498 	EXP 	stimuli: autoDraw = False
181.5498 	EXP 	hint: autoDraw = False
181.5498 	EXP 	stimuli: color = u'green (named)'
181.5498 	EXP 	stimuli: text = u'green'
181.5498 	EXP 	hint: autoDraw = True
182.0278 	EXP 	stimuli: autoDraw = True
182.7272 	DATA 	Keypress: down
182.7319 	EXP 	New trial (rep=1, index=17): OrderedDict([('word', u'green'), ('color', u'green'), ('congruent', 1), ('corrAns', u'down')])
182.7456 	EXP 	stimuli: autoDraw = False
182.7456 	EXP 	hint: autoDraw = False
182.7456 	EXP 	stimuli: color = u'green (named)'
182.7456 	EXP 	stimuli: text = u'green'
182.7456 	EXP 	hint: autoDraw = True
183.2596 	EXP 	stimuli: autoDraw = True
183.6449 	DATA 	Keypress: down
183.6503 	EXP 	New trial (rep=1, index=18): OrderedDict([('word', u'red'), ('color', u'red'), ('congruent', 1), ('corrAns', u'left')])
183.7081 	EXP 	stimuli: autoDraw = False
183.7081 	EXP 	hint: autoDraw = False
183.7081 	EXP 	stimuli: color = u'red (named)'
183.7081 	EXP 	stimuli: text = u'red'
183.7081 	EXP 	hint: autoDraw = True
184.1797 	EXP 	stimuli: autoDraw = True
184.8150 	DATA 	Keypress: left
184.8318 	EXP 	New trial (rep=1, index=19): OrderedDict([('word', u'blue'), ('color', u'blue'), ('congruent', 1), ('corrAns', u'right')])
184.8805 	EXP 	stimuli: autoDraw = False
184.8805 	EXP 	hint: autoDraw = False
184.8805 	EXP 	stimuli: color = u'blue (named)'
184.8805 	EXP 	stimuli: text = u'blue'
184.8805 	EXP 	hint: autoDraw = True
185.3627 	EXP 	stimuli: autoDraw = True
186.2655 	DATA 	Keypress: right
186.2821 	EXP 	New trial (rep=1, index=20): OrderedDict([('word', u'blue'), ('color', u'blue'), ('congruent', 1), ('corrAns', u'right')])
186.2959 	EXP 	stimuli: autoDraw = False
186.2959 	EXP 	hint: autoDraw = False
186.2959 	EXP 	stimuli: color = u'blue (named)'
186.2959 	EXP 	stimuli: text = u'blue'
186.2959 	EXP 	hint: autoDraw = True
186.8106 	EXP 	stimuli: autoDraw = True
187.2288 	DATA 	Keypress: right
187.2334 	EXP 	New trial (rep=1, index=21): OrderedDict([('word', u'blue'), ('color', u'blue'), ('congruent', 1), ('corrAns', u'right')])
187.2471 	EXP 	stimuli: autoDraw = False
187.2471 	EXP 	hint: autoDraw = False
187.2471 	EXP 	stimuli: color = u'blue (named)'
187.2471 	EXP 	stimuli: text = u'blue'
187.2471 	EXP 	hint: autoDraw = True
187.7609 	EXP 	stimuli: autoDraw = True
188.0955 	DATA 	Keypress: right
188.1002 	EXP 	New trial (rep=1, index=22): OrderedDict([('word', u'green'), ('color', u'green'), ('congruent', 1), ('corrAns', u'down')])
188.1512 	EXP 	stimuli: autoDraw = False
188.1512 	EXP 	hint: autoDraw = False
188.1512 	EXP 	stimuli: color = u'green (named)'
188.1512 	EXP 	stimuli: text = u'green'
188.1512 	EXP 	hint: autoDraw = True
188.6301 	EXP 	stimuli: autoDraw = True
189.1965 	DATA 	Keypress: down
189.2011 	EXP 	New trial (rep=1, index=23): OrderedDict([('word', u'blue'), ('color', u'blue'), ('congruent', 1), ('corrAns', u'right')])
189.2419 	EXP 	stimuli: autoDraw = False
189.2419 	EXP 	hint: autoDraw = False
189.2419 	EXP 	stimuli: color = u'blue (named)'
189.2419 	EXP 	stimuli: text = u'blue'
189.2419 	EXP 	hint: autoDraw = True
189.7301 	EXP 	stimuli: autoDraw = True
190.2962 	DATA 	Keypress: right
190.3009 	EXP 	New trial (rep=1, index=24): OrderedDict([('word', u'red'), ('color', u'red'), ('congruent', 1), ('corrAns', u'left')])
190.3426 	EXP 	stimuli: autoDraw = False
190.3426 	EXP 	hint: autoDraw = False
190.3426 	EXP 	stimuli: color = u'red (named)'
190.3426 	EXP 	stimuli: text = u'red'
190.3426 	EXP 	hint: autoDraw = True
190.8304 	EXP 	stimuli: autoDraw = True
191.3674 	DATA 	Keypress: left
191.3845 	EXP 	New trial (rep=1, index=25): OrderedDict([('word', u'green'), ('color', u'green'), ('congruent', 1), ('corrAns', u'down')])
191.4251 	EXP 	stimuli: autoDraw = False
191.4251 	EXP 	hint: autoDraw = False
191.4251 	EXP 	stimuli: color = u'green (named)'
191.4251 	EXP 	stimuli: text = u'green'
191.4251 	EXP 	hint: autoDraw = True
191.9148 	EXP 	stimuli: autoDraw = True
192.5508 	DATA 	Keypress: down
192.5674 	EXP 	New trial (rep=1, index=26): OrderedDict([('word', u'blue'), ('color', u'blue'), ('congruent', 1), ('corrAns', u'right')])
192.6264 	EXP 	stimuli: autoDraw = False
192.6264 	EXP 	hint: autoDraw = False
192.6264 	EXP 	stimuli: color = u'blue (named)'
192.6264 	EXP 	stimuli: text = u'blue'
192.6264 	EXP 	hint: autoDraw = True
193.0983 	EXP 	stimuli: autoDraw = True
193.6139 	DATA 	Keypress: right
193.6192 	EXP 	New trial (rep=1, index=27): OrderedDict([('word', u'red'), ('color', u'blue'), ('congruent', 0), ('corrAns', u'right')])
193.6616 	EXP 	stimuli: autoDraw = False
193.6616 	EXP 	hint: autoDraw = False
193.6616 	EXP 	stimuli: color = u'blue (named)'
193.6616 	EXP 	stimuli: text = u'red'
193.6616 	EXP 	hint: autoDraw = True
194.1492 	EXP 	stimuli: autoDraw = True
194.5513 	DATA 	Keypress: right
194.5680 	EXP 	New trial (rep=1, index=28): OrderedDict([('word', u'green'), ('color', u'green'), ('congruent', 1), ('corrAns', u'down')])
194.6144 	EXP 	stimuli: autoDraw = False
194.6144 	EXP 	hint: autoDraw = False
194.6144 	EXP 	stimuli: color = u'green (named)'
194.6144 	EXP 	stimuli: text = u'green'
194.6144 	EXP 	hint: autoDraw = True
195.0985 	EXP 	stimuli: autoDraw = True
195.7146 	DATA 	Keypress: down
195.7193 	EXP 	New trial (rep=1, index=29): OrderedDict([('word', u'green'), ('color', u'green'), ('congruent', 1), ('corrAns', u'down')])
195.7330 	EXP 	stimuli: autoDraw = False
195.7330 	EXP 	hint: autoDraw = False
195.7330 	EXP 	stimuli: color = u'green (named)'
195.7330 	EXP 	stimuli: text = u'green'
195.7330 	EXP 	hint: autoDraw = True
196.2470 	EXP 	stimuli: autoDraw = True
196.7982 	DATA 	Keypress: down
196.8029 	EXP 	New trial (rep=1, index=30): OrderedDict([('word', u'blue'), ('color', u'blue'), ('congruent', 1), ('corrAns', u'right')])
196.8488 	EXP 	stimuli: autoDraw = False
196.8488 	EXP 	hint: autoDraw = False
196.8488 	EXP 	stimuli: color = u'blue (named)'
196.8488 	EXP 	stimuli: text = u'blue'
196.8488 	EXP 	hint: autoDraw = True
197.3327 	EXP 	stimuli: autoDraw = True
197.8151 	DATA 	Keypress: right
197.8198 	EXP 	New trial (rep=1, index=31): OrderedDict([('word', u'blue'), ('color', u'blue'), ('congruent', 1), ('corrAns', u'right')])
197.8334 	EXP 	stimuli: autoDraw = False
197.8334 	EXP 	hint: autoDraw = False
197.8334 	EXP 	stimuli: color = u'blue (named)'
197.8334 	EXP 	stimuli: text = u'blue'
197.8334 	EXP 	hint: autoDraw = True
198.3477 	EXP 	stimuli: autoDraw = True
198.7196 	DATA 	Keypress: right
198.7361 	EXP 	New trial (rep=1, index=32): OrderedDict([('word', u'red'), ('color', u'green'), ('congruent', 0), ('corrAns', u'down')])
198.7913 	EXP 	stimuli: autoDraw = False
198.7913 	EXP 	hint: autoDraw = False
198.7913 	EXP 	stimuli: color = u'green (named)'
198.7913 	EXP 	stimuli: text = u'red'
198.7913 	EXP 	hint: autoDraw = True
199.2664 	EXP 	stimuli: autoDraw = True
200.3660 	DATA 	Keypress: left
200.3704 	EXP 	New trial (rep=1, index=33): OrderedDict([('word', u'red'), ('color', u'red'), ('congruent', 1), ('corrAns', u'left')])
200.3826 	EXP 	stimuli: autoDraw = False
200.3826 	EXP 	hint: autoDraw = False
200.3826 	EXP 	stimuli: color = u'red (named)'
200.3826 	EXP 	stimuli: text = u'red'
200.3826 	EXP 	hint: autoDraw = True
200.8983 	EXP 	stimuli: autoDraw = True
201.4169 	DATA 	Keypress: left
201.4215 	EXP 	New trial (rep=1, index=34): OrderedDict([('word', u'green'), ('color', u'green'), ('congruent', 1), ('corrAns', u'down')])
201.4767 	EXP 	stimuli: autoDraw = False
201.4767 	EXP 	hint: autoDraw = False
201.4767 	EXP 	stimuli: color = u'green (named)'
201.4767 	EXP 	stimuli: text = u'green'
201.4767 	EXP 	hint: autoDraw = True
201.9493 	EXP 	stimuli: autoDraw = True
202.4334 	DATA 	Keypress: down
202.4381 	EXP 	New trial (rep=1, index=35): OrderedDict([('word', u'green'), ('color', u'green'), ('congruent', 1), ('corrAns', u'down')])
202.4520 	EXP 	stimuli: autoDraw = False
202.4520 	EXP 	hint: autoDraw = False
202.4520 	EXP 	stimuli: color = u'green (named)'
202.4520 	EXP 	stimuli: text = u'green'
202.4520 	EXP 	hint: autoDraw = True
202.9656 	EXP 	stimuli: autoDraw = True
203.6003 	DATA 	Keypress: down
203.6059 	EXP 	New trial (rep=1, index=36): OrderedDict([('word', u'red'), ('color', u'red'), ('congruent', 1), ('corrAns', u'left')])
203.6436 	EXP 	stimuli: autoDraw = False
203.6436 	EXP 	hint: autoDraw = False
203.6436 	EXP 	stimuli: color = u'red (named)'
203.6436 	EXP 	stimuli: text = u'red'
203.6436 	EXP 	hint: autoDraw = True
204.1343 	EXP 	stimuli: autoDraw = True
204.8007 	DATA 	Keypress: left
204.8054 	EXP 	New trial (rep=1, index=37): OrderedDict([('word', u'red'), ('color', u'red'), ('congruent', 1), ('corrAns', u'left')])
204.8198 	EXP 	stimuli: autoDraw = False
204.8198 	EXP 	hint: autoDraw = False
204.8198 	EXP 	stimuli: color = u'red (named)'
204.8198 	EXP 	stimuli: text = u'red'
204.8198 	EXP 	hint: autoDraw = True
205.3330 	EXP 	stimuli: autoDraw = True
205.8176 	DATA 	Keypress: left
205.8231 	EXP 	New trial (rep=1, index=38): OrderedDict([('word', u'red'), ('color', u'red'), ('congruent', 1), ('corrAns', u'left')])
205.8367 	EXP 	stimuli: autoDraw = False
205.8367 	EXP 	hint: autoDraw = False
205.8367 	EXP 	stimuli: color = u'red (named)'
205.8367 	EXP 	stimuli: text = u'red'
205.8367 	EXP 	hint: autoDraw = True
206.3501 	EXP 	stimuli: autoDraw = True
206.7346 	DATA 	Keypress: left
206.7393 	EXP 	New trial (rep=1, index=39): OrderedDict([('word', u'blue'), ('color', u'blue'), ('congruent', 1), ('corrAns', u'right')])
206.7977 	EXP 	stimuli: autoDraw = False
206.7977 	EXP 	hint: autoDraw = False
206.7977 	EXP 	stimuli: color = u'blue (named)'
206.7977 	EXP 	stimuli: text = u'blue'
206.7977 	EXP 	hint: autoDraw = True
207.2688 	EXP 	stimuli: autoDraw = True
208.2351 	DATA 	Keypress: right
208.2399 	EXP 	New trial (rep=1, index=40): OrderedDict([('word', u'red'), ('color', u'red'), ('congruent', 1), ('corrAns', u'left')])
208.2763 	EXP 	stimuli: autoDraw = False
208.2763 	EXP 	hint: autoDraw = False
208.2763 	EXP 	stimuli: color = u'red (named)'
208.2763 	EXP 	stimuli: text = u'red'
208.2763 	EXP 	hint: autoDraw = True
208.7694 	EXP 	stimuli: autoDraw = True
209.4228 	DATA 	Keypress: left
209.4394 	EXP 	New trial (rep=1, index=41): OrderedDict([('word', u'green'), ('color', u'green'), ('congruent', 1), ('corrAns', u'down')])
209.4868 	EXP 	stimuli: autoDraw = False
209.4868 	EXP 	hint: autoDraw = False
209.4868 	EXP 	stimuli: color = u'green (named)'
209.4868 	EXP 	stimuli: text = u'green'
209.4868 	EXP 	hint: autoDraw = True
209.9699 	EXP 	stimuli: autoDraw = True
210.4562 	DATA 	Keypress: down
210.4730 	EXP 	New trial (rep=1, index=42): OrderedDict([('word', u'red'), ('color', u'red'), ('congruent', 1), ('corrAns', u'left')])
210.5106 	EXP 	stimuli: autoDraw = False
210.5106 	EXP 	hint: autoDraw = False
210.5106 	EXP 	stimuli: color = u'red (named)'
210.5106 	EXP 	stimuli: text = u'red'
210.5106 	EXP 	hint: autoDraw = True
211.0036 	EXP 	stimuli: autoDraw = True
211.5865 	DATA 	Keypress: left
211.5912 	EXP 	New trial (rep=1, index=43): OrderedDict([('word', u'red'), ('color', u'red'), ('congruent', 1), ('corrAns', u'left')])
211.6048 	EXP 	stimuli: autoDraw = False
211.6048 	EXP 	hint: autoDraw = False
211.6048 	EXP 	stimuli: color = u'red (named)'
211.6048 	EXP 	stimuli: text = u'red'
211.6048 	EXP 	hint: autoDraw = True
212.1184 	EXP 	stimuli: autoDraw = True
212.5364 	DATA 	Keypress: left
212.5416 	EXP 	New trial (rep=1, index=44): OrderedDict([('word', u'blue'), ('color', u'red'), ('congruent', 0), ('corrAns', u'left')])
212.5829 	EXP 	stimuli: autoDraw = False
212.5829 	EXP 	hint: autoDraw = False
212.5829 	EXP 	stimuli: color = u'red (named)'
212.5829 	EXP 	stimuli: text = u'blue'
212.5829 	EXP 	hint: autoDraw = True
213.0717 	EXP 	stimuli: autoDraw = True
213.7535 	DATA 	Keypress: right
213.7582 	EXP 	New trial (rep=2, index=0): OrderedDict([('word', u'blue'), ('color', u'red'), ('congruent', 0), ('corrAns', u'left')])
213.7742 	EXP 	stimuli: autoDraw = False
213.7742 	EXP 	hint: autoDraw = False
213.7742 	EXP 	stimuli: color = u'red (named)'
213.7742 	EXP 	stimuli: text = u'blue'
213.7742 	EXP 	hint: autoDraw = True
214.2858 	EXP 	stimuli: autoDraw = True
215.1539 	DATA 	Keypress: left
215.1586 	EXP 	New trial (rep=2, index=1): OrderedDict([('word', u'blue'), ('color', u'blue'), ('congruent', 1), ('corrAns', u'right')])
215.1723 	EXP 	stimuli: autoDraw = False
215.1723 	EXP 	hint: autoDraw = False
215.1723 	EXP 	stimuli: color = u'blue (named)'
215.1723 	EXP 	stimuli: text = u'blue'
215.1723 	EXP 	hint: autoDraw = True
215.6862 	EXP 	stimuli: autoDraw = True
216.2709 	DATA 	Keypress: right
216.2763 	EXP 	New trial (rep=2, index=2): OrderedDict([('word', u'red'), ('color', u'red'), ('congruent', 1), ('corrAns', u'left')])
216.3291 	EXP 	stimuli: autoDraw = False
216.3291 	EXP 	hint: autoDraw = False
216.3291 	EXP 	stimuli: color = u'red (named)'
216.3291 	EXP 	stimuli: text = u'red'
216.3291 	EXP 	hint: autoDraw = True
216.8058 	EXP 	stimuli: autoDraw = True
217.6040 	DATA 	Keypress: left
217.6067 	EXP 	New trial (rep=2, index=3): OrderedDict([('word', u'red'), ('color', u'blue'), ('congruent', 0), ('corrAns', u'right')])
217.6198 	EXP 	stimuli: autoDraw = False
217.6198 	EXP 	hint: autoDraw = False
217.6198 	EXP 	stimuli: color = u'blue (named)'
217.6198 	EXP 	stimuli: text = u'red'
217.6198 	EXP 	hint: autoDraw = True
218.1370 	EXP 	stimuli: autoDraw = True
218.7384 	DATA 	Keypress: right
218.7442 	EXP 	New trial (rep=2, index=4): OrderedDict([('word', u'red'), ('color', u'red'), ('congruent', 1), ('corrAns', u'left')])
218.7592 	EXP 	stimuli: autoDraw = False
218.7592 	EXP 	hint: autoDraw = False
218.7592 	EXP 	stimuli: color = u'red (named)'
218.7592 	EXP 	stimuli: text = u'red'
218.7592 	EXP 	hint: autoDraw = True
219.2714 	EXP 	stimuli: autoDraw = True
219.9220 	DATA 	Keypress: left
219.9267 	EXP 	New trial (rep=2, index=5): OrderedDict([('word', u'blue'), ('color', u'blue'), ('congruent', 1), ('corrAns', u'right')])
219.9864 	EXP 	stimuli: autoDraw = False
219.9864 	EXP 	hint: autoDraw = False
219.9864 	EXP 	stimuli: color = u'blue (named)'
219.9864 	EXP 	stimuli: text = u'blue'
219.9864 	EXP 	hint: autoDraw = True
220.4550 	EXP 	stimuli: autoDraw = True
221.5726 	DATA 	Keypress: right
221.5773 	EXP 	New trial (rep=2, index=6): OrderedDict([('word', u'red'), ('color', u'red'), ('congruent', 1), ('corrAns', u'left')])
221.6144 	EXP 	stimuli: autoDraw = False
221.6144 	EXP 	hint: autoDraw = False
221.6144 	EXP 	stimuli: color = u'red (named)'
221.6144 	EXP 	stimuli: text = u'red'
221.6144 	EXP 	hint: autoDraw = True
222.1066 	EXP 	stimuli: autoDraw = True
222.7562 	DATA 	Keypress: left
222.7615 	EXP 	New trial (rep=2, index=7): OrderedDict([('word', u'red'), ('color', u'red'), ('congruent', 1), ('corrAns', u'left')])
222.7752 	EXP 	stimuli: autoDraw = False
222.7752 	EXP 	hint: autoDraw = False
222.7752 	EXP 	stimuli: color = u'red (named)'
222.7752 	EXP 	stimuli: text = u'red'
222.7752 	EXP 	hint: autoDraw = True
223.2886 	EXP 	stimuli: autoDraw = True
223.7445 	DATA 	Keypress: left
223.7626 	EXP 	New trial (rep=2, index=8): OrderedDict([('word', u'green'), ('color', u'green'), ('congruent', 1), ('corrAns', u'down')])
223.8332 	EXP 	stimuli: autoDraw = False
223.8332 	EXP 	hint: autoDraw = False
223.8332 	EXP 	stimuli: color = u'green (named)'
223.8332 	EXP 	stimuli: text = u'green'
223.8332 	EXP 	hint: autoDraw = True
224.2910 	EXP 	stimuli: autoDraw = True
224.8402 	DATA 	Keypress: down
224.8449 	EXP 	New trial (rep=2, index=9): OrderedDict([('word', u'green'), ('color', u'green'), ('congruent', 1), ('corrAns', u'down')])
224.8585 	EXP 	stimuli: autoDraw = False
224.8585 	EXP 	hint: autoDraw = False
224.8585 	EXP 	stimuli: color = u'green (named)'
224.8585 	EXP 	stimuli: text = u'green'
224.8585 	EXP 	hint: autoDraw = True
225.3726 	EXP 	stimuli: autoDraw = True
225.8075 	DATA 	Keypress: down
225.8122 	EXP 	New trial (rep=2, index=10): OrderedDict([('word', u'red'), ('color', u'green'), ('congruent', 0), ('corrAns', u'down')])
225.8670 	EXP 	stimuli: autoDraw = False
225.8670 	EXP 	hint: autoDraw = False
225.8670 	EXP 	stimuli: color = u'green (named)'
225.8670 	EXP 	stimuli: text = u'red'
225.8670 	EXP 	hint: autoDraw = True
226.3415 	EXP 	stimuli: autoDraw = True
226.7745 	DATA 	Keypress: down
226.7792 	EXP 	New trial (rep=2, index=11): OrderedDict([('word', u'blue'), ('color', u'blue'), ('congruent', 1), ('corrAns', u'right')])
226.8402 	EXP 	stimuli: autoDraw = False
226.8402 	EXP 	hint: autoDraw = False
226.8402 	EXP 	stimuli: color = u'blue (named)'
226.8402 	EXP 	stimuli: text = u'blue'
226.8402 	EXP 	hint: autoDraw = True
227.3084 	EXP 	stimuli: autoDraw = True
228.5746 	DATA 	Keypress: right
228.5793 	EXP 	New trial (rep=2, index=12): OrderedDict([('word', u'blue'), ('color', u'blue'), ('congruent', 1), ('corrAns', u'right')])
228.5930 	EXP 	stimuli: autoDraw = False
228.5930 	EXP 	hint: autoDraw = False
228.5930 	EXP 	stimuli: color = u'blue (named)'
228.5930 	EXP 	stimuli: text = u'blue'
228.5930 	EXP 	hint: autoDraw = True
229.1070 	EXP 	stimuli: autoDraw = True
229.4916 	DATA 	Keypress: right
229.4970 	EXP 	New trial (rep=2, index=13): OrderedDict([('word', u'green'), ('color', u'blue'), ('congruent', 0), ('corrAns', u'right')])
229.5438 	EXP 	stimuli: autoDraw = False
229.5438 	EXP 	hint: autoDraw = False
229.5438 	EXP 	stimuli: color = u'blue (named)'
229.5438 	EXP 	stimuli: text = u'green'
229.5438 	EXP 	hint: autoDraw = True
230.0265 	EXP 	stimuli: autoDraw = True
230.6920 	DATA 	Keypress: right
230.6966 	EXP 	New trial (rep=2, index=14): OrderedDict([('word', u'red'), ('color', u'red'), ('congruent', 1), ('corrAns', u'left')])
230.7339 	EXP 	stimuli: autoDraw = False
230.7339 	EXP 	hint: autoDraw = False
230.7339 	EXP 	stimuli: color = u'red (named)'
230.7339 	EXP 	stimuli: text = u'red'
230.7339 	EXP 	hint: autoDraw = True
231.2264 	EXP 	stimuli: autoDraw = True
231.8590 	DATA 	Keypress: left
231.8637 	EXP 	New trial (rep=2, index=15): OrderedDict([('word', u'green'), ('color', u'green'), ('congruent', 1), ('corrAns', u'down')])
231.9030 	EXP 	stimuli: autoDraw = False
231.9030 	EXP 	hint: autoDraw = False
231.9030 	EXP 	stimuli: color = u'green (named)'
231.9030 	EXP 	stimuli: text = u'green'
231.9030 	EXP 	hint: autoDraw = True
232.3931 	EXP 	stimuli: autoDraw = True
232.9260 	DATA 	Keypress: down
232.9307 	EXP 	New trial (rep=2, index=16): OrderedDict([('word', u'blue'), ('color', u'green'), ('congruent', 0), ('corrAns', u'down')])
232.9867 	EXP 	stimuli: autoDraw = False
232.9867 	EXP 	hint: autoDraw = False
232.9867 	EXP 	stimuli: color = u'green (named)'
232.9867 	EXP 	stimuli: text = u'blue'
232.9867 	EXP 	hint: autoDraw = True
233.4605 	EXP 	stimuli: autoDraw = True
234.4098 	DATA 	Keypress: down
234.4145 	EXP 	New trial (rep=2, index=17): OrderedDict([('word', u'red'), ('color', u'red'), ('congruent', 1), ('corrAns', u'left')])
234.4522 	EXP 	stimuli: autoDraw = False
234.4522 	EXP 	hint: autoDraw = False
234.4522 	EXP 	stimuli: color = u'red (named)'
234.4522 	EXP 	stimuli: text = u'red'
234.4522 	EXP 	hint: autoDraw = True
234.9438 	EXP 	stimuli: autoDraw = True
235.5269 	DATA 	Keypress: left
235.5315 	EXP 	New trial (rep=2, index=18): OrderedDict([('word', u'blue'), ('color', u'blue'), ('congruent', 1), ('corrAns', u'right')])
235.5758 	EXP 	stimuli: autoDraw = False
235.5758 	EXP 	hint: autoDraw = False
235.5758 	EXP 	stimuli: color = u'blue (named)'
235.5758 	EXP 	stimuli: text = u'blue'
235.5758 	EXP 	hint: autoDraw = True
236.0605 	EXP 	stimuli: autoDraw = True
236.8939 	DATA 	Keypress: right
236.8986 	EXP 	New trial (rep=2, index=19): OrderedDict([('word', u'green'), ('color', u'green'), ('congruent', 1), ('corrAns', u'down')])
236.9586 	EXP 	stimuli: autoDraw = False
236.9586 	EXP 	hint: autoDraw = False
236.9586 	EXP 	stimuli: color = u'green (named)'
236.9586 	EXP 	stimuli: text = u'green'
236.9586 	EXP 	hint: autoDraw = True
237.4277 	EXP 	stimuli: autoDraw = True
238.1999 	DATA 	Keypress: left
238.2162 	EXP 	New trial (rep=2, index=20): OrderedDict([('word', u'red'), ('color', u'red'), ('congruent', 1), ('corrAns', u'left')])
238.2698 	EXP 	stimuli: autoDraw = False
238.2698 	EXP 	hint: autoDraw = False
238.2698 	EXP 	stimuli: color = u'red (named)'
238.2698 	EXP 	stimuli: text = u'red'
238.2698 	EXP 	hint: autoDraw = True
238.7453 	EXP 	stimuli: autoDraw = True
239.4657 	DATA 	Keypress: left
239.4824 	EXP 	New trial (rep=2, index=21): OrderedDict([('word', u'green'), ('color', u'green'), ('congruent', 1), ('corrAns', u'down')])
239.5522 	EXP 	stimuli: autoDraw = False
239.5522 	EXP 	hint: autoDraw = False
239.5522 	EXP 	stimuli: color = u'green (named)'
239.5522 	EXP 	stimuli: text = u'green'
239.5522 	EXP 	hint: autoDraw = True
240.0115 	EXP 	stimuli: autoDraw = True
240.8117 	DATA 	Keypress: down
240.8164 	EXP 	New trial (rep=2, index=22): OrderedDict([('word', u'blue'), ('color', u'blue'), ('congruent', 1), ('corrAns', u'right')])
240.8575 	EXP 	stimuli: autoDraw = False
240.8575 	EXP 	hint: autoDraw = False
240.8575 	EXP 	stimuli: color = u'blue (named)'
240.8575 	EXP 	stimuli: text = u'blue'
240.8575 	EXP 	hint: autoDraw = True
241.3452 	EXP 	stimuli: autoDraw = True
241.8792 	DATA 	Keypress: right
241.8839 	EXP 	New trial (rep=2, index=23): OrderedDict([('word', u'red'), ('color', u'red'), ('congruent', 1), ('corrAns', u'left')])
241.9391 	EXP 	stimuli: autoDraw = False
241.9391 	EXP 	hint: autoDraw = False
241.9391 	EXP 	stimuli: color = u'red (named)'
241.9391 	EXP 	stimuli: text = u'red'
241.9391 	EXP 	hint: autoDraw = True
242.4122 	EXP 	stimuli: autoDraw = True
242.9996 	DATA 	Keypress: left
243.0163 	EXP 	New trial (rep=2, index=24): OrderedDict([('word', u'red'), ('color', u'red'), ('congruent', 1), ('corrAns', u'left')])
243.0304 	EXP 	stimuli: autoDraw = False
243.0304 	EXP 	hint: autoDraw = False
243.0304 	EXP 	stimuli: color = u'red (named)'
243.0304 	EXP 	stimuli: text = u'red'
243.0304 	EXP 	hint: autoDraw = True
243.5448 	EXP 	stimuli: autoDraw = True
244.0961 	DATA 	Keypress: left
244.1008 	EXP 	New trial (rep=2, index=25): OrderedDict([('word', u'blue'), ('color', u'blue'), ('congruent', 1), ('corrAns', u'right')])
244.1603 	EXP 	stimuli: autoDraw = False
244.1603 	EXP 	hint: autoDraw = False
244.1603 	EXP 	stimuli: color = u'blue (named)'
244.1603 	EXP 	stimuli: text = u'blue'
244.1603 	EXP 	hint: autoDraw = True
244.6301 	EXP 	stimuli: autoDraw = True
245.1465 	DATA 	Keypress: right
245.1517 	EXP 	New trial (rep=2, index=26): OrderedDict([('word', u'blue'), ('color', u'blue'), ('congruent', 1), ('corrAns', u'right')])
245.1654 	EXP 	stimuli: autoDraw = False
245.1654 	EXP 	hint: autoDraw = False
245.1654 	EXP 	stimuli: color = u'blue (named)'
245.1654 	EXP 	stimuli: text = u'blue'
245.1654 	EXP 	hint: autoDraw = True
245.6788 	EXP 	stimuli: autoDraw = True
246.1288 	DATA 	Keypress: right
246.1299 	EXP 	New trial (rep=2, index=27): OrderedDict([('word', u'blue'), ('color', u'blue'), ('congruent', 1), ('corrAns', u'right')])
246.1453 	EXP 	stimuli: autoDraw = False
246.1453 	EXP 	hint: autoDraw = False
246.1453 	EXP 	stimuli: color = u'blue (named)'
246.1453 	EXP 	stimuli: text = u'blue'
246.1453 	EXP 	hint: autoDraw = True
246.6625 	EXP 	stimuli: autoDraw = True
247.0304 	DATA 	Keypress: right
247.0351 	EXP 	New trial (rep=2, index=28): OrderedDict([('word', u'green'), ('color', u'green'), ('congruent', 1), ('corrAns', u'down')])
247.1049 	EXP 	stimuli: autoDraw = False
247.1049 	EXP 	hint: autoDraw = False
247.1049 	EXP 	stimuli: color = u'green (named)'
247.1049 	EXP 	stimuli: text = u'green'
247.1049 	EXP 	hint: autoDraw = True
247.5641 	EXP 	stimuli: autoDraw = True
248.4308 	DATA 	Keypress: down
248.4355 	EXP 	New trial (rep=2, index=29): OrderedDict([('word', u'blue'), ('color', u'blue'), ('congruent', 1), ('corrAns', u'right')])
248.4764 	EXP 	stimuli: autoDraw = False
248.4764 	EXP 	hint: autoDraw = False
248.4764 	EXP 	stimuli: color = u'blue (named)'
248.4764 	EXP 	stimuli: text = u'blue'
248.4764 	EXP 	hint: autoDraw = True
248.9649 	EXP 	stimuli: autoDraw = True
250.4648 	DATA 	Keypress: right
250.4695 	EXP 	New trial (rep=2, index=30): OrderedDict([('word', u'red'), ('color', u'green'), ('congruent', 0), ('corrAns', u'down')])
250.5086 	EXP 	stimuli: autoDraw = False
250.5086 	EXP 	hint: autoDraw = False
250.5086 	EXP 	stimuli: color = u'green (named)'
250.5086 	EXP 	stimuli: text = u'red'
250.5086 	EXP 	hint: autoDraw = True
250.9984 	EXP 	stimuli: autoDraw = True
251.6318 	DATA 	Keypress: down
251.6384 	EXP 	New trial (rep=2, index=31): OrderedDict([('word', u'green'), ('color', u'green'), ('congruent', 1), ('corrAns', u'down')])
251.7068 	EXP 	stimuli: autoDraw = False
251.7068 	EXP 	hint: autoDraw = False
251.7068 	EXP 	stimuli: color = u'green (named)'
251.7068 	EXP 	stimuli: text = u'green'
251.7068 	EXP 	hint: autoDraw = True
252.1658 	EXP 	stimuli: autoDraw = True
252.7822 	DATA 	Keypress: down
252.7869 	EXP 	New trial (rep=2, index=32): OrderedDict([('word', u'red'), ('color', u'red'), ('congruent', 1), ('corrAns', u'left')])
252.8408 	EXP 	stimuli: autoDraw = False
252.8408 	EXP 	hint: autoDraw = False
252.8408 	EXP 	stimuli: color = u'red (named)'
252.8408 	EXP 	stimuli: text = u'red'
252.8408 	EXP 	hint: autoDraw = True
253.3157 	EXP 	stimuli: autoDraw = True
254.5828 	DATA 	Keypress: left
254.5891 	EXP 	New trial (rep=2, index=33): OrderedDict([('word', u'green'), ('color', u'red'), ('congruent', 0), ('corrAns', u'left')])
254.6370 	EXP 	stimuli: autoDraw = False
254.6370 	EXP 	hint: autoDraw = False
254.6370 	EXP 	stimuli: color = u'red (named)'
254.6370 	EXP 	stimuli: text = u'green'
254.6370 	EXP 	hint: autoDraw = True
255.1162 	EXP 	stimuli: autoDraw = True
255.5999 	DATA 	Keypress: left
255.6052 	EXP 	New trial (rep=2, index=34): OrderedDict([('word', u'green'), ('color', u'green'), ('congruent', 1), ('corrAns', u'down')])
255.6192 	EXP 	stimuli: autoDraw = False
255.6192 	EXP 	hint: autoDraw = False
255.6192 	EXP 	stimuli: color = u'green (named)'
255.6192 	EXP 	stimuli: text = u'green'
255.6192 	EXP 	hint: autoDraw = True
256.1326 	EXP 	stimuli: autoDraw = True
256.8336 	DATA 	Keypress: down
256.8390 	EXP 	New trial (rep=2, index=35): OrderedDict([('word', u'green'), ('color', u'blue'), ('congruent', 0), ('corrAns', u'right')])
256.8528 	EXP 	stimuli: autoDraw = False
256.8528 	EXP 	hint: autoDraw = False
256.8528 	EXP 	stimuli: color = u'blue (named)'
256.8528 	EXP 	stimuli: text = u'green'
256.8528 	EXP 	hint: autoDraw = True
257.3658 	EXP 	stimuli: autoDraw = True
258.1672 	DATA 	Keypress: right
258.1718 	EXP 	New trial (rep=2, index=36): OrderedDict([('word', u'green'), ('color', u'green'), ('congruent', 1), ('corrAns', u'down')])
258.1855 	EXP 	stimuli: autoDraw = False
258.1855 	EXP 	hint: autoDraw = False
258.1855 	EXP 	stimuli: color = u'green (named)'
258.1855 	EXP 	stimuli: text = u'green'
258.1855 	EXP 	hint: autoDraw = True
258.6995 	EXP 	stimuli: autoDraw = True
259.5509 	DATA 	Keypress: down
259.5556 	EXP 	New trial (rep=2, index=37): OrderedDict([('word', u'green'), ('color', u'green'), ('congruent', 1), ('corrAns', u'down')])
259.5698 	EXP 	stimuli: autoDraw = False
259.5698 	EXP 	hint: autoDraw = False
259.5698 	EXP 	stimuli: color = u'green (named)'
259.5698 	EXP 	stimuli: text = u'green'
259.5698 	EXP 	hint: autoDraw = True
260.0833 	EXP 	stimuli: autoDraw = True
260.5180 	DATA 	Keypress: down
260.5384 	EXP 	New trial (rep=2, index=38): OrderedDict([('word', u'red'), ('color', u'red'), ('congruent', 1), ('corrAns', u'left')])
260.5913 	EXP 	stimuli: autoDraw = False
260.5913 	EXP 	hint: autoDraw = False
260.5913 	EXP 	stimuli: color = u'red (named)'
260.5913 	EXP 	stimuli: text = u'red'
260.5913 	EXP 	hint: autoDraw = True
261.0676 	EXP 	stimuli: autoDraw = True
262.2186 	DATA 	Keypress: left
262.2232 	EXP 	New trial (rep=2, index=39): OrderedDict([('word', u'green'), ('color', u'green'), ('congruent', 1), ('corrAns', u'down')])
262.2668 	EXP 	stimuli: autoDraw = False
262.2668 	EXP 	hint: autoDraw = False
262.2668 	EXP 	stimuli: color = u'green (named)'
262.2668 	EXP 	stimuli: text = u'green'
262.2668 	EXP 	hint: autoDraw = True
262.7514 	EXP 	stimuli: autoDraw = True
263.6894 	DATA 	Keypress: down
263.7060 	EXP 	New trial (rep=2, index=40): OrderedDict([('word', u'blue'), ('color', u'blue'), ('congruent', 1), ('corrAns', u'right')])
263.7469 	EXP 	stimuli: autoDraw = False
263.7469 	EXP 	hint: autoDraw = False
263.7469 	EXP 	stimuli: color = u'blue (named)'
263.7469 	EXP 	stimuli: text = u'blue'
263.7469 	EXP 	hint: autoDraw = True
264.2350 	EXP 	stimuli: autoDraw = True
264.8238 	DATA 	Keypress: right
264.8404 	EXP 	New trial (rep=2, index=41): OrderedDict([('word', u'blue'), ('color', u'red'), ('congruent', 0), ('corrAns', u'left')])
264.8541 	EXP 	stimuli: autoDraw = False
264.8541 	EXP 	hint: autoDraw = False
264.8541 	EXP 	stimuli: color = u'red (named)'
264.8541 	EXP 	stimuli: text = u'blue'
264.8541 	EXP 	hint: autoDraw = True
265.3683 	EXP 	stimuli: autoDraw = True
266.3697 	DATA 	Keypress: right
266.3744 	EXP 	New trial (rep=2, index=42): OrderedDict([('word', u'green'), ('color', u'green'), ('congruent', 1), ('corrAns', u'down')])
266.4126 	EXP 	stimuli: autoDraw = False
266.4126 	EXP 	hint: autoDraw = False
266.4126 	EXP 	stimuli: color = u'green (named)'
266.4126 	EXP 	stimuli: text = u'green'
266.4126 	EXP 	hint: autoDraw = True
266.9036 	EXP 	stimuli: autoDraw = True
267.8869 	DATA 	Keypress: down
267.8915 	EXP 	New trial (rep=2, index=43): OrderedDict([('word', u'red'), ('color', u'red'), ('congruent', 1), ('corrAns', u'left')])
267.9458 	EXP 	stimuli: autoDraw = False
267.9458 	EXP 	hint: autoDraw = False
267.9458 	EXP 	stimuli: color = u'red (named)'
267.9458 	EXP 	stimuli: text = u'red'
267.9458 	EXP 	hint: autoDraw = True
268.4207 	EXP 	stimuli: autoDraw = True
269.2245 	DATA 	Keypress: left
269.2412 	EXP 	New trial (rep=2, index=44): OrderedDict([('word', u'blue'), ('color', u'blue'), ('congruent', 1), ('corrAns', u'right')])
269.2882 	EXP 	stimuli: autoDraw = False
269.2882 	EXP 	hint: autoDraw = False
269.2882 	EXP 	stimuli: color = u'blue (named)'
269.2882 	EXP 	stimuli: text = u'blue'
269.2882 	EXP 	hint: autoDraw = True
269.7711 	EXP 	stimuli: autoDraw = True
270.8255 	DATA 	Keypress: right
270.8419 	EXP 	New trial (rep=3, index=0): OrderedDict([('word', u'red'), ('color', u'red'), ('congruent', 1), ('corrAns', u'left')])
270.8931 	EXP 	stimuli: autoDraw = False
270.8931 	EXP 	hint: autoDraw = False
270.8931 	EXP 	stimuli: color = u'red (named)'
270.8931 	EXP 	stimuli: text = u'red'
270.8931 	EXP 	hint: autoDraw = True
271.3717 	EXP 	stimuli: autoDraw = True
271.9424 	DATA 	Keypress: left
271.9593 	EXP 	New trial (rep=3, index=1): OrderedDict([('word', u'green'), ('color', u'green'), ('congruent', 1), ('corrAns', u'down')])
272.0311 	EXP 	stimuli: autoDraw = False
272.0311 	EXP 	hint: autoDraw = False
272.0311 	EXP 	stimuli: color = u'green (named)'
272.0311 	EXP 	stimuli: text = u'green'
272.0311 	EXP 	hint: autoDraw = True
272.4893 	EXP 	stimuli: autoDraw = True
273.0717 	DATA 	Keypress: down
273.0764 	EXP 	New trial (rep=3, index=2): OrderedDict([('word', u'blue'), ('color', u'blue'), ('congruent', 1), ('corrAns', u'right')])
273.1249 	EXP 	stimuli: autoDraw = False
273.1249 	EXP 	hint: autoDraw = False
273.1249 	EXP 	stimuli: color = u'blue (named)'
273.1249 	EXP 	stimuli: text = u'blue'
273.1249 	EXP 	hint: autoDraw = True
273.6057 	EXP 	stimuli: autoDraw = True
274.1054 	DATA 	Keypress: right
274.1108 	EXP 	New trial (rep=3, index=3): OrderedDict([('word', u'blue'), ('color', u'blue'), ('congruent', 1), ('corrAns', u'right')])
274.1244 	EXP 	stimuli: autoDraw = False
274.1244 	EXP 	hint: autoDraw = False
274.1244 	EXP 	stimuli: color = u'blue (named)'
274.1244 	EXP 	stimuli: text = u'blue'
274.1244 	EXP 	hint: autoDraw = True
274.6379 	EXP 	stimuli: autoDraw = True
275.1224 	DATA 	Keypress: right
275.1279 	EXP 	New trial (rep=3, index=4): OrderedDict([('word', u'green'), ('color', u'green'), ('congruent', 1), ('corrAns', u'down')])
275.1948 	EXP 	stimuli: autoDraw = False
275.1948 	EXP 	hint: autoDraw = False
275.1948 	EXP 	stimuli: color = u'green (named)'
275.1948 	EXP 	stimuli: text = u'green'
275.1948 	EXP 	hint: autoDraw = True
275.6571 	EXP 	stimuli: autoDraw = True
276.2228 	DATA 	Keypress: down
276.2275 	EXP 	New trial (rep=3, index=5): OrderedDict([('word', u'blue'), ('color', u'red'), ('congruent', 0), ('corrAns', u'left')])
276.2867 	EXP 	stimuli: autoDraw = False
276.2867 	EXP 	hint: autoDraw = False
276.2867 	EXP 	stimuli: color = u'red (named)'
276.2867 	EXP 	stimuli: text = u'blue'
276.2867 	EXP 	hint: autoDraw = True
276.7557 	EXP 	stimuli: autoDraw = True
277.4894 	DATA 	Keypress: left
277.4921 	EXP 	New trial (rep=3, index=6): OrderedDict([('word', u'red'), ('color', u'red'), ('congruent', 1), ('corrAns', u'left')])
277.5280 	EXP 	stimuli: autoDraw = False
277.5280 	EXP 	hint: autoDraw = False
277.5280 	EXP 	stimuli: color = u'red (named)'
277.5280 	EXP 	stimuli: text = u'red'
277.5280 	EXP 	hint: autoDraw = True
278.0238 	EXP 	stimuli: autoDraw = True
278.4901 	DATA 	Keypress: left
278.4949 	EXP 	New trial (rep=3, index=7): OrderedDict([('word', u'blue'), ('color', u'blue'), ('congruent', 1), ('corrAns', u'right')])
278.5360 	EXP 	stimuli: autoDraw = False
278.5360 	EXP 	hint: autoDraw = False
278.5360 	EXP 	stimuli: color = u'blue (named)'
278.5360 	EXP 	stimuli: text = u'blue'
278.5360 	EXP 	hint: autoDraw = True
279.0241 	EXP 	stimuli: autoDraw = True
279.7572 	DATA 	Keypress: right
279.7619 	EXP 	New trial (rep=3, index=8): OrderedDict([('word', u'red'), ('color', u'red'), ('congruent', 1), ('corrAns', u'left')])
279.7960 	EXP 	stimuli: autoDraw = False
279.7960 	EXP 	hint: autoDraw = False
279.7960 	EXP 	stimuli: color = u'red (named)'
279.7960 	EXP 	stimuli: text = u'red'
279.7960 	EXP 	hint: autoDraw = True
280.2922 	EXP 	stimuli: autoDraw = True
280.7410 	DATA 	Keypress: left
280.7457 	EXP 	New trial (rep=3, index=9): OrderedDict([('word', u'blue'), ('color', u'blue'), ('congruent', 1), ('corrAns', u'right')])
280.8003 	EXP 	stimuli: autoDraw = False
280.8003 	EXP 	hint: autoDraw = False
280.8003 	EXP 	stimuli: color = u'blue (named)'
280.8003 	EXP 	stimuli: text = u'blue'
280.8003 	EXP 	hint: autoDraw = True
281.2756 	EXP 	stimuli: autoDraw = True
281.8579 	DATA 	Keypress: right
281.8625 	EXP 	New trial (rep=3, index=10): OrderedDict([('word', u'red'), ('color', u'red'), ('congruent', 1), ('corrAns', u'left')])
281.9111 	EXP 	stimuli: autoDraw = False
281.9111 	EXP 	hint: autoDraw = False
281.9111 	EXP 	stimuli: color = u'red (named)'
281.9111 	EXP 	stimuli: text = u'red'
281.9111 	EXP 	hint: autoDraw = True
282.3918 	EXP 	stimuli: autoDraw = True
282.8415 	DATA 	Keypress: left
282.8462 	EXP 	New trial (rep=3, index=11): OrderedDict([('word', u'green'), ('color', u'green'), ('congruent', 1), ('corrAns', u'down')])
282.9012 	EXP 	stimuli: autoDraw = False
282.9012 	EXP 	hint: autoDraw = False
282.9012 	EXP 	stimuli: color = u'green (named)'
282.9012 	EXP 	stimuli: text = u'green'
282.9012 	EXP 	hint: autoDraw = True
283.3754 	EXP 	stimuli: autoDraw = True
283.8917 	DATA 	Keypress: down
283.8964 	EXP 	New trial (rep=3, index=12): OrderedDict([('word', u'green'), ('color', u'green'), ('congruent', 1), ('corrAns', u'down')])
283.9101 	EXP 	stimuli: autoDraw = False
283.9101 	EXP 	hint: autoDraw = False
283.9101 	EXP 	stimuli: color = u'green (named)'
283.9101 	EXP 	stimuli: text = u'green'
283.9101 	EXP 	hint: autoDraw = True
284.4242 	EXP 	stimuli: autoDraw = True
284.8755 	DATA 	Keypress: down
284.8804 	EXP 	New trial (rep=3, index=13): OrderedDict([('word', u'blue'), ('color', u'blue'), ('congruent', 1), ('corrAns', u'right')])
284.9215 	EXP 	stimuli: autoDraw = False
284.9215 	EXP 	hint: autoDraw = False
284.9215 	EXP 	stimuli: color = u'blue (named)'
284.9215 	EXP 	stimuli: text = u'blue'
284.9215 	EXP 	hint: autoDraw = True
285.4096 	EXP 	stimuli: autoDraw = True
285.9925 	DATA 	Keypress: right
285.9994 	EXP 	New trial (rep=3, index=14): OrderedDict([('word', u'red'), ('color', u'red'), ('congruent', 1), ('corrAns', u'left')])
286.0384 	EXP 	stimuli: autoDraw = False
286.0384 	EXP 	hint: autoDraw = False
286.0384 	EXP 	stimuli: color = u'red (named)'
286.0384 	EXP 	stimuli: text = u'red'
286.0384 	EXP 	hint: autoDraw = True
286.5296 	EXP 	stimuli: autoDraw = True
287.0472 	DATA 	Keypress: left
287.0637 	EXP 	New trial (rep=3, index=15): OrderedDict([('word', u'blue'), ('color', u'blue'), ('congruent', 1), ('corrAns', u'right')])
287.1053 	EXP 	stimuli: autoDraw = False
287.1053 	EXP 	hint: autoDraw = False
287.1053 	EXP 	stimuli: color = u'blue (named)'
287.1053 	EXP 	stimuli: text = u'blue'
287.1053 	EXP 	hint: autoDraw = True
287.5934 	EXP 	stimuli: autoDraw = True
288.1930 	DATA 	Keypress: right
288.1977 	EXP 	New trial (rep=3, index=16): OrderedDict([('word', u'green'), ('color', u'blue'), ('congruent', 0), ('corrAns', u'right')])
288.2474 	EXP 	stimuli: autoDraw = False
288.2474 	EXP 	hint: autoDraw = False
288.2474 	EXP 	stimuli: color = u'blue (named)'
288.2474 	EXP 	stimuli: text = u'green'
288.2474 	EXP 	hint: autoDraw = True
288.7272 	EXP 	stimuli: autoDraw = True
289.3268 	DATA 	Keypress: left
289.3314 	EXP 	New trial (rep=3, index=17): OrderedDict([('word', u'red'), ('color', u'red'), ('congruent', 1), ('corrAns', u'left')])
289.3681 	EXP 	stimuli: autoDraw = False
289.3681 	EXP 	hint: autoDraw = False
289.3681 	EXP 	stimuli: color = u'red (named)'
289.3681 	EXP 	stimuli: text = u'red'
289.3681 	EXP 	hint: autoDraw = True
289.8608 	EXP 	stimuli: autoDraw = True
290.5773 	DATA 	Keypress: left
290.5820 	EXP 	New trial (rep=3, index=18): OrderedDict([('word', u'blue'), ('color', u'blue'), ('congruent', 1), ('corrAns', u'right')])
290.6403 	EXP 	stimuli: autoDraw = False
290.6403 	EXP 	hint: autoDraw = False
290.6403 	EXP 	stimuli: color = u'blue (named)'
290.6403 	EXP 	stimuli: text = u'blue'
290.6403 	EXP 	hint: autoDraw = True
291.1112 	EXP 	stimuli: autoDraw = True
291.7446 	DATA 	Keypress: right
291.7494 	EXP 	New trial (rep=3, index=19): OrderedDict([('word', u'blue'), ('color', u'blue'), ('congruent', 1), ('corrAns', u'right')])
291.7631 	EXP 	stimuli: autoDraw = False
291.7631 	EXP 	hint: autoDraw = False
291.7631 	EXP 	stimuli: color = u'blue (named)'
291.7631 	EXP 	stimuli: text = u'blue'
291.7631 	EXP 	hint: autoDraw = True
292.2766 	EXP 	stimuli: autoDraw = True
292.9282 	DATA 	Keypress: right
292.9334 	EXP 	New trial (rep=3, index=20): OrderedDict([('word', u'green'), ('color', u'green'), ('congruent', 1), ('corrAns', u'down')])
293.0022 	EXP 	stimuli: autoDraw = False
293.0022 	EXP 	hint: autoDraw = False
293.0022 	EXP 	stimuli: color = u'green (named)'
293.0022 	EXP 	stimuli: text = u'green'
293.0022 	EXP 	hint: autoDraw = True
293.4624 	EXP 	stimuli: autoDraw = True
294.1116 	DATA 	Keypress: down
294.1162 	EXP 	New trial (rep=3, index=21): OrderedDict([('word', u'red'), ('color', u'red'), ('congruent', 1), ('corrAns', u'left')])
294.1703 	EXP 	stimuli: autoDraw = False
294.1703 	EXP 	hint: autoDraw = False
294.1703 	EXP 	stimuli: color = u'red (named)'
294.1703 	EXP 	stimuli: text = u'red'
294.1703 	EXP 	hint: autoDraw = True
294.6460 	EXP 	stimuli: autoDraw = True
295.4957 	DATA 	Keypress: left
295.5004 	EXP 	New trial (rep=3, index=22): OrderedDict([('word', u'red'), ('color', u'red'), ('congruent', 1), ('corrAns', u'left')])
295.5142 	EXP 	stimuli: autoDraw = False
295.5142 	EXP 	hint: autoDraw = False
295.5142 	EXP 	stimuli: color = u'red (named)'
295.5142 	EXP 	stimuli: text = u'red'
295.5142 	EXP 	hint: autoDraw = True
296.0276 	EXP 	stimuli: autoDraw = True
296.5456 	DATA 	Keypress: left
296.5503 	EXP 	New trial (rep=3, index=23): OrderedDict([('word', u'blue'), ('color', u'green'), ('congruent', 0), ('corrAns', u'down')])
296.5918 	EXP 	stimuli: autoDraw = False
296.5918 	EXP 	hint: autoDraw = False
296.5918 	EXP 	stimuli: color = u'green (named)'
296.5918 	EXP 	stimuli: text = u'blue'
296.5918 	EXP 	hint: autoDraw = True
297.0786 	EXP 	stimuli: autoDraw = True
298.2009 	DATA 	Keypress: down
298.2184 	EXP 	New trial (rep=3, index=24): OrderedDict([('word', u'green'), ('color', u'blue'), ('congruent', 0), ('corrAns', u'right')])
298.2555 	EXP 	stimuli: autoDraw = False
298.2555 	EXP 	hint: autoDraw = False
298.2555 	EXP 	stimuli: color = u'blue (named)'
298.2555 	EXP 	stimuli: text = u'green'
298.2555 	EXP 	hint: autoDraw = True
298.7471 	EXP 	stimuli: autoDraw = True
299.5503 	DATA 	Keypress: right
299.5671 	EXP 	New trial (rep=3, index=25): OrderedDict([('word', u'green'), ('color', u'green'), ('congruent', 1), ('corrAns', u'down')])
299.5808 	EXP 	stimuli: autoDraw = False
299.5808 	EXP 	hint: autoDraw = False
299.5808 	EXP 	stimuli: color = u'green (named)'
299.5808 	EXP 	stimuli: text = u'green'
299.5808 	EXP 	hint: autoDraw = True
300.0956 	EXP 	stimuli: autoDraw = True
300.7303 	DATA 	Keypress: down
300.7350 	EXP 	New trial (rep=3, index=26): OrderedDict([('word', u'red'), ('color', u'green'), ('congruent', 0), ('corrAns', u'down')])
300.7881 	EXP 	stimuli: autoDraw = False
300.7881 	EXP 	hint: autoDraw = False
300.7881 	EXP 	stimuli: color = u'green (named)'
300.7881 	EXP 	stimuli: text = u'red'
300.7881 	EXP 	hint: autoDraw = True
301.2645 	EXP 	stimuli: autoDraw = True
301.9180 	DATA 	Keypress: down
301.9346 	EXP 	New trial (rep=3, index=27): OrderedDict([('word', u'green'), ('color', u'green'), ('congruent', 1), ('corrAns', u'down')])
302.0047 	EXP 	stimuli: autoDraw = False
302.0047 	EXP 	hint: autoDraw = False
302.0047 	EXP 	stimuli: color = u'green (named)'
302.0047 	EXP 	stimuli: text = u'green'
302.0047 	EXP 	hint: autoDraw = True
302.4648 	EXP 	stimuli: autoDraw = True
302.9645 	DATA 	Keypress: down
302.9692 	EXP 	New trial (rep=3, index=28): OrderedDict([('word', u'red'), ('color', u'blue'), ('congruent', 0), ('corrAns', u'right')])
303.0062 	EXP 	stimuli: autoDraw = False
303.0062 	EXP 	hint: autoDraw = False
303.0062 	EXP 	stimuli: color = u'blue (named)'
303.0062 	EXP 	stimuli: text = u'red'
303.0062 	EXP 	hint: autoDraw = True
303.4984 	EXP 	stimuli: autoDraw = True
304.4149 	DATA 	Keypress: right
304.4200 	EXP 	New trial (rep=3, index=29): OrderedDict([('word', u'green'), ('color', u'green'), ('congruent', 1), ('corrAns', u'down')])
304.4663 	EXP 	stimuli: autoDraw = False
304.4663 	EXP 	hint: autoDraw = False
304.4663 	EXP 	stimuli: color = u'green (named)'
304.4663 	EXP 	stimuli: text = u'green'
304.4663 	EXP 	hint: autoDraw = True
304.9494 	EXP 	stimuli: autoDraw = True
305.6152 	DATA 	Keypress: down
305.6205 	EXP 	New trial (rep=3, index=30): OrderedDict([('word', u'blue'), ('color', u'red'), ('congruent', 0), ('corrAns', u'left')])
305.6800 	EXP 	stimuli: autoDraw = False
305.6800 	EXP 	hint: autoDraw = False
305.6800 	EXP 	stimuli: color = u'red (named)'
305.6800 	EXP 	stimuli: text = u'blue'
305.6800 	EXP 	hint: autoDraw = True
306.1499 	EXP 	stimuli: autoDraw = True
307.6661 	DATA 	Keypress: left
307.6707 	EXP 	New trial (rep=3, index=31): OrderedDict([('word', u'red'), ('color', u'red'), ('congruent', 1), ('corrAns', u'left')])
307.7104 	EXP 	stimuli: autoDraw = False
307.7104 	EXP 	hint: autoDraw = False
307.7104 	EXP 	stimuli: color = u'red (named)'
307.7104 	EXP 	stimuli: text = u'red'
307.7104 	EXP 	hint: autoDraw = True
308.2000 	EXP 	stimuli: autoDraw = True
308.7995 	DATA 	Keypress: left
308.8041 	EXP 	New trial (rep=3, index=32): OrderedDict([('word', u'blue'), ('color', u'blue'), ('congruent', 1), ('corrAns', u'right')])
308.8517 	EXP 	stimuli: autoDraw = False
308.8517 	EXP 	hint: autoDraw = False
308.8517 	EXP 	stimuli: color = u'blue (named)'
308.8517 	EXP 	stimuli: text = u'blue'
308.8517 	EXP 	hint: autoDraw = True
309.3335 	EXP 	stimuli: autoDraw = True
311.2875 	DATA 	Keypress: right
311.3041 	EXP 	New trial (rep=3, index=33): OrderedDict([('word', u'green'), ('color', u'green'), ('congruent', 1), ('corrAns', u'down')])
311.3748 	EXP 	stimuli: autoDraw = False
311.3748 	EXP 	hint: autoDraw = False
311.3748 	EXP 	stimuli: color = u'green (named)'
311.3748 	EXP 	stimuli: text = u'green'
311.3748 	EXP 	hint: autoDraw = True
311.8344 	EXP 	stimuli: autoDraw = True
312.3505 	DATA 	Keypress: down
312.3560 	EXP 	New trial (rep=3, index=34): OrderedDict([('word', u'green'), ('color', u'green'), ('congruent', 1), ('corrAns', u'down')])
312.3696 	EXP 	stimuli: autoDraw = False
312.3696 	EXP 	hint: autoDraw = False
312.3696 	EXP 	stimuli: color = u'green (named)'
312.3696 	EXP 	stimuli: text = u'green'
312.3696 	EXP 	hint: autoDraw = True
312.8830 	EXP 	stimuli: autoDraw = True
313.3848 	DATA 	Keypress: down
313.3894 	EXP 	New trial (rep=3, index=35): OrderedDict([('word', u'green'), ('color', u'red'), ('congruent', 0), ('corrAns', u'left')])
313.4031 	EXP 	stimuli: autoDraw = False
313.4031 	EXP 	hint: autoDraw = False
313.4031 	EXP 	stimuli: color = u'red (named)'
313.4031 	EXP 	stimuli: text = u'green'
313.4031 	EXP 	hint: autoDraw = True
313.9166 	EXP 	stimuli: autoDraw = True
314.5846 	DATA 	Keypress: left
314.5916 	EXP 	New trial (rep=3, index=36): OrderedDict([('word', u'green'), ('color', u'green'), ('congruent', 1), ('corrAns', u'down')])
314.6054 	EXP 	stimuli: autoDraw = False
314.6054 	EXP 	hint: autoDraw = False
314.6054 	EXP 	stimuli: color = u'green (named)'
314.6054 	EXP 	stimuli: text = u'green'
314.6054 	EXP 	hint: autoDraw = True
315.1171 	EXP 	stimuli: autoDraw = True
315.6190 	DATA 	Keypress: down
315.6237 	EXP 	New trial (rep=3, index=37): OrderedDict([('word', u'blue'), ('color', u'blue'), ('congruent', 1), ('corrAns', u'right')])
315.6755 	EXP 	stimuli: autoDraw = False
315.6755 	EXP 	hint: autoDraw = False
315.6755 	EXP 	stimuli: color = u'blue (named)'
315.6755 	EXP 	stimuli: text = u'blue'
315.6755 	EXP 	hint: autoDraw = True
316.1519 	EXP 	stimuli: autoDraw = True
316.7186 	DATA 	Keypress: right
316.7233 	EXP 	New trial (rep=3, index=38): OrderedDict([('word', u'blue'), ('color', u'blue'), ('congruent', 1), ('corrAns', u'right')])
316.7370 	EXP 	stimuli: autoDraw = False
316.7370 	EXP 	hint: autoDraw = False
316.7370 	EXP 	stimuli: color = u'blue (named)'
316.7370 	EXP 	stimuli: text = u'blue'
316.7370 	EXP 	hint: autoDraw = True
317.2510 	EXP 	stimuli: autoDraw = True
317.6358 	DATA 	Keypress: right
317.6405 	EXP 	New trial (rep=3, index=39): OrderedDict([('word', u'red'), ('color', u'green'), ('congruent', 0), ('corrAns', u'down')])
317.6780 	EXP 	stimuli: autoDraw = False
317.6780 	EXP 	hint: autoDraw = False
317.6780 	EXP 	stimuli: color = u'green (named)'
317.6780 	EXP 	stimuli: text = u'red'
317.6780 	EXP 	hint: autoDraw = True
318.1697 	EXP 	stimuli: autoDraw = True
319.2860 	DATA 	Keypress: down
319.2907 	EXP 	New trial (rep=3, index=40): OrderedDict([('word', u'red'), ('color', u'red'), ('congruent', 1), ('corrAns', u'left')])
319.3049 	EXP 	stimuli: autoDraw = False
319.3049 	EXP 	hint: autoDraw = False
319.3049 	EXP 	stimuli: color = u'red (named)'
319.3049 	EXP 	stimuli: text = u'red'
319.3049 	EXP 	hint: autoDraw = True
319.8184 	EXP 	stimuli: autoDraw = True
320.3865 	DATA 	Keypress: left
320.3912 	EXP 	New trial (rep=3, index=41): OrderedDict([('word', u'green'), ('color', u'green'), ('congruent', 1), ('corrAns', u'down')])
320.4372 	EXP 	stimuli: autoDraw = False
320.4372 	EXP 	hint: autoDraw = False
320.4372 	EXP 	stimuli: color = u'green (named)'
320.4372 	EXP 	stimuli: text = u'green'
320.4372 	EXP 	hint: autoDraw = True
320.9205 	EXP 	stimuli: autoDraw = True
321.6406 	DATA 	Keypress: down
321.6573 	EXP 	New trial (rep=3, index=42): OrderedDict([('word', u'red'), ('color', u'red'), ('congruent', 1), ('corrAns', u'left')])
321.7153 	EXP 	stimuli: autoDraw = False
321.7153 	EXP 	hint: autoDraw = False
321.7153 	EXP 	stimuli: color = u'red (named)'
321.7153 	EXP 	stimuli: text = u'red'
321.7153 	EXP 	hint: autoDraw = True
322.1876 	EXP 	stimuli: autoDraw = True
322.7371 	DATA 	Keypress: left
322.7417 	EXP 	New trial (rep=3, index=43): OrderedDict([('word', u'red'), ('color', u'red'), ('congruent', 1), ('corrAns', u'left')])
322.7559 	EXP 	stimuli: autoDraw = False
322.7559 	EXP 	hint: autoDraw = False
322.7559 	EXP 	stimuli: color = u'red (named)'
322.7559 	EXP 	stimuli: text = u'red'
322.7559 	EXP 	hint: autoDraw = True
323.2694 	EXP 	stimuli: autoDraw = True
323.6877 	DATA 	Keypress: left
323.6923 	EXP 	New trial (rep=3, index=44): OrderedDict([('word', u'blue'), ('color', u'blue'), ('congruent', 1), ('corrAns', u'right')])
323.7322 	EXP 	stimuli: autoDraw = False
323.7322 	EXP 	hint: autoDraw = False
323.7322 	EXP 	stimuli: color = u'blue (named)'
323.7322 	EXP 	stimuli: text = u'blue'
323.7322 	EXP 	hint: autoDraw = True
324.2217 	EXP 	stimuli: autoDraw = True
324.9211 	DATA 	Keypress: right
325.1461 	EXP 	stimuli: autoDraw = False
325.1461 	EXP 	hint: autoDraw = False
325.1461 	EXP 	text_2: autoDraw = True
326.4384 	DATA 	Keypress: space
327.5091 	EXP 	window1: mouseVisible = True
